14.00 3320 80 30 0 0.00 0.00 0 0 0 5.00 0.00 0.50
204.00 3330 76 30 0 0.00 0.00 0 0 0 5.00 0.00 0.50
205.00 82 3187 30 0 0.00 0.00 0 0 0 5.00 0.00 0.50
196.00 167 159 30 0 0.00 0.00 0 0 0 5.00 0.00 0.50
24.00 166 150 30 0 0.00 0.00 0 0 0 5.00 0.00 0.50
23.00 319 163 30 0 0.00 0.00 0 0 0 5.00 0.00 0.50
32.00 171 190 30 0 0.00 0.00 0 0 0 5.00 0.00 0.50
26.00 157 243 30 0 0.00 0.00 0 0 0 5.00 0.00 0.50
28.00 842 152 30 0 0.00 0.00 0 0 0 5.00 0.00 0.50
62.00 148 167 30 0 0.00 0.00 0 0 0 5.00 0.00 0.50
24.00 147 168 30 0 0.00 0.00 0 0 0 5.00 0.00 0.50
22.00 3316 3224 30 0 0.00 0.00 0 0 0 5.00 0.00 0.50
389.00 74 6 30 0 0.00 0.00 0 0 0 5.00 0.00 0.50
8.00 3322 213 30 0 0.00 0.00 0 0 0 5.00 0.00 0.50
213.00 779 3193 30 0 0.00 0.00 0 0 0 5.00 0.00 0.50
238.00 109 6 30 0 0.00 0.00 0 0 0 5.00 0.00 0.50
11.00 83 3190 30 0 0.00 0.00 0 0 0 5.00 0.00 0.50
197.00 99 79 30 0 0.00 0.00 0 0 0 5.00 0.00 0.50
14.00 90 114 30 0 0.00 0.00 0 0 0 5.00 0.00 0.50
17.00 80 114 30 0 0.00 0.00 0 0 0 5.00 0.00 0.50
15.00 83 84 30 0 0.00 0.00 0 0 0 5.00 0.00 0.50
14.00 80 104 30 0 0.00 0.00 0 0 0 5.00 0.00 0.50
16.00 81 81 30 0 0.00 0.00 0 0 0 5.00 0.00 0.50
13.00 72 64 30 0 0.00 0.00 0 0 0 5.00 0.00 0.50
12.00 72 63 30 0 0.00 0.00 0 0 0 5.00 0.00 0.50
13.00 81 64 30 0 0.00 0.00 0 0 0 5.00 0.00 0.50
12.00 81 64 30 0 0.00 0.00 0 0 0 5.00 0.00 0.50
13.00 77 67 30 0 0.00 0.00 0 0 0 5.00 0.00 0.50
12.00 70 81 30 0 0.00 0.00 0 0 0 5.00 0.00 0.50
14.00 67 66 30 0 0.00 0.00 0 0 0 5.00 0.00 0.50
12.00 67 83 30 0 0.00 0.00 0 0 0 5.00 0.00 0.50
13.00 68 67 30 0 0.00 0.00 0 0 0 5.00 0.00 0.50
13.00 77 65 30 0 0.00 0.00 0 0 0 5.00 0.00 0.50
12.00 68 65 30 0 0.00 0.00 0 0 0 5.00 0.00 0.50
11.00 68 65 30 0 0.00 0.00 0 0 0 5.00 0.00 0.50
12.00 67 73 30 0 0.00 0.00 0 0 0 5.00 0.00 0.50
13.00 70 65 30 0 0.00 0.00 0 0 0 5.00 0.00 0.50
12.00 68 65 30 0 0.00 0.00 0 0 0 5.00 0.00 0.50
12.00 69 67 30 0 0.00 0.00 0 0 0 5.00 0.00 0.50
13.00 66 69 30 0 0.00 0.00 0 0 0 5.00 0.00 0.50
12.00 69 68 30 0 0.00 0.00 0 0 0 5.00 0.00 0.50
12.00 69 67 30 0 0.00 0.00 0 0 0 5.00 0.00 0.50
12.00 68 68 30 0 0.00 0.00 0 0 0 5.00 0.00 0.50
14.00 70 68 30 0 0.00 0.00 0 0 0 5.00 0.00 0.50
12.00 70 69 30 0 0.00 0.00 0 0 0 5.00 0.00 0.50
12.00 65 69 30 0 0.00 0.00 0 0 0 5.00 0.00 0.50
14.00 65 70 30 0 0.00 0.00 0 0 0 5.00 0.00 0.50
12.00 69 68 30 0 0.00 0.00 0 0 0 5.00 0.00 0.50
13.00 66 69 30 0 0.00 0.00 0 0 0 5.00 0.00 0.50
13.00 75 69 30 0 0.00 0.00 0 0 0 5.00 0.00 0.50
13.00 63 70 30 0 0.00 0.00 0 0 0 5.00 0.00 0.50
12.00 81 71 30 0 0.00 0.00 0 0 0 5.00 0.00 0.50
13.00 70 70 30 0 0.00 0.00 0 0 0 5.00 0.00 0.50
13.00 63 70 30 0 0.00 0.00 0 0 0 5.00 0.00 0.50
12.00 73 61 30 0 0.00 0.00 0 0 0 5.00 0.00 0.50
13.00 73 74 30 0 0.00 0.00 0 0 0 5.00 0.00 0.50
13.00 70 60 30 0 0.00 0.00 0 0 0 5.00 0.00 0.50
13.00 72 61 30 0 0.00 0.00 0 0 0 5.00 0.00 0.50
12.00 73 59 30 0 0.00 0.00 0 0 0 5.00 0.00 0.50
14.00 77 72 30 0 0.00 0.00 0 0 0 5.00 0.00 0.50
12.00 73 73 30 0 0.00 0.00 0 0 0 5.00 0.00 0.50
13.00 72 72 30 0 0.00 0.00 0 0 0 5.00 0.00 0.50
12.00 73 74 30 0 0.00 0.00 0 0 0 5.00 0.00 0.50
14.00 72 76 30 0 0.00 0.00 0 0 0 5.00 0.00 0.50
12.00 73 73 30 0 0.00 0.00 0 0 0 5.00 0.00 0.50
13.00 73 73 30 0 0.00 0.00 0 0 0 5.00 0.00 0.50
13.00 73 77 30 0 0.00 0.00 0 0 0 5.00 0.00 0.50
13.00 73 71 30 0 0.00 0.00 0 0 0 5.00 0.00 0.50
13.00 72 72 30 0 0.00 0.00 0 0 0 5.00 0.00 0.50
13.00 73 73 30 0 0.00 0.00 0 0 0 5.00 0.00 0.50
13.00 79 72 30 0 0.00 0.00 0 0 0 5.00 0.00 0.50
12.00 77 57 30 0 0.00 0.00 0 0 0 5.00 0.00 0.50
12.00 79 59 30 0 0.00 0.00 0 0 0 5.00 0.00 0.50
13.00 79 71 30 0 0.00 0.00 0 0 0 5.00 0.00 0.50
13.00 73 77 30 0 0.00 0.00 0 0 0 5.00 0.00 0.50
13.00 72 71 30 0 0.00 0.00 0 0 0 5.00 0.00 0.50
13.00 74 71 30 0 0.00 0.00 0 0 0 5.00 0.00 0.50
13.00 76 73 30 0 0.00 0.00 0 0 0 5.00 0.00 0.50
12.00 74 73 30 0 0.00 0.00 0 0 0 5.00 0.00 0.50
14.00 73 76 30 0 0.00 0.00 0 0 0 5.00 0.00 0.50
13.00 76 76 30 0 0.00 0.00 0 0 0 5.00 0.00 0.50
12.00 76 73 30 0 0.00 0.00 0 0 0 5.00 0.00 0.50
13.00 77 73 30 0 0.00 0.00 0 0 0 5.00 0.00 0.50
14.00 77 73 30 0 0.00 0.00 0 0 0 5.00 0.00 0.50
13.00 76 63 30 0 0.00 0.00 0 0 0 5.00 0.00 0.50
12.00 84 74 30 0 0.00 0.00 0 0 0 5.00 0.00 0.50
14.00 76 75 30 0 0.00 0.00 0 0 0 5.00 0.00 0.50
13.00 77 76 30 0 0.00 0.00 0 0 0 5.00 0.00 0.50
13.00 79 76 30 0 0.00 0.00 0 0 0 5.00 0.00 0.50
14.00 77 76 30 0 0.00 0.00 0 0 0 5.00 0.00 0.50
13.00 57 54 30 0 0.00 0.00 0 0 0 5.00 0.00 0.50
10.00 57 55 30 0 0.00 0.00 0 0 0 5.00 0.00 0.50
11.00 77 82 30 0 0.00 0.00 0 0 0 5.00 0.00 0.50
14.00 83 78 30 0 0.00 0.00 0 0 0 5.00 0.00 0.50
13.00 78 117 30 0 0.00 0.00 0 0 0 5.00 0.00 0.50
16.00 78 78 30 0 0.00 0.00 0 0 0 5.00 0.00 0.50
14.00 78 78 30 0 0.00 0.00 0 0 0 5.00 0.00 0.50
13.00 80 78 30 0 0.00 0.00 0 0 0 5.00 0.00 0.50
13.00 93 90 30 0 0.00 0.00 0 0 0 5.00 0.00 0.50
16.00 54 56 30 0 0.00 0.00 0 0 0 5.00 0.00 0.50
10.00 55 58 30 0 0.00 0.00 0 0 0 5.00 0.00 0.50
11.00 77 57 30 0 0.00 0.00 0 0 0 5.00 0.00 0.50
13.00 79 90 30 0 0.00 0.00 0 0 0 5.00 0.00 0.50
14.00 88 88 30 0 0.00 0.00 0 0 0 5.00 0.00 0.50
14.00 92 86 30 0 0.00 0.00 0 0 0 5.00 0.00 0.50
15.00 94 59 30 0 0.00 0.00 0 0 0 5.00 0.00 0.50
13.00 94 57 30 0 0.00 0.00 0 0 0 5.00 0.00 0.50
13.00 92 57 30 0 0.00 0.00 0 0 0 5.00 0.00 0.50
13.00 94 89 30 0 0.00 0.00 0 0 0 5.00 0.00 0.50
15.00 80 97 30 0 0.00 0.00 0 0 0 5.00 0.00 0.50
14.00 95 96 30 0 0.00 0.00 0 0 0 5.00 0.00 0.50
17.00 82 94 30 0 0.00 0.00 0 0 0 5.00 0.00 0.50
14.00 95 94 30 0 0.00 0.00 0 0 0 5.00 0.00 0.50
15.00 82 92 30 0 0.00 0.00 0 0 0 5.00 0.00 0.50
15.00 81 93 30 0 0.00 0.00 0 0 0 5.00 0.00 0.50
14.00 82 93 30 0 0.00 0.00 0 0 0 5.00 0.00 0.50
14.00 81 92 30 0 0.00 0.00 0 0 0 5.00 0.00 0.50
15.00 81 92 30 0 0.00 0.00 0 0 0 5.00 0.00 0.50
14.00 80 93 30 0 0.00 0.00 0 0 0 5.00 0.00 0.50
14.00 81 94 30 0 0.00 0.00 0 0 0 5.00 0.00 0.50
15.00 82 93 30 0 0.00 0.00 0 0 0 5.00 0.00 0.50
14.00 81 93 30 0 0.00 0.00 0 0 0 5.00 0.00 0.50
15.00 83 93 30 0 0.00 0.00 0 0 0 5.00 0.00 0.50
15.00 82 93 30 0 0.00 0.00 0 0 0 5.00 0.00 0.50
14.00 83 94 30 0 0.00 0.00 0 0 0 5.00 0.00 0.50
14.00 83 86 30 0 0.00 0.00 0 0 0 5.00 0.00 0.50
15.00 84 85 30 0 0.00 0.00 0 0 0 5.00 0.00 0.50
14.00 88 84 30 0 0.00 0.00 0 0 0 5.00 0.00 0.50
14.00 99 82 30 0 0.00 0.00 0 0 0 5.00 0.00 0.50
15.00 104 91 30 0 0.00 0.00 0 0 0 5.00 0.00 0.50
16.00 106 90 30 0 0.00 0.00 0 0 0 5.00 0.00 0.50
15.00 100 91 30 0 0.00 0.00 0 0 0 5.00 0.00 0.50
16.00 89 90 30 0 0.00 0.00 0 0 0 5.00 0.00 0.50
15.00 88 92 30 0 0.00 0.00 0 0 0 5.00 0.00 0.50
14.00 88 91 30 0 0.00 0.00 0 0 0 5.00 0.00 0.50
16.00 89 91 30 0 0.00 0.00 0 0 0 5.00 0.00 0.50
14.00 89 90 30 0 0.00 0.00 0 0 0 5.00 0.00 0.50
14.00 88 91 30 0 0.00 0.00 0 0 0 5.00 0.00 0.50
16.00 89 90 30 0 0.00 0.00 0 0 0 5.00 0.00 0.50
14.00 89 90 30 0 0.00 0.00 0 0 0 5.00 0.00 0.50
15.00 88 85 30 0 0.00 0.00 0 0 0 5.00 0.00 0.50
15.00 89 86 30 0 0.00 0.00 0 0 0 5.00 0.00 0.50
14.00 88 87 30 0 0.00 0.00 0 0 0 5.00 0.00 0.50
15.00 89 85 30 0 0.00 0.00 0 0 0 5.00 0.00 0.50
14.00 89 85 30 0 0.00 0.00 0 0 0 5.00 0.00 0.50
14.00 88 85 30 0 0.00 0.00 0 0 0 5.00 0.00 0.50
15.00 88 86 30 0 0.00 0.00 0 0 0 5.00 0.00 0.50
14.00 89 84 30 0 0.00 0.00 0 0 0 5.00 0.00 0.50
14.00 89 90 30 0 0.00 0.00 0 0 0 5.00 0.00 0.50
16.00 91 87 30 0 0.00 0.00 0 0 0 5.00 0.00 0.50
14.00 86 88 30 0 0.00 0.00 0 0 0 5.00 0.00 0.50
14.00 86 87 30 0 0.00 0.00 0 0 0 5.00 0.00 0.50
15.00 85 87 30 0 0.00 0.00 0 0 0 5.00 0.00 0.50
14.00 86 87 30 0 0.00 0.00 0 0 0 5.00 0.00 0.50
14.00 86 87 30 0 0.00 0.00 0 0 0 5.00 0.00 0.50
15.00 86 87 30 0 0.00 0.00 0 0 0 5.00 0.00 0.50
14.00 86 86 30 0 0.00 0.00 0 0 0 5.00 0.00 0.50
14.00 86 86 30 0 0.00 0.00 0 0 0 5.00 0.00 0.50
15.00 85 86 30 0 0.00 0.00 0 0 0 5.00 0.00 0.50
14.00 86 85 30 0 0.00 0.00 0 0 0 5.00 0.00 0.50
14.00 85 88 30 0 0.00 0.00 0 0 0 5.00 0.00 0.50
15.00 84 86 30 0 0.00 0.00 0 0 0 5.00 0.00 0.50
14.00 86 85 30 0 0.00 0.00 0 0 0 5.00 0.00 0.50
14.00 87 86 30 0 0.00 0.00 0 0 0 5.00 0.00 0.50
15.00 84 87 30 0 0.00 0.00 0 0 0 5.00 0.00 0.50
14.00 84 87 30 0 0.00 0.00 0 0 0 5.00 0.00 0.50
14.00 85 87 30 0 0.00 0.00 0 0 0 5.00 0.00 0.50
15.00 87 87 30 0 0.00 0.00 0 0 0 5.00 0.00 0.50
14.00 87 88 30 0 0.00 0.00 0 0 0 5.00 0.00 0.50
14.00 87 87 30 0 0.00 0.00 0 0 0 5.00 0.00 0.50
15.00 85 88 30 0 0.00 0.00 0 0 0 5.00 0.00 0.50
14.00 85 87 30 0 0.00 0.00 0 0 0 5.00 0.00 0.50
14.00 85 87 30 0 0.00 0.00 0 0 0 5.00 0.00 0.50
15.00 85 87 30 0 0.00 0.00 0 0 0 5.00 0.00 0.50
14.00 85 87 30 0 0.00 0.00 0 0 0 5.00 0.00 0.50
14.00 90 86 30 0 0.00 0.00 0 0 0 5.00 0.00 0.50
16.00 85 86 30 0 0.00 0.00 0 0 0 5.00 0.00 0.50
13.00 90 84 30 0 0.00 0.00 0 0 0 5.00 0.00 0.50
15.00 89 84 30 0 0.00 0.00 0 0 0 5.00 0.00 0.50
15.00 88 85 30 0 0.00 0.00 0 0 0 5.00 0.00 0.50
14.00 84 86 30 0 0.00 0.00 0 0 0 5.00 0.00 0.50
14.00 83 91 30 0 0.00 0.00 0 0 0 5.00 0.00 0.50
15.00 92 83 30 0 0.00 0.00 0 0 0 5.00 0.00 0.50
14.00 88 83 30 0 0.00 0.00 0 0 0 5.00 0.00 0.50
14.00 85 84 30 0 0.00 0.00 0 0 0 5.00 0.00 0.50
15.00 88 82 30 0 0.00 0.00 0 0 0 5.00 0.00 0.50
13.00 85 92 30 0 0.00 0.00 0 0 0 5.00 0.00 0.50
15.00 89 88 30 0 0.00 0.00 0 0 0 5.00 0.00 0.50
15.00 85 93 30 0 0.00 0.00 0 0 0 5.00 0.00 0.50
14.00 88 80 30 0 0.00 0.00 0 0 0 5.00 0.00 0.50
14.00 92 89 30 0 0.00 0.00 0 0 0 5.00 0.00 0.50
16.00 88 91 30 0 0.00 0.00 0 0 0 5.00 0.00 0.50
14.00 88 89 30 0 0.00 0.00 0 0 0 5.00 0.00 0.50
14.00 87 90 30 0 0.00 0.00 0 0 0 5.00 0.00 0.50
16.00 88 84 30 0 0.00 0.00 0 0 0 5.00 0.00 0.50
14.00 100 84 30 0 0.00 0.00 0 0 0 5.00 0.00 0.50
14.00 100 85 30 0 0.00 0.00 0 0 0 5.00 0.00 0.50
16.00 94 94 30 0 0.00 0.00 0 0 0 5.00 0.00 0.50
15.00 97 99 30 0 0.00 0.00 0 0 0 5.00 0.00 0.50
16.00 111 106 30 0 0.00 0.00 0 0 0 5.00 0.00 0.50
17.00 124 119 30 0 0.00 0.00 0 0 0 5.00 0.00 0.50
18.00 125 123 30 0 0.00 0.00 0 0 0 5.00 0.00 0.50
20.00 158 113 30 0 0.00 0.00 0 0 0 5.00 0.00 0.50
19.00 208 3205 30 0 0.00 0.00 0 0 0 5.00 0.00 0.50
206.00 283 6 30 0 0.00 0.00 0 0 0 5.00 0.00 0.50
21.00 209 207 30 0 0.00 0.00 0 0 0 5.00 0.00 0.50
28.00 54 209 30 0 0.00 0.00 0 0 0 5.00 0.00 0.50
21.00 51 3212 30 0 0.00 0.00 0 0 0 5.00 0.00 0.50
195.00 50 53 30 0 0.00 0.00 0 0 0 5.00 0.00 0.50
11.00 50 53 30 0 0.00 0.00 0 0 0 5.00 0.00 0.50
10.00 51 53 30 0 0.00 0.00 0 0 0 5.00 0.00 0.50
12.00 51 53 30 0 0.00 0.00 0 0 0 5.00 0.00 0.50
12.00 50 53 30 0 0.00 0.00 0 0 0 5.00 0.00 0.50
14.00 49 52 30 0 0.00 0.00 0 0 0 5.00 0.00 0.50
12.00 49 52 30 0 0.00 0.00 0 0 0 5.00 0.00 0.50
12.00 49 51 30 0 0.00 0.00 0 0 0 5.00 0.00 0.50
14.00 48 51 30 0 0.00 0.00 0 0 0 5.00 0.00 0.50
12.00 48 51 30 0 0.00 0.00 0 0 0 5.00 0.00 0.50
13.00 49 51 30 0 0.00 0.00 0 0 0 5.00 0.00 0.50
12.00 49 51 30 0 0.00 0.00 0 0 0 5.00 0.00 0.50
14.00 49 51 30 0 0.00 0.00 0 0 0 5.00 0.00 0.50
12.00 48 50 30 0 0.00 0.00 0 0 0 5.00 0.00 0.50
13.00 48 50 30 0 0.00 0.00 0 0 0 5.00 0.00 0.50
13.00 47 50 30 0 0.00 0.00 0 0 0 5.00 0.00 0.50
12.00 48 50 30 0 0.00 0.00 0 0 0 5.00 0.00 0.50
13.00 48 50 30 0 0.00 0.00 0 0 0 5.00 0.00 0.50
13.00 48 50 30 0 0.00 0.00 0 0 0 5.00 0.00 0.50
13.00 48 50 30 0 0.00 0.00 0 0 0 5.00 0.00 0.50
12.00 48 50 30 0 0.00 0.00 0 0 0 5.00 0.00 0.50
13.00 49 50 30 0 0.00 0.00 0 0 0 5.00 0.00 0.50
13.00 49 49 30 0 0.00 0.00 0 0 0 5.00 0.00 0.50
12.00 49 49 30 0 0.00 0.00 0 0 0 5.00 0.00 0.50
13.00 48 49 30 0 0.00 0.00 0 0 0 5.00 0.00 0.50
13.00 48 48 30 0 0.00 0.00 0 0 0 5.00 0.00 0.50
13.00 49 48 30 0 0.00 0.00 0 0 0 5.00 0.00 0.50
12.00 49 48 30 0 0.00 0.00 0 0 0 5.00 0.00 0.50
14.00 49 49 30 0 0.00 0.00 0 0 0 5.00 0.00 0.50
12.00 48 49 30 0 0.00 0.00 0 0 0 5.00 0.00 0.50
13.00 49 48 30 0 0.00 0.00 0 0 0 5.00 0.00 0.50
12.00 49 48 30 0 0.00 0.00 0 0 0 5.00 0.00 0.50
13.00 49 49 30 0 0.00 0.00 0 0 0 5.00 0.00 0.50
13.00 48 48 30 0 0.00 0.00 0 0 0 5.00 0.00 0.50
12.00 46 48 30 0 0.00 0.00 0 0 0 5.00 0.00 0.50
14.00 46 49 30 0 0.00 0.00 0 0 0 5.00 0.00 0.50
12.00 47 49 30 0 0.00 0.00 0 0 0 5.00 0.00 0.50
13.00 48 49 30 0 0.00 0.00 0 0 0 5.00 0.00 0.50
13.00 48 49 30 0 0.00 0.00 0 0 0 5.00 0.00 0.50
13.00 49 49 30 0 0.00 0.00 0 0 0 5.00 0.00 0.50
12.00 49 49 30 0 0.00 0.00 0 0 0 5.00 0.00 0.50
12.00 49 49 30 0 0.00 0.00 0 0 0 5.00 0.00 0.50
14.00 49 49 30 0 0.00 0.00 0 0 0 5.00 0.00 0.50
12.00 49 49 30 0 0.00 0.00 0 0 0 5.00 0.00 0.50
13.00 48 49 30 0 0.00 0.00 0 0 0 5.00 0.00 0.50
13.00 48 49 30 0 0.00 0.00 0 0 0 5.00 0.00 0.50
13.00 48 49 30 0 0.00 0.00 0 0 0 5.00 0.00 0.50
12.00 49 49 30 0 0.00 0.00 0 0 0 5.00 0.00 0.50
14.00 48 49 30 0 0.00 0.00 0 0 0 5.00 0.00 0.50
12.00 49 49 30 0 0.00 0.00 0 0 0 5.00 0.00 0.50
12.00 49 49 30 0 0.00 0.00 0 0 0 5.00 0.00 0.50
13.00 49 49 30 0 0.00 0.00 0 0 0 5.00 0.00 0.50
13.00 49 49 30 0 0.00 0.00 0 0 0 5.00 0.00 0.50
13.00 49 49 30 0 0.00 0.00 0 0 0 5.00 0.00 0.50
12.00 49 49 30 0 0.00 0.00 0 0 0 5.00 0.00 0.50
14.00 50 49 30 0 0.00 0.00 0 0 0 5.00 0.00 0.50
12.00 48 49 30 0 0.00 0.00 0 0 0 5.00 0.00 0.50
12.00 49 48 30 0 0.00 0.00 0 0 0 5.00 0.00 0.50
13.00 48 49 30 0 0.00 0.00 0 0 0 5.00 0.00 0.50
13.00 48 49 30 0 0.00 0.00 0 0 0 5.00 0.00 0.50
13.00 48 49 30 0 0.00 0.00 0 0 0 5.00 0.00 0.50
12.00 48 49 30 0 0.00 0.00 0 0 0 5.00 0.00 0.50
14.00 47 49 30 0 0.00 0.00 0 0 0 5.00 0.00 0.50
12.00 46 49 30 0 0.00 0.00 0 0 0 5.00 0.00 0.50
13.00 46 49 30 0 0.00 0.00 0 0 0 5.00 0.00 0.50
13.00 44 50 30 0 0.00 0.00 0 0 0 5.00 0.00 0.50
12.00 45 49 30 0 0.00 0.00 0 0 0 5.00 0.00 0.50
13.00 45 49 30 0 0.00 0.00 0 0 0 5.00 0.00 0.50
12.00 47 49 30 0 0.00 0.00 0 0 0 5.00 0.00 0.50
14.00 47 49 30 0 0.00 0.00 0 0 0 5.00 0.00 0.50
12.00 48 49 30 0 0.00 0.00 0 0 0 5.00 0.00 0.50
13.00 49 49 30 0 0.00 0.00 0 0 0 5.00 0.00 0.50
13.00 48 49 30 0 0.00 0.00 0 0 0 5.00 0.00 0.50
13.00 49 49 30 0 0.00 0.00 0 0 0 5.00 0.00 0.50
12.00 49 49 30 0 0.00 0.00 0 0 0 5.00 0.00 0.50
13.00 48 49 30 0 0.00 0.00 0 0 0 5.00 0.00 0.50
13.00 49 49 30 0 0.00 0.00 0 0 0 5.00 0.00 0.50
12.00 45 49 30 0 0.00 0.00 0 0 0 5.00 0.00 0.50
13.00 46 49 30 0 0.00 0.00 0 0 0 5.00 0.00 0.50
13.00 48 49 30 0 0.00 0.00 0 0 0 5.00 0.00 0.50
13.00 49 49 30 0 0.00 0.00 0 0 0 5.00 0.00 0.50
12.00 49 49 30 0 0.00 0.00 0 0 0 5.00 0.00 0.50
14.00 45 49 30 0 0.00 0.00 0 0 0 5.00 0.00 0.50
12.00 45 50 30 0 0.00 0.00 0 0 0 5.00 0.00 0.50
12.00 46 49 30 0 0.00 0.00 0 0 0 5.00 0.00 0.50
14.00 48 49 30 0 0.00 0.00 0 0 0 5.00 0.00 0.50
12.00 49 49 30 0 0.00 0.00 0 0 0 5.00 0.00 0.50
13.00 49 50 30 0 0.00 0.00 0 0 0 5.00 0.00 0.50
12.00 49 49 30 0 0.00 0.00 0 0 0 5.00 0.00 0.50
14.00 48 49 30 0 0.00 0.00 0 0 0 5.00 0.00 0.50
12.00 47 49 30 0 0.00 0.00 0 0 0 5.00 0.00 0.50
12.00 45 50 30 0 0.00 0.00 0 0 0 5.00 0.00 0.50
14.00 45 49 30 0 0.00 0.00 0 0 0 5.00 0.00 0.50
12.00 46 49 30 0 0.00 0.00 0 0 0 5.00 0.00 0.50
13.00 46 49 30 0 0.00 0.00 0 0 0 5.00 0.00 0.50
13.00 46 49 30 0 0.00 0.00 0 0 0 5.00 0.00 0.50
13.00 50 49 30 0 0.00 0.00 0 0 0 5.00 0.00 0.50
12.00 49 49 30 0 0.00 0.00 0 0 0 5.00 0.00 0.50
13.00 49 49 30 0 0.00 0.00 0 0 0 5.00 0.00 0.50
13.00 48 49 30 0 0.00 0.00 0 0 0 5.00 0.00 0.50
12.00 48 48 30 0 0.00 0.00 0 0 0 5.00 0.00 0.50
13.00 44 48 30 0 0.00 0.00 0 0 0 5.00 0.00 0.50
13.00 45 48 30 0 0.00 0.00 0 0 0 5.00 0.00 0.50
13.00 46 48 30 0 0.00 0.00 0 0 0 5.00 0.00 0.50
12.00 46 48 30 0 0.00 0.00 0 0 0 5.00 0.00 0.50
14.00 46 48 30 0 0.00 0.00 0 0 0 5.00 0.00 0.50
12.00 47 48 30 0 0.00 0.00 0 0 0 5.00 0.00 0.50
13.00 47 48 30 0 0.00 0.00 0 0 0 5.00 0.00 0.50
12.00 46 47 30 0 0.00 0.00 0 0 0 5.00 0.00 0.50
13.00 45 47 30 0 0.00 0.00 0 0 0 5.00 0.00 0.50
13.00 44 48 30 0 0.00 0.00 0 0 0 5.00 0.00 0.50
12.00 44 48 30 0 0.00 0.00 0 0 0 5.00 0.00 0.50
14.00 43 48 30 0 0.00 0.00 0 0 0 5.00 0.00 0.50
12.00 44 48 30 0 0.00 0.00 0 0 0 5.00 0.00 0.50
13.00 43 48 30 0 0.00 0.00 0 0 0 5.00 0.00 0.50
13.00 43 48 30 0 0.00 0.00 0 0 0 5.00 0.00 0.50
13.00 42 48 30 0 0.00 0.00 0 0 0 5.00 0.00 0.50
12.00 43 48 30 0 0.00 0.00 0 0 0 5.00 0.00 0.50
12.00 49 48 30 0 0.00 0.00 0 0 0 5.00 0.00 0.50
14.00 48 48 30 0 0.00 0.00 0 0 0 5.00 0.00 0.50
12.00 48 48 30 0 0.00 0.00 0 0 0 5.00 0.00 0.50
13.00 48 48 30 0 0.00 0.00 0 0 0 5.00 0.00 0.50
13.00 48 48 30 0 0.00 0.00 0 0 0 5.00 0.00 0.50
13.00 49 48 30 0 0.00 0.00 0 0 0 5.00 0.00 0.50
12.00 48 48 30 0 0.00 0.00 0 0 0 5.00 0.00 0.50
12.00 48 48 30 0 0.00 0.00 0 0 0 5.00 0.00 0.50
14.00 48 48 30 0 0.00 0.00 0 0 0 5.00 0.00 0.50
12.00 48 48 30 0 0.00 0.00 0 0 0 5.00 0.00 0.50
13.00 48 48 30 0 0.00 0.00 0 0 0 5.00 0.00 0.50
13.00 48 48 30 0 0.00 0.00 0 0 0 5.00 0.00 0.50
13.00 48 48 30 0 0.00 0.00 0 0 0 5.00 0.00 0.50
12.00 48 48 30 0 0.00 0.00 0 0 0 5.00 0.00 0.50
14.00 48 48 30 0 0.00 0.00 0 0 0 5.00 0.00 0.50
12.00 48 48 30 0 0.00 0.00 0 0 0 5.00 0.00 0.50
12.00 48 48 30 0 0.00 0.00 0 0 0 5.00 0.00 0.50
13.00 48 48 30 0 0.00 0.00 0 0 0 5.00 0.00 0.50
13.00 43 48 30 0 0.00 0.00 0 0 0 5.00 0.00 0.50
13.00 44 48 30 0 0.00 0.00 0 0 0 5.00 0.00 0.50
12.00 43 48 30 0 0.00 0.00 0 0 0 5.00 0.00 0.50
14.00 44 48 30 0 0.00 0.00 0 0 0 5.00 0.00 0.50
12.00 43 48 30 0 0.00 0.00 0 0 0 5.00 0.00 0.50
13.00 44 48 30 0 0.00 0.00 0 0 0 5.00 0.00 0.50
13.00 43 48 30 0 0.00 0.00 0 0 0 5.00 0.00 0.50
12.00 43 48 30 0 0.00 0.00 0 0 0 5.00 0.00 0.50
13.00 44 48 30 0 0.00 0.00 0 0 0 5.00 0.00 0.50
12.00 44 48 30 0 0.00 0.00 0 0 0 5.00 0.00 0.50
14.00 48 48 30 0 0.00 0.00 0 0 0 5.00 0.00 0.50
12.00 48 48 30 0 0.00 0.00 0 0 0 5.00 0.00 0.50
13.00 48 48 30 0 0.00 0.00 0 0 0 5.00 0.00 0.50
13.00 48 48 30 0 0.00 0.00 0 0 0 5.00 0.00 0.50
13.00 47 48 30 0 0.00 0.00 0 0 0 5.00 0.00 0.50
12.00 48 48 30 0 0.00 0.00 0 0 0 5.00 0.00 0.50
13.00 48 48 30 0 0.00 0.00 0 0 0 5.00 0.00 0.50
13.00 48 48 30 0 0.00 0.00 0 0 0 5.00 0.00 0.50
12.00 48 48 30 0 0.00 0.00 0 0 0 5.00 0.00 0.50
13.00 48 48 30 0 0.00 0.00 0 0 0 5.00 0.00 0.50
13.00 48 48 30 0 0.00 0.00 0 0 0 5.00 0.00 0.50
13.00 48 48 30 0 0.00 0.00 0 0 0 5.00 0.00 0.50
12.00 48 48 30 0 0.00 0.00 0 0 0 5.00 0.00 0.50
14.00 48 48 30 0 0.00 0.00 0 0 0 5.00 0.00 0.50
12.00 48 48 30 0 0.00 0.00 0 0 0 5.00 0.00 0.50
12.00 48 48 30 0 0.00 0.00 0 0 0 5.00 0.00 0.50
14.00 48 48 30 0 0.00 0.00 0 0 0 5.00 0.00 0.50
12.00 47 48 30 0 0.00 0.00 0 0 0 5.00 0.00 0.50
13.00 48 48 30 0 0.00 0.00 0 0 0 5.00 0.00 0.50
12.00 48 48 30 0 0.00 0.00 0 0 0 5.00 0.00 0.50
14.00 47 48 30 0 0.00 0.00 0 0 0 5.00 0.00 0.50
12.00 47 48 30 0 0.00 0.00 0 0 0 5.00 0.00 0.50
12.00 47 48 30 0 0.00 0.00 0 0 0 5.00 0.00 0.50
14.00 47 48 30 0 0.00 0.00 0 0 0 5.00 0.00 0.50
12.00 47 48 30 0 0.00 0.00 0 0 0 5.00 0.00 0.50
13.00 47 48 30 0 0.00 0.00 0 0 0 5.00 0.00 0.50
13.00 47 48 30 0 0.00 0.00 0 0 0 5.00 0.00 0.50
13.00 47 48 30 0 0.00 0.00 0 0 0 5.00 0.00 0.50
12.00 47 48 30 0 0.00 0.00 0 0 0 5.00 0.00 0.50
13.00 47 48 30 0 0.00 0.00 0 0 0 5.00 0.00 0.50
13.00 48 48 30 0 0.00 0.00 0 0 0 5.00 0.00 0.50
12.00 48 49 30 0 0.00 0.00 0 0 0 5.00 0.00 0.50
13.00 48 48 30 0 0.00 0.00 0 0 0 5.00 0.00 0.50
13.00 48 49 30 0 0.00 0.00 0 0 0 5.00 0.00 0.50
13.00 48 48 30 0 0.00 0.00 0 0 0 5.00 0.00 0.50
12.00 48 48 30 0 0.00 0.00 0 0 0 5.00 0.00 0.50
14.00 47 48 30 0 0.00 0.00 0 0 0 5.00 0.00 0.50
12.00 48 48 30 0 0.00 0.00 0 0 0 5.00 0.00 0.50
13.00 48 48 30 0 0.00 0.00 0 0 0 5.00 0.00 0.50
12.00 48 48 30 0 0.00 0.00 0 0 0 5.00 0.00 0.50
13.00 48 48 30 0 0.00 0.00 0 0 0 5.00 0.00 0.50
13.00 48 48 30 0 0.00 0.00 0 0 0 5.00 0.00 0.50
12.00 48 48 30 0 0.00 0.00 0 0 0 5.00 0.00 0.50
14.00 48 47 30 0 0.00 0.00 0 0 0 5.00 0.00 0.50
12.00 48 47 30 0 0.00 0.00 0 0 0 5.00 0.00 0.50
13.00 48 48 30 0 0.00 0.00 0 0 0 5.00 0.00 0.50
13.00 48 48 30 0 0.00 0.00 0 0 0 5.00 0.00 0.50
13.00 48 48 30 0 0.00 0.00 0 0 0 5.00 0.00 0.50
12.00 48 48 30 0 0.00 0.00 0 0 0 5.00 0.00 0.50
12.00 48 48 30 0 0.00 0.00 0 0 0 5.00 0.00 0.50
14.00 48 48 30 0 0.00 0.00 0 0 0 5.00 0.00 0.50
12.00 48 48 30 0 0.00 0.00 0 0 0 5.00 0.00 0.50
13.00 49 48 30 0 0.00 0.00 0 0 0 5.00 0.00 0.50
13.00 48 48 30 0 0.00 0.00 0 0 0 5.00 0.00 0.50
13.00 48 48 30 0 0.00 0.00 0 0 0 5.00 0.00 0.50
12.00 48 48 30 0 0.00 0.00 0 0 0 5.00 0.00 0.50
12.00 48 48 30 0 0.00 0.00 0 0 0 5.00 0.00 0.50
14.00 48 48 30 0 0.00 0.00 0 0 0 5.00 0.00 0.50
12.00 48 48 30 0 0.00 0.00 0 0 0 5.00 0.00 0.50
13.00 48 48 30 0 0.00 0.00 0 0 0 5.00 0.00 0.50
13.00 48 48 30 0 0.00 0.00 0 0 0 5.00 0.00 0.50
13.00 48 48 30 0 0.00 0.00 0 0 0 5.00 0.00 0.50
12.00 48 48 30 0 0.00 0.00 0 0 0 5.00 0.00 0.50
14.00 48 48 30 0 0.00 0.00 0 0 0 5.00 0.00 0.50
12.00 47 48 30 0 0.00 0.00 0 0 0 5.00 0.00 0.50
12.00 48 48 30 0 0.00 0.00 0 0 0 5.00 0.00 0.50
13.00 48 48 30 0 0.00 0.00 0 0 0 5.00 0.00 0.50
13.00 48 48 30 0 0.00 0.00 0 0 0 5.00 0.00 0.50
13.00 48 48 30 0 0.00 0.00 0 0 0 5.00 0.00 0.50
12.00 47 48 30 0 0.00 0.00 0 0 0 5.00 0.00 0.50
14.00 47 48 30 0 0.00 0.00 0 0 0 5.00 0.00 0.50
12.00 48 48 30 0 0.00 0.00 0 0 0 5.00 0.00 0.50
13.00 47 48 30 0 0.00 0.00 0 0 0 5.00 0.00 0.50
13.00 48 48 30 0 0.00 0.00 0 0 0 5.00 0.00 0.50
12.00 48 48 30 0 0.00 0.00 0 0 0 5.00 0.00 0.50
13.00 47 48 30 0 0.00 0.00 0 0 0 5.00 0.00 0.50
12.00 47 48 30 0 0.00 0.00 0 0 0 5.00 0.00 0.50
14.00 47 48 30 0 0.00 0.00 0 0 0 5.00 0.00 0.50
12.00 47 48 30 0 0.00 0.00 0 0 0 5.00 0.00 0.50
13.00 47 48 30 0 0.00 0.00 0 0 0 5.00 0.00 0.50
13.00 47 48 30 0 0.00 0.00 0 0 0 5.00 0.00 0.50
13.00 47 48 30 0 0.00 0.00 0 0 0 5.00 0.00 0.50
12.00 48 48 30 0 0.00 0.00 0 0 0 5.00 0.00 0.50
13.00 48 48 30 0 0.00 0.00 0 0 0 5.00 0.00 0.50
13.00 47 48 30 0 0.00 0.00 0 0 0 5.00 0.00 0.50
12.00 48 48 30 0 0.00 0.00 0 0 0 5.00 0.00 0.50
13.00 47 48 30 0 0.00 0.00 0 0 0 5.00 0.00 0.50
13.00 47 48 30 0 0.00 0.00 0 0 0 5.00 0.00 0.50
13.00 47 48 30 0 0.00 0.00 0 0 0 5.00 0.00 0.50
12.00 48 48 30 0 0.00 0.00 0 0 0 5.00 0.00 0.50
13.00 47 48 30 0 0.00 0.00 0 0 0 5.00 0.00 0.50
13.00 47 48 30 0 0.00 0.00 0 0 0 5.00 0.00 0.50
12.00 48 48 30 0 0.00 0.00 0 0 0 5.00 0.00 0.50
14.00 48 48 30 0 0.00 0.00 0 0 0 5.00 0.00 0.50
12.00 48 48 30 0 0.00 0.00 0 0 0 5.00 0.00 0.50
13.00 47 48 30 0 0.00 0.00 0 0 0 5.00 0.00 0.50
12.00 47 49 30 0 0.00 0.00 0 0 0 5.00 0.00 0.50
14.00 47 48 30 0 0.00 0.00 0 0 0 5.00 0.00 0.50
12.00 48 48 30 0 0.00 0.00 0 0 0 5.00 0.00 0.50
12.00 48 48 30 0 0.00 0.00 0 0 0 5.00 0.00 0.50
14.00 48 48 30 0 0.00 0.00 0 0 0 5.00 0.00 0.50
12.00 44 49 30 0 0.00 0.00 0 0 0 5.00 0.00 0.50
13.00 48 48 30 0 0.00 0.00 0 0 0 5.00 0.00 0.50
13.00 48 48 30 0 0.00 0.00 0 0 0 5.00 0.00 0.50
13.00 47 48 30 0 0.00 0.00 0 0 0 5.00 0.00 0.50
12.00 48 49 30 0 0.00 0.00 0 0 0 5.00 0.00 0.50
13.00 44 49 30 0 0.00 0.00 0 0 0 5.00 0.00 0.50
13.00 47 48 30 0 0.00 0.00 0 0 0 5.00 0.00 0.50
12.00 48 49 30 0 0.00 0.00 0 0 0 5.00 0.00 0.50
13.00 45 49 30 0 0.00 0.00 0 0 0 5.00 0.00 0.50
13.00 47 49 30 0 0.00 0.00 0 0 0 5.00 0.00 0.50
13.00 44 49 30 0 0.00 0.00 0 0 0 5.00 0.00 0.50
12.00 47 48 30 0 0.00 0.00 0 0 0 5.00 0.00 0.50
14.00 47 49 30 0 0.00 0.00 0 0 0 5.00 0.00 0.50
12.00 47 49 30 0 0.00 0.00 0 0 0 5.00 0.00 0.50
13.00 46 48 30 0 0.00 0.00 0 0 0 5.00 0.00 0.50
12.00 46 48 30 0 0.00 0.00 0 0 0 5.00 0.00 0.50
13.00 45 48 30 0 0.00 0.00 0 0 0 5.00 0.00 0.50
13.00 47 49 30 0 0.00 0.00 0 0 0 5.00 0.00 0.50
12.00 47 48 30 0 0.00 0.00 0 0 0 5.00 0.00 0.50
14.00 47 48 30 0 0.00 0.00 0 0 0 5.00 0.00 0.50
12.00 46 48 30 0 0.00 0.00 0 0 0 5.00 0.00 0.50
13.00 46 48 30 0 0.00 0.00 0 0 0 5.00 0.00 0.50
12.00 46 48 30 0 0.00 0.00 0 0 0 5.00 0.00 0.50
14.00 47 48 30 0 0.00 0.00 0 0 0 5.00 0.00 0.50
12.00 47 48 30 0 0.00 0.00 0 0 0 5.00 0.00 0.50
12.00 46 48 30 0 0.00 0.00 0 0 0 5.00 0.00 0.50
14.00 46 48 30 0 0.00 0.00 0 0 0 5.00 0.00 0.50
12.00 48 48 30 0 0.00 0.00 0 0 0 5.00 0.00 0.50
13.00 46 48 30 0 0.00 0.00 0 0 0 5.00 0.00 0.50
13.00 47 48 30 0 0.00 0.00 0 0 0 5.00 0.00 0.50
13.00 46 48 30 0 0.00 0.00 0 0 0 5.00 0.00 0.50
12.00 45 48 30 0 0.00 0.00 0 0 0 5.00 0.00 0.50
12.00 47 48 30 0 0.00 0.00 0 0 0 5.00 0.00 0.50
14.00 47 47 30 0 0.00 0.00 0 0 0 5.00 0.00 0.50
12.00 47 48 30 0 0.00 0.00 0 0 0 5.00 0.00 0.50
13.00 47 48 30 0 0.00 0.00 0 0 0 5.00 0.00 0.50
13.00 48 47 30 0 0.00 0.00 0 0 0 5.00 0.00 0.50
13.00 48 48 30 0 0.00 0.00 0 0 0 5.00 0.00 0.50
12.00 48 47 30 0 0.00 0.00 0 0 0 5.00 0.00 0.50
14.00 48 48 30 0 0.00 0.00 0 0 0 5.00 0.00 0.50
12.00 48 48 30 0 0.00 0.00 0 0 0 5.00 0.00 0.50
12.00 48 48 30 0 0.00 0.00 0 0 0 5.00 0.00 0.50
13.00 49 48 30 0 0.00 0.00 0 0 0 5.00 0.00 0.50
13.00 48 47 30 0 0.00 0.00 0 0 0 5.00 0.00 0.50
13.00 48 48 30 0 0.00 0.00 0 0 0 5.00 0.00 0.50
12.00 48 47 30 0 0.00 0.00 0 0 0 5.00 0.00 0.50
14.00 48 47 30 0 0.00 0.00 0 0 0 5.00 0.00 0.50
12.00 48 48 30 0 0.00 0.00 0 0 0 5.00 0.00 0.50
13.00 48 47 30 0 0.00 0.00 0 0 0 5.00 0.00 0.50
13.00 48 47 30 0 0.00 0.00 0 0 0 5.00 0.00 0.50
12.00 48 47 30 0 0.00 0.00 0 0 0 5.00 0.00 0.50
13.00 48 47 30 0 0.00 0.00 0 0 0 5.00 0.00 0.50
12.00 48 47 30 0 0.00 0.00 0 0 0 5.00 0.00 0.50
14.00 45 47 30 0 0.00 0.00 0 0 0 5.00 0.00 0.50
12.00 45 47 30 0 0.00 0.00 0 0 0 5.00 0.00 0.50
13.00 44 48 30 0 0.00 0.00 0 0 0 5.00 0.00 0.50
13.00 45 47 30 0 0.00 0.00 0 0 0 5.00 0.00 0.50
13.00 44 47 30 0 0.00 0.00 0 0 0 5.00 0.00 0.50
12.00 45 47 30 0 0.00 0.00 0 0 0 5.00 0.00 0.50
13.00 48 48 30 0 0.00 0.00 0 0 0 5.00 0.00 0.50
13.00 48 47 30 0 0.00 0.00 0 0 0 5.00 0.00 0.50
12.00 48 47 30 0 0.00 0.00 0 0 0 5.00 0.00 0.50
13.00 49 48 30 0 0.00 0.00 0 0 0 5.00 0.00 0.50
13.00 48 48 30 0 0.00 0.00 0 0 0 5.00 0.00 0.50
13.00 48 48 30 0 0.00 0.00 0 0 0 5.00 0.00 0.50
12.00 48 48 30 0 0.00 0.00 0 0 0 5.00 0.00 0.50
13.00 48 48 30 0 0.00 0.00 0 0 0 5.00 0.00 0.50
13.00 48 48 30 0 0.00 0.00 0 0 0 5.00 0.00 0.50
12.00 48 48 30 0 0.00 0.00 0 0 0 5.00 0.00 0.50
14.00 48 48 30 0 0.00 0.00 0 0 0 5.00 0.00 0.50
12.00 48 49 30 0 0.00 0.00 0 0 0 5.00 0.00 0.50
13.00 49 48 30 0 0.00 0.00 0 0 0 5.00 0.00 0.50
12.00 44 49 30 0 0.00 0.00 0 0 0 5.00 0.00 0.50
14.00 44 48 30 0 0.00 0.00 0 0 0 5.00 0.00 0.50
12.00 44 48 30 0 0.00 0.00 0 0 0 5.00 0.00 0.50
12.00 44 48 30 0 0.00 0.00 0 0 0 5.00 0.00 0.50
14.00 48 48 30 0 0.00 0.00 0 0 0 5.00 0.00 0.50
12.00 45 49 30 0 0.00 0.00 0 0 0 5.00 0.00 0.50
13.00 48 48 30 0 0.00 0.00 0 0 0 5.00 0.00 0.50
13.00 45 49 30 0 0.00 0.00 0 0 0 5.00 0.00 0.50
13.00 44 49 30 0 0.00 0.00 0 0 0 5.00 0.00 0.50
12.00 48 48 30 0 0.00 0.00 0 0 0 5.00 0.00 0.50
13.00 48 49 30 0 0.00 0.00 0 0 0 5.00 0.00 0.50
13.00 48 48 30 0 0.00 0.00 0 0 0 5.00 0.00 0.50
12.00 48 49 30 0 0.00 0.00 0 0 0 5.00 0.00 0.50
13.00 48 48 30 0 0.00 0.00 0 0 0 5.00 0.00 0.50
13.00 48 48 30 0 0.00 0.00 0 0 0 5.00 0.00 0.50
13.00 48 48 30 0 0.00 0.00 0 0 0 5.00 0.00 0.50
12.00 48 48 30 0 0.00 0.00 0 0 0 5.00 0.00 0.50
14.00 48 48 30 0 0.00 0.00 0 0 0 5.00 0.00 0.50
12.00 46 48 30 0 0.00 0.00 0 0 0 5.00 0.00 0.50
13.00 48 48 30 0 0.00 0.00 0 0 0 5.00 0.00 0.50
12.00 48 48 30 0 0.00 0.00 0 0 0 5.00 0.00 0.50
13.00 44 48 30 0 0.00 0.00 0 0 0 5.00 0.00 0.50
13.00 48 48 30 0 0.00 0.00 0 0 0 5.00 0.00 0.50
12.00 48 48 30 0 0.00 0.00 0 0 0 5.00 0.00 0.50
14.00 49 48 30 0 0.00 0.00 0 0 0 5.00 0.00 0.50
12.00 45 48 30 0 0.00 0.00 0 0 0 5.00 0.00 0.50
13.00 49 48 30 0 0.00 0.00 0 0 0 5.00 0.00 0.50
12.00 48 48 30 0 0.00 0.00 0 0 0 5.00 0.00 0.50
13.00 45 48 30 0 0.00 0.00 0 0 0 5.00 0.00 0.50
13.00 45 48 30 0 0.00 0.00 0 0 0 5.00 0.00 0.50
12.00 44 48 30 0 0.00 0.00 0 0 0 5.00 0.00 0.50
14.00 44 48 30 0 0.00 0.00 0 0 0 5.00 0.00 0.50
12.00 44 48 30 0 0.00 0.00 0 0 0 5.00 0.00 0.50
13.00 45 48 30 0 0.00 0.00 0 0 0 5.00 0.00 0.50
13.00 43 49 30 0 0.00 0.00 0 0 0 5.00 0.00 0.50
13.00 45 49 30 0 0.00 0.00 0 0 0 5.00 0.00 0.50
12.00 48 48 30 0 0.00 0.00 0 0 0 5.00 0.00 0.50
12.00 48 49 30 0 0.00 0.00 0 0 0 5.00 0.00 0.50
14.00 48 48 30 0 0.00 0.00 0 0 0 5.00 0.00 0.50
12.00 48 49 30 0 0.00 0.00 0 0 0 5.00 0.00 0.50
13.00 48 48 30 0 0.00 0.00 0 0 0 5.00 0.00 0.50
13.00 48 48 30 0 0.00 0.00 0 0 0 5.00 0.00 0.50
13.00 48 48 30 0 0.00 0.00 0 0 0 5.00 0.00 0.50
12.00 48 48 30 0 0.00 0.00 0 0 0 5.00 0.00 0.50
14.00 48 49 30 0 0.00 0.00 0 0 0 5.00 0.00 0.50
12.00 49 49 30 0 0.00 0.00 0 0 0 5.00 0.00 0.50
12.00 48 49 30 0 0.00 0.00 0 0 0 5.00 0.00 0.50
13.00 48 49 30 0 0.00 0.00 0 0 0 5.00 0.00 0.50
13.00 48 49 30 0 0.00 0.00 0 0 0 5.00 0.00 0.50
13.00 44 48 30 0 0.00 0.00 0 0 0 5.00 0.00 0.50
12.00 44 48 30 0 0.00 0.00 0 0 0 5.00 0.00 0.50
14.00 43 49 30 0 0.00 0.00 0 0 0 5.00 0.00 0.50
12.00 45 48 30 0 0.00 0.00 0 0 0 5.00 0.00 0.50
13.00 47 48 30 0 0.00 0.00 0 0 0 5.00 0.00 0.50
13.00 48 49 30 0 0.00 0.00 0 0 0 5.00 0.00 0.50
12.00 48 48 30 0 0.00 0.00 0 0 0 5.00 0.00 0.50
13.00 48 49 30 0 0.00 0.00 0 0 0 5.00 0.00 0.50
12.00 48 48 30 0 0.00 0.00 0 0 0 5.00 0.00 0.50
14.00 49 49 30 0 0.00 0.00 0 0 0 5.00 0.00 0.50
12.00 48 49 30 0 0.00 0.00 0 0 0 5.00 0.00 0.50
13.00 48 48 30 0 0.00 0.00 0 0 0 5.00 0.00 0.50
13.00 48 49 30 0 0.00 0.00 0 0 0 5.00 0.00 0.50
12.00 44 49 30 0 0.00 0.00 0 0 0 5.00 0.00 0.50
13.00 48 49 30 0 0.00 0.00 0 0 0 5.00 0.00 0.50
13.00 49 49 30 0 0.00 0.00 0 0 0 5.00 0.00 0.50
13.00 48 48 30 0 0.00 0.00 0 0 0 5.00 0.00 0.50
12.00 48 49 30 0 0.00 0.00 0 0 0 5.00 0.00 0.50
13.00 49 49 30 0 0.00 0.00 0 0 0 5.00 0.00 0.50
13.00 48 49 30 0 0.00 0.00 0 0 0 5.00 0.00 0.50
13.00 49 48 30 0 0.00 0.00 0 0 0 5.00 0.00 0.50
12.00 48 49 30 0 0.00 0.00 0 0 0 5.00 0.00 0.50
13.00 48 48 30 0 0.00 0.00 0 0 0 5.00 0.00 0.50
13.00 48 49 30 0 0.00 0.00 0 0 0 5.00 0.00 0.50
12.00 48 49 30 0 0.00 0.00 0 0 0 5.00 0.00 0.50
14.00 48 49 30 0 0.00 0.00 0 0 0 5.00 0.00 0.50
12.00 48 49 30 0 0.00 0.00 0 0 0 5.00 0.00 0.50
13.00 48 48 30 0 0.00 0.00 0 0 0 5.00 0.00 0.50
12.00 48 49 30 0 0.00 0.00 0 0 0 5.00 0.00 0.50
14.00 48 48 30 0 0.00 0.00 0 0 0 5.00 0.00 0.50
12.00 48 48 30 0 0.00 0.00 0 0 0 5.00 0.00 0.50
12.00 48 49 30 0 0.00 0.00 0 0 0 5.00 0.00 0.50
14.00 48 48 30 0 0.00 0.00 0 0 0 5.00 0.00 0.50
12.00 48 48 30 0 0.00 0.00 0 0 0 5.00 0.00 0.50
13.00 48 49 30 0 0.00 0.00 0 0 0 5.00 0.00 0.50
13.00 48 49 30 0 0.00 0.00 0 0 0 5.00 0.00 0.50
13.00 49 48 30 0 0.00 0.00 0 0 0 5.00 0.00 0.50
12.00 48 48 30 0 0.00 0.00 0 0 0 5.00 0.00 0.50
13.00 48 48 30 0 0.00 0.00 0 0 0 5.00 0.00 0.50
13.00 48 48 30 0 0.00 0.00 0 0 0 5.00 0.00 0.50
12.00 48 48 30 0 0.00 0.00 0 0 0 5.00 0.00 0.50
13.00 48 48 30 0 0.00 0.00 0 0 0 5.00 0.00 0.50
13.00 48 48 30 0 0.00 0.00 0 0 0 5.00 0.00 0.50
13.00 49 48 30 0 0.00 0.00 0 0 0 5.00 0.00 0.50
12.00 48 48 30 0 0.00 0.00 0 0 0 5.00 0.00 0.50
14.00 48 48 30 0 0.00 0.00 0 0 0 5.00 0.00 0.50
12.00 48 48 30 0 0.00 0.00 0 0 0 5.00 0.00 0.50
13.00 48 48 30 0 0.00 0.00 0 0 0 5.00 0.00 0.50
12.00 48 48 30 0 0.00 0.00 0 0 0 5.00 0.00 0.50
13.00 48 48 30 0 0.00 0.00 0 0 0 5.00 0.00 0.50
13.00 48 48 30 0 0.00 0.00 0 0 0 5.00 0.00 0.50
12.00 48 48 30 0 0.00 0.00 0 0 0 5.00 0.00 0.50
14.00 48 48 30 0 0.00 0.00 0 0 0 5.00 0.00 0.50
12.00 48 48 30 0 0.00 0.00 0 0 0 5.00 0.00 0.50
13.00 48 48 30 0 0.00 0.00 0 0 0 5.00 0.00 0.50
12.00 45 48 30 0 0.00 0.00 0 0 0 5.00 0.00 0.50
13.00 48 48 30 0 0.00 0.00 0 0 0 5.00 0.00 0.50
13.00 48 48 30 0 0.00 0.00 0 0 0 5.00 0.00 0.50
12.00 48 48 30 0 0.00 0.00 0 0 0 5.00 0.00 0.50
14.00 48 48 30 0 0.00 0.00 0 0 0 5.00 0.00 0.50
12.00 48 48 30 0 0.00 0.00 0 0 0 5.00 0.00 0.50
13.00 49 48 30 0 0.00 0.00 0 0 0 5.00 0.00 0.50
13.00 48 48 30 0 0.00 0.00 0 0 0 5.00 0.00 0.50
13.00 48 48 30 0 0.00 0.00 0 0 0 5.00 0.00 0.50
12.00 48 49 30 0 0.00 0.00 0 0 0 5.00 0.00 0.50
12.00 48 48 30 0 0.00 0.00 0 0 0 5.00 0.00 0.50
14.00 48 49 30 0 0.00 0.00 0 0 0 5.00 0.00 0.50
12.00 48 48 30 0 0.00 0.00 0 0 0 5.00 0.00 0.50
13.00 48 49 30 0 0.00 0.00 0 0 0 5.00 0.00 0.50
13.00 48 48 30 0 0.00 0.00 0 0 0 5.00 0.00 0.50
13.00 49 48 30 0 0.00 0.00 0 0 0 5.00 0.00 0.50
12.00 48 48 30 0 0.00 0.00 0 0 0 5.00 0.00 0.50
14.00 48 49 30 0 0.00 0.00 0 0 0 5.00 0.00 0.50
12.00 48 48 30 0 0.00 0.00 0 0 0 5.00 0.00 0.50
12.00 48 49 30 0 0.00 0.00 0 0 0 5.00 0.00 0.50
13.00 48 48 30 0 0.00 0.00 0 0 0 5.00 0.00 0.50
13.00 48 48 30 0 0.00 0.00 0 0 0 5.00 0.00 0.50
13.00 48 48 30 0 0.00 0.00 0 0 0 5.00 0.00 0.50
12.00 48 49 30 0 0.00 0.00 0 0 0 5.00 0.00 0.50
14.00 48 48 30 0 0.00 0.00 0 0 0 5.00 0.00 0.50
12.00 48 48 30 0 0.00 0.00 0 0 0 5.00 0.00 0.50
13.00 48 48 30 0 0.00 0.00 0 0 0 5.00 0.00 0.50
13.00 48 48 30 0 0.00 0.00 0 0 0 5.00 0.00 0.50
12.00 48 48 30 0 0.00 0.00 0 0 0 5.00 0.00 0.50
13.00 49 48 30 0 0.00 0.00 0 0 0 5.00 0.00 0.50
12.00 48 48 30 0 0.00 0.00 0 0 0 5.00 0.00 0.50
14.00 49 48 30 0 0.00 0.00 0 0 0 5.00 0.00 0.50
12.00 49 48 30 0 0.00 0.00 0 0 0 5.00 0.00 0.50
13.00 48 48 30 0 0.00 0.00 0 0 0 5.00 0.00 0.50
13.00 48 48 30 0 0.00 0.00 0 0 0 5.00 0.00 0.50
12.00 49 49 30 0 0.00 0.00 0 0 0 5.00 0.00 0.50
13.00 48 48 30 0 0.00 0.00 0 0 0 5.00 0.00 0.50
13.00 49 48 30 0 0.00 0.00 0 0 0 5.00 0.00 0.50
13.00 44 48 30 0 0.00 0.00 0 0 0 5.00 0.00 0.50
12.00 49 48 30 0 0.00 0.00 0 0 0 5.00 0.00 0.50
13.00 49 48 30 0 0.00 0.00 0 0 0 5.00 0.00 0.50
13.00 49 48 30 0 0.00 0.00 0 0 0 5.00 0.00 0.50
13.00 48 49 30 0 0.00 0.00 0 0 0 5.00 0.00 0.50
12.00 45 49 30 0 0.00 0.00 0 0 0 5.00 0.00 0.50
13.00 48 49 30 0 0.00 0.00 0 0 0 5.00 0.00 0.50
13.00 48 48 30 0 0.00 0.00 0 0 0 5.00 0.00 0.50
12.00 48 48 30 0 0.00 0.00 0 0 0 5.00 0.00 0.50
14.00 48 48 30 0 0.00 0.00 0 0 0 5.00 0.00 0.50
12.00 48 48 30 0 0.00 0.00 0 0 0 5.00 0.00 0.50
13.00 49 48 30 0 0.00 0.00 0 0 0 5.00 0.00 0.50
12.00 48 48 30 0 0.00 0.00 0 0 0 5.00 0.00 0.50
14.00 48 48 30 0 0.00 0.00 0 0 0 5.00 0.00 0.50
12.00 48 48 30 0 0.00 0.00 0 0 0 5.00 0.00 0.50
12.00 48 48 30 0 0.00 0.00 0 0 0 5.00 0.00 0.50
14.00 49 48 30 0 0.00 0.00 0 0 0 5.00 0.00 0.50
12.00 44 48 30 0 0.00 0.00 0 0 0 5.00 0.00 0.50
13.00 48 48 30 0 0.00 0.00 0 0 0 5.00 0.00 0.50
12.00 48 48 30 0 0.00 0.00 0 0 0 5.00 0.00 0.50
14.00 42 48 30 0 0.00 0.00 0 0 0 5.00 0.00 0.50
12.00 48 48 30 0 0.00 0.00 0 0 0 5.00 0.00 0.50
13.00 48 48 30 0 0.00 0.00 0 0 0 5.00 0.00 0.50
13.00 48 48 30 0 0.00 0.00 0 0 0 5.00 0.00 0.50
12.00 48 48 30 0 0.00 0.00 0 0 0 5.00 0.00 0.50
13.00 43 49 30 0 0.00 0.00 0 0 0 5.00 0.00 0.50
13.00 48 48 30 0 0.00 0.00 0 0 0 5.00 0.00 0.50
13.00 49 48 30 0 0.00 0.00 0 0 0 5.00 0.00 0.50
12.00 44 48 30 0 0.00 0.00 0 0 0 5.00 0.00 0.50
13.00 48 49 30 0 0.00 0.00 0 0 0 5.00 0.00 0.50
13.00 48 48 30 0 0.00 0.00 0 0 0 5.00 0.00 0.50
12.00 48 49 30 0 0.00 0.00 0 0 0 5.00 0.00 0.50
13.00 48 48 30 0 0.00 0.00 0 0 0 5.00 0.00 0.50
13.00 45 48 30 0 0.00 0.00 0 0 0 5.00 0.00 0.50
13.00 48 48 30 0 0.00 0.00 0 0 0 5.00 0.00 0.50
12.00 48 48 30 0 0.00 0.00 0 0 0 5.00 0.00 0.50
14.00 49 48 30 0 0.00 0.00 0 0 0 5.00 0.00 0.50
12.00 48 48 30 0 0.00 0.00 0 0 0 5.00 0.00 0.50
13.00 48 48 30 0 0.00 0.00 0 0 0 5.00 0.00 0.50
12.00 49 48 30 0 0.00 0.00 0 0 0 5.00 0.00 0.50
13.00 49 48 30 0 0.00 0.00 0 0 0 5.00 0.00 0.50
13.00 48 48 30 0 0.00 0.00 0 0 0 5.00 0.00 0.50
12.00 48 48 30 0 0.00 0.00 0 0 0 5.00 0.00 0.50
14.00 48 48 30 0 0.00 0.00 0 0 0 5.00 0.00 0.50
12.00 45 48 30 0 0.00 0.00 0 0 0 5.00 0.00 0.50
13.00 45 48 30 0 0.00 0.00 0 0 0 5.00 0.00 0.50
13.00 49 48 48 3 155.00 155.00 48 0 0 5.00 0.00 0.50
14.00 49 48 48 3 155.00 155.00 48 0 0 5.00 0.00 0.50
14.00 48 48 48 3 155.00 155.00 48 0 0 5.00 0.00 0.50
14.00 49 48 48 3 155.00 155.00 48 0 0 5.00 0.00 0.50
14.00 49 49 48 3 134.64 175.36 49 0 0 5.00 0.00 0.50
14.00 49 49 48 3 152.50 157.50 49 0 0 5.00 0.00 0.50
14.00 48 48 48 3 172.86 137.14 48 0 0 5.00 0.00 0.50
14.00 48 48 48 3 155.00 155.00 48 0 0 5.00 0.00 0.50
14.00 48 48 48 3 155.00 155.00 48 0 0 5.00 0.00 0.50
15.00 48 48 48 3 155.00 155.00 48 0 0 5.00 0.00 0.50
13.00 48 48 48 3 155.00 155.00 48 0 0 5.00 0.00 0.50
14.00 48 48 48 3 155.00 155.00 48 0 0 5.00 0.00 0.50
15.00 48 48 48 3 155.00 155.00 48 0 0 5.00 0.00 0.50
13.00 48 48 48 3 155.00 155.00 48 0 0 5.00 0.00 0.50
14.00 48 49 48 3 134.64 175.36 49 0 0 5.00 0.00 0.50
15.00 47 48 48 3 171.67 138.33 48 0 0 5.00 0.00 0.50
13.00 47 48 48 3 155.00 155.00 48 0 0 5.00 0.00 0.50
14.00 48 49 48 3 134.64 175.36 49 0 0 5.00 0.00 0.50
14.00 44 49 48 3 152.50 157.50 49 0 0 5.00 0.00 0.50
15.00 44 49 48 3 152.50 157.50 49 0 0 5.00 0.00 0.50
13.00 43 49 48 3 152.50 157.50 49 0 0 5.00 0.00 0.50
14.00 45 49 48 3 152.50 157.50 49 0 0 5.00 0.00 0.50
15.00 47 48 48 3 171.67 138.33 48 0 0 5.00 0.00 0.50
13.00 47 49 48 3 133.27 176.73 49 0 0 5.00 0.00 0.50
14.00 45 49 48 3 152.50 157.50 49 0 0 5.00 0.00 0.50
15.00 44 49 48 3 152.50 157.50 49 0 0 5.00 0.00 0.50
14.00 45 48 48 3 172.86 137.14 48 0 0 5.00 0.00 0.50
13.00 43 48 48 3 155.00 155.00 48 0 0 5.00 0.00 0.50
15.00 45 49 48 3 135.83 174.17 49 0 0 5.00 0.00 0.50
14.00 45 48 48 3 172.86 137.14 48 0 0 5.00 0.00 0.50
13.00 46 48 48 3 155.00 155.00 48 0 0 5.00 0.00 0.50
15.00 45 49 48 3 135.83 174.17 49 0 0 5.00 0.00 0.50
14.00 47 48 48 3 172.86 137.14 48 0 0 5.00 0.00 0.50
14.00 48 48 48 3 155.00 155.00 48 0 0 5.00 0.00 0.50
14.00 47 49 48 3 134.64 175.36 49 0 0 5.00 0.00 0.50
14.00 48 48 48 3 172.86 137.14 48 0 0 5.00 0.00 0.50
14.00 48 49 48 3 134.64 175.36 49 0 0 5.00 0.00 0.50
14.00 48 49 48 3 152.50 157.50 49 0 0 5.00 0.00 0.50
14.00 47 48 48 3 172.86 137.14 48 0 0 5.00 0.00 0.50
14.00 45 48 48 3 155.00 155.00 48 0 0 5.00 0.00 0.50
15.00 44 49 48 3 135.83 174.17 49 0 0 5.00 0.00 0.50
13.00 44 49 48 3 152.50 157.50 49 0 0 5.00 0.00 0.50
14.00 45 48 48 3 172.86 137.14 48 0 0 5.00 0.00 0.50
15.00 44 49 48 3 135.83 174.17 49 0 0 5.00 0.00 0.50
13.00 48 48 48 3 174.23 135.77 48 0 0 5.00 0.00 0.50
14.00 49 49 48 3 134.64 175.36 49 0 0 5.00 0.00 0.50
15.00 48 49 48 3 152.50 157.50 49 0 0 5.00 0.00 0.50
14.00 48 49 48 3 152.50 157.50 49 0 0 5.00 0.00 0.50
13.00 49 49 48 3 152.50 157.50 49 0 0 5.00 0.00 0.50
15.00 48 48 48 3 171.67 138.33 48 0 0 5.00 0.00 0.50
14.00 49 49 48 3 134.64 175.36 49 0 0 5.00 0.00 0.50
13.00 48 49 48 3 152.50 157.50 49 0 0 5.00 0.00 0.50
15.00 44 49 48 3 152.50 157.50 49 0 0 5.00 0.00 0.50
14.00 44 48 48 3 172.86 137.14 48 0 0 5.00 0.00 0.50
14.00 43 49 48 3 134.64 175.36 49 0 0 5.00 0.00 0.50
14.00 43 49 48 3 152.50 157.50 49 0 0 5.00 0.00 0.50
14.00 44 49 48 3 152.50 157.50 49 0 0 5.00 0.00 0.50
14.00 44 49 48 3 152.50 157.50 49 0 0 5.00 0.00 0.50
14.00 43 49 48 3 152.50 157.50 49 0 0 5.00 0.00 0.50
14.00 43 49 48 3 152.50 157.50 49 0 0 5.00 0.00 0.50
14.00 44 49 48 3 152.50 157.50 49 0 0 5.00 0.00 0.50
14.00 43 49 48 3 152.50 157.50 49 0 0 5.00 0.00 0.50
14.00 44 49 48 3 152.50 157.50 49 0 0 5.00 0.00 0.50
14.00 44 49 48 3 152.50 157.50 49 0 0 5.00 0.00 0.50
15.00 44 49 48 3 152.50 157.50 49 0 0 5.00 0.00 0.50
13.00 44 49 48 3 152.50 157.50 49 0 0 5.00 0.00 0.50
14.00 44 50 48 3 132.14 177.86 50 0 0 5.00 0.00 0.50
15.00 44 49 48 3 169.17 140.83 49 0 0 5.00 0.00 0.50
13.00 44 50 48 3 130.77 179.23 50 0 0 5.00 0.00 0.50
14.00 44 49 48 3 170.36 139.64 49 0 0 5.00 0.00 0.50
15.00 44 50 48 3 133.33 176.67 50 0 0 5.00 0.00 0.50
14.00 45 49 48 3 170.36 139.64 49 0 0 5.00 0.00 0.50
13.00 46 49 48 3 152.50 157.50 49 0 0 5.00 0.00 0.50
15.00 49 49 48 3 152.50 157.50 49 0 0 5.00 0.00 0.50
14.00 49 50 48 3 132.14 177.86 50 0 0 5.00 0.00 0.50
13.00 45 50 48 3 150.00 160.00 50 0 0 5.00 0.00 0.50
15.00 43 50 48 3 150.00 160.00 50 0 0 5.00 0.00 0.50
14.00 44 50 48 3 150.00 160.00 50 0 0 5.00 0.00 0.50
14.00 44 49 48 3 170.36 139.64 49 0 0 5.00 0.00 0.50
14.00 45 49 48 3 152.50 157.50 49 0 0 5.00 0.00 0.50
14.00 43 50 48 3 132.14 177.86 50 0 0 5.00 0.00 0.50
14.00 44 50 48 3 150.00 160.00 50 0 0 5.00 0.00 0.50
14.00 43 50 48 3 150.00 160.00 50 0 0 5.00 0.00 0.50
14.00 44 49 48 3 170.36 139.64 49 0 0 5.00 0.00 0.50
14.00 45 49 48 3 152.50 157.50 49 0 0 5.00 0.00 0.50
15.00 44 49 48 3 152.50 157.50 49 0 0 5.00 0.00 0.50
13.00 44 49 48 3 152.50 157.50 49 0 0 5.00 0.00 0.50
14.00 44 49 48 3 152.50 157.50 49 0 0 5.00 0.00 0.50
15.00 43 49 48 3 152.50 157.50 49 0 0 5.00 0.00 0.50
13.00 43 50 48 3 130.77 179.23 50 0 0 5.00 0.00 0.50
14.00 44 49 48 3 170.36 139.64 49 0 0 5.00 0.00 0.50
15.00 43 49 48 3 152.50 157.50 49 0 0 5.00 0.00 0.50
14.00 44 48 48 3 172.86 137.14 48 0 0 5.00 0.00 0.50
13.00 44 48 48 3 155.00 155.00 48 0 0 5.00 0.00 0.50
14.00 44 49 48 3 134.64 175.36 49 0 0 5.00 0.00 0.50
15.00 45 49 48 3 152.50 157.50 49 0 0 5.00 0.00 0.50
13.00 44 49 48 3 152.50 157.50 49 0 0 5.00 0.00 0.50
14.00 45 49 48 3 152.50 157.50 49 0 0 5.00 0.00 0.50
15.00 46 49 48 3 152.50 157.50 49 0 0 5.00 0.00 0.50
13.00 45 49 48 3 152.50 157.50 49 0 0 5.00 0.00 0.50
14.00 45 49 48 3 152.50 157.50 49 0 0 5.00 0.00 0.50
15.00 45 49 48 3 152.50 157.50 49 0 0 5.00 0.00 0.50
14.00 45 49 48 3 152.50 157.50 49 0 0 5.00 0.00 0.50
13.00 49 49 48 3 152.50 157.50 49 0 0 5.00 0.00 0.50
15.00 47 49 48 3 152.50 157.50 49 0 0 5.00 0.00 0.50
14.00 47 49 48 3 152.50 157.50 49 0 0 5.00 0.00 0.50
13.00 49 49 48 3 152.50 157.50 49 0 0 5.00 0.00 0.50
15.00 49 49 48 3 152.50 157.50 49 0 0 5.00 0.00 0.50
14.00 49 49 48 3 152.50 157.50 49 0 0 5.00 0.00 0.50
14.00 49 50 48 3 132.14 177.86 50 0 0 5.00 0.00 0.50
14.00 49 49 48 3 170.36 139.64 49 0 0 5.00 0.00 0.50
14.00 49 50 48 3 132.14 177.86 50 0 0 5.00 0.00 0.50
14.00 49 49 48 3 170.36 139.64 49 0 0 5.00 0.00 0.50
14.00 49 50 48 3 132.14 177.86 50 0 0 5.00 0.00 0.50
14.00 49 49 48 3 170.36 139.64 49 0 0 5.00 0.00 0.50
14.00 49 49 48 3 152.50 157.50 49 0 0 5.00 0.00 0.50
15.00 49 49 48 3 152.50 157.50 49 0 0 5.00 0.00 0.50
13.00 49 50 48 3 130.77 179.23 50 0 0 5.00 0.00 0.50
14.00 49 50 48 3 150.00 160.00 50 0 0 5.00 0.00 0.50
15.00 49 50 48 3 150.00 160.00 50 0 0 5.00 0.00 0.50
13.00 49 50 48 3 150.00 160.00 50 0 0 5.00 0.00 0.50
14.00 49 50 48 3 150.00 160.00 50 0 0 5.00 0.00 0.50
15.00 49 50 48 3 150.00 160.00 50 0 0 5.00 0.00 0.50
14.00 50 50 48 3 150.00 160.00 50 0 0 5.00 0.00 0.50
13.00 49 50 48 3 150.00 160.00 50 0 0 5.00 0.00 0.50
15.00 45 50 48 3 150.00 160.00 50 0 0 5.00 0.00 0.50
14.00 49 50 48 3 150.00 160.00 50 0 0 5.00 0.00 0.50
13.00 49 50 48 3 150.00 160.00 50 0 0 5.00 0.00 0.50
15.00 49 50 48 3 150.00 160.00 50 0 0 5.00 0.00 0.50
14.00 49 50 48 3 150.00 160.00 50 0 0 5.00 0.00 0.50
14.00 49 50 48 3 150.00 160.00 50 0 0 5.00 0.00 0.50
14.00 49 50 48 3 150.00 160.00 50 0 0 5.00 0.00 0.50
14.00 47 50 48 3 150.00 160.00 50 0 0 5.00 0.00 0.50
14.00 46 50 48 3 150.00 160.00 50 0 0 5.00 0.00 0.50
14.00 46 50 48 3 150.00 160.00 50 0 0 5.00 0.00 0.50
14.00 50 50 48 3 150.00 160.00 50 0 0 5.00 0.00 0.50
14.00 48 50 48 3 150.00 160.00 50 0 0 5.00 0.00 0.50
15.00 49 50 48 3 150.00 160.00 50 0 0 5.00 0.00 0.50
13.00 50 50 48 3 150.00 160.00 50 0 0 5.00 0.00 0.50
14.00 47 50 48 3 150.00 160.00 50 0 0 5.00 0.00 0.50
15.00 49 50 48 3 150.00 160.00 50 0 0 5.00 0.00 0.50
13.00 48 51 48 3 128.27 181.73 51 0 0 5.00 0.00 0.50
14.00 49 50 48 3 167.86 142.14 50 0 0 5.00 0.00 0.50
15.00 50 50 48 3 150.00 160.00 50 0 0 5.00 0.00 0.50
13.00 49 50 48 3 150.00 160.00 50 0 0 5.00 0.00 0.50
14.00 49 51 48 3 129.64 180.36 51 0 0 5.00 0.00 0.50
15.00 49 51 48 3 147.50 162.50 51 0 0 5.00 0.00 0.50
14.00 50 50 48 3 167.86 142.14 50 0 0 5.00 0.00 0.50
13.00 49 50 48 3 150.00 160.00 50 0 0 5.00 0.00 0.50
15.00 49 50 48 3 150.00 160.00 50 0 0 5.00 0.00 0.50
14.00 49 50 48 3 150.00 160.00 50 0 0 5.00 0.00 0.50
13.00 49 50 48 3 150.00 160.00 50 0 0 5.00 0.00 0.50
15.00 49 50 48 3 150.00 160.00 50 0 0 5.00 0.00 0.50
14.00 49 50 48 3 150.00 160.00 50 0 0 5.00 0.00 0.50
14.00 49 50 48 3 150.00 160.00 50 0 0 5.00 0.00 0.50
14.00 48 50 48 3 150.00 160.00 50 0 0 5.00 0.00 0.50
14.00 49 50 48 3 150.00 160.00 50 0 0 5.00 0.00 0.50
14.00 48 50 48 3 150.00 160.00 50 0 0 5.00 0.00 0.50
14.00 49 51 48 3 129.64 180.36 51 0 0 5.00 0.00 0.50
14.00 48 50 48 3 167.86 142.14 50 0 0 5.00 0.00 0.50
14.00 48 50 48 3 150.00 160.00 50 0 0 5.00 0.00 0.50
15.00 49 50 48 3 150.00 160.00 50 0 0 5.00 0.00 0.50
13.00 49 50 48 3 150.00 160.00 50 0 0 5.00 0.00 0.50
14.00 49 50 48 3 150.00 160.00 50 0 0 5.00 0.00 0.50
15.00 49 50 48 3 150.00 160.00 50 0 0 5.00 0.00 0.50
13.00 49 50 48 3 150.00 160.00 50 0 0 5.00 0.00 0.50
14.00 49 50 48 3 150.00 160.00 50 0 0 5.00 0.00 0.50
15.00 49 50 48 3 150.00 160.00 50 0 0 5.00 0.00 0.50
14.00 49 50 48 3 150.00 160.00 50 0 0 5.00 0.00 0.50
13.00 49 50 48 3 150.00 160.00 50 0 0 5.00 0.00 0.50
15.00 49 50 48 3 150.00 160.00 50 0 0 5.00 0.00 0.50
14.00 49 50 48 3 150.00 160.00 50 0 0 5.00 0.00 0.50
13.00 49 50 48 3 150.00 160.00 50 0 0 5.00 0.00 0.50
14.00 49 50 48 3 150.00 160.00 50 0 0 5.00 0.00 0.50
15.00 49 51 48 3 130.83 179.17 51 0 0 5.00 0.00 0.50
14.00 49 50 48 3 167.86 142.14 50 0 0 5.00 0.00 0.50
13.00 49 50 48 3 150.00 160.00 50 0 0 5.00 0.00 0.50
15.00 49 51 48 3 130.83 179.17 51 0 0 5.00 0.00 0.50
14.00 48 50 48 3 167.86 142.14 50 0 0 5.00 0.00 0.50
13.00 49 51 48 3 128.27 181.73 51 0 0 5.00 0.00 0.50
15.00 49 51 48 3 147.50 162.50 51 0 0 5.00 0.00 0.50
14.00 48 50 48 3 167.86 142.14 50 0 0 5.00 0.00 0.50
14.00 49 51 48 3 129.64 180.36 51 0 0 5.00 0.00 0.50
14.00 48 51 48 3 147.50 162.50 51 0 0 5.00 0.00 0.50
14.00 50 50 48 3 167.86 142.14 50 0 0 5.00 0.00 0.50
14.00 49 50 48 3 150.00 160.00 50 0 0 5.00 0.00 0.50
14.00 49 50 48 3 150.00 160.00 50 0 0 5.00 0.00 0.50
14.00 47 51 48 3 129.64 180.36 51 0 0 5.00 0.00 0.50
14.00 46 50 48 3 167.86 142.14 50 0 0 5.00 0.00 0.50
14.00 46 50 48 3 150.00 160.00 50 0 0 5.00 0.00 0.50
14.00 45 50 48 3 150.00 160.00 50 0 0 5.00 0.00 0.50
14.00 46 50 48 3 150.00 160.00 50 0 0 5.00 0.00 0.50
15.00 46 50 48 3 150.00 160.00 50 0 0 5.00 0.00 0.50
13.00 47 50 48 3 150.00 160.00 50 0 0 5.00 0.00 0.50
14.00 46 50 48 3 150.00 160.00 50 0 0 5.00 0.00 0.50
15.00 46 50 48 3 150.00 160.00 50 0 0 5.00 0.00 0.50
13.00 46 50 48 3 150.00 160.00 50 0 0 5.00 0.00 0.50
14.00 50 50 48 3 150.00 160.00 50 0 0 5.00 0.00 0.50
15.00 50 50 48 3 150.00 160.00 50 0 0 5.00 0.00 0.50
14.00 49 50 48 3 150.00 160.00 50 0 0 5.00 0.00 0.50
13.00 47 50 48 3 150.00 160.00 50 0 0 5.00 0.00 0.50
15.00 47 51 48 3 130.83 179.17 51 0 0 5.00 0.00 0.50
14.00 49 50 48 3 167.86 142.14 50 0 0 5.00 0.00 0.50
13.00 49 50 48 3 150.00 160.00 50 0 0 5.00 0.00 0.50
15.00 50 50 48 3 150.00 160.00 50 0 0 5.00 0.00 0.50
14.00 49 50 48 3 150.00 160.00 50 0 0 5.00 0.00 0.50
14.00 49 49 48 3 170.36 139.64 49 0 0 5.00 0.00 0.50
14.00 49 50 48 3 132.14 177.86 50 0 0 5.00 0.00 0.50
14.00 49 49 48 3 170.36 139.64 49 0 0 5.00 0.00 0.50
14.00 49 49 48 3 152.50 157.50 49 0 0 5.00 0.00 0.50
14.00 49 49 48 3 152.50 157.50 49 0 0 5.00 0.00 0.50
14.00 49 49 48 3 152.50 157.50 49 0 0 5.00 0.00 0.50
14.00 49 49 48 3 152.50 157.50 49 0 0 5.00 0.00 0.50
15.00 49 49 48 3 152.50 157.50 49 0 0 5.00 0.00 0.50
13.00 49 50 48 3 130.77 179.23 50 0 0 5.00 0.00 0.50
14.00 48 49 48 3 170.36 139.64 49 0 0 5.00 0.00 0.50
15.00 49 50 48 3 133.33 176.67 50 0 0 5.00 0.00 0.50
13.00 49 50 48 3 150.00 160.00 50 0 0 5.00 0.00 0.50
14.00 49 49 48 3 170.36 139.64 49 0 0 5.00 0.00 0.50
15.00 49 49 48 3 152.50 157.50 49 0 0 5.00 0.00 0.50
14.00 49 49 48 3 152.50 157.50 49 0 0 5.00 0.00 0.50
13.00 49 49 48 3 152.50 157.50 49 0 0 5.00 0.00 0.50
15.00 49 49 48 3 152.50 157.50 49 0 0 5.00 0.00 0.50
14.00 49 49 48 3 152.50 157.50 49 0 0 5.00 0.00 0.50
13.00 49 49 48 3 152.50 157.50 49 0 0 5.00 0.00 0.50
15.00 49 49 48 3 152.50 157.50 49 0 0 5.00 0.00 0.50
14.00 49 49 48 3 152.50 157.50 49 0 0 5.00 0.00 0.50
13.00 49 49 48 3 152.50 157.50 49 0 0 5.00 0.00 0.50
15.00 49 49 48 3 152.50 157.50 49 0 0 5.00 0.00 0.50
14.00 49 49 48 3 152.50 157.50 49 0 0 5.00 0.00 0.50
14.00 49 50 48 3 132.14 177.86 50 0 0 5.00 0.00 0.50
14.00 49 49 48 3 170.36 139.64 49 0 0 5.00 0.00 0.50
14.00 48 49 48 3 152.50 157.50 49 0 0 5.00 0.00 0.50
14.00 48 49 48 3 152.50 157.50 49 0 0 5.00 0.00 0.50
14.00 48 49 48 3 152.50 157.50 49 0 0 5.00 0.00 0.50
14.00 48 49 48 3 152.50 157.50 49 0 0 5.00 0.00 0.50
14.00 48 49 48 3 152.50 157.50 49 0 0 5.00 0.00 0.50
15.00 47 49 48 3 152.50 157.50 49 0 0 5.00 0.00 0.50
13.00 47 48 48 3 174.23 135.77 48 0 0 5.00 0.00 0.50
14.00 47 49 48 3 134.64 175.36 49 0 0 5.00 0.00 0.50
15.00 47 48 48 3 171.67 138.33 48 0 0 5.00 0.00 0.50
13.00 46 48 48 3 155.00 155.00 48 0 0 5.00 0.00 0.50
14.00 47 48 48 3 155.00 155.00 48 0 0 5.00 0.00 0.50
15.00 46 48 48 3 155.00 155.00 48 0 0 5.00 0.00 0.50
14.00 46 48 48 3 155.00 155.00 48 0 0 5.00 0.00 0.50
13.00 45 49 48 3 133.27 176.73 49 0 0 5.00 0.00 0.50
15.00 45 48 48 3 171.67 138.33 48 0 0 5.00 0.00 0.50
14.00 46 49 48 3 134.64 175.36 49 0 0 5.00 0.00 0.50
13.00 46 48 48 3 174.23 135.77 48 0 0 5.00 0.00 0.50
14.00 45 48 48 3 155.00 155.00 48 0 0 5.00 0.00 0.50
15.00 45 48 48 3 155.00 155.00 48 0 0 5.00 0.00 0.50
14.00 45 48 48 3 155.00 155.00 48 0 0 5.00 0.00 0.50
13.00 45 48 48 3 155.00 155.00 48 0 0 5.00 0.00 0.50
15.00 44 48 48 3 155.00 155.00 48 0 0 5.00 0.00 0.50
14.00 46 48 48 3 155.00 155.00 48 0 0 5.00 0.00 0.50
13.00 45 47 48 3 176.73 133.27 47 0 0 5.00 0.00 0.50
15.00 46 47 48 3 157.50 152.50 47 0 0 5.00 0.00 0.50
14.00 45 48 48 3 137.14 172.86 48 0 0 5.00 0.00 0.50
14.00 45 47 48 3 175.36 134.64 47 0 0 5.00 0.00 0.50
14.00 45 47 48 3 157.50 152.50 47 0 0 5.00 0.00 0.50
14.00 45 47 48 3 157.50 152.50 47 0 0 5.00 0.00 0.50
14.00 45 47 48 3 157.50 152.50 47 0 0 5.00 0.00 0.50
14.00 45 47 48 3 157.50 152.50 47 0 0 5.00 0.00 0.50
14.00 46 47 48 3 157.50 152.50 47 0 0 5.00 0.00 0.50
14.00 46 47 48 3 157.50 152.50 47 0 0 5.00 0.00 0.50
15.00 46 47 48 3 157.50 152.50 47 0 0 5.00 0.00 0.50
13.00 48 47 48 3 157.50 152.50 47 0 0 5.00 0.00 0.50
14.00 46 47 48 3 157.50 152.50 47 0 0 5.00 0.00 0.50
15.00 46 47 48 3 157.50 152.50 47 0 0 5.00 0.00 0.50
13.00 46 47 48 3 157.50 152.50 47 0 0 5.00 0.00 0.50
14.00 46 47 48 3 157.50 152.50 47 0 0 5.00 0.00 0.50
15.00 46 47 48 3 157.50 152.50 47 0 0 5.00 0.00 0.50
13.00 46 47 48 3 157.50 152.50 47 0 0 5.00 0.00 0.50
14.00 46 47 48 3 157.50 152.50 47 0 0 5.00 0.00 0.50
15.00 47 46 48 3 176.67 133.33 46 0 0 5.00 0.00 0.50
14.00 47 46 48 3 160.00 150.00 46 0 0 5.00 0.00 0.50
13.00 47 46 48 3 160.00 150.00 46 0 0 5.00 0.00 0.50
15.00 47 46 48 3 160.00 150.00 46 0 0 5.00 0.00 0.50
14.00 47 47 48 3 139.64 170.36 47 0 0 5.00 0.00 0.50
13.00 48 46 48 3 179.23 130.77 46 0 0 5.00 0.00 0.50
15.00 48 47 48 3 140.83 169.17 47 0 0 5.00 0.00 0.50
14.00 48 47 48 3 157.50 152.50 47 0 0 5.00 0.00 0.50
14.00 48 46 48 3 177.86 132.14 46 0 0 5.00 0.00 0.50
14.00 47 47 48 3 139.64 170.36 47 0 0 5.00 0.00 0.50
14.00 47 46 48 3 177.86 132.14 46 0 0 5.00 0.00 0.50
14.00 47 46 48 3 160.00 150.00 46 0 0 5.00 0.00 0.50
14.00 47 46 48 3 160.00 150.00 46 0 0 5.00 0.00 0.50
14.00 47 46 48 3 160.00 150.00 46 0 0 5.00 0.00 0.50
14.00 47 46 48 3 160.00 150.00 46 0 0 5.00 0.00 0.50
15.00 47 46 48 3 160.00 150.00 46 0 0 5.00 0.00 0.50
13.00 47 46 48 3 160.00 150.00 46 0 0 5.00 0.00 0.50
14.00 47 46 48 3 160.00 150.00 46 0 0 5.00 0.00 0.50
15.00 47 47 48 3 140.83 169.17 47 0 0 5.00 0.00 0.50
13.00 47 47 48 3 157.50 152.50 47 0 0 5.00 0.00 0.50
14.00 47 46 48 3 177.86 132.14 46 0 0 5.00 0.00 0.50
15.00 47 46 48 3 160.00 150.00 46 0 0 5.00 0.00 0.50
14.00 47 46 48 3 160.00 150.00 46 0 0 5.00 0.00 0.50
13.00 47 46 48 3 160.00 150.00 46 0 0 5.00 0.00 0.50
15.00 47 46 48 3 160.00 150.00 46 0 0 5.00 0.00 0.50
14.00 47 47 48 3 139.64 170.36 47 0 0 5.00 0.00 0.50
13.00 47 46 48 3 179.23 130.77 46 0 0 5.00 0.00 0.50
15.00 47 46 48 3 160.00 150.00 46 0 0 5.00 0.00 0.50
14.00 47 47 48 3 139.64 170.36 47 0 0 5.00 0.00 0.50
14.00 47 47 48 3 157.50 152.50 47 0 0 5.00 0.00 0.50
14.00 47 47 48 3 157.50 152.50 47 0 0 5.00 0.00 0.50
14.00 46 47 48 3 157.50 152.50 47 0 0 5.00 0.00 0.50
14.00 47 47 48 3 157.50 152.50 47 0 0 5.00 0.00 0.50
14.00 47 46 48 3 177.86 132.14 46 0 0 5.00 0.00 0.50
14.00 46 46 48 3 160.00 150.00 46 0 0 5.00 0.00 0.50
14.00 47 46 48 3 160.00 150.00 46 0 0 5.00 0.00 0.50
15.00 46 46 48 3 160.00 150.00 46 0 0 5.00 0.00 0.50
13.00 46 47 48 3 138.27 171.73 47 0 0 5.00 0.00 0.50
14.00 46 46 48 3 177.86 132.14 46 0 0 5.00 0.00 0.50
15.00 46 47 48 3 140.83 169.17 47 0 0 5.00 0.00 0.50
13.00 46 46 48 3 179.23 130.77 46 0 0 5.00 0.00 0.50
14.00 46 46 48 3 160.00 150.00 46 0 0 5.00 0.00 0.50
15.00 47 46 48 3 160.00 150.00 46 0 0 5.00 0.00 0.50
13.00 46 47 48 3 138.27 171.73 47 0 0 5.00 0.00 0.50
14.00 46 47 48 3 157.50 152.50 47 0 0 5.00 0.00 0.50
15.00 46 46 48 3 176.67 133.33 46 0 0 5.00 0.00 0.50
14.00 46 46 48 3 160.00 150.00 46 0 0 5.00 0.00 0.50
13.00 46 46 48 3 160.00 150.00 46 0 0 5.00 0.00 0.50
15.00 46 47 48 3 140.83 169.17 47 0 0 5.00 0.00 0.50
14.00 46 47 48 3 157.50 152.50 47 0 0 5.00 0.00 0.50
13.00 46 47 48 3 157.50 152.50 47 0 0 5.00 0.00 0.50
15.00 46 46 48 3 176.67 133.33 46 0 0 5.00 0.00 0.50
14.00 45 46 48 3 160.00 150.00 46 0 0 5.00 0.00 0.50
14.00 45 46 48 3 160.00 150.00 46 0 0 5.00 0.00 0.50
13.00 45 46 48 3 160.00 150.00 46 0 0 5.00 0.00 0.50
15.00 46 46 48 3 160.00 150.00 46 0 0 5.00 0.00 0.50
14.00 46 46 48 3 160.00 150.00 46 0 0 5.00 0.00 0.50
13.00 45 47 48 3 138.27 171.73 47 0 0 5.00 0.00 0.50
15.00 45 47 48 3 157.50 152.50 47 0 0 5.00 0.00 0.50
14.00 45 46 48 3 177.86 132.14 46 0 0 5.00 0.00 0.50
14.00 44 46 48 3 160.00 150.00 46 0 0 5.00 0.00 0.50
14.00 44 47 48 3 139.64 170.36 47 0 0 5.00 0.00 0.50
14.00 44 47 48 3 157.50 152.50 47 0 0 5.00 0.00 0.50
14.00 44 46 48 3 177.86 132.14 46 0 0 5.00 0.00 0.50
14.00 44 46 48 3 160.00 150.00 46 0 0 5.00 0.00 0.50
14.00 44 46 48 3 160.00 150.00 46 0 0 5.00 0.00 0.50
14.00 43 47 48 3 139.64 170.36 47 0 0 5.00 0.00 0.50
15.00 43 46 48 3 176.67 133.33 46 0 0 5.00 0.00 0.50
13.00 44 46 48 3 160.00 150.00 46 0 0 5.00 0.00 0.50
14.00 43 46 48 3 160.00 150.00 46 0 0 5.00 0.00 0.50
15.00 43 47 48 3 140.83 169.17 47 0 0 5.00 0.00 0.50
13.00 43 47 48 3 157.50 152.50 47 0 0 5.00 0.00 0.50
14.00 43 47 48 3 157.50 152.50 47 0 0 5.00 0.00 0.50
15.00 44 47 48 3 157.50 152.50 47 0 0 5.00 0.00 0.50
14.00 43 47 48 3 157.50 152.50 47 0 0 5.00 0.00 0.50
13.00 43 47 48 3 157.50 152.50 47 0 0 5.00 0.00 0.50
15.00 43 47 48 3 157.50 152.50 47 0 0 5.00 0.00 0.50
14.00 44 47 48 3 157.50 152.50 47 0 0 5.00 0.00 0.50
13.00 43 47 48 3 157.50 152.50 47 0 0 5.00 0.00 0.50
15.00 43 47 48 3 157.50 152.50 47 0 0 5.00 0.00 0.50
14.00 43 48 48 3 137.14 172.86 48 0 0 5.00 0.00 0.50
13.00 43 47 48 3 176.73 133.27 47 0 0 5.00 0.00 0.50
15.00 43 47 48 3 157.50 152.50 47 0 0 5.00 0.00 0.50
14.00 43 48 48 3 137.14 172.86 48 0 0 5.00 0.00 0.50
14.00 44 48 48 3 155.00 155.00 48 0 0 5.00 0.00 0.50
14.00 43 48 48 3 155.00 155.00 48 0 0 5.00 0.00 0.50
14.00 44 48 48 3 155.00 155.00 48 0 0 5.00 0.00 0.50
14.00 44 47 48 3 175.36 134.64 47 0 0 5.00 0.00 0.50
14.00 44 47 48 3 157.50 152.50 47 0 0 5.00 0.00 0.50
14.00 43 48 48 3 137.14 172.86 48 0 0 5.00 0.00 0.50
14.00 44 47 48 3 175.36 134.64 47 0 0 5.00 0.00 0.50
15.00 43 48 48 3 138.33 171.67 48 0 0 5.00 0.00 0.50
13.00 43 48 48 3 155.00 155.00 48 0 0 5.00 0.00 0.50
14.00 42 49 48 3 134.64 175.36 49 0 0 5.00 0.00 0.50
15.00 43 48 48 3 171.67 138.33 48 0 0 5.00 0.00 0.50
13.00 42 48 48 3 155.00 155.00 48 0 0 5.00 0.00 0.50
14.00 42 48 48 3 155.00 155.00 48 0 0 5.00 0.00 0.50
15.00 43 48 48 3 155.00 155.00 48 0 0 5.00 0.00 0.50
14.00 42 48 48 3 155.00 155.00 48 0 0 5.00 0.00 0.50
13.00 43 47 48 3 176.73 133.27 47 0 0 5.00 0.00 0.50
15.00 44 48 48 3 138.33 171.67 48 0 0 5.00 0.00 0.50
14.00 48 47 48 3 175.36 134.64 47 0 0 5.00 0.00 0.50
13.00 48 47 48 3 157.50 152.50 47 0 0 5.00 0.00 0.50
15.00 47 47 48 3 157.50 152.50 47 0 0 5.00 0.00 0.50
14.00 48 47 48 3 157.50 152.50 47 0 0 5.00 0.00 0.50
14.00 48 48 48 3 137.14 172.86 48 0 0 5.00 0.00 0.50
14.00 48 48 48 3 155.00 155.00 48 0 0 5.00 0.00 0.50
14.00 47 48 48 3 155.00 155.00 48 0 0 5.00 0.00 0.50
14.00 47 48 48 3 155.00 155.00 48 0 0 5.00 0.00 0.50
14.00 43 48 48 3 155.00 155.00 48 0 0 5.00 0.00 0.50
14.00 42 48 48 3 155.00 155.00 48 0 0 5.00 0.00 0.50
14.00 42 48 48 3 155.00 155.00 48 0 0 5.00 0.00 0.50
15.00 43 48 48 3 155.00 155.00 48 0 0 5.00 0.00 0.50
13.00 45 48 48 3 155.00 155.00 48 0 0 5.00 0.00 0.50
14.00 45 48 48 3 155.00 155.00 48 0 0 5.00 0.00 0.50
15.00 47 48 48 3 155.00 155.00 48 0 0 5.00 0.00 0.50
13.00 47 48 48 3 155.00 155.00 48 0 0 5.00 0.00 0.50
14.00 47 48 48 3 155.00 155.00 48 0 0 5.00 0.00 0.50
15.00 47 49 48 3 135.83 174.17 49 0 0 5.00 0.00 0.50
14.00 46 49 48 3 152.50 157.50 49 0 0 5.00 0.00 0.50
13.00 47 48 48 3 174.23 135.77 48 0 0 5.00 0.00 0.50
15.00 46 49 48 3 135.83 174.17 49 0 0 5.00 0.00 0.50
14.00 47 49 48 3 152.50 157.50 49 0 0 5.00 0.00 0.50
13.00 46 49 48 3 152.50 157.50 49 0 0 5.00 0.00 0.50
15.00 47 49 48 3 152.50 157.50 49 0 0 5.00 0.00 0.50
14.00 47 49 48 3 152.50 157.50 49 0 0 5.00 0.00 0.50
13.00 47 49 48 3 152.50 157.50 49 0 0 5.00 0.00 0.50
15.00 48 49 48 3 152.50 157.50 49 0 0 5.00 0.00 0.50
14.00 48 49 48 3 152.50 157.50 49 0 0 5.00 0.00 0.50
14.00 47 49 48 3 152.50 157.50 49 0 0 5.00 0.00 0.50
13.00 47 49 48 3 152.50 157.50 49 0 0 5.00 0.00 0.50
15.00 48 49 48 3 152.50 157.50 49 0 0 5.00 0.00 0.50
14.00 47 49 48 3 152.50 157.50 49 0 0 5.00 0.00 0.50
13.00 48 49 48 3 152.50 157.50 49 0 0 5.00 0.00 0.50
15.00 48 49 48 3 152.50 157.50 49 0 0 5.00 0.00 0.50
14.00 48 49 48 3 152.50 157.50 49 0 0 5.00 0.00 0.50
14.00 48 49 48 3 152.50 157.50 49 0 0 5.00 0.00 0.50
14.00 48 50 48 3 132.14 177.86 50 0 0 5.00 0.00 0.50
14.00 48 50 48 3 150.00 160.00 50 0 0 5.00 0.00 0.50
14.00 48 50 48 3 150.00 160.00 50 0 0 5.00 0.00 0.50
14.00 48 50 48 3 150.00 160.00 50 0 0 5.00 0.00 0.50
14.00 48 50 48 3 150.00 160.00 50 0 0 5.00 0.00 0.50
14.00 48 50 48 3 150.00 160.00 50 0 0 5.00 0.00 0.50
15.00 49 50 48 3 150.00 160.00 50 0 0 5.00 0.00 0.50
13.00 48 50 48 3 150.00 160.00 50 0 0 5.00 0.00 0.50
14.00 48 50 48 3 150.00 160.00 50 0 0 5.00 0.00 0.50
15.00 49 50 48 3 150.00 160.00 50 0 0 5.00 0.00 0.50
13.00 48 50 48 3 150.00 160.00 50 0 0 5.00 0.00 0.50
14.00 49 50 48 3 150.00 160.00 50 0 0 5.00 0.00 0.50
15.00 48 50 48 3 150.00 160.00 50 0 0 5.00 0.00 0.50
14.00 49 50 48 3 150.00 160.00 50 0 0 5.00 0.00 0.50
13.00 49 50 48 3 150.00 160.00 50 0 0 5.00 0.00 0.50
15.00 49 50 48 3 150.00 160.00 50 0 0 5.00 0.00 0.50
14.00 49 50 48 3 150.00 160.00 50 0 0 5.00 0.00 0.50
13.00 49 51 48 3 128.27 181.73 51 0 0 5.00 0.00 0.50
15.00 48 51 48 3 147.50 162.50 51 0 0 5.00 0.00 0.50
14.00 49 51 48 3 147.50 162.50 51 0 0 5.00 0.00 0.50
14.00 49 51 48 3 147.50 162.50 51 0 0 5.00 0.00 0.50
14.00 49 51 48 3 147.50 162.50 51 0 0 5.00 0.00 0.50
14.00 49 51 48 3 147.50 162.50 51 0 0 5.00 0.00 0.50
14.00 50 51 48 3 147.50 162.50 51 0 0 5.00 0.00 0.50
14.00 50 51 48 3 147.50 162.50 51 0 0 5.00 0.00 0.50
14.00 49 51 48 3 147.50 162.50 51 0 0 5.00 0.00 0.50
14.00 50 51 48 3 147.50 162.50 51 0 0 5.00 0.00 0.50
15.00 47 51 48 3 147.50 162.50 51 0 0 5.00 0.00 0.50
13.00 45 51 48 3 147.50 162.50 51 0 0 5.00 0.00 0.50
14.00 45 51 48 3 147.50 162.50 51 0 0 5.00 0.00 0.50
15.00 43 51 48 3 147.50 162.50 51 0 0 5.00 0.00 0.50
13.00 44 51 48 3 147.50 162.50 51 0 0 5.00 0.00 0.50
14.00 44 51 48 3 147.50 162.50 51 0 0 5.00 0.00 0.50
15.00 45 51 48 3 147.50 162.50 51 0 0 5.00 0.00 0.50
13.00 46 51 48 3 147.50 162.50 51 0 0 5.00 0.00 0.50
14.00 50 51 48 3 147.50 162.50 51 0 0 5.00 0.00 0.50
15.00 50 51 48 3 147.50 162.50 51 0 0 5.00 0.00 0.50
14.00 50 51 48 3 147.50 162.50 51 0 0 5.00 0.00 0.50
13.00 50 51 48 3 147.50 162.50 51 0 0 5.00 0.00 0.50
15.00 50 51 48 3 147.50 162.50 51 0 0 5.00 0.00 0.50
14.00 50 51 48 3 147.50 162.50 51 0 0 5.00 0.00 0.50
13.00 50 51 48 3 147.50 162.50 51 0 0 5.00 0.00 0.50
15.00 48 51 48 3 147.50 162.50 51 0 0 5.00 0.00 0.50
14.00 46 51 48 3 147.50 162.50 51 0 0 5.00 0.00 0.50
14.00 45 51 48 3 147.50 162.50 51 0 0 5.00 0.00 0.50
14.00 44 51 48 3 147.50 162.50 51 0 0 5.00 0.00 0.50
14.00 44 51 48 3 147.50 162.50 51 0 0 5.00 0.00 0.50
14.00 44 51 48 3 147.50 162.50 51 0 0 5.00 0.00 0.50
14.00 45 51 48 3 147.50 162.50 51 0 0 5.00 0.00 0.50
14.00 45 51 48 3 147.50 162.50 51 0 0 5.00 0.00 0.50
14.00 45 51 48 3 147.50 162.50 51 0 0 5.00 0.00 0.50
15.00 45 51 48 3 147.50 162.50 51 0 0 5.00 0.00 0.50
13.00 45 51 48 3 147.50 162.50 51 0 0 5.00 0.00 0.50
14.00 45 51 48 3 147.50 162.50 51 0 0 5.00 0.00 0.50
15.00 45 51 48 3 147.50 162.50 51 0 0 5.00 0.00 0.50
13.00 45 51 48 3 147.50 162.50 51 0 0 5.00 0.00 0.50
14.00 46 51 48 3 147.50 162.50 51 0 0 5.00 0.00 0.50
15.00 46 51 48 3 147.50 162.50 51 0 0 5.00 0.00 0.50
14.00 45 51 48 3 147.50 162.50 51 0 0 5.00 0.00 0.50
13.00 46 50 48 3 169.23 140.77 50 0 0 5.00 0.00 0.50
15.00 46 50 48 3 150.00 160.00 50 0 0 5.00 0.00 0.50
14.00 47 51 48 3 129.64 180.36 51 0 0 5.00 0.00 0.50
13.00 46 51 48 3 147.50 162.50 51 0 0 5.00 0.00 0.50
15.00 46 50 48 3 166.67 143.33 50 0 0 5.00 0.00 0.50
14.00 47 51 48 3 129.64 180.36 51 0 0 5.00 0.00 0.50
14.00 46 50 48 3 167.86 142.14 50 0 0 5.00 0.00 0.50
14.00 46 51 48 3 129.64 180.36 51 0 0 5.00 0.00 0.50
14.00 46 51 48 3 147.50 162.50 51 0 0 5.00 0.00 0.50
14.00 49 51 48 3 147.50 162.50 51 0 0 5.00 0.00 0.50
14.00 50 51 48 3 147.50 162.50 51 0 0 5.00 0.00 0.50
14.00 49 50 48 3 167.86 142.14 50 0 0 5.00 0.00 0.50
14.00 50 50 48 3 150.00 160.00 50 0 0 5.00 0.00 0.50
13.00 50 50 48 3 150.00 160.00 50 0 0 5.00 0.00 0.50
15.00 50 50 48 3 150.00 160.00 50 0 0 5.00 0.00 0.50
14.00 50 50 48 3 150.00 160.00 50 0 0 5.00 0.00 0.50
14.00 50 50 48 3 150.00 160.00 50 0 0 5.00 0.00 0.50
14.00 50 50 48 3 150.00 160.00 50 0 0 5.00 0.00 0.50
14.00 49 50 48 3 150.00 160.00 50 0 0 5.00 0.00 0.50
14.00 50 50 48 3 150.00 160.00 50 0 0 5.00 0.00 0.50
14.00 50 49 48 3 170.36 139.64 49 0 0 5.00 0.00 0.50
14.00 49 50 48 3 132.14 177.86 50 0 0 5.00 0.00 0.50
14.00 50 50 48 3 150.00 160.00 50 0 0 5.00 0.00 0.50
15.00 49 51 48 3 130.83 179.17 51 0 0 5.00 0.00 0.50
13.00 50 50 48 3 169.23 140.77 50 0 0 5.00 0.00 0.50
14.00 49 51 48 3 129.64 180.36 51 0 0 5.00 0.00 0.50
15.00 50 50 48 3 166.67 143.33 50 0 0 5.00 0.00 0.50
13.00 47 50 48 3 150.00 160.00 50 0 0 5.00 0.00 0.50
14.00 46 50 48 3 150.00 160.00 50 0 0 5.00 0.00 0.50
15.00 46 50 48 3 150.00 160.00 50 0 0 5.00 0.00 0.50
14.00 46 50 48 3 150.00 160.00 50 0 0 5.00 0.00 0.50
13.00 48 50 48 3 150.00 160.00 50 0 0 5.00 0.00 0.50
15.00 48 50 48 3 150.00 160.00 50 0 0 5.00 0.00 0.50
14.00 50 50 48 3 150.00 160.00 50 0 0 5.00 0.00 0.50
13.00 50 50 48 3 150.00 160.00 50 0 0 5.00 0.00 0.50
15.00 50 50 48 3 150.00 160.00 50 0 0 5.00 0.00 0.50
14.00 49 50 48 3 150.00 160.00 50 0 0 5.00 0.00 0.50
14.00 49 50 48 3 150.00 160.00 50 0 0 5.00 0.00 0.50
14.00 49 50 48 3 150.00 160.00 50 0 0 5.00 0.00 0.50
14.00 49 50 48 3 150.00 160.00 50 0 0 5.00 0.00 0.50
14.00 49 49 48 3 170.36 139.64 49 0 0 5.00 0.00 0.50
14.00 49 50 48 3 132.14 177.86 50 0 0 5.00 0.00 0.50
14.00 48 50 48 3 150.00 160.00 50 0 0 5.00 0.00 0.50
14.00 48 50 48 3 150.00 160.00 50 0 0 5.00 0.00 0.50
15.00 49 49 48 3 169.17 140.83 49 0 0 5.00 0.00 0.50
13.00 49 49 48 3 152.50 157.50 49 0 0 5.00 0.00 0.50
14.00 48 49 48 3 152.50 157.50 49 0 0 5.00 0.00 0.50
15.00 48 49 48 3 152.50 157.50 49 0 0 5.00 0.00 0.50
13.00 48 49 48 3 152.50 157.50 49 0 0 5.00 0.00 0.50
14.00 48 49 48 3 152.50 157.50 49 0 0 5.00 0.00 0.50
15.00 49 49 48 3 152.50 157.50 49 0 0 5.00 0.00 0.50
14.00 47 49 48 3 152.50 157.50 49 0 0 5.00 0.00 0.50
13.00 49 49 48 3 152.50 157.50 49 0 0 5.00 0.00 0.50
15.00 49 49 48 3 152.50 157.50 49 0 0 5.00 0.00 0.50
14.00 49 49 48 3 152.50 157.50 49 0 0 5.00 0.00 0.50
13.00 49 49 48 3 152.50 157.50 49 0 0 5.00 0.00 0.50
15.00 48 49 48 3 152.50 157.50 49 0 0 5.00 0.00 0.50
14.00 48 49 48 3 152.50 157.50 49 0 0 5.00 0.00 0.50
13.00 48 49 48 3 152.50 157.50 49 0 0 5.00 0.00 0.50
15.00 49 49 48 3 152.50 157.50 49 0 0 5.00 0.00 0.50
14.00 48 48 48 3 172.86 137.14 48 0 0 5.00 0.00 0.50
14.00 49 48 48 3 155.00 155.00 48 0 0 5.00 0.00 0.50
14.00 49 48 48 3 155.00 155.00 48 0 0 5.00 0.00 0.50
14.00 49 48 48 3 155.00 155.00 48 0 0 5.00 0.00 0.50
14.00 49 48 48 3 155.00 155.00 48 0 0 5.00 0.00 0.50
14.00 49 48 48 3 155.00 155.00 48 0 0 5.00 0.00 0.50
14.00 49 48 48 3 155.00 155.00 48 0 0 5.00 0.00 0.50
14.00 49 48 48 3 155.00 155.00 48 0 0 5.00 0.00 0.50
15.00 49 48 48 3 155.00 155.00 48 0 0 5.00 0.00 0.50
13.00 49 48 48 3 155.00 155.00 48 0 0 5.00 0.00 0.50
14.00 49 48 48 3 155.00 155.00 48 0 0 5.00 0.00 0.50
15.00 49 48 48 3 155.00 155.00 48 0 0 5.00 0.00 0.50
13.00 49 48 48 3 155.00 155.00 48 0 0 5.00 0.00 0.50
14.00 49 48 48 3 155.00 155.00 48 0 0 5.00 0.00 0.50
15.00 49 48 48 3 155.00 155.00 48 0 0 5.00 0.00 0.50
14.00 50 48 48 3 155.00 155.00 48 0 0 5.00 0.00 0.50
13.00 49 48 48 3 155.00 155.00 48 0 0 5.00 0.00 0.50
15.00 49 48 48 3 155.00 155.00 48 0 0 5.00 0.00 0.50
14.00 49 48 48 3 155.00 155.00 48 0 0 5.00 0.00 0.50
13.00 49 48 48 3 155.00 155.00 48 0 0 5.00 0.00 0.50
15.00 49 48 48 3 155.00 155.00 48 0 0 5.00 0.00 0.50
14.00 49 48 48 3 155.00 155.00 48 0 0 5.00 0.00 0.50
14.00 49 47 48 3 175.36 134.64 47 0 0 5.00 0.00 0.50
14.00 49 48 48 3 137.14 172.86 48 0 0 5.00 0.00 0.50
14.00 49 47 48 3 175.36 134.64 47 0 0 5.00 0.00 0.50
14.00 49 48 48 3 137.14 172.86 48 0 0 5.00 0.00 0.50
14.00 49 47 48 3 175.36 134.64 47 0 0 5.00 0.00 0.50
14.00 48 48 48 3 137.14 172.86 48 0 0 5.00 0.00 0.50
14.00 49 48 48 3 155.00 155.00 48 0 0 5.00 0.00 0.50
15.00 49 48 48 3 155.00 155.00 48 0 0 5.00 0.00 0.50
13.00 49 48 48 3 155.00 155.00 48 0 0 5.00 0.00 0.50
14.00 49 47 48 3 175.36 134.64 47 0 0 5.00 0.00 0.50
15.00 49 48 48 3 138.33 171.67 48 0 0 5.00 0.00 0.50
13.00 49 48 48 3 155.00 155.00 48 0 0 5.00 0.00 0.50
14.00 49 48 48 3 155.00 155.00 48 0 0 5.00 0.00 0.50
14.00 49 48 48 3 155.00 155.00 48 0 0 5.00 0.00 0.50
15.00 49 47 48 3 174.17 135.83 47 0 0 5.00 0.00 0.50
13.00 48 47 48 3 157.50 152.50 47 0 0 5.00 0.00 0.50
14.00 48 48 48 3 137.14 172.86 48 0 0 5.00 0.00 0.50
15.00 49 47 48 3 174.17 135.83 47 0 0 5.00 0.00 0.50
13.00 48 47 48 3 157.50 152.50 47 0 0 5.00 0.00 0.50
14.00 48 47 48 3 157.50 152.50 47 0 0 5.00 0.00 0.50
15.00 48 47 48 3 157.50 152.50 47 0 0 5.00 0.00 0.50
13.00 48 48 48 3 135.77 174.23 48 0 0 5.00 0.00 0.50
14.00 48 47 48 3 175.36 134.64 47 0 0 5.00 0.00 0.50
15.00 49 47 48 3 157.50 152.50 47 0 0 5.00 0.00 0.50
14.00 48 47 48 3 157.50 152.50 47 0 0 5.00 0.00 0.50
13.00 48 47 48 3 157.50 152.50 47 0 0 5.00 0.00 0.50
15.00 48 47 48 3 157.50 152.50 47 0 0 5.00 0.00 0.50
14.00 49 47 48 3 157.50 152.50 47 0 0 5.00 0.00 0.50
13.00 48 47 48 3 157.50 152.50 47 0 0 5.00 0.00 0.50
15.00 48 47 48 3 157.50 152.50 47 0 0 5.00 0.00 0.50
14.00 48 47 48 3 157.50 152.50 47 0 0 5.00 0.00 0.50
14.00 48 47 48 3 157.50 152.50 47 0 0 5.00 0.00 0.50
14.00 46 47 48 3 157.50 152.50 47 0 0 5.00 0.00 0.50
14.00 45 47 48 3 157.50 152.50 47 0 0 5.00 0.00 0.50
14.00 48 47 48 3 157.50 152.50 47 0 0 5.00 0.00 0.50
14.00 46 47 48 3 157.50 152.50 47 0 0 5.00 0.00 0.50
14.00 48 47 48 3 157.50 152.50 47 0 0 5.00 0.00 0.50
14.00 48 47 48 3 157.50 152.50 47 0 0 5.00 0.00 0.50
15.00 45 47 48 3 157.50 152.50 47 0 0 5.00 0.00 0.50
13.00 48 47 48 3 157.50 152.50 47 0 0 5.00 0.00 0.50
14.00 48 47 48 3 157.50 152.50 47 0 0 5.00 0.00 0.50
15.00 48 47 48 3 157.50 152.50 47 0 0 5.00 0.00 0.50
13.00 48 47 48 3 157.50 152.50 47 0 0 5.00 0.00 0.50
14.00 48 47 48 3 157.50 152.50 47 0 0 5.00 0.00 0.50
15.00 45 47 48 3 157.50 152.50 47 0 0 5.00 0.00 0.50
14.00 47 47 48 3 157.50 152.50 47 0 0 5.00 0.00 0.50
13.00 47 47 48 3 157.50 152.50 47 0 0 5.00 0.00 0.50
15.00 48 47 48 3 157.50 152.50 47 0 0 5.00 0.00 0.50
14.00 48 47 48 3 157.50 152.50 47 0 0 5.00 0.00 0.50
13.00 48 47 48 3 157.50 152.50 47 0 0 5.00 0.00 0.50
15.00 47 47 48 3 157.50 152.50 47 0 0 5.00 0.00 0.50
14.00 47 47 48 3 157.50 152.50 47 0 0 5.00 0.00 0.50
14.00 47 46 48 3 177.86 132.14 46 0 0 5.00 0.00 0.50
14.00 46 47 48 3 139.64 170.36 47 0 0 5.00 0.00 0.50
14.00 47 47 48 3 157.50 152.50 47 0 0 5.00 0.00 0.50
14.00 47 47 48 3 157.50 152.50 47 0 0 5.00 0.00 0.50
14.00 47 47 48 3 157.50 152.50 47 0 0 5.00 0.00 0.50
14.00 47 47 48 3 157.50 152.50 47 0 0 5.00 0.00 0.50
14.00 47 47 48 3 157.50 152.50 47 0 0 5.00 0.00 0.50
14.00 47 47 48 3 157.50 152.50 47 0 0 5.00 0.00 0.50
14.00 47 47 48 3 157.50 152.50 47 0 0 5.00 0.00 0.50
14.00 47 47 48 3 157.50 152.50 47 0 0 5.00 0.00 0.50
15.00 47 48 48 3 138.33 171.67 48 0 0 5.00 0.00 0.50
13.00 47 47 48 3 176.73 133.27 47 0 0 5.00 0.00 0.50
14.00 47 47 48 3 157.50 152.50 47 0 0 5.00 0.00 0.50
15.00 47 48 48 3 138.33 171.67 48 0 0 5.00 0.00 0.50
13.00 47 48 48 3 155.00 155.00 48 0 0 5.00 0.00 0.50
14.00 46 48 48 3 155.00 155.00 48 0 0 5.00 0.00 0.50
15.00 47 48 48 3 155.00 155.00 48 0 0 5.00 0.00 0.50
14.00 47 47 48 3 175.36 134.64 47 0 0 5.00 0.00 0.50
13.00 46 47 48 3 157.50 152.50 47 0 0 5.00 0.00 0.50
15.00 47 48 48 3 138.33 171.67 48 0 0 5.00 0.00 0.50
14.00 47 47 48 3 175.36 134.64 47 0 0 5.00 0.00 0.50
13.00 47 47 48 3 157.50 152.50 47 0 0 5.00 0.00 0.50
15.00 47 47 48 3 157.50 152.50 47 0 0 5.00 0.00 0.50
14.00 47 47 48 3 157.50 152.50 47 0 0 5.00 0.00 0.50
14.00 45 47 48 3 157.50 152.50 47 0 0 5.00 0.00 0.50
14.00 46 47 48 3 157.50 152.50 47 0 0 5.00 0.00 0.50
14.00 45 47 48 3 157.50 152.50 47 0 0 5.00 0.00 0.50
14.00 47 47 48 3 157.50 152.50 47 0 0 5.00 0.00 0.50
14.00 47 47 48 3 157.50 152.50 47 0 0 5.00 0.00 0.50
14.00 48 47 48 3 157.50 152.50 47 0 0 5.00 0.00 0.50
14.00 43 47 48 3 157.50 152.50 47 0 0 5.00 0.00 0.50
15.00 45 47 48 3 157.50 152.50 47 0 0 5.00 0.00 0.50
13.00 48 47 48 3 157.50 152.50 47 0 0 5.00 0.00 0.50
14.00 48 47 48 3 157.50 152.50 47 0 0 5.00 0.00 0.50
15.00 43 47 48 3 157.50 152.50 47 0 0 5.00 0.00 0.50
13.00 47 48 48 3 135.77 174.23 48 0 0 5.00 0.00 0.50
14.00 43 47 48 3 175.36 134.64 47 0 0 5.00 0.00 0.50
14.00 42 47 48 3 157.50 152.50 47 0 0 5.00 0.00 0.50
15.00 42 47 48 3 157.50 152.50 47 0 0 5.00 0.00 0.50
13.00 42 47 48 3 157.50 152.50 47 0 0 5.00 0.00 0.50
14.00 47 47 48 3 157.50 152.50 47 0 0 5.00 0.00 0.50
15.00 47 46 48 3 176.67 133.33 46 0 0 5.00 0.00 0.50
13.00 47 47 48 3 138.27 171.73 47 0 0 5.00 0.00 0.50
14.00 47 47 48 3 157.50 152.50 47 0 0 5.00 0.00 0.50
15.00 47 47 48 3 157.50 152.50 47 0 0 5.00 0.00 0.50
14.00 47 47 48 3 157.50 152.50 47 0 0 5.00 0.00 0.50
13.00 47 47 48 3 157.50 152.50 47 0 0 5.00 0.00 0.50
15.00 47 47 48 3 157.50 152.50 47 0 0 5.00 0.00 0.50
14.00 47 47 48 3 157.50 152.50 47 0 0 5.00 0.00 0.50
13.00 47 46 48 3 179.23 130.77 46 0 0 5.00 0.00 0.50
15.00 47 47 48 3 140.83 169.17 47 0 0 5.00 0.00 0.50
14.00 47 46 48 3 177.86 132.14 46 0 0 5.00 0.00 0.50
13.00 47 46 48 3 160.00 150.00 46 0 0 5.00 0.00 0.50
15.00 45 46 48 3 160.00 150.00 46 0 0 5.00 0.00 0.50
14.00 47 47 48 3 139.64 170.36 47 0 0 5.00 0.00 0.50
14.00 45 46 48 3 177.86 132.14 46 0 0 5.00 0.00 0.50
14.00 45 46 48 3 160.00 150.00 46 0 0 5.00 0.00 0.50
14.00 46 46 48 3 160.00 150.00 46 0 0 5.00 0.00 0.50
14.00 44 46 48 3 160.00 150.00 46 0 0 5.00 0.00 0.50
14.00 43 46 48 3 160.00 150.00 46 0 0 5.00 0.00 0.50
14.00 44 46 48 3 160.00 150.00 46 0 0 5.00 0.00 0.50
14.00 44 46 48 3 160.00 150.00 46 0 0 5.00 0.00 0.50
15.00 45 46 48 3 160.00 150.00 46 0 0 5.00 0.00 0.50
13.00 44 46 48 3 160.00 150.00 46 0 0 5.00 0.00 0.50
14.00 45 46 48 3 160.00 150.00 46 0 0 5.00 0.00 0.50
15.00 45 46 48 3 160.00 150.00 46 0 0 5.00 0.00 0.50
13.00 46 47 48 3 138.27 171.73 47 0 0 5.00 0.00 0.50
14.00 45 46 48 3 177.86 132.14 46 0 0 5.00 0.00 0.50
15.00 46 46 48 3 160.00 150.00 46 0 0 5.00 0.00 0.50
14.00 46 46 48 3 160.00 150.00 46 0 0 5.00 0.00 0.50
13.00 45 46 48 3 160.00 150.00 46 0 0 5.00 0.00 0.50
15.00 45 46 48 3 160.00 150.00 46 0 0 5.00 0.00 0.50
14.00 45 46 48 3 160.00 150.00 46 0 0 5.00 0.00 0.50
13.00 46 46 48 3 160.00 150.00 46 0 0 5.00 0.00 0.50
15.00 46 46 48 3 160.00 150.00 46 0 0 5.00 0.00 0.50
14.00 46 46 48 3 160.00 150.00 46 0 0 5.00 0.00 0.50
14.00 45 46 48 3 160.00 150.00 46 0 0 5.00 0.00 0.50
14.00 46 46 48 3 160.00 150.00 46 0 0 5.00 0.00 0.50
14.00 45 47 48 3 139.64 170.36 47 0 0 5.00 0.00 0.50
14.00 45 47 48 3 157.50 152.50 47 0 0 5.00 0.00 0.50
14.00 45 47 48 3 157.50 152.50 47 0 0 5.00 0.00 0.50
14.00 46 47 48 3 157.50 152.50 47 0 0 5.00 0.00 0.50
14.00 45 46 48 3 177.86 132.14 46 0 0 5.00 0.00 0.50
15.00 45 46 48 3 160.00 150.00 46 0 0 5.00 0.00 0.50
13.00 46 46 48 3 160.00 150.00 46 0 0 5.00 0.00 0.50
14.00 46 46 48 3 160.00 150.00 46 0 0 5.00 0.00 0.50
15.00 46 46 48 3 160.00 150.00 46 0 0 5.00 0.00 0.50
13.00 46 46 48 3 160.00 150.00 46 0 0 5.00 0.00 0.50
14.00 46 46 48 3 160.00 150.00 46 0 0 5.00 0.00 0.50
15.00 46 46 48 3 160.00 150.00 46 0 0 5.00 0.00 0.50
14.00 45 46 48 3 160.00 150.00 46 0 0 5.00 0.00 0.50
13.00 46 46 48 3 160.00 150.00 46 0 0 5.00 0.00 0.50
15.00 45 46 48 3 160.00 150.00 46 0 0 5.00 0.00 0.50
14.00 46 46 48 3 160.00 150.00 46 0 0 5.00 0.00 0.50
13.00 46 46 48 3 160.00 150.00 46 0 0 5.00 0.00 0.50
15.00 45 46 48 3 160.00 150.00 46 0 0 5.00 0.00 0.50
14.00 46 46 48 3 160.00 150.00 46 0 0 5.00 0.00 0.50
13.00 45 46 48 3 160.00 150.00 46 0 0 5.00 0.00 0.50
15.00 45 46 48 3 160.00 150.00 46 0 0 5.00 0.00 0.50
14.00 45 46 48 3 160.00 150.00 46 0 0 5.00 0.00 0.50
14.00 45 47 48 3 139.64 170.36 47 0 0 5.00 0.00 0.50
14.00 45 47 48 3 157.50 152.50 47 0 0 5.00 0.00 0.50
14.00 45 46 48 3 177.86 132.14 46 0 0 5.00 0.00 0.50
14.00 46 47 48 3 139.64 170.36 47 0 0 5.00 0.00 0.50
14.00 45 47 48 3 157.50 152.50 47 0 0 5.00 0.00 0.50
14.00 45 47 48 3 157.50 152.50 47 0 0 5.00 0.00 0.50
14.00 46 47 48 3 157.50 152.50 47 0 0 5.00 0.00 0.50
15.00 45 47 48 3 157.50 152.50 47 0 0 5.00 0.00 0.50
13.00 45 47 48 3 157.50 152.50 47 0 0 5.00 0.00 0.50
14.00 45 47 48 3 157.50 152.50 47 0 0 5.00 0.00 0.50
15.00 45 46 48 3 176.67 133.33 46 0 0 5.00 0.00 0.50
13.00 45 46 48 3 160.00 150.00 46 0 0 5.00 0.00 0.50
14.00 45 46 48 3 160.00 150.00 46 0 0 5.00 0.00 0.50
15.00 45 46 48 3 160.00 150.00 46 0 0 5.00 0.00 0.50
14.00 45 47 48 3 139.64 170.36 47 0 0 5.00 0.00 0.50
13.00 45 46 48 3 179.23 130.77 46 0 0 5.00 0.00 0.50
14.00 45 47 48 3 139.64 170.36 47 0 0 5.00 0.00 0.50
15.00 45 47 48 3 157.50 152.50 47 0 0 5.00 0.00 0.50
13.00 44 46 48 3 179.23 130.77 46 0 0 5.00 0.00 0.50
14.00 45 47 48 3 139.64 170.36 47 0 0 5.00 0.00 0.50
15.00 43 46 48 3 176.67 133.33 46 0 0 5.00 0.00 0.50
14.00 42 46 48 3 160.00 150.00 46 0 0 5.00 0.00 0.50
13.00 42 46 48 3 160.00 150.00 46 0 0 5.00 0.00 0.50
15.00 42 47 48 3 140.83 169.17 47 0 0 5.00 0.00 0.50
14.00 42 47 48 3 157.50 152.50 47 0 0 5.00 0.00 0.50
13.00 42 47 48 3 157.50 152.50 47 0 0 5.00 0.00 0.50
15.00 42 48 48 3 138.33 171.67 48 0 0 5.00 0.00 0.50
14.00 43 47 48 3 175.36 134.64 47 0 0 5.00 0.00 0.50
14.00 45 47 48 3 157.50 152.50 47 0 0 5.00 0.00 0.50
14.00 45 47 48 3 157.50 152.50 47 0 0 5.00 0.00 0.50
14.00 44 47 48 3 157.50 152.50 47 0 0 5.00 0.00 0.50
14.00 44 47 48 3 157.50 152.50 47 0 0 5.00 0.00 0.50
14.00 45 47 48 3 157.50 152.50 47 0 0 5.00 0.00 0.50
14.00 45 47 48 3 157.50 152.50 47 0 0 5.00 0.00 0.50
14.00 46 47 48 3 157.50 152.50 47 0 0 5.00 0.00 0.50
14.00 45 47 48 3 157.50 152.50 47 0 0 5.00 0.00 0.50
14.00 44 47 48 3 157.50 152.50 47 0 0 5.00 0.00 0.50
14.00 45 47 48 3 157.50 152.50 47 0 0 5.00 0.00 0.50
15.00 43 47 48 3 157.50 152.50 47 0 0 5.00 0.00 0.50
13.00 42 47 48 3 157.50 152.50 47 0 0 5.00 0.00 0.50
14.00 43 47 48 3 157.50 152.50 47 0 0 5.00 0.00 0.50
15.00 44 47 48 3 157.50 152.50 47 0 0 5.00 0.00 0.50
13.00 45 47 48 3 157.50 152.50 47 0 0 5.00 0.00 0.50
14.00 44 47 48 3 157.50 152.50 47 0 0 5.00 0.00 0.50
15.00 42 47 48 3 157.50 152.50 47 0 0 5.00 0.00 0.50
14.00 42 47 48 3 157.50 152.50 47 0 0 5.00 0.00 0.50
13.00 42 47 48 3 157.50 152.50 47 0 0 5.00 0.00 0.50
15.00 42 47 48 3 157.50 152.50 47 0 0 5.00 0.00 0.50
14.00 43 47 48 3 157.50 152.50 47 0 0 5.00 0.00 0.50
13.00 42 47 48 3 157.50 152.50 47 0 0 5.00 0.00 0.50
15.00 43 47 48 3 157.50 152.50 47 0 0 5.00 0.00 0.50
14.00 41 47 48 3 157.50 152.50 47 0 0 5.00 0.00 0.50
14.00 42 46 48 3 177.86 132.14 46 0 0 5.00 0.00 0.50
14.00 42 47 48 3 139.64 170.36 47 0 0 5.00 0.00 0.50
14.00 42 47 48 3 157.50 152.50 47 0 0 5.00 0.00 0.50
14.00 42 47 48 3 157.50 152.50 47 0 0 5.00 0.00 0.50
14.00 42 47 48 3 157.50 152.50 47 0 0 5.00 0.00 0.50
14.00 42 47 48 3 157.50 152.50 47 0 0 5.00 0.00 0.50
14.00 43 47 48 3 157.50 152.50 47 0 0 5.00 0.00 0.50
15.00 43 47 48 3 157.50 152.50 47 0 0 5.00 0.00 0.50
13.00 43 47 48 3 157.50 152.50 47 0 0 5.00 0.00 0.50
14.00 43 47 48 3 157.50 152.50 47 0 0 5.00 0.00 0.50
15.00 43 47 48 3 157.50 152.50 47 0 0 5.00 0.00 0.50
13.00 43 47 48 3 157.50 152.50 47 0 0 5.00 0.00 0.50
14.00 42 47 48 3 157.50 152.50 47 0 0 5.00 0.00 0.50
15.00 42 47 48 3 157.50 152.50 47 0 0 5.00 0.00 0.50
14.00 43 46 48 3 177.86 132.14 46 0 0 5.00 0.00 0.50
13.00 44 47 48 3 138.27 171.73 47 0 0 5.00 0.00 0.50
15.00 43 47 48 3 157.50 152.50 47 0 0 5.00 0.00 0.50
14.00 42 47 48 3 157.50 152.50 47 0 0 5.00 0.00 0.50
13.00 42 47 48 3 157.50 152.50 47 0 0 5.00 0.00 0.50
15.00 42 47 48 3 157.50 152.50 47 0 0 5.00 0.00 0.50
14.00 43 47 48 3 157.50 152.50 47 0 0 5.00 0.00 0.50
14.00 43 47 48 3 157.50 152.50 47 0 0 5.00 0.00 0.50
14.00 42 47 48 3 157.50 152.50 47 0 0 5.00 0.00 0.50
14.00 42 48 48 3 137.14 172.86 48 0 0 5.00 0.00 0.50
14.00 42 48 48 3 155.00 155.00 48 0 0 5.00 0.00 0.50
14.00 43 48 48 3 155.00 155.00 48 0 0 5.00 0.00 0.50
14.00 44 48 48 3 155.00 155.00 48 0 0 5.00 0.00 0.50
14.00 43 48 48 3 155.00 155.00 48 0 0 5.00 0.00 0.50
14.00 43 47 48 3 175.36 134.64 47 0 0 5.00 0.00 0.50
14.00 43 47 48 3 157.50 152.50 47 0 0 5.00 0.00 0.50
14.00 43 47 48 3 157.50 152.50 47 0 0 5.00 0.00 0.50
15.00 43 47 48 3 157.50 152.50 47 0 0 5.00 0.00 0.50
13.00 46 48 48 3 135.77 174.23 48 0 0 5.00 0.00 0.50
14.00 46 48 48 3 155.00 155.00 48 0 0 5.00 0.00 0.50
15.00 47 49 48 3 135.83 174.17 49 0 0 5.00 0.00 0.50
13.00 46 49 48 3 152.50 157.50 49 0 0 5.00 0.00 0.50
14.00 46 49 48 3 152.50 157.50 49 0 0 5.00 0.00 0.50
15.00 46 49 48 3 152.50 157.50 49 0 0 5.00 0.00 0.50
14.00 47 49 48 3 152.50 157.50 49 0 0 5.00 0.00 0.50
13.00 46 49 48 3 152.50 157.50 49 0 0 5.00 0.00 0.50
14.00 43 49 48 3 152.50 157.50 49 0 0 5.00 0.00 0.50
15.00 42 49 48 3 152.50 157.50 49 0 0 5.00 0.00 0.50
13.00 42 49 48 3 152.50 157.50 49 0 0 5.00 0.00 0.50
14.00 41 49 48 3 152.50 157.50 49 0 0 5.00 0.00 0.50
15.00 42 49 48 3 152.50 157.50 49 0 0 5.00 0.00 0.50
14.00 43 49 48 3 152.50 157.50 49 0 0 5.00 0.00 0.50
13.00 45 49 48 3 152.50 157.50 49 0 0 5.00 0.00 0.50
15.00 46 49 48 3 152.50 157.50 49 0 0 5.00 0.00 0.50
14.00 47 49 48 3 152.50 157.50 49 0 0 5.00 0.00 0.50
13.00 48 49 48 3 152.50 157.50 49 0 0 5.00 0.00 0.50
15.00 48 49 48 3 152.50 157.50 49 0 0 5.00 0.00 0.50
14.00 48 50 48 3 132.14 177.86 50 0 0 5.00 0.00 0.50
14.00 48 49 48 3 170.36 139.64 49 0 0 5.00 0.00 0.50
14.00 48 49 48 3 152.50 157.50 49 0 0 5.00 0.00 0.50
14.00 47 49 48 3 152.50 157.50 49 0 0 5.00 0.00 0.50
14.00 43 50 48 3 132.14 177.86 50 0 0 5.00 0.00 0.50
14.00 43 49 48 3 170.36 139.64 49 0 0 5.00 0.00 0.50
14.00 43 50 48 3 132.14 177.86 50 0 0 5.00 0.00 0.50
14.00 43 50 48 3 150.00 160.00 50 0 0 5.00 0.00 0.50
15.00 43 51 48 3 130.83 179.17 51 0 0 5.00 0.00 0.50
13.00 43 50 48 3 169.23 140.77 50 0 0 5.00 0.00 0.50
14.00 44 50 48 3 150.00 160.00 50 0 0 5.00 0.00 0.50
15.00 43 50 48 3 150.00 160.00 50 0 0 5.00 0.00 0.50
13.00 43 50 48 3 150.00 160.00 50 0 0 5.00 0.00 0.50
14.00 43 50 48 3 150.00 160.00 50 0 0 5.00 0.00 0.50
15.00 44 50 48 3 150.00 160.00 50 0 0 5.00 0.00 0.50
14.00 42 50 48 3 150.00 160.00 50 0 0 5.00 0.00 0.50
13.00 44 50 48 3 150.00 160.00 50 0 0 5.00 0.00 0.50
15.00 44 50 48 3 150.00 160.00 50 0 0 5.00 0.00 0.50
14.00 44 50 48 3 150.00 160.00 50 0 0 5.00 0.00 0.50
13.00 43 50 48 3 150.00 160.00 50 0 0 5.00 0.00 0.50
15.00 44 50 48 3 150.00 160.00 50 0 0 5.00 0.00 0.50
14.00 44 50 48 3 150.00 160.00 50 0 0 5.00 0.00 0.50
13.00 42 51 48 3 128.27 181.73 51 0 0 5.00 0.00 0.50
15.00 42 51 48 3 147.50 162.50 51 0 0 5.00 0.00 0.50
14.00 43 50 48 3 167.86 142.14 50 0 0 5.00 0.00 0.50
14.00 43 50 48 3 150.00 160.00 50 0 0 5.00 0.00 0.50
14.00 43 50 48 3 150.00 160.00 50 0 0 5.00 0.00 0.50
14.00 43 50 48 3 150.00 160.00 50 0 0 5.00 0.00 0.50
14.00 44 50 48 3 150.00 160.00 50 0 0 5.00 0.00 0.50
14.00 44 50 48 3 150.00 160.00 50 0 0 5.00 0.00 0.50
14.00 44 51 48 3 129.64 180.36 51 0 0 5.00 0.00 0.50
14.00 47 51 48 3 147.50 162.50 51 0 0 5.00 0.00 0.50
15.00 46 51 48 3 147.50 162.50 51 0 0 5.00 0.00 0.50
13.00 49 50 48 3 169.23 140.77 50 0 0 5.00 0.00 0.50
14.00 43 50 48 3 150.00 160.00 50 0 0 5.00 0.00 0.50
15.00 43 51 48 3 130.83 179.17 51 0 0 5.00 0.00 0.50
13.00 44 50 48 3 169.23 140.77 50 0 0 5.00 0.00 0.50
14.00 44 50 48 3 150.00 160.00 50 0 0 5.00 0.00 0.50
15.00 44 50 48 3 150.00 160.00 50 0 0 5.00 0.00 0.50
14.00 45 50 48 3 150.00 160.00 50 0 0 5.00 0.00 0.50
13.00 45 49 48 3 171.73 138.27 49 0 0 5.00 0.00 0.50
15.00 45 49 48 3 152.50 157.50 49 0 0 5.00 0.00 0.50
14.00 48 49 48 3 152.50 157.50 49 0 0 5.00 0.00 0.50
13.00 49 50 48 3 130.77 179.23 50 0 0 5.00 0.00 0.50
15.00 48 50 48 3 150.00 160.00 50 0 0 5.00 0.00 0.50
14.00 47 50 48 3 150.00 160.00 50 0 0 5.00 0.00 0.50
14.00 44 50 48 0 0.00 0.00 50 0 0 5.00 0.00 0.50
13.00 43 50 48 0 0.00 0.00 50 0 0 5.00 0.00 0.50
13.00 43 50 48 0 0.00 0.00 50 0 0 5.00 0.00 0.50
13.00 43 50 48 0 0.00 0.00 50 0 0 5.00 0.00 0.50
12.00 43 50 48 0 0.00 0.00 50 0 0 5.00 0.00 0.50
14.00 43 51 48 0 0.00 0.00 50 0 0 5.00 0.00 0.50
13.00 44 50 48 0 0.00 0.00 50 0 0 5.00 0.00 0.50
12.00 44 50 48 0 0.00 0.00 50 0 0 5.00 0.00 0.50
14.00 44 50 48 0 0.00 0.00 50 0 0 5.00 0.00 0.50
13.00 44 50 48 0 0.00 0.00 50 0 0 5.00 0.00 0.50
12.00 45 50 48 0 0.00 0.00 50 0 0 5.00 0.00 0.50
14.00 44 50 48 0 0.00 0.00 50 0 0 5.00 0.00 0.50
13.00 49 50 48 0 0.00 0.00 50 0 0 5.00 0.00 0.50
13.00 50 50 48 0 0.00 0.00 50 0 0 5.00 0.00 0.50
13.00 49 50 48 0 0.00 0.00 50 0 0 5.00 0.00 0.50
13.00 48 50 48 0 0.00 0.00 50 0 0 5.00 0.00 0.50
13.00 50 50 48 0 0.00 0.00 50 0 0 5.00 0.00 0.50
12.00 50 50 48 0 0.00 0.00 50 0 0 5.00 0.00 0.50
14.00 49 50 48 0 0.00 0.00 50 0 0 5.00 0.00 0.50
13.00 49 50 48 0 0.00 0.00 50 0 0 5.00 0.00 0.50
12.00 49 50 48 0 0.00 0.00 50 0 0 5.00 0.00 0.50
14.00 48 50 48 0 0.00 0.00 50 0 0 5.00 0.00 0.50
13.00 49 50 48 0 0.00 0.00 50 0 0 5.00 0.00 0.50
13.00 49 50 48 0 0.00 0.00 50 0 0 5.00 0.00 0.50
13.00 49 50 48 0 0.00 0.00 50 0 0 5.00 0.00 0.50
13.00 49 50 48 0 0.00 0.00 50 0 0 5.00 0.00 0.50
13.00 50 50 48 0 0.00 0.00 50 0 0 5.00 0.00 0.50
12.00 49 50 48 0 0.00 0.00 50 0 0 5.00 0.00 0.50
14.00 49 50 48 0 0.00 0.00 50 0 0 5.00 0.00 0.50
13.00 49 50 48 0 0.00 0.00 50 0 0 5.00 0.00 0.50
12.00 47 50 48 0 0.00 0.00 50 0 0 5.00 0.00 0.50
14.00 47 50 48 0 0.00 0.00 50 0 0 5.00 0.00 0.50
13.00 47 50 48 0 0.00 0.00 50 0 0 5.00 0.00 0.50
12.00 49 51 48 0 0.00 0.00 50 0 0 5.00 0.00 0.50
14.00 49 50 48 0 0.00 0.00 50 0 0 5.00 0.00 0.50
13.00 49 50 48 0 0.00 0.00 50 0 0 5.00 0.00 0.50
13.00 47 50 48 0 0.00 0.00 50 0 0 5.00 0.00 0.50
13.00 50 51 48 0 0.00 0.00 50 0 0 5.00 0.00 0.50
13.00 49 51 48 0 0.00 0.00 50 0 0 5.00 0.00 0.50
13.00 48 50 48 0 0.00 0.00 50 0 0 5.00 0.00 0.50
12.00 49 50 48 0 0.00 0.00 50 0 0 5.00 0.00 0.50
14.00 48 50 48 0 0.00 0.00 50 0 0 5.00 0.00 0.50
13.00 48 50 48 0 0.00 0.00 50 0 0 5.00 0.00 0.50
12.00 47 50 48 0 0.00 0.00 50 0 0 5.00 0.00 0.50
14.00 47 50 48 0 0.00 0.00 50 0 0 5.00 0.00 0.50
13.00 48 50 48 0 0.00 0.00 50 0 0 5.00 0.00 0.50
13.00 48 50 48 0 0.00 0.00 50 0 0 5.00 0.00 0.50
13.00 49 50 48 0 0.00 0.00 50 0 0 5.00 0.00 0.50
13.00 48 50 48 0 0.00 0.00 50 0 0 5.00 0.00 0.50
13.00 47 50 48 0 0.00 0.00 50 0 0 5.00 0.00 0.50
12.00 49 50 48 0 0.00 0.00 50 0 0 5.00 0.00 0.50
14.00 48 50 48 0 0.00 0.00 50 0 0 5.00 0.00 0.50
13.00 47 50 48 0 0.00 0.00 50 0 0 5.00 0.00 0.50
12.00 50 50 48 0 0.00 0.00 50 0 0 5.00 0.00 0.50
14.00 47 50 48 0 0.00 0.00 50 0 0 5.00 0.00 0.50
13.00 47 50 48 0 0.00 0.00 50 0 0 5.00 0.00 0.50
12.00 47 50 48 0 0.00 0.00 50 0 0 5.00 0.00 0.50
14.00 47 50 48 0 0.00 0.00 50 0 0 5.00 0.00 0.50
13.00 46 50 48 0 0.00 0.00 50 0 0 5.00 0.00 0.50
13.00 49 50 48 0 0.00 0.00 50 0 0 5.00 0.00 0.50
13.00 49 50 48 0 0.00 0.00 50 0 0 5.00 0.00 0.50
13.00 46 50 48 0 0.00 0.00 50 0 0 5.00 0.00 0.50
13.00 45 50 48 0 0.00 0.00 50 0 0 5.00 0.00 0.50
12.00 46 50 48 0 0.00 0.00 50 0 0 5.00 0.00 0.50
14.00 46 50 48 0 0.00 0.00 50 0 0 5.00 0.00 0.50
13.00 45 50 48 0 0.00 0.00 50 0 0 5.00 0.00 0.50
12.00 46 50 48 0 0.00 0.00 50 0 0 5.00 0.00 0.50
14.00 49 50 48 0 0.00 0.00 50 0 0 5.00 0.00 0.50
13.00 50 50 48 0 0.00 0.00 50 0 0 5.00 0.00 0.50
13.00 50 50 48 0 0.00 0.00 50 0 0 5.00 0.00 0.50
13.00 49 50 48 0 0.00 0.00 50 0 0 5.00 0.00 0.50
13.00 45 50 48 0 0.00 0.00 50 0 0 5.00 0.00 0.50
13.00 46 50 48 0 0.00 0.00 50 0 0 5.00 0.00 0.50
12.00 46 50 48 0 0.00 0.00 50 0 0 5.00 0.00 0.50
14.00 45 50 48 0 0.00 0.00 50 0 0 5.00 0.00 0.50
13.00 49 50 48 0 0.00 0.00 50 0 0 5.00 0.00 0.50
12.00 46 50 48 0 0.00 0.00 50 0 0 5.00 0.00 0.50
14.00 45 50 48 0 0.00 0.00 50 0 0 5.00 0.00 0.50
13.00 46 50 48 0 0.00 0.00 50 0 0 5.00 0.00 0.50
12.00 46 50 48 0 0.00 0.00 50 0 0 5.00 0.00 0.50
14.00 46 50 48 0 0.00 0.00 50 0 0 5.00 0.00 0.50
13.00 45 50 48 0 0.00 0.00 50 0 0 5.00 0.00 0.50
13.00 45 50 48 0 0.00 0.00 50 0 0 5.00 0.00 0.50
13.00 46 50 48 0 0.00 0.00 50 0 0 5.00 0.00 0.50
13.00 45 50 48 0 0.00 0.00 50 0 0 5.00 0.00 0.50
13.00 45 50 48 0 0.00 0.00 50 0 0 5.00 0.00 0.50
12.00 45 50 48 0 0.00 0.00 50 0 0 5.00 0.00 0.50
14.00 46 50 48 0 0.00 0.00 50 0 0 5.00 0.00 0.50
13.00 45 50 48 0 0.00 0.00 50 0 0 5.00 0.00 0.50
12.00 45 50 48 0 0.00 0.00 50 0 0 5.00 0.00 0.50
14.00 45 50 48 0 0.00 0.00 50 0 0 5.00 0.00 0.50
13.00 45 50 48 0 0.00 0.00 50 0 0 5.00 0.00 0.50
13.00 46 50 48 0 0.00 0.00 50 0 0 5.00 0.00 0.50
13.00 49 50 48 0 0.00 0.00 50 0 0 5.00 0.00 0.50
13.00 45 50 48 0 0.00 0.00 50 0 0 5.00 0.00 0.50
13.00 46 50 48 0 0.00 0.00 50 0 0 5.00 0.00 0.50
12.00 46 50 48 0 0.00 0.00 50 0 0 5.00 0.00 0.50
14.00 47 50 48 0 0.00 0.00 50 0 0 5.00 0.00 0.50
13.00 46 50 48 0 0.00 0.00 50 0 0 5.00 0.00 0.50
12.00 46 50 48 0 0.00 0.00 50 0 0 5.00 0.00 0.50
14.00 49 50 48 0 0.00 0.00 50 0 0 5.00 0.00 0.50
13.00 49 50 48 0 0.00 0.00 50 0 0 5.00 0.00 0.50
12.00 47 50 48 0 0.00 0.00 50 0 0 5.00 0.00 0.50
14.00 49 50 48 0 0.00 0.00 50 0 0 5.00 0.00 0.50
13.00 49 50 48 0 0.00 0.00 50 0 0 5.00 0.00 0.50
13.00 49 50 48 0 0.00 0.00 50 0 0 5.00 0.00 0.50
13.00 49 50 48 0 0.00 0.00 50 0 0 5.00 0.00 0.50
13.00 49 50 48 0 0.00 0.00 50 0 0 5.00 0.00 0.50
13.00 49 50 48 0 0.00 0.00 50 0 0 5.00 0.00 0.50
12.00 49 50 48 0 0.00 0.00 50 0 0 5.00 0.00 0.50
14.00 49 50 48 0 0.00 0.00 50 0 0 5.00 0.00 0.50
13.00 49 50 48 0 0.00 0.00 50 0 0 5.00 0.00 0.50
12.00 49 50 48 0 0.00 0.00 50 0 0 5.00 0.00 0.50
14.00 49 50 48 0 0.00 0.00 50 0 0 5.00 0.00 0.50
13.00 49 50 48 0 0.00 0.00 50 0 0 5.00 0.00 0.50
13.00 48 50 48 0 0.00 0.00 50 0 0 5.00 0.00 0.50
13.00 49 50 48 0 0.00 0.00 50 0 0 5.00 0.00 0.50
13.00 49 50 48 0 0.00 0.00 50 0 0 5.00 0.00 0.50
13.00 47 50 48 0 0.00 0.00 50 0 0 5.00 0.00 0.50
13.00 47 50 48 0 0.00 0.00 50 0 0 5.00 0.00 0.50
13.00 49 50 48 0 0.00 0.00 50 0 0 5.00 0.00 0.50
13.00 47 50 48 0 0.00 0.00 50 0 0 5.00 0.00 0.50
12.00 49 50 48 0 0.00 0.00 50 0 0 5.00 0.00 0.50
14.00 49 50 48 0 0.00 0.00 50 0 0 5.00 0.00 0.50
13.00 49 50 48 0 0.00 0.00 50 0 0 5.00 0.00 0.50
12.00 49 50 48 0 0.00 0.00 50 0 0 5.00 0.00 0.50
14.00 49 50 48 0 0.00 0.00 50 0 0 5.00 0.00 0.50
13.00 49 50 48 0 0.00 0.00 50 0 0 5.00 0.00 0.50
13.00 49 50 48 0 0.00 0.00 50 0 0 5.00 0.00 0.50
13.00 47 50 48 0 0.00 0.00 50 0 0 5.00 0.00 0.50
13.00 49 50 48 0 0.00 0.00 50 0 0 5.00 0.00 0.50
13.00 46 50 48 0 0.00 0.00 50 0 0 5.00 0.00 0.50
12.00 49 50 48 0 0.00 0.00 50 0 0 5.00 0.00 0.50
14.00 49 50 48 0 0.00 0.00 50 0 0 5.00 0.00 0.50
13.00 47 50 48 0 0.00 0.00 50 0 0 5.00 0.00 0.50
12.00 45 50 48 0 0.00 0.00 50 0 0 5.00 0.00 0.50
14.00 45 50 48 0 0.00 0.00 50 0 0 5.00 0.00 0.50
13.00 46 50 48 0 0.00 0.00 50 0 0 5.00 0.00 0.50
12.00 46 50 48 0 0.00 0.00 50 0 0 5.00 0.00 0.50
14.00 49 50 48 0 0.00 0.00 50 0 0 5.00 0.00 0.50
13.00 46 50 48 0 0.00 0.00 50 0 0 5.00 0.00 0.50
13.00 46 50 48 0 0.00 0.00 50 0 0 5.00 0.00 0.50
13.00 45 50 48 0 0.00 0.00 50 0 0 5.00 0.00 0.50
13.00 46 50 48 0 0.00 0.00 50 0 0 5.00 0.00 0.50
13.00 46 50 48 0 0.00 0.00 50 0 0 5.00 0.00 0.50
12.00 45 50 48 0 0.00 0.00 50 0 0 5.00 0.00 0.50
14.00 46 50 48 0 0.00 0.00 50 0 0 5.00 0.00 0.50
13.00 46 50 48 0 0.00 0.00 50 0 0 5.00 0.00 0.50
12.00 47 50 48 0 0.00 0.00 50 0 0 5.00 0.00 0.50
14.00 47 50 48 0 0.00 0.00 50 0 0 5.00 0.00 0.50
13.00 46 50 48 0 0.00 0.00 50 0 0 5.00 0.00 0.50
13.00 47 50 48 0 0.00 0.00 50 0 0 5.00 0.00 0.50
13.00 46 50 48 0 0.00 0.00 50 0 0 5.00 0.00 0.50
13.00 46 50 48 0 0.00 0.00 50 0 0 5.00 0.00 0.50
13.00 49 50 48 0 0.00 0.00 50 0 0 5.00 0.00 0.50
12.00 46 50 48 0 0.00 0.00 50 0 0 5.00 0.00 0.50
14.00 45 50 48 0 0.00 0.00 50 0 0 5.00 0.00 0.50
13.00 49 50 48 0 0.00 0.00 50 0 0 5.00 0.00 0.50
12.00 46 50 48 0 0.00 0.00 50 0 0 5.00 0.00 0.50
14.00 46 50 48 0 0.00 0.00 50 0 0 5.00 0.00 0.50
13.00 46 50 48 0 0.00 0.00 50 0 0 5.00 0.00 0.50
12.00 47 50 48 0 0.00 0.00 50 0 0 5.00 0.00 0.50
14.00 49 50 48 0 0.00 0.00 50 0 0 5.00 0.00 0.50
13.00 49 50 48 0 0.00 0.00 50 0 0 5.00 0.00 0.50
13.00 46 50 48 0 0.00 0.00 50 0 0 5.00 0.00 0.50
13.00 46 50 48 0 0.00 0.00 50 0 0 5.00 0.00 0.50
13.00 46 50 48 0 0.00 0.00 50 0 0 5.00 0.00 0.50
13.00 49 50 48 0 0.00 0.00 50 0 0 5.00 0.00 0.50
12.00 49 50 48 0 0.00 0.00 50 0 0 5.00 0.00 0.50
14.00 46 50 48 0 0.00 0.00 50 0 0 5.00 0.00 0.50
13.00 49 50 48 0 0.00 0.00 50 0 0 5.00 0.00 0.50
12.00 47 50 48 0 0.00 0.00 50 0 0 5.00 0.00 0.50
14.00 49 50 48 0 0.00 0.00 50 0 0 5.00 0.00 0.50
13.00 49 50 48 0 0.00 0.00 50 0 0 5.00 0.00 0.50
13.00 49 50 48 0 0.00 0.00 50 0 0 5.00 0.00 0.50
13.00 49 50 48 0 0.00 0.00 50 0 0 5.00 0.00 0.50
13.00 49 50 48 0 0.00 0.00 50 0 0 5.00 0.00 0.50
13.00 46 50 48 0 0.00 0.00 50 0 0 5.00 0.00 0.50