7.00 3350 3209 30 0 0.00 0.00 0 0 0 5.00 0.00 0.50
390.00 30 6 30 0 0.00 0.00 0 0 0 5.00 0.00 0.50
7.00 3327 595 30 0 0.00 0.00 0 0 0 5.00 0.00 0.50
235.00 44 49 30 0 0.00 0.00 0 0 0 5.00 0.00 0.50
9.00 48 50 30 0 0.00 0.00 0 0 0 5.00 0.00 0.50
11.00 48 52 30 0 0.00 0.00 0 0 0 5.00 0.00 0.50
12.00 48 52 30 0 0.00 0.00 0 0 0 5.00 0.00 0.50
12.00 3302 51 30 0 0.00 0.00 0 0 0 5.00 0.00 0.50
202.00 34 3168 30 0 0.00 0.00 0 0 0 5.00 0.00 0.50
192.00 111 6 30 0 0.00 0.00 0 0 0 5.00 0.00 0.50
12.00 28 21 30 0 0.00 0.00 0 0 0 5.00 0.00 0.50
8.00 29 16 30 0 0.00 0.00 0 0 0 5.00 0.00 0.50
13.00 30 17 30 0 0.00 0.00 0 0 0 5.00 0.00 0.50
12.00 31 16 30 0 0.00 0.00 0 0 0 5.00 0.00 0.50
14.00 28 17 30 0 0.00 0.00 0 0 0 5.00 0.00 0.50
12.00 27 17 30 0 0.00 0.00 0 0 0 5.00 0.00 0.50
12.00 3329 3194 30 0 0.00 0.00 0 0 0 5.00 0.00 0.50
388.00 10 10 30 0 0.00 0.00 0 0 0 5.00 0.00 0.50
8.00 3338 3181 30 0 0.00 0.00 0 0 0 5.00 0.00 0.50
388.00 12 6 30 0 0.00 0.00 0 0 0 5.00 0.00 0.50
6.00 13 3220 30 0 0.00 0.00 0 0 0 5.00 0.00 0.50
194.00 16 6 30 0 0.00 0.00 0 0 0 5.00 0.00 0.50
6.00 6 3178 30 0 0.00 0.00 0 0 0 5.00 0.00 0.50
192.00 5 5 30 0 0.00 0.00 0 0 0 5.00 0.00 0.50
6.00 5 3219 30 0 0.00 0.00 0 0 0 5.00 0.00 0.50
194.00 3346 3174 30 0 0.00 0.00 0 0 0 5.00 0.00 0.50
388.00 41 4 30 0 0.00 0.00 0 0 0 5.00 0.00 0.50
7.00 56 6 30 0 0.00 0.00 0 0 0 5.00 0.00 0.50
12.00 56 6 30 0 0.00 0.00 0 0 0 5.00 0.00 0.50
12.00 57 6 30 0 0.00 0.00 0 0 0 5.00 0.00 0.50
13.00 56 6 30 0 0.00 0.00 0 0 0 5.00 0.00 0.50
12.00 3293 6 30 0 0.00 0.00 0 0 0 5.00 0.00 0.50
199.00 37 7 30 0 0.00 0.00 0 0 0 5.00 0.00 0.50
6.00 39 7 30 0 0.00 0.00 0 0 0 5.00 0.00 0.50
12.00 39 7 30 0 0.00 0.00 0 0 0 5.00 0.00 0.50
12.00 39 6 30 0 0.00 0.00 0 0 0 5.00 0.00 0.50
13.00 39 6 30 0 0.00 0.00 0 0 0 5.00 0.00 0.50
13.00 39 6 30 0 0.00 0.00 0 0 0 5.00 0.00 0.50
12.00 39 6 30 0 0.00 0.00 0 0 0 5.00 0.00 0.50
13.00 38 6 30 0 0.00 0.00 0 0 0 5.00 0.00 0.50
12.00 38 6 30 0 0.00 0.00 0 0 0 5.00 0.00 0.50
12.00 37 7 30 0 0.00 0.00 0 0 0 5.00 0.00 0.50
13.00 37 7 30 0 0.00 0.00 0 0 0 5.00 0.00 0.50
13.00 37 7 30 0 0.00 0.00 0 0 0 5.00 0.00 0.50
12.00 37 7 30 0 0.00 0.00 0 0 0 5.00 0.00 0.50
12.00 38 5 30 0 0.00 0.00 0 0 0 5.00 0.00 0.50
13.00 38 5 30 0 0.00 0.00 0 0 0 5.00 0.00 0.50
12.00 38 6 30 0 0.00 0.00 0 0 0 5.00 0.00 0.50
13.00 39 6 30 0 0.00 0.00 0 0 0 5.00 0.00 0.50
13.00 3313 6 30 0 0.00 0.00 0 0 0 5.00 0.00 0.50
199.00 41 7 30 0 0.00 0.00 0 0 0 5.00 0.00 0.50
6.00 3310 7 30 0 0.00 0.00 0 0 0 5.00 0.00 0.50
200.00 19 6 30 0 0.00 0.00 0 0 0 5.00 0.00 0.50
6.00 1848 5 30 0 0.00 0.00 0 0 0 5.00 0.00 0.50
114.00 19 7 30 0 0.00 0.00 0 0 0 5.00 0.00 0.50
6.00 19 7 30 0 0.00 0.00 0 0 0 5.00 0.00 0.50
11.00 20 7 30 0 0.00 0.00 0 0 0 5.00 0.00 0.50
14.00 21 6 30 0 0.00 0.00 0 0 0 5.00 0.00 0.50
12.00 3322 9 30 0 0.00 0.00 0 0 0 5.00 0.00 0.50
200.00 18 3200 30 0 0.00 0.00 0 0 0 5.00 0.00 0.50
193.00 20 6 30 0 0.00 0.00 0 0 0 5.00 0.00 0.50
7.00 19 75 30 0 0.00 0.00 0 0 0 5.00 0.00 0.50
13.00 18 46 30 0 0.00 0.00 0 0 0 5.00 0.00 0.50
12.00 18 57 30 0 0.00 0.00 0 0 0 5.00 0.00 0.50
13.00 45 3172 30 0 0.00 0.00 0 0 0 5.00 0.00 0.50
194.00 42 6 30 0 0.00 0.00 0 0 0 5.00 0.00 0.50
7.00 3324 3175 30 0 0.00 0.00 0 0 0 5.00 0.00 0.50
386.00 21 6 30 0 0.00 0.00 0 0 0 5.00 0.00 0.50
7.00 3337 3208 30 0 0.00 0.00 0 0 0 5.00 0.00 0.50
389.00 30 6 30 0 0.00 0.00 0 0 0 5.00 0.00 0.50
6.00 3351 3207 30 0 0.00 0.00 0 0 0 5.00 0.00 0.50
390.00 31 6 30 0 0.00 0.00 0 0 0 5.00 0.00 0.50
7.00 33 30 30 0 0.00 0.00 0 0 0 5.00 0.00 0.50
13.00 30 3219 30 0 0.00 0.00 0 0 0 5.00 0.00 0.50
195.00 29 6 30 0 0.00 0.00 0 0 0 5.00 0.00 0.50
7.00 29 29 30 0 0.00 0.00 0 0 0 5.00 0.00 0.50
12.00 29 30 30 0 0.00 0.00 0 0 0 5.00 0.00 0.50
12.00 34 3208 30 0 0.00 0.00 0 0 0 5.00 0.00 0.50
196.00 29 6 30 0 0.00 0.00 0 0 0 5.00 0.00 0.50
6.00 3346 3160 30 0 0.00 0.00 0 0 0 5.00 0.00 0.50
387.00 3317 6 30 0 0.00 0.00 0 0 0 5.00 0.00 0.50
200.00 153 3186 30 0 0.00 0.00 0 0 0 5.00 0.00 0.50
200.00 137 6 30 0 0.00 0.00 0 0 0 5.00 0.00 0.50
13.00 152 156 30 0 0.00 0.00 0 0 0 5.00 0.00 0.50
22.00 151 155 30 0 0.00 0.00 0 0 0 5.00 0.00 0.50
23.00 149 152 30 0 0.00 0.00 0 0 0 5.00 0.00 0.50
22.00 149 152 30 0 0.00 0.00 0 0 0 5.00 0.00 0.50
22.00 146 152 30 0 0.00 0.00 0 0 0 5.00 0.00 0.50
21.00 146 149 30 0 0.00 0.00 0 0 0 5.00 0.00 0.50
23.00 146 150 30 0 0.00 0.00 0 0 0 5.00 0.00 0.50
21.00 145 147 30 0 0.00 0.00 0 0 0 5.00 0.00 0.50
22.00 144 144 30 0 0.00 0.00 0 0 0 5.00 0.00 0.50
20.00 142 144 30 0 0.00 0.00 0 0 0 5.00 0.00 0.50
22.00 141 142 30 0 0.00 0.00 0 0 0 5.00 0.00 0.50
21.00 140 141 30 0 0.00 0.00 0 0 0 5.00 0.00 0.50
21.00 140 142 30 0 0.00 0.00 0 0 0 5.00 0.00 0.50
20.00 138 139 30 0 0.00 0.00 0 0 0 5.00 0.00 0.50
21.00 136 140 30 0 0.00 0.00 0 0 0 5.00 0.00 0.50
21.00 135 138 30 0 0.00 0.00 0 0 0 5.00 0.00 0.50
20.00 134 136 30 0 0.00 0.00 0 0 0 5.00 0.00 0.50
20.00 133 137 30 0 0.00 0.00 0 0 0 5.00 0.00 0.50
21.00 132 134 30 0 0.00 0.00 0 0 0 5.00 0.00 0.50
19.00 129 134 30 0 0.00 0.00 0 0 0 5.00 0.00 0.50
21.00 127 131 30 0 0.00 0.00 0 0 0 5.00 0.00 0.50
19.00 127 130 30 0 0.00 0.00 0 0 0 5.00 0.00 0.50
20.00 125 129 30 0 0.00 0.00 0 0 0 5.00 0.00 0.50
19.00 124 127 30 0 0.00 0.00 0 0 0 5.00 0.00 0.50
18.00 123 126 30 0 0.00 0.00 0 0 0 5.00 0.00 0.50
20.00 121 126 30 0 0.00 0.00 0 0 0 5.00 0.00 0.50
18.00 119 123 30 0 0.00 0.00 0 0 0 5.00 0.00 0.50
19.00 118 122 30 0 0.00 0.00 0 0 0 5.00 0.00 0.50
18.00 116 120 30 0 0.00 0.00 0 0 0 5.00 0.00 0.50
19.00 114 119 30 0 0.00 0.00 0 0 0 5.00 0.00 0.50
18.00 112 117 30 0 0.00 0.00 0 0 0 5.00 0.00 0.50
17.00 111 115 30 0 0.00 0.00 0 0 0 5.00 0.00 0.50
18.00 109 113 30 0 0.00 0.00 0 0 0 5.00 0.00 0.50
17.00 109 111 30 0 0.00 0.00 0 0 0 5.00 0.00 0.50
18.00 106 111 30 0 0.00 0.00 0 0 0 5.00 0.00 0.50
17.00 103 107 30 0 0.00 0.00 0 0 0 5.00 0.00 0.50
16.00 102 107 30 0 0.00 0.00 0 0 0 5.00 0.00 0.50
17.00 100 104 30 0 0.00 0.00 0 0 0 5.00 0.00 0.50
16.00 99 102 30 0 0.00 0.00 0 0 0 5.00 0.00 0.50
17.00 98 99 30 0 0.00 0.00 0 0 0 5.00 0.00 0.50
15.00 95 98 30 0 0.00 0.00 0 0 0 5.00 0.00 0.50
15.00 93 96 30 0 0.00 0.00 0 0 0 5.00 0.00 0.50
16.00 92 95 30 0 0.00 0.00 0 0 0 5.00 0.00 0.50
15.00 91 94 30 0 0.00 0.00 0 0 0 5.00 0.00 0.50
15.00 89 91 30 0 0.00 0.00 0 0 0 5.00 0.00 0.50
15.00 88 90 30 0 0.00 0.00 0 0 0 5.00 0.00 0.50
15.00 86 89 30 0 0.00 0.00 0 0 0 5.00 0.00 0.50
14.00 84 87 30 0 0.00 0.00 0 0 0 5.00 0.00 0.50
15.00 83 86 30 0 0.00 0.00 0 0 0 5.00 0.00 0.50
14.00 82 85 30 0 0.00 0.00 0 0 0 5.00 0.00 0.50
13.00 80 84 30 0 0.00 0.00 0 0 0 5.00 0.00 0.50
15.00 79 81 30 0 0.00 0.00 0 0 0 5.00 0.00 0.50
13.00 78 80 30 0 0.00 0.00 0 0 0 5.00 0.00 0.50
13.00 77 78 30 0 0.00 0.00 0 0 0 5.00 0.00 0.50
14.00 75 77 30 0 0.00 0.00 0 0 0 5.00 0.00 0.50
13.00 74 76 30 0 0.00 0.00 0 0 0 5.00 0.00 0.50
13.00 73 75 30 0 0.00 0.00 0 0 0 5.00 0.00 0.50
14.00 72 74 30 0 0.00 0.00 0 0 0 5.00 0.00 0.50
12.00 71 72 30 0 0.00 0.00 0 0 0 5.00 0.00 0.50
13.00 71 71 30 0 0.00 0.00 0 0 0 5.00 0.00 0.50
13.00 69 71 30 0 0.00 0.00 0 0 0 5.00 0.00 0.50
12.00 68 69 30 0 0.00 0.00 0 0 0 5.00 0.00 0.50
12.00 68 69 30 0 0.00 0.00 0 0 0 5.00 0.00 0.50
12.00 66 67 30 0 0.00 0.00 0 0 0 5.00 0.00 0.50
13.00 65 66 30 0 0.00 0.00 0 0 0 5.00 0.00 0.50
11.00 64 65 30 0 0.00 0.00 0 0 0 5.00 0.00 0.50
12.00 63 64 30 0 0.00 0.00 0 0 0 5.00 0.00 0.50
11.00 62 63 30 0 0.00 0.00 0 0 0 5.00 0.00 0.50
12.00 60 62 30 0 0.00 0.00 0 0 0 5.00 0.00 0.50
13.00 60 61 30 0 0.00 0.00 0 0 0 5.00 0.00 0.50
12.00 59 60 30 0 0.00 0.00 0 0 0 5.00 0.00 0.50
13.00 58 58 30 0 0.00 0.00 0 0 0 5.00 0.00 0.50
13.00 57 58 30 0 0.00 0.00 0 0 0 5.00 0.00 0.50
12.00 56 57 30 0 0.00 0.00 0 0 0 5.00 0.00 0.50
14.00 55 55 30 0 0.00 0.00 0 0 0 5.00 0.00 0.50
12.00 53 55 30 0 0.00 0.00 0 0 0 5.00 0.00 0.50
13.00 52 54 30 0 0.00 0.00 0 0 0 5.00 0.00 0.50
12.00 51 52 30 0 0.00 0.00 0 0 0 5.00 0.00 0.50
14.00 51 51 30 0 0.00 0.00 0 0 0 5.00 0.00 0.50
12.00 50 50 30 0 0.00 0.00 0 0 0 5.00 0.00 0.50
12.00 49 50 30 0 0.00 0.00 0 0 0 5.00 0.00 0.50
14.00 48 49 30 0 0.00 0.00 0 0 0 5.00 0.00 0.50
12.00 47 48 30 0 0.00 0.00 0 0 0 5.00 0.00 0.50
13.00 46 46 30 0 0.00 0.00 0 0 0 5.00 0.00 0.50
13.00 45 46 30 0 0.00 0.00 0 0 0 5.00 0.00 0.50
13.00 45 45 30 0 0.00 0.00 0 0 0 5.00 0.00 0.50
12.00 44 44 30 0 0.00 0.00 0 0 0 5.00 0.00 0.50
13.00 43 43 30 0 0.00 0.00 0 0 0 5.00 0.00 0.50
13.00 42 42 30 0 0.00 0.00 0 0 0 5.00 0.00 0.50
12.00 41 42 30 0 0.00 0.00 0 0 0 5.00 0.00 0.50
13.00 41 40 30 0 0.00 0.00 0 0 0 5.00 0.00 0.50
13.00 40 39 30 0 0.00 0.00 0 0 0 5.00 0.00 0.50
13.00 39 39 30 0 0.00 0.00 0 0 0 5.00 0.00 0.50
12.00 38 38 30 0 0.00 0.00 0 0 0 5.00 0.00 0.50
14.00 37 37 30 0 0.00 0.00 0 0 0 5.00 0.00 0.50
12.00 36 37 30 0 0.00 0.00 0 0 0 5.00 0.00 0.50
12.00 36 36 30 0 0.00 0.00 0 0 0 5.00 0.00 0.50
13.00 35 35 30 0 0.00 0.00 0 0 0 5.00 0.00 0.50
13.00 35 35 30 0 0.00 0.00 0 0 0 5.00 0.00 0.50
13.00 34 34 30 0 0.00 0.00 0 0 0 5.00 0.00 0.50
12.00 34 34 30 0 0.00 0.00 0 0 0 5.00 0.00 0.50
14.00 33 33 30 0 0.00 0.00 0 0 0 5.00 0.00 0.50
12.00 33 33 30 0 0.00 0.00 0 0 0 5.00 0.00 0.50
13.00 32 32 30 0 0.00 0.00 0 0 0 5.00 0.00 0.50
12.00 31 32 30 0 0.00 0.00 0 0 0 5.00 0.00 0.50
13.00 30 31 30 0 0.00 0.00 0 0 0 5.00 0.00 0.50
13.00 30 31 30 0 0.00 0.00 0 0 0 5.00 0.00 0.50
12.00 30 30 30 0 0.00 0.00 0 0 0 5.00 0.00 0.50
14.00 30 30 30 0 0.00 0.00 0 0 0 5.00 0.00 0.50
12.00 30 30 30 0 0.00 0.00 0 0 0 5.00 0.00 0.50
13.00 29 29 30 0 0.00 0.00 0 0 0 5.00 0.00 0.50
13.00 29 29 30 0 0.00 0.00 0 0 0 5.00 0.00 0.50
13.00 28 29 30 0 0.00 0.00 0 0 0 5.00 0.00 0.50
12.00 28 28 30 0 0.00 0.00 0 0 0 5.00 0.00 0.50
12.00 28 28 30 0 0.00 0.00 0 0 0 5.00 0.00 0.50
14.00 27 28 30 0 0.00 0.00 0 0 0 5.00 0.00 0.50
12.00 27 27 30 0 0.00 0.00 0 0 0 5.00 0.00 0.50
13.00 26 27 30 0 0.00 0.00 0 0 0 5.00 0.00 0.50
13.00 26 27 30 0 0.00 0.00 0 0 0 5.00 0.00 0.50
13.00 25 27 30 0 0.00 0.00 0 0 0 5.00 0.00 0.50
12.00 25 26 30 0 0.00 0.00 0 0 0 5.00 0.00 0.50
14.00 25 26 30 0 0.00 0.00 0 0 0 5.00 0.00 0.50
12.00 25 26 30 0 0.00 0.00 0 0 0 5.00 0.00 0.50
12.00 25 26 30 0 0.00 0.00 0 0 0 5.00 0.00 0.50
13.00 24 26 30 0 0.00 0.00 0 0 0 5.00 0.00 0.50
13.00 24 26 30 0 0.00 0.00 0 0 0 5.00 0.00 0.50
13.00 24 26 30 0 0.00 0.00 0 0 0 5.00 0.00 0.50
12.00 24 25 30 0 0.00 0.00 0 0 0 5.00 0.00 0.50
14.00 23 25 30 0 0.00 0.00 0 0 0 5.00 0.00 0.50
12.00 23 25 30 0 0.00 0.00 0 0 0 5.00 0.00 0.50
12.00 24 25 30 0 0.00 0.00 0 0 0 5.00 0.00 0.50
14.00 24 25 30 0 0.00 0.00 0 0 0 5.00 0.00 0.50
12.00 24 25 30 0 0.00 0.00 0 0 0 5.00 0.00 0.50
13.00 23 25 30 0 0.00 0.00 0 0 0 5.00 0.00 0.50
12.00 24 25 30 0 0.00 0.00 0 0 0 5.00 0.00 0.50
14.00 24 25 30 0 0.00 0.00 0 0 0 5.00 0.00 0.50
12.00 24 25 30 0 0.00 0.00 0 0 0 5.00 0.00 0.50
13.00 23 24 30 0 0.00 0.00 0 0 0 5.00 0.00 0.50
13.00 24 25 30 0 0.00 0.00 0 0 0 5.00 0.00 0.50
12.00 24 25 30 0 0.00 0.00 0 0 0 5.00 0.00 0.50
13.00 24 25 30 0 0.00 0.00 0 0 0 5.00 0.00 0.50
13.00 24 25 30 0 0.00 0.00 0 0 0 5.00 0.00 0.50
13.00 24 25 30 0 0.00 0.00 0 0 0 5.00 0.00 0.50
12.00 25 25 30 0 0.00 0.00 0 0 0 5.00 0.00 0.50
13.00 25 25 30 0 0.00 0.00 0 0 0 5.00 0.00 0.50
13.00 25 26 30 0 0.00 0.00 0 0 0 5.00 0.00 0.50
13.00 25 26 30 0 0.00 0.00 0 0 0 5.00 0.00 0.50
12.00 26 26 30 0 0.00 0.00 0 0 0 5.00 0.00 0.50
13.00 26 26 30 0 0.00 0.00 0 0 0 5.00 0.00 0.50
13.00 26 26 30 0 0.00 0.00 0 0 0 5.00 0.00 0.50
12.00 27 27 30 0 0.00 0.00 0 0 0 5.00 0.00 0.50
14.00 26 27 30 0 0.00 0.00 0 0 0 5.00 0.00 0.50
12.00 26 27 30 0 0.00 0.00 0 0 0 5.00 0.00 0.50
13.00 27 28 30 0 0.00 0.00 0 0 0 5.00 0.00 0.50
12.00 27 28 30 0 0.00 0.00 0 0 0 5.00 0.00 0.50
14.00 27 29 30 0 0.00 0.00 0 0 0 5.00 0.00 0.50
12.00 27 29 30 0 0.00 0.00 0 0 0 5.00 0.00 0.50
12.00 25 29 30 0 0.00 0.00 0 0 0 5.00 0.00 0.50
14.00 26 29 30 0 0.00 0.00 0 0 0 5.00 0.00 0.50
12.00 29 30 30 0 0.00 0.00 0 0 0 5.00 0.00 0.50
13.00 29 30 30 0 0.00 0.00 0 0 0 5.00 0.00 0.50
13.00 30 30 30 0 0.00 0.00 0 0 0 5.00 0.00 0.50
13.00 30 30 30 0 0.00 0.00 0 0 0 5.00 0.00 0.50
12.00 30 31 30 0 0.00 0.00 0 0 0 5.00 0.00 0.50
12.00 30 31 30 0 0.00 0.00 0 0 0 5.00 0.00 0.50
14.00 31 31 30 0 0.00 0.00 0 0 0 5.00 0.00 0.50
12.00 30 31 30 0 0.00 0.00 0 0 0 5.00 0.00 0.50
13.00 29 31 30 0 0.00 0.00 0 0 0 5.00 0.00 0.50
13.00 27 32 30 0 0.00 0.00 0 0 0 5.00 0.00 0.50
13.00 30 31 30 0 0.00 0.00 0 0 0 5.00 0.00 0.50
12.00 31 31 30 0 0.00 0.00 0 0 0 5.00 0.00 0.50
14.00 31 32 30 0 0.00 0.00 0 0 0 5.00 0.00 0.50
12.00 31 32 30 0 0.00 0.00 0 0 0 5.00 0.00 0.50
12.00 32 32 30 0 0.00 0.00 0 0 0 5.00 0.00 0.50
13.00 32 32 30 0 0.00 0.00 0 0 0 5.00 0.00 0.50
13.00 32 33 30 0 0.00 0.00 0 0 0 5.00 0.00 0.50
13.00 33 33 30 0 0.00 0.00 0 0 0 5.00 0.00 0.50
12.00 32 33 30 0 0.00 0.00 0 0 0 5.00 0.00 0.50
14.00 29 33 30 0 0.00 0.00 0 0 0 5.00 0.00 0.50
12.00 30 34 30 0 0.00 0.00 0 0 0 5.00 0.00 0.50
13.00 32 34 30 0 0.00 0.00 0 0 0 5.00 0.00 0.50
12.00 33 34 30 0 0.00 0.00 0 0 0 5.00 0.00 0.50
13.00 33 34 30 0 0.00 0.00 0 0 0 5.00 0.00 0.50
13.00 33 34 30 0 0.00 0.00 0 0 0 5.00 0.00 0.50
12.00 34 34 30 0 0.00 0.00 0 0 0 5.00 0.00 0.50
14.00 33 34 30 0 0.00 0.00 0 0 0 5.00 0.00 0.50
12.00 31 35 30 0 0.00 0.00 0 0 0 5.00 0.00 0.50
13.00 32 35 30 0 0.00 0.00 0 0 0 5.00 0.00 0.50
13.00 32 35 30 0 0.00 0.00 0 0 0 5.00 0.00 0.50
13.00 33 35 30 0 0.00 0.00 0 0 0 5.00 0.00 0.50
12.00 33 34 30 0 0.00 0.00 0 0 0 5.00 0.00 0.50
12.00 33 35 30 0 0.00 0.00 0 0 0 5.00 0.00 0.50
14.00 33 35 30 0 0.00 0.00 0 0 0 5.00 0.00 0.50
12.00 34 34 30 0 0.00 0.00 0 0 0 5.00 0.00 0.50
13.00 34 35 30 0 0.00 0.00 0 0 0 5.00 0.00 0.50
13.00 34 34 30 0 0.00 0.00 0 0 0 5.00 0.00 0.50
13.00 34 34 30 0 0.00 0.00 0 0 0 5.00 0.00 0.50
12.00 34 34 30 0 0.00 0.00 0 0 0 5.00 0.00 0.50
14.00 34 34 30 0 0.00 0.00 0 0 0 5.00 0.00 0.50
12.00 34 34 30 0 0.00 0.00 0 0 0 5.00 0.00 0.50
12.00 32 34 30 0 0.00 0.00 0 0 0 5.00 0.00 0.50
13.00 32 34 30 0 0.00 0.00 0 0 0 5.00 0.00 0.50
13.00 31 34 30 0 0.00 0.00 0 0 0 5.00 0.00 0.50
13.00 34 35 30 0 0.00 0.00 0 0 0 5.00 0.00 0.50
12.00 34 35 30 0 0.00 0.00 0 0 0 5.00 0.00 0.50
14.00 34 35 30 0 0.00 0.00 0 0 0 5.00 0.00 0.50
12.00 34 35 30 0 0.00 0.00 0 0 0 5.00 0.00 0.50
12.00 34 35 30 0 0.00 0.00 0 0 0 5.00 0.00 0.50
14.00 33 34 30 0 0.00 0.00 0 0 0 5.00 0.00 0.50
12.00 32 35 30 0 0.00 0.00 0 0 0 5.00 0.00 0.50
13.00 33 35 30 0 0.00 0.00 0 0 0 5.00 0.00 0.50
12.00 33 35 30 0 0.00 0.00 0 0 0 5.00 0.00 0.50
14.00 34 35 30 0 0.00 0.00 0 0 0 5.00 0.00 0.50
12.00 35 35 30 0 0.00 0.00 0 0 0 5.00 0.00 0.50
13.00 31 35 30 0 0.00 0.00 0 0 0 5.00 0.00 0.50
13.00 35 35 30 0 0.00 0.00 0 0 0 5.00 0.00 0.50
12.00 35 35 30 0 0.00 0.00 0 0 0 5.00 0.00 0.50
13.00 35 35 30 0 0.00 0.00 0 0 0 5.00 0.00 0.50
13.00 35 36 30 0 0.00 0.00 0 0 0 5.00 0.00 0.50
13.00 36 36 30 0 0.00 0.00 0 0 0 5.00 0.00 0.50
12.00 35 36 30 0 0.00 0.00 0 0 0 5.00 0.00 0.50
13.00 35 36 30 0 0.00 0.00 0 0 0 5.00 0.00 0.50
13.00 35 36 30 0 0.00 0.00 0 0 0 5.00 0.00 0.50
13.00 35 36 30 0 0.00 0.00 0 0 0 5.00 0.00 0.50
12.00 35 36 30 0 0.00 0.00 0 0 0 5.00 0.00 0.50
13.00 36 36 30 0 0.00 0.00 0 0 0 5.00 0.00 0.50
13.00 36 36 30 0 0.00 0.00 0 0 0 5.00 0.00 0.50
12.00 36 36 30 0 0.00 0.00 0 0 0 5.00 0.00 0.50
14.00 36 36 30 0 0.00 0.00 0 0 0 5.00 0.00 0.50
12.00 35 36 30 0 0.00 0.00 0 0 0 5.00 0.00 0.50
13.00 35 36 30 0 0.00 0.00 0 0 0 5.00 0.00 0.50
12.00 35 36 30 0 0.00 0.00 0 0 0 5.00 0.00 0.50
14.00 35 36 30 0 0.00 0.00 0 0 0 5.00 0.00 0.50
12.00 35 36 30 0 0.00 0.00 0 0 0 5.00 0.00 0.50
12.00 36 36 30 0 0.00 0.00 0 0 0 5.00 0.00 0.50
14.00 35 36 30 0 0.00 0.00 0 0 0 5.00 0.00 0.50
12.00 35 36 30 0 0.00 0.00 0 0 0 5.00 0.00 0.50
13.00 35 36 30 0 0.00 0.00 0 0 0 5.00 0.00 0.50
12.00 35 36 30 0 0.00 0.00 0 0 0 5.00 0.00 0.50
14.00 35 36 30 0 0.00 0.00 0 0 0 5.00 0.00 0.50
12.00 36 36 30 0 0.00 0.00 0 0 0 5.00 0.00 0.50
12.00 35 36 30 0 0.00 0.00 0 0 0 5.00 0.00 0.50
14.00 35 36 30 0 0.00 0.00 0 0 0 5.00 0.00 0.50
12.00 35 36 30 0 0.00 0.00 0 0 0 5.00 0.00 0.50
13.00 35 36 30 0 0.00 0.00 0 0 0 5.00 0.00 0.50
13.00 35 36 30 0 0.00 0.00 0 0 0 5.00 0.00 0.50
13.00 35 36 30 0 0.00 0.00 0 0 0 5.00 0.00 0.50
12.00 35 36 30 0 0.00 0.00 0 0 0 5.00 0.00 0.50
13.00 35 36 30 0 0.00 0.00 0 0 0 5.00 0.00 0.50
13.00 35 36 30 0 0.00 0.00 0 0 0 5.00 0.00 0.50
12.00 35 36 30 0 0.00 0.00 0 0 0 5.00 0.00 0.50
13.00 35 36 30 0 0.00 0.00 0 0 0 5.00 0.00 0.50
13.00 35 36 30 0 0.00 0.00 0 0 0 5.00 0.00 0.50
13.00 35 36 30 0 0.00 0.00 0 0 0 5.00 0.00 0.50
12.00 35 36 30 0 0.00 0.00 0 0 0 5.00 0.00 0.50
14.00 34 36 30 0 0.00 0.00 0 0 0 5.00 0.00 0.50
12.00 33 36 30 0 0.00 0.00 0 0 0 5.00 0.00 0.50
13.00 32 36 30 0 0.00 0.00 0 0 0 5.00 0.00 0.50
12.00 34 36 30 0 0.00 0.00 0 0 0 5.00 0.00 0.50
13.00 35 36 30 0 0.00 0.00 0 0 0 5.00 0.00 0.50
13.00 34 36 30 0 0.00 0.00 0 0 0 5.00 0.00 0.50
12.00 34 36 30 0 0.00 0.00 0 0 0 5.00 0.00 0.50
14.00 35 36 30 0 0.00 0.00 0 0 0 5.00 0.00 0.50
12.00 35 36 30 0 0.00 0.00 0 0 0 5.00 0.00 0.50
13.00 35 36 30 0 0.00 0.00 0 0 0 5.00 0.00 0.50
13.00 34 36 30 0 0.00 0.00 0 0 0 5.00 0.00 0.50
13.00 35 36 30 0 0.00 0.00 0 0 0 5.00 0.00 0.50
12.00 35 36 30 0 0.00 0.00 0 0 0 5.00 0.00 0.50
12.00 35 36 30 0 0.00 0.00 0 0 0 5.00 0.00 0.50
14.00 35 36 30 0 0.00 0.00 0 0 0 5.00 0.00 0.50
12.00 35 36 30 0 0.00 0.00 0 0 0 5.00 0.00 0.50
13.00 35 36 30 0 0.00 0.00 0 0 0 5.00 0.00 0.50
13.00 35 36 30 0 0.00 0.00 0 0 0 5.00 0.00 0.50
13.00 35 36 30 0 0.00 0.00 0 0 0 5.00 0.00 0.50
12.00 35 36 30 0 0.00 0.00 0 0 0 5.00 0.00 0.50
13.00 35 36 30 0 0.00 0.00 0 0 0 5.00 0.00 0.50
13.00 35 36 30 0 0.00 0.00 0 0 0 5.00 0.00 0.50
12.00 35 36 30 0 0.00 0.00 0 0 0 5.00 0.00 0.50
13.00 35 36 30 0 0.00 0.00 0 0 0 5.00 0.00 0.50
13.00 35 36 30 0 0.00 0.00 0 0 0 5.00 0.00 0.50
13.00 35 36 30 0 0.00 0.00 0 0 0 5.00 0.00 0.50
12.00 35 36 30 0 0.00 0.00 0 0 0 5.00 0.00 0.50
14.00 35 36 30 0 0.00 0.00 0 0 0 5.00 0.00 0.50
12.00 35 36 30 0 0.00 0.00 0 0 0 5.00 0.00 0.50
12.00 35 36 30 0 0.00 0.00 0 0 0 5.00 0.00 0.50
14.00 35 36 30 0 0.00 0.00 0 0 0 5.00 0.00 0.50
12.00 35 36 30 0 0.00 0.00 0 0 0 5.00 0.00 0.50
13.00 35 36 30 0 0.00 0.00 0 0 0 5.00 0.00 0.50
12.00 35 36 30 0 0.00 0.00 0 0 0 5.00 0.00 0.50
14.00 35 36 30 0 0.00 0.00 0 0 0 5.00 0.00 0.50
12.00 35 36 30 0 0.00 0.00 0 0 0 5.00 0.00 0.50
13.00 35 36 30 0 0.00 0.00 0 0 0 5.00 0.00 0.50
13.00 35 36 30 0 0.00 0.00 0 0 0 5.00 0.00 0.50
12.00 35 36 30 0 0.00 0.00 0 0 0 5.00 0.00 0.50
13.00 35 36 30 0 0.00 0.00 0 0 0 5.00 0.00 0.50
13.00 35 36 30 0 0.00 0.00 0 0 0 5.00 0.00 0.50
13.00 35 36 30 0 0.00 0.00 0 0 0 5.00 0.00 0.50
12.00 35 36 30 0 0.00 0.00 0 0 0 5.00 0.00 0.50
13.00 35 36 30 0 0.00 0.00 0 0 0 5.00 0.00 0.50
13.00 35 36 30 0 0.00 0.00 0 0 0 5.00 0.00 0.50
13.00 35 36 30 0 0.00 0.00 0 0 0 5.00 0.00 0.50
12.00 35 36 30 0 0.00 0.00 0 0 0 5.00 0.00 0.50
13.00 35 36 30 0 0.00 0.00 0 0 0 5.00 0.00 0.50
13.00 35 36 30 0 0.00 0.00 0 0 0 5.00 0.00 0.50
12.00 35 36 30 0 0.00 0.00 0 0 0 5.00 0.00 0.50
14.00 35 36 30 0 0.00 0.00 0 0 0 5.00 0.00 0.50
12.00 35 36 30 0 0.00 0.00 0 0 0 5.00 0.00 0.50
13.00 35 36 30 0 0.00 0.00 0 0 0 5.00 0.00 0.50
12.00 35 36 30 0 0.00 0.00 0 0 0 5.00 0.00 0.50
13.00 35 36 30 0 0.00 0.00 0 0 0 5.00 0.00 0.50
13.00 35 36 30 0 0.00 0.00 0 0 0 5.00 0.00 0.50
12.00 35 36 30 0 0.00 0.00 0 0 0 5.00 0.00 0.50
14.00 35 36 30 0 0.00 0.00 0 0 0 5.00 0.00 0.50
12.00 35 36 30 0 0.00 0.00 0 0 0 5.00 0.00 0.50
13.00 35 36 30 0 0.00 0.00 0 0 0 5.00 0.00 0.50
12.00 35 36 30 0 0.00 0.00 0 0 0 5.00 0.00 0.50
14.00 35 36 30 0 0.00 0.00 0 0 0 5.00 0.00 0.50
12.00 35 36 30 0 0.00 0.00 0 0 0 5.00 0.00 0.50
12.00 35 36 30 0 0.00 0.00 0 0 0 5.00 0.00 0.50
14.00 35 36 30 0 0.00 0.00 0 0 0 5.00 0.00 0.50
12.00 35 36 30 0 0.00 0.00 0 0 0 5.00 0.00 0.50
13.00 35 36 30 0 0.00 0.00 0 0 0 5.00 0.00 0.50
13.00 35 36 30 0 0.00 0.00 0 0 0 5.00 0.00 0.50
13.00 35 36 30 0 0.00 0.00 0 0 0 5.00 0.00 0.50
12.00 35 36 30 0 0.00 0.00 0 0 0 5.00 0.00 0.50
13.00 35 36 30 0 0.00 0.00 0 0 0 5.00 0.00 0.50
13.00 35 36 30 0 0.00 0.00 0 0 0 5.00 0.00 0.50
12.00 35 36 30 0 0.00 0.00 0 0 0 5.00 0.00 0.50
13.00 35 36 30 0 0.00 0.00 0 0 0 5.00 0.00 0.50
13.00 35 36 30 0 0.00 0.00 0 0 0 5.00 0.00 0.50
13.00 35 36 30 0 0.00 0.00 0 0 0 5.00 0.00 0.50
12.00 35 36 35 3 131.67 178.33 36 0 0 5.00 0.00 0.50
15.00 35 36 35 3 152.50 157.50 36 0 0 5.00 0.00 0.50
14.00 35 36 35 3 152.50 157.50 36 0 0 5.00 0.00 0.50
13.00 35 36 35 3 152.50 157.50 36 0 0 5.00 0.00 0.50
15.00 35 36 35 3 152.50 157.50 36 0 0 5.00 0.00 0.50
14.00 35 36 35 3 152.50 157.50 36 0 0 5.00 0.00 0.50
13.00 35 36 35 3 152.50 157.50 36 0 0 5.00 0.00 0.50
15.00 35 36 35 3 152.50 157.50 36 0 0 5.00 0.00 0.50
14.00 35 36 35 3 152.50 157.50 36 0 0 5.00 0.00 0.50
14.00 35 36 35 3 152.50 157.50 36 0 0 5.00 0.00 0.50
14.00 35 36 35 3 152.50 157.50 36 0 0 5.00 0.00 0.50
14.00 35 36 35 3 152.50 157.50 36 0 0 5.00 0.00 0.50
14.00 36 36 35 3 152.50 157.50 36 0 0 5.00 0.00 0.50
14.00 35 36 35 3 152.50 157.50 36 0 0 5.00 0.00 0.50
14.00 35 36 35 3 152.50 157.50 36 0 0 5.00 0.00 0.50
14.00 35 36 35 3 152.50 157.50 36 0 0 5.00 0.00 0.50
15.00 35 36 35 3 152.50 157.50 36 0 0 5.00 0.00 0.50
13.00 35 36 35 3 152.50 157.50 36 0 0 5.00 0.00 0.50
14.00 35 36 35 3 152.50 157.50 36 0 0 5.00 0.00 0.50
15.00 36 36 35 3 152.50 157.50 36 0 0 5.00 0.00 0.50
13.00 35 36 35 3 152.50 157.50 36 0 0 5.00 0.00 0.50
14.00 35 36 35 3 152.50 157.50 36 0 0 5.00 0.00 0.50
15.00 35 36 35 3 152.50 157.50 36 0 0 5.00 0.00 0.50
14.00 36 36 35 3 152.50 157.50 36 0 0 5.00 0.00 0.50
13.00 35 36 35 3 152.50 157.50 36 0 0 5.00 0.00 0.50
14.00 36 36 35 3 152.50 157.50 36 0 0 5.00 0.00 0.50
15.00 35 36 35 3 152.50 157.50 36 0 0 5.00 0.00 0.50
13.00 35 36 35 3 152.50 157.50 36 0 0 5.00 0.00 0.50
14.00 36 36 35 3 152.50 157.50 36 0 0 5.00 0.00 0.50
15.00 36 36 35 3 152.50 157.50 36 0 0 5.00 0.00 0.50
14.00 36 36 35 3 152.50 157.50 36 0 0 5.00 0.00 0.50
13.00 35 36 35 3 152.50 157.50 36 0 0 5.00 0.00 0.50
15.00 35 36 35 3 152.50 157.50 36 0 0 5.00 0.00 0.50
14.00 36 36 35 3 152.50 157.50 36 0 0 5.00 0.00 0.50
13.00 36 36 35 3 152.50 157.50 36 0 0 5.00 0.00 0.50
15.00 36 36 35 3 152.50 157.50 36 0 0 5.00 0.00 0.50
14.00 36 36 35 3 152.50 157.50 36 0 0 5.00 0.00 0.50
14.00 36 36 35 3 152.50 157.50 36 0 0 5.00 0.00 0.50
14.00 36 36 35 3 152.50 157.50 36 0 0 5.00 0.00 0.50
14.00 36 36 35 3 152.50 157.50 36 0 0 5.00 0.00 0.50
14.00 36 36 35 3 152.50 157.50 36 0 0 5.00 0.00 0.50
14.00 35 36 35 3 152.50 157.50 36 0 0 5.00 0.00 0.50
14.00 35 36 35 3 152.50 157.50 36 0 0 5.00 0.00 0.50
14.00 36 36 35 3 152.50 157.50 36 0 0 5.00 0.00 0.50
14.00 35 36 35 3 152.50 157.50 36 0 0 5.00 0.00 0.50
14.00 35 36 35 3 152.50 157.50 36 0 0 5.00 0.00 0.50
14.00 35 36 35 3 152.50 157.50 36 0 0 5.00 0.00 0.50
15.00 35 36 35 3 152.50 157.50 36 0 0 5.00 0.00 0.50
13.00 35 36 35 3 152.50 157.50 36 0 0 5.00 0.00 0.50
14.00 35 36 35 3 152.50 157.50 36 0 0 5.00 0.00 0.50
15.00 35 36 35 3 152.50 157.50 36 0 0 5.00 0.00 0.50
13.00 35 36 35 3 152.50 157.50 36 0 0 5.00 0.00 0.50
14.00 35 36 35 3 152.50 157.50 36 0 0 5.00 0.00 0.50
15.00 35 36 35 3 152.50 157.50 36 0 0 5.00 0.00 0.50
14.00 35 36 35 3 152.50 157.50 36 0 0 5.00 0.00 0.50
13.00 35 36 35 3 152.50 157.50 36 0 0 5.00 0.00 0.50
15.00 36 36 35 3 152.50 157.50 36 0 0 5.00 0.00 0.50
14.00 36 36 35 3 152.50 157.50 36 0 0 5.00 0.00 0.50
13.00 35 36 35 3 152.50 157.50 36 0 0 5.00 0.00 0.50
15.00 35 36 35 3 152.50 157.50 36 0 0 5.00 0.00 0.50
14.00 35 36 35 3 152.50 157.50 36 0 0 5.00 0.00 0.50
14.00 36 36 35 3 152.50 157.50 36 0 0 5.00 0.00 0.50
14.00 35 36 35 3 152.50 157.50 36 0 0 5.00 0.00 0.50
14.00 35 37 35 3 132.14 177.86 37 0 0 5.00 0.00 0.50
14.00 35 36 35 3 170.36 139.64 36 0 0 5.00 0.00 0.50
14.00 35 36 35 3 152.50 157.50 36 0 0 5.00 0.00 0.50
14.00 35 36 35 3 152.50 157.50 36 0 0 5.00 0.00 0.50
14.00 35 36 35 3 152.50 157.50 36 0 0 5.00 0.00 0.50
15.00 35 36 35 3 152.50 157.50 36 0 0 5.00 0.00 0.50
13.00 35 36 35 3 152.50 157.50 36 0 0 5.00 0.00 0.50
14.00 35 36 35 3 152.50 157.50 36 0 0 5.00 0.00 0.50
15.00 36 36 35 3 152.50 157.50 36 0 0 5.00 0.00 0.50
13.00 36 36 35 3 152.50 157.50 36 0 0 5.00 0.00 0.50
14.00 35 36 35 3 152.50 157.50 36 0 0 5.00 0.00 0.50
15.00 35 36 35 3 152.50 157.50 36 0 0 5.00 0.00 0.50
14.00 35 36 35 3 152.50 157.50 36 0 0 5.00 0.00 0.50
13.00 35 36 35 3 152.50 157.50 36 0 0 5.00 0.00 0.50
15.00 35 36 35 3 152.50 157.50 36 0 0 5.00 0.00 0.50
14.00 36 36 35 3 152.50 157.50 36 0 0 5.00 0.00 0.50
13.00 35 36 35 3 152.50 157.50 36 0 0 5.00 0.00 0.50
15.00 35 36 35 3 152.50 157.50 36 0 0 5.00 0.00 0.50
14.00 36 36 35 3 152.50 157.50 36 0 0 5.00 0.00 0.50
14.00 35 36 35 3 152.50 157.50 36 0 0 5.00 0.00 0.50
14.00 36 36 35 3 152.50 157.50 36 0 0 5.00 0.00 0.50
14.00 35 36 35 3 152.50 157.50 36 0 0 5.00 0.00 0.50
14.00 36 36 35 3 152.50 157.50 36 0 0 5.00 0.00 0.50
14.00 35 36 35 3 152.50 157.50 36 0 0 5.00 0.00 0.50
14.00 35 36 35 3 152.50 157.50 36 0 0 5.00 0.00 0.50
14.00 35 36 35 3 152.50 157.50 36 0 0 5.00 0.00 0.50
14.00 35 36 35 3 152.50 157.50 36 0 0 5.00 0.00 0.50
14.00 35 36 35 3 152.50 157.50 36 0 0 5.00 0.00 0.50
14.00 35 36 35 3 152.50 157.50 36 0 0 5.00 0.00 0.50
15.00 35 36 35 3 152.50 157.50 36 0 0 5.00 0.00 0.50
13.00 35 36 35 3 152.50 157.50 36 0 0 5.00 0.00 0.50
14.00 35 36 35 3 152.50 157.50 36 0 0 5.00 0.00 0.50
15.00 35 36 35 3 152.50 157.50 36 0 0 5.00 0.00 0.50
13.00 35 36 35 3 152.50 157.50 36 0 0 5.00 0.00 0.50
14.00 35 36 35 3 152.50 157.50 36 0 0 5.00 0.00 0.50
15.00 35 36 35 3 152.50 157.50 36 0 0 5.00 0.00 0.50
14.00 35 36 35 3 152.50 157.50 36 0 0 5.00 0.00 0.50
13.00 35 36 35 3 152.50 157.50 36 0 0 5.00 0.00 0.50
15.00 35 36 35 3 152.50 157.50 36 0 0 5.00 0.00 0.50
14.00 35 36 35 3 152.50 157.50 36 0 0 5.00 0.00 0.50
13.00 35 37 35 3 130.77 179.23 37 0 0 5.00 0.00 0.50
14.00 35 36 35 3 170.36 139.64 36 0 0 5.00 0.00 0.50
15.00 35 36 35 3 152.50 157.50 36 0 0 5.00 0.00 0.50
14.00 35 36 35 3 152.50 157.50 36 0 0 5.00 0.00 0.50
13.00 35 36 35 3 152.50 157.50 36 0 0 5.00 0.00 0.50
15.00 35 37 35 3 133.33 176.67 37 0 0 5.00 0.00 0.50
14.00 35 36 35 3 170.36 139.64 36 0 0 5.00 0.00 0.50
13.00 35 36 35 3 152.50 157.50 36 0 0 5.00 0.00 0.50
15.00 35 37 35 3 133.33 176.67 37 0 0 5.00 0.00 0.50
14.00 35 36 35 3 170.36 139.64 36 0 0 5.00 0.00 0.50
14.00 35 36 35 3 152.50 157.50 36 0 0 5.00 0.00 0.50
14.00 35 36 35 3 152.50 157.50 36 0 0 5.00 0.00 0.50
14.00 35 37 35 3 132.14 177.86 37 0 0 5.00 0.00 0.50
14.00 35 37 35 3 150.00 160.00 37 0 0 5.00 0.00 0.50
14.00 35 37 35 3 150.00 160.00 37 0 0 5.00 0.00 0.50
14.00 35 37 35 3 150.00 160.00 37 0 0 5.00 0.00 0.50
14.00 36 37 35 3 150.00 160.00 37 0 0 5.00 0.00 0.50
15.00 36 37 35 3 150.00 160.00 37 0 0 5.00 0.00 0.50
13.00 35 37 35 3 150.00 160.00 37 0 0 5.00 0.00 0.50
14.00 35 37 35 3 150.00 160.00 37 0 0 5.00 0.00 0.50
15.00 36 37 35 3 150.00 160.00 37 0 0 5.00 0.00 0.50
13.00 35 38 35 3 128.27 181.73 38 0 0 5.00 0.00 0.50
14.00 36 37 35 3 167.86 142.14 37 0 0 5.00 0.00 0.50
15.00 36 37 35 3 150.00 160.00 37 0 0 5.00 0.00 0.50
13.00 35 37 35 3 150.00 160.00 37 0 0 5.00 0.00 0.50
14.00 35 37 35 3 150.00 160.00 37 0 0 5.00 0.00 0.50
15.00 35 37 35 3 150.00 160.00 37 0 0 5.00 0.00 0.50
14.00 36 38 35 3 129.64 180.36 38 0 0 5.00 0.00 0.50
13.00 35 37 35 3 169.23 140.77 37 0 0 5.00 0.00 0.50
15.00 35 37 35 3 150.00 160.00 37 0 0 5.00 0.00 0.50
14.00 35 37 35 3 150.00 160.00 37 0 0 5.00 0.00 0.50
13.00 36 37 35 3 150.00 160.00 37 0 0 5.00 0.00 0.50
15.00 35 37 35 3 150.00 160.00 37 0 0 5.00 0.00 0.50
14.00 36 37 35 3 150.00 160.00 37 0 0 5.00 0.00 0.50
14.00 36 37 35 3 150.00 160.00 37 0 0 5.00 0.00 0.50
14.00 36 38 35 3 129.64 180.36 38 0 0 5.00 0.00 0.50
14.00 36 37 35 3 167.86 142.14 37 0 0 5.00 0.00 0.50
14.00 36 38 35 3 129.64 180.36 38 0 0 5.00 0.00 0.50
14.00 35 38 35 3 147.50 162.50 38 0 0 5.00 0.00 0.50
14.00 36 37 35 3 167.86 142.14 37 0 0 5.00 0.00 0.50
14.00 36 38 35 3 129.64 180.36 38 0 0 5.00 0.00 0.50
15.00 36 38 35 3 147.50 162.50 38 0 0 5.00 0.00 0.50
13.00 35 38 35 3 147.50 162.50 38 0 0 5.00 0.00 0.50
14.00 36 38 35 3 147.50 162.50 38 0 0 5.00 0.00 0.50
15.00 36 38 35 3 147.50 162.50 38 0 0 5.00 0.00 0.50
13.00 36 38 35 3 147.50 162.50 38 0 0 5.00 0.00 0.50
14.00 35 38 35 3 147.50 162.50 38 0 0 5.00 0.00 0.50
15.00 35 38 35 3 147.50 162.50 38 0 0 5.00 0.00 0.50
14.00 36 38 35 3 147.50 162.50 38 0 0 5.00 0.00 0.50
13.00 36 38 35 3 147.50 162.50 38 0 0 5.00 0.00 0.50
15.00 35 38 35 3 147.50 162.50 38 0 0 5.00 0.00 0.50
14.00 36 38 35 3 147.50 162.50 38 0 0 5.00 0.00 0.50
13.00 36 38 35 3 147.50 162.50 38 0 0 5.00 0.00 0.50
15.00 35 38 35 3 147.50 162.50 38 0 0 5.00 0.00 0.50
14.00 35 38 35 3 147.50 162.50 38 0 0 5.00 0.00 0.50
14.00 35 38 35 3 147.50 162.50 38 0 0 5.00 0.00 0.50
14.00 36 38 35 3 147.50 162.50 38 0 0 5.00 0.00 0.50
14.00 36 38 35 3 147.50 162.50 38 0 0 5.00 0.00 0.50
14.00 36 38 35 3 147.50 162.50 38 0 0 5.00 0.00 0.50
14.00 36 38 35 3 147.50 162.50 38 0 0 5.00 0.00 0.50
14.00 36 38 35 3 147.50 162.50 38 0 0 5.00 0.00 0.50
14.00 36 38 35 3 147.50 162.50 38 0 0 5.00 0.00 0.50
15.00 37 38 35 3 147.50 162.50 38 0 0 5.00 0.00 0.50
13.00 36 38 35 3 147.50 162.50 38 0 0 5.00 0.00 0.50
14.00 37 38 35 3 147.50 162.50 38 0 0 5.00 0.00 0.50
15.00 37 38 35 3 147.50 162.50 38 0 0 5.00 0.00 0.50
13.00 37 38 35 3 147.50 162.50 38 0 0 5.00 0.00 0.50
14.00 36 38 35 3 147.50 162.50 38 0 0 5.00 0.00 0.50
15.00 37 38 35 3 147.50 162.50 38 0 0 5.00 0.00 0.50
13.00 37 38 35 3 147.50 162.50 38 0 0 5.00 0.00 0.50
14.00 36 38 35 3 147.50 162.50 38 0 0 5.00 0.00 0.50
15.00 37 38 35 3 147.50 162.50 38 0 0 5.00 0.00 0.50
14.00 37 38 35 3 147.50 162.50 38 0 0 5.00 0.00 0.50
13.00 36 38 35 3 147.50 162.50 38 0 0 5.00 0.00 0.50
15.00 36 38 35 3 147.50 162.50 38 0 0 5.00 0.00 0.50
14.00 37 37 35 3 167.86 142.14 37 0 0 5.00 0.00 0.50
13.00 36 37 35 3 150.00 160.00 37 0 0 5.00 0.00 0.50
14.00 36 37 35 3 150.00 160.00 37 0 0 5.00 0.00 0.50
15.00 36 37 35 3 150.00 160.00 37 0 0 5.00 0.00 0.50
14.00 36 37 35 3 150.00 160.00 37 0 0 5.00 0.00 0.50
13.00 36 37 35 3 150.00 160.00 37 0 0 5.00 0.00 0.50
15.00 36 37 35 3 150.00 160.00 37 0 0 5.00 0.00 0.50
14.00 36 37 35 3 150.00 160.00 37 0 0 5.00 0.00 0.50
13.00 36 37 35 3 150.00 160.00 37 0 0 5.00 0.00 0.50
15.00 36 37 35 3 150.00 160.00 37 0 0 5.00 0.00 0.50
14.00 36 37 35 3 150.00 160.00 37 0 0 5.00 0.00 0.50
14.00 36 37 35 3 150.00 160.00 37 0 0 5.00 0.00 0.50
14.00 36 37 35 3 150.00 160.00 37 0 0 5.00 0.00 0.50
14.00 36 37 35 3 150.00 160.00 37 0 0 5.00 0.00 0.50
14.00 36 37 35 3 150.00 160.00 37 0 0 5.00 0.00 0.50
14.00 36 37 35 3 150.00 160.00 37 0 0 5.00 0.00 0.50
14.00 36 37 35 3 150.00 160.00 37 0 0 5.00 0.00 0.50
14.00 36 37 35 3 150.00 160.00 37 0 0 5.00 0.00 0.50
15.00 36 37 35 3 150.00 160.00 37 0 0 5.00 0.00 0.50
13.00 36 37 35 3 150.00 160.00 37 0 0 5.00 0.00 0.50
14.00 36 37 35 3 150.00 160.00 37 0 0 5.00 0.00 0.50
15.00 36 37 35 3 150.00 160.00 37 0 0 5.00 0.00 0.50
13.00 36 37 35 3 150.00 160.00 37 0 0 5.00 0.00 0.50
14.00 36 37 35 3 150.00 160.00 37 0 0 5.00 0.00 0.50
15.00 36 36 35 3 169.17 140.83 36 0 0 5.00 0.00 0.50
14.00 36 36 35 3 152.50 157.50 36 0 0 5.00 0.00 0.50
13.00 36 36 35 3 152.50 157.50 36 0 0 5.00 0.00 0.50
15.00 36 36 35 3 152.50 157.50 36 0 0 5.00 0.00 0.50
14.00 36 36 35 3 152.50 157.50 36 0 0 5.00 0.00 0.50
13.00 36 37 35 3 130.77 179.23 37 0 0 5.00 0.00 0.50
15.00 36 37 35 3 150.00 160.00 37 0 0 5.00 0.00 0.50
14.00 36 36 35 3 170.36 139.64 36 0 0 5.00 0.00 0.50
14.00 36 36 35 3 152.50 157.50 36 0 0 5.00 0.00 0.50
14.00 36 36 35 3 152.50 157.50 36 0 0 5.00 0.00 0.50
14.00 36 36 35 3 152.50 157.50 36 0 0 5.00 0.00 0.50
14.00 36 36 35 3 152.50 157.50 36 0 0 5.00 0.00 0.50
14.00 36 36 35 3 152.50 157.50 36 0 0 5.00 0.00 0.50
14.00 36 36 35 3 152.50 157.50 36 0 0 5.00 0.00 0.50
14.00 36 36 35 3 152.50 157.50 36 0 0 5.00 0.00 0.50
14.00 36 36 35 3 152.50 157.50 36 0 0 5.00 0.00 0.50
14.00 36 36 35 3 152.50 157.50 36 0 0 5.00 0.00 0.50
14.00 36 36 35 3 152.50 157.50 36 0 0 5.00 0.00 0.50
15.00 36 36 35 3 152.50 157.50 36 0 0 5.00 0.00 0.50
13.00 36 36 35 3 152.50 157.50 36 0 0 5.00 0.00 0.50
14.00 36 36 35 3 152.50 157.50 36 0 0 5.00 0.00 0.50
15.00 36 36 35 3 152.50 157.50 36 0 0 5.00 0.00 0.50
13.00 36 36 35 3 152.50 157.50 36 0 0 5.00 0.00 0.50
14.00 36 36 35 3 152.50 157.50 36 0 0 5.00 0.00 0.50
15.00 36 36 35 3 152.50 157.50 36 0 0 5.00 0.00 0.50
14.00 36 36 35 3 152.50 157.50 36 0 0 5.00 0.00 0.50
13.00 36 36 35 3 152.50 157.50 36 0 0 5.00 0.00 0.50
15.00 36 36 35 3 152.50 157.50 36 0 0 5.00 0.00 0.50
14.00 36 36 35 3 152.50 157.50 36 0 0 5.00 0.00 0.50
13.00 35 36 35 3 152.50 157.50 36 0 0 5.00 0.00 0.50
15.00 36 36 35 3 152.50 157.50 36 0 0 5.00 0.00 0.50
14.00 36 36 35 3 152.50 157.50 36 0 0 5.00 0.00 0.50
14.00 36 36 35 3 152.50 157.50 36 0 0 5.00 0.00 0.50
14.00 36 36 35 3 152.50 157.50 36 0 0 5.00 0.00 0.50
14.00 36 36 35 3 152.50 157.50 36 0 0 5.00 0.00 0.50
14.00 36 35 35 3 172.86 137.14 35 0 0 5.00 0.00 0.50
14.00 36 36 35 3 134.64 175.36 36 0 0 5.00 0.00 0.50
14.00 36 36 35 3 152.50 157.50 36 0 0 5.00 0.00 0.50
14.00 36 36 35 3 152.50 157.50 36 0 0 5.00 0.00 0.50
15.00 36 35 35 3 171.67 138.33 35 0 0 5.00 0.00 0.50
13.00 36 36 35 3 133.27 176.73 36 0 0 5.00 0.00 0.50
14.00 36 35 35 3 172.86 137.14 35 0 0 5.00 0.00 0.50
15.00 35 35 35 3 155.00 155.00 35 0 0 5.00 0.00 0.50
13.00 35 36 35 3 133.27 176.73 36 0 0 5.00 0.00 0.50
14.00 35 35 35 3 172.86 137.14 35 0 0 5.00 0.00 0.50
15.00 35 35 35 3 155.00 155.00 35 0 0 5.00 0.00 0.50
14.00 35 35 35 3 155.00 155.00 35 0 0 5.00 0.00 0.50
13.00 35 35 35 3 155.00 155.00 35 0 0 5.00 0.00 0.50
15.00 35 35 35 3 155.00 155.00 35 0 0 5.00 0.00 0.50
14.00 35 35 35 3 155.00 155.00 35 0 0 5.00 0.00 0.50
13.00 35 35 35 3 155.00 155.00 35 0 0 5.00 0.00 0.50
15.00 35 35 35 3 155.00 155.00 35 0 0 5.00 0.00 0.50
14.00 36 35 35 3 155.00 155.00 35 0 0 5.00 0.00 0.50
13.00 36 35 35 3 155.00 155.00 35 0 0 5.00 0.00 0.50
15.00 35 35 35 3 155.00 155.00 35 0 0 5.00 0.00 0.50
14.00 35 35 35 3 155.00 155.00 35 0 0 5.00 0.00 0.50
14.00 35 35 35 3 155.00 155.00 35 0 0 5.00 0.00 0.50
13.00 35 35 35 3 155.00 155.00 35 0 0 5.00 0.00 0.50
15.00 35 35 35 3 155.00 155.00 35 0 0 5.00 0.00 0.50
14.00 35 35 35 3 155.00 155.00 35 0 0 5.00 0.00 0.50
13.00 35 35 35 3 155.00 155.00 35 0 0 5.00 0.00 0.50
15.00 35 35 35 3 155.00 155.00 35 0 0 5.00 0.00 0.50
14.00 35 35 35 3 155.00 155.00 35 0 0 5.00 0.00 0.50
14.00 35 35 35 3 155.00 155.00 35 0 0 5.00 0.00 0.50
14.00 35 35 35 3 155.00 155.00 35 0 0 5.00 0.00 0.50
14.00 35 35 35 3 155.00 155.00 35 0 0 5.00 0.00 0.50
14.00 35 35 35 3 155.00 155.00 35 0 0 5.00 0.00 0.50
14.00 35 35 35 3 155.00 155.00 35 0 0 5.00 0.00 0.50
14.00 35 36 35 3 134.64 175.36 36 0 0 5.00 0.00 0.50
14.00 36 35 35 3 172.86 137.14 35 0 0 5.00 0.00 0.50
15.00 35 36 35 3 135.83 174.17 36 0 0 5.00 0.00 0.50
13.00 35 35 35 3 174.23 135.77 35 0 0 5.00 0.00 0.50
14.00 35 36 35 3 134.64 175.36 36 0 0 5.00 0.00 0.50
15.00 35 35 35 3 171.67 138.33 35 0 0 5.00 0.00 0.50
13.00 35 36 35 3 133.27 176.73 36 0 0 5.00 0.00 0.50
14.00 35 36 35 3 152.50 157.50 36 0 0 5.00 0.00 0.50
15.00 35 35 35 3 171.67 138.33 35 0 0 5.00 0.00 0.50
14.00 35 35 35 3 155.00 155.00 35 0 0 5.00 0.00 0.50
13.00 35 36 35 3 133.27 176.73 36 0 0 5.00 0.00 0.50
15.00 35 36 35 3 152.50 157.50 36 0 0 5.00 0.00 0.50
14.00 35 35 35 3 172.86 137.14 35 0 0 5.00 0.00 0.50
13.00 35 36 35 3 133.27 176.73 36 0 0 5.00 0.00 0.50
15.00 35 36 35 3 152.50 157.50 36 0 0 5.00 0.00 0.50
14.00 35 36 35 3 152.50 157.50 36 0 0 5.00 0.00 0.50
14.00 35 36 35 3 152.50 157.50 36 0 0 5.00 0.00 0.50
14.00 35 36 35 3 152.50 157.50 36 0 0 5.00 0.00 0.50
14.00 35 35 35 3 172.86 137.14 35 0 0 5.00 0.00 0.50
14.00 35 36 35 3 134.64 175.36 36 0 0 5.00 0.00 0.50
14.00 35 36 35 3 152.50 157.50 36 0 0 5.00 0.00 0.50
14.00 35 36 35 3 152.50 157.50 36 0 0 5.00 0.00 0.50
14.00 35 36 35 3 152.50 157.50 36 0 0 5.00 0.00 0.50
15.00 35 36 35 3 152.50 157.50 36 0 0 5.00 0.00 0.50
13.00 35 37 35 3 130.77 179.23 37 0 0 5.00 0.00 0.50
14.00 35 36 35 3 170.36 139.64 36 0 0 5.00 0.00 0.50
15.00 35 36 35 3 152.50 157.50 36 0 0 5.00 0.00 0.50
13.00 35 36 35 3 152.50 157.50 36 0 0 5.00 0.00 0.50
14.00 35 36 35 3 152.50 157.50 36 0 0 5.00 0.00 0.50
15.00 35 36 35 3 152.50 157.50 36 0 0 5.00 0.00 0.50
13.00 35 36 35 3 152.50 157.50 36 0 0 5.00 0.00 0.50
14.00 35 36 35 3 152.50 157.50 36 0 0 5.00 0.00 0.50
15.00 35 36 35 3 152.50 157.50 36 0 0 5.00 0.00 0.50
14.00 35 37 35 3 132.14 177.86 37 0 0 5.00 0.00 0.50
13.00 35 37 35 3 150.00 160.00 37 0 0 5.00 0.00 0.50
15.00 35 36 35 3 169.17 140.83 36 0 0 5.00 0.00 0.50
14.00 35 36 35 3 152.50 157.50 36 0 0 5.00 0.00 0.50
13.00 35 36 35 3 152.50 157.50 36 0 0 5.00 0.00 0.50
15.00 35 36 35 3 152.50 157.50 36 0 0 5.00 0.00 0.50
14.00 35 36 35 3 152.50 157.50 36 0 0 5.00 0.00 0.50
14.00 35 36 35 3 152.50 157.50 36 0 0 5.00 0.00 0.50
14.00 35 36 35 3 152.50 157.50 36 0 0 5.00 0.00 0.50
14.00 35 36 35 3 152.50 157.50 36 0 0 5.00 0.00 0.50
14.00 35 36 35 3 152.50 157.50 36 0 0 5.00 0.00 0.50
14.00 35 37 35 3 132.14 177.86 37 0 0 5.00 0.00 0.50
14.00 35 36 35 3 170.36 139.64 36 0 0 5.00 0.00 0.50
14.00 35 37 35 3 132.14 177.86 37 0 0 5.00 0.00 0.50
15.00 35 37 35 3 150.00 160.00 37 0 0 5.00 0.00 0.50
13.00 35 37 35 3 150.00 160.00 37 0 0 5.00 0.00 0.50
14.00 36 37 35 3 150.00 160.00 37 0 0 5.00 0.00 0.50
15.00 36 36 35 3 169.17 140.83 36 0 0 5.00 0.00 0.50
13.00 36 36 35 3 152.50 157.50 36 0 0 5.00 0.00 0.50
14.00 36 37 35 3 132.14 177.86 37 0 0 5.00 0.00 0.50
15.00 36 36 35 3 169.17 140.83 36 0 0 5.00 0.00 0.50
14.00 36 36 35 3 152.50 157.50 36 0 0 5.00 0.00 0.50
13.00 36 36 35 3 152.50 157.50 36 0 0 5.00 0.00 0.50
15.00 36 36 35 3 152.50 157.50 36 0 0 5.00 0.00 0.50
14.00 36 36 35 3 152.50 157.50 36 0 0 5.00 0.00 0.50
13.00 36 36 35 3 152.50 157.50 36 0 0 5.00 0.00 0.50
15.00 36 36 35 3 152.50 157.50 36 0 0 5.00 0.00 0.50
14.00 36 36 35 3 152.50 157.50 36 0 0 5.00 0.00 0.50
14.00 36 36 35 3 152.50 157.50 36 0 0 5.00 0.00 0.50
14.00 36 36 35 3 152.50 157.50 36 0 0 5.00 0.00 0.50
14.00 36 36 35 3 152.50 157.50 36 0 0 5.00 0.00 0.50
14.00 35 37 35 3 132.14 177.86 37 0 0 5.00 0.00 0.50
13.00 36 37 35 3 150.00 160.00 37 0 0 5.00 0.00 0.50
15.00 36 36 35 3 169.17 140.83 36 0 0 5.00 0.00 0.50
14.00 36 36 35 3 152.50 157.50 36 0 0 5.00 0.00 0.50
15.00 36 36 35 3 152.50 157.50 36 0 0 5.00 0.00 0.50
13.00 36 36 35 3 152.50 157.50 36 0 0 5.00 0.00 0.50
14.00 36 36 35 3 152.50 157.50 36 0 0 5.00 0.00 0.50
14.00 35 36 35 3 152.50 157.50 36 0 0 5.00 0.00 0.50
14.00 35 36 35 3 152.50 157.50 36 0 0 5.00 0.00 0.50
14.00 35 37 35 3 132.14 177.86 37 0 0 5.00 0.00 0.50
14.00 36 38 35 3 129.64 180.36 38 0 0 5.00 0.00 0.50
14.00 36 37 35 3 167.86 142.14 37 0 0 5.00 0.00 0.50
14.00 36 38 35 3 129.64 180.36 38 0 0 5.00 0.00 0.50
14.00 35 37 35 3 167.86 142.14 37 0 0 5.00 0.00 0.50
15.00 36 36 35 3 169.17 140.83 36 0 0 5.00 0.00 0.50
13.00 35 36 35 3 152.50 157.50 36 0 0 5.00 0.00 0.50
14.00 36 36 35 3 152.50 157.50 36 0 0 5.00 0.00 0.50
15.00 36 36 35 3 152.50 157.50 36 0 0 5.00 0.00 0.50
13.00 36 36 35 3 152.50 157.50 36 0 0 5.00 0.00 0.50
14.00 36 36 35 3 152.50 157.50 36 0 0 5.00 0.00 0.50
15.00 35 36 35 3 152.50 157.50 36 0 0 5.00 0.00 0.50
14.00 35 36 35 3 152.50 157.50 36 0 0 5.00 0.00 0.50
13.00 35 36 35 3 152.50 157.50 36 0 0 5.00 0.00 0.50
15.00 35 36 35 3 152.50 157.50 36 0 0 5.00 0.00 0.50
14.00 35 36 35 3 152.50 157.50 36 0 0 5.00 0.00 0.50
13.00 36 36 35 3 152.50 157.50 36 0 0 5.00 0.00 0.50
15.00 35 36 35 3 152.50 157.50 36 0 0 5.00 0.00 0.50
14.00 35 36 35 3 152.50 157.50 36 0 0 5.00 0.00 0.50
14.00 35 36 35 3 152.50 157.50 36 0 0 5.00 0.00 0.50
14.00 35 36 35 3 152.50 157.50 36 0 0 5.00 0.00 0.50
14.00 35 36 35 3 152.50 157.50 36 0 0 5.00 0.00 0.50
14.00 35 36 35 3 152.50 157.50 36 0 0 5.00 0.00 0.50
14.00 36 36 35 3 152.50 157.50 36 0 0 5.00 0.00 0.50
14.00 36 36 35 3 152.50 157.50 36 0 0 5.00 0.00 0.50
14.00 36 36 35 3 152.50 157.50 36 0 0 5.00 0.00 0.50
15.00 37 36 35 3 152.50 157.50 36 0 0 5.00 0.00 0.50
13.00 36 36 35 3 152.50 157.50 36 0 0 5.00 0.00 0.50
14.00 36 36 35 3 152.50 157.50 36 0 0 5.00 0.00 0.50
15.00 36 36 35 3 152.50 157.50 36 0 0 5.00 0.00 0.50
13.00 36 36 35 3 152.50 157.50 36 0 0 5.00 0.00 0.50
14.00 35 36 35 3 152.50 157.50 36 0 0 5.00 0.00 0.50
15.00 35 36 35 3 152.50 157.50 36 0 0 5.00 0.00 0.50
14.00 35 36 35 3 152.50 157.50 36 0 0 5.00 0.00 0.50
13.00 35 36 35 3 152.50 157.50 36 0 0 5.00 0.00 0.50
15.00 35 36 35 3 152.50 157.50 36 0 0 5.00 0.00 0.50
14.00 35 36 35 3 152.50 157.50 36 0 0 5.00 0.00 0.50
13.00 35 36 35 3 152.50 157.50 36 0 0 5.00 0.00 0.50
15.00 35 36 35 3 152.50 157.50 36 0 0 5.00 0.00 0.50
14.00 35 36 35 3 152.50 157.50 36 0 0 5.00 0.00 0.50
13.00 35 36 35 3 152.50 157.50 36 0 0 5.00 0.00 0.50
15.00 35 36 35 3 152.50 157.50 36 0 0 5.00 0.00 0.50
14.00 35 36 35 3 152.50 157.50 36 0 0 5.00 0.00 0.50
14.00 35 36 35 3 152.50 157.50 36 0 0 5.00 0.00 0.50
14.00 35 36 35 3 152.50 157.50 36 0 0 5.00 0.00 0.50
14.00 35 36 35 3 152.50 157.50 36 0 0 5.00 0.00 0.50
14.00 35 36 35 3 152.50 157.50 36 0 0 5.00 0.00 0.50
14.00 35 36 35 3 152.50 157.50 36 0 0 5.00 0.00 0.50
14.00 35 36 35 3 152.50 157.50 36 0 0 5.00 0.00 0.50
14.00 35 36 35 3 152.50 157.50 36 0 0 5.00 0.00 0.50
15.00 35 36 35 3 152.50 157.50 36 0 0 5.00 0.00 0.50
13.00 35 36 35 3 152.50 157.50 36 0 0 5.00 0.00 0.50
14.00 35 36 35 3 152.50 157.50 36 0 0 5.00 0.00 0.50
15.00 35 36 35 3 152.50 157.50 36 0 0 5.00 0.00 0.50
13.00 35 36 35 3 152.50 157.50 36 0 0 5.00 0.00 0.50
14.00 35 36 35 3 152.50 157.50 36 0 0 5.00 0.00 0.50
15.00 36 36 35 3 152.50 157.50 36 0 0 5.00 0.00 0.50
14.00 35 36 35 3 152.50 157.50 36 0 0 5.00 0.00 0.50
13.00 35 36 35 3 152.50 157.50 36 0 0 5.00 0.00 0.50
15.00 35 36 35 3 152.50 157.50 36 0 0 5.00 0.00 0.50
14.00 35 36 35 3 152.50 157.50 36 0 0 5.00 0.00 0.50
13.00 35 36 35 3 152.50 157.50 36 0 0 5.00 0.00 0.50
15.00 35 36 35 3 152.50 157.50 36 0 0 5.00 0.00 0.50
14.00 35 36 35 3 152.50 157.50 36 0 0 5.00 0.00 0.50
14.00 35 36 35 3 152.50 157.50 36 0 0 5.00 0.00 0.50
14.00 35 36 35 3 152.50 157.50 36 0 0 5.00 0.00 0.50
14.00 35 35 35 3 172.86 137.14 35 0 0 5.00 0.00 0.50
14.00 35 35 35 3 155.00 155.00 35 0 0 5.00 0.00 0.50
14.00 35 36 35 3 134.64 175.36 36 0 0 5.00 0.00 0.50
14.00 35 35 35 3 172.86 137.14 35 0 0 5.00 0.00 0.50
14.00 35 35 35 3 155.00 155.00 35 0 0 5.00 0.00 0.50
15.00 35 35 35 3 155.00 155.00 35 0 0 5.00 0.00 0.50
13.00 35 35 35 3 155.00 155.00 35 0 0 5.00 0.00 0.50
14.00 35 35 35 3 155.00 155.00 35 0 0 5.00 0.00 0.50
14.00 35 35 35 3 155.00 155.00 35 0 0 5.00 0.00 0.50
14.00 35 35 35 3 155.00 155.00 35 0 0 5.00 0.00 0.50
14.00 35 35 35 3 155.00 155.00 35 0 0 5.00 0.00 0.50
14.00 35 35 35 3 155.00 155.00 35 0 0 5.00 0.00 0.50
15.00 35 35 35 3 155.00 155.00 35 0 0 5.00 0.00 0.50
13.00 35 35 35 3 155.00 155.00 35 0 0 5.00 0.00 0.50
14.00 35 35 35 3 155.00 155.00 35 0 0 5.00 0.00 0.50
15.00 34 35 35 3 155.00 155.00 35 0 0 5.00 0.00 0.50
13.00 35 35 35 3 155.00 155.00 35 0 0 5.00 0.00 0.50
14.00 34 35 35 3 155.00 155.00 35 0 0 5.00 0.00 0.50
15.00 35 35 35 3 155.00 155.00 35 0 0 5.00 0.00 0.50
13.00 35 35 35 3 155.00 155.00 35 0 0 5.00 0.00 0.50
14.00 35 36 35 3 134.64 175.36 36 0 0 5.00 0.00 0.50
15.00 34 36 35 3 152.50 157.50 36 0 0 5.00 0.00 0.50
14.00 35 36 35 3 152.50 157.50 36 0 0 5.00 0.00 0.50
13.00 34 35 35 3 174.23 135.77 35 0 0 5.00 0.00 0.50
15.00 34 35 35 3 155.00 155.00 35 0 0 5.00 0.00 0.50
14.00 34 35 35 3 155.00 155.00 35 0 0 5.00 0.00 0.50
13.00 34 35 35 3 155.00 155.00 35 0 0 5.00 0.00 0.50
15.00 34 35 35 3 155.00 155.00 35 0 0 5.00 0.00 0.50
14.00 34 35 35 3 155.00 155.00 35 0 0 5.00 0.00 0.50
14.00 34 35 35 3 155.00 155.00 35 0 0 5.00 0.00 0.50
14.00 34 35 35 3 155.00 155.00 35 0 0 5.00 0.00 0.50
14.00 34 35 35 3 155.00 155.00 35 0 0 5.00 0.00 0.50
14.00 34 35 35 3 155.00 155.00 35 0 0 5.00 0.00 0.50
14.00 34 35 35 3 155.00 155.00 35 0 0 5.00 0.00 0.50
14.00 34 35 35 3 155.00 155.00 35 0 0 5.00 0.00 0.50
14.00 34 35 35 3 155.00 155.00 35 0 0 5.00 0.00 0.50
15.00 34 35 35 3 155.00 155.00 35 0 0 5.00 0.00 0.50
13.00 34 35 35 3 155.00 155.00 35 0 0 5.00 0.00 0.50
14.00 34 35 35 3 155.00 155.00 35 0 0 5.00 0.00 0.50
15.00 34 35 35 3 155.00 155.00 35 0 0 5.00 0.00 0.50
13.00 34 35 35 3 155.00 155.00 35 0 0 5.00 0.00 0.50
14.00 34 36 35 3 134.64 175.36 36 0 0 5.00 0.00 0.50
15.00 34 35 35 3 171.67 138.33 35 0 0 5.00 0.00 0.50
14.00 34 35 35 3 155.00 155.00 35 0 0 5.00 0.00 0.50
13.00 34 35 35 3 155.00 155.00 35 0 0 5.00 0.00 0.50
15.00 34 34 35 3 174.17 135.83 34 0 0 5.00 0.00 0.50
14.00 34 35 35 3 137.14 172.86 35 0 0 5.00 0.00 0.50
13.00 34 35 35 3 155.00 155.00 35 0 0 5.00 0.00 0.50
15.00 34 35 35 3 155.00 155.00 35 0 0 5.00 0.00 0.50
14.00 34 35 35 3 155.00 155.00 35 0 0 5.00 0.00 0.50
14.00 34 35 35 3 155.00 155.00 35 0 0 5.00 0.00 0.50
14.00 34 35 35 3 155.00 155.00 35 0 0 5.00 0.00 0.50
14.00 34 35 35 3 155.00 155.00 35 0 0 5.00 0.00 0.50
14.00 34 35 35 3 155.00 155.00 35 0 0 5.00 0.00 0.50
14.00 34 35 35 3 155.00 155.00 35 0 0 5.00 0.00 0.50
14.00 34 36 35 3 134.64 175.36 36 0 0 5.00 0.00 0.50
14.00 34 35 35 3 172.86 137.14 35 0 0 5.00 0.00 0.50
15.00 34 35 35 3 155.00 155.00 35 0 0 5.00 0.00 0.50
13.00 34 35 35 3 155.00 155.00 35 0 0 5.00 0.00 0.50
14.00 34 35 35 3 155.00 155.00 35 0 0 5.00 0.00 0.50
15.00 34 35 35 3 155.00 155.00 35 0 0 5.00 0.00 0.50
13.00 34 35 35 3 155.00 155.00 35 0 0 5.00 0.00 0.50
14.00 33 35 35 3 155.00 155.00 35 0 0 5.00 0.00 0.50
15.00 33 35 35 3 155.00 155.00 35 0 0 5.00 0.00 0.50
13.00 33 35 35 3 155.00 155.00 35 0 0 5.00 0.00 0.50
14.00 34 35 35 3 155.00 155.00 35 0 0 5.00 0.00 0.50
15.00 34 35 35 3 155.00 155.00 35 0 0 5.00 0.00 0.50
14.00 34 35 35 3 155.00 155.00 35 0 0 5.00 0.00 0.50
13.00 34 35 35 3 155.00 155.00 35 0 0 5.00 0.00 0.50
15.00 34 35 35 3 155.00 155.00 35 0 0 5.00 0.00 0.50
14.00 34 35 35 3 155.00 155.00 35 0 0 5.00 0.00 0.50
13.00 34 35 35 3 155.00 155.00 35 0 0 5.00 0.00 0.50
15.00 34 35 35 3 155.00 155.00 35 0 0 5.00 0.00 0.50
14.00 34 35 35 3 155.00 155.00 35 0 0 5.00 0.00 0.50
14.00 34 35 35 3 155.00 155.00 35 0 0 5.00 0.00 0.50
14.00 35 35 35 3 155.00 155.00 35 0 0 5.00 0.00 0.50
14.00 34 36 35 3 134.64 175.36 36 0 0 5.00 0.00 0.50
14.00 34 35 35 3 172.86 137.14 35 0 0 5.00 0.00 0.50
14.00 34 35 35 3 155.00 155.00 35 0 0 5.00 0.00 0.50
14.00 34 35 35 3 155.00 155.00 35 0 0 5.00 0.00 0.50
14.00 35 36 35 3 134.64 175.36 36 0 0 5.00 0.00 0.50
15.00 35 35 35 3 171.67 138.33 35 0 0 5.00 0.00 0.50
13.00 34 35 35 3 155.00 155.00 35 0 0 5.00 0.00 0.50
14.00 34 35 35 3 155.00 155.00 35 0 0 5.00 0.00 0.50
15.00 34 36 35 3 135.83 174.17 36 0 0 5.00 0.00 0.50
13.00 34 35 35 3 174.23 135.77 35 0 0 5.00 0.00 0.50
14.00 34 35 35 3 155.00 155.00 35 0 0 5.00 0.00 0.50
14.00 34 35 35 3 155.00 155.00 35 0 0 5.00 0.00 0.50
15.00 34 35 35 3 155.00 155.00 35 0 0 5.00 0.00 0.50
13.00 35 35 35 3 155.00 155.00 35 0 0 5.00 0.00 0.50
14.00 35 35 35 3 155.00 155.00 35 0 0 5.00 0.00 0.50
15.00 35 35 35 3 155.00 155.00 35 0 0 5.00 0.00 0.50
13.00 35 35 35 3 155.00 155.00 35 0 0 5.00 0.00 0.50
14.00 35 35 35 3 155.00 155.00 35 0 0 5.00 0.00 0.50
15.00 35 35 35 3 155.00 155.00 35 0 0 5.00 0.00 0.50
14.00 34 35 35 3 155.00 155.00 35 0 0 5.00 0.00 0.50
13.00 34 35 35 3 155.00 155.00 35 0 0 5.00 0.00 0.50
15.00 35 35 35 3 155.00 155.00 35 0 0 5.00 0.00 0.50
14.00 34 35 35 3 155.00 155.00 35 0 0 5.00 0.00 0.50
13.00 35 35 35 3 155.00 155.00 35 0 0 5.00 0.00 0.50
15.00 34 35 35 3 155.00 155.00 35 0 0 5.00 0.00 0.50
14.00 34 35 35 3 155.00 155.00 35 0 0 5.00 0.00 0.50
13.00 34 35 35 3 155.00 155.00 35 0 0 5.00 0.00 0.50
15.00 35 35 35 3 155.00 155.00 35 0 0 5.00 0.00 0.50
14.00 34 35 35 3 155.00 155.00 35 0 0 5.00 0.00 0.50
14.00 34 35 35 3 155.00 155.00 35 0 0 5.00 0.00 0.50
14.00 34 36 35 3 134.64 175.36 36 0 0 5.00 0.00 0.50
14.00 34 35 35 3 172.86 137.14 35 0 0 5.00 0.00 0.50
14.00 35 35 35 3 155.00 155.00 35 0 0 5.00 0.00 0.50
14.00 34 35 35 3 155.00 155.00 35 0 0 5.00 0.00 0.50
14.00 34 35 35 3 155.00 155.00 35 0 0 5.00 0.00 0.50
14.00 35 35 35 3 155.00 155.00 35 0 0 5.00 0.00 0.50
15.00 34 35 35 3 155.00 155.00 35 0 0 5.00 0.00 0.50
13.00 35 35 35 3 155.00 155.00 35 0 0 5.00 0.00 0.50
14.00 35 35 35 3 155.00 155.00 35 0 0 5.00 0.00 0.50
15.00 35 35 35 3 155.00 155.00 35 0 0 5.00 0.00 0.50
13.00 34 35 35 3 155.00 155.00 35 0 0 5.00 0.00 0.50
14.00 35 35 35 3 155.00 155.00 35 0 0 5.00 0.00 0.50
15.00 35 35 35 3 155.00 155.00 35 0 0 5.00 0.00 0.50
14.00 35 35 35 3 155.00 155.00 35 0 0 5.00 0.00 0.50
13.00 35 35 35 3 155.00 155.00 35 0 0 5.00 0.00 0.50
15.00 35 35 35 3 155.00 155.00 35 0 0 5.00 0.00 0.50
14.00 34 35 35 3 155.00 155.00 35 0 0 5.00 0.00 0.50
13.00 35 35 35 3 155.00 155.00 35 0 0 5.00 0.00 0.50
15.00 35 35 35 3 155.00 155.00 35 0 0 5.00 0.00 0.50
14.00 35 35 35 3 155.00 155.00 35 0 0 5.00 0.00 0.50
14.00 35 36 35 3 134.64 175.36 36 0 0 5.00 0.00 0.50
14.00 35 35 35 3 172.86 137.14 35 0 0 5.00 0.00 0.50
14.00 35 35 35 3 155.00 155.00 35 0 0 5.00 0.00 0.50
14.00 35 35 35 3 155.00 155.00 35 0 0 5.00 0.00 0.50
14.00 35 36 35 3 134.64 175.36 36 0 0 5.00 0.00 0.50
14.00 35 35 35 3 172.86 137.14 35 0 0 5.00 0.00 0.50
14.00 35 35 35 3 155.00 155.00 35 0 0 5.00 0.00 0.50
15.00 35 35 35 3 155.00 155.00 35 0 0 5.00 0.00 0.50
13.00 35 35 35 3 155.00 155.00 35 0 0 5.00 0.00 0.50
14.00 34 35 35 3 155.00 155.00 35 0 0 5.00 0.00 0.50
15.00 34 35 35 3 155.00 155.00 35 0 0 5.00 0.00 0.50
13.00 34 35 35 3 155.00 155.00 35 0 0 5.00 0.00 0.50
14.00 34 35 35 3 155.00 155.00 35 0 0 5.00 0.00 0.50
15.00 34 35 35 3 155.00 155.00 35 0 0 5.00 0.00 0.50
14.00 34 36 35 3 134.64 175.36 36 0 0 5.00 0.00 0.50
13.00 35 35 35 3 174.23 135.77 35 0 0 5.00 0.00 0.50
15.00 34 35 35 3 155.00 155.00 35 0 0 5.00 0.00 0.50
14.00 34 35 35 3 155.00 155.00 35 0 0 5.00 0.00 0.50
13.00 34 35 35 3 155.00 155.00 35 0 0 5.00 0.00 0.50
15.00 35 35 35 3 155.00 155.00 35 0 0 5.00 0.00 0.50
14.00 35 35 35 3 155.00 155.00 35 0 0 5.00 0.00 0.50
13.00 35 35 35 3 155.00 155.00 35 0 0 5.00 0.00 0.50
15.00 35 35 35 3 155.00 155.00 35 0 0 5.00 0.00 0.50
14.00 35 35 35 3 155.00 155.00 35 0 0 5.00 0.00 0.50
14.00 35 35 35 3 155.00 155.00 35 0 0 5.00 0.00 0.50
14.00 35 35 35 3 155.00 155.00 35 0 0 5.00 0.00 0.50
14.00 35 35 35 3 155.00 155.00 35 0 0 5.00 0.00 0.50
14.00 34 35 35 3 155.00 155.00 35 0 0 5.00 0.00 0.50
14.00 35 35 35 3 155.00 155.00 35 0 0 5.00 0.00 0.50
14.00 34 35 35 3 155.00 155.00 35 0 0 5.00 0.00 0.50
14.00 35 35 35 3 155.00 155.00 35 0 0 5.00 0.00 0.50
15.00 34 35 35 3 155.00 155.00 35 0 0 5.00 0.00 0.50
13.00 35 35 35 3 155.00 155.00 35 0 0 5.00 0.00 0.50
14.00 35 35 35 3 155.00 155.00 35 0 0 5.00 0.00 0.50
15.00 34 35 35 3 155.00 155.00 35 0 0 5.00 0.00 0.50
13.00 34 35 35 3 155.00 155.00 35 0 0 5.00 0.00 0.50
14.00 34 35 35 3 155.00 155.00 35 0 0 5.00 0.00 0.50
14.00 34 35 35 3 155.00 155.00 35 0 0 5.00 0.00 0.50
15.00 34 35 35 3 155.00 155.00 35 0 0 5.00 0.00 0.50
13.00 35 35 35 3 155.00 155.00 35 0 0 5.00 0.00 0.50
14.00 35 35 35 3 155.00 155.00 35 0 0 5.00 0.00 0.50
15.00 34 35 35 3 155.00 155.00 35 0 0 5.00 0.00 0.50
13.00 34 35 35 3 155.00 155.00 35 0 0 5.00 0.00 0.50
14.00 35 35 35 3 155.00 155.00 35 0 0 5.00 0.00 0.50
15.00 34 35 35 3 155.00 155.00 35 0 0 5.00 0.00 0.50
14.00 34 35 35 3 155.00 155.00 35 0 0 5.00 0.00 0.50
13.00 34 35 35 3 155.00 155.00 35 0 0 5.00 0.00 0.50
15.00 34 35 35 3 155.00 155.00 35 0 0 5.00 0.00 0.50
14.00 34 35 35 3 155.00 155.00 35 0 0 5.00 0.00 0.50
13.00 34 35 35 3 155.00 155.00 35 0 0 5.00 0.00 0.50
15.00 34 35 35 3 155.00 155.00 35 0 0 5.00 0.00 0.50
14.00 34 35 35 3 155.00 155.00 35 0 0 5.00 0.00 0.50
14.00 34 35 35 3 155.00 155.00 35 0 0 5.00 0.00 0.50
14.00 34 35 35 3 155.00 155.00 35 0 0 5.00 0.00 0.50
14.00 34 35 35 3 155.00 155.00 35 0 0 5.00 0.00 0.50
14.00 34 35 35 3 155.00 155.00 35 0 0 5.00 0.00 0.50
14.00 34 35 35 3 155.00 155.00 35 0 0 5.00 0.00 0.50
14.00 34 35 35 3 155.00 155.00 35 0 0 5.00 0.00 0.50
14.00 34 36 35 3 134.64 175.36 36 0 0 5.00 0.00 0.50
15.00 34 35 35 3 171.67 138.33 35 0 0 5.00 0.00 0.50
13.00 34 35 35 3 155.00 155.00 35 0 0 5.00 0.00 0.50
14.00 34 35 35 3 155.00 155.00 35 0 0 5.00 0.00 0.50
15.00 34 35 35 3 155.00 155.00 35 0 0 5.00 0.00 0.50
13.00 34 35 35 3 155.00 155.00 35 0 0 5.00 0.00 0.50
14.00 34 35 35 3 155.00 155.00 35 0 0 5.00 0.00 0.50
15.00 34 35 35 3 155.00 155.00 35 0 0 5.00 0.00 0.50
13.00 34 35 35 3 155.00 155.00 35 0 0 5.00 0.00 0.50
14.00 34 35 35 3 155.00 155.00 35 0 0 5.00 0.00 0.50
15.00 35 35 35 3 155.00 155.00 35 0 0 5.00 0.00 0.50
14.00 35 35 35 3 155.00 155.00 35 0 0 5.00 0.00 0.50
13.00 35 35 35 3 155.00 155.00 35 0 0 5.00 0.00 0.50
15.00 35 35 35 3 155.00 155.00 35 0 0 5.00 0.00 0.50
14.00 35 35 35 3 155.00 155.00 35 0 0 5.00 0.00 0.50
13.00 34 35 35 3 155.00 155.00 35 0 0 5.00 0.00 0.50
15.00 34 34 35 3 174.17 135.83 34 0 0 5.00 0.00 0.50
14.00 35 35 35 3 137.14 172.86 35 0 0 5.00 0.00 0.50
14.00 34 35 35 3 155.00 155.00 35 0 0 5.00 0.00 0.50
14.00 34 35 35 3 155.00 155.00 35 0 0 5.00 0.00 0.50
14.00 35 35 35 3 155.00 155.00 35 0 0 5.00 0.00 0.50
14.00 34 34 35 3 175.36 134.64 34 0 0 5.00 0.00 0.50
14.00 34 35 35 3 137.14 172.86 35 0 0 5.00 0.00 0.50
14.00 34 34 35 3 175.36 134.64 34 0 0 5.00 0.00 0.50
14.00 34 35 35 3 137.14 172.86 35 0 0 5.00 0.00 0.50
15.00 34 34 35 3 174.17 135.83 34 0 0 5.00 0.00 0.50
13.00 34 35 35 3 135.77 174.23 35 0 0 5.00 0.00 0.50
14.00 34 35 35 3 155.00 155.00 35 0 0 5.00 0.00 0.50
15.00 34 34 35 3 174.17 135.83 34 0 0 5.00 0.00 0.50
13.00 34 35 35 3 135.77 174.23 35 0 0 5.00 0.00 0.50
14.00 34 34 35 3 175.36 134.64 34 0 0 5.00 0.00 0.50
15.00 34 34 35 3 157.50 152.50 34 0 0 5.00 0.00 0.50
14.00 34 34 35 3 157.50 152.50 34 0 0 5.00 0.00 0.50
13.00 34 35 35 3 135.77 174.23 35 0 0 5.00 0.00 0.50
15.00 34 35 35 3 155.00 155.00 35 0 0 5.00 0.00 0.50
14.00 34 35 35 3 155.00 155.00 35 0 0 5.00 0.00 0.50
13.00 34 34 35 3 176.73 133.27 34 0 0 5.00 0.00 0.50
15.00 34 34 35 3 157.50 152.50 34 0 0 5.00 0.00 0.50
14.00 34 34 35 3 157.50 152.50 34 0 0 5.00 0.00 0.50
14.00 34 34 35 3 157.50 152.50 34 0 0 5.00 0.00 0.50
14.00 34 34 35 3 157.50 152.50 34 0 0 5.00 0.00 0.50
14.00 33 34 35 3 157.50 152.50 34 0 0 5.00 0.00 0.50
14.00 34 34 35 3 157.50 152.50 34 0 0 5.00 0.00 0.50
14.00 33 35 35 3 137.14 172.86 35 0 0 5.00 0.00 0.50
14.00 33 34 35 3 175.36 134.64 34 0 0 5.00 0.00 0.50
14.00 33 34 35 3 157.50 152.50 34 0 0 5.00 0.00 0.50
14.00 34 34 35 3 157.50 152.50 34 0 0 5.00 0.00 0.50
14.00 33 34 35 3 157.50 152.50 34 0 0 5.00 0.00 0.50
14.00 34 34 35 3 157.50 152.50 34 0 0 5.00 0.00 0.50
15.00 33 34 35 3 157.50 152.50 34 0 0 5.00 0.00 0.50
13.00 33 34 35 3 157.50 152.50 34 0 0 5.00 0.00 0.50
14.00 33 34 35 3 157.50 152.50 34 0 0 5.00 0.00 0.50
15.00 33 34 35 3 157.50 152.50 34 0 0 5.00 0.00 0.50
13.00 33 34 35 3 157.50 152.50 34 0 0 5.00 0.00 0.50
14.00 33 34 35 3 157.50 152.50 34 0 0 5.00 0.00 0.50
15.00 34 34 35 3 157.50 152.50 34 0 0 5.00 0.00 0.50
14.00 33 34 35 3 157.50 152.50 34 0 0 5.00 0.00 0.50
13.00 33 34 35 3 157.50 152.50 34 0 0 5.00 0.00 0.50
14.00 33 34 35 3 157.50 152.50 34 0 0 5.00 0.00 0.50
15.00 33 34 35 3 157.50 152.50 34 0 0 5.00 0.00 0.50
13.00 33 34 35 3 157.50 152.50 34 0 0 5.00 0.00 0.50
14.00 33 34 35 3 157.50 152.50 34 0 0 5.00 0.00 0.50
15.00 33 34 35 3 157.50 152.50 34 0 0 5.00 0.00 0.50
14.00 33 34 35 3 157.50 152.50 34 0 0 5.00 0.00 0.50
13.00 33 34 35 3 157.50 152.50 34 0 0 5.00 0.00 0.50
15.00 33 34 35 3 157.50 152.50 34 0 0 5.00 0.00 0.50
14.00 33 34 35 3 157.50 152.50 34 0 0 5.00 0.00 0.50
13.00 33 34 35 3 157.50 152.50 34 0 0 5.00 0.00 0.50
15.00 33 34 35 3 157.50 152.50 34 0 0 5.00 0.00 0.50
14.00 34 34 35 3 157.50 152.50 34 0 0 5.00 0.00 0.50
14.00 33 34 35 3 157.50 152.50 34 0 0 5.00 0.00 0.50
14.00 34 34 35 3 157.50 152.50 34 0 0 5.00 0.00 0.50
14.00 33 34 35 3 157.50 152.50 34 0 0 5.00 0.00 0.50
14.00 33 34 35 3 157.50 152.50 34 0 0 5.00 0.00 0.50
14.00 33 34 35 3 157.50 152.50 34 0 0 5.00 0.00 0.50
14.00 33 34 35 3 157.50 152.50 34 0 0 5.00 0.00 0.50
14.00 33 34 35 3 157.50 152.50 34 0 0 5.00 0.00 0.50
15.00 33 34 35 3 157.50 152.50 34 0 0 5.00 0.00 0.50
13.00 33 34 35 3 157.50 152.50 34 0 0 5.00 0.00 0.50
14.00 33 34 35 3 157.50 152.50 34 0 0 5.00 0.00 0.50
15.00 33 34 35 3 157.50 152.50 34 0 0 5.00 0.00 0.50
13.00 33 34 35 3 157.50 152.50 34 0 0 5.00 0.00 0.50
14.00 33 34 35 3 157.50 152.50 34 0 0 5.00 0.00 0.50
15.00 33 34 35 3 157.50 152.50 34 0 0 5.00 0.00 0.50
14.00 33 34 35 3 157.50 152.50 34 0 0 5.00 0.00 0.50
13.00 33 34 35 3 157.50 152.50 34 0 0 5.00 0.00 0.50
15.00 33 34 35 3 157.50 152.50 34 0 0 5.00 0.00 0.50
14.00 33 34 35 3 157.50 152.50 34 0 0 5.00 0.00 0.50
13.00 33 34 35 3 157.50 152.50 34 0 0 5.00 0.00 0.50
15.00 33 34 35 3 157.50 152.50 34 0 0 5.00 0.00 0.50
14.00 33 34 35 3 157.50 152.50 34 0 0 5.00 0.00 0.50
13.00 33 34 35 3 157.50 152.50 34 0 0 5.00 0.00 0.50
15.00 32 34 35 3 157.50 152.50 34 0 0 5.00 0.00 0.50
14.00 33 34 35 3 157.50 152.50 34 0 0 5.00 0.00 0.50
14.00 33 34 35 3 157.50 152.50 34 0 0 5.00 0.00 0.50
14.00 33 34 35 3 157.50 152.50 34 0 0 5.00 0.00 0.50
14.00 33 34 35 3 157.50 152.50 34 0 0 5.00 0.00 0.50
14.00 33 34 35 3 157.50 152.50 34 0 0 5.00 0.00 0.50
14.00 33 34 35 3 157.50 152.50 34 0 0 5.00 0.00 0.50
14.00 33 34 35 3 157.50 152.50 34 0 0 5.00 0.00 0.50
14.00 33 34 35 3 157.50 152.50 34 0 0 5.00 0.00 0.50
15.00 33 34 35 3 157.50 152.50 34 0 0 5.00 0.00 0.50
13.00 33 34 35 3 157.50 152.50 34 0 0 5.00 0.00 0.50
14.00 33 34 35 3 157.50 152.50 34 0 0 5.00 0.00 0.50
15.00 33 34 35 3 157.50 152.50 34 0 0 5.00 0.00 0.50
13.00 33 34 35 3 157.50 152.50 34 0 0 5.00 0.00 0.50
14.00 33 34 35 3 157.50 152.50 34 0 0 5.00 0.00 0.50
15.00 33 34 35 3 157.50 152.50 34 0 0 5.00 0.00 0.50
14.00 33 34 35 3 157.50 152.50 34 0 0 5.00 0.00 0.50
13.00 34 34 35 3 157.50 152.50 34 0 0 5.00 0.00 0.50
15.00 33 34 35 3 157.50 152.50 34 0 0 5.00 0.00 0.50
14.00 33 34 35 3 157.50 152.50 34 0 0 5.00 0.00 0.50
13.00 33 34 35 3 157.50 152.50 34 0 0 5.00 0.00 0.50
15.00 33 34 35 3 157.50 152.50 34 0 0 5.00 0.00 0.50
14.00 33 34 35 3 157.50 152.50 34 0 0 5.00 0.00 0.50
14.00 33 34 35 3 157.50 152.50 34 0 0 5.00 0.00 0.50
14.00 33 34 35 3 157.50 152.50 34 0 0 5.00 0.00 0.50
14.00 33 34 35 3 157.50 152.50 34 0 0 5.00 0.00 0.50
14.00 34 34 35 3 157.50 152.50 34 0 0 5.00 0.00 0.50
14.00 33 34 35 3 157.50 152.50 34 0 0 5.00 0.00 0.50
14.00 33 34 35 3 157.50 152.50 34 0 0 5.00 0.00 0.50
14.00 33 34 35 3 157.50 152.50 34 0 0 5.00 0.00 0.50
15.00 33 34 35 3 157.50 152.50 34 0 0 5.00 0.00 0.50
13.00 33 34 35 3 157.50 152.50 34 0 0 5.00 0.00 0.50
14.00 33 34 35 3 157.50 152.50 34 0 0 5.00 0.00 0.50
15.00 33 34 35 3 157.50 152.50 34 0 0 5.00 0.00 0.50
13.00 33 35 35 3 135.77 174.23 35 0 0 5.00 0.00 0.50
14.00 33 34 35 3 175.36 134.64 34 0 0 5.00 0.00 0.50
15.00 33 34 35 3 157.50 152.50 34 0 0 5.00 0.00 0.50
14.00 33 34 35 3 157.50 152.50 34 0 0 5.00 0.00 0.50
13.00 33 34 35 3 157.50 152.50 34 0 0 5.00 0.00 0.50
15.00 34 34 35 3 157.50 152.50 34 0 0 5.00 0.00 0.50
14.00 34 34 35 3 157.50 152.50 34 0 0 5.00 0.00 0.50
13.00 33 35 35 3 135.77 174.23 35 0 0 5.00 0.00 0.50
14.00 34 34 35 3 175.36 134.64 34 0 0 5.00 0.00 0.50
15.00 34 34 35 3 157.50 152.50 34 0 0 5.00 0.00 0.50
13.00 33 34 35 3 157.50 152.50 34 0 0 5.00 0.00 0.50
14.00 34 34 35 3 157.50 152.50 34 0 0 5.00 0.00 0.50
15.00 33 34 35 3 157.50 152.50 34 0 0 5.00 0.00 0.50
14.00 33 35 35 3 137.14 172.86 35 0 0 5.00 0.00 0.50
13.00 33 34 35 3 176.73 133.27 34 0 0 5.00 0.00 0.50
15.00 33 34 35 3 157.50 152.50 34 0 0 5.00 0.00 0.50
14.00 34 34 35 3 157.50 152.50 34 0 0 5.00 0.00 0.50
13.00 34 34 35 3 157.50 152.50 34 0 0 5.00 0.00 0.50
15.00 33 34 35 3 157.50 152.50 34 0 0 5.00 0.00 0.50
14.00 34 34 35 3 157.50 152.50 34 0 0 5.00 0.00 0.50
14.00 33 34 35 3 157.50 152.50 34 0 0 5.00 0.00 0.50
14.00 34 34 35 3 157.50 152.50 34 0 0 5.00 0.00 0.50
14.00 34 34 35 3 157.50 152.50 34 0 0 5.00 0.00 0.50
14.00 33 35 35 3 137.14 172.86 35 0 0 5.00 0.00 0.50
14.00 34 34 35 3 175.36 134.64 34 0 0 5.00 0.00 0.50
14.00 33 34 35 3 157.50 152.50 34 0 0 5.00 0.00 0.50
14.00 34 34 35 3 157.50 152.50 34 0 0 5.00 0.00 0.50
15.00 34 35 35 3 138.33 171.67 35 0 0 5.00 0.00 0.50
13.00 34 34 35 3 176.73 133.27 34 0 0 5.00 0.00 0.50
14.00 34 34 35 3 157.50 152.50 34 0 0 5.00 0.00 0.50
15.00 34 35 35 3 138.33 171.67 35 0 0 5.00 0.00 0.50
13.00 34 34 35 3 176.73 133.27 34 0 0 5.00 0.00 0.50
14.00 34 34 35 3 157.50 152.50 34 0 0 5.00 0.00 0.50
15.00 34 34 35 3 157.50 152.50 34 0 0 5.00 0.00 0.50
14.00 34 34 35 3 157.50 152.50 34 0 0 5.00 0.00 0.50
13.00 34 34 35 3 157.50 152.50 34 0 0 5.00 0.00 0.50
15.00 34 34 35 3 157.50 152.50 34 0 0 5.00 0.00 0.50
14.00 34 34 35 3 157.50 152.50 34 0 0 5.00 0.00 0.50
13.00 34 34 35 3 157.50 152.50 34 0 0 5.00 0.00 0.50
15.00 34 34 35 3 157.50 152.50 34 0 0 5.00 0.00 0.50
14.00 34 34 35 3 157.50 152.50 34 0 0 5.00 0.00 0.50
14.00 34 34 35 3 157.50 152.50 34 0 0 5.00 0.00 0.50
14.00 34 34 35 3 157.50 152.50 34 0 0 5.00 0.00 0.50
14.00 34 34 35 3 157.50 152.50 34 0 0 5.00 0.00 0.50
14.00 34 35 35 3 137.14 172.86 35 0 0 5.00 0.00 0.50
14.00 34 35 35 3 155.00 155.00 35 0 0 5.00 0.00 0.50
14.00 33 35 35 3 155.00 155.00 35 0 0 5.00 0.00 0.50
14.00 33 36 35 3 134.64 175.36 36 0 0 5.00 0.00 0.50
14.00 34 37 35 3 132.14 177.86 37 0 0 5.00 0.00 0.50
14.00 34 36 35 3 170.36 139.64 36 0 0 5.00 0.00 0.50
14.00 34 35 35 3 172.86 137.14 35 0 0 5.00 0.00 0.50
15.00 34 35 35 3 155.00 155.00 35 0 0 5.00 0.00 0.50
13.00 34 35 35 3 155.00 155.00 35 0 0 5.00 0.00 0.50
14.00 34 35 35 3 155.00 155.00 35 0 0 5.00 0.00 0.50
15.00 34 35 35 3 155.00 155.00 35 0 0 5.00 0.00 0.50
13.00 34 35 35 3 155.00 155.00 35 0 0 5.00 0.00 0.50
14.00 34 35 35 3 155.00 155.00 35 0 0 5.00 0.00 0.50
15.00 34 36 35 3 135.83 174.17 36 0 0 5.00 0.00 0.50
14.00 34 36 35 3 152.50 157.50 36 0 0 5.00 0.00 0.50
13.00 33 36 35 3 152.50 157.50 36 0 0 5.00 0.00 0.50
15.00 34 36 35 3 152.50 157.50 36 0 0 5.00 0.00 0.50
14.00 34 36 35 3 152.50 157.50 36 0 0 5.00 0.00 0.50
13.00 34 36 35 3 152.50 157.50 36 0 0 5.00 0.00 0.50
15.00 34 36 35 3 152.50 157.50 36 0 0 5.00 0.00 0.50
14.00 34 36 35 3 152.50 157.50 36 0 0 5.00 0.00 0.50
14.00 34 36 35 3 152.50 157.50 36 0 0 5.00 0.00 0.50
14.00 34 36 35 3 152.50 157.50 36 0 0 5.00 0.00 0.50
14.00 34 36 35 3 152.50 157.50 36 0 0 5.00 0.00 0.50
14.00 34 36 35 3 152.50 157.50 36 0 0 5.00 0.00 0.50
14.00 35 36 35 3 152.50 157.50 36 0 0 5.00 0.00 0.50
14.00 35 36 35 3 152.50 157.50 36 0 0 5.00 0.00 0.50
14.00 35 36 35 3 152.50 157.50 36 0 0 5.00 0.00 0.50
15.00 36 35 35 3 171.67 138.33 35 0 0 5.00 0.00 0.50
13.00 35 36 35 3 133.27 176.73 36 0 0 5.00 0.00 0.50
14.00 35 36 35 3 152.50 157.50 36 0 0 5.00 0.00 0.50
15.00 34 36 35 3 152.50 157.50 36 0 0 5.00 0.00 0.50
13.00 34 36 35 3 152.50 157.50 36 0 0 5.00 0.00 0.50
14.00 34 36 35 3 152.50 157.50 36 0 0 5.00 0.00 0.50
15.00 34 36 35 3 152.50 157.50 36 0 0 5.00 0.00 0.50
14.00 34 36 35 3 152.50 157.50 36 0 0 5.00 0.00 0.50
13.00 34 36 35 3 152.50 157.50 36 0 0 5.00 0.00 0.50
15.00 35 36 35 3 152.50 157.50 36 0 0 5.00 0.00 0.50
14.00 35 36 35 3 152.50 157.50 36 0 0 5.00 0.00 0.50
13.00 34 36 35 3 152.50 157.50 36 0 0 5.00 0.00 0.50
15.00 34 36 35 3 152.50 157.50 36 0 0 5.00 0.00 0.50
14.00 35 36 35 3 152.50 157.50 36 0 0 5.00 0.00 0.50
14.00 34 36 35 3 152.50 157.50 36 0 0 5.00 0.00 0.50
13.00 34 36 35 3 152.50 157.50 36 0 0 5.00 0.00 0.50
15.00 35 36 35 3 152.50 157.50 36 0 0 5.00 0.00 0.50
14.00 34 36 35 3 152.50 157.50 36 0 0 5.00 0.00 0.50
13.00 34 36 35 3 152.50 157.50 36 0 0 5.00 0.00 0.50
15.00 34 36 35 3 152.50 157.50 36 0 0 5.00 0.00 0.50
14.00 34 36 35 3 152.50 157.50 36 0 0 5.00 0.00 0.50
13.00 34 36 35 3 152.50 157.50 36 0 0 5.00 0.00 0.50
15.00 34 36 35 3 152.50 157.50 36 0 0 5.00 0.00 0.50
14.00 34 36 35 3 152.50 157.50 36 0 0 5.00 0.00 0.50
14.00 34 36 35 3 152.50 157.50 36 0 0 5.00 0.00 0.50
14.00 34 36 35 3 152.50 157.50 36 0 0 5.00 0.00 0.50
14.00 35 36 35 3 152.50 157.50 36 0 0 5.00 0.00 0.50
14.00 34 36 35 3 152.50 157.50 36 0 0 5.00 0.00 0.50
14.00 34 36 35 3 152.50 157.50 36 0 0 5.00 0.00 0.50
14.00 34 36 35 3 152.50 157.50 36 0 0 5.00 0.00 0.50
14.00 34 36 35 3 152.50 157.50 36 0 0 5.00 0.00 0.50
15.00 35 36 35 3 152.50 157.50 36 0 0 5.00 0.00 0.50
13.00 34 37 35 3 130.77 179.23 37 0 0 5.00 0.00 0.50
14.00 34 36 35 3 170.36 139.64 36 0 0 5.00 0.00 0.50
15.00 35 36 35 3 152.50 157.50 36 0 0 5.00 0.00 0.50
13.00 35 36 35 3 152.50 157.50 36 0 0 5.00 0.00 0.50
14.00 35 36 35 3 152.50 157.50 36 0 0 5.00 0.00 0.50
15.00 35 36 35 3 152.50 157.50 36 0 0 5.00 0.00 0.50
14.00 34 36 35 3 152.50 157.50 36 0 0 5.00 0.00 0.50
13.00 35 36 35 3 152.50 157.50 36 0 0 5.00 0.00 0.50
15.00 34 36 35 3 152.50 157.50 36 0 0 5.00 0.00 0.50
14.00 34 36 35 3 152.50 157.50 36 0 0 5.00 0.00 0.50
13.00 35 36 35 3 152.50 157.50 36 0 0 5.00 0.00 0.50
15.00 35 36 35 3 152.50 157.50 36 0 0 5.00 0.00 0.50
14.00 34 36 35 3 152.50 157.50 36 0 0 5.00 0.00 0.50
14.00 34 36 35 3 152.50 157.50 36 0 0 5.00 0.00 0.50
14.00 34 36 35 3 152.50 157.50 36 0 0 5.00 0.00 0.50
14.00 34 36 35 3 152.50 157.50 36 0 0 5.00 0.00 0.50
14.00 35 36 35 3 152.50 157.50 36 0 0 5.00 0.00 0.50
14.00 34 36 35 3 152.50 157.50 36 0 0 5.00 0.00 0.50
14.00 35 36 35 3 152.50 157.50 36 0 0 5.00 0.00 0.50
14.00 34 36 35 3 152.50 157.50 36 0 0 5.00 0.00 0.50
15.00 35 36 35 0 0.00 0.00 36 0 0 5.00 0.00 0.50
12.00 35 36 35 0 0.00 0.00 36 0 0 5.00 0.00 0.50
13.00 35 36 35 0 0.00 0.00 36 0 0 5.00 0.00 0.50
14.00 36 36 35 0 0.00 0.00 36 0 0 5.00 0.00 0.50
12.00 35 36 35 0 0.00 0.00 36 0 0 5.00 0.00 0.50
13.00 35 36 35 0 0.00 0.00 36 0 0 5.00 0.00 0.50
14.00 34 36 35 0 0.00 0.00 36 0 0 5.00 0.00 0.50
12.00 34 36 35 0 0.00 0.00 36 0 0 5.00 0.00 0.50
13.00 34 36 35 0 0.00 0.00 36 0 0 5.00 0.00 0.50
13.00 35 36 35 0 0.00 0.00 36 0 0 5.00 0.00 0.50
13.00 35 36 35 0 0.00 0.00 36 0 0 5.00 0.00 0.50
13.00 34 36 35 0 0.00 0.00 36 0 0 5.00 0.00 0.50
13.00 34 36 35 0 0.00 0.00 36 0 0 5.00 0.00 0.50
14.00 34 36 35 0 0.00 0.00 36 0 0 5.00 0.00 0.50
12.00 34 36 35 0 0.00 0.00 36 0 0 5.00 0.00 0.50
13.00 35 36 35 0 0.00 0.00 36 0 0 5.00 0.00 0.50
14.00 35 36 35 0 0.00 0.00 36 0 0 5.00 0.00 0.50
12.00 34 36 35 0 0.00 0.00 36 0 0 5.00 0.00 0.50
13.00 34 36 35 0 0.00 0.00 36 0 0 5.00 0.00 0.50
13.00 34 36 35 0 0.00 0.00 36 0 0 5.00 0.00 0.50
13.00 35 36 35 0 0.00 0.00 36 0 0 5.00 0.00 0.50
13.00 35 36 35 0 0.00 0.00 36 0 0 5.00 0.00 0.50
13.00 32 36 35 0 0.00 0.00 36 0 0 5.00 0.00 0.50
14.00 32 36 35 0 0.00 0.00 36 0 0 5.00 0.00 0.50
12.00 32 36 35 0 0.00 0.00 36 0 0 5.00 0.00 0.50
13.00 35 35 35 0 0.00 0.00 36 0 0 5.00 0.00 0.50
14.00 35 35 35 0 0.00 0.00 36 0 0 5.00 0.00 0.50
12.00 33 35 35 0 0.00 0.00 36 0 0 5.00 0.00 0.50
13.00 35 35 35 0 0.00 0.00 36 0 0 5.00 0.00 0.50
14.00 33 35 35 0 0.00 0.00 36 0 0 5.00 0.00 0.50
12.00 32 35 35 0 0.00 0.00 36 0 0 5.00 0.00 0.50
13.00 32 36 35 0 0.00 0.00 36 0 0 5.00 0.00 0.50
13.00 32 36 35 0 0.00 0.00 36 0 0 5.00 0.00 0.50
13.00 33 36 35 0 0.00 0.00 36 0 0 5.00 0.00 0.50
13.00 33 35 35 0 0.00 0.00 36 0 0 5.00 0.00 0.50
13.00 34 35 35 0 0.00 0.00 36 0 0 5.00 0.00 0.50
14.00 32 35 35 0 0.00 0.00 36 0 0 5.00 0.00 0.50
12.00 33 36 35 0 0.00 0.00 36 0 0 5.00 0.00 0.50
13.00 33 35 35 0 0.00 0.00 36 0 0 5.00 0.00 0.50
14.00 33 35 35 0 0.00 0.00 36 0 0 5.00 0.00 0.50
12.00 34 35 35 0 0.00 0.00 36 0 0 5.00 0.00 0.50
13.00 34 35 35 0 0.00 0.00 36 0 0 5.00 0.00 0.50
13.00 34 36 35 0 0.00 0.00 36 0 0 5.00 0.00 0.50
13.00 34 36 35 0 0.00 0.00 36 0 0 5.00 0.00 0.50
13.00 35 36 35 0 0.00 0.00 36 0 0 5.00 0.00 0.50
13.00 34 36 35 0 0.00 0.00 36 0 0 5.00 0.00 0.50
14.00 33 36 35 0 0.00 0.00 36 0 0 5.00 0.00 0.50
12.00 36 36 35 0 0.00 0.00 36 0 0 5.00 0.00 0.50
13.00 35 36 35 0 0.00 0.00 36 0 0 5.00 0.00 0.50
14.00 35 37 35 0 0.00 0.00 36 0 0 5.00 0.00 0.50
12.00 36 37 35 0 0.00 0.00 36 0 0 5.00 0.00 0.50
13.00 36 37 35 0 0.00 0.00 36 0 0 5.00 0.00 0.50
14.00 37 37 35 0 0.00 0.00 36 0 0 5.00 0.00 0.50
12.00 37 37 35 0 0.00 0.00 36 0 0 5.00 0.00 0.50
13.00 36 37 35 0 0.00 0.00 36 0 0 5.00 0.00 0.50
13.00 37 37 35 0 0.00 0.00 36 0 0 5.00 0.00 0.50
13.00 37 37 35 0 0.00 0.00 36 0 0 5.00 0.00 0.50
13.00 37 37 35 0 0.00 0.00 36 0 0 5.00 0.00 0.50
13.00 38 37 35 0 0.00 0.00 36 0 0 5.00 0.00 0.50
14.00 39 37 35 0 0.00 0.00 36 0 0 5.00 0.00 0.50
12.00 39 37 35 0 0.00 0.00 36 0 0 5.00 0.00 0.50
13.00 39 37 35 0 0.00 0.00 36 0 0 5.00 0.00 0.50
14.00 39 37 35 0 0.00 0.00 36 0 0 5.00 0.00 0.50
12.00 40 37 35 0 0.00 0.00 36 0 0 5.00 0.00 0.50
13.00 40 37 35 0 0.00 0.00 36 0 0 5.00 0.00 0.50
13.00 40 37 35 0 0.00 0.00 36 0 0 5.00 0.00 0.50
13.00 42 37 35 0 0.00 0.00 36 0 0 5.00 0.00 0.50
13.00 41 37 35 0 0.00 0.00 36 0 0 5.00 0.00 0.50
13.00 42 37 35 0 0.00 0.00 36 0 0 5.00 0.00 0.50
14.00 42 38 35 0 0.00 0.00 36 0 0 5.00 0.00 0.50
12.00 43 38 35 0 0.00 0.00 36 0 0 5.00 0.00 0.50
13.00 43 38 35 0 0.00 0.00 36 0 0 5.00 0.00 0.50
14.00 44 38 35 0 0.00 0.00 36 0 0 5.00 0.00 0.50
12.00 44 38 35 0 0.00 0.00 36 0 0 5.00 0.00 0.50
13.00 45 39 35 0 0.00 0.00 36 0 0 5.00 0.00 0.50
14.00 46 39 35 0 0.00 0.00 36 0 0 5.00 0.00 0.50
12.00 46 40 35 0 0.00 0.00 36 0 0 5.00 0.00 0.50
13.00 46 40 35 0 0.00 0.00 36 0 0 5.00 0.00 0.50
13.00 47 40 35 0 0.00 0.00 36 0 0 5.00 0.00 0.50
13.00 47 167 35 0 0.00 0.00 36 0 0 5.00 0.00 0.50
17.00 49 204 35 0 0.00 0.00 36 0 0 5.00 0.00 0.50
20.00 519 487 35 0 0.00 0.00 36 0 0 5.00 0.00 0.50
63.00 3298 562 35 0 0.00 0.00 36 0 0 5.00 0.00 0.50
232.00 3316 3203 35 0 0.00 0.00 36 0 0 5.00 0.00 0.50
387.00 3303 6 35 0 0.00 0.00 36 0 0 5.00 0.00 0.50
198.00 477 473 35 0 0.00 0.00 36 0 0 5.00 0.00 0.50
61.00 480 467 35 0 0.00 0.00 36 0 0 5.00 0.00 0.50
60.00 464 458 35 0 0.00 0.00 36 0 0 5.00 0.00 0.50
58.00 455 453 35 0 0.00 0.00 36 0 0 5.00 0.00 0.50
59.00 461 444 35 0 0.00 0.00 36 0 0 5.00 0.00 0.50
57.00 440 437 35 0 0.00 0.00 36 0 0 5.00 0.00 0.50
55.00 434 431 35 0 0.00 0.00 36 0 0 5.00 0.00 0.50
56.00 426 423 35 0 0.00 0.00 36 0 0 5.00 0.00 0.50
54.00 418 416 35 0 0.00 0.00 36 0 0 5.00 0.00 0.50