11.00 119 3184 30 0 0.00 0.00 0 0 0 5.00 0.00 0.50
199.00 106 5 30 0 0.00 0.00 0 0 0 5.00 0.00 0.50
10.00 119 3215 30 0 0.00 0.00 0 0 0 5.00 0.00 0.50
201.00 108 5 30 0 0.00 0.00 0 0 0 5.00 0.00 0.50
11.00 120 3218 30 0 0.00 0.00 0 0 0 5.00 0.00 0.50
199.00 103 5 30 0 0.00 0.00 0 0 0 5.00 0.00 0.50
12.00 122 3217 30 0 0.00 0.00 0 0 0 5.00 0.00 0.50
200.00 103 5 30 0 0.00 0.00 0 0 0 5.00 0.00 0.50
11.00 119 3212 30 0 0.00 0.00 0 0 0 5.00 0.00 0.50
200.00 103 5 30 0 0.00 0.00 0 0 0 5.00 0.00 0.50
11.00 120 3152 30 0 0.00 0.00 0 0 0 5.00 0.00 0.50
196.00 119 122 30 0 0.00 0.00 0 0 0 5.00 0.00 0.50
19.00 122 118 30 0 0.00 0.00 0 0 0 5.00 0.00 0.50
18.00 119 3199 30 0 0.00 0.00 0 0 0 5.00 0.00 0.50
200.00 103 5 30 0 0.00 0.00 0 0 0 5.00 0.00 0.50
10.00 117 120 30 0 0.00 0.00 0 0 0 5.00 0.00 0.50
18.00 119 117 30 0 0.00 0.00 0 0 0 5.00 0.00 0.50
19.00 119 119 30 0 0.00 0.00 0 0 0 5.00 0.00 0.50
18.00 119 118 30 0 0.00 0.00 0 0 0 5.00 0.00 0.50
18.00 118 122 30 0 0.00 0.00 0 0 0 5.00 0.00 0.50
18.00 118 118 30 0 0.00 0.00 0 0 0 5.00 0.00 0.50
19.00 118 118 30 0 0.00 0.00 0 0 0 5.00 0.00 0.50
18.00 120 119 30 0 0.00 0.00 0 0 0 5.00 0.00 0.50
18.00 118 118 30 0 0.00 0.00 0 0 0 5.00 0.00 0.50
19.00 118 117 30 0 0.00 0.00 0 0 0 5.00 0.00 0.50
17.00 118 117 30 0 0.00 0.00 0 0 0 5.00 0.00 0.50
19.00 120 3210 30 0 0.00 0.00 0 0 0 5.00 0.00 0.50
199.00 104 5 30 0 0.00 0.00 0 0 0 5.00 0.00 0.50
12.00 118 119 30 0 0.00 0.00 0 0 0 5.00 0.00 0.50
18.00 117 119 30 0 0.00 0.00 0 0 0 5.00 0.00 0.50
18.00 121 117 30 0 0.00 0.00 0 0 0 5.00 0.00 0.50
18.00 118 119 30 0 0.00 0.00 0 0 0 5.00 0.00 0.50
18.00 120 122 30 0 0.00 0.00 0 0 0 5.00 0.00 0.50
19.00 118 3171 30 0 0.00 0.00 0 0 0 5.00 0.00 0.50
197.00 103 5 30 0 0.00 0.00 0 0 0 5.00 0.00 0.50
11.00 117 119 30 0 0.00 0.00 0 0 0 5.00 0.00 0.50
18.00 118 119 30 0 0.00 0.00 0 0 0 5.00 0.00 0.50
19.00 118 118 30 0 0.00 0.00 0 0 0 5.00 0.00 0.50
18.00 121 3219 30 0 0.00 0.00 0 0 0 5.00 0.00 0.50
201.00 102 5 30 0 0.00 0.00 0 0 0 5.00 0.00 0.50
10.00 119 124 30 0 0.00 0.00 0 0 0 5.00 0.00 0.50
18.00 119 117 30 0 0.00 0.00 0 0 0 5.00 0.00 0.50
19.00 120 122 30 0 0.00 0.00 0 0 0 5.00 0.00 0.50
18.00 118 118 30 0 0.00 0.00 0 0 0 5.00 0.00 0.50
19.00 119 118 30 0 0.00 0.00 0 0 0 5.00 0.00 0.50
18.00 117 118 30 0 0.00 0.00 0 0 0 5.00 0.00 0.50
17.00 121 122 30 0 0.00 0.00 0 0 0 5.00 0.00 0.50
20.00 119 116 30 0 0.00 0.00 0 0 0 5.00 0.00 0.50
17.00 119 126 30 0 0.00 0.00 0 0 0 5.00 0.00 0.50
20.00 117 119 30 0 0.00 0.00 0 0 0 5.00 0.00 0.50
17.00 118 118 30 0 0.00 0.00 0 0 0 5.00 0.00 0.50
19.00 117 120 30 0 0.00 0.00 0 0 0 5.00 0.00 0.50
18.00 120 123 30 0 0.00 0.00 0 0 0 5.00 0.00 0.50
19.00 120 120 30 0 0.00 0.00 0 0 0 5.00 0.00 0.50
18.00 118 119 30 0 0.00 0.00 0 0 0 5.00 0.00 0.50
18.00 119 123 30 0 0.00 0.00 0 0 0 5.00 0.00 0.50
19.00 119 118 30 0 0.00 0.00 0 0 0 5.00 0.00 0.50
18.00 119 121 30 0 0.00 0.00 0 0 0 5.00 0.00 0.50
19.00 3342 3187 30 0 0.00 0.00 0 0 0 5.00 0.00 0.50
388.00 3320 6 30 0 0.00 0.00 0 0 0 5.00 0.00 0.50
199.00 210 3203 30 0 0.00 0.00 0 0 0 5.00 0.00 0.50
205.00 188 6 30 0 0.00 0.00 0 0 0 5.00 0.00 0.50
17.00 139 3193 30 0 0.00 0.00 0 0 0 5.00 0.00 0.50
199.00 198 6 30 0 0.00 0.00 0 0 0 5.00 0.00 0.50
17.00 195 183 30 0 0.00 0.00 0 0 0 5.00 0.00 0.50
26.00 195 185 30 0 0.00 0.00 0 0 0 5.00 0.00 0.50
27.00 191 185 30 0 0.00 0.00 0 0 0 5.00 0.00 0.50
27.00 139 181 30 0 0.00 0.00 0 0 0 5.00 0.00 0.50
22.00 193 183 30 0 0.00 0.00 0 0 0 5.00 0.00 0.50
27.00 193 186 30 0 0.00 0.00 0 0 0 5.00 0.00 0.50
26.00 137 182 30 0 0.00 0.00 0 0 0 5.00 0.00 0.50
24.00 192 205 30 0 0.00 0.00 0 0 0 5.00 0.00 0.50
28.00 167 205 30 0 0.00 0.00 0 0 0 5.00 0.00 0.50
25.00 190 3181 30 0 0.00 0.00 0 0 0 5.00 0.00 0.50
203.00 146 6 30 0 0.00 0.00 0 0 0 5.00 0.00 0.50
13.00 151 152 30 0 0.00 0.00 0 0 0 5.00 0.00 0.50
22.00 181 178 30 0 0.00 0.00 0 0 0 5.00 0.00 0.50
25.00 144 163 30 0 0.00 0.00 0 0 0 5.00 0.00 0.50
23.00 189 170 30 0 0.00 0.00 0 0 0 5.00 0.00 0.50
25.00 180 153 30 0 0.00 0.00 0 0 0 5.00 0.00 0.50
24.00 153 150 30 0 0.00 0.00 0 0 0 5.00 0.00 0.50
23.00 190 145 30 0 0.00 0.00 0 0 0 5.00 0.00 0.50
23.00 166 136 30 0 0.00 0.00 0 0 0 5.00 0.00 0.50
23.00 153 136 30 0 0.00 0.00 0 0 0 5.00 0.00 0.50
21.00 132 162 30 0 0.00 0.00 0 0 0 5.00 0.00 0.50
22.00 132 180 30 0 0.00 0.00 0 0 0 5.00 0.00 0.50
22.00 132 178 30 0 0.00 0.00 0 0 0 5.00 0.00 0.50
23.00 133 131 30 0 0.00 0.00 0 0 0 5.00 0.00 0.50
19.00 132 129 30 0 0.00 0.00 0 0 0 5.00 0.00 0.50
21.00 130 131 30 0 0.00 0.00 0 0 0 5.00 0.00 0.50
19.00 129 128 30 0 0.00 0.00 0 0 0 5.00 0.00 0.50
20.00 130 163 30 0 0.00 0.00 0 0 0 5.00 0.00 0.50
21.00 133 128 30 0 0.00 0.00 0 0 0 5.00 0.00 0.50
19.00 128 128 30 0 0.00 0.00 0 0 0 5.00 0.00 0.50
20.00 127 125 30 0 0.00 0.00 0 0 0 5.00 0.00 0.50
19.00 127 126 30 0 0.00 0.00 0 0 0 5.00 0.00 0.50
19.00 128 125 30 0 0.00 0.00 0 0 0 5.00 0.00 0.50
19.00 129 126 30 0 0.00 0.00 0 0 0 5.00 0.00 0.50
20.00 129 126 30 0 0.00 0.00 0 0 0 5.00 0.00 0.50
19.00 127 125 30 0 0.00 0.00 0 0 0 5.00 0.00 0.50
19.00 126 124 30 0 0.00 0.00 0 0 0 5.00 0.00 0.50
19.00 127 125 30 0 0.00 0.00 0 0 0 5.00 0.00 0.50
20.00 126 123 30 0 0.00 0.00 0 0 0 5.00 0.00 0.50
18.00 126 130 30 0 0.00 0.00 0 0 0 5.00 0.00 0.50
19.00 126 125 30 0 0.00 0.00 0 0 0 5.00 0.00 0.50
20.00 153 123 30 0 0.00 0.00 0 0 0 5.00 0.00 0.50
20.00 133 138 30 0 0.00 0.00 0 0 0 5.00 0.00 0.50
21.00 125 126 30 0 0.00 0.00 0 0 0 5.00 0.00 0.50
18.00 126 123 30 0 0.00 0.00 0 0 0 5.00 0.00 0.50
20.00 128 175 30 0 0.00 0.00 0 0 0 5.00 0.00 0.50
21.00 128 157 30 0 0.00 0.00 0 0 0 5.00 0.00 0.50
22.00 126 137 30 0 0.00 0.00 0 0 0 5.00 0.00 0.50
19.00 129 131 30 0 0.00 0.00 0 0 0 5.00 0.00 0.50
20.00 129 156 30 0 0.00 0.00 0 0 0 5.00 0.00 0.50
21.00 135 129 30 0 0.00 0.00 0 0 0 5.00 0.00 0.50
20.00 143 146 30 0 0.00 0.00 0 0 0 5.00 0.00 0.50
21.00 138 146 30 0 0.00 0.00 0 0 0 5.00 0.00 0.50
22.00 130 138 30 0 0.00 0.00 0 0 0 5.00 0.00 0.50
19.00 145 158 30 0 0.00 0.00 0 0 0 5.00 0.00 0.50
23.00 132 159 30 0 0.00 0.00 0 0 0 5.00 0.00 0.50
21.00 169 171 30 0 0.00 0.00 0 0 0 5.00 0.00 0.50
25.00 120 151 30 0 0.00 0.00 0 0 0 5.00 0.00 0.50
19.00 130 152 30 0 0.00 0.00 0 0 0 5.00 0.00 0.50
22.00 171 141 30 0 0.00 0.00 0 0 0 5.00 0.00 0.50
22.00 116 141 30 0 0.00 0.00 0 0 0 5.00 0.00 0.50
20.00 134 146 30 0 0.00 0.00 0 0 0 5.00 0.00 0.50
20.00 170 168 30 0 0.00 0.00 0 0 0 5.00 0.00 0.50
25.00 148 147 30 0 0.00 0.00 0 0 0 5.00 0.00 0.50
21.00 162 167 30 0 0.00 0.00 0 0 0 5.00 0.00 0.50
24.00 119 158 30 0 0.00 0.00 0 0 0 5.00 0.00 0.50
20.00 174 148 30 0 0.00 0.00 0 0 0 5.00 0.00 0.50
24.00 109 149 30 0 0.00 0.00 0 0 0 5.00 0.00 0.50
19.00 169 166 30 0 0.00 0.00 0 0 0 5.00 0.00 0.50
24.00 168 164 30 0 0.00 0.00 0 0 0 5.00 0.00 0.50
23.00 153 164 30 0 0.00 0.00 0 0 0 5.00 0.00 0.50
24.00 136 156 30 0 0.00 0.00 0 0 0 5.00 0.00 0.50
21.00 106 152 30 0 0.00 0.00 0 0 0 5.00 0.00 0.50
20.00 157 158 30 0 0.00 0.00 0 0 0 5.00 0.00 0.50
22.00 136 166 30 0 0.00 0.00 0 0 0 5.00 0.00 0.50
23.00 124 148 30 0 0.00 0.00 0 0 0 5.00 0.00 0.50
20.00 165 128 30 0 0.00 0.00 0 0 0 5.00 0.00 0.50
22.00 100 128 30 0 0.00 0.00 0 0 0 5.00 0.00 0.50
17.00 126 129 30 0 0.00 0.00 0 0 0 5.00 0.00 0.50
20.00 130 197 30 0 0.00 0.00 0 0 0 5.00 0.00 0.50
23.00 124 123 30 0 0.00 0.00 0 0 0 5.00 0.00 0.50
19.00 125 120 30 0 0.00 0.00 0 0 0 5.00 0.00 0.50
19.00 126 124 30 0 0.00 0.00 0 0 0 5.00 0.00 0.50
19.00 128 124 30 0 0.00 0.00 0 0 0 5.00 0.00 0.50
19.00 122 113 30 0 0.00 0.00 0 0 0 5.00 0.00 0.50
18.00 122 124 30 0 0.00 0.00 0 0 0 5.00 0.00 0.50
19.00 126 158 30 0 0.00 0.00 0 0 0 5.00 0.00 0.50
20.00 124 138 30 0 0.00 0.00 0 0 0 5.00 0.00 0.50
21.00 121 113 30 0 0.00 0.00 0 0 0 5.00 0.00 0.50
17.00 121 147 30 0 0.00 0.00 0 0 0 5.00 0.00 0.50
21.00 156 3224 30 0 0.00 0.00 0 0 0 5.00 0.00 0.50
203.00 102 77 30 0 0.00 0.00 0 0 0 5.00 0.00 0.50
15.00 113 148 30 0 0.00 0.00 0 0 0 5.00 0.00 0.50
19.00 159 149 30 0 0.00 0.00 0 0 0 5.00 0.00 0.50
23.00 149 148 30 0 0.00 0.00 0 0 0 5.00 0.00 0.50
21.00 106 149 30 0 0.00 0.00 0 0 0 5.00 0.00 0.50
20.00 111 89 30 0 0.00 0.00 0 0 0 5.00 0.00 0.50
15.00 155 142 30 0 0.00 0.00 0 0 0 5.00 0.00 0.50
23.00 156 153 30 0 0.00 0.00 0 0 0 5.00 0.00 0.50
22.00 149 151 30 0 0.00 0.00 0 0 0 5.00 0.00 0.50
22.00 104 152 30 0 0.00 0.00 0 0 0 5.00 0.00 0.50
19.00 114 153 30 0 0.00 0.00 0 0 0 5.00 0.00 0.50
21.00 102 154 30 0 0.00 0.00 0 0 0 5.00 0.00 0.50
19.00 191 154 30 0 0.00 0.00 0 0 0 5.00 0.00 0.50
25.00 167 156 30 0 0.00 0.00 0 0 0 5.00 0.00 0.50
22.00 113 154 30 0 0.00 0.00 0 0 0 5.00 0.00 0.50
21.00 100 155 30 0 0.00 0.00 0 0 0 5.00 0.00 0.50
19.00 162 156 30 0 0.00 0.00 0 0 0 5.00 0.00 0.50
23.00 164 159 30 0 0.00 0.00 0 0 0 5.00 0.00 0.50
23.00 127 159 30 0 0.00 0.00 0 0 0 5.00 0.00 0.50
22.00 165 158 30 0 0.00 0.00 0 0 0 5.00 0.00 0.50
22.00 166 160 30 0 0.00 0.00 0 0 0 5.00 0.00 0.50
24.00 167 160 30 0 0.00 0.00 0 0 0 5.00 0.00 0.50
23.00 119 164 30 0 0.00 0.00 0 0 0 5.00 0.00 0.50
22.00 166 162 30 0 0.00 0.00 0 0 0 5.00 0.00 0.50
23.00 167 163 30 0 0.00 0.00 0 0 0 5.00 0.00 0.50
24.00 3299 165 30 0 0.00 0.00 0 0 0 5.00 0.00 0.50
208.00 61 172 30 0 0.00 0.00 0 0 0 5.00 0.00 0.50
18.00 3293 150 30 0 0.00 0.00 0 0 0 5.00 0.00 0.50
207.00 58 3226 30 0 0.00 0.00 0 0 0 5.00 0.00 0.50
197.00 59 65 30 0 0.00 0.00 0 0 0 5.00 0.00 0.50
12.00 58 1880 30 0 0.00 0.00 0 0 0 5.00 0.00 0.50
118.00 57 63 30 0 0.00 0.00 0 0 0 5.00 0.00 0.50
11.00 57 63 30 0 0.00 0.00 0 0 0 5.00 0.00 0.50
11.00 57 62 30 0 0.00 0.00 0 0 0 5.00 0.00 0.50
12.00 56 62 30 0 0.00 0.00 0 0 0 5.00 0.00 0.50
11.00 57 63 30 0 0.00 0.00 0 0 0 5.00 0.00 0.50
12.00 56 63 30 0 0.00 0.00 0 0 0 5.00 0.00 0.50
13.00 57 62 30 0 0.00 0.00 0 0 0 5.00 0.00 0.50
13.00 57 63 30 0 0.00 0.00 0 0 0 5.00 0.00 0.50
13.00 57 62 30 0 0.00 0.00 0 0 0 5.00 0.00 0.50
12.00 58 63 30 0 0.00 0.00 0 0 0 5.00 0.00 0.50
14.00 57 63 30 0 0.00 0.00 0 0 0 5.00 0.00 0.50
12.00 58 63 30 0 0.00 0.00 0 0 0 5.00 0.00 0.50
13.00 58 63 30 0 0.00 0.00 0 0 0 5.00 0.00 0.50
13.00 58 64 30 0 0.00 0.00 0 0 0 5.00 0.00 0.50
12.00 59 63 30 0 0.00 0.00 0 0 0 5.00 0.00 0.50
13.00 60 64 30 0 0.00 0.00 0 0 0 5.00 0.00 0.50
12.00 58 63 30 0 0.00 0.00 0 0 0 5.00 0.00 0.50
14.00 59 65 30 0 0.00 0.00 0 0 0 5.00 0.00 0.50
12.00 59 65 30 0 0.00 0.00 0 0 0 5.00 0.00 0.50
13.00 60 64 30 0 0.00 0.00 0 0 0 5.00 0.00 0.50
13.00 59 64 30 0 0.00 0.00 0 0 0 5.00 0.00 0.50
13.00 59 64 30 0 0.00 0.00 0 0 0 5.00 0.00 0.50
12.00 60 65 30 0 0.00 0.00 0 0 0 5.00 0.00 0.50
13.00 60 65 30 0 0.00 0.00 0 0 0 5.00 0.00 0.50
13.00 61 65 30 0 0.00 0.00 0 0 0 5.00 0.00 0.50
12.00 60 65 30 0 0.00 0.00 0 0 0 5.00 0.00 0.50
13.00 60 65 30 0 0.00 0.00 0 0 0 5.00 0.00 0.50
13.00 61 65 30 0 0.00 0.00 0 0 0 5.00 0.00 0.50
13.00 61 66 30 0 0.00 0.00 0 0 0 5.00 0.00 0.50
12.00 61 66 30 0 0.00 0.00 0 0 0 5.00 0.00 0.50
14.00 61 66 30 0 0.00 0.00 0 0 0 5.00 0.00 0.50
12.00 61 66 30 0 0.00 0.00 0 0 0 5.00 0.00 0.50
12.00 62 67 30 0 0.00 0.00 0 0 0 5.00 0.00 0.50
14.00 61 66 30 0 0.00 0.00 0 0 0 5.00 0.00 0.50
12.00 62 67 30 0 0.00 0.00 0 0 0 5.00 0.00 0.50
13.00 62 67 30 0 0.00 0.00 0 0 0 5.00 0.00 0.50
12.00 63 66 30 0 0.00 0.00 0 0 0 5.00 0.00 0.50
14.00 62 67 30 0 0.00 0.00 0 0 0 5.00 0.00 0.50
12.00 62 67 30 0 0.00 0.00 0 0 0 5.00 0.00 0.50
12.00 62 68 30 0 0.00 0.00 0 0 0 5.00 0.00 0.50
14.00 63 68 30 0 0.00 0.00 0 0 0 5.00 0.00 0.50
12.00 63 67 30 0 0.00 0.00 0 0 0 5.00 0.00 0.50
13.00 62 68 30 0 0.00 0.00 0 0 0 5.00 0.00 0.50
13.00 63 68 30 0 0.00 0.00 0 0 0 5.00 0.00 0.50
13.00 63 68 30 0 0.00 0.00 0 0 0 5.00 0.00 0.50
12.00 62 67 30 0 0.00 0.00 0 0 0 5.00 0.00 0.50
13.00 62 67 30 0 0.00 0.00 0 0 0 5.00 0.00 0.50
13.00 62 67 30 0 0.00 0.00 0 0 0 5.00 0.00 0.50
12.00 62 66 30 0 0.00 0.00 0 0 0 5.00 0.00 0.50
13.00 62 66 30 0 0.00 0.00 0 0 0 5.00 0.00 0.50
13.00 62 67 30 0 0.00 0.00 0 0 0 5.00 0.00 0.50
13.00 62 66 30 0 0.00 0.00 0 0 0 5.00 0.00 0.50
12.00 62 66 30 0 0.00 0.00 0 0 0 5.00 0.00 0.50
14.00 62 66 30 0 0.00 0.00 0 0 0 5.00 0.00 0.50
12.00 62 66 30 0 0.00 0.00 0 0 0 5.00 0.00 0.50
13.00 61 66 30 0 0.00 0.00 0 0 0 5.00 0.00 0.50
12.00 61 65 30 0 0.00 0.00 0 0 0 5.00 0.00 0.50
13.00 61 65 30 0 0.00 0.00 0 0 0 5.00 0.00 0.50
13.00 61 65 30 0 0.00 0.00 0 0 0 5.00 0.00 0.50
12.00 61 65 30 0 0.00 0.00 0 0 0 5.00 0.00 0.50
14.00 61 64 30 0 0.00 0.00 0 0 0 5.00 0.00 0.50
12.00 61 64 30 0 0.00 0.00 0 0 0 5.00 0.00 0.50
13.00 61 64 30 0 0.00 0.00 0 0 0 5.00 0.00 0.50
12.00 60 64 30 0 0.00 0.00 0 0 0 5.00 0.00 0.50
14.00 60 64 30 0 0.00 0.00 0 0 0 5.00 0.00 0.50
12.00 60 63 30 0 0.00 0.00 0 0 0 5.00 0.00 0.50
12.00 60 63 30 0 0.00 0.00 0 0 0 5.00 0.00 0.50
14.00 60 63 30 0 0.00 0.00 0 0 0 5.00 0.00 0.50
12.00 59 63 30 0 0.00 0.00 0 0 0 5.00 0.00 0.50
13.00 59 62 30 0 0.00 0.00 0 0 0 5.00 0.00 0.50
13.00 60 62 30 0 0.00 0.00 0 0 0 5.00 0.00 0.50
13.00 58 62 30 0 0.00 0.00 0 0 0 5.00 0.00 0.50
12.00 58 62 30 0 0.00 0.00 0 0 0 5.00 0.00 0.50
12.00 58 61 30 0 0.00 0.00 0 0 0 5.00 0.00 0.50
14.00 57 61 30 0 0.00 0.00 0 0 0 5.00 0.00 0.50
12.00 58 61 30 0 0.00 0.00 0 0 0 5.00 0.00 0.50
13.00 57 60 30 0 0.00 0.00 0 0 0 5.00 0.00 0.50
13.00 57 60 30 0 0.00 0.00 0 0 0 5.00 0.00 0.50
13.00 56 60 30 0 0.00 0.00 0 0 0 5.00 0.00 0.50
12.00 56 60 30 0 0.00 0.00 0 0 0 5.00 0.00 0.50
14.00 56 60 30 0 0.00 0.00 0 0 0 5.00 0.00 0.50
12.00 56 59 30 0 0.00 0.00 0 0 0 5.00 0.00 0.50
12.00 56 59 30 0 0.00 0.00 0 0 0 5.00 0.00 0.50
13.00 55 58 30 0 0.00 0.00 0 0 0 5.00 0.00 0.50
13.00 55 59 30 0 0.00 0.00 0 0 0 5.00 0.00 0.50
13.00 55 58 30 0 0.00 0.00 0 0 0 5.00 0.00 0.50
12.00 55 58 30 0 0.00 0.00 0 0 0 5.00 0.00 0.50
14.00 54 57 30 0 0.00 0.00 0 0 0 5.00 0.00 0.50
12.00 55 57 30 0 0.00 0.00 0 0 0 5.00 0.00 0.50
13.00 54 57 30 0 0.00 0.00 0 0 0 5.00 0.00 0.50
13.00 55 56 30 0 0.00 0.00 0 0 0 5.00 0.00 0.50
12.00 54 56 30 0 0.00 0.00 0 0 0 5.00 0.00 0.50
13.00 54 56 30 0 0.00 0.00 0 0 0 5.00 0.00 0.50
12.00 54 56 30 0 0.00 0.00 0 0 0 5.00 0.00 0.50
14.00 54 56 30 0 0.00 0.00 0 0 0 5.00 0.00 0.50
12.00 54 56 30 0 0.00 0.00 0 0 0 5.00 0.00 0.50
13.00 54 56 30 0 0.00 0.00 0 0 0 5.00 0.00 0.50
13.00 53 55 30 0 0.00 0.00 0 0 0 5.00 0.00 0.50
13.00 53 55 30 0 0.00 0.00 0 0 0 5.00 0.00 0.50
12.00 53 56 30 0 0.00 0.00 0 0 0 5.00 0.00 0.50
13.00 53 55 30 0 0.00 0.00 0 0 0 5.00 0.00 0.50
13.00 53 55 30 0 0.00 0.00 0 0 0 5.00 0.00 0.50
12.00 53 55 30 0 0.00 0.00 0 0 0 5.00 0.00 0.50
13.00 53 55 30 0 0.00 0.00 0 0 0 5.00 0.00 0.50
13.00 53 55 30 0 0.00 0.00 0 0 0 5.00 0.00 0.50
13.00 53 55 30 0 0.00 0.00 0 0 0 5.00 0.00 0.50
12.00 52 55 30 0 0.00 0.00 0 0 0 5.00 0.00 0.50
14.00 53 55 30 0 0.00 0.00 0 0 0 5.00 0.00 0.50
12.00 53 55 30 0 0.00 0.00 0 0 0 5.00 0.00 0.50
12.00 52 55 30 0 0.00 0.00 0 0 0 5.00 0.00 0.50
14.00 53 55 30 0 0.00 0.00 0 0 0 5.00 0.00 0.50
12.00 53 55 30 0 0.00 0.00 0 0 0 5.00 0.00 0.50
13.00 53 55 30 0 0.00 0.00 0 0 0 5.00 0.00 0.50
12.00 53 55 30 0 0.00 0.00 0 0 0 5.00 0.00 0.50
14.00 53 54 30 0 0.00 0.00 0 0 0 5.00 0.00 0.50
12.00 53 55 30 0 0.00 0.00 0 0 0 5.00 0.00 0.50
12.00 53 55 30 0 0.00 0.00 0 0 0 5.00 0.00 0.50
14.00 53 55 30 0 0.00 0.00 0 0 0 5.00 0.00 0.50
12.00 54 55 30 0 0.00 0.00 0 0 0 5.00 0.00 0.50
13.00 54 55 30 0 0.00 0.00 0 0 0 5.00 0.00 0.50
12.00 54 55 30 0 0.00 0.00 0 0 0 5.00 0.00 0.50
14.00 54 55 30 0 0.00 0.00 0 0 0 5.00 0.00 0.50
12.00 54 55 30 0 0.00 0.00 0 0 0 5.00 0.00 0.50
13.00 54 55 30 0 0.00 0.00 0 0 0 5.00 0.00 0.50
13.00 55 55 30 0 0.00 0.00 0 0 0 5.00 0.00 0.50
12.00 54 55 30 0 0.00 0.00 0 0 0 5.00 0.00 0.50
13.00 54 55 30 0 0.00 0.00 0 0 0 5.00 0.00 0.50
13.00 54 55 30 0 0.00 0.00 0 0 0 5.00 0.00 0.50
13.00 54 55 30 0 0.00 0.00 0 0 0 5.00 0.00 0.50
12.00 55 55 30 0 0.00 0.00 0 0 0 5.00 0.00 0.50
13.00 54 56 30 0 0.00 0.00 0 0 0 5.00 0.00 0.50
13.00 55 55 30 0 0.00 0.00 0 0 0 5.00 0.00 0.50
13.00 55 55 30 0 0.00 0.00 0 0 0 5.00 0.00 0.50
12.00 54 55 30 0 0.00 0.00 0 0 0 5.00 0.00 0.50
13.00 54 55 30 0 0.00 0.00 0 0 0 5.00 0.00 0.50
13.00 55 55 30 0 0.00 0.00 0 0 0 5.00 0.00 0.50
12.00 54 56 30 0 0.00 0.00 0 0 0 5.00 0.00 0.50
14.00 54 55 30 0 0.00 0.00 0 0 0 5.00 0.00 0.50
12.00 54 55 30 0 0.00 0.00 0 0 0 5.00 0.00 0.50
13.00 54 55 30 0 0.00 0.00 0 0 0 5.00 0.00 0.50
12.00 54 55 30 0 0.00 0.00 0 0 0 5.00 0.00 0.50
14.00 54 55 30 0 0.00 0.00 0 0 0 5.00 0.00 0.50
12.00 54 55 30 0 0.00 0.00 0 0 0 5.00 0.00 0.50
12.00 54 55 30 0 0.00 0.00 0 0 0 5.00 0.00 0.50
14.00 54 55 30 0 0.00 0.00 0 0 0 5.00 0.00 0.50
12.00 54 55 30 0 0.00 0.00 0 0 0 5.00 0.00 0.50
13.00 54 55 30 0 0.00 0.00 0 0 0 5.00 0.00 0.50
13.00 54 55 30 0 0.00 0.00 0 0 0 5.00 0.00 0.50
13.00 54 55 30 0 0.00 0.00 0 0 0 5.00 0.00 0.50
12.00 54 55 30 0 0.00 0.00 0 0 0 5.00 0.00 0.50
12.00 54 55 30 0 0.00 0.00 0 0 0 5.00 0.00 0.50
14.00 55 55 30 0 0.00 0.00 0 0 0 5.00 0.00 0.50
12.00 55 55 30 0 0.00 0.00 0 0 0 5.00 0.00 0.50
13.00 55 56 30 0 0.00 0.00 0 0 0 5.00 0.00 0.50
13.00 55 56 30 0 0.00 0.00 0 0 0 5.00 0.00 0.50
13.00 55 56 30 0 0.00 0.00 0 0 0 5.00 0.00 0.50
12.00 55 57 30 0 0.00 0.00 0 0 0 5.00 0.00 0.50
14.00 55 56 30 0 0.00 0.00 0 0 0 5.00 0.00 0.50
12.00 55 56 30 0 0.00 0.00 0 0 0 5.00 0.00 0.50
12.00 55 56 30 0 0.00 0.00 0 0 0 5.00 0.00 0.50
13.00 55 56 30 0 0.00 0.00 0 0 0 5.00 0.00 0.50
13.00 55 55 30 0 0.00 0.00 0 0 0 5.00 0.00 0.50
13.00 55 56 30 0 0.00 0.00 0 0 0 5.00 0.00 0.50
12.00 55 56 30 0 0.00 0.00 0 0 0 5.00 0.00 0.50
14.00 55 56 30 0 0.00 0.00 0 0 0 5.00 0.00 0.50
12.00 55 56 30 0 0.00 0.00 0 0 0 5.00 0.00 0.50
13.00 54 55 30 0 0.00 0.00 0 0 0 5.00 0.00 0.50
13.00 55 55 30 0 0.00 0.00 0 0 0 5.00 0.00 0.50
12.00 55 55 30 0 0.00 0.00 0 0 0 5.00 0.00 0.50
13.00 55 55 30 0 0.00 0.00 0 0 0 5.00 0.00 0.50
12.00 54 55 30 0 0.00 0.00 0 0 0 5.00 0.00 0.50
14.00 54 55 30 0 0.00 0.00 0 0 0 5.00 0.00 0.50
12.00 54 55 30 0 0.00 0.00 0 0 0 5.00 0.00 0.50
13.00 55 55 30 0 0.00 0.00 0 0 0 5.00 0.00 0.50
13.00 54 54 30 0 0.00 0.00 0 0 0 5.00 0.00 0.50
13.00 54 54 30 0 0.00 0.00 0 0 0 5.00 0.00 0.50
12.00 54 54 30 0 0.00 0.00 0 0 0 5.00 0.00 0.50
13.00 53 54 30 0 0.00 0.00 0 0 0 5.00 0.00 0.50
13.00 53 54 30 0 0.00 0.00 0 0 0 5.00 0.00 0.50
12.00 53 54 30 0 0.00 0.00 0 0 0 5.00 0.00 0.50
13.00 54 54 30 0 0.00 0.00 0 0 0 5.00 0.00 0.50
13.00 54 55 30 0 0.00 0.00 0 0 0 5.00 0.00 0.50
13.00 54 54 30 0 0.00 0.00 0 0 0 5.00 0.00 0.50
12.00 51 54 30 0 0.00 0.00 0 0 0 5.00 0.00 0.50
13.00 49 54 30 0 0.00 0.00 0 0 0 5.00 0.00 0.50
13.00 49 53 30 0 0.00 0.00 0 0 0 5.00 0.00 0.50
12.00 49 53 30 0 0.00 0.00 0 0 0 5.00 0.00 0.50
14.00 49 53 30 0 0.00 0.00 0 0 0 5.00 0.00 0.50
12.00 49 53 30 0 0.00 0.00 0 0 0 5.00 0.00 0.50
13.00 51 53 30 0 0.00 0.00 0 0 0 5.00 0.00 0.50
12.00 51 53 30 0 0.00 0.00 0 0 0 5.00 0.00 0.50
14.00 49 53 30 0 0.00 0.00 0 0 0 5.00 0.00 0.50
12.00 48 53 30 0 0.00 0.00 0 0 0 5.00 0.00 0.50
12.00 49 52 30 0 0.00 0.00 0 0 0 5.00 0.00 0.50
14.00 51 53 30 0 0.00 0.00 0 0 0 5.00 0.00 0.50
12.00 52 53 30 0 0.00 0.00 0 0 0 5.00 0.00 0.50
13.00 51 53 30 0 0.00 0.00 0 0 0 5.00 0.00 0.50
12.00 48 53 30 0 0.00 0.00 0 0 0 5.00 0.00 0.50
14.00 51 53 30 0 0.00 0.00 0 0 0 5.00 0.00 0.50
12.00 52 53 30 0 0.00 0.00 0 0 0 5.00 0.00 0.50
13.00 53 53 30 0 0.00 0.00 0 0 0 5.00 0.00 0.50
13.00 53 53 30 0 0.00 0.00 0 0 0 5.00 0.00 0.50
12.00 53 53 30 0 0.00 0.00 0 0 0 5.00 0.00 0.50
13.00 53 53 30 0 0.00 0.00 0 0 0 5.00 0.00 0.50
13.00 53 54 30 0 0.00 0.00 0 0 0 5.00 0.00 0.50
13.00 53 53 30 0 0.00 0.00 0 0 0 5.00 0.00 0.50
12.00 52 54 30 0 0.00 0.00 0 0 0 5.00 0.00 0.50
13.00 53 54 30 0 0.00 0.00 0 0 0 5.00 0.00 0.50
13.00 53 54 30 0 0.00 0.00 0 0 0 5.00 0.00 0.50
13.00 53 55 30 0 0.00 0.00 0 0 0 5.00 0.00 0.50
12.00 53 55 30 0 0.00 0.00 0 0 0 5.00 0.00 0.50
13.00 54 55 30 0 0.00 0.00 0 0 0 5.00 0.00 0.50
13.00 54 55 30 0 0.00 0.00 0 0 0 5.00 0.00 0.50
12.00 54 55 30 0 0.00 0.00 0 0 0 5.00 0.00 0.50
14.00 54 55 30 0 0.00 0.00 0 0 0 5.00 0.00 0.50
12.00 54 54 30 0 0.00 0.00 0 0 0 5.00 0.00 0.50
13.00 54 55 30 0 0.00 0.00 0 0 0 5.00 0.00 0.50
12.00 54 55 30 0 0.00 0.00 0 0 0 5.00 0.00 0.50
14.00 56 56 30 0 0.00 0.00 0 0 0 5.00 0.00 0.50
12.00 52 56 30 0 0.00 0.00 0 0 0 5.00 0.00 0.50
12.00 52 56 30 0 0.00 0.00 0 0 0 5.00 0.00 0.50
14.00 56 56 30 0 0.00 0.00 0 0 0 5.00 0.00 0.50
12.00 56 57 30 0 0.00 0.00 0 0 0 5.00 0.00 0.50
13.00 57 57 30 0 0.00 0.00 0 0 0 5.00 0.00 0.50
13.00 56 57 30 0 0.00 0.00 0 0 0 5.00 0.00 0.50
13.00 56 57 30 0 0.00 0.00 0 0 0 5.00 0.00 0.50
12.00 57 57 30 0 0.00 0.00 0 0 0 5.00 0.00 0.50
12.00 56 57 30 0 0.00 0.00 0 0 0 5.00 0.00 0.50
14.00 56 57 30 0 0.00 0.00 0 0 0 5.00 0.00 0.50
12.00 56 57 30 0 0.00 0.00 0 0 0 5.00 0.00 0.50
13.00 57 57 30 0 0.00 0.00 0 0 0 5.00 0.00 0.50
13.00 56 58 30 0 0.00 0.00 0 0 0 5.00 0.00 0.50
13.00 56 57 30 0 0.00 0.00 0 0 0 5.00 0.00 0.50
12.00 56 58 30 0 0.00 0.00 0 0 0 5.00 0.00 0.50
14.00 57 57 30 0 0.00 0.00 0 0 0 5.00 0.00 0.50
12.00 57 58 30 0 0.00 0.00 0 0 0 5.00 0.00 0.50
12.00 56 58 30 0 0.00 0.00 0 0 0 5.00 0.00 0.50
13.00 57 57 30 0 0.00 0.00 0 0 0 5.00 0.00 0.50
13.00 56 58 30 0 0.00 0.00 0 0 0 5.00 0.00 0.50
13.00 56 57 30 0 0.00 0.00 0 0 0 5.00 0.00 0.50
12.00 55 57 30 0 0.00 0.00 0 0 0 5.00 0.00 0.50
14.00 55 57 30 0 0.00 0.00 0 0 0 5.00 0.00 0.50
12.00 55 56 30 0 0.00 0.00 0 0 0 5.00 0.00 0.50
13.00 54 56 30 0 0.00 0.00 0 0 0 5.00 0.00 0.50
13.00 54 55 30 0 0.00 0.00 0 0 0 5.00 0.00 0.50
12.00 54 55 30 0 0.00 0.00 0 0 0 5.00 0.00 0.50
13.00 54 55 30 0 0.00 0.00 0 0 0 5.00 0.00 0.50
12.00 53 55 30 0 0.00 0.00 0 0 0 5.00 0.00 0.50
14.00 53 54 30 0 0.00 0.00 0 0 0 5.00 0.00 0.50
12.00 53 53 30 0 0.00 0.00 0 0 0 5.00 0.00 0.50
13.00 52 53 30 0 0.00 0.00 0 0 0 5.00 0.00 0.50
13.00 51 53 30 0 0.00 0.00 0 0 0 5.00 0.00 0.50
13.00 51 52 30 0 0.00 0.00 0 0 0 5.00 0.00 0.50
12.00 52 52 30 0 0.00 0.00 0 0 0 5.00 0.00 0.50
13.00 51 52 30 0 0.00 0.00 0 0 0 5.00 0.00 0.50
13.00 51 51 30 0 0.00 0.00 0 0 0 5.00 0.00 0.50
12.00 50 51 30 0 0.00 0.00 0 0 0 5.00 0.00 0.50
13.00 49 51 30 0 0.00 0.00 0 0 0 5.00 0.00 0.50
13.00 50 51 30 0 0.00 0.00 0 0 0 5.00 0.00 0.50
13.00 49 50 30 0 0.00 0.00 0 0 0 5.00 0.00 0.50
12.00 49 50 30 0 0.00 0.00 0 0 0 5.00 0.00 0.50
13.00 49 50 30 0 0.00 0.00 0 0 0 5.00 0.00 0.50
13.00 48 50 30 0 0.00 0.00 0 0 0 5.00 0.00 0.50
12.00 48 49 30 0 0.00 0.00 0 0 0 5.00 0.00 0.50
14.00 48 50 30 0 0.00 0.00 0 0 0 5.00 0.00 0.50
12.00 48 49 30 0 0.00 0.00 0 0 0 5.00 0.00 0.50
13.00 48 49 30 0 0.00 0.00 0 0 0 5.00 0.00 0.50
12.00 48 49 30 0 0.00 0.00 0 0 0 5.00 0.00 0.50
14.00 49 49 30 0 0.00 0.00 0 0 0 5.00 0.00 0.50
12.00 48 49 30 0 0.00 0.00 0 0 0 5.00 0.00 0.50
12.00 49 50 30 0 0.00 0.00 0 0 0 5.00 0.00 0.50
14.00 49 49 30 0 0.00 0.00 0 0 0 5.00 0.00 0.50
12.00 49 49 30 0 0.00 0.00 0 0 0 5.00 0.00 0.50
13.00 49 49 30 0 0.00 0.00 0 0 0 5.00 0.00 0.50
12.00 49 49 30 0 0.00 0.00 0 0 0 5.00 0.00 0.50
14.00 49 50 30 0 0.00 0.00 0 0 0 5.00 0.00 0.50
12.00 49 49 30 0 0.00 0.00 0 0 0 5.00 0.00 0.50
13.00 49 49 30 0 0.00 0.00 0 0 0 5.00 0.00 0.50
13.00 49 49 30 0 0.00 0.00 0 0 0 5.00 0.00 0.50
12.00 50 49 30 0 0.00 0.00 0 0 0 5.00 0.00 0.50
13.00 49 49 30 0 0.00 0.00 0 0 0 5.00 0.00 0.50
13.00 49 49 30 0 0.00 0.00 0 0 0 5.00 0.00 0.50
13.00 49 49 30 0 0.00 0.00 0 0 0 5.00 0.00 0.50
12.00 48 50 30 0 0.00 0.00 0 0 0 5.00 0.00 0.50
13.00 48 50 30 0 0.00 0.00 0 0 0 5.00 0.00 0.50
13.00 49 50 30 0 0.00 0.00 0 0 0 5.00 0.00 0.50
13.00 48 50 30 0 0.00 0.00 0 0 0 5.00 0.00 0.50
12.00 48 50 30 0 0.00 0.00 0 0 0 5.00 0.00 0.50
13.00 48 51 30 0 0.00 0.00 0 0 0 5.00 0.00 0.50
13.00 48 50 30 0 0.00 0.00 0 0 0 5.00 0.00 0.50
12.00 48 50 30 0 0.00 0.00 0 0 0 5.00 0.00 0.50
14.00 49 50 30 0 0.00 0.00 0 0 0 5.00 0.00 0.50
12.00 49 50 30 0 0.00 0.00 0 0 0 5.00 0.00 0.50
13.00 45 50 30 0 0.00 0.00 0 0 0 5.00 0.00 0.50
12.00 46 50 30 0 0.00 0.00 0 0 0 5.00 0.00 0.50
13.00 50 50 30 0 0.00 0.00 0 0 0 5.00 0.00 0.50
13.00 49 50 30 0 0.00 0.00 0 0 0 5.00 0.00 0.50
12.00 49 50 30 0 0.00 0.00 0 0 0 5.00 0.00 0.50
14.00 49 50 30 0 0.00 0.00 0 0 0 5.00 0.00 0.50
12.00 49 50 30 0 0.00 0.00 0 0 0 5.00 0.00 0.50
13.00 50 50 30 0 0.00 0.00 0 0 0 5.00 0.00 0.50
13.00 51 51 30 0 0.00 0.00 0 0 0 5.00 0.00 0.50
13.00 50 50 30 0 0.00 0.00 0 0 0 5.00 0.00 0.50
12.00 50 50 30 0 0.00 0.00 0 0 0 5.00 0.00 0.50
12.00 50 50 30 0 0.00 0.00 0 0 0 5.00 0.00 0.50
14.00 50 51 30 0 0.00 0.00 0 0 0 5.00 0.00 0.50
12.00 50 51 30 0 0.00 0.00 0 0 0 5.00 0.00 0.50
13.00 50 51 30 0 0.00 0.00 0 0 0 5.00 0.00 0.50
13.00 50 51 30 0 0.00 0.00 0 0 0 5.00 0.00 0.50
13.00 50 51 30 0 0.00 0.00 0 0 0 5.00 0.00 0.50
12.00 51 51 30 0 0.00 0.00 0 0 0 5.00 0.00 0.50
14.00 51 51 30 0 0.00 0.00 0 0 0 5.00 0.00 0.50
12.00 50 51 30 0 0.00 0.00 0 0 0 5.00 0.00 0.50
12.00 50 52 30 0 0.00 0.00 0 0 0 5.00 0.00 0.50
13.00 51 51 30 0 0.00 0.00 0 0 0 5.00 0.00 0.50
13.00 50 51 30 0 0.00 0.00 0 0 0 5.00 0.00 0.50
13.00 50 51 30 0 0.00 0.00 0 0 0 5.00 0.00 0.50
12.00 51 52 30 0 0.00 0.00 0 0 0 5.00 0.00 0.50
14.00 51 51 30 0 0.00 0.00 0 0 0 5.00 0.00 0.50
12.00 51 52 30 0 0.00 0.00 0 0 0 5.00 0.00 0.50
13.00 51 51 30 0 0.00 0.00 0 0 0 5.00 0.00 0.50
13.00 51 52 30 0 0.00 0.00 0 0 0 5.00 0.00 0.50
12.00 51 52 30 0 0.00 0.00 0 0 0 5.00 0.00 0.50
13.00 52 52 30 0 0.00 0.00 0 0 0 5.00 0.00 0.50
12.00 52 52 30 0 0.00 0.00 0 0 0 5.00 0.00 0.50
14.00 51 52 30 0 0.00 0.00 0 0 0 5.00 0.00 0.50
12.00 52 53 30 0 0.00 0.00 0 0 0 5.00 0.00 0.50
13.00 51 52 30 0 0.00 0.00 0 0 0 5.00 0.00 0.50
13.00 52 52 30 0 0.00 0.00 0 0 0 5.00 0.00 0.50
12.00 52 53 30 0 0.00 0.00 0 0 0 5.00 0.00 0.50
13.00 53 53 30 0 0.00 0.00 0 0 0 5.00 0.00 0.50
12.00 53 53 30 0 0.00 0.00 0 0 0 5.00 0.00 0.50
14.00 53 53 30 0 0.00 0.00 0 0 0 5.00 0.00 0.50
12.00 53 53 30 0 0.00 0.00 0 0 0 5.00 0.00 0.50
13.00 53 52 30 0 0.00 0.00 0 0 0 5.00 0.00 0.50
13.00 53 53 30 0 0.00 0.00 0 0 0 5.00 0.00 0.50
13.00 53 54 30 0 0.00 0.00 0 0 0 5.00 0.00 0.50
12.00 53 53 30 0 0.00 0.00 0 0 0 5.00 0.00 0.50
13.00 52 53 30 0 0.00 0.00 0 0 0 5.00 0.00 0.50
13.00 52 53 30 0 0.00 0.00 0 0 0 5.00 0.00 0.50
12.00 52 53 30 0 0.00 0.00 0 0 0 5.00 0.00 0.50
13.00 52 52 30 0 0.00 0.00 0 0 0 5.00 0.00 0.50
13.00 52 52 30 0 0.00 0.00 0 0 0 5.00 0.00 0.50
13.00 52 52 30 0 0.00 0.00 0 0 0 5.00 0.00 0.50
12.00 52 52 30 0 0.00 0.00 0 0 0 5.00 0.00 0.50
14.00 52 52 30 0 0.00 0.00 0 0 0 5.00 0.00 0.50
12.00 52 53 30 0 0.00 0.00 0 0 0 5.00 0.00 0.50
12.00 52 52 30 0 0.00 0.00 0 0 0 5.00 0.00 0.50
14.00 52 53 30 0 0.00 0.00 0 0 0 5.00 0.00 0.50
12.00 52 53 30 0 0.00 0.00 0 0 0 5.00 0.00 0.50
13.00 52 52 30 0 0.00 0.00 0 0 0 5.00 0.00 0.50
12.00 52 53 30 0 0.00 0.00 0 0 0 5.00 0.00 0.50
14.00 53 53 30 0 0.00 0.00 0 0 0 5.00 0.00 0.50
12.00 52 53 30 0 0.00 0.00 0 0 0 5.00 0.00 0.50
13.00 52 52 30 0 0.00 0.00 0 0 0 5.00 0.00 0.50
13.00 52 53 30 0 0.00 0.00 0 0 0 5.00 0.00 0.50
12.00 52 53 30 0 0.00 0.00 0 0 0 5.00 0.00 0.50
13.00 50 52 30 0 0.00 0.00 0 0 0 5.00 0.00 0.50
13.00 52 53 30 0 0.00 0.00 0 0 0 5.00 0.00 0.50
13.00 52 52 30 0 0.00 0.00 0 0 0 5.00 0.00 0.50
12.00 52 53 30 0 0.00 0.00 0 0 0 5.00 0.00 0.50
13.00 52 52 30 0 0.00 0.00 0 0 0 5.00 0.00 0.50
13.00 52 53 30 0 0.00 0.00 0 0 0 5.00 0.00 0.50
13.00 52 53 30 0 0.00 0.00 0 0 0 5.00 0.00 0.50
12.00 52 53 30 0 0.00 0.00 0 0 0 5.00 0.00 0.50
13.00 52 53 30 0 0.00 0.00 0 0 0 5.00 0.00 0.50
13.00 51 53 30 0 0.00 0.00 0 0 0 5.00 0.00 0.50
12.00 52 52 30 0 0.00 0.00 0 0 0 5.00 0.00 0.50
14.00 52 52 30 0 0.00 0.00 0 0 0 5.00 0.00 0.50
12.00 52 53 30 0 0.00 0.00 0 0 0 5.00 0.00 0.50
13.00 52 52 30 0 0.00 0.00 0 0 0 5.00 0.00 0.50
12.00 52 52 30 0 0.00 0.00 0 0 0 5.00 0.00 0.50
13.00 52 52 30 0 0.00 0.00 0 0 0 5.00 0.00 0.50
13.00 52 53 30 0 0.00 0.00 0 0 0 5.00 0.00 0.50
12.00 52 53 30 0 0.00 0.00 0 0 0 5.00 0.00 0.50
14.00 52 53 30 0 0.00 0.00 0 0 0 5.00 0.00 0.50
12.00 52 53 30 0 0.00 0.00 0 0 0 5.00 0.00 0.50
13.00 53 53 30 0 0.00 0.00 0 0 0 5.00 0.00 0.50
13.00 53 53 30 0 0.00 0.00 0 0 0 5.00 0.00 0.50
13.00 53 52 30 0 0.00 0.00 0 0 0 5.00 0.00 0.50
12.00 52 52 30 0 0.00 0.00 0 0 0 5.00 0.00 0.50
12.00 53 52 30 0 0.00 0.00 0 0 0 5.00 0.00 0.50
14.00 53 52 30 0 0.00 0.00 0 0 0 5.00 0.00 0.50
12.00 52 52 30 0 0.00 0.00 0 0 0 5.00 0.00 0.50
13.00 52 52 30 0 0.00 0.00 0 0 0 5.00 0.00 0.50
13.00 52 52 30 0 0.00 0.00 0 0 0 5.00 0.00 0.50
13.00 53 52 30 0 0.00 0.00 0 0 0 5.00 0.00 0.50
12.00 52 53 30 0 0.00 0.00 0 0 0 5.00 0.00 0.50
14.00 52 52 30 0 0.00 0.00 0 0 0 5.00 0.00 0.50
12.00 52 52 30 0 0.00 0.00 0 0 0 5.00 0.00 0.50
12.00 52 53 30 0 0.00 0.00 0 0 0 5.00 0.00 0.50
13.00 52 52 30 0 0.00 0.00 0 0 0 5.00 0.00 0.50
13.00 53 52 30 0 0.00 0.00 0 0 0 5.00 0.00 0.50
13.00 53 52 30 0 0.00 0.00 0 0 0 5.00 0.00 0.50
12.00 52 52 30 0 0.00 0.00 0 0 0 5.00 0.00 0.50
14.00 53 52 30 0 0.00 0.00 0 0 0 5.00 0.00 0.50
12.00 52 52 30 0 0.00 0.00 0 0 0 5.00 0.00 0.50
13.00 53 52 30 0 0.00 0.00 0 0 0 5.00 0.00 0.50
13.00 52 52 30 0 0.00 0.00 0 0 0 5.00 0.00 0.50
12.00 52 52 30 0 0.00 0.00 0 0 0 5.00 0.00 0.50
13.00 52 52 30 0 0.00 0.00 0 0 0 5.00 0.00 0.50
12.00 52 52 30 0 0.00 0.00 0 0 0 5.00 0.00 0.50
14.00 53 52 30 0 0.00 0.00 0 0 0 5.00 0.00 0.50
12.00 52 52 30 0 0.00 0.00 0 0 0 5.00 0.00 0.50
13.00 52 52 30 0 0.00 0.00 0 0 0 5.00 0.00 0.50
13.00 52 52 30 0 0.00 0.00 0 0 0 5.00 0.00 0.50
12.00 52 52 30 0 0.00 0.00 0 0 0 5.00 0.00 0.50
13.00 52 52 30 0 0.00 0.00 0 0 0 5.00 0.00 0.50
12.00 52 52 30 0 0.00 0.00 0 0 0 5.00 0.00 0.50
14.00 53 52 30 0 0.00 0.00 0 0 0 5.00 0.00 0.50
12.00 52 53 30 0 0.00 0.00 0 0 0 5.00 0.00 0.50
13.00 52 52 30 0 0.00 0.00 0 0 0 5.00 0.00 0.50
13.00 52 52 30 0 0.00 0.00 0 0 0 5.00 0.00 0.50
13.00 51 53 30 0 0.00 0.00 0 0 0 5.00 0.00 0.50
12.00 52 53 30 0 0.00 0.00 0 0 0 5.00 0.00 0.50
13.00 51 52 30 0 0.00 0.00 0 0 0 5.00 0.00 0.50
13.00 52 52 30 0 0.00 0.00 0 0 0 5.00 0.00 0.50
12.00 51 53 30 0 0.00 0.00 0 0 0 5.00 0.00 0.50
13.00 51 53 30 0 0.00 0.00 0 0 0 5.00 0.00 0.50
13.00 52 53 30 0 0.00 0.00 0 0 0 5.00 0.00 0.50
13.00 52 53 30 0 0.00 0.00 0 0 0 5.00 0.00 0.50
12.00 52 52 30 0 0.00 0.00 0 0 0 5.00 0.00 0.50
14.00 52 53 30 0 0.00 0.00 0 0 0 5.00 0.00 0.50
12.00 52 52 30 0 0.00 0.00 0 0 0 5.00 0.00 0.50
12.00 53 52 30 0 0.00 0.00 0 0 0 5.00 0.00 0.50
14.00 52 52 30 0 0.00 0.00 0 0 0 5.00 0.00 0.50
12.00 53 52 30 0 0.00 0.00 0 0 0 5.00 0.00 0.50
13.00 52 52 30 0 0.00 0.00 0 0 0 5.00 0.00 0.50
12.00 51 52 30 0 0.00 0.00 0 0 0 5.00 0.00 0.50
14.00 53 53 30 0 0.00 0.00 0 0 0 5.00 0.00 0.50
12.00 52 52 30 0 0.00 0.00 0 0 0 5.00 0.00 0.50
13.00 52 53 30 0 0.00 0.00 0 0 0 5.00 0.00 0.50
13.00 52 52 30 0 0.00 0.00 0 0 0 5.00 0.00 0.50
12.00 53 53 30 0 0.00 0.00 0 0 0 5.00 0.00 0.50
13.00 53 53 30 0 0.00 0.00 0 0 0 5.00 0.00 0.50
13.00 52 53 30 0 0.00 0.00 0 0 0 5.00 0.00 0.50
13.00 52 52 30 0 0.00 0.00 0 0 0 5.00 0.00 0.50
12.00 51 52 30 0 0.00 0.00 0 0 0 5.00 0.00 0.50
13.00 52 53 30 0 0.00 0.00 0 0 0 5.00 0.00 0.50
13.00 52 52 30 0 0.00 0.00 0 0 0 5.00 0.00 0.50
12.00 52 53 30 0 0.00 0.00 0 0 0 5.00 0.00 0.50
13.00 52 52 30 0 0.00 0.00 0 0 0 5.00 0.00 0.50
13.00 52 52 30 0 0.00 0.00 0 0 0 5.00 0.00 0.50
13.00 52 52 30 0 0.00 0.00 0 0 0 5.00 0.00 0.50
12.00 52 52 30 0 0.00 0.00 0 0 0 5.00 0.00 0.50
14.00 52 52 30 0 0.00 0.00 0 0 0 5.00 0.00 0.50
12.00 52 52 30 0 0.00 0.00 0 0 0 5.00 0.00 0.50
13.00 51 52 30 0 0.00 0.00 0 0 0 5.00 0.00 0.50
12.00 51 52 30 0 0.00 0.00 0 0 0 5.00 0.00 0.50
13.00 51 52 30 0 0.00 0.00 0 0 0 5.00 0.00 0.50
13.00 49 52 30 0 0.00 0.00 0 0 0 5.00 0.00 0.50
12.00 51 52 30 0 0.00 0.00 0 0 0 5.00 0.00 0.50
14.00 49 52 30 0 0.00 0.00 0 0 0 5.00 0.00 0.50
12.00 50 52 30 0 0.00 0.00 0 0 0 5.00 0.00 0.50
13.00 52 53 30 0 0.00 0.00 0 0 0 5.00 0.00 0.50
13.00 49 52 30 0 0.00 0.00 0 0 0 5.00 0.00 0.50
13.00 52 52 30 0 0.00 0.00 0 0 0 5.00 0.00 0.50
12.00 52 52 30 0 0.00 0.00 0 0 0 5.00 0.00 0.50
12.00 51 52 30 0 0.00 0.00 0 0 0 5.00 0.00 0.50
14.00 50 52 30 0 0.00 0.00 0 0 0 5.00 0.00 0.50
12.00 50 52 30 0 0.00 0.00 0 0 0 5.00 0.00 0.50
13.00 50 52 30 0 0.00 0.00 0 0 0 5.00 0.00 0.50
13.00 50 52 30 0 0.00 0.00 0 0 0 5.00 0.00 0.50
13.00 50 52 30 0 0.00 0.00 0 0 0 5.00 0.00 0.50
12.00 50 52 30 0 0.00 0.00 0 0 0 5.00 0.00 0.50
14.00 49 52 30 0 0.00 0.00 0 0 0 5.00 0.00 0.50
12.00 49 53 30 0 0.00 0.00 0 0 0 5.00 0.00 0.50
12.00 50 53 30 0 0.00 0.00 0 0 0 5.00 0.00 0.50
13.00 50 53 30 0 0.00 0.00 0 0 0 5.00 0.00 0.50
13.00 49 53 30 0 0.00 0.00 0 0 0 5.00 0.00 0.50
13.00 49 53 30 0 0.00 0.00 0 0 0 5.00 0.00 0.50
12.00 49 53 30 0 0.00 0.00 0 0 0 5.00 0.00 0.50
14.00 49 52 30 0 0.00 0.00 0 0 0 5.00 0.00 0.50
12.00 49 53 30 0 0.00 0.00 0 0 0 5.00 0.00 0.50
13.00 49 52 30 0 0.00 0.00 0 0 0 5.00 0.00 0.50
13.00 50 53 30 0 0.00 0.00 0 0 0 5.00 0.00 0.50
12.00 52 53 30 0 0.00 0.00 0 0 0 5.00 0.00 0.50
13.00 50 53 30 0 0.00 0.00 0 0 0 5.00 0.00 0.50
12.00 49 52 30 0 0.00 0.00 0 0 0 5.00 0.00 0.50
14.00 48 53 30 0 0.00 0.00 0 0 0 5.00 0.00 0.50
12.00 49 53 30 0 0.00 0.00 0 0 0 5.00 0.00 0.50
13.00 50 53 30 0 0.00 0.00 0 0 0 5.00 0.00 0.50
13.00 49 53 30 0 0.00 0.00 0 0 0 5.00 0.00 0.50
12.00 49 52 30 0 0.00 0.00 0 0 0 5.00 0.00 0.50
13.00 50 52 30 0 0.00 0.00 0 0 0 5.00 0.00 0.50
12.00 49 53 30 0 0.00 0.00 0 0 0 5.00 0.00 0.50
14.00 49 53 30 0 0.00 0.00 0 0 0 5.00 0.00 0.50
12.00 50 53 30 0 0.00 0.00 0 0 0 5.00 0.00 0.50
13.00 50 53 30 0 0.00 0.00 0 0 0 5.00 0.00 0.50
13.00 49 52 30 0 0.00 0.00 0 0 0 5.00 0.00 0.50
13.00 49 53 30 0 0.00 0.00 0 0 0 5.00 0.00 0.50
12.00 49 53 30 0 0.00 0.00 0 0 0 5.00 0.00 0.50
13.00 49 52 30 0 0.00 0.00 0 0 0 5.00 0.00 0.50
13.00 49 52 30 0 0.00 0.00 0 0 0 5.00 0.00 0.50
12.00 49 52 30 0 0.00 0.00 0 0 0 5.00 0.00 0.50
13.00 50 52 30 0 0.00 0.00 0 0 0 5.00 0.00 0.50
13.00 49 52 30 0 0.00 0.00 0 0 0 5.00 0.00 0.50
13.00 49 52 30 0 0.00 0.00 0 0 0 5.00 0.00 0.50
12.00 48 53 30 0 0.00 0.00 0 0 0 5.00 0.00 0.50
14.00 49 53 30 0 0.00 0.00 0 0 0 5.00 0.00 0.50
12.00 50 53 30 0 0.00 0.00 0 0 0 5.00 0.00 0.50
12.00 50 52 30 0 0.00 0.00 0 0 0 5.00 0.00 0.50
14.00 49 53 30 0 0.00 0.00 0 0 0 5.00 0.00 0.50
12.00 50 53 30 0 0.00 0.00 0 0 0 5.00 0.00 0.50
13.00 50 52 30 0 0.00 0.00 0 0 0 5.00 0.00 0.50
12.00 49 52 30 0 0.00 0.00 0 0 0 5.00 0.00 0.50
14.00 49 52 30 0 0.00 0.00 0 0 0 5.00 0.00 0.50
12.00 49 53 30 0 0.00 0.00 0 0 0 5.00 0.00 0.50
13.00 49 53 30 0 0.00 0.00 0 0 0 5.00 0.00 0.50
13.00 49 52 30 0 0.00 0.00 0 0 0 5.00 0.00 0.50
12.00 49 53 30 0 0.00 0.00 0 0 0 5.00 0.00 0.50
13.00 49 52 30 0 0.00 0.00 0 0 0 5.00 0.00 0.50
13.00 49 52 30 0 0.00 0.00 0 0 0 5.00 0.00 0.50
13.00 49 52 30 0 0.00 0.00 0 0 0 5.00 0.00 0.50
12.00 49 53 30 0 0.00 0.00 0 0 0 5.00 0.00 0.50
13.00 50 53 30 0 0.00 0.00 0 0 0 5.00 0.00 0.50
13.00 53 53 30 0 0.00 0.00 0 0 0 5.00 0.00 0.50
12.00 51 52 30 0 0.00 0.00 0 0 0 5.00 0.00 0.50
13.00 49 52 30 0 0.00 0.00 0 0 0 5.00 0.00 0.50
13.00 49 53 30 0 0.00 0.00 0 0 0 5.00 0.00 0.50
13.00 49 52 30 0 0.00 0.00 0 0 0 5.00 0.00 0.50
12.00 50 53 30 0 0.00 0.00 0 0 0 5.00 0.00 0.50
14.00 50 53 30 0 0.00 0.00 0 0 0 5.00 0.00 0.50
12.00 50 53 30 0 0.00 0.00 0 0 0 5.00 0.00 0.50
13.00 51 52 30 0 0.00 0.00 0 0 0 5.00 0.00 0.50
12.00 50 52 30 0 0.00 0.00 0 0 0 5.00 0.00 0.50
13.00 52 52 30 0 0.00 0.00 0 0 0 5.00 0.00 0.50
13.00 50 52 30 0 0.00 0.00 0 0 0 5.00 0.00 0.50
12.00 50 53 30 0 0.00 0.00 0 0 0 5.00 0.00 0.50
14.00 52 53 30 0 0.00 0.00 0 0 0 5.00 0.00 0.50
12.00 51 52 30 0 0.00 0.00 0 0 0 5.00 0.00 0.50
13.00 51 52 30 0 0.00 0.00 0 0 0 5.00 0.00 0.50
13.00 50 52 30 0 0.00 0.00 0 0 0 5.00 0.00 0.50
13.00 49 52 30 0 0.00 0.00 0 0 0 5.00 0.00 0.50
12.00 49 52 30 0 0.00 0.00 0 0 0 5.00 0.00 0.50
12.00 49 52 30 0 0.00 0.00 0 0 0 5.00 0.00 0.50
14.00 49 52 30 0 0.00 0.00 0 0 0 5.00 0.00 0.50
12.00 50 52 30 0 0.00 0.00 0 0 0 5.00 0.00 0.50
13.00 50 52 30 0 0.00 0.00 0 0 0 5.00 0.00 0.50
13.00 49 52 30 0 0.00 0.00 0 0 0 5.00 0.00 0.50
13.00 49 52 30 0 0.00 0.00 0 0 0 5.00 0.00 0.50
12.00 50 52 30 0 0.00 0.00 0 0 0 5.00 0.00 0.50
14.00 49 52 30 0 0.00 0.00 0 0 0 5.00 0.00 0.50
12.00 49 52 30 0 0.00 0.00 0 0 0 5.00 0.00 0.50
12.00 49 52 30 0 0.00 0.00 0 0 0 5.00 0.00 0.50
13.00 49 52 30 0 0.00 0.00 0 0 0 5.00 0.00 0.50
13.00 49 52 30 0 0.00 0.00 0 0 0 5.00 0.00 0.50
13.00 50 52 30 0 0.00 0.00 0 0 0 5.00 0.00 0.50
12.00 49 52 30 0 0.00 0.00 0 0 0 5.00 0.00 0.50
14.00 50 52 30 0 0.00 0.00 0 0 0 5.00 0.00 0.50
12.00 48 52 30 0 0.00 0.00 0 0 0 5.00 0.00 0.50
12.00 49 52 30 0 0.00 0.00 0 0 0 5.00 0.00 0.50
13.00 49 53 30 0 0.00 0.00 0 0 0 5.00 0.00 0.50
13.00 49 52 30 0 0.00 0.00 0 0 0 5.00 0.00 0.50
13.00 50 52 30 0 0.00 0.00 0 0 0 5.00 0.00 0.50
12.00 48 52 30 0 0.00 0.00 0 0 0 5.00 0.00 0.50
14.00 49 52 30 0 0.00 0.00 0 0 0 5.00 0.00 0.50
12.00 49 53 30 0 0.00 0.00 0 0 0 5.00 0.00 0.50
13.00 49 52 30 0 0.00 0.00 0 0 0 5.00 0.00 0.50
13.00 49 52 30 0 0.00 0.00 0 0 0 5.00 0.00 0.50
12.00 50 52 30 0 0.00 0.00 0 0 0 5.00 0.00 0.50
13.00 49 53 30 0 0.00 0.00 0 0 0 5.00 0.00 0.50
12.00 49 52 30 0 0.00 0.00 0 0 0 5.00 0.00 0.50
14.00 48 53 30 0 0.00 0.00 0 0 0 5.00 0.00 0.50
12.00 50 53 30 0 0.00 0.00 0 0 0 5.00 0.00 0.50
13.00 49 52 30 0 0.00 0.00 0 0 0 5.00 0.00 0.50
13.00 49 53 50 3 -120.19 220.19 53 0 0 5.00 0.00 0.50
14.00 49 53 50 3 147.50 162.50 53 0 0 5.00 0.00 0.50
14.00 48 54 50 3 127.14 182.86 54 0 0 5.00 0.00 0.50
14.00 49 53 50 3 165.36 144.64 53 0 0 5.00 0.00 0.50
14.00 53 54 50 3 127.14 182.86 54 0 0 5.00 0.00 0.50
14.00 49 53 50 3 165.36 144.64 53 0 0 5.00 0.00 0.50
15.00 49 53 50 3 147.50 162.50 53 0 0 5.00 0.00 0.50
13.00 53 53 50 3 147.50 162.50 53 0 0 5.00 0.00 0.50
14.00 53 52 50 3 167.86 142.14 52 0 0 5.00 0.00 0.50
15.00 53 52 50 3 150.00 160.00 52 0 0 5.00 0.00 0.50
13.00 53 52 50 3 150.00 160.00 52 0 0 5.00 0.00 0.50
14.00 53 52 50 3 150.00 160.00 52 0 0 5.00 0.00 0.50
15.00 53 53 50 3 130.83 179.17 53 0 0 5.00 0.00 0.50
14.00 53 52 50 3 167.86 142.14 52 0 0 5.00 0.00 0.50
13.00 53 52 50 3 150.00 160.00 52 0 0 5.00 0.00 0.50
15.00 53 53 50 3 130.83 179.17 53 0 0 5.00 0.00 0.50
14.00 52 52 50 3 167.86 142.14 52 0 0 5.00 0.00 0.50
13.00 52 52 50 3 150.00 160.00 52 0 0 5.00 0.00 0.50
15.00 52 52 50 3 150.00 160.00 52 0 0 5.00 0.00 0.50
14.00 52 53 50 3 129.64 180.36 53 0 0 5.00 0.00 0.50
14.00 52 53 50 3 147.50 162.50 53 0 0 5.00 0.00 0.50
14.00 52 52 50 3 167.86 142.14 52 0 0 5.00 0.00 0.50
14.00 52 52 50 3 150.00 160.00 52 0 0 5.00 0.00 0.50
14.00 52 52 50 3 150.00 160.00 52 0 0 5.00 0.00 0.50
14.00 52 52 50 3 150.00 160.00 52 0 0 5.00 0.00 0.50
14.00 52 52 50 3 150.00 160.00 52 0 0 5.00 0.00 0.50
14.00 52 53 50 3 129.64 180.36 53 0 0 5.00 0.00 0.50
15.00 52 52 50 3 166.67 143.33 52 0 0 5.00 0.00 0.50
13.00 52 53 50 3 128.27 181.73 53 0 0 5.00 0.00 0.50
14.00 51 52 50 3 167.86 142.14 52 0 0 5.00 0.00 0.50
15.00 50 52 50 3 150.00 160.00 52 0 0 5.00 0.00 0.50
13.00 49 52 50 3 150.00 160.00 52 0 0 5.00 0.00 0.50
14.00 48 52 50 3 150.00 160.00 52 0 0 5.00 0.00 0.50
15.00 50 53 50 3 130.83 179.17 53 0 0 5.00 0.00 0.50
14.00 49 52 50 3 167.86 142.14 52 0 0 5.00 0.00 0.50
13.00 48 52 50 3 150.00 160.00 52 0 0 5.00 0.00 0.50
15.00 49 52 50 3 150.00 160.00 52 0 0 5.00 0.00 0.50
14.00 48 52 50 3 150.00 160.00 52 0 0 5.00 0.00 0.50
13.00 50 52 50 3 150.00 160.00 52 0 0 5.00 0.00 0.50
15.00 51 52 50 3 150.00 160.00 52 0 0 5.00 0.00 0.50
14.00 51 52 50 3 150.00 160.00 52 0 0 5.00 0.00 0.50
14.00 50 52 50 3 150.00 160.00 52 0 0 5.00 0.00 0.50
13.00 50 51 50 3 171.73 138.27 51 0 0 5.00 0.00 0.50
15.00 50 51 50 3 152.50 157.50 51 0 0 5.00 0.00 0.50
14.00 50 52 50 3 132.14 177.86 52 0 0 5.00 0.00 0.50
13.00 51 51 50 3 171.73 138.27 51 0 0 5.00 0.00 0.50
15.00 50 51 50 3 152.50 157.50 51 0 0 5.00 0.00 0.50
14.00 51 51 50 3 152.50 157.50 51 0 0 5.00 0.00 0.50
13.00 50 51 50 3 152.50 157.50 51 0 0 5.00 0.00 0.50
15.00 51 51 50 3 152.50 157.50 51 0 0 5.00 0.00 0.50
14.00 51 51 50 3 152.50 157.50 51 0 0 5.00 0.00 0.50
14.00 50 51 50 3 152.50 157.50 51 0 0 5.00 0.00 0.50
14.00 50 51 50 3 152.50 157.50 51 0 0 5.00 0.00 0.50
14.00 50 51 50 3 152.50 157.50 51 0 0 5.00 0.00 0.50
14.00 51 51 50 3 152.50 157.50 51 0 0 5.00 0.00 0.50
14.00 51 51 50 3 152.50 157.50 51 0 0 5.00 0.00 0.50
14.00 51 51 50 3 152.50 157.50 51 0 0 5.00 0.00 0.50
14.00 51 50 50 3 172.86 137.14 50 0 0 5.00 0.00 0.50
15.00 51 50 50 3 155.00 155.00 50 0 0 5.00 0.00 0.50
13.00 51 50 50 3 155.00 155.00 50 0 0 5.00 0.00 0.50
14.00 49 50 50 3 155.00 155.00 50 0 0 5.00 0.00 0.50
15.00 51 50 50 3 155.00 155.00 50 0 0 5.00 0.00 0.50
13.00 51 50 50 3 155.00 155.00 50 0 0 5.00 0.00 0.50
14.00 50 50 50 3 155.00 155.00 50 0 0 5.00 0.00 0.50
15.00 49 50 50 3 155.00 155.00 50 0 0 5.00 0.00 0.50
14.00 51 50 50 3 155.00 155.00 50 0 0 5.00 0.00 0.50
13.00 50 50 50 3 155.00 155.00 50 0 0 5.00 0.00 0.50
15.00 49 50 50 3 155.00 155.00 50 0 0 5.00 0.00 0.50
14.00 49 50 50 3 155.00 155.00 50 0 0 5.00 0.00 0.50
13.00 49 50 50 3 155.00 155.00 50 0 0 5.00 0.00 0.50
15.00 49 50 50 3 155.00 155.00 50 0 0 5.00 0.00 0.50
14.00 49 50 50 3 155.00 155.00 50 0 0 5.00 0.00 0.50
14.00 50 50 50 3 155.00 155.00 50 0 0 5.00 0.00 0.50
14.00 48 49 50 3 175.36 134.64 49 0 0 5.00 0.00 0.50
14.00 49 50 50 3 137.14 172.86 50 0 0 5.00 0.00 0.50
14.00 48 50 50 3 155.00 155.00 50 0 0 5.00 0.00 0.50
14.00 48 49 50 3 175.36 134.64 49 0 0 5.00 0.00 0.50
14.00 49 50 50 3 137.14 172.86 50 0 0 5.00 0.00 0.50
14.00 49 50 50 3 155.00 155.00 50 0 0 5.00 0.00 0.50
15.00 48 49 50 3 174.17 135.83 49 0 0 5.00 0.00 0.50
13.00 49 49 50 3 157.50 152.50 49 0 0 5.00 0.00 0.50
14.00 49 49 50 3 157.50 152.50 49 0 0 5.00 0.00 0.50
15.00 49 49 50 3 157.50 152.50 49 0 0 5.00 0.00 0.50
13.00 48 48 50 3 179.23 130.77 48 0 0 5.00 0.00 0.50
14.00 48 48 50 3 160.00 150.00 48 0 0 5.00 0.00 0.50
15.00 47 48 50 3 160.00 150.00 48 0 0 5.00 0.00 0.50
14.00 48 48 50 3 160.00 150.00 48 0 0 5.00 0.00 0.50
13.00 48 48 50 3 160.00 150.00 48 0 0 5.00 0.00 0.50
15.00 48 48 50 3 160.00 150.00 48 0 0 5.00 0.00 0.50
14.00 47 49 50 3 139.64 170.36 49 0 0 5.00 0.00 0.50
13.00 48 48 50 3 179.23 130.77 48 0 0 5.00 0.00 0.50
15.00 48 48 50 3 160.00 150.00 48 0 0 5.00 0.00 0.50
14.00 48 48 50 3 160.00 150.00 48 0 0 5.00 0.00 0.50
13.00 48 48 50 3 160.00 150.00 48 0 0 5.00 0.00 0.50
15.00 49 48 50 3 160.00 150.00 48 0 0 5.00 0.00 0.50
14.00 48 48 50 3 160.00 150.00 48 0 0 5.00 0.00 0.50
14.00 47 48 50 3 160.00 150.00 48 0 0 5.00 0.00 0.50
14.00 49 48 50 3 160.00 150.00 48 0 0 5.00 0.00 0.50
14.00 49 48 50 3 160.00 150.00 48 0 0 5.00 0.00 0.50
14.00 48 48 50 3 160.00 150.00 48 0 0 5.00 0.00 0.50
14.00 49 48 50 3 160.00 150.00 48 0 0 5.00 0.00 0.50
14.00 50 48 50 3 160.00 150.00 48 0 0 5.00 0.00 0.50
14.00 49 48 50 3 160.00 150.00 48 0 0 5.00 0.00 0.50
15.00 49 48 50 3 160.00 150.00 48 0 0 5.00 0.00 0.50
13.00 49 48 50 3 160.00 150.00 48 0 0 5.00 0.00 0.50
14.00 49 48 50 3 160.00 150.00 48 0 0 5.00 0.00 0.50
15.00 49 48 50 3 160.00 150.00 48 0 0 5.00 0.00 0.50
13.00 48 48 50 3 160.00 150.00 48 0 0 5.00 0.00 0.50
14.00 49 49 50 3 139.64 170.36 49 0 0 5.00 0.00 0.50
15.00 49 48 50 3 176.67 133.33 48 0 0 5.00 0.00 0.50
14.00 48 48 50 3 160.00 150.00 48 0 0 5.00 0.00 0.50
13.00 48 48 50 3 160.00 150.00 48 0 0 5.00 0.00 0.50
15.00 48 48 50 3 160.00 150.00 48 0 0 5.00 0.00 0.50
14.00 48 48 50 3 160.00 150.00 48 0 0 5.00 0.00 0.50
13.00 48 49 50 3 138.27 171.73 49 0 0 5.00 0.00 0.50
15.00 49 48 50 3 176.67 133.33 48 0 0 5.00 0.00 0.50
14.00 48 48 50 3 160.00 150.00 48 0 0 5.00 0.00 0.50
14.00 48 48 50 3 160.00 150.00 48 0 0 5.00 0.00 0.50
14.00 48 48 50 3 160.00 150.00 48 0 0 5.00 0.00 0.50
14.00 48 48 50 3 160.00 150.00 48 0 0 5.00 0.00 0.50
14.00 48 48 50 3 160.00 150.00 48 0 0 5.00 0.00 0.50
13.00 48 48 50 3 160.00 150.00 48 0 0 5.00 0.00 0.50
15.00 48 48 50 3 160.00 150.00 48 0 0 5.00 0.00 0.50
14.00 48 48 50 3 160.00 150.00 48 0 0 5.00 0.00 0.50
14.00 48 48 50 3 160.00 150.00 48 0 0 5.00 0.00 0.50
14.00 48 48 50 3 160.00 150.00 48 0 0 5.00 0.00 0.50
14.00 48 48 50 3 160.00 150.00 48 0 0 5.00 0.00 0.50
14.00 48 48 50 3 160.00 150.00 48 0 0 5.00 0.00 0.50
14.00 48 48 50 3 160.00 150.00 48 0 0 5.00 0.00 0.50
14.00 48 48 50 3 160.00 150.00 48 0 0 5.00 0.00 0.50
14.00 48 48 50 3 160.00 150.00 48 0 0 5.00 0.00 0.50
14.00 48 48 50 3 160.00 150.00 48 0 0 5.00 0.00 0.50
14.00 48 48 50 3 160.00 150.00 48 0 0 5.00 0.00 0.50
14.00 48 48 50 3 160.00 150.00 48 0 0 5.00 0.00 0.50
15.00 48 48 50 3 160.00 150.00 48 0 0 5.00 0.00 0.50
13.00 49 48 50 3 160.00 150.00 48 0 0 5.00 0.00 0.50
14.00 48 48 50 3 160.00 150.00 48 0 0 5.00 0.00 0.50
15.00 48 48 50 3 160.00 150.00 48 0 0 5.00 0.00 0.50
13.00 48 48 50 3 160.00 150.00 48 0 0 5.00 0.00 0.50
14.00 48 48 50 3 160.00 150.00 48 0 0 5.00 0.00 0.50
15.00 48 48 50 3 160.00 150.00 48 0 0 5.00 0.00 0.50
14.00 48 48 50 3 160.00 150.00 48 0 0 5.00 0.00 0.50
13.00 48 48 50 3 160.00 150.00 48 0 0 5.00 0.00 0.50
15.00 48 48 50 3 160.00 150.00 48 0 0 5.00 0.00 0.50
14.00 48 47 50 3 180.36 129.64 47 0 0 5.00 0.00 0.50
13.00 47 47 50 3 162.50 147.50 47 0 0 5.00 0.00 0.50
15.00 48 47 50 3 162.50 147.50 47 0 0 5.00 0.00 0.50
14.00 48 47 50 3 162.50 147.50 47 0 0 5.00 0.00 0.50
14.00 47 47 50 3 162.50 147.50 47 0 0 5.00 0.00 0.50
14.00 48 47 50 3 162.50 147.50 47 0 0 5.00 0.00 0.50
14.00 48 47 50 3 162.50 147.50 47 0 0 5.00 0.00 0.50
14.00 48 46 50 3 182.86 127.14 46 0 0 5.00 0.00 0.50
14.00 48 46 50 3 165.00 145.00 46 0 0 5.00 0.00 0.50
14.00 48 48 50 3 124.29 185.71 48 0 0 5.00 0.00 0.50
14.00 48 47 50 3 180.36 129.64 47 0 0 5.00 0.00 0.50
15.00 47 47 50 3 162.50 147.50 47 0 0 5.00 0.00 0.50
13.00 47 47 50 3 162.50 147.50 47 0 0 5.00 0.00 0.50
14.00 47 47 50 3 162.50 147.50 47 0 0 5.00 0.00 0.50
15.00 47 47 50 3 162.50 147.50 47 0 0 5.00 0.00 0.50
13.00 47 48 50 3 140.77 169.23 48 0 0 5.00 0.00 0.50
14.00 47 47 50 3 180.36 129.64 47 0 0 5.00 0.00 0.50
15.00 47 47 50 3 162.50 147.50 47 0 0 5.00 0.00 0.50
14.00 47 47 50 3 162.50 147.50 47 0 0 5.00 0.00 0.50
13.00 46 48 50 3 140.77 169.23 48 0 0 5.00 0.00 0.50
15.00 46 48 50 3 160.00 150.00 48 0 0 5.00 0.00 0.50
14.00 47 47 50 3 180.36 129.64 47 0 0 5.00 0.00 0.50
13.00 47 47 50 3 162.50 147.50 47 0 0 5.00 0.00 0.50
15.00 47 48 50 3 143.33 166.67 48 0 0 5.00 0.00 0.50
14.00 47 47 50 3 180.36 129.64 47 0 0 5.00 0.00 0.50
14.00 46 47 50 3 162.50 147.50 47 0 0 5.00 0.00 0.50
14.00 46 47 50 3 162.50 147.50 47 0 0 5.00 0.00 0.50
14.00 46 47 50 3 162.50 147.50 47 0 0 5.00 0.00 0.50
14.00 47 47 50 3 162.50 147.50 47 0 0 5.00 0.00 0.50
14.00 46 47 50 3 162.50 147.50 47 0 0 5.00 0.00 0.50
14.00 46 48 50 3 142.14 167.86 48 0 0 5.00 0.00 0.50
14.00 46 48 50 3 160.00 150.00 48 0 0 5.00 0.00 0.50
14.00 46 48 50 3 160.00 150.00 48 0 0 5.00 0.00 0.50
14.00 46 47 50 3 180.36 129.64 47 0 0 5.00 0.00 0.50
14.00 46 48 50 3 142.14 167.86 48 0 0 5.00 0.00 0.50
15.00 46 48 50 3 160.00 150.00 48 0 0 5.00 0.00 0.50
13.00 46 48 50 3 160.00 150.00 48 0 0 5.00 0.00 0.50
14.00 46 48 50 3 160.00 150.00 48 0 0 5.00 0.00 0.50
15.00 46 48 50 3 160.00 150.00 48 0 0 5.00 0.00 0.50
13.00 46 48 50 3 160.00 150.00 48 0 0 5.00 0.00 0.50
14.00 47 48 50 3 160.00 150.00 48 0 0 5.00 0.00 0.50
15.00 46 48 50 3 160.00 150.00 48 0 0 5.00 0.00 0.50
14.00 46 48 50 3 160.00 150.00 48 0 0 5.00 0.00 0.50
13.00 47 48 50 3 160.00 150.00 48 0 0 5.00 0.00 0.50
15.00 46 48 50 3 160.00 150.00 48 0 0 5.00 0.00 0.50
14.00 46 48 50 3 160.00 150.00 48 0 0 5.00 0.00 0.50
13.00 47 49 50 3 138.27 171.73 49 0 0 5.00 0.00 0.50
15.00 46 48 50 3 176.67 133.33 48 0 0 5.00 0.00 0.50
14.00 47 48 50 3 160.00 150.00 48 0 0 5.00 0.00 0.50
14.00 47 49 50 3 139.64 170.36 49 0 0 5.00 0.00 0.50
14.00 47 48 50 3 177.86 132.14 48 0 0 5.00 0.00 0.50
14.00 47 49 50 3 139.64 170.36 49 0 0 5.00 0.00 0.50
14.00 47 49 50 3 157.50 152.50 49 0 0 5.00 0.00 0.50
13.00 47 49 50 3 157.50 152.50 49 0 0 5.00 0.00 0.50
15.00 47 49 50 3 157.50 152.50 49 0 0 5.00 0.00 0.50
14.00 47 49 50 3 157.50 152.50 49 0 0 5.00 0.00 0.50
15.00 47 49 50 3 157.50 152.50 49 0 0 5.00 0.00 0.50
13.00 47 48 50 3 179.23 130.77 48 0 0 5.00 0.00 0.50
14.00 47 48 50 3 160.00 150.00 48 0 0 5.00 0.00 0.50
14.00 47 49 50 3 139.64 170.36 49 0 0 5.00 0.00 0.50
14.00 47 49 50 3 157.50 152.50 49 0 0 5.00 0.00 0.50
14.00 47 49 50 3 157.50 152.50 49 0 0 5.00 0.00 0.50
14.00 47 49 50 3 157.50 152.50 49 0 0 5.00 0.00 0.50
15.00 47 49 50 3 157.50 152.50 49 0 0 5.00 0.00 0.50
13.00 47 49 50 3 157.50 152.50 49 0 0 5.00 0.00 0.50
14.00 47 49 50 3 157.50 152.50 49 0 0 5.00 0.00 0.50
15.00 47 49 50 3 157.50 152.50 49 0 0 5.00 0.00 0.50
13.00 48 49 50 3 157.50 152.50 49 0 0 5.00 0.00 0.50
14.00 47 49 50 3 157.50 152.50 49 0 0 5.00 0.00 0.50
15.00 48 49 50 3 157.50 152.50 49 0 0 5.00 0.00 0.50
14.00 47 49 50 3 157.50 152.50 49 0 0 5.00 0.00 0.50
13.00 48 49 50 3 157.50 152.50 49 0 0 5.00 0.00 0.50
15.00 47 49 50 3 157.50 152.50 49 0 0 5.00 0.00 0.50
14.00 47 49 50 3 157.50 152.50 49 0 0 5.00 0.00 0.50
13.00 47 49 50 3 157.50 152.50 49 0 0 5.00 0.00 0.50
15.00 47 49 50 3 157.50 152.50 49 0 0 5.00 0.00 0.50
14.00 47 50 50 3 137.14 172.86 50 0 0 5.00 0.00 0.50
13.00 47 49 50 3 176.73 133.27 49 0 0 5.00 0.00 0.50
15.00 47 50 50 3 138.33 171.67 50 0 0 5.00 0.00 0.50
14.00 48 50 50 3 155.00 155.00 50 0 0 5.00 0.00 0.50
14.00 48 50 50 3 155.00 155.00 50 0 0 5.00 0.00 0.50
14.00 48 51 50 3 134.64 175.36 51 0 0 5.00 0.00 0.50
14.00 47 50 50 3 172.86 137.14 50 0 0 5.00 0.00 0.50
14.00 47 50 50 3 155.00 155.00 50 0 0 5.00 0.00 0.50
14.00 47 50 50 3 155.00 155.00 50 0 0 5.00 0.00 0.50
14.00 47 50 50 3 155.00 155.00 50 0 0 5.00 0.00 0.50
14.00 47 50 50 3 155.00 155.00 50 0 0 5.00 0.00 0.50
15.00 48 50 50 3 155.00 155.00 50 0 0 5.00 0.00 0.50
13.00 48 50 50 3 155.00 155.00 50 0 0 5.00 0.00 0.50
14.00 47 50 50 3 155.00 155.00 50 0 0 5.00 0.00 0.50
15.00 48 50 50 3 155.00 155.00 50 0 0 5.00 0.00 0.50
13.00 48 51 50 3 133.27 176.73 51 0 0 5.00 0.00 0.50
14.00 48 51 50 3 152.50 157.50 51 0 0 5.00 0.00 0.50
15.00 48 50 50 3 171.67 138.33 50 0 0 5.00 0.00 0.50
14.00 48 50 50 3 155.00 155.00 50 0 0 5.00 0.00 0.50
13.00 47 51 50 3 133.27 176.73 51 0 0 5.00 0.00 0.50
15.00 47 50 50 3 171.67 138.33 50 0 0 5.00 0.00 0.50
14.00 47 51 50 3 134.64 175.36 51 0 0 5.00 0.00 0.50
13.00 48 51 50 3 152.50 157.50 51 0 0 5.00 0.00 0.50
15.00 48 50 50 3 171.67 138.33 50 0 0 5.00 0.00 0.50
14.00 48 50 50 3 155.00 155.00 50 0 0 5.00 0.00 0.50
14.00 49 51 50 3 134.64 175.36 51 0 0 5.00 0.00 0.50
14.00 48 51 50 3 152.50 157.50 51 0 0 5.00 0.00 0.50
14.00 49 50 50 3 172.86 137.14 50 0 0 5.00 0.00 0.50
14.00 48 51 50 3 134.64 175.36 51 0 0 5.00 0.00 0.50
14.00 49 50 50 3 172.86 137.14 50 0 0 5.00 0.00 0.50
14.00 48 51 50 3 134.64 175.36 51 0 0 5.00 0.00 0.50
14.00 49 50 50 3 172.86 137.14 50 0 0 5.00 0.00 0.50
15.00 49 50 50 3 155.00 155.00 50 0 0 5.00 0.00 0.50
13.00 49 50 50 3 155.00 155.00 50 0 0 5.00 0.00 0.50
14.00 48 51 50 3 134.64 175.36 51 0 0 5.00 0.00 0.50
15.00 48 51 50 3 152.50 157.50 51 0 0 5.00 0.00 0.50
13.00 48 51 50 3 152.50 157.50 51 0 0 5.00 0.00 0.50
14.00 49 51 50 3 152.50 157.50 51 0 0 5.00 0.00 0.50
15.00 47 51 50 3 152.50 157.50 51 0 0 5.00 0.00 0.50
13.00 47 51 50 3 152.50 157.50 51 0 0 5.00 0.00 0.50
14.00 49 51 50 3 152.50 157.50 51 0 0 5.00 0.00 0.50
15.00 48 51 50 3 152.50 157.50 51 0 0 5.00 0.00 0.50
14.00 49 51 50 3 152.50 157.50 51 0 0 5.00 0.00 0.50
13.00 48 51 50 3 152.50 157.50 51 0 0 5.00 0.00 0.50
15.00 49 52 50 3 133.33 176.67 52 0 0 5.00 0.00 0.50
14.00 49 51 50 3 170.36 139.64 51 0 0 5.00 0.00 0.50
13.00 49 52 50 3 130.77 179.23 52 0 0 5.00 0.00 0.50
15.00 49 51 50 3 169.17 140.83 51 0 0 5.00 0.00 0.50
14.00 50 51 50 3 152.50 157.50 51 0 0 5.00 0.00 0.50
14.00 50 52 50 3 132.14 177.86 52 0 0 5.00 0.00 0.50
14.00 50 52 50 3 150.00 160.00 52 0 0 5.00 0.00 0.50
14.00 50 52 50 3 150.00 160.00 52 0 0 5.00 0.00 0.50
14.00 49 52 50 3 150.00 160.00 52 0 0 5.00 0.00 0.50
14.00 49 51 50 3 170.36 139.64 51 0 0 5.00 0.00 0.50
14.00 49 52 50 3 132.14 177.86 52 0 0 5.00 0.00 0.50
14.00 49 51 50 3 170.36 139.64 51 0 0 5.00 0.00 0.50
15.00 49 51 50 3 152.50 157.50 51 0 0 5.00 0.00 0.50
13.00 49 52 50 3 130.77 179.23 52 0 0 5.00 0.00 0.50
14.00 49 51 50 3 170.36 139.64 51 0 0 5.00 0.00 0.50
14.00 49 51 50 3 152.50 157.50 51 0 0 5.00 0.00 0.50
14.00 49 51 50 3 152.50 157.50 51 0 0 5.00 0.00 0.50
14.00 50 52 50 3 132.14 177.86 52 0 0 5.00 0.00 0.50
14.00 50 51 50 3 170.36 139.64 51 0 0 5.00 0.00 0.50
15.00 50 51 50 3 152.50 157.50 51 0 0 5.00 0.00 0.50
13.00 50 52 50 3 130.77 179.23 52 0 0 5.00 0.00 0.50
14.00 50 52 50 3 150.00 160.00 52 0 0 5.00 0.00 0.50
15.00 50 51 50 3 169.17 140.83 51 0 0 5.00 0.00 0.50
13.00 51 51 50 3 152.50 157.50 51 0 0 5.00 0.00 0.50
14.00 50 51 50 3 152.50 157.50 51 0 0 5.00 0.00 0.50
15.00 50 51 50 3 152.50 157.50 51 0 0 5.00 0.00 0.50
14.00 50 52 50 3 132.14 177.86 52 0 0 5.00 0.00 0.50
13.00 50 51 50 3 171.73 138.27 51 0 0 5.00 0.00 0.50
15.00 50 51 50 3 152.50 157.50 51 0 0 5.00 0.00 0.50
14.00 50 51 50 3 152.50 157.50 51 0 0 5.00 0.00 0.50
13.00 50 51 50 3 152.50 157.50 51 0 0 5.00 0.00 0.50
15.00 50 51 50 3 152.50 157.50 51 0 0 5.00 0.00 0.50
14.00 50 51 50 3 152.50 157.50 51 0 0 5.00 0.00 0.50
14.00 50 51 50 3 152.50 157.50 51 0 0 5.00 0.00 0.50
14.00 51 52 50 3 132.14 177.86 52 0 0 5.00 0.00 0.50
14.00 50 51 50 3 170.36 139.64 51 0 0 5.00 0.00 0.50
14.00 50 52 50 3 132.14 177.86 52 0 0 5.00 0.00 0.50
14.00 50 51 50 3 170.36 139.64 51 0 0 5.00 0.00 0.50
14.00 50 52 50 3 132.14 177.86 52 0 0 5.00 0.00 0.50
14.00 50 51 50 3 170.36 139.64 51 0 0 5.00 0.00 0.50
14.00 50 52 50 3 132.14 177.86 52 0 0 5.00 0.00 0.50
14.00 50 51 50 3 170.36 139.64 51 0 0 5.00 0.00 0.50
14.00 50 51 50 3 152.50 157.50 51 0 0 5.00 0.00 0.50
15.00 50 52 50 3 133.33 176.67 52 0 0 5.00 0.00 0.50
13.00 50 52 50 3 150.00 160.00 52 0 0 5.00 0.00 0.50
14.00 50 52 50 3 150.00 160.00 52 0 0 5.00 0.00 0.50
15.00 50 52 50 3 150.00 160.00 52 0 0 5.00 0.00 0.50
13.00 51 52 50 3 150.00 160.00 52 0 0 5.00 0.00 0.50
14.00 51 52 50 3 150.00 160.00 52 0 0 5.00 0.00 0.50
15.00 51 52 50 3 150.00 160.00 52 0 0 5.00 0.00 0.50
14.00 51 52 50 3 150.00 160.00 52 0 0 5.00 0.00 0.50
13.00 51 52 50 3 150.00 160.00 52 0 0 5.00 0.00 0.50
15.00 51 52 50 3 150.00 160.00 52 0 0 5.00 0.00 0.50
14.00 51 52 50 3 150.00 160.00 52 0 0 5.00 0.00 0.50
13.00 51 52 50 3 150.00 160.00 52 0 0 5.00 0.00 0.50
15.00 51 52 50 3 150.00 160.00 52 0 0 5.00 0.00 0.50
14.00 51 52 50 3 150.00 160.00 52 0 0 5.00 0.00 0.50
14.00 51 52 50 3 150.00 160.00 52 0 0 5.00 0.00 0.50
14.00 51 52 50 3 150.00 160.00 52 0 0 5.00 0.00 0.50
14.00 51 53 50 3 129.64 180.36 53 0 0 5.00 0.00 0.50
14.00 51 53 50 3 147.50 162.50 53 0 0 5.00 0.00 0.50
14.00 51 52 50 3 167.86 142.14 52 0 0 5.00 0.00 0.50
14.00 51 52 50 3 150.00 160.00 52 0 0 5.00 0.00 0.50
14.00 51 52 50 3 150.00 160.00 52 0 0 5.00 0.00 0.50
15.00 50 52 50 3 150.00 160.00 52 0 0 5.00 0.00 0.50
13.00 50 53 50 3 128.27 181.73 53 0 0 5.00 0.00 0.50
14.00 51 52 50 3 167.86 142.14 52 0 0 5.00 0.00 0.50
15.00 51 52 50 3 150.00 160.00 52 0 0 5.00 0.00 0.50
13.00 50 52 50 3 150.00 160.00 52 0 0 5.00 0.00 0.50
14.00 50 52 50 3 150.00 160.00 52 0 0 5.00 0.00 0.50
15.00 50 52 50 3 150.00 160.00 52 0 0 5.00 0.00 0.50
14.00 50 52 50 3 150.00 160.00 52 0 0 5.00 0.00 0.50
13.00 51 52 50 3 150.00 160.00 52 0 0 5.00 0.00 0.50
15.00 50 52 50 3 150.00 160.00 52 0 0 5.00 0.00 0.50
14.00 50 52 50 3 150.00 160.00 52 0 0 5.00 0.00 0.50
13.00 50 52 50 3 150.00 160.00 52 0 0 5.00 0.00 0.50
15.00 51 52 50 3 150.00 160.00 52 0 0 5.00 0.00 0.50
14.00 51 52 50 3 150.00 160.00 52 0 0 5.00 0.00 0.50
14.00 51 52 50 3 150.00 160.00 52 0 0 5.00 0.00 0.50
14.00 51 52 50 3 150.00 160.00 52 0 0 5.00 0.00 0.50
14.00 51 52 50 3 150.00 160.00 52 0 0 5.00 0.00 0.50
14.00 51 52 50 3 150.00 160.00 52 0 0 5.00 0.00 0.50
14.00 51 52 50 3 150.00 160.00 52 0 0 5.00 0.00 0.50
14.00 52 52 50 3 150.00 160.00 52 0 0 5.00 0.00 0.50
14.00 51 52 50 3 150.00 160.00 52 0 0 5.00 0.00 0.50
14.00 52 52 50 3 150.00 160.00 52 0 0 5.00 0.00 0.50
14.00 52 52 50 3 150.00 160.00 52 0 0 5.00 0.00 0.50
14.00 52 52 50 3 150.00 160.00 52 0 0 5.00 0.00 0.50
15.00 52 52 50 3 150.00 160.00 52 0 0 5.00 0.00 0.50
13.00 52 52 50 3 150.00 160.00 52 0 0 5.00 0.00 0.50
14.00 52 52 50 3 150.00 160.00 52 0 0 5.00 0.00 0.50
15.00 52 52 50 3 150.00 160.00 52 0 0 5.00 0.00 0.50
13.00 52 52 50 3 150.00 160.00 52 0 0 5.00 0.00 0.50
14.00 52 52 50 3 150.00 160.00 52 0 0 5.00 0.00 0.50
14.00 52 52 50 3 150.00 160.00 52 0 0 5.00 0.00 0.50
15.00 52 52 50 3 150.00 160.00 52 0 0 5.00 0.00 0.50
13.00 52 52 50 3 150.00 160.00 52 0 0 5.00 0.00 0.50
14.00 52 52 50 3 150.00 160.00 52 0 0 5.00 0.00 0.50
15.00 52 52 50 3 150.00 160.00 52 0 0 5.00 0.00 0.50
13.00 51 52 50 3 150.00 160.00 52 0 0 5.00 0.00 0.50
14.00 51 52 50 3 150.00 160.00 52 0 0 5.00 0.00 0.50
15.00 52 52 50 3 150.00 160.00 52 0 0 5.00 0.00 0.50
14.00 51 52 50 3 150.00 160.00 52 0 0 5.00 0.00 0.50
13.00 52 52 50 3 150.00 160.00 52 0 0 5.00 0.00 0.50
15.00 52 52 50 3 150.00 160.00 52 0 0 5.00 0.00 0.50
14.00 51 52 50 3 150.00 160.00 52 0 0 5.00 0.00 0.50
13.00 52 52 50 3 150.00 160.00 52 0 0 5.00 0.00 0.50
15.00 52 52 50 3 150.00 160.00 52 0 0 5.00 0.00 0.50
14.00 52 52 50 3 150.00 160.00 52 0 0 5.00 0.00 0.50
14.00 51 52 50 3 150.00 160.00 52 0 0 5.00 0.00 0.50
14.00 52 52 50 3 150.00 160.00 52 0 0 5.00 0.00 0.50
14.00 51 51 50 3 170.36 139.64 51 0 0 5.00 0.00 0.50
14.00 52 52 50 3 132.14 177.86 52 0 0 5.00 0.00 0.50
14.00 52 51 50 3 170.36 139.64 51 0 0 5.00 0.00 0.50
14.00 52 52 50 3 132.14 177.86 52 0 0 5.00 0.00 0.50
14.00 52 51 50 3 170.36 139.64 51 0 0 5.00 0.00 0.50
15.00 51 52 50 3 133.33 176.67 52 0 0 5.00 0.00 0.50
13.00 52 51 50 3 171.73 138.27 51 0 0 5.00 0.00 0.50
14.00 52 51 50 3 152.50 157.50 51 0 0 5.00 0.00 0.50
15.00 52 51 50 3 152.50 157.50 51 0 0 5.00 0.00 0.50
13.00 52 52 50 3 130.77 179.23 52 0 0 5.00 0.00 0.50
14.00 52 52 50 3 150.00 160.00 52 0 0 5.00 0.00 0.50
15.00 52 52 50 3 150.00 160.00 52 0 0 5.00 0.00 0.50
13.00 52 51 50 3 171.73 138.27 51 0 0 5.00 0.00 0.50
14.00 52 52 50 3 132.14 177.86 52 0 0 5.00 0.00 0.50
15.00 52 52 50 3 150.00 160.00 52 0 0 5.00 0.00 0.50
14.00 52 52 50 3 150.00 160.00 52 0 0 5.00 0.00 0.50
13.00 52 51 50 3 171.73 138.27 51 0 0 5.00 0.00 0.50
15.00 52 51 50 3 152.50 157.50 51 0 0 5.00 0.00 0.50
14.00 52 51 50 3 152.50 157.50 51 0 0 5.00 0.00 0.50
13.00 51 51 50 3 152.50 157.50 51 0 0 5.00 0.00 0.50
15.00 51 51 50 3 152.50 157.50 51 0 0 5.00 0.00 0.50
14.00 51 51 50 3 152.50 157.50 51 0 0 5.00 0.00 0.50
14.00 51 52 50 3 132.14 177.86 52 0 0 5.00 0.00 0.50
14.00 51 51 50 3 170.36 139.64 51 0 0 5.00 0.00 0.50
14.00 51 51 50 3 152.50 157.50 51 0 0 5.00 0.00 0.50
14.00 51 51 50 3 152.50 157.50 51 0 0 5.00 0.00 0.50
14.00 51 51 50 3 152.50 157.50 51 0 0 5.00 0.00 0.50
14.00 51 51 50 3 152.50 157.50 51 0 0 5.00 0.00 0.50
14.00 51 51 50 3 152.50 157.50 51 0 0 5.00 0.00 0.50
15.00 51 51 50 3 152.50 157.50 51 0 0 5.00 0.00 0.50
13.00 51 52 50 3 130.77 179.23 52 0 0 5.00 0.00 0.50
14.00 51 51 50 3 170.36 139.64 51 0 0 5.00 0.00 0.50
15.00 51 51 50 3 152.50 157.50 51 0 0 5.00 0.00 0.50
13.00 51 51 50 3 152.50 157.50 51 0 0 5.00 0.00 0.50
14.00 51 51 50 3 152.50 157.50 51 0 0 5.00 0.00 0.50
15.00 51 51 50 3 152.50 157.50 51 0 0 5.00 0.00 0.50
14.00 51 51 50 3 152.50 157.50 51 0 0 5.00 0.00 0.50
13.00 51 51 50 3 152.50 157.50 51 0 0 5.00 0.00 0.50
15.00 51 51 50 3 152.50 157.50 51 0 0 5.00 0.00 0.50
14.00 51 51 50 3 152.50 157.50 51 0 0 5.00 0.00 0.50
13.00 51 51 50 3 152.50 157.50 51 0 0 5.00 0.00 0.50
15.00 51 51 50 3 152.50 157.50 51 0 0 5.00 0.00 0.50
14.00 51 51 50 3 152.50 157.50 51 0 0 5.00 0.00 0.50
14.00 51 51 50 3 152.50 157.50 51 0 0 5.00 0.00 0.50
14.00 51 51 50 3 152.50 157.50 51 0 0 5.00 0.00 0.50
14.00 51 51 50 3 152.50 157.50 51 0 0 5.00 0.00 0.50
14.00 51 51 50 3 152.50 157.50 51 0 0 5.00 0.00 0.50
14.00 51 51 50 3 152.50 157.50 51 0 0 5.00 0.00 0.50
14.00 50 50 50 3 172.86 137.14 50 0 0 5.00 0.00 0.50
14.00 50 50 50 3 155.00 155.00 50 0 0 5.00 0.00 0.50
15.00 51 51 50 3 135.83 174.17 51 0 0 5.00 0.00 0.50
13.00 51 51 50 3 152.50 157.50 51 0 0 5.00 0.00 0.50
14.00 50 51 50 3 152.50 157.50 51 0 0 5.00 0.00 0.50
15.00 51 51 50 3 152.50 157.50 51 0 0 5.00 0.00 0.50
13.00 50 50 50 3 174.23 135.77 50 0 0 5.00 0.00 0.50
14.00 51 51 50 3 134.64 175.36 51 0 0 5.00 0.00 0.50
15.00 50 50 50 3 171.67 138.33 50 0 0 5.00 0.00 0.50
13.00 51 51 50 3 133.27 176.73 51 0 0 5.00 0.00 0.50
14.00 51 51 50 3 152.50 157.50 51 0 0 5.00 0.00 0.50
14.00 51 50 50 3 172.86 137.14 50 0 0 5.00 0.00 0.50
15.00 50 50 50 3 155.00 155.00 50 0 0 5.00 0.00 0.50
13.00 51 50 50 3 155.00 155.00 50 0 0 5.00 0.00 0.50
14.00 51 50 50 3 155.00 155.00 50 0 0 5.00 0.00 0.50
15.00 51 50 50 3 155.00 155.00 50 0 0 5.00 0.00 0.50
13.00 50 50 50 3 155.00 155.00 50 0 0 5.00 0.00 0.50
14.00 50 50 50 3 155.00 155.00 50 0 0 5.00 0.00 0.50
15.00 50 50 50 3 155.00 155.00 50 0 0 5.00 0.00 0.50
14.00 50 49 50 3 175.36 134.64 49 0 0 5.00 0.00 0.50
13.00 50 49 50 3 157.50 152.50 49 0 0 5.00 0.00 0.50
15.00 50 49 50 3 157.50 152.50 49 0 0 5.00 0.00 0.50
14.00 51 49 50 3 157.50 152.50 49 0 0 5.00 0.00 0.50
13.00 50 49 50 3 157.50 152.50 49 0 0 5.00 0.00 0.50
15.00 50 50 50 3 138.33 171.67 50 0 0 5.00 0.00 0.50
14.00 50 49 50 3 175.36 134.64 49 0 0 5.00 0.00 0.50
14.00 50 49 50 3 157.50 152.50 49 0 0 5.00 0.00 0.50
14.00 50 50 50 3 137.14 172.86 50 0 0 5.00 0.00 0.50
14.00 51 49 50 3 175.36 134.64 49 0 0 5.00 0.00 0.50
14.00 50 49 50 3 157.50 152.50 49 0 0 5.00 0.00 0.50
14.00 50 49 50 3 157.50 152.50 49 0 0 5.00 0.00 0.50
14.00 50 49 50 3 157.50 152.50 49 0 0 5.00 0.00 0.50
14.00 50 49 50 3 157.50 152.50 49 0 0 5.00 0.00 0.50
15.00 50 49 50 3 157.50 152.50 49 0 0 5.00 0.00 0.50
13.00 50 50 50 3 135.77 174.23 50 0 0 5.00 0.00 0.50
14.00 50 49 50 3 175.36 134.64 49 0 0 5.00 0.00 0.50
15.00 50 49 50 3 157.50 152.50 49 0 0 5.00 0.00 0.50
13.00 50 50 50 3 135.77 174.23 50 0 0 5.00 0.00 0.50
14.00 51 50 50 3 155.00 155.00 50 0 0 5.00 0.00 0.50
15.00 51 49 50 3 174.17 135.83 49 0 0 5.00 0.00 0.50
14.00 51 49 50 3 157.50 152.50 49 0 0 5.00 0.00 0.50
13.00 49 49 50 3 157.50 152.50 49 0 0 5.00 0.00 0.50
15.00 50 50 50 3 138.33 171.67 50 0 0 5.00 0.00 0.50
14.00 50 50 50 3 155.00 155.00 50 0 0 5.00 0.00 0.50
13.00 49 49 50 3 176.73 133.27 49 0 0 5.00 0.00 0.50
15.00 49 49 50 3 157.50 152.50 49 0 0 5.00 0.00 0.50
14.00 49 49 50 3 157.50 152.50 49 0 0 5.00 0.00 0.50
14.00 48 49 50 3 157.50 152.50 49 0 0 5.00 0.00 0.50
14.00 49 49 50 3 157.50 152.50 49 0 0 5.00 0.00 0.50
14.00 49 50 50 3 137.14 172.86 50 0 0 5.00 0.00 0.50
14.00 49 49 50 3 175.36 134.64 49 0 0 5.00 0.00 0.50
14.00 49 50 50 3 137.14 172.86 50 0 0 5.00 0.00 0.50
14.00 48 49 50 3 175.36 134.64 49 0 0 5.00 0.00 0.50
14.00 49 49 50 3 157.50 152.50 49 0 0 5.00 0.00 0.50
14.00 49 49 50 3 157.50 152.50 49 0 0 5.00 0.00 0.50
14.00 49 49 50 3 157.50 152.50 49 0 0 5.00 0.00 0.50
14.00 49 49 50 3 157.50 152.50 49 0 0 5.00 0.00 0.50
15.00 49 49 50 3 157.50 152.50 49 0 0 5.00 0.00 0.50
13.00 49 50 50 3 135.77 174.23 50 0 0 5.00 0.00 0.50
14.00 49 49 50 3 175.36 134.64 49 0 0 5.00 0.00 0.50
15.00 49 49 50 3 157.50 152.50 49 0 0 5.00 0.00 0.50
13.00 49 50 50 3 135.77 174.23 50 0 0 5.00 0.00 0.50
14.00 49 50 50 3 155.00 155.00 50 0 0 5.00 0.00 0.50
15.00 49 50 50 3 155.00 155.00 50 0 0 5.00 0.00 0.50
14.00 49 50 50 3 155.00 155.00 50 0 0 5.00 0.00 0.50
13.00 49 50 50 3 155.00 155.00 50 0 0 5.00 0.00 0.50
15.00 49 50 50 3 155.00 155.00 50 0 0 5.00 0.00 0.50
14.00 49 50 50 3 155.00 155.00 50 0 0 5.00 0.00 0.50
13.00 49 49 50 3 176.73 133.27 49 0 0 5.00 0.00 0.50
15.00 49 49 50 3 157.50 152.50 49 0 0 5.00 0.00 0.50
14.00 49 50 50 3 137.14 172.86 50 0 0 5.00 0.00 0.50
14.00 49 50 50 3 155.00 155.00 50 0 0 5.00 0.00 0.50
14.00 49 50 50 3 155.00 155.00 50 0 0 5.00 0.00 0.50
14.00 49 50 50 3 155.00 155.00 50 0 0 5.00 0.00 0.50
14.00 49 50 50 3 155.00 155.00 50 0 0 5.00 0.00 0.50
14.00 49 50 50 3 155.00 155.00 50 0 0 5.00 0.00 0.50
14.00 49 50 50 3 155.00 155.00 50 0 0 5.00 0.00 0.50
14.00 49 50 50 3 155.00 155.00 50 0 0 5.00 0.00 0.50
15.00 49 50 50 3 155.00 155.00 50 0 0 5.00 0.00 0.50
13.00 49 50 50 3 155.00 155.00 50 0 0 5.00 0.00 0.50
14.00 49 50 50 3 155.00 155.00 50 0 0 5.00 0.00 0.50
15.00 49 49 50 3 174.17 135.83 49 0 0 5.00 0.00 0.50
13.00 49 49 50 3 157.50 152.50 49 0 0 5.00 0.00 0.50
14.00 49 49 50 3 157.50 152.50 49 0 0 5.00 0.00 0.50
15.00 50 50 50 3 138.33 171.67 50 0 0 5.00 0.00 0.50
14.00 49 50 50 3 155.00 155.00 50 0 0 5.00 0.00 0.50
13.00 49 50 50 3 155.00 155.00 50 0 0 5.00 0.00 0.50
15.00 49 50 50 3 155.00 155.00 50 0 0 5.00 0.00 0.50
14.00 49 50 50 3 155.00 155.00 50 0 0 5.00 0.00 0.50
13.00 49 50 50 3 155.00 155.00 50 0 0 5.00 0.00 0.50
14.00 49 50 50 3 155.00 155.00 50 0 0 5.00 0.00 0.50
15.00 49 50 50 3 155.00 155.00 50 0 0 5.00 0.00 0.50
13.00 50 50 50 3 155.00 155.00 50 0 0 5.00 0.00 0.50
14.00 49 50 50 3 155.00 155.00 50 0 0 5.00 0.00 0.50
15.00 49 50 50 3 155.00 155.00 50 0 0 5.00 0.00 0.50
14.00 49 50 50 3 155.00 155.00 50 0 0 5.00 0.00 0.50
13.00 49 50 50 3 155.00 155.00 50 0 0 5.00 0.00 0.50
15.00 49 50 50 3 155.00 155.00 50 0 0 5.00 0.00 0.50
14.00 49 49 50 3 175.36 134.64 49 0 0 5.00 0.00 0.50
13.00 49 49 50 3 157.50 152.50 49 0 0 5.00 0.00 0.50
15.00 49 49 50 3 157.50 152.50 49 0 0 5.00 0.00 0.50
14.00 49 49 50 3 157.50 152.50 49 0 0 5.00 0.00 0.50
14.00 49 49 50 3 157.50 152.50 49 0 0 5.00 0.00 0.50
14.00 49 49 50 3 157.50 152.50 49 0 0 5.00 0.00 0.50
14.00 49 50 50 3 137.14 172.86 50 0 0 5.00 0.00 0.50
14.00 49 49 50 3 175.36 134.64 49 0 0 5.00 0.00 0.50
14.00 49 49 50 3 157.50 152.50 49 0 0 5.00 0.00 0.50
14.00 49 49 50 3 157.50 152.50 49 0 0 5.00 0.00 0.50
14.00 49 50 50 3 137.14 172.86 50 0 0 5.00 0.00 0.50
15.00 49 49 50 3 174.17 135.83 49 0 0 5.00 0.00 0.50
13.00 49 49 50 3 157.50 152.50 49 0 0 5.00 0.00 0.50
14.00 49 50 50 3 137.14 172.86 50 0 0 5.00 0.00 0.50
15.00 49 49 50 3 174.17 135.83 49 0 0 5.00 0.00 0.50
13.00 49 49 50 3 157.50 152.50 49 0 0 5.00 0.00 0.50
14.00 49 49 50 3 157.50 152.50 49 0 0 5.00 0.00 0.50
15.00 49 49 50 3 157.50 152.50 49 0 0 5.00 0.00 0.50
14.00 49 49 50 3 157.50 152.50 49 0 0 5.00 0.00 0.50
13.00 49 49 50 3 157.50 152.50 49 0 0 5.00 0.00 0.50
15.00 49 50 50 3 138.33 171.67 50 0 0 5.00 0.00 0.50
14.00 49 50 50 3 155.00 155.00 50 0 0 5.00 0.00 0.50
13.00 49 49 50 3 176.73 133.27 49 0 0 5.00 0.00 0.50
15.00 49 49 50 3 157.50 152.50 49 0 0 5.00 0.00 0.50
14.00 49 49 50 3 157.50 152.50 49 0 0 5.00 0.00 0.50
14.00 49 49 50 3 157.50 152.50 49 0 0 5.00 0.00 0.50
14.00 49 49 50 3 157.50 152.50 49 0 0 5.00 0.00 0.50
14.00 49 49 50 3 157.50 152.50 49 0 0 5.00 0.00 0.50
14.00 49 49 50 3 157.50 152.50 49 0 0 5.00 0.00 0.50
14.00 49 49 50 3 157.50 152.50 49 0 0 5.00 0.00 0.50
14.00 49 49 50 3 157.50 152.50 49 0 0 5.00 0.00 0.50
14.00 49 50 50 3 137.14 172.86 50 0 0 5.00 0.00 0.50
15.00 49 49 50 3 174.17 135.83 49 0 0 5.00 0.00 0.50
13.00 49 50 50 3 135.77 174.23 50 0 0 5.00 0.00 0.50
14.00 49 49 50 3 175.36 134.64 49 0 0 5.00 0.00 0.50
15.00 49 49 50 3 157.50 152.50 49 0 0 5.00 0.00 0.50
13.00 49 49 50 3 157.50 152.50 49 0 0 5.00 0.00 0.50
14.00 49 49 50 3 157.50 152.50 49 0 0 5.00 0.00 0.50
15.00 49 49 50 3 157.50 152.50 49 0 0 5.00 0.00 0.50
13.00 49 49 50 3 157.50 152.50 49 0 0 5.00 0.00 0.50
14.00 49 49 50 3 157.50 152.50 49 0 0 5.00 0.00 0.50
15.00 49 49 50 3 157.50 152.50 49 0 0 5.00 0.00 0.50
14.00 49 49 50 3 157.50 152.50 49 0 0 5.00 0.00 0.50
13.00 48 50 50 3 135.77 174.23 50 0 0 5.00 0.00 0.50
15.00 49 49 50 3 174.17 135.83 49 0 0 5.00 0.00 0.50
14.00 49 49 50 3 157.50 152.50 49 0 0 5.00 0.00 0.50
13.00 49 49 50 3 157.50 152.50 49 0 0 5.00 0.00 0.50
15.00 49 49 50 3 157.50 152.50 49 0 0 5.00 0.00 0.50
14.00 48 49 50 3 157.50 152.50 49 0 0 5.00 0.00 0.50
14.00 49 49 50 3 157.50 152.50 49 0 0 5.00 0.00 0.50
14.00 49 50 50 3 137.14 172.86 50 0 0 5.00 0.00 0.50
14.00 48 49 50 3 175.36 134.64 49 0 0 5.00 0.00 0.50
14.00 49 49 50 3 157.50 152.50 49 0 0 5.00 0.00 0.50
14.00 49 49 50 3 157.50 152.50 49 0 0 5.00 0.00 0.50
14.00 48 50 50 3 137.14 172.86 50 0 0 5.00 0.00 0.50
14.00 49 50 50 3 155.00 155.00 50 0 0 5.00 0.00 0.50
15.00 49 50 50 3 155.00 155.00 50 0 0 5.00 0.00 0.50
13.00 48 50 50 3 155.00 155.00 50 0 0 5.00 0.00 0.50
14.00 48 50 50 3 155.00 155.00 50 0 0 5.00 0.00 0.50
15.00 48 49 50 3 174.17 135.83 49 0 0 5.00 0.00 0.50
13.00 48 49 50 3 157.50 152.50 49 0 0 5.00 0.00 0.50
14.00 48 50 50 3 137.14 172.86 50 0 0 5.00 0.00 0.50
15.00 48 49 50 3 174.17 135.83 49 0 0 5.00 0.00 0.50
14.00 49 49 50 3 157.50 152.50 49 0 0 5.00 0.00 0.50
13.00 48 49 50 3 157.50 152.50 49 0 0 5.00 0.00 0.50
15.00 48 50 50 3 138.33 171.67 50 0 0 5.00 0.00 0.50
14.00 48 50 50 3 155.00 155.00 50 0 0 5.00 0.00 0.50
13.00 49 50 50 3 155.00 155.00 50 0 0 5.00 0.00 0.50
14.00 49 50 50 3 155.00 155.00 50 0 0 5.00 0.00 0.50
15.00 49 50 50 3 155.00 155.00 50 0 0 5.00 0.00 0.50
14.00 49 50 50 3 155.00 155.00 50 0 0 5.00 0.00 0.50
13.00 49 50 50 3 155.00 155.00 50 0 0 5.00 0.00 0.50
15.00 49 49 50 3 174.17 135.83 49 0 0 5.00 0.00 0.50
14.00 49 50 50 3 137.14 172.86 50 0 0 5.00 0.00 0.50
13.00 48 49 50 3 176.73 133.27 49 0 0 5.00 0.00 0.50
15.00 48 49 50 3 157.50 152.50 49 0 0 5.00 0.00 0.50
14.00 49 50 50 3 137.14 172.86 50 0 0 5.00 0.00 0.50
14.00 48 50 50 3 155.00 155.00 50 0 0 5.00 0.00 0.50
14.00 49 49 50 3 175.36 134.64 49 0 0 5.00 0.00 0.50
14.00 49 49 50 3 157.50 152.50 49 0 0 5.00 0.00 0.50
14.00 49 49 50 3 157.50 152.50 49 0 0 5.00 0.00 0.50
14.00 49 49 50 3 157.50 152.50 49 0 0 5.00 0.00 0.50
14.00 49 49 50 3 157.50 152.50 49 0 0 5.00 0.00 0.50
14.00 49 49 50 3 157.50 152.50 49 0 0 5.00 0.00 0.50
14.00 48 50 50 3 137.14 172.86 50 0 0 5.00 0.00 0.50
14.00 49 49 50 3 175.36 134.64 49 0 0 5.00 0.00 0.50
14.00 49 49 50 3 157.50 152.50 49 0 0 5.00 0.00 0.50
15.00 49 50 50 3 138.33 171.67 50 0 0 5.00 0.00 0.50
13.00 49 49 50 3 176.73 133.27 49 0 0 5.00 0.00 0.50
14.00 48 50 50 3 137.14 172.86 50 0 0 5.00 0.00 0.50
15.00 48 49 50 3 174.17 135.83 49 0 0 5.00 0.00 0.50
13.00 48 50 50 3 135.77 174.23 50 0 0 5.00 0.00 0.50
14.00 48 50 50 3 155.00 155.00 50 0 0 5.00 0.00 0.50
15.00 48 50 50 3 155.00 155.00 50 0 0 5.00 0.00 0.50
14.00 49 50 50 3 155.00 155.00 50 0 0 5.00 0.00 0.50
13.00 49 50 50 3 155.00 155.00 50 0 0 5.00 0.00 0.50
15.00 48 50 50 3 155.00 155.00 50 0 0 5.00 0.00 0.50
14.00 49 50 50 3 155.00 155.00 50 0 0 5.00 0.00 0.50
13.00 49 50 50 3 155.00 155.00 50 0 0 5.00 0.00 0.50
15.00 49 50 50 3 155.00 155.00 50 0 0 5.00 0.00 0.50
14.00 49 50 50 3 155.00 155.00 50 0 0 5.00 0.00 0.50
14.00 49 50 50 3 155.00 155.00 50 0 0 5.00 0.00 0.50
14.00 49 50 50 3 155.00 155.00 50 0 0 5.00 0.00 0.50
14.00 48 50 50 3 155.00 155.00 50 0 0 5.00 0.00 0.50
14.00 49 50 50 3 155.00 155.00 50 0 0 5.00 0.00 0.50
14.00 49 50 50 3 155.00 155.00 50 0 0 5.00 0.00 0.50
14.00 49 50 50 3 155.00 155.00 50 0 0 5.00 0.00 0.50
14.00 49 50 50 3 155.00 155.00 50 0 0 5.00 0.00 0.50
15.00 49 50 50 3 155.00 155.00 50 0 0 5.00 0.00 0.50
13.00 49 50 50 3 155.00 155.00 50 0 0 5.00 0.00 0.50
14.00 49 50 50 3 155.00 155.00 50 0 0 5.00 0.00 0.50
15.00 49 50 50 3 155.00 155.00 50 0 0 5.00 0.00 0.50
13.00 50 50 50 3 155.00 155.00 50 0 0 5.00 0.00 0.50
14.00 49 50 50 3 155.00 155.00 50 0 0 5.00 0.00 0.50
15.00 49 50 50 3 155.00 155.00 50 0 0 5.00 0.00 0.50
14.00 49 50 50 3 155.00 155.00 50 0 0 5.00 0.00 0.50
13.00 49 50 50 3 155.00 155.00 50 0 0 5.00 0.00 0.50
15.00 49 50 50 3 155.00 155.00 50 0 0 5.00 0.00 0.50
14.00 50 50 50 3 155.00 155.00 50 0 0 5.00 0.00 0.50
13.00 49 50 50 3 155.00 155.00 50 0 0 5.00 0.00 0.50
15.00 49 50 50 3 155.00 155.00 50 0 0 5.00 0.00 0.50
14.00 49 50 50 3 155.00 155.00 50 0 0 5.00 0.00 0.50
13.00 50 51 50 3 133.27 176.73 51 0 0 5.00 0.00 0.50
15.00 49 50 50 3 171.67 138.33 50 0 0 5.00 0.00 0.50
14.00 49 50 50 3 155.00 155.00 50 0 0 5.00 0.00 0.50
14.00 50 51 50 3 134.64 175.36 51 0 0 5.00 0.00 0.50
14.00 49 50 50 3 172.86 137.14 50 0 0 5.00 0.00 0.50
14.00 49 50 50 3 155.00 155.00 50 0 0 5.00 0.00 0.50
14.00 50 50 50 3 155.00 155.00 50 0 0 5.00 0.00 0.50
14.00 49 50 50 3 155.00 155.00 50 0 0 5.00 0.00 0.50
14.00 49 50 50 3 155.00 155.00 50 0 0 5.00 0.00 0.50
14.00 50 50 50 3 155.00 155.00 50 0 0 5.00 0.00 0.50
15.00 50 50 50 3 155.00 155.00 50 0 0 5.00 0.00 0.50
13.00 49 50 50 3 155.00 155.00 50 0 0 5.00 0.00 0.50
14.00 50 51 50 3 134.64 175.36 51 0 0 5.00 0.00 0.50
15.00 49 50 50 3 171.67 138.33 50 0 0 5.00 0.00 0.50
13.00 49 50 50 3 155.00 155.00 50 0 0 5.00 0.00 0.50
14.00 49 50 50 3 155.00 155.00 50 0 0 5.00 0.00 0.50
15.00 49 50 50 3 155.00 155.00 50 0 0 5.00 0.00 0.50
14.00 49 50 50 3 155.00 155.00 50 0 0 5.00 0.00 0.50
13.00 49 51 50 3 133.27 176.73 51 0 0 5.00 0.00 0.50
15.00 49 50 50 3 171.67 138.33 50 0 0 5.00 0.00 0.50
14.00 49 50 50 3 155.00 155.00 50 0 0 5.00 0.00 0.50
13.00 49 50 50 3 155.00 155.00 50 0 0 5.00 0.00 0.50
15.00 49 50 50 3 155.00 155.00 50 0 0 5.00 0.00 0.50
14.00 50 51 50 3 134.64 175.36 51 0 0 5.00 0.00 0.50
14.00 50 51 50 3 152.50 157.50 51 0 0 5.00 0.00 0.50
13.00 50 51 50 3 152.50 157.50 51 0 0 5.00 0.00 0.50
15.00 50 50 50 3 171.67 138.33 50 0 0 5.00 0.00 0.50
14.00 50 51 50 3 134.64 175.36 51 0 0 5.00 0.00 0.50
13.00 50 51 50 3 152.50 157.50 51 0 0 5.00 0.00 0.50
15.00 50 51 50 3 152.50 157.50 51 0 0 5.00 0.00 0.50
14.00 50 51 50 3 152.50 157.50 51 0 0 5.00 0.00 0.50
14.00 49 51 50 3 152.50 157.50 51 0 0 5.00 0.00 0.50
14.00 50 51 50 3 152.50 157.50 51 0 0 5.00 0.00 0.50
14.00 50 51 50 3 152.50 157.50 51 0 0 5.00 0.00 0.50
14.00 50 51 50 3 152.50 157.50 51 0 0 5.00 0.00 0.50
14.00 50 51 50 3 152.50 157.50 51 0 0 5.00 0.00 0.50
14.00 50 51 50 3 152.50 157.50 51 0 0 5.00 0.00 0.50
14.00 49 51 50 3 152.50 157.50 51 0 0 5.00 0.00 0.50
15.00 50 51 50 3 152.50 157.50 51 0 0 5.00 0.00 0.50
13.00 49 51 50 3 152.50 157.50 51 0 0 5.00 0.00 0.50
14.00 50 51 50 3 152.50 157.50 51 0 0 5.00 0.00 0.50
15.00 49 51 50 3 152.50 157.50 51 0 0 5.00 0.00 0.50
13.00 50 51 50 3 152.50 157.50 51 0 0 5.00 0.00 0.50
14.00 49 51 50 3 152.50 157.50 51 0 0 5.00 0.00 0.50
15.00 50 51 50 3 152.50 157.50 51 0 0 5.00 0.00 0.50
13.00 50 51 50 3 152.50 157.50 51 0 0 5.00 0.00 0.50
14.00 49 51 50 3 152.50 157.50 51 0 0 5.00 0.00 0.50
15.00 50 51 50 3 152.50 157.50 51 0 0 5.00 0.00 0.50
14.00 49 50 50 3 172.86 137.14 50 0 0 5.00 0.00 0.50
13.00 50 50 50 3 155.00 155.00 50 0 0 5.00 0.00 0.50
15.00 49 51 50 3 135.83 174.17 51 0 0 5.00 0.00 0.50
14.00 50 51 50 3 152.50 157.50 51 0 0 5.00 0.00 0.50
13.00 50 50 50 3 174.23 135.77 50 0 0 5.00 0.00 0.50
15.00 50 51 50 3 135.83 174.17 51 0 0 5.00 0.00 0.50
14.00 50 50 50 3 172.86 137.14 50 0 0 5.00 0.00 0.50
14.00 50 51 50 3 134.64 175.36 51 0 0 5.00 0.00 0.50
14.00 50 51 50 3 152.50 157.50 51 0 0 5.00 0.00 0.50
14.00 50 50 50 3 172.86 137.14 50 0 0 5.00 0.00 0.50
14.00 51 50 50 3 155.00 155.00 50 0 0 5.00 0.00 0.50
14.00 50 50 50 3 155.00 155.00 50 0 0 5.00 0.00 0.50
14.00 50 50 50 3 155.00 155.00 50 0 0 5.00 0.00 0.50
14.00 50 50 50 3 155.00 155.00 50 0 0 5.00 0.00 0.50
15.00 50 50 50 3 155.00 155.00 50 0 0 5.00 0.00 0.50
13.00 51 51 50 3 133.27 176.73 51 0 0 5.00 0.00 0.50
14.00 50 50 50 3 172.86 137.14 50 0 0 5.00 0.00 0.50
15.00 50 51 50 3 135.83 174.17 51 0 0 5.00 0.00 0.50
13.00 50 50 50 3 174.23 135.77 50 0 0 5.00 0.00 0.50
14.00 49 50 50 3 155.00 155.00 50 0 0 5.00 0.00 0.50
15.00 49 50 50 3 155.00 155.00 50 0 0 5.00 0.00 0.50
14.00 50 50 50 3 155.00 155.00 50 0 0 5.00 0.00 0.50
13.00 49 51 50 3 133.27 176.73 51 0 0 5.00 0.00 0.50
15.00 50 51 50 3 152.50 157.50 51 0 0 5.00 0.00 0.50
14.00 49 51 50 3 152.50 157.50 51 0 0 5.00 0.00 0.50
13.00 49 51 50 3 152.50 157.50 51 0 0 5.00 0.00 0.50
15.00 49 50 50 3 171.67 138.33 50 0 0 5.00 0.00 0.50
14.00 50 50 50 3 155.00 155.00 50 0 0 5.00 0.00 0.50
14.00 50 51 50 3 134.64 175.36 51 0 0 5.00 0.00 0.50
14.00 50 50 50 3 172.86 137.14 50 0 0 5.00 0.00 0.50
14.00 50 50 50 3 155.00 155.00 50 0 0 5.00 0.00 0.50
14.00 50 50 50 3 155.00 155.00 50 0 0 5.00 0.00 0.50
14.00 50 51 50 3 134.64 175.36 51 0 0 5.00 0.00 0.50
14.00 50 50 50 3 172.86 137.14 50 0 0 5.00 0.00 0.50
14.00 50 50 50 3 155.00 155.00 50 0 0 5.00 0.00 0.50
15.00 50 50 50 3 155.00 155.00 50 0 0 5.00 0.00 0.50
13.00 50 51 50 3 133.27 176.73 51 0 0 5.00 0.00 0.50
14.00 50 51 50 3 152.50 157.50 51 0 0 5.00 0.00 0.50
15.00 49 51 50 3 152.50 157.50 51 0 0 5.00 0.00 0.50
13.00 50 51 50 3 152.50 157.50 51 0 0 5.00 0.00 0.50
14.00 50 51 50 3 152.50 157.50 51 0 0 5.00 0.00 0.50
15.00 50 51 50 3 152.50 157.50 51 0 0 5.00 0.00 0.50
13.00 50 51 50 3 152.50 157.50 51 0 0 5.00 0.00 0.50
14.00 49 51 50 3 152.50 157.50 51 0 0 5.00 0.00 0.50
15.00 49 51 50 3 152.50 157.50 51 0 0 5.00 0.00 0.50
14.00 50 51 50 3 152.50 157.50 51 0 0 5.00 0.00 0.50
13.00 50 51 50 3 152.50 157.50 51 0 0 5.00 0.00 0.50
15.00 51 51 50 3 152.50 157.50 51 0 0 5.00 0.00 0.50
14.00 50 51 50 3 152.50 157.50 51 0 0 5.00 0.00 0.50
13.00 49 51 50 3 152.50 157.50 51 0 0 5.00 0.00 0.50
15.00 50 51 50 3 152.50 157.50 51 0 0 5.00 0.00 0.50
14.00 50 51 50 3 152.50 157.50 51 0 0 5.00 0.00 0.50
14.00 50 51 50 3 152.50 157.50 51 0 0 5.00 0.00 0.50
13.00 50 51 50 3 152.50 157.50 51 0 0 5.00 0.00 0.50
15.00 50 51 50 3 152.50 157.50 51 0 0 5.00 0.00 0.50
14.00 50 51 50 3 152.50 157.50 51 0 0 5.00 0.00 0.50
13.00 50 51 50 3 152.50 157.50 51 0 0 5.00 0.00 0.50
15.00 50 51 50 3 152.50 157.50 51 0 0 5.00 0.00 0.50
14.00 50 51 50 3 152.50 157.50 51 0 0 5.00 0.00 0.50
14.00 50 51 50 3 152.50 157.50 51 0 0 5.00 0.00 0.50
14.00 50 51 50 3 152.50 157.50 51 0 0 5.00 0.00 0.50
14.00 50 51 50 3 152.50 157.50 51 0 0 5.00 0.00 0.50
14.00 50 51 50 3 152.50 157.50 51 0 0 5.00 0.00 0.50
14.00 50 51 50 3 152.50 157.50 51 0 0 5.00 0.00 0.50
14.00 50 51 50 3 152.50 157.50 51 0 0 5.00 0.00 0.50
14.00 49 51 50 3 152.50 157.50 51 0 0 5.00 0.00 0.50
15.00 49 51 50 3 152.50 157.50 51 0 0 5.00 0.00 0.50
13.00 47 51 50 3 152.50 157.50 51 0 0 5.00 0.00 0.50
14.00 49 51 50 3 152.50 157.50 51 0 0 5.00 0.00 0.50
15.00 49 51 50 3 152.50 157.50 51 0 0 5.00 0.00 0.50
13.00 49 51 50 3 152.50 157.50 51 0 0 5.00 0.00 0.50
14.00 50 51 50 3 152.50 157.50 51 0 0 5.00 0.00 0.50
15.00 50 51 50 3 152.50 157.50 51 0 0 5.00 0.00 0.50
14.00 50 51 50 3 152.50 157.50 51 0 0 5.00 0.00 0.50
13.00 50 51 50 3 152.50 157.50 51 0 0 5.00 0.00 0.50
15.00 50 51 50 3 152.50 157.50 51 0 0 5.00 0.00 0.50
14.00 50 51 50 3 152.50 157.50 51 0 0 5.00 0.00 0.50
13.00 50 51 50 3 152.50 157.50 51 0 0 5.00 0.00 0.50
15.00 50 51 50 3 152.50 157.50 51 0 0 5.00 0.00 0.50
14.00 49 51 50 3 152.50 157.50 51 0 0 5.00 0.00 0.50
13.00 50 51 50 3 152.50 157.50 51 0 0 5.00 0.00 0.50
15.00 50 51 50 3 152.50 157.50 51 0 0 5.00 0.00 0.50
14.00 50 51 50 3 152.50 157.50 51 0 0 5.00 0.00 0.50
14.00 50 51 50 3 152.50 157.50 51 0 0 5.00 0.00 0.50
14.00 50 51 50 3 152.50 157.50 51 0 0 5.00 0.00 0.50
14.00 50 51 50 3 152.50 157.50 51 0 0 5.00 0.00 0.50
14.00 50 51 50 3 152.50 157.50 51 0 0 5.00 0.00 0.50
14.00 50 51 50 3 152.50 157.50 51 0 0 5.00 0.00 0.50
14.00 50 51 50 3 152.50 157.50 51 0 0 5.00 0.00 0.50
14.00 49 51 50 3 152.50 157.50 51 0 0 5.00 0.00 0.50
15.00 50 51 50 3 152.50 157.50 51 0 0 5.00 0.00 0.50
13.00 50 51 50 3 152.50 157.50 51 0 0 5.00 0.00 0.50
14.00 50 51 50 3 152.50 157.50 51 0 0 5.00 0.00 0.50
15.00 50 51 50 3 152.50 157.50 51 0 0 5.00 0.00 0.50
13.00 50 51 50 3 152.50 157.50 51 0 0 5.00 0.00 0.50
14.00 50 51 50 3 152.50 157.50 51 0 0 5.00 0.00 0.50
15.00 50 51 50 3 152.50 157.50 51 0 0 5.00 0.00 0.50
14.00 50 51 50 3 152.50 157.50 51 0 0 5.00 0.00 0.50
13.00 49 51 50 3 152.50 157.50 51 0 0 5.00 0.00 0.50
15.00 51 51 50 3 152.50 157.50 51 0 0 5.00 0.00 0.50
14.00 50 51 50 3 152.50 157.50 51 0 0 5.00 0.00 0.50
13.00 51 51 50 3 152.50 157.50 51 0 0 5.00 0.00 0.50
15.00 51 51 50 3 152.50 157.50 51 0 0 5.00 0.00 0.50
14.00 49 50 50 3 172.86 137.14 50 0 0 5.00 0.00 0.50
14.00 49 50 50 3 155.00 155.00 50 0 0 5.00 0.00 0.50
14.00 50 50 50 3 155.00 155.00 50 0 0 5.00 0.00 0.50
14.00 50 50 50 3 155.00 155.00 50 0 0 5.00 0.00 0.50
14.00 51 51 50 3 134.64 175.36 51 0 0 5.00 0.00 0.50
14.00 49 50 50 3 172.86 137.14 50 0 0 5.00 0.00 0.50
14.00 50 50 50 3 155.00 155.00 50 0 0 5.00 0.00 0.50
14.00 50 50 50 3 155.00 155.00 50 0 0 5.00 0.00 0.50
15.00 49 50 50 3 155.00 155.00 50 0 0 5.00 0.00 0.50
13.00 49 50 50 3 155.00 155.00 50 0 0 5.00 0.00 0.50
14.00 48 50 50 3 155.00 155.00 50 0 0 5.00 0.00 0.50
15.00 50 51 50 3 135.83 174.17 51 0 0 5.00 0.00 0.50
13.00 50 51 50 3 152.50 157.50 51 0 0 5.00 0.00 0.50
14.00 50 51 50 3 152.50 157.50 51 0 0 5.00 0.00 0.50
15.00 50 51 50 3 152.50 157.50 51 0 0 5.00 0.00 0.50
14.00 51 51 50 3 152.50 157.50 51 0 0 5.00 0.00 0.50
13.00 49 51 50 3 152.50 157.50 51 0 0 5.00 0.00 0.50
15.00 50 51 50 3 152.50 157.50 51 0 0 5.00 0.00 0.50
14.00 50 51 50 3 152.50 157.50 51 0 0 5.00 0.00 0.50
13.00 50 51 50 3 152.50 157.50 51 0 0 5.00 0.00 0.50
15.00 50 51 50 3 152.50 157.50 51 0 0 5.00 0.00 0.50
14.00 51 51 50 3 152.50 157.50 51 0 0 5.00 0.00 0.50
13.00 50 51 50 3 152.50 157.50 51 0 0 5.00 0.00 0.50
15.00 50 51 50 3 152.50 157.50 51 0 0 5.00 0.00 0.50
14.00 50 51 50 3 152.50 157.50 51 0 0 5.00 0.00 0.50
14.00 50 51 50 3 152.50 157.50 51 0 0 5.00 0.00 0.50
14.00 50 51 50 3 152.50 157.50 51 0 0 5.00 0.00 0.50
14.00 50 51 50 3 152.50 157.50 51 0 0 5.00 0.00 0.50
14.00 50 51 50 3 152.50 157.50 51 0 0 5.00 0.00 0.50
13.00 50 51 50 3 152.50 157.50 51 0 0 5.00 0.00 0.50
15.00 50 51 50 3 152.50 157.50 51 0 0 5.00 0.00 0.50
14.00 50 51 50 3 152.50 157.50 51 0 0 5.00 0.00 0.50
14.00 49 51 50 3 152.50 157.50 51 0 0 5.00 0.00 0.50
14.00 50 51 50 3 152.50 157.50 51 0 0 5.00 0.00 0.50
14.00 50 51 50 3 152.50 157.50 51 0 0 5.00 0.00 0.50
14.00 49 51 50 3 152.50 157.50 51 0 0 5.00 0.00 0.50
14.00 50 51 50 3 152.50 157.50 51 0 0 5.00 0.00 0.50
14.00 50 51 50 3 152.50 157.50 51 0 0 5.00 0.00 0.50
14.00 49 51 50 3 152.50 157.50 51 0 0 5.00 0.00 0.50
15.00 50 51 50 3 152.50 157.50 51 0 0 5.00 0.00 0.50
13.00 50 51 50 3 152.50 157.50 51 0 0 5.00 0.00 0.50
14.00 50 51 50 3 152.50 157.50 51 0 0 5.00 0.00 0.50
15.00 50 50 50 3 171.67 138.33 50 0 0 5.00 0.00 0.50
13.00 50 50 50 3 155.00 155.00 50 0 0 5.00 0.00 0.50
14.00 50 50 50 3 155.00 155.00 50 0 0 5.00 0.00 0.50
15.00 50 50 50 3 155.00 155.00 50 0 0 5.00 0.00 0.50
14.00 50 50 50 3 155.00 155.00 50 0 0 5.00 0.00 0.50
13.00 51 50 50 3 155.00 155.00 50 0 0 5.00 0.00 0.50
15.00 50 50 50 3 155.00 155.00 50 0 0 5.00 0.00 0.50
14.00 50 50 50 3 155.00 155.00 50 0 0 5.00 0.00 0.50
13.00 50 50 50 3 155.00 155.00 50 0 0 5.00 0.00 0.50
15.00 50 50 50 3 155.00 155.00 50 0 0 5.00 0.00 0.50
14.00 50 50 50 3 155.00 155.00 50 0 0 5.00 0.00 0.50
14.00 50 50 50 3 155.00 155.00 50 0 0 5.00 0.00 0.50
14.00 50 50 50 3 155.00 155.00 50 0 0 5.00 0.00 0.50
14.00 50 50 50 3 155.00 155.00 50 0 0 5.00 0.00 0.50
14.00 50 50 50 3 155.00 155.00 50 0 0 5.00 0.00 0.50
14.00 50 49 50 3 175.36 134.64 49 0 0 5.00 0.00 0.50
14.00 51 50 50 3 137.14 172.86 50 0 0 5.00 0.00 0.50
14.00 51 49 50 3 175.36 134.64 49 0 0 5.00 0.00 0.50
15.00 50 49 50 3 157.50 152.50 49 0 0 5.00 0.00 0.50
13.00 50 50 50 3 135.77 174.23 50 0 0 5.00 0.00 0.50
14.00 51 49 50 3 175.36 134.64 49 0 0 5.00 0.00 0.50
15.00 50 50 50 3 138.33 171.67 50 0 0 5.00 0.00 0.50
13.00 50 50 50 3 155.00 155.00 50 0 0 5.00 0.00 0.50
14.00 50 50 50 3 155.00 155.00 50 0 0 5.00 0.00 0.50
15.00 50 50 50 3 155.00 155.00 50 0 0 5.00 0.00 0.50
13.00 50 51 50 3 133.27 176.73 51 0 0 5.00 0.00 0.50
14.00 50 51 50 3 152.50 157.50 51 0 0 5.00 0.00 0.50
15.00 50 51 50 3 152.50 157.50 51 0 0 5.00 0.00 0.50
14.00 50 51 50 3 152.50 157.50 51 0 0 5.00 0.00 0.50
13.00 50 51 50 3 152.50 157.50 51 0 0 5.00 0.00 0.50
15.00 50 51 50 3 152.50 157.50 51 0 0 5.00 0.00 0.50
14.00 50 50 50 3 172.86 137.14 50 0 0 5.00 0.00 0.50
13.00 50 50 50 3 155.00 155.00 50 0 0 5.00 0.00 0.50
15.00 49 51 50 3 135.83 174.17 51 0 0 5.00 0.00 0.50
14.00 50 51 50 3 152.50 157.50 51 0 0 5.00 0.00 0.50
14.00 49 51 50 3 152.50 157.50 51 0 0 5.00 0.00 0.50
14.00 49 51 50 3 152.50 157.50 51 0 0 5.00 0.00 0.50
14.00 50 51 50 3 152.50 157.50 51 0 0 5.00 0.00 0.50
14.00 50 51 50 3 152.50 157.50 51 0 0 5.00 0.00 0.50
14.00 49 51 50 3 152.50 157.50 51 0 0 5.00 0.00 0.50
14.00 49 51 50 3 152.50 157.50 51 0 0 5.00 0.00 0.50
14.00 50 51 50 3 152.50 157.50 51 0 0 5.00 0.00 0.50
15.00 49 51 50 3 152.50 157.50 51 0 0 5.00 0.00 0.50
13.00 50 51 50 3 152.50 157.50 51 0 0 5.00 0.00 0.50
14.00 49 51 50 3 152.50 157.50 51 0 0 5.00 0.00 0.50
15.00 50 51 50 3 152.50 157.50 51 0 0 5.00 0.00 0.50
13.00 50 51 50 3 152.50 157.50 51 0 0 5.00 0.00 0.50
14.00 51 51 50 3 152.50 157.50 51 0 0 5.00 0.00 0.50
15.00 51 50 50 3 171.67 138.33 50 0 0 5.00 0.00 0.50
14.00 50 51 50 3 134.64 175.36 51 0 0 5.00 0.00 0.50
13.00 50 51 50 3 152.50 157.50 51 0 0 5.00 0.00 0.50
15.00 51 51 50 3 152.50 157.50 51 0 0 5.00 0.00 0.50
14.00 50 50 50 3 172.86 137.14 50 0 0 5.00 0.00 0.50
13.00 50 51 50 3 133.27 176.73 51 0 0 5.00 0.00 0.50
15.00 50 51 50 3 152.50 157.50 51 0 0 5.00 0.00 0.50
14.00 50 51 50 3 152.50 157.50 51 0 0 5.00 0.00 0.50
14.00 50 51 50 3 152.50 157.50 51 0 0 5.00 0.00 0.50
14.00 50 51 50 3 152.50 157.50 51 0 0 5.00 0.00 0.50
14.00 50 51 50 3 152.50 157.50 51 0 0 5.00 0.00 0.50
14.00 50 51 50 3 152.50 157.50 51 0 0 5.00 0.00 0.50
14.00 50 51 50 3 152.50 157.50 51 0 0 5.00 0.00 0.50
14.00 50 50 50 3 172.86 137.14 50 0 0 5.00 0.00 0.50
14.00 49 51 50 3 134.64 175.36 51 0 0 5.00 0.00 0.50
13.00 49 51 50 3 152.50 157.50 51 0 0 5.00 0.00 0.50
15.00 50 51 50 3 152.50 157.50 51 0 0 5.00 0.00 0.50
14.00 49 51 50 3 152.50 157.50 51 0 0 5.00 0.00 0.50
15.00 49 51 50 3 152.50 157.50 51 0 0 5.00 0.00 0.50
13.00 49 51 50 3 152.50 157.50 51 0 0 5.00 0.00 0.50
14.00 49 51 50 3 152.50 157.50 51 0 0 5.00 0.00 0.50
14.00 50 52 50 3 132.14 177.86 52 0 0 5.00 0.00 0.50
14.00 50 51 50 3 170.36 139.64 51 0 0 5.00 0.00 0.50
14.00 50 51 50 3 152.50 157.50 51 0 0 5.00 0.00 0.50
14.00 50 51 50 3 152.50 157.50 51 0 0 5.00 0.00 0.50
15.00 49 51 50 3 152.50 157.50 51 0 0 5.00 0.00 0.50
13.00 49 51 50 3 152.50 157.50 51 0 0 5.00 0.00 0.50
14.00 50 51 50 3 152.50 157.50 51 0 0 5.00 0.00 0.50
15.00 49 51 50 3 152.50 157.50 51 0 0 5.00 0.00 0.50
13.00 49 51 50 3 152.50 157.50 51 0 0 5.00 0.00 0.50
14.00 50 52 50 3 132.14 177.86 52 0 0 5.00 0.00 0.50
15.00 50 51 50 0 0.00 0.00 52 0 0 5.00 0.00 0.50
13.00 50 51 50 0 0.00 0.00 52 0 0 5.00 0.00 0.50
12.00 50 51 50 0 0.00 0.00 52 0 0 5.00 0.00 0.50
14.00 50 51 50 0 0.00 0.00 52 0 0 5.00 0.00 0.50
13.00 50 50 50 0 0.00 0.00 52 0 0 5.00 0.00 0.50
12.00 49 51 50 0 0.00 0.00 52 0 0 5.00 0.00 0.50
14.00 50 51 50 0 0.00 0.00 52 0 0 5.00 0.00 0.50
13.00 50 51 50 0 0.00 0.00 52 0 0 5.00 0.00 0.50
12.00 50 51 50 0 0.00 0.00 52 0 0 5.00 0.00 0.50
14.00 49 50 50 0 0.00 0.00 52 0 0 5.00 0.00 0.50
13.00 50 50 50 0 0.00 0.00 52 0 0 5.00 0.00 0.50
13.00 50 51 50 0 0.00 0.00 52 0 0 5.00 0.00 0.50
12.00 50 51 50 0 0.00 0.00 52 0 0 5.00 0.00 0.50
14.00 50 51 50 0 0.00 0.00 52 0 0 5.00 0.00 0.50
13.00 50 51 50 0 0.00 0.00 52 0 0 5.00 0.00 0.50
12.00 50 51 50 0 0.00 0.00 52 0 0 5.00 0.00 0.50
14.00 49 51 50 0 0.00 0.00 52 0 0 5.00 0.00 0.50
13.00 50 51 50 0 0.00 0.00 52 0 0 5.00 0.00 0.50
12.00 50 51 50 0 0.00 0.00 52 0 0 5.00 0.00 0.50
14.00 50 50 50 0 0.00 0.00 52 0 0 5.00 0.00 0.50
13.00 50 51 50 0 0.00 0.00 52 0 0 5.00 0.00 0.50
12.00 50 51 50 0 0.00 0.00 52 0 0 5.00 0.00 0.50
13.00 50 51 50 0 0.00 0.00 52 0 0 5.00 0.00 0.50
14.00 50 51 50 0 0.00 0.00 52 0 0 5.00 0.00 0.50
13.00 50 51 50 0 0.00 0.00 52 0 0 5.00 0.00 0.50
12.00 50 50 50 0 0.00 0.00 52 0 0 5.00 0.00 0.50
14.00 50 50 50 0 0.00 0.00 52 0 0 5.00 0.00 0.50
13.00 50 51 50 0 0.00 0.00 52 0 0 5.00 0.00 0.50
12.00 50 51 50 0 0.00 0.00 52 0 0 5.00 0.00 0.50
14.00 50 51 50 0 0.00 0.00 52 0 0 5.00 0.00 0.50
13.00 50 51 50 0 0.00 0.00 52 0 0 5.00 0.00 0.50
12.00 50 50 50 0 0.00 0.00 52 0 0 5.00 0.00 0.50
14.00 50 50 50 0 0.00 0.00 52 0 0 5.00 0.00 0.50
13.00 50 50 50 0 0.00 0.00 52 0 0 5.00 0.00 0.50
13.00 50 50 50 0 0.00 0.00 52 0 0 5.00 0.00 0.50
12.00 50 51 50 0 0.00 0.00 52 0 0 5.00 0.00 0.50
14.00 50 51 50 0 0.00 0.00 52 0 0 5.00 0.00 0.50
13.00 50 51 50 0 0.00 0.00 52 0 0 5.00 0.00 0.50
12.00 50 50 50 0 0.00 0.00 52 0 0 5.00 0.00 0.50
14.00 50 50 50 0 0.00 0.00 52 0 0 5.00 0.00 0.50
13.00 50 50 50 0 0.00 0.00 52 0 0 5.00 0.00 0.50
12.00 50 51 50 0 0.00 0.00 52 0 0 5.00 0.00 0.50
14.00 50 51 50 0 0.00 0.00 52 0 0 5.00 0.00 0.50
13.00 50 51 50 0 0.00 0.00 52 0 0 5.00 0.00 0.50
12.00 50 51 50 0 0.00 0.00 52 0 0 5.00 0.00 0.50
13.00 50 51 50 0 0.00 0.00 52 0 0 5.00 0.00 0.50
14.00 50 51 50 0 0.00 0.00 52 0 0 5.00 0.00 0.50
13.00 50 51 50 0 0.00 0.00 52 0 0 5.00 0.00 0.50
12.00 50 51 50 0 0.00 0.00 52 0 0 5.00 0.00 0.50
14.00 50 51 50 0 0.00 0.00 52 0 0 5.00 0.00 0.50
13.00 50 51 50 0 0.00 0.00 52 0 0 5.00 0.00 0.50
12.00 50 51 50 0 0.00 0.00 52 0 0 5.00 0.00 0.50
14.00 50 51 50 0 0.00 0.00 52 0 0 5.00 0.00 0.50
13.00 50 51 50 0 0.00 0.00 52 0 0 5.00 0.00 0.50
12.00 50 51 50 0 0.00 0.00 52 0 0 5.00 0.00 0.50
14.00 50 50 50 0 0.00 0.00 52 0 0 5.00 0.00 0.50
13.00 50 51 50 0 0.00 0.00 52 0 0 5.00 0.00 0.50
13.00 50 51 50 0 0.00 0.00 52 0 0 5.00 0.00 0.50
12.00 51 51 50 0 0.00 0.00 52 0 0 5.00 0.00 0.50
14.00 50 51 50 0 0.00 0.00 52 0 0 5.00 0.00 0.50
13.00 50 51 50 0 0.00 0.00 52 0 0 5.00 0.00 0.50
12.00 50 51 50 0 0.00 0.00 52 0 0 5.00 0.00 0.50
14.00 50 51 50 0 0.00 0.00 52 0 0 5.00 0.00 0.50
13.00 50 51 50 0 0.00 0.00 52 0 0 5.00 0.00 0.50
12.00 50 51 50 0 0.00 0.00 52 0 0 5.00 0.00 0.50
14.00 50 51 50 0 0.00 0.00 52 0 0 5.00 0.00 0.50
13.00 50 51 50 0 0.00 0.00 52 0 0 5.00 0.00 0.50
12.00 50 51 50 0 0.00 0.00 52 0 0 5.00 0.00 0.50
13.00 50 51 50 0 0.00 0.00 52 0 0 5.00 0.00 0.50
14.00 50 51 50 0 0.00 0.00 52 0 0 5.00 0.00 0.50
13.00 50 51 50 0 0.00 0.00 52 0 0 5.00 0.00 0.50
12.00 50 51 50 0 0.00 0.00 52 0 0 5.00 0.00 0.50
14.00 50 51 50 0 0.00 0.00 52 0 0 5.00 0.00 0.50
13.00 50 50 50 0 0.00 0.00 52 0 0 5.00 0.00 0.50
12.00 50 50 50 0 0.00 0.00 52 0 0 5.00 0.00 0.50
14.00 50 51 50 0 0.00 0.00 52 0 0 5.00 0.00 0.50
13.00 50 51 50 0 0.00 0.00 52 0 0 5.00 0.00 0.50
12.00 50 51 50 0 0.00 0.00 52 0 0 5.00 0.00 0.50
14.00 50 51 50 0 0.00 0.00 52 0 0 5.00 0.00 0.50
13.00 50 51 50 0 0.00 0.00 52 0 0 5.00 0.00 0.50
12.00 50 51 50 0 0.00 0.00 52 0 0 5.00 0.00 0.50
13.00 50 51 50 0 0.00 0.00 52 0 0 5.00 0.00 0.50
14.00 50 51 50 0 0.00 0.00 52 0 0 5.00 0.00 0.50
13.00 50 51 50 0 0.00 0.00 52 0 0 5.00 0.00 0.50
12.00 50 51 50 0 0.00 0.00 52 0 0 5.00 0.00 0.50
14.00 50 51 50 0 0.00 0.00 52 0 0 5.00 0.00 0.50
13.00 50 51 50 0 0.00 0.00 52 0 0 5.00 0.00 0.50
12.00 49 51 50 0 0.00 0.00 52 0 0 5.00 0.00 0.50
14.00 50 50 50 0 0.00 0.00 52 0 0 5.00 0.00 0.50
13.00 50 51 50 0 0.00 0.00 52 0 0 5.00 0.00 0.50
12.00 50 51 50 0 0.00 0.00 52 0 0 5.00 0.00 0.50
13.00 50 51 50 0 0.00 0.00 52 0 0 5.00 0.00 0.50
14.00 50 51 50 0 0.00 0.00 52 0 0 5.00 0.00 0.50
13.00 50 51 50 0 0.00 0.00 52 0 0 5.00 0.00 0.50
12.00 50 50 50 0 0.00 0.00 52 0 0 5.00 0.00 0.50
14.00 50 50 50 0 0.00 0.00 52 0 0 5.00 0.00 0.50
13.00 50 51 50 0 0.00 0.00 52 0 0 5.00 0.00 0.50
12.00 50 51 50 0 0.00 0.00 52 0 0 5.00 0.00 0.50
14.00 50 51 50 0 0.00 0.00 52 0 0 5.00 0.00 0.50
13.00 50 51 50 0 0.00 0.00 52 0 0 5.00 0.00 0.50
12.00 50 51 50 0 0.00 0.00 52 0 0 5.00 0.00 0.50
14.00 50 51 50 0 0.00 0.00 52 0 0 5.00 0.00 0.50
13.00 50 51 50 0 0.00 0.00 52 0 0 5.00 0.00 0.50
12.00 50 51 50 0 0.00 0.00 52 0 0 5.00 0.00 0.50
13.00 50 51 50 0 0.00 0.00 52 0 0 5.00 0.00 0.50
14.00 50 51 50 0 0.00 0.00 52 0 0 5.00 0.00 0.50
13.00 50 51 50 0 0.00 0.00 52 0 0 5.00 0.00 0.50
12.00 50 51 50 0 0.00 0.00 52 0 0 5.00 0.00 0.50
14.00 50 50 50 0 0.00 0.00 52 0 0 5.00 0.00 0.50
13.00 50 51 50 0 0.00 0.00 52 0 0 5.00 0.00 0.50
12.00 50 51 50 0 0.00 0.00 52 0 0 5.00 0.00 0.50
14.00 50 51 50 0 0.00 0.00 52 0 0 5.00 0.00 0.50
13.00 50 51 50 0 0.00 0.00 52 0 0 5.00 0.00 0.50
12.00 50 51 50 0 0.00 0.00 52 0 0 5.00 0.00 0.50
14.00 50 51 50 0 0.00 0.00 52 0 0 5.00 0.00 0.50
13.00 50 51 50 0 0.00 0.00 52 0 0 5.00 0.00 0.50
13.00 50 50 50 0 0.00 0.00 52 0 0 5.00 0.00 0.50
12.00 50 51 50 0 0.00 0.00 52 0 0 5.00 0.00 0.50
14.00 50 51 50 0 0.00 0.00 52 0 0 5.00 0.00 0.50
13.00 50 51 50 0 0.00 0.00 52 0 0 5.00 0.00 0.50
12.00 50 50 50 0 0.00 0.00 52 0 0 5.00 0.00 0.50
14.00 50 51 50 0 0.00 0.00 52 0 0 5.00 0.00 0.50
13.00 50 50 50 0 0.00 0.00 52 0 0 5.00 0.00 0.50
12.00 50 51 50 0 0.00 0.00 52 0 0 5.00 0.00 0.50
14.00 50 50 50 0 0.00 0.00 52 0 0 5.00 0.00 0.50
13.00 50 51 50 0 0.00 0.00 52 0 0 5.00 0.00 0.50
12.00 50 50 50 0 0.00 0.00 52 0 0 5.00 0.00 0.50
13.00 50 51 50 0 0.00 0.00 52 0 0 5.00 0.00 0.50
14.00 50 51 50 0 0.00 0.00 52 0 0 5.00 0.00 0.50
13.00 50 51 50 0 0.00 0.00 52 0 0 5.00 0.00 0.50
12.00 50 50 50 0 0.00 0.00 52 0 0 5.00 0.00 0.50
14.00 50 51 50 0 0.00 0.00 52 0 0 5.00 0.00 0.50
13.00 50 51 50 0 0.00 0.00 52 0 0 5.00 0.00 0.50
12.00 50 50 50 0 0.00 0.00 52 0 0 5.00 0.00 0.50
14.00 50 51 50 0 0.00 0.00 52 0 0 5.00 0.00 0.50
13.00 50 51 50 0 0.00 0.00 52 0 0 5.00 0.00 0.50
12.00 50 51 50 0 0.00 0.00 52 0 0 5.00 0.00 0.50
14.00 50 50 50 0 0.00 0.00 52 0 0 5.00 0.00 0.50
13.00 50 50 50 0 0.00 0.00 52 0 0 5.00 0.00 0.50
13.00 50 51 50 0 0.00 0.00 52 0 0 5.00 0.00 0.50
12.00 50 51 50 0 0.00 0.00 52 0 0 5.00 0.00 0.50
14.00 50 51 50 0 0.00 0.00 52 0 0 5.00 0.00 0.50
13.00 50 51 50 0 0.00 0.00 52 0 0 5.00 0.00 0.50
12.00 50 50 50 0 0.00 0.00 52 0 0 5.00 0.00 0.50
14.00 50 51 50 0 0.00 0.00 52 0 0 5.00 0.00 0.50
13.00 50 51 50 0 0.00 0.00 52 0 0 5.00 0.00 0.50
12.00 50 51 50 0 0.00 0.00 52 0 0 5.00 0.00 0.50
14.00 50 51 50 0 0.00 0.00 52 0 0 5.00 0.00 0.50
13.00 50 51 50 0 0.00 0.00 52 0 0 5.00 0.00 0.50
12.00 50 50 50 0 0.00 0.00 52 0 0 5.00 0.00 0.50
13.00 50 51 50 0 0.00 0.00 52 0 0 5.00 0.00 0.50
14.00 50 51 50 0 0.00 0.00 52 0 0 5.00 0.00 0.50
13.00 50 51 50 0 0.00 0.00 52 0 0 5.00 0.00 0.50
12.00 50 51 50 0 0.00 0.00 52 0 0 5.00 0.00 0.50
14.00 50 51 50 0 0.00 0.00 52 0 0 5.00 0.00 0.50
13.00 50 51 50 0 0.00 0.00 52 0 0 5.00 0.00 0.50
12.00 50 51 50 0 0.00 0.00 52 0 0 5.00 0.00 0.50
14.00 49 50 50 0 0.00 0.00 52 0 0 5.00 0.00 0.50
13.00 49 51 50 0 0.00 0.00 52 0 0 5.00 0.00 0.50
12.00 49 51 50 0 0.00 0.00 52 0 0 5.00 0.00 0.50
14.00 49 51 50 0 0.00 0.00 52 0 0 5.00 0.00 0.50