12.00 48 47 30 0 0.00 0.00 0 0 0 5.00 0.00 0.50
14.00 48 48 30 0 0.00 0.00 0 0 0 5.00 0.00 0.50
12.00 48 47 30 0 0.00 0.00 0 0 0 5.00 0.00 0.50
12.00 47 47 30 0 0.00 0.00 0 0 0 5.00 0.00 0.50
14.00 47 47 30 0 0.00 0.00 0 0 0 5.00 0.00 0.50
12.00 48 47 30 0 0.00 0.00 0 0 0 5.00 0.00 0.50
13.00 48 47 30 0 0.00 0.00 0 0 0 5.00 0.00 0.50
13.00 48 47 30 0 0.00 0.00 0 0 0 5.00 0.00 0.50
13.00 48 47 30 0 0.00 0.00 0 0 0 5.00 0.00 0.50
12.00 48 47 30 0 0.00 0.00 0 0 0 5.00 0.00 0.50
13.00 48 47 30 0 0.00 0.00 0 0 0 5.00 0.00 0.50
13.00 47 47 30 0 0.00 0.00 0 0 0 5.00 0.00 0.50
12.00 48 47 30 0 0.00 0.00 0 0 0 5.00 0.00 0.50
13.00 48 48 30 0 0.00 0.00 0 0 0 5.00 0.00 0.50
13.00 48 47 30 0 0.00 0.00 0 0 0 5.00 0.00 0.50
13.00 48 47 30 0 0.00 0.00 0 0 0 5.00 0.00 0.50
12.00 47 47 30 0 0.00 0.00 0 0 0 5.00 0.00 0.50
14.00 48 47 30 0 0.00 0.00 0 0 0 5.00 0.00 0.50
12.00 48 47 30 0 0.00 0.00 0 0 0 5.00 0.00 0.50
13.00 48 47 30 0 0.00 0.00 0 0 0 5.00 0.00 0.50
12.00 48 47 30 0 0.00 0.00 0 0 0 5.00 0.00 0.50
13.00 47 47 30 0 0.00 0.00 0 0 0 5.00 0.00 0.50
13.00 48 47 30 0 0.00 0.00 0 0 0 5.00 0.00 0.50
12.00 48 47 30 0 0.00 0.00 0 0 0 5.00 0.00 0.50
14.00 48 47 30 0 0.00 0.00 0 0 0 5.00 0.00 0.50
12.00 48 47 30 0 0.00 0.00 0 0 0 5.00 0.00 0.50
13.00 48 47 30 0 0.00 0.00 0 0 0 5.00 0.00 0.50
13.00 48 47 30 0 0.00 0.00 0 0 0 5.00 0.00 0.50
13.00 48 47 30 0 0.00 0.00 0 0 0 5.00 0.00 0.50
12.00 48 47 30 0 0.00 0.00 0 0 0 5.00 0.00 0.50
12.00 48 47 30 0 0.00 0.00 0 0 0 5.00 0.00 0.50
14.00 48 47 30 0 0.00 0.00 0 0 0 5.00 0.00 0.50
12.00 47 47 30 0 0.00 0.00 0 0 0 5.00 0.00 0.50
13.00 48 47 30 0 0.00 0.00 0 0 0 5.00 0.00 0.50
13.00 48 47 30 0 0.00 0.00 0 0 0 5.00 0.00 0.50
13.00 47 47 30 0 0.00 0.00 0 0 0 5.00 0.00 0.50
12.00 48 47 30 0 0.00 0.00 0 0 0 5.00 0.00 0.50
14.00 47 47 30 0 0.00 0.00 0 0 0 5.00 0.00 0.50
12.00 48 47 30 0 0.00 0.00 0 0 0 5.00 0.00 0.50
12.00 48 47 30 0 0.00 0.00 0 0 0 5.00 0.00 0.50
13.00 48 47 30 0 0.00 0.00 0 0 0 5.00 0.00 0.50
13.00 48 47 30 0 0.00 0.00 0 0 0 5.00 0.00 0.50
13.00 48 47 30 0 0.00 0.00 0 0 0 5.00 0.00 0.50
12.00 47 47 30 0 0.00 0.00 0 0 0 5.00 0.00 0.50
14.00 48 47 30 0 0.00 0.00 0 0 0 5.00 0.00 0.50
12.00 48 47 30 0 0.00 0.00 0 0 0 5.00 0.00 0.50
12.00 48 48 30 0 0.00 0.00 0 0 0 5.00 0.00 0.50
13.00 48 47 30 0 0.00 0.00 0 0 0 5.00 0.00 0.50
13.00 48 47 30 0 0.00 0.00 0 0 0 5.00 0.00 0.50
13.00 48 48 30 0 0.00 0.00 0 0 0 5.00 0.00 0.50
12.00 47 48 30 0 0.00 0.00 0 0 0 5.00 0.00 0.50
14.00 48 48 30 0 0.00 0.00 0 0 0 5.00 0.00 0.50
12.00 48 47 30 0 0.00 0.00 0 0 0 5.00 0.00 0.50
13.00 48 48 30 0 0.00 0.00 0 0 0 5.00 0.00 0.50
13.00 47 47 30 0 0.00 0.00 0 0 0 5.00 0.00 0.50
12.00 47 48 30 0 0.00 0.00 0 0 0 5.00 0.00 0.50
13.00 47 47 30 0 0.00 0.00 0 0 0 5.00 0.00 0.50
12.00 47 48 30 0 0.00 0.00 0 0 0 5.00 0.00 0.50
14.00 48 47 30 0 0.00 0.00 0 0 0 5.00 0.00 0.50
12.00 47 47 30 0 0.00 0.00 0 0 0 5.00 0.00 0.50
13.00 48 48 30 0 0.00 0.00 0 0 0 5.00 0.00 0.50
13.00 47 47 30 0 0.00 0.00 0 0 0 5.00 0.00 0.50
13.00 48 47 30 0 0.00 0.00 0 0 0 5.00 0.00 0.50
12.00 47 47 30 0 0.00 0.00 0 0 0 5.00 0.00 0.50
13.00 48 48 30 0 0.00 0.00 0 0 0 5.00 0.00 0.50
13.00 48 48 30 0 0.00 0.00 0 0 0 5.00 0.00 0.50
12.00 47 48 30 0 0.00 0.00 0 0 0 5.00 0.00 0.50
13.00 48 48 30 0 0.00 0.00 0 0 0 5.00 0.00 0.50
13.00 48 48 30 0 0.00 0.00 0 0 0 5.00 0.00 0.50
13.00 48 48 30 0 0.00 0.00 0 0 0 5.00 0.00 0.50
12.00 47 47 30 0 0.00 0.00 0 0 0 5.00 0.00 0.50
14.00 47 47 30 0 0.00 0.00 0 0 0 5.00 0.00 0.50
12.00 47 47 30 0 0.00 0.00 0 0 0 5.00 0.00 0.50
12.00 48 47 30 0 0.00 0.00 0 0 0 5.00 0.00 0.50
14.00 47 47 30 0 0.00 0.00 0 0 0 5.00 0.00 0.50
12.00 48 47 30 0 0.00 0.00 0 0 0 5.00 0.00 0.50
13.00 48 47 30 0 0.00 0.00 0 0 0 5.00 0.00 0.50
12.00 47 47 30 0 0.00 0.00 0 0 0 5.00 0.00 0.50
14.00 47 47 30 0 0.00 0.00 0 0 0 5.00 0.00 0.50
12.00 47 47 30 0 0.00 0.00 0 0 0 5.00 0.00 0.50
12.00 48 48 30 0 0.00 0.00 0 0 0 5.00 0.00 0.50
14.00 47 47 30 0 0.00 0.00 0 0 0 5.00 0.00 0.50
12.00 47 47 30 0 0.00 0.00 0 0 0 5.00 0.00 0.50
13.00 47 47 30 0 0.00 0.00 0 0 0 5.00 0.00 0.50
13.00 47 47 30 0 0.00 0.00 0 0 0 5.00 0.00 0.50
13.00 47 47 30 0 0.00 0.00 0 0 0 5.00 0.00 0.50
12.00 47 47 30 0 0.00 0.00 0 0 0 5.00 0.00 0.50
13.00 47 47 30 0 0.00 0.00 0 0 0 5.00 0.00 0.50
13.00 47 47 30 0 0.00 0.00 0 0 0 5.00 0.00 0.50
12.00 47 47 30 0 0.00 0.00 0 0 0 5.00 0.00 0.50
13.00 47 47 30 0 0.00 0.00 0 0 0 5.00 0.00 0.50
13.00 47 47 30 0 0.00 0.00 0 0 0 5.00 0.00 0.50
13.00 47 47 30 0 0.00 0.00 0 0 0 5.00 0.00 0.50
12.00 47 47 30 0 0.00 0.00 0 0 0 5.00 0.00 0.50
14.00 47 47 30 0 0.00 0.00 0 0 0 5.00 0.00 0.50
12.00 47 47 30 0 0.00 0.00 0 0 0 5.00 0.00 0.50
13.00 48 47 30 0 0.00 0.00 0 0 0 5.00 0.00 0.50
12.00 48 47 30 0 0.00 0.00 0 0 0 5.00 0.00 0.50
13.00 48 48 30 0 0.00 0.00 0 0 0 5.00 0.00 0.50
13.00 47 47 30 0 0.00 0.00 0 0 0 5.00 0.00 0.50
12.00 47 47 30 0 0.00 0.00 0 0 0 5.00 0.00 0.50
14.00 48 47 30 0 0.00 0.00 0 0 0 5.00 0.00 0.50
12.00 48 47 30 0 0.00 0.00 0 0 0 5.00 0.00 0.50
13.00 48 48 30 0 0.00 0.00 0 0 0 5.00 0.00 0.50
13.00 47 47 30 0 0.00 0.00 0 0 0 5.00 0.00 0.50
13.00 47 47 30 0 0.00 0.00 0 0 0 5.00 0.00 0.50
12.00 48 47 30 0 0.00 0.00 0 0 0 5.00 0.00 0.50
12.00 48 47 30 0 0.00 0.00 0 0 0 5.00 0.00 0.50
14.00 47 47 30 0 0.00 0.00 0 0 0 5.00 0.00 0.50
12.00 48 48 30 0 0.00 0.00 0 0 0 5.00 0.00 0.50
13.00 48 47 30 0 0.00 0.00 0 0 0 5.00 0.00 0.50
13.00 48 47 30 0 0.00 0.00 0 0 0 5.00 0.00 0.50
13.00 48 47 30 0 0.00 0.00 0 0 0 5.00 0.00 0.50
12.00 48 47 30 0 0.00 0.00 0 0 0 5.00 0.00 0.50
12.00 48 48 30 0 0.00 0.00 0 0 0 5.00 0.00 0.50
14.00 48 47 30 0 0.00 0.00 0 0 0 5.00 0.00 0.50
12.00 47 48 30 0 0.00 0.00 0 0 0 5.00 0.00 0.50
13.00 48 47 30 0 0.00 0.00 0 0 0 5.00 0.00 0.50
13.00 48 48 30 0 0.00 0.00 0 0 0 5.00 0.00 0.50
13.00 48 47 30 0 0.00 0.00 0 0 0 5.00 0.00 0.50
12.00 48 48 30 0 0.00 0.00 0 0 0 5.00 0.00 0.50
14.00 48 47 30 0 0.00 0.00 0 0 0 5.00 0.00 0.50
12.00 48 48 30 0 0.00 0.00 0 0 0 5.00 0.00 0.50
12.00 48 47 30 0 0.00 0.00 0 0 0 5.00 0.00 0.50
13.00 48 47 30 0 0.00 0.00 0 0 0 5.00 0.00 0.50
13.00 48 48 30 0 0.00 0.00 0 0 0 5.00 0.00 0.50
13.00 48 48 30 0 0.00 0.00 0 0 0 5.00 0.00 0.50
12.00 48 48 30 0 0.00 0.00 0 0 0 5.00 0.00 0.50
14.00 48 48 30 0 0.00 0.00 0 0 0 5.00 0.00 0.50
12.00 48 48 30 0 0.00 0.00 0 0 0 5.00 0.00 0.50
13.00 48 47 30 0 0.00 0.00 0 0 0 5.00 0.00 0.50
13.00 48 48 30 0 0.00 0.00 0 0 0 5.00 0.00 0.50
12.00 48 48 30 0 0.00 0.00 0 0 0 5.00 0.00 0.50
13.00 48 48 30 0 0.00 0.00 0 0 0 5.00 0.00 0.50
12.00 48 48 30 0 0.00 0.00 0 0 0 5.00 0.00 0.50
14.00 48 47 30 0 0.00 0.00 0 0 0 5.00 0.00 0.50
12.00 48 48 30 0 0.00 0.00 0 0 0 5.00 0.00 0.50
13.00 48 48 30 0 0.00 0.00 0 0 0 5.00 0.00 0.50
13.00 48 48 30 0 0.00 0.00 0 0 0 5.00 0.00 0.50
13.00 48 48 30 0 0.00 0.00 0 0 0 5.00 0.00 0.50
12.00 48 48 30 0 0.00 0.00 0 0 0 5.00 0.00 0.50
13.00 48 48 30 0 0.00 0.00 0 0 0 5.00 0.00 0.50
13.00 48 48 30 0 0.00 0.00 0 0 0 5.00 0.00 0.50
12.00 48 48 30 0 0.00 0.00 0 0 0 5.00 0.00 0.50
13.00 48 48 30 0 0.00 0.00 0 0 0 5.00 0.00 0.50
13.00 48 48 30 0 0.00 0.00 0 0 0 5.00 0.00 0.50
13.00 48 48 30 0 0.00 0.00 0 0 0 5.00 0.00 0.50
12.00 48 48 30 0 0.00 0.00 0 0 0 5.00 0.00 0.50
14.00 48 47 30 0 0.00 0.00 0 0 0 5.00 0.00 0.50
12.00 48 47 30 0 0.00 0.00 0 0 0 5.00 0.00 0.50
12.00 48 48 30 0 0.00 0.00 0 0 0 5.00 0.00 0.50
14.00 48 47 30 0 0.00 0.00 0 0 0 5.00 0.00 0.50
12.00 48 48 30 0 0.00 0.00 0 0 0 5.00 0.00 0.50
13.00 48 48 30 0 0.00 0.00 0 0 0 5.00 0.00 0.50
12.00 48 48 30 0 0.00 0.00 0 0 0 5.00 0.00 0.50
14.00 48 47 30 0 0.00 0.00 0 0 0 5.00 0.00 0.50
12.00 48 48 30 0 0.00 0.00 0 0 0 5.00 0.00 0.50
12.00 48 48 30 0 0.00 0.00 0 0 0 5.00 0.00 0.50
14.00 48 47 30 0 0.00 0.00 0 0 0 5.00 0.00 0.50
12.00 48 47 30 0 0.00 0.00 0 0 0 5.00 0.00 0.50
13.00 48 47 30 0 0.00 0.00 0 0 0 5.00 0.00 0.50
13.00 48 47 30 0 0.00 0.00 0 0 0 5.00 0.00 0.50
13.00 48 47 30 0 0.00 0.00 0 0 0 5.00 0.00 0.50
12.00 48 48 30 0 0.00 0.00 0 0 0 5.00 0.00 0.50
13.00 47 47 30 0 0.00 0.00 0 0 0 5.00 0.00 0.50
13.00 48 48 30 0 0.00 0.00 0 0 0 5.00 0.00 0.50
12.00 47 48 30 0 0.00 0.00 0 0 0 5.00 0.00 0.50
13.00 48 48 30 0 0.00 0.00 0 0 0 5.00 0.00 0.50
13.00 48 48 30 0 0.00 0.00 0 0 0 5.00 0.00 0.50
13.00 48 48 30 0 0.00 0.00 0 0 0 5.00 0.00 0.50
12.00 48 47 30 0 0.00 0.00 0 0 0 5.00 0.00 0.50
14.00 48 47 30 0 0.00 0.00 0 0 0 5.00 0.00 0.50
12.00 47 48 30 0 0.00 0.00 0 0 0 5.00 0.00 0.50
13.00 48 47 30 0 0.00 0.00 0 0 0 5.00 0.00 0.50
12.00 48 48 30 0 0.00 0.00 0 0 0 5.00 0.00 0.50
13.00 48 48 30 0 0.00 0.00 0 0 0 5.00 0.00 0.50
13.00 48 48 30 0 0.00 0.00 0 0 0 5.00 0.00 0.50
12.00 48 48 30 0 0.00 0.00 0 0 0 5.00 0.00 0.50
14.00 48 47 30 0 0.00 0.00 0 0 0 5.00 0.00 0.50
12.00 48 48 30 0 0.00 0.00 0 0 0 5.00 0.00 0.50
13.00 47 48 30 0 0.00 0.00 0 0 0 5.00 0.00 0.50
12.00 47 48 30 0 0.00 0.00 0 0 0 5.00 0.00 0.50
14.00 47 48 30 0 0.00 0.00 0 0 0 5.00 0.00 0.50
12.00 48 47 30 0 0.00 0.00 0 0 0 5.00 0.00 0.50
12.00 47 48 30 0 0.00 0.00 0 0 0 5.00 0.00 0.50
14.00 47 48 30 0 0.00 0.00 0 0 0 5.00 0.00 0.50
12.00 47 47 30 0 0.00 0.00 0 0 0 5.00 0.00 0.50
13.00 48 47 30 0 0.00 0.00 0 0 0 5.00 0.00 0.50
13.00 47 47 30 0 0.00 0.00 0 0 0 5.00 0.00 0.50
13.00 47 47 30 0 0.00 0.00 0 0 0 5.00 0.00 0.50
12.00 48 48 30 0 0.00 0.00 0 0 0 5.00 0.00 0.50
12.00 47 48 30 0 0.00 0.00 0 0 0 5.00 0.00 0.50
14.00 48 47 30 0 0.00 0.00 0 0 0 5.00 0.00 0.50
12.00 47 47 30 0 0.00 0.00 0 0 0 5.00 0.00 0.50
13.00 48 47 30 0 0.00 0.00 0 0 0 5.00 0.00 0.50
13.00 47 47 30 0 0.00 0.00 0 0 0 5.00 0.00 0.50
13.00 48 48 30 0 0.00 0.00 0 0 0 5.00 0.00 0.50
12.00 48 48 30 0 0.00 0.00 0 0 0 5.00 0.00 0.50
14.00 48 47 30 0 0.00 0.00 0 0 0 5.00 0.00 0.50
12.00 48 48 30 0 0.00 0.00 0 0 0 5.00 0.00 0.50
12.00 48 47 30 0 0.00 0.00 0 0 0 5.00 0.00 0.50
13.00 48 47 30 0 0.00 0.00 0 0 0 5.00 0.00 0.50
13.00 47 48 30 0 0.00 0.00 0 0 0 5.00 0.00 0.50
13.00 48 48 30 0 0.00 0.00 0 0 0 5.00 0.00 0.50
12.00 48 48 30 0 0.00 0.00 0 0 0 5.00 0.00 0.50
14.00 48 48 30 0 0.00 0.00 0 0 0 5.00 0.00 0.50
12.00 48 48 30 0 0.00 0.00 0 0 0 5.00 0.00 0.50
13.00 48 48 30 0 0.00 0.00 0 0 0 5.00 0.00 0.50
13.00 47 48 30 0 0.00 0.00 0 0 0 5.00 0.00 0.50
12.00 48 47 30 0 0.00 0.00 0 0 0 5.00 0.00 0.50
13.00 47 48 30 0 0.00 0.00 0 0 0 5.00 0.00 0.50
12.00 47 47 30 0 0.00 0.00 0 0 0 5.00 0.00 0.50
14.00 48 48 30 0 0.00 0.00 0 0 0 5.00 0.00 0.50
12.00 48 47 30 0 0.00 0.00 0 0 0 5.00 0.00 0.50
13.00 48 47 30 0 0.00 0.00 0 0 0 5.00 0.00 0.50
13.00 48 48 30 0 0.00 0.00 0 0 0 5.00 0.00 0.50
13.00 48 47 30 0 0.00 0.00 0 0 0 5.00 0.00 0.50
12.00 48 47 30 0 0.00 0.00 0 0 0 5.00 0.00 0.50
13.00 48 47 30 0 0.00 0.00 0 0 0 5.00 0.00 0.50
13.00 48 47 30 0 0.00 0.00 0 0 0 5.00 0.00 0.50
12.00 48 47 30 0 0.00 0.00 0 0 0 5.00 0.00 0.50
13.00 48 48 30 0 0.00 0.00 0 0 0 5.00 0.00 0.50
13.00 48 47 30 0 0.00 0.00 0 0 0 5.00 0.00 0.50
13.00 48 48 30 0 0.00 0.00 0 0 0 5.00 0.00 0.50
12.00 48 48 30 0 0.00 0.00 0 0 0 5.00 0.00 0.50
13.00 48 48 30 0 0.00 0.00 0 0 0 5.00 0.00 0.50
13.00 48 47 30 0 0.00 0.00 0 0 0 5.00 0.00 0.50
12.00 48 48 30 0 0.00 0.00 0 0 0 5.00 0.00 0.50
14.00 48 48 30 0 0.00 0.00 0 0 0 5.00 0.00 0.50
12.00 48 47 30 0 0.00 0.00 0 0 0 5.00 0.00 0.50
13.00 48 48 30 0 0.00 0.00 0 0 0 5.00 0.00 0.50
12.00 48 48 30 0 0.00 0.00 0 0 0 5.00 0.00 0.50
14.00 48 48 30 0 0.00 0.00 0 0 0 5.00 0.00 0.50
12.00 48 48 30 0 0.00 0.00 0 0 0 5.00 0.00 0.50
12.00 48 48 30 0 0.00 0.00 0 0 0 5.00 0.00 0.50
14.00 48 47 30 0 0.00 0.00 0 0 0 5.00 0.00 0.50
12.00 48 48 30 0 0.00 0.00 0 0 0 5.00 0.00 0.50
13.00 48 48 30 0 0.00 0.00 0 0 0 5.00 0.00 0.50
13.00 48 48 30 0 0.00 0.00 0 0 0 5.00 0.00 0.50
13.00 48 48 30 0 0.00 0.00 0 0 0 5.00 0.00 0.50
12.00 49 48 30 0 0.00 0.00 0 0 0 5.00 0.00 0.50
13.00 48 47 30 0 0.00 0.00 0 0 0 5.00 0.00 0.50
13.00 48 47 30 0 0.00 0.00 0 0 0 5.00 0.00 0.50
12.00 48 48 30 0 0.00 0.00 0 0 0 5.00 0.00 0.50
13.00 48 48 30 0 0.00 0.00 0 0 0 5.00 0.00 0.50
13.00 48 48 30 0 0.00 0.00 0 0 0 5.00 0.00 0.50
13.00 48 48 30 0 0.00 0.00 0 0 0 5.00 0.00 0.50
12.00 48 48 30 0 0.00 0.00 0 0 0 5.00 0.00 0.50
14.00 48 48 30 0 0.00 0.00 0 0 0 5.00 0.00 0.50
12.00 48 48 30 0 0.00 0.00 0 0 0 5.00 0.00 0.50
13.00 48 47 30 0 0.00 0.00 0 0 0 5.00 0.00 0.50
12.00 48 48 30 0 0.00 0.00 0 0 0 5.00 0.00 0.50
13.00 48 48 30 0 0.00 0.00 0 0 0 5.00 0.00 0.50
13.00 48 48 30 0 0.00 0.00 0 0 0 5.00 0.00 0.50
12.00 48 47 30 0 0.00 0.00 0 0 0 5.00 0.00 0.50
14.00 48 47 30 0 0.00 0.00 0 0 0 5.00 0.00 0.50
12.00 48 47 30 0 0.00 0.00 0 0 0 5.00 0.00 0.50
13.00 48 48 30 0 0.00 0.00 0 0 0 5.00 0.00 0.50
12.00 48 48 30 0 0.00 0.00 0 0 0 5.00 0.00 0.50
13.00 48 48 30 0 0.00 0.00 0 0 0 5.00 0.00 0.50
13.00 48 48 30 0 0.00 0.00 0 0 0 5.00 0.00 0.50
12.00 48 47 30 0 0.00 0.00 0 0 0 5.00 0.00 0.50
14.00 48 47 30 0 0.00 0.00 0 0 0 5.00 0.00 0.50
12.00 48 48 30 0 0.00 0.00 0 0 0 5.00 0.00 0.50
13.00 48 48 30 0 0.00 0.00 0 0 0 5.00 0.00 0.50
13.00 48 48 30 0 0.00 0.00 0 0 0 5.00 0.00 0.50
13.00 48 48 30 0 0.00 0.00 0 0 0 5.00 0.00 0.50
12.00 48 48 30 0 0.00 0.00 0 0 0 5.00 0.00 0.50
12.00 48 48 30 0 0.00 0.00 0 0 0 5.00 0.00 0.50
14.00 48 47 30 0 0.00 0.00 0 0 0 5.00 0.00 0.50
12.00 48 48 30 0 0.00 0.00 0 0 0 5.00 0.00 0.50
13.00 48 48 30 0 0.00 0.00 0 0 0 5.00 0.00 0.50
13.00 48 48 30 0 0.00 0.00 0 0 0 5.00 0.00 0.50
13.00 48 47 30 0 0.00 0.00 0 0 0 5.00 0.00 0.50
12.00 48 48 30 0 0.00 0.00 0 0 0 5.00 0.00 0.50
14.00 47 47 30 0 0.00 0.00 0 0 0 5.00 0.00 0.50
12.00 47 48 30 0 0.00 0.00 0 0 0 5.00 0.00 0.50
12.00 47 48 30 0 0.00 0.00 0 0 0 5.00 0.00 0.50
13.00 47 48 30 0 0.00 0.00 0 0 0 5.00 0.00 0.50
13.00 47 48 30 0 0.00 0.00 0 0 0 5.00 0.00 0.50
13.00 47 48 30 0 0.00 0.00 0 0 0 5.00 0.00 0.50
12.00 47 47 30 0 0.00 0.00 0 0 0 5.00 0.00 0.50
14.00 47 48 30 0 0.00 0.00 0 0 0 5.00 0.00 0.50
12.00 47 48 30 0 0.00 0.00 0 0 0 5.00 0.00 0.50
13.00 47 48 30 0 0.00 0.00 0 0 0 5.00 0.00 0.50
13.00 47 48 30 0 0.00 0.00 0 0 0 5.00 0.00 0.50
12.00 47 48 30 0 0.00 0.00 0 0 0 5.00 0.00 0.50
13.00 47 48 30 0 0.00 0.00 0 0 0 5.00 0.00 0.50
12.00 47 48 30 0 0.00 0.00 0 0 0 5.00 0.00 0.50
14.00 48 48 30 0 0.00 0.00 0 0 0 5.00 0.00 0.50
12.00 47 48 30 0 0.00 0.00 0 0 0 5.00 0.00 0.50
13.00 47 48 30 0 0.00 0.00 0 0 0 5.00 0.00 0.50
13.00 48 48 30 0 0.00 0.00 0 0 0 5.00 0.00 0.50
13.00 47 47 30 0 0.00 0.00 0 0 0 5.00 0.00 0.50
12.00 48 47 30 0 0.00 0.00 0 0 0 5.00 0.00 0.50
13.00 47 48 30 0 0.00 0.00 0 0 0 5.00 0.00 0.50
13.00 47 48 30 0 0.00 0.00 0 0 0 5.00 0.00 0.50
12.00 47 48 30 0 0.00 0.00 0 0 0 5.00 0.00 0.50
13.00 48 48 30 0 0.00 0.00 0 0 0 5.00 0.00 0.50
13.00 47 48 30 0 0.00 0.00 0 0 0 5.00 0.00 0.50
13.00 47 48 30 0 0.00 0.00 0 0 0 5.00 0.00 0.50
12.00 48 48 30 0 0.00 0.00 0 0 0 5.00 0.00 0.50
13.00 47 47 30 0 0.00 0.00 0 0 0 5.00 0.00 0.50
13.00 47 47 30 0 0.00 0.00 0 0 0 5.00 0.00 0.50
12.00 47 47 30 0 0.00 0.00 0 0 0 5.00 0.00 0.50
14.00 48 48 30 0 0.00 0.00 0 0 0 5.00 0.00 0.50
12.00 47 47 30 0 0.00 0.00 0 0 0 5.00 0.00 0.50
13.00 48 47 30 0 0.00 0.00 0 0 0 5.00 0.00 0.50
12.00 47 47 30 0 0.00 0.00 0 0 0 5.00 0.00 0.50
14.00 47 48 30 0 0.00 0.00 0 0 0 5.00 0.00 0.50
12.00 47 47 30 0 0.00 0.00 0 0 0 5.00 0.00 0.50
12.00 47 48 30 0 0.00 0.00 0 0 0 5.00 0.00 0.50
14.00 48 48 30 0 0.00 0.00 0 0 0 5.00 0.00 0.50
12.00 47 48 30 0 0.00 0.00 0 0 0 5.00 0.00 0.50
13.00 48 48 30 0 0.00 0.00 0 0 0 5.00 0.00 0.50
13.00 47 48 30 0 0.00 0.00 0 0 0 5.00 0.00 0.50
13.00 48 48 30 0 0.00 0.00 0 0 0 5.00 0.00 0.50
12.00 48 48 30 0 0.00 0.00 0 0 0 5.00 0.00 0.50
13.00 48 47 30 0 0.00 0.00 0 0 0 5.00 0.00 0.50
13.00 47 48 30 0 0.00 0.00 0 0 0 5.00 0.00 0.50
12.00 47 48 30 0 0.00 0.00 0 0 0 5.00 0.00 0.50
13.00 47 48 30 0 0.00 0.00 0 0 0 5.00 0.00 0.50
13.00 48 48 30 0 0.00 0.00 0 0 0 5.00 0.00 0.50
13.00 48 47 30 0 0.00 0.00 0 0 0 5.00 0.00 0.50
12.00 48 47 30 0 0.00 0.00 0 0 0 5.00 0.00 0.50
14.00 47 47 30 0 0.00 0.00 0 0 0 5.00 0.00 0.50
12.00 47 48 30 0 0.00 0.00 0 0 0 5.00 0.00 0.50
13.00 48 48 30 0 0.00 0.00 0 0 0 5.00 0.00 0.50
12.00 47 48 30 0 0.00 0.00 0 0 0 5.00 0.00 0.50
13.00 47 47 30 0 0.00 0.00 0 0 0 5.00 0.00 0.50
13.00 47 48 30 0 0.00 0.00 0 0 0 5.00 0.00 0.50
12.00 47 47 30 0 0.00 0.00 0 0 0 5.00 0.00 0.50
14.00 48 47 30 0 0.00 0.00 0 0 0 5.00 0.00 0.50
12.00 48 47 30 0 0.00 0.00 0 0 0 5.00 0.00 0.50
13.00 48 47 30 0 0.00 0.00 0 0 0 5.00 0.00 0.50
12.00 48 47 30 0 0.00 0.00 0 0 0 5.00 0.00 0.50
13.00 48 48 30 0 0.00 0.00 0 0 0 5.00 0.00 0.50
13.00 48 47 30 0 0.00 0.00 0 0 0 5.00 0.00 0.50
12.00 48 48 30 0 0.00 0.00 0 0 0 5.00 0.00 0.50
14.00 48 47 30 0 0.00 0.00 0 0 0 5.00 0.00 0.50
12.00 48 47 30 0 0.00 0.00 0 0 0 5.00 0.00 0.50
13.00 48 48 30 0 0.00 0.00 0 0 0 5.00 0.00 0.50
13.00 48 47 30 0 0.00 0.00 0 0 0 5.00 0.00 0.50
13.00 47 47 30 0 0.00 0.00 0 0 0 5.00 0.00 0.50
12.00 48 47 30 0 0.00 0.00 0 0 0 5.00 0.00 0.50
12.00 47 48 30 0 0.00 0.00 0 0 0 5.00 0.00 0.50
14.00 48 47 30 0 0.00 0.00 0 0 0 5.00 0.00 0.50
12.00 48 47 30 0 0.00 0.00 0 0 0 5.00 0.00 0.50
13.00 48 47 30 0 0.00 0.00 0 0 0 5.00 0.00 0.50
13.00 48 47 30 0 0.00 0.00 0 0 0 5.00 0.00 0.50
13.00 49 48 30 0 0.00 0.00 0 0 0 5.00 0.00 0.50
12.00 48 47 30 0 0.00 0.00 0 0 0 5.00 0.00 0.50
14.00 48 47 30 0 0.00 0.00 0 0 0 5.00 0.00 0.50
12.00 48 47 30 0 0.00 0.00 0 0 0 5.00 0.00 0.50
12.00 48 48 30 0 0.00 0.00 0 0 0 5.00 0.00 0.50
13.00 48 47 30 0 0.00 0.00 0 0 0 5.00 0.00 0.50
13.00 48 47 30 0 0.00 0.00 0 0 0 5.00 0.00 0.50
13.00 48 47 30 0 0.00 0.00 0 0 0 5.00 0.00 0.50
12.00 48 47 30 0 0.00 0.00 0 0 0 5.00 0.00 0.50
14.00 48 47 30 0 0.00 0.00 0 0 0 5.00 0.00 0.50
12.00 48 47 30 0 0.00 0.00 0 0 0 5.00 0.00 0.50
13.00 48 48 30 0 0.00 0.00 0 0 0 5.00 0.00 0.50
13.00 48 47 30 0 0.00 0.00 0 0 0 5.00 0.00 0.50
12.00 48 47 30 0 0.00 0.00 0 0 0 5.00 0.00 0.50
13.00 49 47 30 0 0.00 0.00 0 0 0 5.00 0.00 0.50
12.00 48 47 30 0 0.00 0.00 0 0 0 5.00 0.00 0.50
14.00 48 47 30 0 0.00 0.00 0 0 0 5.00 0.00 0.50
12.00 49 47 30 0 0.00 0.00 0 0 0 5.00 0.00 0.50
13.00 48 47 30 0 0.00 0.00 0 0 0 5.00 0.00 0.50
13.00 48 47 30 0 0.00 0.00 0 0 0 5.00 0.00 0.50
12.00 48 48 30 0 0.00 0.00 0 0 0 5.00 0.00 0.50
13.00 48 48 30 0 0.00 0.00 0 0 0 5.00 0.00 0.50
13.00 47 47 30 0 0.00 0.00 0 0 0 5.00 0.00 0.50
13.00 48 47 47 3 155.00 155.00 47 0 0 5.00 0.00 0.50
14.00 48 47 47 3 155.00 155.00 47 0 0 5.00 0.00 0.50
13.00 48 47 47 3 155.00 155.00 47 0 0 5.00 0.00 0.50
15.00 48 47 47 3 155.00 155.00 47 0 0 5.00 0.00 0.50
14.00 48 47 47 3 155.00 155.00 47 0 0 5.00 0.00 0.50
13.00 48 47 47 3 155.00 155.00 47 0 0 5.00 0.00 0.50
15.00 48 48 47 3 135.83 174.17 48 0 0 5.00 0.00 0.50
14.00 48 48 47 3 152.50 157.50 48 0 0 5.00 0.00 0.50
14.00 47 48 47 3 152.50 157.50 48 0 0 5.00 0.00 0.50
14.00 48 48 47 3 152.50 157.50 48 0 0 5.00 0.00 0.50
14.00 48 47 47 3 172.86 137.14 47 0 0 5.00 0.00 0.50
14.00 47 48 47 3 134.64 175.36 48 0 0 5.00 0.00 0.50
14.00 48 48 47 3 152.50 157.50 48 0 0 5.00 0.00 0.50
14.00 48 48 47 3 152.50 157.50 48 0 0 5.00 0.00 0.50
14.00 48 47 47 3 172.86 137.14 47 0 0 5.00 0.00 0.50
14.00 48 47 47 3 155.00 155.00 47 0 0 5.00 0.00 0.50
14.00 48 47 47 3 155.00 155.00 47 0 0 5.00 0.00 0.50
14.00 48 47 47 3 155.00 155.00 47 0 0 5.00 0.00 0.50
15.00 47 48 47 3 135.83 174.17 48 0 0 5.00 0.00 0.50
13.00 47 48 47 3 152.50 157.50 48 0 0 5.00 0.00 0.50
14.00 47 48 47 3 152.50 157.50 48 0 0 5.00 0.00 0.50
15.00 47 48 47 3 152.50 157.50 48 0 0 5.00 0.00 0.50
13.00 47 48 47 3 152.50 157.50 48 0 0 5.00 0.00 0.50
14.00 47 48 47 3 152.50 157.50 48 0 0 5.00 0.00 0.50
15.00 47 48 47 3 152.50 157.50 48 0 0 5.00 0.00 0.50
14.00 47 48 47 3 152.50 157.50 48 0 0 5.00 0.00 0.50
13.00 47 48 47 3 152.50 157.50 48 0 0 5.00 0.00 0.50
15.00 47 47 47 3 171.67 138.33 47 0 0 5.00 0.00 0.50
14.00 47 47 47 3 155.00 155.00 47 0 0 5.00 0.00 0.50
13.00 48 48 47 3 133.27 176.73 48 0 0 5.00 0.00 0.50
15.00 48 48 47 3 152.50 157.50 48 0 0 5.00 0.00 0.50
14.00 48 47 47 3 172.86 137.14 47 0 0 5.00 0.00 0.50
14.00 47 48 47 3 134.64 175.36 48 0 0 5.00 0.00 0.50
14.00 48 47 47 3 172.86 137.14 47 0 0 5.00 0.00 0.50
14.00 48 47 47 3 155.00 155.00 47 0 0 5.00 0.00 0.50
14.00 47 47 47 3 155.00 155.00 47 0 0 5.00 0.00 0.50
14.00 47 48 47 3 134.64 175.36 48 0 0 5.00 0.00 0.50
14.00 47 47 47 3 172.86 137.14 47 0 0 5.00 0.00 0.50
14.00 47 48 47 3 134.64 175.36 48 0 0 5.00 0.00 0.50
15.00 48 47 47 3 171.67 138.33 47 0 0 5.00 0.00 0.50
13.00 47 48 47 3 133.27 176.73 48 0 0 5.00 0.00 0.50
14.00 47 47 47 3 172.86 137.14 47 0 0 5.00 0.00 0.50
15.00 47 48 47 3 135.83 174.17 48 0 0 5.00 0.00 0.50
13.00 47 48 47 3 152.50 157.50 48 0 0 5.00 0.00 0.50
14.00 47 48 47 3 152.50 157.50 48 0 0 5.00 0.00 0.50
15.00 47 47 47 3 171.67 138.33 47 0 0 5.00 0.00 0.50
14.00 47 48 47 3 134.64 175.36 48 0 0 5.00 0.00 0.50
13.00 47 48 47 3 152.50 157.50 48 0 0 5.00 0.00 0.50
15.00 48 47 47 3 171.67 138.33 47 0 0 5.00 0.00 0.50
14.00 47 48 47 3 134.64 175.36 48 0 0 5.00 0.00 0.50
13.00 47 48 47 3 152.50 157.50 48 0 0 5.00 0.00 0.50
15.00 47 48 47 3 152.50 157.50 48 0 0 5.00 0.00 0.50
14.00 48 48 47 3 152.50 157.50 48 0 0 5.00 0.00 0.50
13.00 49 48 47 3 152.50 157.50 48 0 0 5.00 0.00 0.50
15.00 48 48 47 3 152.50 157.50 48 0 0 5.00 0.00 0.50
14.00 48 48 47 3 152.50 157.50 48 0 0 5.00 0.00 0.50
14.00 48 48 47 3 152.50 157.50 48 0 0 5.00 0.00 0.50
14.00 47 48 47 3 152.50 157.50 48 0 0 5.00 0.00 0.50
14.00 47 48 47 3 152.50 157.50 48 0 0 5.00 0.00 0.50
14.00 48 48 47 3 152.50 157.50 48 0 0 5.00 0.00 0.50
14.00 47 48 47 3 152.50 157.50 48 0 0 5.00 0.00 0.50
14.00 47 48 47 3 152.50 157.50 48 0 0 5.00 0.00 0.50
14.00 47 48 47 3 152.50 157.50 48 0 0 5.00 0.00 0.50
15.00 47 48 47 3 152.50 157.50 48 0 0 5.00 0.00 0.50
13.00 48 48 47 3 152.50 157.50 48 0 0 5.00 0.00 0.50
14.00 47 48 47 3 152.50 157.50 48 0 0 5.00 0.00 0.50
15.00 48 48 47 3 152.50 157.50 48 0 0 5.00 0.00 0.50
13.00 48 48 47 3 152.50 157.50 48 0 0 5.00 0.00 0.50
14.00 47 48 47 3 152.50 157.50 48 0 0 5.00 0.00 0.50
15.00 47 48 47 3 152.50 157.50 48 0 0 5.00 0.00 0.50
14.00 47 48 47 3 152.50 157.50 48 0 0 5.00 0.00 0.50
13.00 47 48 47 3 152.50 157.50 48 0 0 5.00 0.00 0.50
15.00 48 48 47 3 152.50 157.50 48 0 0 5.00 0.00 0.50
14.00 48 48 47 3 152.50 157.50 48 0 0 5.00 0.00 0.50
13.00 48 48 47 3 152.50 157.50 48 0 0 5.00 0.00 0.50
15.00 48 48 47 3 152.50 157.50 48 0 0 5.00 0.00 0.50
14.00 48 48 47 3 152.50 157.50 48 0 0 5.00 0.00 0.50
14.00 48 48 47 3 152.50 157.50 48 0 0 5.00 0.00 0.50
13.00 48 48 47 3 152.50 157.50 48 0 0 5.00 0.00 0.50
15.00 48 48 47 3 152.50 157.50 48 0 0 5.00 0.00 0.50
14.00 48 48 47 3 152.50 157.50 48 0 0 5.00 0.00 0.50
13.00 47 48 47 3 152.50 157.50 48 0 0 5.00 0.00 0.50
15.00 48 48 47 3 152.50 157.50 48 0 0 5.00 0.00 0.50
14.00 48 48 47 3 152.50 157.50 48 0 0 5.00 0.00 0.50
14.00 48 48 47 3 152.50 157.50 48 0 0 5.00 0.00 0.50
14.00 48 48 47 3 152.50 157.50 48 0 0 5.00 0.00 0.50
14.00 48 48 47 3 152.50 157.50 48 0 0 5.00 0.00 0.50
14.00 48 48 47 3 152.50 157.50 48 0 0 5.00 0.00 0.50
14.00 48 48 47 3 152.50 157.50 48 0 0 5.00 0.00 0.50
14.00 48 48 47 3 152.50 157.50 48 0 0 5.00 0.00 0.50
14.00 48 48 47 3 152.50 157.50 48 0 0 5.00 0.00 0.50
15.00 48 49 47 3 133.33 176.67 49 0 0 5.00 0.00 0.50
13.00 48 48 47 3 171.73 138.27 48 0 0 5.00 0.00 0.50
14.00 48 48 47 3 152.50 157.50 48 0 0 5.00 0.00 0.50
15.00 48 48 47 3 152.50 157.50 48 0 0 5.00 0.00 0.50
13.00 48 48 47 3 152.50 157.50 48 0 0 5.00 0.00 0.50
14.00 47 48 47 3 152.50 157.50 48 0 0 5.00 0.00 0.50
15.00 48 48 47 3 152.50 157.50 48 0 0 5.00 0.00 0.50
13.00 48 48 47 3 152.50 157.50 48 0 0 5.00 0.00 0.50
14.00 47 47 47 3 172.86 137.14 47 0 0 5.00 0.00 0.50
15.00 47 47 47 3 155.00 155.00 47 0 0 5.00 0.00 0.50
14.00 48 47 47 3 155.00 155.00 47 0 0 5.00 0.00 0.50
13.00 47 47 47 3 155.00 155.00 47 0 0 5.00 0.00 0.50
15.00 47 47 47 3 155.00 155.00 47 0 0 5.00 0.00 0.50
14.00 48 47 47 3 155.00 155.00 47 0 0 5.00 0.00 0.50
13.00 48 47 47 3 155.00 155.00 47 0 0 5.00 0.00 0.50
15.00 48 47 47 3 155.00 155.00 47 0 0 5.00 0.00 0.50
14.00 48 47 47 3 155.00 155.00 47 0 0 5.00 0.00 0.50
14.00 48 47 47 3 155.00 155.00 47 0 0 5.00 0.00 0.50
14.00 48 47 47 3 155.00 155.00 47 0 0 5.00 0.00 0.50
14.00 48 47 47 3 155.00 155.00 47 0 0 5.00 0.00 0.50
14.00 48 47 47 3 155.00 155.00 47 0 0 5.00 0.00 0.50
14.00 48 47 47 3 155.00 155.00 47 0 0 5.00 0.00 0.50
14.00 45 47 47 3 155.00 155.00 47 0 0 5.00 0.00 0.50
14.00 47 47 47 3 155.00 155.00 47 0 0 5.00 0.00 0.50
15.00 47 47 47 3 155.00 155.00 47 0 0 5.00 0.00 0.50
13.00 48 47 47 3 155.00 155.00 47 0 0 5.00 0.00 0.50
14.00 47 47 47 3 155.00 155.00 47 0 0 5.00 0.00 0.50
15.00 48 47 47 3 155.00 155.00 47 0 0 5.00 0.00 0.50
13.00 47 47 47 3 155.00 155.00 47 0 0 5.00 0.00 0.50
14.00 47 48 47 3 134.64 175.36 48 0 0 5.00 0.00 0.50
15.00 47 47 47 3 171.67 138.33 47 0 0 5.00 0.00 0.50
14.00 46 47 47 3 155.00 155.00 47 0 0 5.00 0.00 0.50
13.00 47 47 47 3 155.00 155.00 47 0 0 5.00 0.00 0.50
15.00 46 47 47 3 155.00 155.00 47 0 0 5.00 0.00 0.50
14.00 46 46 47 3 175.36 134.64 46 0 0 5.00 0.00 0.50
13.00 46 47 47 3 135.77 174.23 47 0 0 5.00 0.00 0.50
15.00 46 47 47 3 155.00 155.00 47 0 0 5.00 0.00 0.50
14.00 46 47 47 3 155.00 155.00 47 0 0 5.00 0.00 0.50
14.00 46 47 47 3 155.00 155.00 47 0 0 5.00 0.00 0.50
14.00 46 47 47 3 155.00 155.00 47 0 0 5.00 0.00 0.50
14.00 47 47 47 3 155.00 155.00 47 0 0 5.00 0.00 0.50
14.00 47 47 47 3 155.00 155.00 47 0 0 5.00 0.00 0.50
14.00 46 47 47 3 155.00 155.00 47 0 0 5.00 0.00 0.50
14.00 46 47 47 3 155.00 155.00 47 0 0 5.00 0.00 0.50
14.00 46 47 47 3 155.00 155.00 47 0 0 5.00 0.00 0.50
15.00 46 47 47 3 155.00 155.00 47 0 0 5.00 0.00 0.50
13.00 46 47 47 3 155.00 155.00 47 0 0 5.00 0.00 0.50
14.00 46 46 47 3 175.36 134.64 46 0 0 5.00 0.00 0.50
15.00 46 46 47 3 157.50 152.50 46 0 0 5.00 0.00 0.50
13.00 46 46 47 3 157.50 152.50 46 0 0 5.00 0.00 0.50
14.00 46 47 47 3 137.14 172.86 47 0 0 5.00 0.00 0.50
15.00 46 47 47 3 155.00 155.00 47 0 0 5.00 0.00 0.50
13.00 46 47 47 3 155.00 155.00 47 0 0 5.00 0.00 0.50
14.00 45 47 47 3 155.00 155.00 47 0 0 5.00 0.00 0.50
15.00 46 46 47 3 174.17 135.83 46 0 0 5.00 0.00 0.50
14.00 46 46 47 3 157.50 152.50 46 0 0 5.00 0.00 0.50
13.00 46 47 47 3 135.77 174.23 47 0 0 5.00 0.00 0.50
15.00 47 47 47 3 155.00 155.00 47 0 0 5.00 0.00 0.50
14.00 46 47 47 3 155.00 155.00 47 0 0 5.00 0.00 0.50
13.00 46 47 47 3 155.00 155.00 47 0 0 5.00 0.00 0.50
15.00 47 47 47 3 155.00 155.00 47 0 0 5.00 0.00 0.50
14.00 46 46 47 3 175.36 134.64 46 0 0 5.00 0.00 0.50
14.00 45 46 47 3 157.50 152.50 46 0 0 5.00 0.00 0.50
13.00 47 46 47 3 157.50 152.50 46 0 0 5.00 0.00 0.50
15.00 46 46 47 3 157.50 152.50 46 0 0 5.00 0.00 0.50
14.00 45 46 47 3 157.50 152.50 46 0 0 5.00 0.00 0.50
13.00 46 46 47 3 157.50 152.50 46 0 0 5.00 0.00 0.50
15.00 45 46 47 3 157.50 152.50 46 0 0 5.00 0.00 0.50
14.00 46 46 47 3 157.50 152.50 46 0 0 5.00 0.00 0.50
14.00 46 46 47 3 157.50 152.50 46 0 0 5.00 0.00 0.50
14.00 45 46 47 3 157.50 152.50 46 0 0 5.00 0.00 0.50
14.00 46 46 47 3 157.50 152.50 46 0 0 5.00 0.00 0.50
14.00 46 45 47 3 177.86 132.14 45 0 0 5.00 0.00 0.50
14.00 46 46 47 3 139.64 170.36 46 0 0 5.00 0.00 0.50
14.00 46 46 47 3 157.50 152.50 46 0 0 5.00 0.00 0.50
14.00 46 45 47 3 177.86 132.14 45 0 0 5.00 0.00 0.50
15.00 46 45 47 3 160.00 150.00 45 0 0 5.00 0.00 0.50
13.00 46 45 47 3 160.00 150.00 45 0 0 5.00 0.00 0.50
14.00 46 45 47 3 160.00 150.00 45 0 0 5.00 0.00 0.50
15.00 46 45 47 3 160.00 150.00 45 0 0 5.00 0.00 0.50
13.00 46 45 47 3 160.00 150.00 45 0 0 5.00 0.00 0.50
14.00 46 45 47 3 160.00 150.00 45 0 0 5.00 0.00 0.50
15.00 46 45 47 3 160.00 150.00 45 0 0 5.00 0.00 0.50
14.00 46 45 47 3 160.00 150.00 45 0 0 5.00 0.00 0.50
13.00 46 45 47 3 160.00 150.00 45 0 0 5.00 0.00 0.50
15.00 46 45 47 3 160.00 150.00 45 0 0 5.00 0.00 0.50
14.00 46 44 47 3 180.36 129.64 44 0 0 5.00 0.00 0.50
13.00 45 44 47 3 162.50 147.50 44 0 0 5.00 0.00 0.50
15.00 46 44 47 3 162.50 147.50 44 0 0 5.00 0.00 0.50
14.00 46 44 47 3 162.50 147.50 44 0 0 5.00 0.00 0.50
13.00 46 44 47 3 162.50 147.50 44 0 0 5.00 0.00 0.50
15.00 46 44 47 3 162.50 147.50 44 0 0 5.00 0.00 0.50
14.00 46 45 47 3 142.14 167.86 45 0 0 5.00 0.00 0.50
14.00 46 44 47 3 180.36 129.64 44 0 0 5.00 0.00 0.50
14.00 46 45 47 3 142.14 167.86 45 0 0 5.00 0.00 0.50
14.00 46 44 47 3 180.36 129.64 44 0 0 5.00 0.00 0.50
14.00 46 44 47 3 162.50 147.50 44 0 0 5.00 0.00 0.50
14.00 45 44 47 3 162.50 147.50 44 0 0 5.00 0.00 0.50
14.00 46 44 47 3 162.50 147.50 44 0 0 5.00 0.00 0.50
14.00 46 44 47 3 162.50 147.50 44 0 0 5.00 0.00 0.50
15.00 46 44 47 3 162.50 147.50 44 0 0 5.00 0.00 0.50
13.00 45 44 47 3 162.50 147.50 44 0 0 5.00 0.00 0.50
14.00 45 43 47 3 182.86 127.14 43 0 0 5.00 0.00 0.50
15.00 45 44 47 3 145.83 164.17 44 0 0 5.00 0.00 0.50
13.00 45 43 47 3 184.23 125.77 43 0 0 5.00 0.00 0.50
14.00 45 44 47 3 144.64 165.36 44 0 0 5.00 0.00 0.50
15.00 45 44 47 3 162.50 147.50 44 0 0 5.00 0.00 0.50
14.00 45 44 47 3 162.50 147.50 44 0 0 5.00 0.00 0.50
13.00 45 43 47 3 184.23 125.77 43 0 0 5.00 0.00 0.50
15.00 45 43 47 3 165.00 145.00 43 0 0 5.00 0.00 0.50
14.00 45 43 47 3 165.00 145.00 43 0 0 5.00 0.00 0.50
13.00 44 43 47 3 165.00 145.00 43 0 0 5.00 0.00 0.50
15.00 45 44 47 3 145.83 164.17 44 0 0 5.00 0.00 0.50
14.00 44 44 47 3 162.50 147.50 44 0 0 5.00 0.00 0.50
14.00 44 43 47 3 182.86 127.14 43 0 0 5.00 0.00 0.50
14.00 44 43 47 3 165.00 145.00 43 0 0 5.00 0.00 0.50
14.00 44 43 47 3 165.00 145.00 43 0 0 5.00 0.00 0.50
14.00 45 43 47 3 165.00 145.00 43 0 0 5.00 0.00 0.50
14.00 44 43 47 3 165.00 145.00 43 0 0 5.00 0.00 0.50
14.00 44 43 47 3 165.00 145.00 43 0 0 5.00 0.00 0.50
14.00 44 43 47 3 165.00 145.00 43 0 0 5.00 0.00 0.50
15.00 44 43 47 3 165.00 145.00 43 0 0 5.00 0.00 0.50
13.00 45 43 47 3 165.00 145.00 43 0 0 5.00 0.00 0.50
14.00 44 43 47 3 165.00 145.00 43 0 0 5.00 0.00 0.50
15.00 44 43 47 3 165.00 145.00 43 0 0 5.00 0.00 0.50
13.00 44 43 47 3 165.00 145.00 43 0 0 5.00 0.00 0.50
14.00 44 43 47 3 165.00 145.00 43 0 0 5.00 0.00 0.50
15.00 43 43 47 3 165.00 145.00 43 0 0 5.00 0.00 0.50
14.00 43 43 47 3 165.00 145.00 43 0 0 5.00 0.00 0.50
13.00 43 43 47 3 165.00 145.00 43 0 0 5.00 0.00 0.50
15.00 44 43 47 3 165.00 145.00 43 0 0 5.00 0.00 0.50
14.00 43 43 47 3 165.00 145.00 43 0 0 5.00 0.00 0.50
13.00 43 43 47 3 165.00 145.00 43 0 0 5.00 0.00 0.50
15.00 43 43 47 3 165.00 145.00 43 0 0 5.00 0.00 0.50
14.00 43 43 47 3 165.00 145.00 43 0 0 5.00 0.00 0.50
13.00 44 43 47 3 165.00 145.00 43 0 0 5.00 0.00 0.50
15.00 43 43 47 3 165.00 145.00 43 0 0 5.00 0.00 0.50
14.00 43 42 47 3 185.36 124.64 42 0 0 5.00 0.00 0.50
14.00 43 43 47 3 147.14 162.86 43 0 0 5.00 0.00 0.50
14.00 44 43 47 3 165.00 145.00 43 0 0 5.00 0.00 0.50
14.00 43 43 47 3 165.00 145.00 43 0 0 5.00 0.00 0.50
14.00 43 43 47 3 165.00 145.00 43 0 0 5.00 0.00 0.50
13.00 43 43 47 3 165.00 145.00 43 0 0 5.00 0.00 0.50
15.00 43 43 47 3 165.00 145.00 43 0 0 5.00 0.00 0.50
14.00 42 43 47 3 165.00 145.00 43 0 0 5.00 0.00 0.50
14.00 42 43 47 3 165.00 145.00 43 0 0 5.00 0.00 0.50
14.00 42 43 47 3 165.00 145.00 43 0 0 5.00 0.00 0.50
14.00 42 43 47 3 165.00 145.00 43 0 0 5.00 0.00 0.50
14.00 42 43 47 3 165.00 145.00 43 0 0 5.00 0.00 0.50
14.00 41 42 47 3 185.36 124.64 42 0 0 5.00 0.00 0.50
14.00 42 43 47 3 147.14 162.86 43 0 0 5.00 0.00 0.50
14.00 42 43 47 3 165.00 145.00 43 0 0 5.00 0.00 0.50
15.00 42 42 47 3 184.17 125.83 42 0 0 5.00 0.00 0.50
13.00 42 43 47 3 145.77 164.23 43 0 0 5.00 0.00 0.50
14.00 42 42 47 3 185.36 124.64 42 0 0 5.00 0.00 0.50
15.00 42 43 47 3 148.33 161.67 43 0 0 5.00 0.00 0.50
13.00 41 42 47 3 186.73 123.27 42 0 0 5.00 0.00 0.50
14.00 40 43 47 3 147.14 162.86 43 0 0 5.00 0.00 0.50
15.00 41 43 47 3 165.00 145.00 43 0 0 5.00 0.00 0.50
14.00 42 42 47 3 185.36 124.64 42 0 0 5.00 0.00 0.50
13.00 42 43 47 3 145.77 164.23 43 0 0 5.00 0.00 0.50
15.00 42 43 47 3 165.00 145.00 43 0 0 5.00 0.00 0.50
14.00 42 43 47 3 165.00 145.00 43 0 0 5.00 0.00 0.50
13.00 41 43 47 3 165.00 145.00 43 0 0 5.00 0.00 0.50
15.00 41 42 47 3 184.17 125.83 42 0 0 5.00 0.00 0.50
14.00 42 43 47 3 147.14 162.86 43 0 0 5.00 0.00 0.50
14.00 41 43 47 3 165.00 145.00 43 0 0 5.00 0.00 0.50
14.00 42 43 47 3 165.00 145.00 43 0 0 5.00 0.00 0.50
14.00 42 43 47 3 165.00 145.00 43 0 0 5.00 0.00 0.50
14.00 42 43 47 3 165.00 145.00 43 0 0 5.00 0.00 0.50
14.00 41 43 47 3 165.00 145.00 43 0 0 5.00 0.00 0.50
14.00 42 43 47 3 165.00 145.00 43 0 0 5.00 0.00 0.50
14.00 41 43 47 3 165.00 145.00 43 0 0 5.00 0.00 0.50
15.00 41 43 47 3 165.00 145.00 43 0 0 5.00 0.00 0.50
13.00 41 43 47 3 165.00 145.00 43 0 0 5.00 0.00 0.50
14.00 42 43 47 3 165.00 145.00 43 0 0 5.00 0.00 0.50
15.00 41 43 47 3 165.00 145.00 43 0 0 5.00 0.00 0.50
13.00 42 43 47 3 165.00 145.00 43 0 0 5.00 0.00 0.50
14.00 42 43 47 3 165.00 145.00 43 0 0 5.00 0.00 0.50
15.00 41 42 47 3 184.17 125.83 42 0 0 5.00 0.00 0.50
13.00 41 42 47 3 167.50 142.50 42 0 0 5.00 0.00 0.50
14.00 41 42 47 3 167.50 142.50 42 0 0 5.00 0.00 0.50
15.00 42 42 47 3 167.50 142.50 42 0 0 5.00 0.00 0.50
14.00 42 42 47 3 167.50 142.50 42 0 0 5.00 0.00 0.50
13.00 42 42 47 3 167.50 142.50 42 0 0 5.00 0.00 0.50
15.00 42 42 47 3 167.50 142.50 42 0 0 5.00 0.00 0.50
14.00 42 43 47 3 147.14 162.86 43 0 0 5.00 0.00 0.50
13.00 43 43 47 3 165.00 145.00 43 0 0 5.00 0.00 0.50
15.00 42 42 47 3 184.17 125.83 42 0 0 5.00 0.00 0.50
14.00 42 42 47 3 167.50 142.50 42 0 0 5.00 0.00 0.50
14.00 43 42 47 3 167.50 142.50 42 0 0 5.00 0.00 0.50
14.00 42 42 47 3 167.50 142.50 42 0 0 5.00 0.00 0.50
14.00 43 42 47 3 167.50 142.50 42 0 0 5.00 0.00 0.50
14.00 43 42 47 3 167.50 142.50 42 0 0 5.00 0.00 0.50
14.00 43 43 47 3 147.14 162.86 43 0 0 5.00 0.00 0.50
14.00 43 42 47 3 185.36 124.64 42 0 0 5.00 0.00 0.50
14.00 43 42 47 3 167.50 142.50 42 0 0 5.00 0.00 0.50
15.00 43 42 47 3 167.50 142.50 42 0 0 5.00 0.00 0.50
13.00 43 42 47 3 167.50 142.50 42 0 0 5.00 0.00 0.50
14.00 43 43 47 3 147.14 162.86 43 0 0 5.00 0.00 0.50
15.00 43 42 47 3 184.17 125.83 42 0 0 5.00 0.00 0.50
13.00 43 42 47 3 167.50 142.50 42 0 0 5.00 0.00 0.50
14.00 42 42 47 3 167.50 142.50 42 0 0 5.00 0.00 0.50
15.00 42 43 47 3 148.33 161.67 43 0 0 5.00 0.00 0.50
14.00 42 43 47 3 165.00 145.00 43 0 0 5.00 0.00 0.50
13.00 42 42 47 3 186.73 123.27 42 0 0 5.00 0.00 0.50
15.00 42 43 47 3 148.33 161.67 43 0 0 5.00 0.00 0.50
14.00 42 42 47 3 185.36 124.64 42 0 0 5.00 0.00 0.50
13.00 42 42 47 3 167.50 142.50 42 0 0 5.00 0.00 0.50
15.00 42 43 47 3 148.33 161.67 43 0 0 5.00 0.00 0.50
14.00 42 42 47 3 185.36 124.64 42 0 0 5.00 0.00 0.50
14.00 42 42 47 3 167.50 142.50 42 0 0 5.00 0.00 0.50
14.00 42 43 47 3 147.14 162.86 43 0 0 5.00 0.00 0.50
14.00 42 43 47 3 165.00 145.00 43 0 0 5.00 0.00 0.50
14.00 42 43 47 3 165.00 145.00 43 0 0 5.00 0.00 0.50
14.00 42 44 47 3 144.64 165.36 44 0 0 5.00 0.00 0.50
14.00 42 43 47 3 182.86 127.14 43 0 0 5.00 0.00 0.50
14.00 42 43 47 3 165.00 145.00 43 0 0 5.00 0.00 0.50
13.00 41 44 47 3 143.27 166.73 44 0 0 5.00 0.00 0.50
15.00 42 43 47 3 181.67 128.33 43 0 0 5.00 0.00 0.50
14.00 42 43 47 3 165.00 145.00 43 0 0 5.00 0.00 0.50
15.00 42 43 47 3 165.00 145.00 43 0 0 5.00 0.00 0.50
13.00 42 43 47 3 165.00 145.00 43 0 0 5.00 0.00 0.50
14.00 42 43 47 3 165.00 145.00 43 0 0 5.00 0.00 0.50
14.00 42 43 47 3 165.00 145.00 43 0 0 5.00 0.00 0.50
14.00 42 43 47 3 165.00 145.00 43 0 0 5.00 0.00 0.50
14.00 43 43 47 3 165.00 145.00 43 0 0 5.00 0.00 0.50
14.00 42 43 47 3 165.00 145.00 43 0 0 5.00 0.00 0.50
15.00 43 43 47 3 165.00 145.00 43 0 0 5.00 0.00 0.50
13.00 42 43 47 3 165.00 145.00 43 0 0 5.00 0.00 0.50
14.00 42 43 47 3 165.00 145.00 43 0 0 5.00 0.00 0.50
15.00 42 43 47 3 165.00 145.00 43 0 0 5.00 0.00 0.50
13.00 42 43 47 3 165.00 145.00 43 0 0 5.00 0.00 0.50
14.00 42 44 47 3 144.64 165.36 44 0 0 5.00 0.00 0.50
15.00 42 43 47 3 181.67 128.33 43 0 0 5.00 0.00 0.50
14.00 42 44 47 3 144.64 165.36 44 0 0 5.00 0.00 0.50
13.00 42 44 47 3 162.50 147.50 44 0 0 5.00 0.00 0.50
15.00 43 44 47 3 162.50 147.50 44 0 0 5.00 0.00 0.50
14.00 42 44 47 3 162.50 147.50 44 0 0 5.00 0.00 0.50
13.00 43 44 47 3 162.50 147.50 44 0 0 5.00 0.00 0.50
15.00 42 44 47 3 162.50 147.50 44 0 0 5.00 0.00 0.50
14.00 42 44 47 3 162.50 147.50 44 0 0 5.00 0.00 0.50
14.00 43 44 47 3 162.50 147.50 44 0 0 5.00 0.00 0.50
14.00 43 44 47 3 162.50 147.50 44 0 0 5.00 0.00 0.50
14.00 43 44 47 3 162.50 147.50 44 0 0 5.00 0.00 0.50
14.00 43 44 47 3 162.50 147.50 44 0 0 5.00 0.00 0.50
14.00 43 45 47 3 142.14 167.86 45 0 0 5.00 0.00 0.50
14.00 43 44 47 3 180.36 129.64 44 0 0 5.00 0.00 0.50
14.00 43 44 47 3 162.50 147.50 44 0 0 5.00 0.00 0.50
15.00 42 45 47 3 143.33 166.67 45 0 0 5.00 0.00 0.50
13.00 43 45 47 3 160.00 150.00 45 0 0 5.00 0.00 0.50
14.00 43 45 47 3 160.00 150.00 45 0 0 5.00 0.00 0.50
15.00 43 45 47 3 160.00 150.00 45 0 0 5.00 0.00 0.50
13.00 43 45 47 3 160.00 150.00 45 0 0 5.00 0.00 0.50
14.00 44 45 47 3 160.00 150.00 45 0 0 5.00 0.00 0.50
15.00 43 45 47 3 160.00 150.00 45 0 0 5.00 0.00 0.50
14.00 43 45 47 3 160.00 150.00 45 0 0 5.00 0.00 0.50
13.00 43 45 47 3 160.00 150.00 45 0 0 5.00 0.00 0.50
15.00 43 45 47 3 160.00 150.00 45 0 0 5.00 0.00 0.50
14.00 43 45 47 3 160.00 150.00 45 0 0 5.00 0.00 0.50
13.00 44 45 47 3 160.00 150.00 45 0 0 5.00 0.00 0.50
15.00 44 45 47 3 160.00 150.00 45 0 0 5.00 0.00 0.50
14.00 43 45 47 3 160.00 150.00 45 0 0 5.00 0.00 0.50
13.00 43 46 47 3 138.27 171.73 46 0 0 5.00 0.00 0.50
15.00 44 46 47 3 157.50 152.50 46 0 0 5.00 0.00 0.50
14.00 44 45 47 3 177.86 132.14 45 0 0 5.00 0.00 0.50
14.00 44 46 47 3 139.64 170.36 46 0 0 5.00 0.00 0.50
14.00 43 46 47 3 157.50 152.50 46 0 0 5.00 0.00 0.50
14.00 44 46 47 3 157.50 152.50 46 0 0 5.00 0.00 0.50
14.00 44 46 47 3 157.50 152.50 46 0 0 5.00 0.00 0.50
14.00 44 46 47 3 157.50 152.50 46 0 0 5.00 0.00 0.50
14.00 44 46 47 3 157.50 152.50 46 0 0 5.00 0.00 0.50
14.00 44 46 47 3 157.50 152.50 46 0 0 5.00 0.00 0.50
15.00 43 46 47 3 157.50 152.50 46 0 0 5.00 0.00 0.50
13.00 44 46 47 3 157.50 152.50 46 0 0 5.00 0.00 0.50
14.00 45 46 47 3 157.50 152.50 46 0 0 5.00 0.00 0.50
15.00 45 47 47 3 138.33 171.67 47 0 0 5.00 0.00 0.50
13.00 44 46 47 3 176.73 133.27 46 0 0 5.00 0.00 0.50
14.00 45 47 47 3 137.14 172.86 47 0 0 5.00 0.00 0.50
15.00 44 47 47 3 155.00 155.00 47 0 0 5.00 0.00 0.50
14.00 44 47 47 3 155.00 155.00 47 0 0 5.00 0.00 0.50
13.00 44 47 47 3 155.00 155.00 47 0 0 5.00 0.00 0.50
15.00 45 47 47 3 155.00 155.00 47 0 0 5.00 0.00 0.50
14.00 45 47 47 3 155.00 155.00 47 0 0 5.00 0.00 0.50
13.00 44 47 47 3 155.00 155.00 47 0 0 5.00 0.00 0.50
15.00 44 47 47 3 155.00 155.00 47 0 0 5.00 0.00 0.50
14.00 45 47 47 3 155.00 155.00 47 0 0 5.00 0.00 0.50
14.00 45 47 47 3 155.00 155.00 47 0 0 5.00 0.00 0.50
14.00 45 47 47 3 155.00 155.00 47 0 0 5.00 0.00 0.50
14.00 46 47 47 3 155.00 155.00 47 0 0 5.00 0.00 0.50
14.00 45 47 47 3 155.00 155.00 47 0 0 5.00 0.00 0.50
14.00 46 48 47 3 134.64 175.36 48 0 0 5.00 0.00 0.50
14.00 46 48 47 3 152.50 157.50 48 0 0 5.00 0.00 0.50
14.00 46 47 47 3 172.86 137.14 47 0 0 5.00 0.00 0.50
15.00 45 47 47 3 155.00 155.00 47 0 0 5.00 0.00 0.50
13.00 46 47 47 3 155.00 155.00 47 0 0 5.00 0.00 0.50
14.00 46 47 47 3 155.00 155.00 47 0 0 5.00 0.00 0.50
15.00 46 47 47 3 155.00 155.00 47 0 0 5.00 0.00 0.50
13.00 46 47 47 3 155.00 155.00 47 0 0 5.00 0.00 0.50
14.00 46 47 47 3 155.00 155.00 47 0 0 5.00 0.00 0.50
14.00 46 47 47 3 155.00 155.00 47 0 0 5.00 0.00 0.50
15.00 46 47 47 3 155.00 155.00 47 0 0 5.00 0.00 0.50
13.00 46 48 47 3 133.27 176.73 48 0 0 5.00 0.00 0.50
14.00 47 47 47 3 172.86 137.14 47 0 0 5.00 0.00 0.50
15.00 46 47 47 3 155.00 155.00 47 0 0 5.00 0.00 0.50
13.00 47 48 47 3 133.27 176.73 48 0 0 5.00 0.00 0.50
14.00 47 47 47 3 172.86 137.14 47 0 0 5.00 0.00 0.50
15.00 46 47 47 3 155.00 155.00 47 0 0 5.00 0.00 0.50
13.00 46 48 47 3 133.27 176.73 48 0 0 5.00 0.00 0.50
14.00 47 48 47 3 152.50 157.50 48 0 0 5.00 0.00 0.50
15.00 47 48 47 3 152.50 157.50 48 0 0 5.00 0.00 0.50
14.00 47 48 47 3 152.50 157.50 48 0 0 5.00 0.00 0.50
13.00 47 48 47 3 152.50 157.50 48 0 0 5.00 0.00 0.50
15.00 47 48 47 3 152.50 157.50 48 0 0 5.00 0.00 0.50
14.00 47 48 47 3 152.50 157.50 48 0 0 5.00 0.00 0.50
13.00 47 48 47 3 152.50 157.50 48 0 0 5.00 0.00 0.50
15.00 46 48 47 3 152.50 157.50 48 0 0 5.00 0.00 0.50
14.00 46 48 47 3 152.50 157.50 48 0 0 5.00 0.00 0.50
14.00 46 48 47 3 152.50 157.50 48 0 0 5.00 0.00 0.50
14.00 46 48 47 3 152.50 157.50 48 0 0 5.00 0.00 0.50
14.00 46 48 47 3 152.50 157.50 48 0 0 5.00 0.00 0.50
14.00 46 48 47 3 152.50 157.50 48 0 0 5.00 0.00 0.50
14.00 46 48 47 3 152.50 157.50 48 0 0 5.00 0.00 0.50
14.00 46 49 47 3 132.14 177.86 49 0 0 5.00 0.00 0.50
14.00 46 48 47 3 170.36 139.64 48 0 0 5.00 0.00 0.50
15.00 47 49 47 3 133.33 176.67 49 0 0 5.00 0.00 0.50
13.00 47 48 47 3 171.73 138.27 48 0 0 5.00 0.00 0.50
14.00 47 48 47 3 152.50 157.50 48 0 0 5.00 0.00 0.50
15.00 47 48 47 3 152.50 157.50 48 0 0 5.00 0.00 0.50
13.00 47 49 47 3 130.77 179.23 49 0 0 5.00 0.00 0.50
14.00 47 49 47 3 150.00 160.00 49 0 0 5.00 0.00 0.50
15.00 47 49 47 3 150.00 160.00 49 0 0 5.00 0.00 0.50
14.00 47 49 47 3 150.00 160.00 49 0 0 5.00 0.00 0.50
13.00 47 49 47 3 150.00 160.00 49 0 0 5.00 0.00 0.50
15.00 47 49 47 3 150.00 160.00 49 0 0 5.00 0.00 0.50
14.00 48 49 47 3 150.00 160.00 49 0 0 5.00 0.00 0.50
13.00 47 49 47 3 150.00 160.00 49 0 0 5.00 0.00 0.50
15.00 47 49 47 3 150.00 160.00 49 0 0 5.00 0.00 0.50
14.00 47 49 47 3 150.00 160.00 49 0 0 5.00 0.00 0.50
14.00 48 49 47 3 150.00 160.00 49 0 0 5.00 0.00 0.50
14.00 47 49 47 3 150.00 160.00 49 0 0 5.00 0.00 0.50
14.00 47 49 47 3 150.00 160.00 49 0 0 5.00 0.00 0.50
14.00 47 49 47 3 150.00 160.00 49 0 0 5.00 0.00 0.50
14.00 48 49 47 3 150.00 160.00 49 0 0 5.00 0.00 0.50
14.00 48 49 47 3 150.00 160.00 49 0 0 5.00 0.00 0.50
14.00 48 49 47 3 150.00 160.00 49 0 0 5.00 0.00 0.50
14.00 48 50 47 3 129.64 180.36 50 0 0 5.00 0.00 0.50
14.00 48 50 47 3 147.50 162.50 50 0 0 5.00 0.00 0.50
14.00 48 50 47 3 147.50 162.50 50 0 0 5.00 0.00 0.50
15.00 48 50 47 3 147.50 162.50 50 0 0 5.00 0.00 0.50
13.00 48 50 47 3 147.50 162.50 50 0 0 5.00 0.00 0.50
14.00 48 50 47 3 147.50 162.50 50 0 0 5.00 0.00 0.50
15.00 48 50 47 3 147.50 162.50 50 0 0 5.00 0.00 0.50
13.00 48 50 47 3 147.50 162.50 50 0 0 5.00 0.00 0.50
14.00 48 50 47 3 147.50 162.50 50 0 0 5.00 0.00 0.50
15.00 48 50 47 3 147.50 162.50 50 0 0 5.00 0.00 0.50
14.00 48 50 47 3 147.50 162.50 50 0 0 5.00 0.00 0.50
13.00 48 50 47 3 147.50 162.50 50 0 0 5.00 0.00 0.50
15.00 49 50 47 3 147.50 162.50 50 0 0 5.00 0.00 0.50
14.00 48 51 47 3 127.14 182.86 51 0 0 5.00 0.00 0.50
13.00 48 50 47 3 166.73 143.27 50 0 0 5.00 0.00 0.50
15.00 49 50 47 3 147.50 162.50 50 0 0 5.00 0.00 0.50
14.00 49 50 47 3 147.50 162.50 50 0 0 5.00 0.00 0.50
14.00 49 51 47 3 127.14 182.86 51 0 0 5.00 0.00 0.50
14.00 48 51 47 3 145.00 165.00 51 0 0 5.00 0.00 0.50
14.00 48 50 47 3 165.36 144.64 50 0 0 5.00 0.00 0.50
14.00 49 50 47 3 147.50 162.50 50 0 0 5.00 0.00 0.50
14.00 49 50 47 3 147.50 162.50 50 0 0 5.00 0.00 0.50
14.00 49 50 47 3 147.50 162.50 50 0 0 5.00 0.00 0.50
14.00 49 50 47 3 147.50 162.50 50 0 0 5.00 0.00 0.50
15.00 49 50 47 3 147.50 162.50 50 0 0 5.00 0.00 0.50
13.00 49 50 47 3 147.50 162.50 50 0 0 5.00 0.00 0.50
14.00 49 50 47 3 147.50 162.50 50 0 0 5.00 0.00 0.50
15.00 49 50 47 3 147.50 162.50 50 0 0 5.00 0.00 0.50
13.00 50 50 47 3 147.50 162.50 50 0 0 5.00 0.00 0.50
14.00 49 50 47 3 147.50 162.50 50 0 0 5.00 0.00 0.50
15.00 49 50 47 3 147.50 162.50 50 0 0 5.00 0.00 0.50
14.00 49 50 47 3 147.50 162.50 50 0 0 5.00 0.00 0.50
13.00 49 50 47 3 147.50 162.50 50 0 0 5.00 0.00 0.50
14.00 49 50 47 3 147.50 162.50 50 0 0 5.00 0.00 0.50
15.00 49 50 47 3 147.50 162.50 50 0 0 5.00 0.00 0.50
13.00 49 49 47 3 169.23 140.77 49 0 0 5.00 0.00 0.50
14.00 49 49 47 3 150.00 160.00 49 0 0 5.00 0.00 0.50
15.00 49 49 47 3 150.00 160.00 49 0 0 5.00 0.00 0.50
14.00 49 49 47 3 150.00 160.00 49 0 0 5.00 0.00 0.50
13.00 49 49 47 3 150.00 160.00 49 0 0 5.00 0.00 0.50
15.00 49 50 47 3 130.83 179.17 50 0 0 5.00 0.00 0.50
14.00 49 50 47 3 147.50 162.50 50 0 0 5.00 0.00 0.50
13.00 49 50 47 3 147.50 162.50 50 0 0 5.00 0.00 0.50
15.00 49 49 47 3 166.67 143.33 49 0 0 5.00 0.00 0.50
14.00 49 50 47 3 129.64 180.36 50 0 0 5.00 0.00 0.50
13.00 49 49 47 3 169.23 140.77 49 0 0 5.00 0.00 0.50
15.00 49 49 47 3 150.00 160.00 49 0 0 5.00 0.00 0.50
14.00 49 49 47 3 150.00 160.00 49 0 0 5.00 0.00 0.50
14.00 49 49 47 3 150.00 160.00 49 0 0 5.00 0.00 0.50
14.00 49 49 47 3 150.00 160.00 49 0 0 5.00 0.00 0.50
14.00 49 50 47 3 129.64 180.36 50 0 0 5.00 0.00 0.50
14.00 49 49 47 3 167.86 142.14 49 0 0 5.00 0.00 0.50
14.00 48 49 47 3 150.00 160.00 49 0 0 5.00 0.00 0.50
14.00 49 49 47 3 150.00 160.00 49 0 0 5.00 0.00 0.50
14.00 49 49 47 3 150.00 160.00 49 0 0 5.00 0.00 0.50
15.00 49 49 47 3 150.00 160.00 49 0 0 5.00 0.00 0.50
13.00 49 49 47 3 150.00 160.00 49 0 0 5.00 0.00 0.50
14.00 49 49 47 3 150.00 160.00 49 0 0 5.00 0.00 0.50
15.00 48 49 47 3 150.00 160.00 49 0 0 5.00 0.00 0.50
13.00 49 49 47 3 150.00 160.00 49 0 0 5.00 0.00 0.50
14.00 49 49 47 3 150.00 160.00 49 0 0 5.00 0.00 0.50
15.00 49 50 47 3 130.83 179.17 50 0 0 5.00 0.00 0.50
14.00 49 49 47 3 167.86 142.14 49 0 0 5.00 0.00 0.50
13.00 49 49 47 3 150.00 160.00 49 0 0 5.00 0.00 0.50
15.00 50 48 47 3 169.17 140.83 48 0 0 5.00 0.00 0.50
14.00 49 48 47 3 152.50 157.50 48 0 0 5.00 0.00 0.50
13.00 49 48 47 3 152.50 157.50 48 0 0 5.00 0.00 0.50
15.00 49 48 47 3 152.50 157.50 48 0 0 5.00 0.00 0.50
14.00 49 48 47 3 152.50 157.50 48 0 0 5.00 0.00 0.50
14.00 49 48 47 3 152.50 157.50 48 0 0 5.00 0.00 0.50
14.00 49 48 47 3 152.50 157.50 48 0 0 5.00 0.00 0.50
14.00 49 49 47 3 132.14 177.86 49 0 0 5.00 0.00 0.50
14.00 49 49 47 3 150.00 160.00 49 0 0 5.00 0.00 0.50
14.00 49 48 47 3 170.36 139.64 48 0 0 5.00 0.00 0.50
14.00 49 49 47 3 132.14 177.86 49 0 0 5.00 0.00 0.50
14.00 49 48 47 3 170.36 139.64 48 0 0 5.00 0.00 0.50
15.00 48 48 47 3 152.50 157.50 48 0 0 5.00 0.00 0.50
13.00 48 48 47 3 152.50 157.50 48 0 0 5.00 0.00 0.50
14.00 49 48 47 3 152.50 157.50 48 0 0 5.00 0.00 0.50
15.00 49 48 47 3 152.50 157.50 48 0 0 5.00 0.00 0.50
13.00 49 48 47 3 152.50 157.50 48 0 0 5.00 0.00 0.50
14.00 48 48 47 3 152.50 157.50 48 0 0 5.00 0.00 0.50
15.00 48 48 47 3 152.50 157.50 48 0 0 5.00 0.00 0.50
14.00 49 48 47 3 152.50 157.50 48 0 0 5.00 0.00 0.50
13.00 48 48 47 3 152.50 157.50 48 0 0 5.00 0.00 0.50
15.00 48 47 47 3 171.67 138.33 47 0 0 5.00 0.00 0.50
14.00 47 47 47 3 155.00 155.00 47 0 0 5.00 0.00 0.50
13.00 45 47 47 3 155.00 155.00 47 0 0 5.00 0.00 0.50
15.00 45 47 47 3 155.00 155.00 47 0 0 5.00 0.00 0.50
14.00 47 47 47 3 155.00 155.00 47 0 0 5.00 0.00 0.50
13.00 47 47 47 3 155.00 155.00 47 0 0 5.00 0.00 0.50
15.00 47 47 47 3 155.00 155.00 47 0 0 5.00 0.00 0.50
14.00 47 47 47 3 155.00 155.00 47 0 0 5.00 0.00 0.50
14.00 46 47 47 3 155.00 155.00 47 0 0 5.00 0.00 0.50
14.00 46 47 47 3 155.00 155.00 47 0 0 5.00 0.00 0.50
14.00 48 47 47 3 155.00 155.00 47 0 0 5.00 0.00 0.50
14.00 47 47 47 3 155.00 155.00 47 0 0 5.00 0.00 0.50
14.00 48 47 47 3 155.00 155.00 47 0 0 5.00 0.00 0.50
14.00 47 47 47 3 155.00 155.00 47 0 0 5.00 0.00 0.50
14.00 48 46 47 3 175.36 134.64 46 0 0 5.00 0.00 0.50
15.00 47 46 47 3 157.50 152.50 46 0 0 5.00 0.00 0.50
13.00 47 46 47 3 157.50 152.50 46 0 0 5.00 0.00 0.50
14.00 46 46 47 3 157.50 152.50 46 0 0 5.00 0.00 0.50
15.00 47 47 47 3 138.33 171.67 47 0 0 5.00 0.00 0.50
13.00 47 47 47 3 155.00 155.00 47 0 0 5.00 0.00 0.50
14.00 47 47 47 3 155.00 155.00 47 0 0 5.00 0.00 0.50
15.00 47 46 47 3 174.17 135.83 46 0 0 5.00 0.00 0.50
14.00 47 46 47 3 157.50 152.50 46 0 0 5.00 0.00 0.50
13.00 47 46 47 3 157.50 152.50 46 0 0 5.00 0.00 0.50
14.00 48 46 47 3 157.50 152.50 46 0 0 5.00 0.00 0.50
15.00 47 46 47 3 157.50 152.50 46 0 0 5.00 0.00 0.50
13.00 47 46 47 3 157.50 152.50 46 0 0 5.00 0.00 0.50
14.00 47 46 47 3 157.50 152.50 46 0 0 5.00 0.00 0.50
15.00 47 45 47 3 176.67 133.33 45 0 0 5.00 0.00 0.50
14.00 47 45 47 3 160.00 150.00 45 0 0 5.00 0.00 0.50
13.00 46 46 47 3 138.27 171.73 46 0 0 5.00 0.00 0.50
15.00 46 46 47 3 157.50 152.50 46 0 0 5.00 0.00 0.50
14.00 47 45 47 3 177.86 132.14 45 0 0 5.00 0.00 0.50
13.00 47 46 47 3 138.27 171.73 46 0 0 5.00 0.00 0.50
15.00 47 45 47 3 176.67 133.33 45 0 0 5.00 0.00 0.50
14.00 47 45 47 3 160.00 150.00 45 0 0 5.00 0.00 0.50
14.00 47 45 47 3 160.00 150.00 45 0 0 5.00 0.00 0.50
14.00 47 45 47 3 160.00 150.00 45 0 0 5.00 0.00 0.50
14.00 47 45 47 3 160.00 150.00 45 0 0 5.00 0.00 0.50
14.00 47 45 47 3 160.00 150.00 45 0 0 5.00 0.00 0.50
14.00 46 45 47 3 160.00 150.00 45 0 0 5.00 0.00 0.50
14.00 47 46 47 3 139.64 170.36 46 0 0 5.00 0.00 0.50
14.00 46 45 47 3 177.86 132.14 45 0 0 5.00 0.00 0.50
14.00 46 45 47 3 160.00 150.00 45 0 0 5.00 0.00 0.50
14.00 47 45 47 3 160.00 150.00 45 0 0 5.00 0.00 0.50
14.00 46 45 47 3 160.00 150.00 45 0 0 5.00 0.00 0.50
15.00 46 45 47 3 160.00 150.00 45 0 0 5.00 0.00 0.50
13.00 46 45 47 3 160.00 150.00 45 0 0 5.00 0.00 0.50
14.00 46 45 47 3 160.00 150.00 45 0 0 5.00 0.00 0.50
15.00 46 45 47 3 160.00 150.00 45 0 0 5.00 0.00 0.50
13.00 46 45 47 3 160.00 150.00 45 0 0 5.00 0.00 0.50
14.00 45 45 47 3 160.00 150.00 45 0 0 5.00 0.00 0.50
15.00 45 45 47 3 160.00 150.00 45 0 0 5.00 0.00 0.50
14.00 45 45 47 3 160.00 150.00 45 0 0 5.00 0.00 0.50
13.00 46 45 47 3 160.00 150.00 45 0 0 5.00 0.00 0.50
15.00 45 45 47 3 160.00 150.00 45 0 0 5.00 0.00 0.50
14.00 45 45 47 3 160.00 150.00 45 0 0 5.00 0.00 0.50
13.00 45 45 47 3 160.00 150.00 45 0 0 5.00 0.00 0.50
15.00 45 45 47 3 160.00 150.00 45 0 0 5.00 0.00 0.50
14.00 45 45 47 3 160.00 150.00 45 0 0 5.00 0.00 0.50
14.00 45 45 47 3 160.00 150.00 45 0 0 5.00 0.00 0.50
14.00 45 45 47 3 160.00 150.00 45 0 0 5.00 0.00 0.50
14.00 45 45 47 3 160.00 150.00 45 0 0 5.00 0.00 0.50
14.00 45 45 47 3 160.00 150.00 45 0 0 5.00 0.00 0.50
14.00 45 44 47 3 180.36 129.64 44 0 0 5.00 0.00 0.50
14.00 45 45 47 3 142.14 167.86 45 0 0 5.00 0.00 0.50
14.00 45 44 47 3 180.36 129.64 44 0 0 5.00 0.00 0.50
15.00 45 44 47 3 162.50 147.50 44 0 0 5.00 0.00 0.50
13.00 45 45 47 3 140.77 169.23 45 0 0 5.00 0.00 0.50
14.00 45 44 47 3 180.36 129.64 44 0 0 5.00 0.00 0.50
15.00 45 44 47 3 162.50 147.50 44 0 0 5.00 0.00 0.50
13.00 44 44 47 3 162.50 147.50 44 0 0 5.00 0.00 0.50
14.00 45 44 47 3 162.50 147.50 44 0 0 5.00 0.00 0.50
15.00 45 44 47 3 162.50 147.50 44 0 0 5.00 0.00 0.50
14.00 44 45 47 3 142.14 167.86 45 0 0 5.00 0.00 0.50
13.00 44 45 47 3 160.00 150.00 45 0 0 5.00 0.00 0.50
15.00 44 44 47 3 179.17 130.83 44 0 0 5.00 0.00 0.50
14.00 44 44 47 3 162.50 147.50 44 0 0 5.00 0.00 0.50
13.00 44 44 47 3 162.50 147.50 44 0 0 5.00 0.00 0.50
15.00 44 45 47 3 143.33 166.67 45 0 0 5.00 0.00 0.50
14.00 44 44 47 3 180.36 129.64 44 0 0 5.00 0.00 0.50
14.00 44 44 47 3 162.50 147.50 44 0 0 5.00 0.00 0.50
14.00 45 44 47 3 162.50 147.50 44 0 0 5.00 0.00 0.50
14.00 45 44 47 3 162.50 147.50 44 0 0 5.00 0.00 0.50
14.00 44 45 47 3 142.14 167.86 45 0 0 5.00 0.00 0.50
14.00 44 44 47 3 180.36 129.64 44 0 0 5.00 0.00 0.50
14.00 44 44 47 3 162.50 147.50 44 0 0 5.00 0.00 0.50
14.00 44 44 47 3 162.50 147.50 44 0 0 5.00 0.00 0.50
14.00 44 44 47 3 162.50 147.50 44 0 0 5.00 0.00 0.50
14.00 44 44 47 3 162.50 147.50 44 0 0 5.00 0.00 0.50
14.00 44 44 47 3 162.50 147.50 44 0 0 5.00 0.00 0.50
15.00 44 44 47 3 162.50 147.50 44 0 0 5.00 0.00 0.50
13.00 44 44 47 3 162.50 147.50 44 0 0 5.00 0.00 0.50
14.00 44 44 47 3 162.50 147.50 44 0 0 5.00 0.00 0.50
15.00 44 44 47 3 162.50 147.50 44 0 0 5.00 0.00 0.50
13.00 44 44 47 3 162.50 147.50 44 0 0 5.00 0.00 0.50
14.00 44 44 47 3 162.50 147.50 44 0 0 5.00 0.00 0.50
15.00 44 44 47 3 162.50 147.50 44 0 0 5.00 0.00 0.50
14.00 44 44 47 3 162.50 147.50 44 0 0 5.00 0.00 0.50
13.00 44 44 47 3 162.50 147.50 44 0 0 5.00 0.00 0.50
15.00 43 44 47 3 162.50 147.50 44 0 0 5.00 0.00 0.50
14.00 43 44 47 3 162.50 147.50 44 0 0 5.00 0.00 0.50
13.00 43 44 47 3 162.50 147.50 44 0 0 5.00 0.00 0.50
14.00 44 44 47 3 162.50 147.50 44 0 0 5.00 0.00 0.50
15.00 43 44 47 3 162.50 147.50 44 0 0 5.00 0.00 0.50
14.00 44 44 47 3 162.50 147.50 44 0 0 5.00 0.00 0.50
13.00 44 45 47 3 140.77 169.23 45 0 0 5.00 0.00 0.50
15.00 44 44 47 3 179.17 130.83 44 0 0 5.00 0.00 0.50
14.00 44 45 47 3 142.14 167.86 45 0 0 5.00 0.00 0.50
13.00 44 44 47 3 181.73 128.27 44 0 0 5.00 0.00 0.50
15.00 44 45 47 3 143.33 166.67 45 0 0 5.00 0.00 0.50
14.00 44 45 47 3 160.00 150.00 45 0 0 5.00 0.00 0.50
14.00 43 45 47 3 160.00 150.00 45 0 0 5.00 0.00 0.50
14.00 44 45 47 3 160.00 150.00 45 0 0 5.00 0.00 0.50
14.00 44 45 47 3 160.00 150.00 45 0 0 5.00 0.00 0.50
14.00 43 45 47 3 160.00 150.00 45 0 0 5.00 0.00 0.50
14.00 43 45 47 3 160.00 150.00 45 0 0 5.00 0.00 0.50
14.00 44 45 47 3 160.00 150.00 45 0 0 5.00 0.00 0.50
14.00 43 45 47 3 160.00 150.00 45 0 0 5.00 0.00 0.50
15.00 43 45 47 3 160.00 150.00 45 0 0 5.00 0.00 0.50
13.00 43 45 47 3 160.00 150.00 45 0 0 5.00 0.00 0.50
14.00 43 45 47 3 160.00 150.00 45 0 0 5.00 0.00 0.50
15.00 43 45 47 3 160.00 150.00 45 0 0 5.00 0.00 0.50
13.00 43 45 47 3 160.00 150.00 45 0 0 5.00 0.00 0.50
14.00 44 45 47 3 160.00 150.00 45 0 0 5.00 0.00 0.50
15.00 43 45 47 3 160.00 150.00 45 0 0 5.00 0.00 0.50
14.00 43 44 47 3 180.36 129.64 44 0 0 5.00 0.00 0.50
13.00 44 45 47 3 140.77 169.23 45 0 0 5.00 0.00 0.50
15.00 43 44 47 3 179.17 130.83 44 0 0 5.00 0.00 0.50
14.00 43 44 47 3 162.50 147.50 44 0 0 5.00 0.00 0.50
13.00 44 45 47 3 140.77 169.23 45 0 0 5.00 0.00 0.50
15.00 44 45 47 3 160.00 150.00 45 0 0 5.00 0.00 0.50
14.00 44 45 47 3 160.00 150.00 45 0 0 5.00 0.00 0.50
13.00 45 44 47 3 181.73 128.27 44 0 0 5.00 0.00 0.50
15.00 44 45 47 3 143.33 166.67 45 0 0 5.00 0.00 0.50
14.00 45 45 47 3 160.00 150.00 45 0 0 5.00 0.00 0.50
14.00 45 45 47 3 160.00 150.00 45 0 0 5.00 0.00 0.50
14.00 44 45 47 3 160.00 150.00 45 0 0 5.00 0.00 0.50
14.00 44 45 47 3 160.00 150.00 45 0 0 5.00 0.00 0.50
14.00 44 45 47 3 160.00 150.00 45 0 0 5.00 0.00 0.50
14.00 44 45 47 3 160.00 150.00 45 0 0 5.00 0.00 0.50
14.00 44 45 47 3 160.00 150.00 45 0 0 5.00 0.00 0.50
14.00 45 45 47 3 160.00 150.00 45 0 0 5.00 0.00 0.50
15.00 44 45 47 3 160.00 150.00 45 0 0 5.00 0.00 0.50
13.00 44 45 47 3 160.00 150.00 45 0 0 5.00 0.00 0.50
14.00 44 45 47 3 160.00 150.00 45 0 0 5.00 0.00 0.50
15.00 44 45 47 3 160.00 150.00 45 0 0 5.00 0.00 0.50
13.00 44 45 47 3 160.00 150.00 45 0 0 5.00 0.00 0.50
14.00 44 45 47 3 160.00 150.00 45 0 0 5.00 0.00 0.50
15.00 44 45 47 3 160.00 150.00 45 0 0 5.00 0.00 0.50
14.00 44 45 47 3 160.00 150.00 45 0 0 5.00 0.00 0.50
13.00 44 45 47 3 160.00 150.00 45 0 0 5.00 0.00 0.50
15.00 44 45 47 3 160.00 150.00 45 0 0 5.00 0.00 0.50
14.00 44 45 47 3 160.00 150.00 45 0 0 5.00 0.00 0.50
13.00 44 45 47 3 160.00 150.00 45 0 0 5.00 0.00 0.50
15.00 44 45 47 3 160.00 150.00 45 0 0 5.00 0.00 0.50
14.00 44 45 47 3 160.00 150.00 45 0 0 5.00 0.00 0.50
14.00 44 45 47 3 160.00 150.00 45 0 0 5.00 0.00 0.50
14.00 43 46 47 3 139.64 170.36 46 0 0 5.00 0.00 0.50
14.00 44 45 47 3 177.86 132.14 45 0 0 5.00 0.00 0.50
14.00 44 45 47 3 160.00 150.00 45 0 0 5.00 0.00 0.50
14.00 44 45 47 3 160.00 150.00 45 0 0 5.00 0.00 0.50
14.00 43 45 47 3 160.00 150.00 45 0 0 5.00 0.00 0.50
14.00 44 44 47 3 180.36 129.64 44 0 0 5.00 0.00 0.50
15.00 44 45 47 3 143.33 166.67 45 0 0 5.00 0.00 0.50
13.00 44 44 47 3 181.73 128.27 44 0 0 5.00 0.00 0.50
14.00 44 44 47 3 162.50 147.50 44 0 0 5.00 0.00 0.50
15.00 44 45 47 3 143.33 166.67 45 0 0 5.00 0.00 0.50
13.00 44 44 47 3 181.73 128.27 44 0 0 5.00 0.00 0.50
14.00 44 45 47 3 142.14 167.86 45 0 0 5.00 0.00 0.50
15.00 44 44 47 3 179.17 130.83 44 0 0 5.00 0.00 0.50
13.00 44 45 47 3 140.77 169.23 45 0 0 5.00 0.00 0.50
14.00 44 45 47 3 160.00 150.00 45 0 0 5.00 0.00 0.50
15.00 44 45 47 3 160.00 150.00 45 0 0 5.00 0.00 0.50
14.00 43 45 47 3 160.00 150.00 45 0 0 5.00 0.00 0.50
13.00 44 45 47 3 160.00 150.00 45 0 0 5.00 0.00 0.50
15.00 44 45 47 3 160.00 150.00 45 0 0 5.00 0.00 0.50
14.00 44 44 47 3 180.36 129.64 44 0 0 5.00 0.00 0.50
13.00 44 44 47 3 162.50 147.50 44 0 0 5.00 0.00 0.50
14.00 44 44 47 3 162.50 147.50 44 0 0 5.00 0.00 0.50
15.00 44 45 47 3 143.33 166.67 45 0 0 5.00 0.00 0.50
14.00 44 45 47 3 160.00 150.00 45 0 0 5.00 0.00 0.50
13.00 44 45 47 3 160.00 150.00 45 0 0 5.00 0.00 0.50
15.00 44 45 47 3 160.00 150.00 45 0 0 5.00 0.00 0.50
14.00 44 45 47 3 160.00 150.00 45 0 0 5.00 0.00 0.50
13.00 44 46 47 3 138.27 171.73 46 0 0 5.00 0.00 0.50
15.00 43 45 47 3 176.67 133.33 45 0 0 5.00 0.00 0.50
14.00 44 45 47 3 160.00 150.00 45 0 0 5.00 0.00 0.50
14.00 44 45 47 3 160.00 150.00 45 0 0 5.00 0.00 0.50
14.00 44 45 47 3 160.00 150.00 45 0 0 5.00 0.00 0.50
14.00 43 46 47 3 139.64 170.36 46 0 0 5.00 0.00 0.50
14.00 44 45 47 3 177.86 132.14 45 0 0 5.00 0.00 0.50
14.00 44 45 47 3 160.00 150.00 45 0 0 5.00 0.00 0.50
14.00 44 45 47 3 160.00 150.00 45 0 0 5.00 0.00 0.50
14.00 44 45 47 3 160.00 150.00 45 0 0 5.00 0.00 0.50
15.00 43 45 47 3 160.00 150.00 45 0 0 5.00 0.00 0.50
13.00 44 46 47 3 138.27 171.73 46 0 0 5.00 0.00 0.50
14.00 44 45 47 3 177.86 132.14 45 0 0 5.00 0.00 0.50
15.00 44 45 47 3 160.00 150.00 45 0 0 5.00 0.00 0.50
13.00 43 45 47 3 160.00 150.00 45 0 0 5.00 0.00 0.50
14.00 43 46 47 3 139.64 170.36 46 0 0 5.00 0.00 0.50
15.00 44 45 47 3 176.67 133.33 45 0 0 5.00 0.00 0.50
14.00 44 45 47 3 160.00 150.00 45 0 0 5.00 0.00 0.50
13.00 44 45 47 3 160.00 150.00 45 0 0 5.00 0.00 0.50
15.00 44 45 47 3 160.00 150.00 45 0 0 5.00 0.00 0.50
14.00 44 46 47 3 139.64 170.36 46 0 0 5.00 0.00 0.50
13.00 44 45 47 3 179.23 130.77 45 0 0 5.00 0.00 0.50
15.00 44 46 47 3 140.83 169.17 46 0 0 5.00 0.00 0.50
14.00 44 46 47 3 157.50 152.50 46 0 0 5.00 0.00 0.50
14.00 44 46 47 3 157.50 152.50 46 0 0 5.00 0.00 0.50
14.00 44 45 47 3 177.86 132.14 45 0 0 5.00 0.00 0.50
14.00 44 45 47 3 160.00 150.00 45 0 0 5.00 0.00 0.50
14.00 44 45 47 3 160.00 150.00 45 0 0 5.00 0.00 0.50
14.00 44 46 47 3 139.64 170.36 46 0 0 5.00 0.00 0.50
14.00 44 45 47 3 177.86 132.14 45 0 0 5.00 0.00 0.50
14.00 45 45 47 3 160.00 150.00 45 0 0 5.00 0.00 0.50
14.00 44 46 47 3 139.64 170.36 46 0 0 5.00 0.00 0.50
14.00 44 46 47 3 157.50 152.50 46 0 0 5.00 0.00 0.50
14.00 45 46 47 3 157.50 152.50 46 0 0 5.00 0.00 0.50
15.00 44 46 47 3 157.50 152.50 46 0 0 5.00 0.00 0.50
13.00 44 46 47 3 157.50 152.50 46 0 0 5.00 0.00 0.50
14.00 44 46 47 3 157.50 152.50 46 0 0 5.00 0.00 0.50
15.00 44 46 47 3 157.50 152.50 46 0 0 5.00 0.00 0.50
13.00 44 46 47 3 157.50 152.50 46 0 0 5.00 0.00 0.50
14.00 44 46 47 3 157.50 152.50 46 0 0 5.00 0.00 0.50
15.00 44 46 47 3 157.50 152.50 46 0 0 5.00 0.00 0.50
14.00 45 46 47 3 157.50 152.50 46 0 0 5.00 0.00 0.50
13.00 44 46 47 3 157.50 152.50 46 0 0 5.00 0.00 0.50
15.00 44 46 47 3 157.50 152.50 46 0 0 5.00 0.00 0.50
14.00 45 46 47 3 157.50 152.50 46 0 0 5.00 0.00 0.50
13.00 44 46 47 3 157.50 152.50 46 0 0 5.00 0.00 0.50
15.00 44 46 47 3 157.50 152.50 46 0 0 5.00 0.00 0.50
14.00 44 46 47 3 157.50 152.50 46 0 0 5.00 0.00 0.50
14.00 45 46 47 3 157.50 152.50 46 0 0 5.00 0.00 0.50
14.00 44 46 47 3 157.50 152.50 46 0 0 5.00 0.00 0.50
14.00 45 46 47 3 157.50 152.50 46 0 0 5.00 0.00 0.50
14.00 44 46 47 3 157.50 152.50 46 0 0 5.00 0.00 0.50
14.00 45 46 47 3 157.50 152.50 46 0 0 5.00 0.00 0.50
14.00 45 46 47 3 157.50 152.50 46 0 0 5.00 0.00 0.50
14.00 45 46 47 3 157.50 152.50 46 0 0 5.00 0.00 0.50
15.00 45 46 47 3 157.50 152.50 46 0 0 5.00 0.00 0.50
13.00 44 46 47 3 157.50 152.50 46 0 0 5.00 0.00 0.50
14.00 46 45 47 3 177.86 132.14 45 0 0 5.00 0.00 0.50
15.00 45 46 47 3 140.83 169.17 46 0 0 5.00 0.00 0.50
13.00 46 45 47 3 179.23 130.77 45 0 0 5.00 0.00 0.50
14.00 45 45 47 3 160.00 150.00 45 0 0 5.00 0.00 0.50
15.00 45 46 47 3 140.83 169.17 46 0 0 5.00 0.00 0.50
14.00 46 45 47 3 177.86 132.14 45 0 0 5.00 0.00 0.50
13.00 45 46 47 3 138.27 171.73 46 0 0 5.00 0.00 0.50
15.00 46 45 47 3 176.67 133.33 45 0 0 5.00 0.00 0.50
14.00 45 46 47 3 139.64 170.36 46 0 0 5.00 0.00 0.50
13.00 45 45 47 3 179.23 130.77 45 0 0 5.00 0.00 0.50
15.00 45 46 47 3 140.83 169.17 46 0 0 5.00 0.00 0.50
14.00 45 46 47 3 157.50 152.50 46 0 0 5.00 0.00 0.50
14.00 45 46 47 3 157.50 152.50 46 0 0 5.00 0.00 0.50
14.00 45 46 47 3 157.50 152.50 46 0 0 5.00 0.00 0.50
14.00 45 46 47 3 157.50 152.50 46 0 0 5.00 0.00 0.50
14.00 45 46 47 3 157.50 152.50 46 0 0 5.00 0.00 0.50
13.00 45 46 47 3 157.50 152.50 46 0 0 5.00 0.00 0.50
15.00 46 46 47 3 157.50 152.50 46 0 0 5.00 0.00 0.50
14.00 45 46 47 3 157.50 152.50 46 0 0 5.00 0.00 0.50
13.00 45 46 47 3 157.50 152.50 46 0 0 5.00 0.00 0.50
15.00 45 46 47 3 157.50 152.50 46 0 0 5.00 0.00 0.50
14.00 46 46 47 3 157.50 152.50 46 0 0 5.00 0.00 0.50
14.00 45 46 47 3 157.50 152.50 46 0 0 5.00 0.00 0.50
14.00 45 46 47 3 157.50 152.50 46 0 0 5.00 0.00 0.50
14.00 45 46 47 3 157.50 152.50 46 0 0 5.00 0.00 0.50
14.00 45 46 47 3 157.50 152.50 46 0 0 5.00 0.00 0.50
14.00 45 46 47 3 157.50 152.50 46 0 0 5.00 0.00 0.50
14.00 45 46 47 3 157.50 152.50 46 0 0 5.00 0.00 0.50
14.00 45 46 47 3 157.50 152.50 46 0 0 5.00 0.00 0.50
15.00 45 46 47 3 157.50 152.50 46 0 0 5.00 0.00 0.50
13.00 45 47 47 3 135.77 174.23 47 0 0 5.00 0.00 0.50
14.00 45 47 47 3 155.00 155.00 47 0 0 5.00 0.00 0.50
15.00 45 47 47 3 155.00 155.00 47 0 0 5.00 0.00 0.50
13.00 45 47 47 3 155.00 155.00 47 0 0 5.00 0.00 0.50
14.00 46 47 47 3 155.00 155.00 47 0 0 5.00 0.00 0.50
15.00 45 47 47 3 155.00 155.00 47 0 0 5.00 0.00 0.50
14.00 45 47 47 3 155.00 155.00 47 0 0 5.00 0.00 0.50
13.00 45 47 47 3 155.00 155.00 47 0 0 5.00 0.00 0.50
15.00 45 47 47 3 155.00 155.00 47 0 0 5.00 0.00 0.50
14.00 45 47 47 3 155.00 155.00 47 0 0 5.00 0.00 0.50
13.00 45 47 47 3 155.00 155.00 47 0 0 5.00 0.00 0.50
15.00 45 48 47 3 135.83 174.17 48 0 0 5.00 0.00 0.50
14.00 45 47 47 3 172.86 137.14 47 0 0 5.00 0.00 0.50
14.00 46 47 47 3 155.00 155.00 47 0 0 5.00 0.00 0.50
14.00 45 48 47 3 134.64 175.36 48 0 0 5.00 0.00 0.50
14.00 45 48 47 3 152.50 157.50 48 0 0 5.00 0.00 0.50
14.00 45 48 47 3 152.50 157.50 48 0 0 5.00 0.00 0.50
14.00 45 48 47 3 152.50 157.50 48 0 0 5.00 0.00 0.50
14.00 46 48 47 3 152.50 157.50 48 0 0 5.00 0.00 0.50
14.00 46 48 47 3 152.50 157.50 48 0 0 5.00 0.00 0.50
15.00 46 48 47 3 152.50 157.50 48 0 0 5.00 0.00 0.50
13.00 46 48 47 3 152.50 157.50 48 0 0 5.00 0.00 0.50
14.00 47 48 47 3 152.50 157.50 48 0 0 5.00 0.00 0.50
15.00 46 48 47 3 152.50 157.50 48 0 0 5.00 0.00 0.50
13.00 46 48 47 3 152.50 157.50 48 0 0 5.00 0.00 0.50
14.00 46 49 47 3 132.14 177.86 49 0 0 5.00 0.00 0.50
15.00 46 48 47 3 169.17 140.83 48 0 0 5.00 0.00 0.50
13.00 46 49 47 3 130.77 179.23 49 0 0 5.00 0.00 0.50
14.00 46 49 47 3 150.00 160.00 49 0 0 5.00 0.00 0.50
15.00 46 49 47 3 150.00 160.00 49 0 0 5.00 0.00 0.50
14.00 46 48 47 3 170.36 139.64 48 0 0 5.00 0.00 0.50
13.00 47 49 47 3 130.77 179.23 49 0 0 5.00 0.00 0.50
15.00 47 48 47 3 169.17 140.83 48 0 0 5.00 0.00 0.50
14.00 47 49 47 3 132.14 177.86 49 0 0 5.00 0.00 0.50
13.00 47 49 47 3 150.00 160.00 49 0 0 5.00 0.00 0.50
15.00 48 49 47 3 150.00 160.00 49 0 0 5.00 0.00 0.50
14.00 47 49 47 3 150.00 160.00 49 0 0 5.00 0.00 0.50
14.00 47 49 47 3 150.00 160.00 49 0 0 5.00 0.00 0.50
14.00 47 49 47 3 150.00 160.00 49 0 0 5.00 0.00 0.50
14.00 48 49 47 3 150.00 160.00 49 0 0 5.00 0.00 0.50
14.00 48 49 47 3 150.00 160.00 49 0 0 5.00 0.00 0.50
14.00 47 49 47 3 150.00 160.00 49 0 0 5.00 0.00 0.50
14.00 47 49 47 3 150.00 160.00 49 0 0 5.00 0.00 0.50
14.00 47 49 47 3 150.00 160.00 49 0 0 5.00 0.00 0.50
15.00 47 49 47 3 150.00 160.00 49 0 0 5.00 0.00 0.50
13.00 47 49 47 3 150.00 160.00 49 0 0 5.00 0.00 0.50
14.00 48 49 47 3 150.00 160.00 49 0 0 5.00 0.00 0.50
15.00 47 49 47 3 150.00 160.00 49 0 0 5.00 0.00 0.50
13.00 47 49 47 3 150.00 160.00 49 0 0 5.00 0.00 0.50
14.00 48 49 47 3 150.00 160.00 49 0 0 5.00 0.00 0.50
15.00 47 49 47 3 150.00 160.00 49 0 0 5.00 0.00 0.50
14.00 47 49 47 0 0.00 0.00 49 0 0 5.00 0.00 0.50
12.00 47 49 47 0 0.00 0.00 49 0 0 5.00 0.00 0.50
13.00 47 49 47 0 0.00 0.00 49 0 0 5.00 0.00 0.50
14.00 47 49 47 0 0.00 0.00 49 0 0 5.00 0.00 0.50
12.00 47 49 47 0 0.00 0.00 49 0 0 5.00 0.00 0.50
13.00 47 50 47 0 0.00 0.00 49 0 0 5.00 0.00 0.50
14.00 47 51 47 0 0.00 0.00 49 0 0 5.00 0.00 0.50
12.00 47 50 47 0 0.00 0.00 49 0 0 5.00 0.00 0.50
13.00 47 49 47 0 0.00 0.00 49 0 0 5.00 0.00 0.50
14.00 47 49 47 0 0.00 0.00 49 0 0 5.00 0.00 0.50
13.00 47 49 47 0 0.00 0.00 49 0 0 5.00 0.00 0.50
12.00 47 49 47 0 0.00 0.00 49 0 0 5.00 0.00 0.50
14.00 47 49 47 0 0.00 0.00 49 0 0 5.00 0.00 0.50
13.00 48 49 47 0 0.00 0.00 49 0 0 5.00 0.00 0.50
12.00 48 49 47 0 0.00 0.00 49 0 0 5.00 0.00 0.50
13.00 48 48 47 0 0.00 0.00 49 0 0 5.00 0.00 0.50
14.00 48 48 47 0 0.00 0.00 49 0 0 5.00 0.00 0.50
12.00 48 48 47 0 0.00 0.00 49 0 0 5.00 0.00 0.50
13.00 48 48 47 0 0.00 0.00 49 0 0 5.00 0.00 0.50
14.00 48 48 47 0 0.00 0.00 49 0 0 5.00 0.00 0.50
12.00 48 48 47 0 0.00 0.00 49 0 0 5.00 0.00 0.50
13.00 48 49 47 0 0.00 0.00 49 0 0 5.00 0.00 0.50
14.00 48 49 47 0 0.00 0.00 49 0 0 5.00 0.00 0.50
13.00 48 49 47 0 0.00 0.00 49 0 0 5.00 0.00 0.50
12.00 48 48 47 0 0.00 0.00 49 0 0 5.00 0.00 0.50
14.00 48 48 47 0 0.00 0.00 49 0 0 5.00 0.00 0.50
13.00 48 48 47 0 0.00 0.00 49 0 0 5.00 0.00 0.50
12.00 48 48 47 0 0.00 0.00 49 0 0 5.00 0.00 0.50
13.00 48 48 47 0 0.00 0.00 49 0 0 5.00 0.00 0.50
14.00 48 48 47 0 0.00 0.00 49 0 0 5.00 0.00 0.50
12.00 48 48 47 0 0.00 0.00 49 0 0 5.00 0.00 0.50
13.00 48 48 47 0 0.00 0.00 49 0 0 5.00 0.00 0.50
14.00 48 48 47 0 0.00 0.00 49 0 0 5.00 0.00 0.50
13.00 48 49 47 0 0.00 0.00 49 0 0 5.00 0.00 0.50
12.00 47 49 47 0 0.00 0.00 49 0 0 5.00 0.00 0.50
14.00 48 49 47 0 0.00 0.00 49 0 0 5.00 0.00 0.50
13.00 48 48 47 0 0.00 0.00 49 0 0 5.00 0.00 0.50
12.00 48 49 47 0 0.00 0.00 49 0 0 5.00 0.00 0.50
13.00 48 48 47 0 0.00 0.00 49 0 0 5.00 0.00 0.50
14.00 48 48 47 0 0.00 0.00 49 0 0 5.00 0.00 0.50
12.00 48 49 47 0 0.00 0.00 49 0 0 5.00 0.00 0.50
13.00 48 48 47 0 0.00 0.00 49 0 0 5.00 0.00 0.50
14.00 48 48 47 0 0.00 0.00 49 0 0 5.00 0.00 0.50
12.00 48 48 47 0 0.00 0.00 49 0 0 5.00 0.00 0.50
13.00 48 49 47 0 0.00 0.00 49 0 0 5.00 0.00 0.50
14.00 48 49 47 0 0.00 0.00 49 0 0 5.00 0.00 0.50
13.00 48 48 47 0 0.00 0.00 49 0 0 5.00 0.00 0.50
12.00 48 48 47 0 0.00 0.00 49 0 0 5.00 0.00 0.50
14.00 48 48 47 0 0.00 0.00 49 0 0 5.00 0.00 0.50
13.00 48 48 47 0 0.00 0.00 49 0 0 5.00 0.00 0.50
12.00 48 48 47 0 0.00 0.00 49 0 0 5.00 0.00 0.50
13.00 48 48 47 0 0.00 0.00 49 0 0 5.00 0.00 0.50
14.00 48 48 47 0 0.00 0.00 49 0 0 5.00 0.00 0.50
12.00 48 48 47 0 0.00 0.00 49 0 0 5.00 0.00 0.50
13.00 48 48 47 0 0.00 0.00 49 0 0 5.00 0.00 0.50
14.00 48 49 47 0 0.00 0.00 49 0 0 5.00 0.00 0.50
12.00 48 48 47 0 0.00 0.00 49 0 0 5.00 0.00 0.50
13.00 48 48 47 0 0.00 0.00 49 0 0 5.00 0.00 0.50
14.00 48 48 47 0 0.00 0.00 49 0 0 5.00 0.00 0.50
13.00 48 49 47 0 0.00 0.00 49 0 0 5.00 0.00 0.50
12.00 48 49 47 0 0.00 0.00 49 0 0 5.00 0.00 0.50
13.00 48 48 47 0 0.00 0.00 49 0 0 5.00 0.00 0.50
14.00 48 48 47 0 0.00 0.00 49 0 0 5.00 0.00 0.50
12.00 48 48 47 0 0.00 0.00 49 0 0 5.00 0.00 0.50
13.00 48 49 47 0 0.00 0.00 49 0 0 5.00 0.00 0.50
14.00 48 49 47 0 0.00 0.00 49 0 0 5.00 0.00 0.50
12.00 48 48 47 0 0.00 0.00 49 0 0 5.00 0.00 0.50
13.00 48 48 47 0 0.00 0.00 49 0 0 5.00 0.00 0.50
14.00 48 49 47 0 0.00 0.00 49 0 0 5.00 0.00 0.50
13.00 48 48 47 0 0.00 0.00 49 0 0 5.00 0.00 0.50
12.00 48 49 47 0 0.00 0.00 49 0 0 5.00 0.00 0.50
14.00 48 48 47 0 0.00 0.00 49 0 0 5.00 0.00 0.50
13.00 48 48 47 0 0.00 0.00 49 0 0 5.00 0.00 0.50
12.00 48 48 47 0 0.00 0.00 49 0 0 5.00 0.00 0.50
13.00 48 48 47 0 0.00 0.00 49 0 0 5.00 0.00 0.50
14.00 48 48 47 0 0.00 0.00 49 0 0 5.00 0.00 0.50
12.00 48 48 47 0 0.00 0.00 49 0 0 5.00 0.00 0.50
13.00 48 48 47 0 0.00 0.00 49 0 0 5.00 0.00 0.50
14.00 48 48 47 0 0.00 0.00 49 0 0 5.00 0.00 0.50
12.00 48 49 47 0 0.00 0.00 49 0 0 5.00 0.00 0.50
13.00 47 49 47 0 0.00 0.00 49 0 0 5.00 0.00 0.50
14.00 48 48 47 0 0.00 0.00 49 0 0 5.00 0.00 0.50
13.00 48 49 47 0 0.00 0.00 49 0 0 5.00 0.00 0.50
12.00 48 49 47 0 0.00 0.00 49 0 0 5.00 0.00 0.50
13.00 48 48 47 0 0.00 0.00 49 0 0 5.00 0.00 0.50
14.00 48 48 47 0 0.00 0.00 49 0 0 5.00 0.00 0.50
12.00 48 48 47 0 0.00 0.00 49 0 0 5.00 0.00 0.50
13.00 48 48 47 0 0.00 0.00 49 0 0 5.00 0.00 0.50
14.00 48 49 47 0 0.00 0.00 49 0 0 5.00 0.00 0.50
12.00 48 48 47 0 0.00 0.00 49 0 0 5.00 0.00 0.50
13.00 48 49 47 0 0.00 0.00 49 0 0 5.00 0.00 0.50
14.00 48 48 47 0 0.00 0.00 49 0 0 5.00 0.00 0.50
13.00 48 49 47 0 0.00 0.00 49 0 0 5.00 0.00 0.50
12.00 48 48 47 0 0.00 0.00 49 0 0 5.00 0.00 0.50
14.00 48 49 47 0 0.00 0.00 49 0 0 5.00 0.00 0.50
13.00 48 48 47 0 0.00 0.00 49 0 0 5.00 0.00 0.50
12.00 48 49 47 0 0.00 0.00 49 0 0 5.00 0.00 0.50
13.00 48 48 47 0 0.00 0.00 49 0 0 5.00 0.00 0.50
14.00 48 49 47 0 0.00 0.00 49 0 0 5.00 0.00 0.50
12.00 48 49 47 0 0.00 0.00 49 0 0 5.00 0.00 0.50
13.00 48 49 47 0 0.00 0.00 49 0 0 5.00 0.00 0.50
14.00 48 49 47 0 0.00 0.00 49 0 0 5.00 0.00 0.50
12.00 48 49 47 0 0.00 0.00 49 0 0 5.00 0.00 0.50
13.00 47 49 47 0 0.00 0.00 49 0 0 5.00 0.00 0.50
14.00 48 49 47 0 0.00 0.00 49 0 0 5.00 0.00 0.50
13.00 48 48 47 0 0.00 0.00 49 0 0 5.00 0.00 0.50
12.00 48 49 47 0 0.00 0.00 49 0 0 5.00 0.00 0.50
13.00 48 49 47 0 0.00 0.00 49 0 0 5.00 0.00 0.50
14.00 48 48 47 0 0.00 0.00 49 0 0 5.00 0.00 0.50
12.00 48 48 47 0 0.00 0.00 49 0 0 5.00 0.00 0.50
13.00 48 49 47 0 0.00 0.00 49 0 0 5.00 0.00 0.50
14.00 48 49 47 0 0.00 0.00 49 0 0 5.00 0.00 0.50
12.00 48 49 47 0 0.00 0.00 49 0 0 5.00 0.00 0.50
13.00 48 49 47 0 0.00 0.00 49 0 0 5.00 0.00 0.50
14.00 48 49 47 0 0.00 0.00 49 0 0 5.00 0.00 0.50
13.00 48 49 47 0 0.00 0.00 49 0 0 5.00 0.00 0.50
12.00 48 49 47 0 0.00 0.00 49 0 0 5.00 0.00 0.50
14.00 47 49 47 0 0.00 0.00 49 0 0 5.00 0.00 0.50
13.00 48 49 47 0 0.00 0.00 49 0 0 5.00 0.00 0.50
12.00 48 49 47 0 0.00 0.00 49 0 0 5.00 0.00 0.50
13.00 48 49 47 0 0.00 0.00 49 0 0 5.00 0.00 0.50
14.00 48 49 47 0 0.00 0.00 49 0 0 5.00 0.00 0.50
12.00 48 49 47 0 0.00 0.00 49 0 0 5.00 0.00 0.50
13.00 48 49 47 0 0.00 0.00 49 0 0 5.00 0.00 0.50
14.00 48 49 47 0 0.00 0.00 49 0 0 5.00 0.00 0.50
12.00 48 49 47 0 0.00 0.00 49 0 0 5.00 0.00 0.50
13.00 48 49 47 0 0.00 0.00 49 0 0 5.00 0.00 0.50
14.00 48 49 47 0 0.00 0.00 49 0 0 5.00 0.00 0.50
13.00 47 49 47 0 0.00 0.00 49 0 0 5.00 0.00 0.50
12.00 47 49 47 0 0.00 0.00 49 0 0 5.00 0.00 0.50
13.00 48 49 47 0 0.00 0.00 49 0 0 5.00 0.00 0.50
14.00 48 49 47 0 0.00 0.00 49 0 0 5.00 0.00 0.50
12.00 48 49 47 0 0.00 0.00 49 0 0 5.00 0.00 0.50
13.00 48 49 47 0 0.00 0.00 49 0 0 5.00 0.00 0.50
14.00 48 49 47 0 0.00 0.00 49 0 0 5.00 0.00 0.50
12.00 47 49 47 0 0.00 0.00 49 0 0 5.00 0.00 0.50
13.00 48 49 47 0 0.00 0.00 49 0 0 5.00 0.00 0.50
14.00 48 48 47 0 0.00 0.00 49 0 0 5.00 0.00 0.50
13.00 48 48 47 0 0.00 0.00 49 0 0 5.00 0.00 0.50
12.00 48 49 47 0 0.00 0.00 49 0 0 5.00 0.00 0.50
14.00 47 49 47 0 0.00 0.00 49 0 0 5.00 0.00 0.50
13.00 47 49 47 0 0.00 0.00 49 0 0 5.00 0.00 0.50
12.00 47 49 47 0 0.00 0.00 49 0 0 5.00 0.00 0.50
13.00 48 49 47 0 0.00 0.00 49 0 0 5.00 0.00 0.50
14.00 47 48 47 0 0.00 0.00 49 0 0 5.00 0.00 0.50
12.00 48 49 47 0 0.00 0.00 49 0 0 5.00 0.00 0.50
13.00 48 49 47 0 0.00 0.00 49 0 0 5.00 0.00 0.50
14.00 48 49 47 0 0.00 0.00 49 0 0 5.00 0.00 0.50
12.00 48 49 47 0 0.00 0.00 49 0 0 5.00 0.00 0.50
13.00 48 49 47 0 0.00 0.00 49 0 0 5.00 0.00 0.50
14.00 48 49 47 0 0.00 0.00 49 0 0 5.00 0.00 0.50
13.00 48 49 47 0 0.00 0.00 49 0 0 5.00 0.00 0.50
12.00 48 49 47 0 0.00 0.00 49 0 0 5.00 0.00 0.50
14.00 48 49 47 0 0.00 0.00 49 0 0 5.00 0.00 0.50
13.00 48 49 47 0 0.00 0.00 49 0 0 5.00 0.00 0.50
12.00 48 49 47 0 0.00 0.00 49 0 0 5.00 0.00 0.50
13.00 47 49 47 0 0.00 0.00 49 0 0 5.00 0.00 0.50
14.00 48 49 47 0 0.00 0.00 49 0 0 5.00 0.00 0.50
12.00 47 49 47 0 0.00 0.00 49 0 0 5.00 0.00 0.50
13.00 48 49 47 0 0.00 0.00 49 0 0 5.00 0.00 0.50
14.00 48 49 47 0 0.00 0.00 49 0 0 5.00 0.00 0.50
13.00 47 49 47 0 0.00 0.00 49 0 0 5.00 0.00 0.50
12.00 48 49 47 0 0.00 0.00 49 0 0 5.00 0.00 0.50
14.00 48 49 47 0 0.00 0.00 49 0 0 5.00 0.00 0.50
13.00 48 49 47 0 0.00 0.00 49 0 0 5.00 0.00 0.50
12.00 48 49 47 0 0.00 0.00 49 0 0 5.00 0.00 0.50
13.00 48 49 47 0 0.00 0.00 49 0 0 5.00 0.00 0.50
14.00 48 49 47 0 0.00 0.00 49 0 0 5.00 0.00 0.50
12.00 48 49 47 0 0.00 0.00 49 0 0 5.00 0.00 0.50
13.00 48 49 47 0 0.00 0.00 49 0 0 5.00 0.00 0.50
14.00 47 49 47 0 0.00 0.00 49 0 0 5.00 0.00 0.50
12.00 48 49 47 0 0.00 0.00 49 0 0 5.00 0.00 0.50
13.00 48 49 47 0 0.00 0.00 49 0 0 5.00 0.00 0.50
14.00 48 49 47 0 0.00 0.00 49 0 0 5.00 0.00 0.50
13.00 48 49 47 0 0.00 0.00 49 0 0 5.00 0.00 0.50
12.00 48 49 47 0 0.00 0.00 49 0 0 5.00 0.00 0.50
14.00 48 48 47 0 0.00 0.00 49 0 0 5.00 0.00 0.50
13.00 48 49 47 0 0.00 0.00 49 0 0 5.00 0.00 0.50
12.00 48 49 47 0 0.00 0.00 49 0 0 5.00 0.00 0.50
13.00 48 49 47 0 0.00 0.00 49 0 0 5.00 0.00 0.50
14.00 48 49 47 0 0.00 0.00 49 0 0 5.00 0.00 0.50
12.00 48 49 47 0 0.00 0.00 49 0 0 5.00 0.00 0.50
13.00 48 49 47 0 0.00 0.00 49 0 0 5.00 0.00 0.50
14.00 48 49 47 0 0.00 0.00 49 0 0 5.00 0.00 0.50
12.00 48 49 47 0 0.00 0.00 49 0 0 5.00 0.00 0.50
13.00 48 49 47 0 0.00 0.00 49 0 0 5.00 0.00 0.50
14.00 48 49 47 0 0.00 0.00 49 0 0 5.00 0.00 0.50
13.00 48 49 47 0 0.00 0.00 49 0 0 5.00 0.00 0.50
12.00 48 49 47 0 0.00 0.00 49 0 0 5.00 0.00 0.50
13.00 48 48 47 0 0.00 0.00 49 0 0 5.00 0.00 0.50
14.00 48 49 47 0 0.00 0.00 49 0 0 5.00 0.00 0.50
12.00 48 49 47 0 0.00 0.00 49 0 0 5.00 0.00 0.50
13.00 48 49 47 0 0.00 0.00 49 0 0 5.00 0.00 0.50
14.00 48 49 47 0 0.00 0.00 49 0 0 5.00 0.00 0.50
12.00 48 49 47 0 0.00 0.00 49 0 0 5.00 0.00 0.50
13.00 48 49 47 0 0.00 0.00 49 0 0 5.00 0.00 0.50
14.00 48 49 47 0 0.00 0.00 49 0 0 5.00 0.00 0.50
13.00 48 49 47 0 0.00 0.00 49 0 0 5.00 0.00 0.50
12.00 48 49 47 0 0.00 0.00 49 0 0 5.00 0.00 0.50
14.00 48 48 47 0 0.00 0.00 49 0 0 5.00 0.00 0.50
13.00 48 48 47 0 0.00 0.00 49 0 0 5.00 0.00 0.50
12.00 48 48 47 0 0.00 0.00 49 0 0 5.00 0.00 0.50
13.00 48 48 47 0 0.00 0.00 49 0 0 5.00 0.00 0.50
14.00 48 48 47 0 0.00 0.00 49 0 0 5.00 0.00 0.50
12.00 48 48 47 0 0.00 0.00 49 0 0 5.00 0.00 0.50
13.00 48 49 47 0 0.00 0.00 49 0 0 5.00 0.00 0.50
14.00 48 48 47 0 0.00 0.00 49 0 0 5.00 0.00 0.50
12.00 48 48 47 0 0.00 0.00 49 0 0 5.00 0.00 0.50
13.00 48 48 47 0 0.00 0.00 49 0 0 5.00 0.00 0.50
14.00 48 48 47 0 0.00 0.00 49 0 0 5.00 0.00 0.50
13.00 48 48 47 0 0.00 0.00 49 0 0 5.00 0.00 0.50
12.00 48 48 47 0 0.00 0.00 49 0 0 5.00 0.00 0.50
13.00 48 48 47 0 0.00 0.00 49 0 0 5.00 0.00 0.50
14.00 48 48 47 0 0.00 0.00 49 0 0 5.00 0.00 0.50
12.00 48 48 47 0 0.00 0.00 49 0 0 5.00 0.00 0.50
13.00 48 48 47 0 0.00 0.00 49 0 0 5.00 0.00 0.50
14.00 48 48 47 0 0.00 0.00 49 0 0 5.00 0.00 0.50
12.00 48 48 47 0 0.00 0.00 49 0 0 5.00 0.00 0.50
13.00 48 48 47 0 0.00 0.00 49 0 0 5.00 0.00 0.50
14.00 48 48 47 0 0.00 0.00 49 0 0 5.00 0.00 0.50
13.00 48 48 47 0 0.00 0.00 49 0 0 5.00 0.00 0.50
12.00 48 48 47 0 0.00 0.00 49 0 0 5.00 0.00 0.50
14.00 48 48 47 0 0.00 0.00 49 0 0 5.00 0.00 0.50
13.00 48 48 47 0 0.00 0.00 49 0 0 5.00 0.00 0.50
12.00 48 48 47 0 0.00 0.00 49 0 0 5.00 0.00 0.50
13.00 48 48 47 0 0.00 0.00 49 0 0 5.00 0.00 0.50
14.00 48 48 47 0 0.00 0.00 49 0 0 5.00 0.00 0.50
12.00 48 48 47 0 0.00 0.00 49 0 0 5.00 0.00 0.50
13.00 48 49 47 0 0.00 0.00 49 0 0 5.00 0.00 0.50
14.00 48 49 47 0 0.00 0.00 49 0 0 5.00 0.00 0.50
12.00 48 49 47 0 0.00 0.00 49 0 0 5.00 0.00 0.50
13.00 48 49 47 0 0.00 0.00 49 0 0 5.00 0.00 0.50
14.00 48 49 47 0 0.00 0.00 49 0 0 5.00 0.00 0.50
13.00 48 49 47 0 0.00 0.00 49 0 0 5.00 0.00 0.50
12.00 48 48 47 0 0.00 0.00 49 0 0 5.00 0.00 0.50
13.00 48 48 47 0 0.00 0.00 49 0 0 5.00 0.00 0.50
14.00 48 48 47 0 0.00 0.00 49 0 0 5.00 0.00 0.50
12.00 48 48 47 0 0.00 0.00 49 0 0 5.00 0.00 0.50
13.00 48 49 47 0 0.00 0.00 49 0 0 5.00 0.00 0.50
14.00 48 48 47 0 0.00 0.00 49 0 0 5.00 0.00 0.50
12.00 48 48 47 0 0.00 0.00 49 0 0 5.00 0.00 0.50
13.00 48 48 47 0 0.00 0.00 49 0 0 5.00 0.00 0.50
14.00 48 48 47 0 0.00 0.00 49 0 0 5.00 0.00 0.50
13.00 48 48 47 0 0.00 0.00 49 0 0 5.00 0.00 0.50
12.00 48 49 47 0 0.00 0.00 49 0 0 5.00 0.00 0.50
14.00 48 48 47 0 0.00 0.00 49 0 0 5.00 0.00 0.50
13.00 48 48 47 0 0.00 0.00 49 0 0 5.00 0.00 0.50
12.00 47 48 47 0 0.00 0.00 49 0 0 5.00 0.00 0.50
13.00 48 48 47 0 0.00 0.00 49 0 0 5.00 0.00 0.50
14.00 48 48 47 0 0.00 0.00 49 0 0 5.00 0.00 0.50
12.00 48 48 47 0 0.00 0.00 49 0 0 5.00 0.00 0.50
13.00 48 48 47 0 0.00 0.00 49 0 0 5.00 0.00 0.50
14.00 48 48 47 0 0.00 0.00 49 0 0 5.00 0.00 0.50
12.00 48 48 47 0 0.00 0.00 49 0 0 5.00 0.00 0.50
13.00 48 48 47 0 0.00 0.00 49 0 0 5.00 0.00 0.50
14.00 48 48 47 0 0.00 0.00 49 0 0 5.00 0.00 0.50
13.00 48 48 47 0 0.00 0.00 49 0 0 5.00 0.00 0.50
12.00 48 48 47 0 0.00 0.00 49 0 0 5.00 0.00 0.50
13.00 48 48 47 0 0.00 0.00 49 0 0 5.00 0.00 0.50
14.00 48 48 47 0 0.00 0.00 49 0 0 5.00 0.00 0.50
12.00 48 48 47 0 0.00 0.00 49 0 0 5.00 0.00 0.50
13.00 48 48 47 0 0.00 0.00 49 0 0 5.00 0.00 0.50
14.00 48 48 47 0 0.00 0.00 49 0 0 5.00 0.00 0.50
12.00 48 48 47 0 0.00 0.00 49 0 0 5.00 0.00 0.50
13.00 48 48 47 0 0.00 0.00 49 0 0 5.00 0.00 0.50
14.00 48 48 47 0 0.00 0.00 49 0 0 5.00 0.00 0.50
13.00 48 48 47 0 0.00 0.00 49 0 0 5.00 0.00 0.50
12.00 48 48 47 0 0.00 0.00 49 0 0 5.00 0.00 0.50
14.00 48 48 47 0 0.00 0.00 49 0 0 5.00 0.00 0.50