12.00 38 41 30 0 0.00 0.00 0 0 0 5.00 0.00 0.50
13.00 38 41 30 0 0.00 0.00 0 0 0 5.00 0.00 0.50
13.00 39 41 30 0 0.00 0.00 0 0 0 5.00 0.00 0.50
13.00 38 41 30 0 0.00 0.00 0 0 0 5.00 0.00 0.50
12.00 39 41 30 0 0.00 0.00 0 0 0 5.00 0.00 0.50
14.00 39 41 30 0 0.00 0.00 0 0 0 5.00 0.00 0.50
12.00 38 41 30 0 0.00 0.00 0 0 0 5.00 0.00 0.50
12.00 38 41 30 0 0.00 0.00 0 0 0 5.00 0.00 0.50
13.00 40 41 30 0 0.00 0.00 0 0 0 5.00 0.00 0.50
13.00 39 41 30 0 0.00 0.00 0 0 0 5.00 0.00 0.50
13.00 38 41 30 0 0.00 0.00 0 0 0 5.00 0.00 0.50
12.00 38 41 30 0 0.00 0.00 0 0 0 5.00 0.00 0.50
14.00 38 41 30 0 0.00 0.00 0 0 0 5.00 0.00 0.50
12.00 38 41 30 0 0.00 0.00 0 0 0 5.00 0.00 0.50
13.00 38 41 30 0 0.00 0.00 0 0 0 5.00 0.00 0.50
13.00 38 41 30 0 0.00 0.00 0 0 0 5.00 0.00 0.50
12.00 38 41 30 0 0.00 0.00 0 0 0 5.00 0.00 0.50
13.00 38 41 30 0 0.00 0.00 0 0 0 5.00 0.00 0.50
12.00 38 41 30 0 0.00 0.00 0 0 0 5.00 0.00 0.50
14.00 38 41 30 0 0.00 0.00 0 0 0 5.00 0.00 0.50
12.00 38 41 30 0 0.00 0.00 0 0 0 5.00 0.00 0.50
13.00 38 41 30 0 0.00 0.00 0 0 0 5.00 0.00 0.50
13.00 38 41 30 0 0.00 0.00 0 0 0 5.00 0.00 0.50
13.00 39 41 30 0 0.00 0.00 0 0 0 5.00 0.00 0.50
12.00 38 41 30 0 0.00 0.00 0 0 0 5.00 0.00 0.50
12.00 38 41 30 0 0.00 0.00 0 0 0 5.00 0.00 0.50
14.00 38 41 30 0 0.00 0.00 0 0 0 5.00 0.00 0.50
12.00 39 41 30 0 0.00 0.00 0 0 0 5.00 0.00 0.50
13.00 38 41 30 0 0.00 0.00 0 0 0 5.00 0.00 0.50
13.00 38 41 30 0 0.00 0.00 0 0 0 5.00 0.00 0.50
13.00 39 41 30 0 0.00 0.00 0 0 0 5.00 0.00 0.50
12.00 39 41 30 0 0.00 0.00 0 0 0 5.00 0.00 0.50
13.00 38 41 30 0 0.00 0.00 0 0 0 5.00 0.00 0.50
13.00 40 41 30 0 0.00 0.00 0 0 0 5.00 0.00 0.50
12.00 39 41 30 0 0.00 0.00 0 0 0 5.00 0.00 0.50
13.00 38 41 30 0 0.00 0.00 0 0 0 5.00 0.00 0.50
13.00 37 41 30 0 0.00 0.00 0 0 0 5.00 0.00 0.50
13.00 38 41 30 0 0.00 0.00 0 0 0 5.00 0.00 0.50
12.00 38 41 30 0 0.00 0.00 0 0 0 5.00 0.00 0.50
14.00 39 41 30 0 0.00 0.00 0 0 0 5.00 0.00 0.50
12.00 38 41 30 0 0.00 0.00 0 0 0 5.00 0.00 0.50
12.00 39 41 30 0 0.00 0.00 0 0 0 5.00 0.00 0.50
14.00 40 41 30 0 0.00 0.00 0 0 0 5.00 0.00 0.50
12.00 39 41 30 0 0.00 0.00 0 0 0 5.00 0.00 0.50
13.00 38 41 30 0 0.00 0.00 0 0 0 5.00 0.00 0.50
12.00 38 41 30 0 0.00 0.00 0 0 0 5.00 0.00 0.50
14.00 39 41 30 0 0.00 0.00 0 0 0 5.00 0.00 0.50
12.00 38 41 30 0 0.00 0.00 0 0 0 5.00 0.00 0.50
13.00 38 41 30 0 0.00 0.00 0 0 0 5.00 0.00 0.50
13.00 38 41 30 0 0.00 0.00 0 0 0 5.00 0.00 0.50
12.00 41 41 30 0 0.00 0.00 0 0 0 5.00 0.00 0.50
13.00 40 41 30 0 0.00 0.00 0 0 0 5.00 0.00 0.50
13.00 41 41 30 0 0.00 0.00 0 0 0 5.00 0.00 0.50
13.00 40 41 30 0 0.00 0.00 0 0 0 5.00 0.00 0.50
12.00 40 41 30 0 0.00 0.00 0 0 0 5.00 0.00 0.50
13.00 40 41 30 0 0.00 0.00 0 0 0 5.00 0.00 0.50
13.00 40 41 30 0 0.00 0.00 0 0 0 5.00 0.00 0.50
13.00 40 41 30 0 0.00 0.00 0 0 0 5.00 0.00 0.50
12.00 40 41 30 0 0.00 0.00 0 0 0 5.00 0.00 0.50
13.00 40 41 30 0 0.00 0.00 0 0 0 5.00 0.00 0.50
13.00 40 41 30 0 0.00 0.00 0 0 0 5.00 0.00 0.50
12.00 40 41 30 0 0.00 0.00 0 0 0 5.00 0.00 0.50
14.00 38 41 30 0 0.00 0.00 0 0 0 5.00 0.00 0.50
12.00 40 41 30 0 0.00 0.00 0 0 0 5.00 0.00 0.50
13.00 39 41 30 0 0.00 0.00 0 0 0 5.00 0.00 0.50
12.00 40 41 30 0 0.00 0.00 0 0 0 5.00 0.00 0.50
13.00 39 41 30 0 0.00 0.00 0 0 0 5.00 0.00 0.50
13.00 40 41 30 0 0.00 0.00 0 0 0 5.00 0.00 0.50
12.00 40 41 30 0 0.00 0.00 0 0 0 5.00 0.00 0.50
14.00 40 41 30 0 0.00 0.00 0 0 0 5.00 0.00 0.50
12.00 40 41 30 0 0.00 0.00 0 0 0 5.00 0.00 0.50
13.00 40 41 30 0 0.00 0.00 0 0 0 5.00 0.00 0.50
13.00 40 41 30 0 0.00 0.00 0 0 0 5.00 0.00 0.50
13.00 40 41 30 0 0.00 0.00 0 0 0 5.00 0.00 0.50
12.00 40 41 30 0 0.00 0.00 0 0 0 5.00 0.00 0.50
12.00 41 41 30 0 0.00 0.00 0 0 0 5.00 0.00 0.50
14.00 40 41 30 0 0.00 0.00 0 0 0 5.00 0.00 0.50
12.00 40 41 30 0 0.00 0.00 0 0 0 5.00 0.00 0.50
13.00 40 41 30 0 0.00 0.00 0 0 0 5.00 0.00 0.50
13.00 40 41 30 0 0.00 0.00 0 0 0 5.00 0.00 0.50
13.00 38 41 30 0 0.00 0.00 0 0 0 5.00 0.00 0.50
12.00 40 41 30 0 0.00 0.00 0 0 0 5.00 0.00 0.50
14.00 39 41 30 0 0.00 0.00 0 0 0 5.00 0.00 0.50
12.00 40 41 30 0 0.00 0.00 0 0 0 5.00 0.00 0.50
12.00 38 41 30 0 0.00 0.00 0 0 0 5.00 0.00 0.50
13.00 41 41 30 0 0.00 0.00 0 0 0 5.00 0.00 0.50
13.00 39 41 30 0 0.00 0.00 0 0 0 5.00 0.00 0.50
13.00 41 41 30 0 0.00 0.00 0 0 0 5.00 0.00 0.50
12.00 40 41 30 0 0.00 0.00 0 0 0 5.00 0.00 0.50
14.00 39 41 30 0 0.00 0.00 0 0 0 5.00 0.00 0.50
12.00 40 41 30 0 0.00 0.00 0 0 0 5.00 0.00 0.50
13.00 38 41 30 0 0.00 0.00 0 0 0 5.00 0.00 0.50
13.00 38 41 30 0 0.00 0.00 0 0 0 5.00 0.00 0.50
12.00 40 41 30 0 0.00 0.00 0 0 0 5.00 0.00 0.50
13.00 40 41 30 0 0.00 0.00 0 0 0 5.00 0.00 0.50
12.00 40 41 30 0 0.00 0.00 0 0 0 5.00 0.00 0.50
14.00 40 41 30 0 0.00 0.00 0 0 0 5.00 0.00 0.50
12.00 41 41 30 0 0.00 0.00 0 0 0 5.00 0.00 0.50
13.00 38 41 30 0 0.00 0.00 0 0 0 5.00 0.00 0.50
13.00 40 41 30 0 0.00 0.00 0 0 0 5.00 0.00 0.50
12.00 41 41 30 0 0.00 0.00 0 0 0 5.00 0.00 0.50
13.00 40 41 30 0 0.00 0.00 0 0 0 5.00 0.00 0.50
12.00 40 41 30 0 0.00 0.00 0 0 0 5.00 0.00 0.50
14.00 40 41 30 0 0.00 0.00 0 0 0 5.00 0.00 0.50
12.00 40 41 30 0 0.00 0.00 0 0 0 5.00 0.00 0.50
13.00 40 41 30 0 0.00 0.00 0 0 0 5.00 0.00 0.50
13.00 41 41 30 0 0.00 0.00 0 0 0 5.00 0.00 0.50
13.00 41 41 30 0 0.00 0.00 0 0 0 5.00 0.00 0.50
12.00 41 41 30 0 0.00 0.00 0 0 0 5.00 0.00 0.50
13.00 41 41 30 0 0.00 0.00 0 0 0 5.00 0.00 0.50
13.00 40 41 30 0 0.00 0.00 0 0 0 5.00 0.00 0.50
12.00 40 41 30 0 0.00 0.00 0 0 0 5.00 0.00 0.50
13.00 39 41 30 0 0.00 0.00 0 0 0 5.00 0.00 0.50
13.00 40 41 30 0 0.00 0.00 0 0 0 5.00 0.00 0.50
13.00 39 41 30 0 0.00 0.00 0 0 0 5.00 0.00 0.50
12.00 38 41 30 0 0.00 0.00 0 0 0 5.00 0.00 0.50
14.00 40 41 30 0 0.00 0.00 0 0 0 5.00 0.00 0.50
12.00 39 41 30 0 0.00 0.00 0 0 0 5.00 0.00 0.50
12.00 38 41 30 0 0.00 0.00 0 0 0 5.00 0.00 0.50
14.00 40 41 30 0 0.00 0.00 0 0 0 5.00 0.00 0.50
12.00 40 41 30 0 0.00 0.00 0 0 0 5.00 0.00 0.50
13.00 40 41 30 0 0.00 0.00 0 0 0 5.00 0.00 0.50
12.00 39 41 30 0 0.00 0.00 0 0 0 5.00 0.00 0.50
14.00 41 41 30 0 0.00 0.00 0 0 0 5.00 0.00 0.50
12.00 40 41 30 0 0.00 0.00 0 0 0 5.00 0.00 0.50
13.00 39 41 30 0 0.00 0.00 0 0 0 5.00 0.00 0.50
13.00 39 41 30 0 0.00 0.00 0 0 0 5.00 0.00 0.50
12.00 40 41 30 0 0.00 0.00 0 0 0 5.00 0.00 0.50
13.00 40 41 30 0 0.00 0.00 0 0 0 5.00 0.00 0.50
13.00 40 41 30 0 0.00 0.00 0 0 0 5.00 0.00 0.50
13.00 40 41 30 0 0.00 0.00 0 0 0 5.00 0.00 0.50
12.00 40 41 30 0 0.00 0.00 0 0 0 5.00 0.00 0.50
13.00 41 41 30 0 0.00 0.00 0 0 0 5.00 0.00 0.50
13.00 40 41 30 0 0.00 0.00 0 0 0 5.00 0.00 0.50
13.00 41 41 30 0 0.00 0.00 0 0 0 5.00 0.00 0.50
12.00 40 41 30 0 0.00 0.00 0 0 0 5.00 0.00 0.50
13.00 40 41 30 0 0.00 0.00 0 0 0 5.00 0.00 0.50
13.00 39 41 30 0 0.00 0.00 0 0 0 5.00 0.00 0.50
12.00 38 41 30 0 0.00 0.00 0 0 0 5.00 0.00 0.50
14.00 39 41 30 0 0.00 0.00 0 0 0 5.00 0.00 0.50
12.00 39 41 30 0 0.00 0.00 0 0 0 5.00 0.00 0.50
13.00 39 41 30 0 0.00 0.00 0 0 0 5.00 0.00 0.50
12.00 38 41 30 0 0.00 0.00 0 0 0 5.00 0.00 0.50
13.00 39 41 30 0 0.00 0.00 0 0 0 5.00 0.00 0.50
13.00 38 41 30 0 0.00 0.00 0 0 0 5.00 0.00 0.50
12.00 38 41 30 0 0.00 0.00 0 0 0 5.00 0.00 0.50
14.00 38 41 30 0 0.00 0.00 0 0 0 5.00 0.00 0.50
12.00 39 41 30 0 0.00 0.00 0 0 0 5.00 0.00 0.50
13.00 39 41 30 0 0.00 0.00 0 0 0 5.00 0.00 0.50
13.00 38 41 30 0 0.00 0.00 0 0 0 5.00 0.00 0.50
13.00 38 41 30 0 0.00 0.00 0 0 0 5.00 0.00 0.50
12.00 38 41 30 0 0.00 0.00 0 0 0 5.00 0.00 0.50
12.00 41 41 30 0 0.00 0.00 0 0 0 5.00 0.00 0.50
14.00 38 41 30 0 0.00 0.00 0 0 0 5.00 0.00 0.50
12.00 39 41 30 0 0.00 0.00 0 0 0 5.00 0.00 0.50
13.00 38 41 30 0 0.00 0.00 0 0 0 5.00 0.00 0.50
13.00 38 41 30 0 0.00 0.00 0 0 0 5.00 0.00 0.50
13.00 38 41 30 0 0.00 0.00 0 0 0 5.00 0.00 0.50
12.00 38 41 30 0 0.00 0.00 0 0 0 5.00 0.00 0.50
14.00 38 41 30 0 0.00 0.00 0 0 0 5.00 0.00 0.50
12.00 38 41 30 0 0.00 0.00 0 0 0 5.00 0.00 0.50
12.00 38 41 30 0 0.00 0.00 0 0 0 5.00 0.00 0.50
13.00 39 41 30 0 0.00 0.00 0 0 0 5.00 0.00 0.50
13.00 38 41 30 0 0.00 0.00 0 0 0 5.00 0.00 0.50
13.00 38 41 30 0 0.00 0.00 0 0 0 5.00 0.00 0.50
12.00 38 41 30 0 0.00 0.00 0 0 0 5.00 0.00 0.50
14.00 38 41 30 0 0.00 0.00 0 0 0 5.00 0.00 0.50
12.00 38 41 30 0 0.00 0.00 0 0 0 5.00 0.00 0.50
13.00 38 41 30 0 0.00 0.00 0 0 0 5.00 0.00 0.50
13.00 38 41 30 0 0.00 0.00 0 0 0 5.00 0.00 0.50
12.00 38 41 30 0 0.00 0.00 0 0 0 5.00 0.00 0.50
13.00 40 41 30 0 0.00 0.00 0 0 0 5.00 0.00 0.50
12.00 38 41 30 0 0.00 0.00 0 0 0 5.00 0.00 0.50
14.00 38 41 30 0 0.00 0.00 0 0 0 5.00 0.00 0.50
12.00 38 41 30 0 0.00 0.00 0 0 0 5.00 0.00 0.50
13.00 39 41 30 0 0.00 0.00 0 0 0 5.00 0.00 0.50
13.00 38 41 30 0 0.00 0.00 0 0 0 5.00 0.00 0.50
12.00 40 41 30 0 0.00 0.00 0 0 0 5.00 0.00 0.50
13.00 38 41 30 0 0.00 0.00 0 0 0 5.00 0.00 0.50
12.00 38 41 30 0 0.00 0.00 0 0 0 5.00 0.00 0.50
14.00 38 41 30 0 0.00 0.00 0 0 0 5.00 0.00 0.50
12.00 38 41 30 0 0.00 0.00 0 0 0 5.00 0.00 0.50
13.00 39 41 30 0 0.00 0.00 0 0 0 5.00 0.00 0.50
13.00 38 41 30 0 0.00 0.00 0 0 0 5.00 0.00 0.50
13.00 39 41 30 0 0.00 0.00 0 0 0 5.00 0.00 0.50
12.00 38 41 30 0 0.00 0.00 0 0 0 5.00 0.00 0.50
13.00 40 41 30 0 0.00 0.00 0 0 0 5.00 0.00 0.50
13.00 38 41 30 0 0.00 0.00 0 0 0 5.00 0.00 0.50
12.00 38 41 30 0 0.00 0.00 0 0 0 5.00 0.00 0.50
13.00 38 41 30 0 0.00 0.00 0 0 0 5.00 0.00 0.50
13.00 39 41 30 0 0.00 0.00 0 0 0 5.00 0.00 0.50
13.00 38 41 30 0 0.00 0.00 0 0 0 5.00 0.00 0.50
12.00 38 41 30 0 0.00 0.00 0 0 0 5.00 0.00 0.50
14.00 38 41 30 0 0.00 0.00 0 0 0 5.00 0.00 0.50
12.00 38 41 30 0 0.00 0.00 0 0 0 5.00 0.00 0.50
12.00 38 41 30 0 0.00 0.00 0 0 0 5.00 0.00 0.50
14.00 38 41 30 0 0.00 0.00 0 0 0 5.00 0.00 0.50
12.00 37 41 30 0 0.00 0.00 0 0 0 5.00 0.00 0.50
13.00 38 41 30 0 0.00 0.00 0 0 0 5.00 0.00 0.50
12.00 38 41 30 0 0.00 0.00 0 0 0 5.00 0.00 0.50
14.00 37 41 30 0 0.00 0.00 0 0 0 5.00 0.00 0.50
12.00 37 41 30 0 0.00 0.00 0 0 0 5.00 0.00 0.50
13.00 38 41 30 0 0.00 0.00 0 0 0 5.00 0.00 0.50
13.00 37 41 30 0 0.00 0.00 0 0 0 5.00 0.00 0.50
12.00 38 41 30 0 0.00 0.00 0 0 0 5.00 0.00 0.50
13.00 38 41 30 0 0.00 0.00 0 0 0 5.00 0.00 0.50
13.00 38 41 30 0 0.00 0.00 0 0 0 5.00 0.00 0.50
13.00 38 41 30 0 0.00 0.00 0 0 0 5.00 0.00 0.50
12.00 37 41 30 0 0.00 0.00 0 0 0 5.00 0.00 0.50
13.00 37 41 30 0 0.00 0.00 0 0 0 5.00 0.00 0.50
13.00 38 41 30 0 0.00 0.00 0 0 0 5.00 0.00 0.50
12.00 38 41 30 0 0.00 0.00 0 0 0 5.00 0.00 0.50
13.00 38 41 30 0 0.00 0.00 0 0 0 5.00 0.00 0.50
13.00 38 41 30 0 0.00 0.00 0 0 0 5.00 0.00 0.50
13.00 38 41 30 0 0.00 0.00 0 0 0 5.00 0.00 0.50
12.00 37 41 30 0 0.00 0.00 0 0 0 5.00 0.00 0.50
14.00 38 41 30 0 0.00 0.00 0 0 0 5.00 0.00 0.50
12.00 39 41 30 0 0.00 0.00 0 0 0 5.00 0.00 0.50
13.00 38 41 30 0 0.00 0.00 0 0 0 5.00 0.00 0.50
12.00 38 41 30 0 0.00 0.00 0 0 0 5.00 0.00 0.50
13.00 38 41 30 0 0.00 0.00 0 0 0 5.00 0.00 0.50
13.00 39 41 30 0 0.00 0.00 0 0 0 5.00 0.00 0.50
12.00 38 41 30 0 0.00 0.00 0 0 0 5.00 0.00 0.50
14.00 38 41 30 0 0.00 0.00 0 0 0 5.00 0.00 0.50
12.00 39 41 30 0 0.00 0.00 0 0 0 5.00 0.00 0.50
13.00 38 41 30 0 0.00 0.00 0 0 0 5.00 0.00 0.50
13.00 40 41 30 0 0.00 0.00 0 0 0 5.00 0.00 0.50
13.00 38 41 30 0 0.00 0.00 0 0 0 5.00 0.00 0.50
12.00 40 41 30 0 0.00 0.00 0 0 0 5.00 0.00 0.50
12.00 40 41 30 0 0.00 0.00 0 0 0 5.00 0.00 0.50
14.00 38 41 30 0 0.00 0.00 0 0 0 5.00 0.00 0.50
12.00 39 41 30 0 0.00 0.00 0 0 0 5.00 0.00 0.50
13.00 37 41 30 0 0.00 0.00 0 0 0 5.00 0.00 0.50
13.00 38 41 30 0 0.00 0.00 0 0 0 5.00 0.00 0.50
13.00 38 41 30 0 0.00 0.00 0 0 0 5.00 0.00 0.50
12.00 38 41 30 0 0.00 0.00 0 0 0 5.00 0.00 0.50
14.00 38 41 30 0 0.00 0.00 0 0 0 5.00 0.00 0.50
12.00 40 41 30 0 0.00 0.00 0 0 0 5.00 0.00 0.50
12.00 38 41 30 0 0.00 0.00 0 0 0 5.00 0.00 0.50
13.00 39 41 30 0 0.00 0.00 0 0 0 5.00 0.00 0.50
13.00 40 41 30 0 0.00 0.00 0 0 0 5.00 0.00 0.50
13.00 38 41 30 0 0.00 0.00 0 0 0 5.00 0.00 0.50
12.00 40 41 30 0 0.00 0.00 0 0 0 5.00 0.00 0.50
14.00 40 41 30 0 0.00 0.00 0 0 0 5.00 0.00 0.50
12.00 38 41 30 0 0.00 0.00 0 0 0 5.00 0.00 0.50
12.00 41 41 30 0 0.00 0.00 0 0 0 5.00 0.00 0.50
13.00 41 41 30 0 0.00 0.00 0 0 0 5.00 0.00 0.50
13.00 40 41 30 0 0.00 0.00 0 0 0 5.00 0.00 0.50
13.00 40 41 30 0 0.00 0.00 0 0 0 5.00 0.00 0.50
12.00 41 41 30 0 0.00 0.00 0 0 0 5.00 0.00 0.50
14.00 39 41 30 0 0.00 0.00 0 0 0 5.00 0.00 0.50
12.00 40 41 30 0 0.00 0.00 0 0 0 5.00 0.00 0.50
13.00 40 41 30 0 0.00 0.00 0 0 0 5.00 0.00 0.50
13.00 39 41 30 0 0.00 0.00 0 0 0 5.00 0.00 0.50
12.00 40 41 30 0 0.00 0.00 0 0 0 5.00 0.00 0.50
13.00 40 41 30 0 0.00 0.00 0 0 0 5.00 0.00 0.50
12.00 41 41 40 3 131.67 178.33 41 0 0 5.00 0.00 0.50
15.00 40 41 40 3 152.50 157.50 41 0 0 5.00 0.00 0.50
14.00 40 41 40 3 152.50 157.50 41 0 0 5.00 0.00 0.50
13.00 41 41 40 3 152.50 157.50 41 0 0 5.00 0.00 0.50
15.00 41 41 40 3 152.50 157.50 41 0 0 5.00 0.00 0.50
14.00 41 40 40 3 172.86 137.14 40 0 0 5.00 0.00 0.50
14.00 41 41 40 3 134.64 175.36 41 0 0 5.00 0.00 0.50
14.00 41 41 40 3 152.50 157.50 41 0 0 5.00 0.00 0.50
14.00 40 41 40 3 152.50 157.50 41 0 0 5.00 0.00 0.50
14.00 40 41 40 3 152.50 157.50 41 0 0 5.00 0.00 0.50
14.00 41 41 40 3 152.50 157.50 41 0 0 5.00 0.00 0.50
14.00 41 41 40 3 152.50 157.50 41 0 0 5.00 0.00 0.50
14.00 41 41 40 3 152.50 157.50 41 0 0 5.00 0.00 0.50
15.00 41 41 40 3 152.50 157.50 41 0 0 5.00 0.00 0.50
13.00 41 41 40 3 152.50 157.50 41 0 0 5.00 0.00 0.50
14.00 40 41 40 3 152.50 157.50 41 0 0 5.00 0.00 0.50
15.00 40 41 40 3 152.50 157.50 41 0 0 5.00 0.00 0.50
13.00 40 41 40 3 152.50 157.50 41 0 0 5.00 0.00 0.50
14.00 40 41 40 3 152.50 157.50 41 0 0 5.00 0.00 0.50
15.00 40 41 40 3 152.50 157.50 41 0 0 5.00 0.00 0.50
14.00 40 41 40 3 152.50 157.50 41 0 0 5.00 0.00 0.50
13.00 40 41 40 3 152.50 157.50 41 0 0 5.00 0.00 0.50
15.00 40 41 40 3 152.50 157.50 41 0 0 5.00 0.00 0.50
14.00 40 41 40 3 152.50 157.50 41 0 0 5.00 0.00 0.50
13.00 40 41 40 3 152.50 157.50 41 0 0 5.00 0.00 0.50
15.00 40 41 40 3 152.50 157.50 41 0 0 5.00 0.00 0.50
14.00 40 41 40 3 152.50 157.50 41 0 0 5.00 0.00 0.50
14.00 40 41 40 3 152.50 157.50 41 0 0 5.00 0.00 0.50
14.00 40 41 40 3 152.50 157.50 41 0 0 5.00 0.00 0.50
14.00 40 41 40 3 152.50 157.50 41 0 0 5.00 0.00 0.50
14.00 40 41 40 3 152.50 157.50 41 0 0 5.00 0.00 0.50
14.00 40 41 40 3 152.50 157.50 41 0 0 5.00 0.00 0.50
14.00 40 41 40 3 152.50 157.50 41 0 0 5.00 0.00 0.50
14.00 39 41 40 3 152.50 157.50 41 0 0 5.00 0.00 0.50
15.00 40 41 40 3 152.50 157.50 41 0 0 5.00 0.00 0.50
13.00 40 41 40 3 152.50 157.50 41 0 0 5.00 0.00 0.50
14.00 40 41 40 3 152.50 157.50 41 0 0 5.00 0.00 0.50
15.00 40 41 40 3 152.50 157.50 41 0 0 5.00 0.00 0.50
13.00 40 41 40 3 152.50 157.50 41 0 0 5.00 0.00 0.50
14.00 40 41 40 3 152.50 157.50 41 0 0 5.00 0.00 0.50
15.00 40 41 40 3 152.50 157.50 41 0 0 5.00 0.00 0.50
14.00 40 41 40 3 152.50 157.50 41 0 0 5.00 0.00 0.50
13.00 40 41 40 3 152.50 157.50 41 0 0 5.00 0.00 0.50
15.00 40 41 40 3 152.50 157.50 41 0 0 5.00 0.00 0.50
14.00 40 41 40 3 152.50 157.50 41 0 0 5.00 0.00 0.50
13.00 40 41 40 3 152.50 157.50 41 0 0 5.00 0.00 0.50
15.00 41 41 40 3 152.50 157.50 41 0 0 5.00 0.00 0.50
14.00 41 41 40 3 152.50 157.50 41 0 0 5.00 0.00 0.50
13.00 41 41 40 3 152.50 157.50 41 0 0 5.00 0.00 0.50
15.00 40 41 40 3 152.50 157.50 41 0 0 5.00 0.00 0.50
14.00 40 41 40 3 152.50 157.50 41 0 0 5.00 0.00 0.50
14.00 41 41 40 3 152.50 157.50 41 0 0 5.00 0.00 0.50
14.00 41 41 40 3 152.50 157.50 41 0 0 5.00 0.00 0.50
14.00 41 41 40 3 152.50 157.50 41 0 0 5.00 0.00 0.50
14.00 41 41 40 3 152.50 157.50 41 0 0 5.00 0.00 0.50
14.00 40 41 40 3 152.50 157.50 41 0 0 5.00 0.00 0.50
14.00 41 41 40 3 152.50 157.50 41 0 0 5.00 0.00 0.50
14.00 41 41 40 3 152.50 157.50 41 0 0 5.00 0.00 0.50
15.00 41 42 40 3 133.33 176.67 42 0 0 5.00 0.00 0.50
13.00 40 41 40 3 171.73 138.27 41 0 0 5.00 0.00 0.50
14.00 40 42 40 3 132.14 177.86 42 0 0 5.00 0.00 0.50
15.00 40 41 40 3 169.17 140.83 41 0 0 5.00 0.00 0.50
13.00 40 41 40 3 152.50 157.50 41 0 0 5.00 0.00 0.50
14.00 40 41 40 3 152.50 157.50 41 0 0 5.00 0.00 0.50
15.00 39 42 40 3 133.33 176.67 42 0 0 5.00 0.00 0.50
14.00 39 42 40 3 150.00 160.00 42 0 0 5.00 0.00 0.50
13.00 39 41 40 3 171.73 138.27 41 0 0 5.00 0.00 0.50
15.00 39 42 40 3 133.33 176.67 42 0 0 5.00 0.00 0.50
14.00 40 41 40 3 170.36 139.64 41 0 0 5.00 0.00 0.50
13.00 39 41 40 3 152.50 157.50 41 0 0 5.00 0.00 0.50
15.00 40 41 40 3 152.50 157.50 41 0 0 5.00 0.00 0.50
14.00 40 41 40 3 152.50 157.50 41 0 0 5.00 0.00 0.50
14.00 41 41 40 3 152.50 157.50 41 0 0 5.00 0.00 0.50
13.00 39 41 40 3 152.50 157.50 41 0 0 5.00 0.00 0.50
15.00 41 41 40 3 152.50 157.50 41 0 0 5.00 0.00 0.50
14.00 40 41 40 3 152.50 157.50 41 0 0 5.00 0.00 0.50
13.00 41 42 40 3 130.77 179.23 42 0 0 5.00 0.00 0.50
15.00 41 42 40 3 150.00 160.00 42 0 0 5.00 0.00 0.50
14.00 41 41 40 3 170.36 139.64 41 0 0 5.00 0.00 0.50
14.00 41 42 40 3 132.14 177.86 42 0 0 5.00 0.00 0.50
14.00 41 42 40 3 150.00 160.00 42 0 0 5.00 0.00 0.50
14.00 41 41 40 3 170.36 139.64 41 0 0 5.00 0.00 0.50
14.00 41 41 40 3 152.50 157.50 41 0 0 5.00 0.00 0.50
14.00 41 42 40 3 132.14 177.86 42 0 0 5.00 0.00 0.50
14.00 41 42 40 3 150.00 160.00 42 0 0 5.00 0.00 0.50
14.00 41 41 40 3 170.36 139.64 41 0 0 5.00 0.00 0.50
14.00 41 42 40 3 132.14 177.86 42 0 0 5.00 0.00 0.50
14.00 41 42 40 3 150.00 160.00 42 0 0 5.00 0.00 0.50
14.00 41 42 40 3 150.00 160.00 42 0 0 5.00 0.00 0.50
15.00 41 42 40 3 150.00 160.00 42 0 0 5.00 0.00 0.50
13.00 41 42 40 3 150.00 160.00 42 0 0 5.00 0.00 0.50
14.00 41 42 40 3 150.00 160.00 42 0 0 5.00 0.00 0.50
15.00 41 42 40 3 150.00 160.00 42 0 0 5.00 0.00 0.50
13.00 40 42 40 3 150.00 160.00 42 0 0 5.00 0.00 0.50
14.00 41 42 40 3 150.00 160.00 42 0 0 5.00 0.00 0.50
15.00 40 42 40 3 150.00 160.00 42 0 0 5.00 0.00 0.50
14.00 41 42 40 3 150.00 160.00 42 0 0 5.00 0.00 0.50
13.00 40 42 40 3 150.00 160.00 42 0 0 5.00 0.00 0.50
15.00 41 42 40 3 150.00 160.00 42 0 0 5.00 0.00 0.50
14.00 40 42 40 3 150.00 160.00 42 0 0 5.00 0.00 0.50
13.00 40 42 40 3 150.00 160.00 42 0 0 5.00 0.00 0.50
15.00 40 42 40 3 150.00 160.00 42 0 0 5.00 0.00 0.50
14.00 40 42 40 3 150.00 160.00 42 0 0 5.00 0.00 0.50
14.00 40 42 40 3 150.00 160.00 42 0 0 5.00 0.00 0.50
14.00 41 42 40 3 150.00 160.00 42 0 0 5.00 0.00 0.50
14.00 41 42 40 3 150.00 160.00 42 0 0 5.00 0.00 0.50
14.00 42 42 40 3 150.00 160.00 42 0 0 5.00 0.00 0.50
14.00 41 42 40 3 150.00 160.00 42 0 0 5.00 0.00 0.50
14.00 41 43 40 3 129.64 180.36 43 0 0 5.00 0.00 0.50
14.00 41 42 40 3 167.86 142.14 42 0 0 5.00 0.00 0.50
15.00 42 43 40 3 130.83 179.17 43 0 0 5.00 0.00 0.50
13.00 41 42 40 3 169.23 140.77 42 0 0 5.00 0.00 0.50
14.00 42 42 40 3 150.00 160.00 42 0 0 5.00 0.00 0.50
15.00 42 43 40 3 130.83 179.17 43 0 0 5.00 0.00 0.50
13.00 42 42 40 3 169.23 140.77 42 0 0 5.00 0.00 0.50
14.00 42 42 40 3 150.00 160.00 42 0 0 5.00 0.00 0.50
15.00 42 42 40 3 150.00 160.00 42 0 0 5.00 0.00 0.50
14.00 42 42 40 3 150.00 160.00 42 0 0 5.00 0.00 0.50
13.00 42 43 40 3 128.27 181.73 43 0 0 5.00 0.00 0.50
15.00 42 43 40 3 147.50 162.50 43 0 0 5.00 0.00 0.50
14.00 42 43 40 3 147.50 162.50 43 0 0 5.00 0.00 0.50
13.00 42 43 40 3 147.50 162.50 43 0 0 5.00 0.00 0.50
15.00 42 43 40 3 147.50 162.50 43 0 0 5.00 0.00 0.50
14.00 42 43 40 3 147.50 162.50 43 0 0 5.00 0.00 0.50
14.00 42 43 40 3 147.50 162.50 43 0 0 5.00 0.00 0.50
14.00 42 43 40 3 147.50 162.50 43 0 0 5.00 0.00 0.50
14.00 42 43 40 3 147.50 162.50 43 0 0 5.00 0.00 0.50
14.00 42 43 40 3 147.50 162.50 43 0 0 5.00 0.00 0.50
14.00 42 43 40 3 147.50 162.50 43 0 0 5.00 0.00 0.50
14.00 43 43 40 3 147.50 162.50 43 0 0 5.00 0.00 0.50
14.00 42 43 40 3 147.50 162.50 43 0 0 5.00 0.00 0.50
14.00 42 43 40 3 147.50 162.50 43 0 0 5.00 0.00 0.50
14.00 42 43 40 3 147.50 162.50 43 0 0 5.00 0.00 0.50
14.00 43 43 40 3 147.50 162.50 43 0 0 5.00 0.00 0.50
15.00 42 43 40 3 147.50 162.50 43 0 0 5.00 0.00 0.50
13.00 42 43 40 3 147.50 162.50 43 0 0 5.00 0.00 0.50
14.00 42 44 40 3 127.14 182.86 44 0 0 5.00 0.00 0.50
15.00 42 43 40 3 164.17 145.83 43 0 0 5.00 0.00 0.50
13.00 43 43 40 3 147.50 162.50 43 0 0 5.00 0.00 0.50
14.00 43 44 40 3 127.14 182.86 44 0 0 5.00 0.00 0.50
15.00 42 43 40 3 164.17 145.83 43 0 0 5.00 0.00 0.50
14.00 43 44 40 3 127.14 182.86 44 0 0 5.00 0.00 0.50
13.00 42 43 40 3 166.73 143.27 43 0 0 5.00 0.00 0.50
15.00 42 43 40 3 147.50 162.50 43 0 0 5.00 0.00 0.50
14.00 43 44 40 3 127.14 182.86 44 0 0 5.00 0.00 0.50
13.00 43 43 40 3 166.73 143.27 43 0 0 5.00 0.00 0.50
15.00 42 43 40 3 147.50 162.50 43 0 0 5.00 0.00 0.50
14.00 43 43 40 3 147.50 162.50 43 0 0 5.00 0.00 0.50
14.00 43 43 40 3 147.50 162.50 43 0 0 5.00 0.00 0.50
14.00 42 43 40 3 147.50 162.50 43 0 0 5.00 0.00 0.50
14.00 42 44 40 3 127.14 182.86 44 0 0 5.00 0.00 0.50
14.00 43 44 40 3 145.00 165.00 44 0 0 5.00 0.00 0.50
13.00 43 44 40 3 145.00 165.00 44 0 0 5.00 0.00 0.50
15.00 43 44 40 3 145.00 165.00 44 0 0 5.00 0.00 0.50
14.00 42 43 40 3 165.36 144.64 43 0 0 5.00 0.00 0.50
14.00 42 43 40 3 147.50 162.50 43 0 0 5.00 0.00 0.50
14.00 43 44 40 3 127.14 182.86 44 0 0 5.00 0.00 0.50
14.00 43 43 40 3 165.36 144.64 43 0 0 5.00 0.00 0.50
14.00 42 43 40 3 147.50 162.50 43 0 0 5.00 0.00 0.50
14.00 42 43 40 3 147.50 162.50 43 0 0 5.00 0.00 0.50
14.00 42 44 40 3 127.14 182.86 44 0 0 5.00 0.00 0.50
14.00 42 44 40 3 145.00 165.00 44 0 0 5.00 0.00 0.50
15.00 42 44 40 3 145.00 165.00 44 0 0 5.00 0.00 0.50
13.00 42 44 40 3 145.00 165.00 44 0 0 5.00 0.00 0.50
14.00 41 44 40 3 145.00 165.00 44 0 0 5.00 0.00 0.50
15.00 42 44 40 3 145.00 165.00 44 0 0 5.00 0.00 0.50
13.00 41 44 40 3 145.00 165.00 44 0 0 5.00 0.00 0.50
14.00 42 44 40 3 145.00 165.00 44 0 0 5.00 0.00 0.50
15.00 43 44 40 3 145.00 165.00 44 0 0 5.00 0.00 0.50
14.00 42 44 40 3 145.00 165.00 44 0 0 5.00 0.00 0.50
13.00 42 44 40 3 145.00 165.00 44 0 0 5.00 0.00 0.50
15.00 43 44 40 3 145.00 165.00 44 0 0 5.00 0.00 0.50
14.00 43 44 40 3 145.00 165.00 44 0 0 5.00 0.00 0.50
13.00 43 44 40 3 145.00 165.00 44 0 0 5.00 0.00 0.50
15.00 43 44 40 3 145.00 165.00 44 0 0 5.00 0.00 0.50
14.00 44 44 40 3 145.00 165.00 44 0 0 5.00 0.00 0.50
13.00 43 44 40 3 145.00 165.00 44 0 0 5.00 0.00 0.50
15.00 44 44 40 3 145.00 165.00 44 0 0 5.00 0.00 0.50
14.00 44 45 40 3 124.64 185.36 45 0 0 5.00 0.00 0.50
14.00 44 44 40 3 162.86 147.14 44 0 0 5.00 0.00 0.50
14.00 44 44 40 3 145.00 165.00 44 0 0 5.00 0.00 0.50
14.00 44 44 40 3 145.00 165.00 44 0 0 5.00 0.00 0.50
14.00 44 45 40 3 124.64 185.36 45 0 0 5.00 0.00 0.50
14.00 44 44 40 3 162.86 147.14 44 0 0 5.00 0.00 0.50
14.00 43 44 40 3 145.00 165.00 44 0 0 5.00 0.00 0.50
14.00 43 44 40 3 145.00 165.00 44 0 0 5.00 0.00 0.50
15.00 44 44 40 3 145.00 165.00 44 0 0 5.00 0.00 0.50
13.00 44 44 40 3 145.00 165.00 44 0 0 5.00 0.00 0.50
14.00 43 44 40 3 145.00 165.00 44 0 0 5.00 0.00 0.50
15.00 43 44 40 3 145.00 165.00 44 0 0 5.00 0.00 0.50
13.00 43 44 40 3 145.00 165.00 44 0 0 5.00 0.00 0.50
14.00 43 44 40 3 145.00 165.00 44 0 0 5.00 0.00 0.50
15.00 43 44 40 3 145.00 165.00 44 0 0 5.00 0.00 0.50
14.00 40 44 40 3 145.00 165.00 44 0 0 5.00 0.00 0.50
13.00 40 44 40 3 145.00 165.00 44 0 0 5.00 0.00 0.50
15.00 43 44 40 3 145.00 165.00 44 0 0 5.00 0.00 0.50
14.00 42 44 40 3 145.00 165.00 44 0 0 5.00 0.00 0.50
13.00 42 44 40 3 145.00 165.00 44 0 0 5.00 0.00 0.50
15.00 42 44 40 3 145.00 165.00 44 0 0 5.00 0.00 0.50
14.00 42 44 40 3 145.00 165.00 44 0 0 5.00 0.00 0.50
14.00 40 44 40 3 145.00 165.00 44 0 0 5.00 0.00 0.50
14.00 42 44 40 3 145.00 165.00 44 0 0 5.00 0.00 0.50
14.00 42 44 40 3 145.00 165.00 44 0 0 5.00 0.00 0.50
14.00 42 44 40 3 145.00 165.00 44 0 0 5.00 0.00 0.50
14.00 43 43 40 3 165.36 144.64 43 0 0 5.00 0.00 0.50
14.00 42 44 40 3 127.14 182.86 44 0 0 5.00 0.00 0.50
14.00 42 43 40 3 165.36 144.64 43 0 0 5.00 0.00 0.50
15.00 43 43 40 3 147.50 162.50 43 0 0 5.00 0.00 0.50
13.00 42 43 40 3 147.50 162.50 43 0 0 5.00 0.00 0.50
14.00 43 43 40 3 147.50 162.50 43 0 0 5.00 0.00 0.50
15.00 43 43 40 3 147.50 162.50 43 0 0 5.00 0.00 0.50
13.00 43 43 40 3 147.50 162.50 43 0 0 5.00 0.00 0.50
14.00 43 43 40 3 147.50 162.50 43 0 0 5.00 0.00 0.50
15.00 43 43 40 3 147.50 162.50 43 0 0 5.00 0.00 0.50
13.00 43 43 40 3 147.50 162.50 43 0 0 5.00 0.00 0.50
14.00 43 43 40 3 147.50 162.50 43 0 0 5.00 0.00 0.50
15.00 44 42 40 3 166.67 143.33 42 0 0 5.00 0.00 0.50
14.00 43 42 40 3 150.00 160.00 42 0 0 5.00 0.00 0.50
13.00 43 43 40 3 128.27 181.73 43 0 0 5.00 0.00 0.50
15.00 43 43 40 3 147.50 162.50 43 0 0 5.00 0.00 0.50
14.00 43 42 40 3 167.86 142.14 42 0 0 5.00 0.00 0.50
13.00 43 42 40 3 150.00 160.00 42 0 0 5.00 0.00 0.50
15.00 44 42 40 3 150.00 160.00 42 0 0 5.00 0.00 0.50
14.00 43 42 40 3 150.00 160.00 42 0 0 5.00 0.00 0.50
14.00 43 42 40 3 150.00 160.00 42 0 0 5.00 0.00 0.50
14.00 43 42 40 3 150.00 160.00 42 0 0 5.00 0.00 0.50
14.00 43 42 40 3 150.00 160.00 42 0 0 5.00 0.00 0.50
14.00 43 42 40 3 150.00 160.00 42 0 0 5.00 0.00 0.50
13.00 43 42 40 3 150.00 160.00 42 0 0 5.00 0.00 0.50
15.00 43 42 40 3 150.00 160.00 42 0 0 5.00 0.00 0.50
14.00 43 42 40 3 150.00 160.00 42 0 0 5.00 0.00 0.50
15.00 43 42 40 3 150.00 160.00 42 0 0 5.00 0.00 0.50
13.00 43 42 40 3 150.00 160.00 42 0 0 5.00 0.00 0.50
14.00 43 42 40 3 150.00 160.00 42 0 0 5.00 0.00 0.50
14.00 43 42 40 3 150.00 160.00 42 0 0 5.00 0.00 0.50
14.00 43 42 40 3 150.00 160.00 42 0 0 5.00 0.00 0.50
14.00 43 42 40 3 150.00 160.00 42 0 0 5.00 0.00 0.50
14.00 43 41 40 3 170.36 139.64 41 0 0 5.00 0.00 0.50
15.00 43 41 40 3 152.50 157.50 41 0 0 5.00 0.00 0.50
13.00 43 42 40 3 130.77 179.23 42 0 0 5.00 0.00 0.50
14.00 43 42 40 3 150.00 160.00 42 0 0 5.00 0.00 0.50
15.00 42 42 40 3 150.00 160.00 42 0 0 5.00 0.00 0.50
13.00 43 42 40 3 150.00 160.00 42 0 0 5.00 0.00 0.50
14.00 42 41 40 3 170.36 139.64 41 0 0 5.00 0.00 0.50
15.00 43 41 40 3 152.50 157.50 41 0 0 5.00 0.00 0.50
14.00 42 41 40 3 152.50 157.50 41 0 0 5.00 0.00 0.50
13.00 42 41 40 3 152.50 157.50 41 0 0 5.00 0.00 0.50
15.00 42 41 40 3 152.50 157.50 41 0 0 5.00 0.00 0.50
14.00 43 41 40 3 152.50 157.50 41 0 0 5.00 0.00 0.50
13.00 42 41 40 3 152.50 157.50 41 0 0 5.00 0.00 0.50
15.00 43 41 40 3 152.50 157.50 41 0 0 5.00 0.00 0.50
14.00 42 41 40 3 152.50 157.50 41 0 0 5.00 0.00 0.50
14.00 42 41 40 3 152.50 157.50 41 0 0 5.00 0.00 0.50
14.00 42 41 40 3 152.50 157.50 41 0 0 5.00 0.00 0.50
14.00 42 41 40 3 152.50 157.50 41 0 0 5.00 0.00 0.50
14.00 42 41 40 3 152.50 157.50 41 0 0 5.00 0.00 0.50
14.00 42 41 40 3 152.50 157.50 41 0 0 5.00 0.00 0.50
14.00 42 41 40 3 152.50 157.50 41 0 0 5.00 0.00 0.50
14.00 42 41 40 3 152.50 157.50 41 0 0 5.00 0.00 0.50
14.00 41 41 40 3 152.50 157.50 41 0 0 5.00 0.00 0.50
14.00 42 41 40 3 152.50 157.50 41 0 0 5.00 0.00 0.50
14.00 42 41 40 3 152.50 157.50 41 0 0 5.00 0.00 0.50
15.00 42 40 40 3 171.67 138.33 40 0 0 5.00 0.00 0.50
13.00 42 41 40 3 133.27 176.73 41 0 0 5.00 0.00 0.50
14.00 42 41 40 3 152.50 157.50 41 0 0 5.00 0.00 0.50
15.00 41 40 40 3 171.67 138.33 40 0 0 5.00 0.00 0.50
13.00 41 40 40 3 155.00 155.00 40 0 0 5.00 0.00 0.50
14.00 42 40 40 3 155.00 155.00 40 0 0 5.00 0.00 0.50
15.00 41 40 40 3 155.00 155.00 40 0 0 5.00 0.00 0.50
14.00 41 40 40 3 155.00 155.00 40 0 0 5.00 0.00 0.50
13.00 41 40 40 3 155.00 155.00 40 0 0 5.00 0.00 0.50
15.00 41 40 40 3 155.00 155.00 40 0 0 5.00 0.00 0.50
14.00 41 40 40 3 155.00 155.00 40 0 0 5.00 0.00 0.50
13.00 41 41 40 3 133.27 176.73 41 0 0 5.00 0.00 0.50
15.00 41 40 40 3 171.67 138.33 40 0 0 5.00 0.00 0.50
14.00 41 40 40 3 155.00 155.00 40 0 0 5.00 0.00 0.50
14.00 41 40 40 3 155.00 155.00 40 0 0 5.00 0.00 0.50
14.00 41 40 40 3 155.00 155.00 40 0 0 5.00 0.00 0.50
14.00 41 40 40 3 155.00 155.00 40 0 0 5.00 0.00 0.50
14.00 41 40 40 3 155.00 155.00 40 0 0 5.00 0.00 0.50
14.00 41 40 40 3 155.00 155.00 40 0 0 5.00 0.00 0.50
14.00 41 40 40 3 155.00 155.00 40 0 0 5.00 0.00 0.50
14.00 41 40 40 3 155.00 155.00 40 0 0 5.00 0.00 0.50
15.00 40 40 40 3 155.00 155.00 40 0 0 5.00 0.00 0.50
13.00 41 40 40 3 155.00 155.00 40 0 0 5.00 0.00 0.50
14.00 40 39 40 3 175.36 134.64 39 0 0 5.00 0.00 0.50
15.00 41 40 40 3 138.33 171.67 40 0 0 5.00 0.00 0.50
13.00 41 40 40 3 155.00 155.00 40 0 0 5.00 0.00 0.50
14.00 40 40 40 3 155.00 155.00 40 0 0 5.00 0.00 0.50
15.00 40 39 40 3 174.17 135.83 39 0 0 5.00 0.00 0.50
14.00 40 39 40 3 157.50 152.50 39 0 0 5.00 0.00 0.50
13.00 40 39 40 3 157.50 152.50 39 0 0 5.00 0.00 0.50
15.00 40 40 40 3 138.33 171.67 40 0 0 5.00 0.00 0.50
14.00 40 39 40 3 175.36 134.64 39 0 0 5.00 0.00 0.50
13.00 40 39 40 3 157.50 152.50 39 0 0 5.00 0.00 0.50
15.00 40 39 40 3 157.50 152.50 39 0 0 5.00 0.00 0.50
14.00 40 39 40 3 157.50 152.50 39 0 0 5.00 0.00 0.50
14.00 40 40 40 3 137.14 172.86 40 0 0 5.00 0.00 0.50
14.00 40 39 40 3 175.36 134.64 39 0 0 5.00 0.00 0.50
14.00 40 39 40 3 157.50 152.50 39 0 0 5.00 0.00 0.50
14.00 40 39 40 3 157.50 152.50 39 0 0 5.00 0.00 0.50
14.00 40 39 40 3 157.50 152.50 39 0 0 5.00 0.00 0.50
14.00 39 39 40 3 157.50 152.50 39 0 0 5.00 0.00 0.50
14.00 40 39 40 3 157.50 152.50 39 0 0 5.00 0.00 0.50
14.00 40 39 40 3 157.50 152.50 39 0 0 5.00 0.00 0.50
14.00 39 39 40 3 157.50 152.50 39 0 0 5.00 0.00 0.50
14.00 40 39 40 3 157.50 152.50 39 0 0 5.00 0.00 0.50
15.00 39 39 40 3 157.50 152.50 39 0 0 5.00 0.00 0.50
13.00 40 39 40 3 157.50 152.50 39 0 0 5.00 0.00 0.50
14.00 40 39 40 3 157.50 152.50 39 0 0 5.00 0.00 0.50
14.00 40 39 40 3 157.50 152.50 39 0 0 5.00 0.00 0.50
14.00 40 39 40 3 157.50 152.50 39 0 0 5.00 0.00 0.50
14.00 39 39 40 3 157.50 152.50 39 0 0 5.00 0.00 0.50
14.00 39 39 40 3 157.50 152.50 39 0 0 5.00 0.00 0.50
15.00 39 39 40 3 157.50 152.50 39 0 0 5.00 0.00 0.50
13.00 39 39 40 3 157.50 152.50 39 0 0 5.00 0.00 0.50
14.00 39 39 40 3 157.50 152.50 39 0 0 5.00 0.00 0.50
15.00 39 38 40 3 176.67 133.33 38 0 0 5.00 0.00 0.50
13.00 39 39 40 3 138.27 171.73 39 0 0 5.00 0.00 0.50
14.00 39 39 40 3 157.50 152.50 39 0 0 5.00 0.00 0.50
15.00 39 38 40 3 176.67 133.33 38 0 0 5.00 0.00 0.50
14.00 39 39 40 3 139.64 170.36 39 0 0 5.00 0.00 0.50
13.00 39 38 40 3 179.23 130.77 38 0 0 5.00 0.00 0.50
15.00 39 38 40 3 160.00 150.00 38 0 0 5.00 0.00 0.50
14.00 39 39 40 3 139.64 170.36 39 0 0 5.00 0.00 0.50
13.00 39 38 40 3 179.23 130.77 38 0 0 5.00 0.00 0.50
15.00 38 38 40 3 160.00 150.00 38 0 0 5.00 0.00 0.50
14.00 39 39 40 3 139.64 170.36 39 0 0 5.00 0.00 0.50
14.00 39 39 40 3 157.50 152.50 39 0 0 5.00 0.00 0.50
14.00 38 38 40 3 177.86 132.14 38 0 0 5.00 0.00 0.50
14.00 39 38 40 3 160.00 150.00 38 0 0 5.00 0.00 0.50
14.00 38 38 40 3 160.00 150.00 38 0 0 5.00 0.00 0.50
14.00 38 38 40 3 160.00 150.00 38 0 0 5.00 0.00 0.50
14.00 38 39 40 3 139.64 170.36 39 0 0 5.00 0.00 0.50
14.00 39 39 40 3 157.50 152.50 39 0 0 5.00 0.00 0.50
15.00 38 39 40 3 157.50 152.50 39 0 0 5.00 0.00 0.50
13.00 38 38 40 3 179.23 130.77 38 0 0 5.00 0.00 0.50
14.00 38 39 40 3 139.64 170.36 39 0 0 5.00 0.00 0.50
15.00 38 39 40 3 157.50 152.50 39 0 0 5.00 0.00 0.50
13.00 38 38 40 3 179.23 130.77 38 0 0 5.00 0.00 0.50
14.00 38 39 40 3 139.64 170.36 39 0 0 5.00 0.00 0.50
15.00 39 39 40 3 157.50 152.50 39 0 0 5.00 0.00 0.50
13.00 38 38 40 3 179.23 130.77 38 0 0 5.00 0.00 0.50
14.00 38 39 40 3 139.64 170.36 39 0 0 5.00 0.00 0.50
15.00 38 39 40 3 157.50 152.50 39 0 0 5.00 0.00 0.50
14.00 38 39 40 3 157.50 152.50 39 0 0 5.00 0.00 0.50
13.00 38 39 40 3 157.50 152.50 39 0 0 5.00 0.00 0.50
15.00 38 39 40 3 157.50 152.50 39 0 0 5.00 0.00 0.50
14.00 38 39 40 3 157.50 152.50 39 0 0 5.00 0.00 0.50
13.00 38 39 40 3 157.50 152.50 39 0 0 5.00 0.00 0.50
15.00 37 39 40 3 157.50 152.50 39 0 0 5.00 0.00 0.50
14.00 38 39 40 3 157.50 152.50 39 0 0 5.00 0.00 0.50
14.00 38 39 40 3 157.50 152.50 39 0 0 5.00 0.00 0.50
14.00 37 39 40 3 157.50 152.50 39 0 0 5.00 0.00 0.50
14.00 37 39 40 3 157.50 152.50 39 0 0 5.00 0.00 0.50
14.00 38 38 40 3 177.86 132.14 38 0 0 5.00 0.00 0.50
14.00 38 39 40 3 139.64 170.36 39 0 0 5.00 0.00 0.50
14.00 38 39 40 3 157.50 152.50 39 0 0 5.00 0.00 0.50
14.00 38 39 40 3 157.50 152.50 39 0 0 5.00 0.00 0.50
15.00 38 39 40 3 157.50 152.50 39 0 0 5.00 0.00 0.50
13.00 38 39 40 3 157.50 152.50 39 0 0 5.00 0.00 0.50
14.00 38 39 40 3 157.50 152.50 39 0 0 5.00 0.00 0.50
15.00 38 39 40 3 157.50 152.50 39 0 0 5.00 0.00 0.50
13.00 38 39 40 3 157.50 152.50 39 0 0 5.00 0.00 0.50
14.00 38 39 40 3 157.50 152.50 39 0 0 5.00 0.00 0.50
15.00 38 39 40 3 157.50 152.50 39 0 0 5.00 0.00 0.50
14.00 38 39 40 3 157.50 152.50 39 0 0 5.00 0.00 0.50
13.00 38 39 40 3 157.50 152.50 39 0 0 5.00 0.00 0.50
15.00 37 39 40 3 157.50 152.50 39 0 0 5.00 0.00 0.50
14.00 38 39 40 3 157.50 152.50 39 0 0 5.00 0.00 0.50
13.00 38 39 40 3 157.50 152.50 39 0 0 5.00 0.00 0.50
15.00 38 39 40 3 157.50 152.50 39 0 0 5.00 0.00 0.50
14.00 38 39 40 3 157.50 152.50 39 0 0 5.00 0.00 0.50
14.00 38 39 40 3 157.50 152.50 39 0 0 5.00 0.00 0.50
14.00 38 39 40 3 157.50 152.50 39 0 0 5.00 0.00 0.50
14.00 38 39 40 3 157.50 152.50 39 0 0 5.00 0.00 0.50
14.00 38 39 40 3 157.50 152.50 39 0 0 5.00 0.00 0.50
14.00 39 39 40 3 157.50 152.50 39 0 0 5.00 0.00 0.50
14.00 38 39 40 3 157.50 152.50 39 0 0 5.00 0.00 0.50
14.00 39 39 40 3 157.50 152.50 39 0 0 5.00 0.00 0.50
15.00 38 39 40 3 157.50 152.50 39 0 0 5.00 0.00 0.50
13.00 39 40 40 3 135.77 174.23 40 0 0 5.00 0.00 0.50
14.00 39 39 40 3 175.36 134.64 39 0 0 5.00 0.00 0.50
15.00 38 39 40 3 157.50 152.50 39 0 0 5.00 0.00 0.50
13.00 39 39 40 3 157.50 152.50 39 0 0 5.00 0.00 0.50
14.00 39 40 40 3 137.14 172.86 40 0 0 5.00 0.00 0.50
15.00 39 39 40 3 174.17 135.83 39 0 0 5.00 0.00 0.50
13.00 39 40 40 3 135.77 174.23 40 0 0 5.00 0.00 0.50
14.00 39 40 40 3 155.00 155.00 40 0 0 5.00 0.00 0.50
14.00 39 39 40 3 175.36 134.64 39 0 0 5.00 0.00 0.50
15.00 39 39 40 3 157.50 152.50 39 0 0 5.00 0.00 0.50
13.00 39 39 40 3 157.50 152.50 39 0 0 5.00 0.00 0.50
14.00 39 39 40 3 157.50 152.50 39 0 0 5.00 0.00 0.50
15.00 39 39 40 3 157.50 152.50 39 0 0 5.00 0.00 0.50
13.00 39 39 40 3 157.50 152.50 39 0 0 5.00 0.00 0.50
14.00 39 39 40 3 157.50 152.50 39 0 0 5.00 0.00 0.50
15.00 39 39 40 3 157.50 152.50 39 0 0 5.00 0.00 0.50
14.00 38 39 40 3 157.50 152.50 39 0 0 5.00 0.00 0.50
13.00 39 39 40 3 157.50 152.50 39 0 0 5.00 0.00 0.50
15.00 38 39 40 3 157.50 152.50 39 0 0 5.00 0.00 0.50
14.00 38 39 40 3 157.50 152.50 39 0 0 5.00 0.00 0.50
13.00 38 39 40 3 157.50 152.50 39 0 0 5.00 0.00 0.50
15.00 39 39 40 3 157.50 152.50 39 0 0 5.00 0.00 0.50
14.00 38 39 40 3 157.50 152.50 39 0 0 5.00 0.00 0.50
14.00 38 40 40 3 137.14 172.86 40 0 0 5.00 0.00 0.50
14.00 38 39 40 3 175.36 134.64 39 0 0 5.00 0.00 0.50
14.00 38 39 40 3 157.50 152.50 39 0 0 5.00 0.00 0.50
14.00 38 39 40 3 157.50 152.50 39 0 0 5.00 0.00 0.50
14.00 38 39 40 3 157.50 152.50 39 0 0 5.00 0.00 0.50
14.00 38 39 40 3 157.50 152.50 39 0 0 5.00 0.00 0.50
14.00 38 39 40 3 157.50 152.50 39 0 0 5.00 0.00 0.50
15.00 38 39 40 3 157.50 152.50 39 0 0 5.00 0.00 0.50
13.00 38 39 40 3 157.50 152.50 39 0 0 5.00 0.00 0.50
14.00 38 39 40 3 157.50 152.50 39 0 0 5.00 0.00 0.50
15.00 38 40 40 3 138.33 171.67 40 0 0 5.00 0.00 0.50
13.00 38 39 40 3 176.73 133.27 39 0 0 5.00 0.00 0.50
14.00 38 39 40 3 157.50 152.50 39 0 0 5.00 0.00 0.50
15.00 38 39 40 3 157.50 152.50 39 0 0 5.00 0.00 0.50
14.00 38 39 40 3 157.50 152.50 39 0 0 5.00 0.00 0.50
13.00 39 39 40 3 157.50 152.50 39 0 0 5.00 0.00 0.50
15.00 38 40 40 3 138.33 171.67 40 0 0 5.00 0.00 0.50
14.00 39 39 40 3 175.36 134.64 39 0 0 5.00 0.00 0.50
13.00 39 40 40 3 135.77 174.23 40 0 0 5.00 0.00 0.50
15.00 39 40 40 3 155.00 155.00 40 0 0 5.00 0.00 0.50
14.00 38 39 40 3 175.36 134.64 39 0 0 5.00 0.00 0.50
14.00 38 40 40 3 137.14 172.86 40 0 0 5.00 0.00 0.50
14.00 38 40 40 3 155.00 155.00 40 0 0 5.00 0.00 0.50
14.00 38 40 40 3 155.00 155.00 40 0 0 5.00 0.00 0.50
14.00 38 40 40 3 155.00 155.00 40 0 0 5.00 0.00 0.50
14.00 38 40 40 3 155.00 155.00 40 0 0 5.00 0.00 0.50
14.00 39 40 40 3 155.00 155.00 40 0 0 5.00 0.00 0.50
14.00 39 40 40 3 155.00 155.00 40 0 0 5.00 0.00 0.50
14.00 38 39 40 3 175.36 134.64 39 0 0 5.00 0.00 0.50
14.00 38 39 40 3 157.50 152.50 39 0 0 5.00 0.00 0.50
14.00 39 40 40 3 137.14 172.86 40 0 0 5.00 0.00 0.50
15.00 39 40 40 3 155.00 155.00 40 0 0 5.00 0.00 0.50
13.00 39 40 40 3 155.00 155.00 40 0 0 5.00 0.00 0.50
14.00 39 40 40 3 155.00 155.00 40 0 0 5.00 0.00 0.50
15.00 39 40 40 3 155.00 155.00 40 0 0 5.00 0.00 0.50
13.00 39 40 40 3 155.00 155.00 40 0 0 5.00 0.00 0.50
14.00 39 40 40 3 155.00 155.00 40 0 0 5.00 0.00 0.50
15.00 39 40 40 3 155.00 155.00 40 0 0 5.00 0.00 0.50
14.00 39 40 40 3 155.00 155.00 40 0 0 5.00 0.00 0.50
13.00 39 40 40 3 155.00 155.00 40 0 0 5.00 0.00 0.50
15.00 39 40 40 3 155.00 155.00 40 0 0 5.00 0.00 0.50
14.00 39 40 40 3 155.00 155.00 40 0 0 5.00 0.00 0.50
13.00 39 40 40 3 155.00 155.00 40 0 0 5.00 0.00 0.50
15.00 39 40 40 3 155.00 155.00 40 0 0 5.00 0.00 0.50
14.00 39 40 40 3 155.00 155.00 40 0 0 5.00 0.00 0.50
14.00 39 40 40 3 155.00 155.00 40 0 0 5.00 0.00 0.50
14.00 39 41 40 3 134.64 175.36 41 0 0 5.00 0.00 0.50
14.00 39 41 40 3 152.50 157.50 41 0 0 5.00 0.00 0.50
14.00 39 41 40 3 152.50 157.50 41 0 0 5.00 0.00 0.50
14.00 39 42 40 3 132.14 177.86 42 0 0 5.00 0.00 0.50
14.00 39 42 40 3 150.00 160.00 42 0 0 5.00 0.00 0.50
14.00 39 41 40 3 170.36 139.64 41 0 0 5.00 0.00 0.50
15.00 39 41 40 3 152.50 157.50 41 0 0 5.00 0.00 0.50
13.00 39 41 40 3 152.50 157.50 41 0 0 5.00 0.00 0.50
14.00 39 40 40 3 172.86 137.14 40 0 0 5.00 0.00 0.50
15.00 39 40 40 3 155.00 155.00 40 0 0 5.00 0.00 0.50
13.00 40 41 40 3 133.27 176.73 41 0 0 5.00 0.00 0.50
14.00 40 41 40 3 152.50 157.50 41 0 0 5.00 0.00 0.50
15.00 39 41 40 3 152.50 157.50 41 0 0 5.00 0.00 0.50
14.00 40 41 40 3 152.50 157.50 41 0 0 5.00 0.00 0.50
13.00 39 41 40 3 152.50 157.50 41 0 0 5.00 0.00 0.50
14.00 40 41 40 3 152.50 157.50 41 0 0 5.00 0.00 0.50
15.00 40 41 40 3 152.50 157.50 41 0 0 5.00 0.00 0.50
13.00 40 41 40 3 152.50 157.50 41 0 0 5.00 0.00 0.50
14.00 40 41 40 3 152.50 157.50 41 0 0 5.00 0.00 0.50
15.00 39 41 40 3 152.50 157.50 41 0 0 5.00 0.00 0.50
13.00 39 41 40 3 152.50 157.50 41 0 0 5.00 0.00 0.50
14.00 39 41 40 3 152.50 157.50 41 0 0 5.00 0.00 0.50
15.00 39 41 40 3 152.50 157.50 41 0 0 5.00 0.00 0.50
14.00 40 41 40 3 152.50 157.50 41 0 0 5.00 0.00 0.50
13.00 40 41 40 3 152.50 157.50 41 0 0 5.00 0.00 0.50
15.00 40 41 40 3 152.50 157.50 41 0 0 5.00 0.00 0.50
14.00 40 41 40 3 152.50 157.50 41 0 0 5.00 0.00 0.50
13.00 41 41 40 3 152.50 157.50 41 0 0 5.00 0.00 0.50
15.00 40 41 40 3 152.50 157.50 41 0 0 5.00 0.00 0.50
14.00 41 41 40 3 152.50 157.50 41 0 0 5.00 0.00 0.50
14.00 40 41 40 3 152.50 157.50 41 0 0 5.00 0.00 0.50
14.00 40 42 40 3 132.14 177.86 42 0 0 5.00 0.00 0.50
14.00 40 41 40 3 170.36 139.64 41 0 0 5.00 0.00 0.50
14.00 40 42 40 3 132.14 177.86 42 0 0 5.00 0.00 0.50
14.00 40 41 40 3 170.36 139.64 41 0 0 5.00 0.00 0.50
14.00 41 41 40 3 152.50 157.50 41 0 0 5.00 0.00 0.50
14.00 40 41 40 3 152.50 157.50 41 0 0 5.00 0.00 0.50
15.00 41 41 40 3 152.50 157.50 41 0 0 5.00 0.00 0.50
13.00 40 41 40 3 152.50 157.50 41 0 0 5.00 0.00 0.50
14.00 40 41 40 3 152.50 157.50 41 0 0 5.00 0.00 0.50
15.00 41 41 40 3 152.50 157.50 41 0 0 5.00 0.00 0.50
13.00 40 41 40 3 152.50 157.50 41 0 0 5.00 0.00 0.50
14.00 41 41 40 3 152.50 157.50 41 0 0 5.00 0.00 0.50
15.00 40 41 40 3 152.50 157.50 41 0 0 5.00 0.00 0.50
14.00 40 41 40 3 152.50 157.50 41 0 0 5.00 0.00 0.50
13.00 40 41 40 3 152.50 157.50 41 0 0 5.00 0.00 0.50
15.00 40 41 40 3 152.50 157.50 41 0 0 5.00 0.00 0.50
14.00 40 41 40 3 152.50 157.50 41 0 0 5.00 0.00 0.50
13.00 40 41 40 3 152.50 157.50 41 0 0 5.00 0.00 0.50
15.00 40 41 40 3 152.50 157.50 41 0 0 5.00 0.00 0.50
14.00 40 41 40 3 152.50 157.50 41 0 0 5.00 0.00 0.50
14.00 40 41 40 3 152.50 157.50 41 0 0 5.00 0.00 0.50
14.00 40 41 40 3 152.50 157.50 41 0 0 5.00 0.00 0.50
14.00 40 41 40 3 152.50 157.50 41 0 0 5.00 0.00 0.50
14.00 40 41 40 3 152.50 157.50 41 0 0 5.00 0.00 0.50
14.00 40 41 40 3 152.50 157.50 41 0 0 5.00 0.00 0.50
14.00 40 41 40 3 152.50 157.50 41 0 0 5.00 0.00 0.50
14.00 40 42 40 3 132.14 177.86 42 0 0 5.00 0.00 0.50
15.00 41 42 40 3 150.00 160.00 42 0 0 5.00 0.00 0.50
13.00 41 42 40 3 150.00 160.00 42 0 0 5.00 0.00 0.50
14.00 41 41 40 3 170.36 139.64 41 0 0 5.00 0.00 0.50
15.00 40 42 40 3 133.33 176.67 42 0 0 5.00 0.00 0.50
13.00 41 41 40 3 171.73 138.27 41 0 0 5.00 0.00 0.50
14.00 40 41 40 3 152.50 157.50 41 0 0 5.00 0.00 0.50
15.00 41 41 40 3 152.50 157.50 41 0 0 5.00 0.00 0.50
13.00 40 41 40 3 152.50 157.50 41 0 0 5.00 0.00 0.50
14.00 40 41 40 3 152.50 157.50 41 0 0 5.00 0.00 0.50
15.00 41 41 40 3 152.50 157.50 41 0 0 5.00 0.00 0.50
14.00 40 41 40 3 152.50 157.50 41 0 0 5.00 0.00 0.50
13.00 40 42 40 3 130.77 179.23 42 0 0 5.00 0.00 0.50
15.00 40 42 40 3 150.00 160.00 42 0 0 5.00 0.00 0.50
14.00 41 42 40 3 150.00 160.00 42 0 0 5.00 0.00 0.50
13.00 41 42 40 3 150.00 160.00 42 0 0 5.00 0.00 0.50
15.00 40 42 40 3 150.00 160.00 42 0 0 5.00 0.00 0.50
14.00 40 41 40 3 170.36 139.64 41 0 0 5.00 0.00 0.50
14.00 41 41 40 3 152.50 157.50 41 0 0 5.00 0.00 0.50
14.00 41 42 40 3 132.14 177.86 42 0 0 5.00 0.00 0.50
14.00 40 42 40 3 150.00 160.00 42 0 0 5.00 0.00 0.50
14.00 40 42 40 3 150.00 160.00 42 0 0 5.00 0.00 0.50
14.00 40 42 40 3 150.00 160.00 42 0 0 5.00 0.00 0.50
14.00 40 42 40 3 150.00 160.00 42 0 0 5.00 0.00 0.50
14.00 40 42 40 3 150.00 160.00 42 0 0 5.00 0.00 0.50
15.00 41 41 40 3 169.17 140.83 41 0 0 5.00 0.00 0.50
13.00 41 41 40 3 152.50 157.50 41 0 0 5.00 0.00 0.50
14.00 41 41 40 3 152.50 157.50 41 0 0 5.00 0.00 0.50
15.00 41 42 40 3 133.33 176.67 42 0 0 5.00 0.00 0.50
13.00 41 42 40 3 150.00 160.00 42 0 0 5.00 0.00 0.50
14.00 41 42 40 3 150.00 160.00 42 0 0 5.00 0.00 0.50
15.00 41 41 40 3 169.17 140.83 41 0 0 5.00 0.00 0.50
14.00 41 41 40 3 152.50 157.50 41 0 0 5.00 0.00 0.50
13.00 41 42 40 3 130.77 179.23 42 0 0 5.00 0.00 0.50
15.00 41 41 40 3 169.17 140.83 41 0 0 5.00 0.00 0.50
14.00 41 41 40 3 152.50 157.50 41 0 0 5.00 0.00 0.50
13.00 42 41 40 3 152.50 157.50 41 0 0 5.00 0.00 0.50
14.00 41 41 40 3 152.50 157.50 41 0 0 5.00 0.00 0.50
15.00 41 42 40 3 133.33 176.67 42 0 0 5.00 0.00 0.50
14.00 41 42 40 3 150.00 160.00 42 0 0 5.00 0.00 0.50
13.00 41 42 40 3 150.00 160.00 42 0 0 5.00 0.00 0.50
15.00 42 42 40 3 150.00 160.00 42 0 0 5.00 0.00 0.50
14.00 41 42 40 3 150.00 160.00 42 0 0 5.00 0.00 0.50
13.00 41 42 40 3 150.00 160.00 42 0 0 5.00 0.00 0.50
15.00 42 42 40 3 150.00 160.00 42 0 0 5.00 0.00 0.50
14.00 41 42 40 3 150.00 160.00 42 0 0 5.00 0.00 0.50
14.00 41 42 40 3 150.00 160.00 42 0 0 5.00 0.00 0.50
14.00 41 42 40 3 150.00 160.00 42 0 0 5.00 0.00 0.50
14.00 41 42 40 3 150.00 160.00 42 0 0 5.00 0.00 0.50
14.00 42 42 40 3 150.00 160.00 42 0 0 5.00 0.00 0.50
14.00 41 42 40 3 150.00 160.00 42 0 0 5.00 0.00 0.50
14.00 41 42 40 3 150.00 160.00 42 0 0 5.00 0.00 0.50
14.00 40 42 40 3 150.00 160.00 42 0 0 5.00 0.00 0.50
14.00 41 41 40 3 170.36 139.64 41 0 0 5.00 0.00 0.50
14.00 40 42 40 3 132.14 177.86 42 0 0 5.00 0.00 0.50
14.00 38 41 40 3 170.36 139.64 41 0 0 5.00 0.00 0.50
15.00 38 41 40 3 152.50 157.50 41 0 0 5.00 0.00 0.50
13.00 38 41 40 3 152.50 157.50 41 0 0 5.00 0.00 0.50
14.00 38 41 40 3 152.50 157.50 41 0 0 5.00 0.00 0.50
15.00 39 41 40 3 152.50 157.50 41 0 0 5.00 0.00 0.50
13.00 38 41 40 3 152.50 157.50 41 0 0 5.00 0.00 0.50
14.00 38 41 40 3 152.50 157.50 41 0 0 5.00 0.00 0.50
15.00 40 41 40 3 152.50 157.50 41 0 0 5.00 0.00 0.50
14.00 41 41 40 3 152.50 157.50 41 0 0 5.00 0.00 0.50
13.00 40 41 40 3 152.50 157.50 41 0 0 5.00 0.00 0.50
15.00 40 41 40 3 152.50 157.50 41 0 0 5.00 0.00 0.50
14.00 41 41 40 3 152.50 157.50 41 0 0 5.00 0.00 0.50
13.00 41 42 40 3 130.77 179.23 42 0 0 5.00 0.00 0.50
15.00 41 41 40 3 169.17 140.83 41 0 0 5.00 0.00 0.50
14.00 41 41 40 3 152.50 157.50 41 0 0 5.00 0.00 0.50
14.00 41 41 40 3 152.50 157.50 41 0 0 5.00 0.00 0.50
14.00 41 41 40 3 152.50 157.50 41 0 0 5.00 0.00 0.50
14.00 41 41 40 3 152.50 157.50 41 0 0 5.00 0.00 0.50
14.00 41 41 40 3 152.50 157.50 41 0 0 5.00 0.00 0.50
14.00 41 41 40 3 152.50 157.50 41 0 0 5.00 0.00 0.50
14.00 41 40 40 3 172.86 137.14 40 0 0 5.00 0.00 0.50
14.00 41 40 40 3 155.00 155.00 40 0 0 5.00 0.00 0.50
15.00 41 40 40 3 155.00 155.00 40 0 0 5.00 0.00 0.50
13.00 41 40 40 3 155.00 155.00 40 0 0 5.00 0.00 0.50
14.00 41 40 40 3 155.00 155.00 40 0 0 5.00 0.00 0.50
15.00 41 40 40 3 155.00 155.00 40 0 0 5.00 0.00 0.50
13.00 41 40 40 3 155.00 155.00 40 0 0 5.00 0.00 0.50
14.00 41 40 40 3 155.00 155.00 40 0 0 5.00 0.00 0.50
15.00 41 40 40 3 155.00 155.00 40 0 0 5.00 0.00 0.50
14.00 41 40 40 3 155.00 155.00 40 0 0 5.00 0.00 0.50
13.00 42 40 40 3 155.00 155.00 40 0 0 5.00 0.00 0.50
15.00 41 40 40 3 155.00 155.00 40 0 0 5.00 0.00 0.50
14.00 41 40 40 3 155.00 155.00 40 0 0 5.00 0.00 0.50
13.00 41 40 40 3 155.00 155.00 40 0 0 5.00 0.00 0.50
15.00 41 40 40 3 155.00 155.00 40 0 0 5.00 0.00 0.50
14.00 41 40 40 3 155.00 155.00 40 0 0 5.00 0.00 0.50
13.00 41 40 40 3 155.00 155.00 40 0 0 5.00 0.00 0.50
15.00 41 40 40 3 155.00 155.00 40 0 0 5.00 0.00 0.50
14.00 41 40 40 3 155.00 155.00 40 0 0 5.00 0.00 0.50
14.00 41 40 40 3 155.00 155.00 40 0 0 5.00 0.00 0.50
14.00 41 40 40 3 155.00 155.00 40 0 0 5.00 0.00 0.50
14.00 40 40 40 3 155.00 155.00 40 0 0 5.00 0.00 0.50
14.00 40 40 40 3 155.00 155.00 40 0 0 5.00 0.00 0.50
14.00 41 40 40 3 155.00 155.00 40 0 0 5.00 0.00 0.50
14.00 41 40 40 3 155.00 155.00 40 0 0 5.00 0.00 0.50
14.00 40 40 40 3 155.00 155.00 40 0 0 5.00 0.00 0.50
15.00 40 40 40 3 155.00 155.00 40 0 0 5.00 0.00 0.50
13.00 40 39 40 3 176.73 133.27 39 0 0 5.00 0.00 0.50
14.00 40 40 40 3 137.14 172.86 40 0 0 5.00 0.00 0.50
15.00 40 39 40 3 174.17 135.83 39 0 0 5.00 0.00 0.50
13.00 40 39 40 3 157.50 152.50 39 0 0 5.00 0.00 0.50
14.00 40 39 40 3 157.50 152.50 39 0 0 5.00 0.00 0.50
15.00 40 39 40 3 157.50 152.50 39 0 0 5.00 0.00 0.50
14.00 41 40 40 3 137.14 172.86 40 0 0 5.00 0.00 0.50
13.00 40 39 40 3 176.73 133.27 39 0 0 5.00 0.00 0.50
15.00 40 40 40 3 138.33 171.67 40 0 0 5.00 0.00 0.50
14.00 40 40 40 3 155.00 155.00 40 0 0 5.00 0.00 0.50
13.00 40 40 40 3 155.00 155.00 40 0 0 5.00 0.00 0.50
14.00 40 40 40 3 155.00 155.00 40 0 0 5.00 0.00 0.50
15.00 39 40 40 3 155.00 155.00 40 0 0 5.00 0.00 0.50
14.00 40 39 40 3 175.36 134.64 39 0 0 5.00 0.00 0.50
13.00 39 39 40 3 157.50 152.50 39 0 0 5.00 0.00 0.50
15.00 40 40 40 3 138.33 171.67 40 0 0 5.00 0.00 0.50
14.00 39 39 40 3 175.36 134.64 39 0 0 5.00 0.00 0.50
13.00 40 39 40 3 157.50 152.50 39 0 0 5.00 0.00 0.50
15.00 39 39 40 3 157.50 152.50 39 0 0 5.00 0.00 0.50
14.00 40 40 40 3 137.14 172.86 40 0 0 5.00 0.00 0.50
14.00 40 39 40 3 175.36 134.64 39 0 0 5.00 0.00 0.50
14.00 39 39 40 3 157.50 152.50 39 0 0 5.00 0.00 0.50
14.00 40 39 40 3 157.50 152.50 39 0 0 5.00 0.00 0.50
14.00 40 39 40 3 157.50 152.50 39 0 0 5.00 0.00 0.50
14.00 39 39 40 3 157.50 152.50 39 0 0 5.00 0.00 0.50
14.00 39 40 40 3 137.14 172.86 40 0 0 5.00 0.00 0.50
14.00 39 39 40 3 175.36 134.64 39 0 0 5.00 0.00 0.50
15.00 39 39 40 3 157.50 152.50 39 0 0 5.00 0.00 0.50
13.00 39 39 40 3 157.50 152.50 39 0 0 5.00 0.00 0.50
14.00 39 39 40 3 157.50 152.50 39 0 0 5.00 0.00 0.50
15.00 39 39 40 3 157.50 152.50 39 0 0 5.00 0.00 0.50
13.00 39 39 40 3 157.50 152.50 39 0 0 5.00 0.00 0.50
14.00 39 39 40 3 157.50 152.50 39 0 0 5.00 0.00 0.50
15.00 40 39 40 3 157.50 152.50 39 0 0 5.00 0.00 0.50
13.00 39 39 40 3 157.50 152.50 39 0 0 5.00 0.00 0.50
14.00 39 39 40 3 157.50 152.50 39 0 0 5.00 0.00 0.50
15.00 39 39 40 3 157.50 152.50 39 0 0 5.00 0.00 0.50
14.00 39 40 40 3 137.14 172.86 40 0 0 5.00 0.00 0.50
13.00 39 39 40 3 176.73 133.27 39 0 0 5.00 0.00 0.50
15.00 39 39 40 3 157.50 152.50 39 0 0 5.00 0.00 0.50
14.00 39 39 40 3 157.50 152.50 39 0 0 5.00 0.00 0.50
13.00 39 39 40 3 157.50 152.50 39 0 0 5.00 0.00 0.50
15.00 39 39 40 3 157.50 152.50 39 0 0 5.00 0.00 0.50
14.00 39 39 40 3 157.50 152.50 39 0 0 5.00 0.00 0.50
14.00 39 39 40 3 157.50 152.50 39 0 0 5.00 0.00 0.50
14.00 39 39 40 3 157.50 152.50 39 0 0 5.00 0.00 0.50
14.00 39 39 40 3 157.50 152.50 39 0 0 5.00 0.00 0.50
14.00 39 39 40 3 157.50 152.50 39 0 0 5.00 0.00 0.50
14.00 39 39 40 3 157.50 152.50 39 0 0 5.00 0.00 0.50
14.00 38 38 40 3 177.86 132.14 38 0 0 5.00 0.00 0.50
14.00 39 39 40 3 139.64 170.36 39 0 0 5.00 0.00 0.50
15.00 39 39 40 3 157.50 152.50 39 0 0 5.00 0.00 0.50
13.00 39 39 40 3 157.50 152.50 39 0 0 5.00 0.00 0.50
14.00 38 39 40 3 157.50 152.50 39 0 0 5.00 0.00 0.50
15.00 39 38 40 3 176.67 133.33 38 0 0 5.00 0.00 0.50
13.00 38 38 40 3 160.00 150.00 38 0 0 5.00 0.00 0.50
14.00 38 38 40 3 160.00 150.00 38 0 0 5.00 0.00 0.50
15.00 38 38 40 3 160.00 150.00 38 0 0 5.00 0.00 0.50
14.00 39 38 40 3 160.00 150.00 38 0 0 5.00 0.00 0.50
13.00 39 38 40 3 160.00 150.00 38 0 0 5.00 0.00 0.50
15.00 38 38 40 3 160.00 150.00 38 0 0 5.00 0.00 0.50
14.00 38 38 40 3 160.00 150.00 38 0 0 5.00 0.00 0.50
13.00 38 38 40 3 160.00 150.00 38 0 0 5.00 0.00 0.50
15.00 38 38 40 3 160.00 150.00 38 0 0 5.00 0.00 0.50
14.00 38 38 40 3 160.00 150.00 38 0 0 5.00 0.00 0.50
14.00 38 38 40 3 160.00 150.00 38 0 0 5.00 0.00 0.50
14.00 38 38 40 3 160.00 150.00 38 0 0 5.00 0.00 0.50
14.00 38 38 40 3 160.00 150.00 38 0 0 5.00 0.00 0.50
14.00 38 38 40 3 160.00 150.00 38 0 0 5.00 0.00 0.50
14.00 39 38 40 3 160.00 150.00 38 0 0 5.00 0.00 0.50
14.00 38 38 40 3 160.00 150.00 38 0 0 5.00 0.00 0.50
14.00 38 38 40 3 160.00 150.00 38 0 0 5.00 0.00 0.50
15.00 38 38 40 3 160.00 150.00 38 0 0 5.00 0.00 0.50
13.00 38 38 40 3 160.00 150.00 38 0 0 5.00 0.00 0.50
14.00 38 38 40 3 160.00 150.00 38 0 0 5.00 0.00 0.50
15.00 38 38 40 3 160.00 150.00 38 0 0 5.00 0.00 0.50
13.00 38 38 40 3 160.00 150.00 38 0 0 5.00 0.00 0.50
14.00 38 38 40 3 160.00 150.00 38 0 0 5.00 0.00 0.50
15.00 38 38 40 3 160.00 150.00 38 0 0 5.00 0.00 0.50
13.00 38 38 40 3 160.00 150.00 38 0 0 5.00 0.00 0.50
14.00 38 38 40 3 160.00 150.00 38 0 0 5.00 0.00 0.50
15.00 38 38 40 3 160.00 150.00 38 0 0 5.00 0.00 0.50
14.00 38 38 40 3 160.00 150.00 38 0 0 5.00 0.00 0.50
13.00 38 38 40 3 160.00 150.00 38 0 0 5.00 0.00 0.50
15.00 38 38 40 3 160.00 150.00 38 0 0 5.00 0.00 0.50
14.00 38 37 40 3 180.36 129.64 37 0 0 5.00 0.00 0.50
13.00 38 38 40 3 140.77 169.23 38 0 0 5.00 0.00 0.50
15.00 37 38 40 3 160.00 150.00 38 0 0 5.00 0.00 0.50
14.00 37 37 40 3 180.36 129.64 37 0 0 5.00 0.00 0.50
14.00 37 37 40 3 162.50 147.50 37 0 0 5.00 0.00 0.50
13.00 37 37 40 3 162.50 147.50 37 0 0 5.00 0.00 0.50
15.00 37 37 40 3 162.50 147.50 37 0 0 5.00 0.00 0.50
14.00 36 37 40 3 162.50 147.50 37 0 0 5.00 0.00 0.50
13.00 36 37 40 3 162.50 147.50 37 0 0 5.00 0.00 0.50
15.00 35 37 40 3 162.50 147.50 37 0 0 5.00 0.00 0.50
14.00 36 37 40 3 162.50 147.50 37 0 0 5.00 0.00 0.50
14.00 36 37 40 3 162.50 147.50 37 0 0 5.00 0.00 0.50
14.00 38 37 40 3 162.50 147.50 37 0 0 5.00 0.00 0.50
14.00 35 37 40 3 162.50 147.50 37 0 0 5.00 0.00 0.50
14.00 36 37 40 3 162.50 147.50 37 0 0 5.00 0.00 0.50
14.00 37 37 40 3 162.50 147.50 37 0 0 5.00 0.00 0.50
14.00 37 37 40 3 162.50 147.50 37 0 0 5.00 0.00 0.50
14.00 37 37 40 3 162.50 147.50 37 0 0 5.00 0.00 0.50
15.00 37 37 40 3 162.50 147.50 37 0 0 5.00 0.00 0.50
13.00 36 37 40 3 162.50 147.50 37 0 0 5.00 0.00 0.50
14.00 36 37 40 3 162.50 147.50 37 0 0 5.00 0.00 0.50
15.00 37 37 40 3 162.50 147.50 37 0 0 5.00 0.00 0.50
13.00 37 37 40 3 162.50 147.50 37 0 0 5.00 0.00 0.50
14.00 37 37 40 3 162.50 147.50 37 0 0 5.00 0.00 0.50
15.00 37 37 40 3 162.50 147.50 37 0 0 5.00 0.00 0.50
14.00 36 37 40 3 162.50 147.50 37 0 0 5.00 0.00 0.50
13.00 37 38 40 3 140.77 169.23 38 0 0 5.00 0.00 0.50
15.00 37 37 40 3 179.17 130.83 37 0 0 5.00 0.00 0.50
14.00 37 38 40 3 142.14 167.86 38 0 0 5.00 0.00 0.50
13.00 37 37 40 3 181.73 128.27 37 0 0 5.00 0.00 0.50
15.00 37 37 40 3 162.50 147.50 37 0 0 5.00 0.00 0.50
14.00 37 37 40 3 162.50 147.50 37 0 0 5.00 0.00 0.50
13.00 37 37 40 3 162.50 147.50 37 0 0 5.00 0.00 0.50
15.00 36 37 40 3 162.50 147.50 37 0 0 5.00 0.00 0.50
14.00 37 37 40 3 162.50 147.50 37 0 0 5.00 0.00 0.50
14.00 37 38 40 3 142.14 167.86 38 0 0 5.00 0.00 0.50
14.00 37 37 40 3 180.36 129.64 37 0 0 5.00 0.00 0.50
14.00 37 37 40 3 162.50 147.50 37 0 0 5.00 0.00 0.50
14.00 37 37 40 3 162.50 147.50 37 0 0 5.00 0.00 0.50
14.00 37 38 40 3 142.14 167.86 38 0 0 5.00 0.00 0.50
14.00 36 37 40 3 180.36 129.64 37 0 0 5.00 0.00 0.50
14.00 37 37 40 3 162.50 147.50 37 0 0 5.00 0.00 0.50
15.00 37 37 40 3 162.50 147.50 37 0 0 5.00 0.00 0.50
13.00 37 37 40 3 162.50 147.50 37 0 0 5.00 0.00 0.50
14.00 37 37 40 3 162.50 147.50 37 0 0 5.00 0.00 0.50
15.00 37 37 40 3 162.50 147.50 37 0 0 5.00 0.00 0.50
13.00 37 38 40 3 140.77 169.23 38 0 0 5.00 0.00 0.50
14.00 37 37 40 3 180.36 129.64 37 0 0 5.00 0.00 0.50
15.00 37 37 40 3 162.50 147.50 37 0 0 5.00 0.00 0.50
14.00 37 38 40 3 142.14 167.86 38 0 0 5.00 0.00 0.50
13.00 37 37 40 3 181.73 128.27 37 0 0 5.00 0.00 0.50
15.00 37 38 40 3 143.33 166.67 38 0 0 5.00 0.00 0.50
14.00 37 38 40 3 160.00 150.00 38 0 0 5.00 0.00 0.50
13.00 37 38 40 3 160.00 150.00 38 0 0 5.00 0.00 0.50
15.00 37 38 40 3 160.00 150.00 38 0 0 5.00 0.00 0.50
14.00 37 38 40 3 160.00 150.00 38 0 0 5.00 0.00 0.50
14.00 37 38 40 3 160.00 150.00 38 0 0 5.00 0.00 0.50
14.00 37 38 40 3 160.00 150.00 38 0 0 5.00 0.00 0.50
14.00 37 38 40 3 160.00 150.00 38 0 0 5.00 0.00 0.50
14.00 37 38 40 3 160.00 150.00 38 0 0 5.00 0.00 0.50
14.00 37 38 40 3 160.00 150.00 38 0 0 5.00 0.00 0.50
14.00 37 38 40 3 160.00 150.00 38 0 0 5.00 0.00 0.50
14.00 36 38 40 3 160.00 150.00 38 0 0 5.00 0.00 0.50
15.00 37 38 40 3 160.00 150.00 38 0 0 5.00 0.00 0.50
13.00 37 38 40 3 160.00 150.00 38 0 0 5.00 0.00 0.50
14.00 37 38 40 3 160.00 150.00 38 0 0 5.00 0.00 0.50
15.00 37 38 40 3 160.00 150.00 38 0 0 5.00 0.00 0.50
13.00 37 38 40 3 160.00 150.00 38 0 0 5.00 0.00 0.50
14.00 37 38 40 3 160.00 150.00 38 0 0 5.00 0.00 0.50
15.00 37 38 40 3 160.00 150.00 38 0 0 5.00 0.00 0.50
14.00 37 38 40 3 160.00 150.00 38 0 0 5.00 0.00 0.50
13.00 37 38 40 3 160.00 150.00 38 0 0 5.00 0.00 0.50
15.00 37 38 40 3 160.00 150.00 38 0 0 5.00 0.00 0.50
14.00 37 38 40 3 160.00 150.00 38 0 0 5.00 0.00 0.50
13.00 37 38 40 3 160.00 150.00 38 0 0 5.00 0.00 0.50
15.00 37 38 40 3 160.00 150.00 38 0 0 5.00 0.00 0.50
14.00 37 38 40 3 160.00 150.00 38 0 0 5.00 0.00 0.50
13.00 37 38 40 3 160.00 150.00 38 0 0 5.00 0.00 0.50
15.00 37 38 40 3 160.00 150.00 38 0 0 5.00 0.00 0.50
14.00 37 38 40 3 160.00 150.00 38 0 0 5.00 0.00 0.50
14.00 38 38 40 3 160.00 150.00 38 0 0 5.00 0.00 0.50
13.00 38 39 40 3 138.27 171.73 39 0 0 5.00 0.00 0.50
15.00 38 39 40 3 157.50 152.50 39 0 0 5.00 0.00 0.50
14.00 38 38 40 3 177.86 132.14 38 0 0 5.00 0.00 0.50
13.00 38 38 40 3 160.00 150.00 38 0 0 5.00 0.00 0.50
15.00 38 38 40 3 160.00 150.00 38 0 0 5.00 0.00 0.50
14.00 38 38 40 3 160.00 150.00 38 0 0 5.00 0.00 0.50
14.00 38 38 40 3 160.00 150.00 38 0 0 5.00 0.00 0.50
14.00 38 38 40 3 160.00 150.00 38 0 0 5.00 0.00 0.50
14.00 38 39 40 3 139.64 170.36 39 0 0 5.00 0.00 0.50
14.00 38 39 40 3 157.50 152.50 39 0 0 5.00 0.00 0.50
14.00 38 39 40 3 157.50 152.50 39 0 0 5.00 0.00 0.50
14.00 38 39 40 3 157.50 152.50 39 0 0 5.00 0.00 0.50
14.00 38 38 40 3 177.86 132.14 38 0 0 5.00 0.00 0.50
15.00 37 38 40 3 160.00 150.00 38 0 0 5.00 0.00 0.50
13.00 37 39 40 3 138.27 171.73 39 0 0 5.00 0.00 0.50
14.00 37 39 40 3 157.50 152.50 39 0 0 5.00 0.00 0.50
15.00 38 39 40 3 157.50 152.50 39 0 0 5.00 0.00 0.50
13.00 38 39 40 3 157.50 152.50 39 0 0 5.00 0.00 0.50
14.00 38 39 40 3 157.50 152.50 39 0 0 5.00 0.00 0.50
15.00 38 39 40 3 157.50 152.50 39 0 0 5.00 0.00 0.50
14.00 38 39 40 3 157.50 152.50 39 0 0 5.00 0.00 0.50
13.00 37 39 40 3 157.50 152.50 39 0 0 5.00 0.00 0.50
15.00 38 39 40 3 157.50 152.50 39 0 0 5.00 0.00 0.50
14.00 38 39 40 3 157.50 152.50 39 0 0 5.00 0.00 0.50
13.00 38 39 40 3 157.50 152.50 39 0 0 5.00 0.00 0.50
15.00 38 39 40 3 157.50 152.50 39 0 0 5.00 0.00 0.50
14.00 38 39 40 3 157.50 152.50 39 0 0 5.00 0.00 0.50
14.00 38 39 40 3 157.50 152.50 39 0 0 5.00 0.00 0.50
14.00 38 39 40 3 157.50 152.50 39 0 0 5.00 0.00 0.50
14.00 38 39 40 3 157.50 152.50 39 0 0 5.00 0.00 0.50
14.00 37 39 40 3 157.50 152.50 39 0 0 5.00 0.00 0.50
14.00 38 39 40 3 157.50 152.50 39 0 0 5.00 0.00 0.50
14.00 38 39 40 3 157.50 152.50 39 0 0 5.00 0.00 0.50
14.00 38 39 40 3 157.50 152.50 39 0 0 5.00 0.00 0.50
15.00 39 39 40 3 157.50 152.50 39 0 0 5.00 0.00 0.50
13.00 39 39 40 3 157.50 152.50 39 0 0 5.00 0.00 0.50
14.00 38 39 40 3 157.50 152.50 39 0 0 5.00 0.00 0.50
15.00 38 39 40 3 157.50 152.50 39 0 0 5.00 0.00 0.50
13.00 38 39 40 3 157.50 152.50 39 0 0 5.00 0.00 0.50
14.00 39 39 40 3 157.50 152.50 39 0 0 5.00 0.00 0.50
15.00 38 39 40 3 157.50 152.50 39 0 0 5.00 0.00 0.50
13.00 38 39 40 3 157.50 152.50 39 0 0 5.00 0.00 0.50
14.00 39 39 40 3 157.50 152.50 39 0 0 5.00 0.00 0.50
15.00 39 39 40 3 157.50 152.50 39 0 0 5.00 0.00 0.50
14.00 38 39 40 3 157.50 152.50 39 0 0 5.00 0.00 0.50
13.00 38 39 40 3 157.50 152.50 39 0 0 5.00 0.00 0.50
15.00 38 39 40 3 157.50 152.50 39 0 0 5.00 0.00 0.50
14.00 38 39 40 3 157.50 152.50 39 0 0 5.00 0.00 0.50
13.00 38 39 40 3 157.50 152.50 39 0 0 5.00 0.00 0.50
15.00 38 39 40 3 157.50 152.50 39 0 0 5.00 0.00 0.50
14.00 38 39 40 3 157.50 152.50 39 0 0 5.00 0.00 0.50
14.00 38 39 40 3 157.50 152.50 39 0 0 5.00 0.00 0.50
14.00 38 40 40 3 137.14 172.86 40 0 0 5.00 0.00 0.50
14.00 38 40 40 3 155.00 155.00 40 0 0 5.00 0.00 0.50
14.00 38 39 40 3 175.36 134.64 39 0 0 5.00 0.00 0.50
14.00 39 39 40 3 157.50 152.50 39 0 0 5.00 0.00 0.50
14.00 38 39 40 3 157.50 152.50 39 0 0 5.00 0.00 0.50
14.00 39 39 40 3 157.50 152.50 39 0 0 5.00 0.00 0.50
15.00 40 40 40 3 138.33 171.67 40 0 0 5.00 0.00 0.50
13.00 39 40 40 3 155.00 155.00 40 0 0 5.00 0.00 0.50
14.00 39 40 40 3 155.00 155.00 40 0 0 5.00 0.00 0.50
15.00 39 40 40 3 155.00 155.00 40 0 0 5.00 0.00 0.50
13.00 38 40 40 3 155.00 155.00 40 0 0 5.00 0.00 0.50
14.00 38 40 40 3 155.00 155.00 40 0 0 5.00 0.00 0.50
15.00 38 40 40 3 155.00 155.00 40 0 0 5.00 0.00 0.50
14.00 38 40 40 3 155.00 155.00 40 0 0 5.00 0.00 0.50
13.00 38 40 40 3 155.00 155.00 40 0 0 5.00 0.00 0.50
15.00 38 41 40 3 135.83 174.17 41 0 0 5.00 0.00 0.50
14.00 39 40 40 3 172.86 137.14 40 0 0 5.00 0.00 0.50
13.00 39 40 40 3 155.00 155.00 40 0 0 5.00 0.00 0.50
15.00 38 40 40 3 155.00 155.00 40 0 0 5.00 0.00 0.50
14.00 39 41 40 3 134.64 175.36 41 0 0 5.00 0.00 0.50
14.00 39 41 40 3 152.50 157.50 41 0 0 5.00 0.00 0.50
14.00 38 40 40 3 172.86 137.14 40 0 0 5.00 0.00 0.50
14.00 39 41 40 3 134.64 175.36 41 0 0 5.00 0.00 0.50
14.00 39 41 40 3 152.50 157.50 41 0 0 5.00 0.00 0.50
14.00 39 41 40 3 152.50 157.50 41 0 0 5.00 0.00 0.50
14.00 39 40 40 3 172.86 137.14 40 0 0 5.00 0.00 0.50
14.00 39 41 40 3 134.64 175.36 41 0 0 5.00 0.00 0.50
13.00 39 41 40 3 152.50 157.50 41 0 0 5.00 0.00 0.50
15.00 39 41 40 3 152.50 157.50 41 0 0 5.00 0.00 0.50
14.00 39 41 40 3 152.50 157.50 41 0 0 5.00 0.00 0.50
14.00 39 41 40 3 152.50 157.50 41 0 0 5.00 0.00 0.50
14.00 39 41 40 3 152.50 157.50 41 0 0 5.00 0.00 0.50
14.00 39 41 40 3 152.50 157.50 41 0 0 5.00 0.00 0.50
14.00 39 41 40 3 152.50 157.50 41 0 0 5.00 0.00 0.50
14.00 39 42 40 3 132.14 177.86 42 0 0 5.00 0.00 0.50
14.00 39 42 40 3 150.00 160.00 42 0 0 5.00 0.00 0.50
14.00 39 43 40 3 129.64 180.36 43 0 0 5.00 0.00 0.50
15.00 39 42 40 3 166.67 143.33 42 0 0 5.00 0.00 0.50
13.00 40 42 40 3 150.00 160.00 42 0 0 5.00 0.00 0.50
14.00 39 41 40 3 170.36 139.64 41 0 0 5.00 0.00 0.50
15.00 39 40 40 3 171.67 138.33 40 0 0 5.00 0.00 0.50
13.00 39 40 40 3 155.00 155.00 40 0 0 5.00 0.00 0.50
14.00 39 41 40 3 134.64 175.36 41 0 0 5.00 0.00 0.50
15.00 39 40 40 3 171.67 138.33 40 0 0 5.00 0.00 0.50
14.00 40 40 40 3 155.00 155.00 40 0 0 5.00 0.00 0.50
13.00 40 40 40 3 155.00 155.00 40 0 0 5.00 0.00 0.50
15.00 40 41 40 3 135.83 174.17 41 0 0 5.00 0.00 0.50
14.00 40 41 40 3 152.50 157.50 41 0 0 5.00 0.00 0.50
13.00 39 40 40 3 174.23 135.77 40 0 0 5.00 0.00 0.50
15.00 40 40 40 3 155.00 155.00 40 0 0 5.00 0.00 0.50
14.00 40 40 40 3 155.00 155.00 40 0 0 5.00 0.00 0.50
14.00 40 40 40 3 155.00 155.00 40 0 0 5.00 0.00 0.50
14.00 41 40 40 3 155.00 155.00 40 0 0 5.00 0.00 0.50
14.00 40 40 40 3 155.00 155.00 40 0 0 5.00 0.00 0.50
14.00 40 41 40 3 134.64 175.36 41 0 0 5.00 0.00 0.50
14.00 40 40 40 3 172.86 137.14 40 0 0 5.00 0.00 0.50
14.00 41 40 40 3 155.00 155.00 40 0 0 5.00 0.00 0.50
14.00 41 41 40 3 134.64 175.36 41 0 0 5.00 0.00 0.50
15.00 41 41 40 3 152.50 157.50 41 0 0 5.00 0.00 0.50
13.00 42 41 40 3 152.50 157.50 41 0 0 5.00 0.00 0.50
14.00 41 41 40 3 152.50 157.50 41 0 0 5.00 0.00 0.50
15.00 40 41 40 3 152.50 157.50 41 0 0 5.00 0.00 0.50
13.00 40 41 40 3 152.50 157.50 41 0 0 5.00 0.00 0.50
14.00 40 41 40 3 152.50 157.50 41 0 0 5.00 0.00 0.50
15.00 40 41 40 3 152.50 157.50 41 0 0 5.00 0.00 0.50
14.00 40 41 40 3 152.50 157.50 41 0 0 5.00 0.00 0.50
13.00 40 41 40 3 152.50 157.50 41 0 0 5.00 0.00 0.50
15.00 40 41 40 3 152.50 157.50 41 0 0 5.00 0.00 0.50
14.00 40 41 40 3 152.50 157.50 41 0 0 5.00 0.00 0.50
13.00 40 41 40 3 152.50 157.50 41 0 0 5.00 0.00 0.50
15.00 40 41 40 3 152.50 157.50 41 0 0 5.00 0.00 0.50
14.00 41 41 40 3 152.50 157.50 41 0 0 5.00 0.00 0.50
13.00 40 41 40 3 152.50 157.50 41 0 0 5.00 0.00 0.50
15.00 40 41 40 3 152.50 157.50 41 0 0 5.00 0.00 0.50
14.00 40 41 40 3 152.50 157.50 41 0 0 5.00 0.00 0.50
14.00 40 41 40 3 152.50 157.50 41 0 0 5.00 0.00 0.50
14.00 40 42 40 3 132.14 177.86 42 0 0 5.00 0.00 0.50
14.00 40 42 40 3 150.00 160.00 42 0 0 5.00 0.00 0.50
14.00 40 41 40 0 0.00 0.00 42 0 0 5.00 0.00 0.50
13.00 40 42 40 0 0.00 0.00 42 0 0 5.00 0.00 0.50
13.00 40 41 40 0 0.00 0.00 42 0 0 5.00 0.00 0.50
13.00 40 41 40 0 0.00 0.00 42 0 0 5.00 0.00 0.50
14.00 41 41 40 0 0.00 0.00 42 0 0 5.00 0.00 0.50
12.00 40 42 40 0 0.00 0.00 42 0 0 5.00 0.00 0.50
13.00 40 41 40 0 0.00 0.00 42 0 0 5.00 0.00 0.50
13.00 41 41 40 0 0.00 0.00 42 0 0 5.00 0.00 0.50
13.00 40 42 40 0 0.00 0.00 42 0 0 5.00 0.00 0.50
13.00 40 42 40 0 0.00 0.00 42 0 0 5.00 0.00 0.50
13.00 41 42 40 0 0.00 0.00 42 0 0 5.00 0.00 0.50
13.00 41 41 40 0 0.00 0.00 42 0 0 5.00 0.00 0.50
13.00 40 41 40 0 0.00 0.00 42 0 0 5.00 0.00 0.50
13.00 41 42 40 0 0.00 0.00 42 0 0 5.00 0.00 0.50
13.00 41 42 40 0 0.00 0.00 42 0 0 5.00 0.00 0.50
13.00 40 41 40 0 0.00 0.00 42 0 0 5.00 0.00 0.50
13.00 41 41 40 0 0.00 0.00 42 0 0 5.00 0.00 0.50
13.00 41 41 40 0 0.00 0.00 42 0 0 5.00 0.00 0.50
13.00 41 42 40 0 0.00 0.00 42 0 0 5.00 0.00 0.50
13.00 41 41 40 0 0.00 0.00 42 0 0 5.00 0.00 0.50
13.00 41 42 40 0 0.00 0.00 42 0 0 5.00 0.00 0.50
13.00 41 42 40 0 0.00 0.00 42 0 0 5.00 0.00 0.50
13.00 41 42 40 0 0.00 0.00 42 0 0 5.00 0.00 0.50
13.00 41 42 40 0 0.00 0.00 42 0 0 5.00 0.00 0.50
13.00 40 42 40 0 0.00 0.00 42 0 0 5.00 0.00 0.50
13.00 41 42 40 0 0.00 0.00 42 0 0 5.00 0.00 0.50
13.00 41 42 40 0 0.00 0.00 42 0 0 5.00 0.00 0.50
14.00 41 42 40 0 0.00 0.00 42 0 0 5.00 0.00 0.50
12.00 40 42 40 0 0.00 0.00 42 0 0 5.00 0.00 0.50
13.00 41 42 40 0 0.00 0.00 42 0 0 5.00 0.00 0.50
13.00 41 42 40 0 0.00 0.00 42 0 0 5.00 0.00 0.50
13.00 41 42 40 0 0.00 0.00 42 0 0 5.00 0.00 0.50
13.00 40 42 40 0 0.00 0.00 42 0 0 5.00 0.00 0.50
13.00 41 42 40 0 0.00 0.00 42 0 0 5.00 0.00 0.50
13.00 41 42 40 0 0.00 0.00 42 0 0 5.00 0.00 0.50
13.00 41 42 40 0 0.00 0.00 42 0 0 5.00 0.00 0.50
13.00 40 42 40 0 0.00 0.00 42 0 0 5.00 0.00 0.50
13.00 41 42 40 0 0.00 0.00 42 0 0 5.00 0.00 0.50
13.00 41 42 40 0 0.00 0.00 42 0 0 5.00 0.00 0.50
13.00 41 42 40 0 0.00 0.00 42 0 0 5.00 0.00 0.50
13.00 40 42 40 0 0.00 0.00 42 0 0 5.00 0.00 0.50
13.00 41 42 40 0 0.00 0.00 42 0 0 5.00 0.00 0.50
13.00 40 42 40 0 0.00 0.00 42 0 0 5.00 0.00 0.50
13.00 41 42 40 0 0.00 0.00 42 0 0 5.00 0.00 0.50
13.00 41 42 40 0 0.00 0.00 42 0 0 5.00 0.00 0.50
13.00 40 42 40 0 0.00 0.00 42 0 0 5.00 0.00 0.50
13.00 41 42 40 0 0.00 0.00 42 0 0 5.00 0.00 0.50
13.00 41 42 40 0 0.00 0.00 42 0 0 5.00 0.00 0.50
13.00 41 42 40 0 0.00 0.00 42 0 0 5.00 0.00 0.50
13.00 41 42 40 0 0.00 0.00 42 0 0 5.00 0.00 0.50
14.00 41 42 40 0 0.00 0.00 42 0 0 5.00 0.00 0.50
12.00 41 42 40 0 0.00 0.00 42 0 0 5.00 0.00 0.50
13.00 41 43 40 0 0.00 0.00 42 0 0 5.00 0.00 0.50
13.00 41 42 40 0 0.00 0.00 42 0 0 5.00 0.00 0.50
13.00 40 42 40 0 0.00 0.00 42 0 0 5.00 0.00 0.50
13.00 41 42 40 0 0.00 0.00 42 0 0 5.00 0.00 0.50
13.00 41 42 40 0 0.00 0.00 42 0 0 5.00 0.00 0.50
13.00 41 42 40 0 0.00 0.00 42 0 0 5.00 0.00 0.50
13.00 41 42 40 0 0.00 0.00 42 0 0 5.00 0.00 0.50
13.00 41 42 40 0 0.00 0.00 42 0 0 5.00 0.00 0.50
13.00 41 42 40 0 0.00 0.00 42 0 0 5.00 0.00 0.50
13.00 41 42 40 0 0.00 0.00 42 0 0 5.00 0.00 0.50
13.00 41 42 40 0 0.00 0.00 42 0 0 5.00 0.00 0.50
13.00 41 42 40 0 0.00 0.00 42 0 0 5.00 0.00 0.50
13.00 41 42 40 0 0.00 0.00 42 0 0 5.00 0.00 0.50
13.00 40 42 40 0 0.00 0.00 42 0 0 5.00 0.00 0.50
13.00 40 42 40 0 0.00 0.00 42 0 0 5.00 0.00 0.50
13.00 40 42 40 0 0.00 0.00 42 0 0 5.00 0.00 0.50
13.00 41 42 40 0 0.00 0.00 42 0 0 5.00 0.00 0.50
13.00 41 42 40 0 0.00 0.00 42 0 0 5.00 0.00 0.50
13.00 42 43 40 0 0.00 0.00 42 0 0 5.00 0.00 0.50
13.00 42 42 40 0 0.00 0.00 42 0 0 5.00 0.00 0.50
13.00 42 43 40 0 0.00 0.00 42 0 0 5.00 0.00 0.50
14.00 42 42 40 0 0.00 0.00 42 0 0 5.00 0.00 0.50
12.00 42 42 40 0 0.00 0.00 42 0 0 5.00 0.00 0.50
13.00 42 42 40 0 0.00 0.00 42 0 0 5.00 0.00 0.50
13.00 42 43 40 0 0.00 0.00 42 0 0 5.00 0.00 0.50
13.00 43 43 40 0 0.00 0.00 42 0 0 5.00 0.00 0.50
13.00 43 43 40 0 0.00 0.00 42 0 0 5.00 0.00 0.50
13.00 43 42 40 0 0.00 0.00 42 0 0 5.00 0.00 0.50
13.00 43 42 40 0 0.00 0.00 42 0 0 5.00 0.00 0.50
13.00 44 42 40 0 0.00 0.00 42 0 0 5.00 0.00 0.50
13.00 44 43 40 0 0.00 0.00 42 0 0 5.00 0.00 0.50
13.00 44 42 40 0 0.00 0.00 42 0 0 5.00 0.00 0.50
13.00 44 43 40 0 0.00 0.00 42 0 0 5.00 0.00 0.50
13.00 45 42 40 0 0.00 0.00 42 0 0 5.00 0.00 0.50
13.00 44 42 40 0 0.00 0.00 42 0 0 5.00 0.00 0.50
13.00 45 42 40 0 0.00 0.00 42 0 0 5.00 0.00 0.50
13.00 45 43 40 0 0.00 0.00 42 0 0 5.00 0.00 0.50
13.00 46 42 40 0 0.00 0.00 42 0 0 5.00 0.00 0.50
13.00 46 42 40 0 0.00 0.00 42 0 0 5.00 0.00 0.50
13.00 47 42 40 0 0.00 0.00 42 0 0 5.00 0.00 0.50
13.00 47 42 40 0 0.00 0.00 42 0 0 5.00 0.00 0.50
13.00 47 43 40 0 0.00 0.00 42 0 0 5.00 0.00 0.50
13.00 48 43 40 0 0.00 0.00 42 0 0 5.00 0.00 0.50
13.00 48 43 40 0 0.00 0.00 42 0 0 5.00 0.00 0.50
14.00 49 43 40 0 0.00 0.00 42 0 0 5.00 0.00 0.50
12.00 49 42 40 0 0.00 0.00 42 0 0 5.00 0.00 0.50
13.00 51 43 40 0 0.00 0.00 42 0 0 5.00 0.00 0.50
13.00 141 44 40 0 0.00 0.00 42 0 0 5.00 0.00 0.50
16.00 51 44 40 0 0.00 0.00 42 0 0 5.00 0.00 0.50
10.00 52 45 40 0 0.00 0.00 42 0 0 5.00 0.00 0.50
13.00 86 196 40 0 0.00 0.00 42 0 0 5.00 0.00 0.50
22.00 135 96 40 0 0.00 0.00 42 0 0 5.00 0.00 0.50
17.00 3332 205 40 0 0.00 0.00 42 0 0 5.00 0.00 0.50
212.00 3328 3181 40 0 0.00 0.00 42 0 0 5.00 0.00 0.50
387.00 3278 6 40 0 0.00 0.00 42 0 0 5.00 0.00 0.50
198.00 496 491 40 0 0.00 0.00 42 0 0 5.00 0.00 0.50
62.00 502 484 40 0 0.00 0.00 42 0 0 5.00 0.00 0.50