64.00 3284 875 30 0 0.00 0.00 0 0 0 5.00 0.00 0.50
248.00 507 1221 30 0 0.00 0.00 0 0 0 5.00 0.00 0.50
107.00 512 476 30 0 0.00 0.00 0 0 0 5.00 0.00 0.50
62.00 1655 819 30 0 0.00 0.00 0 0 0 5.00 0.00 0.50
150.00 507 560 30 0 0.00 0.00 0 0 0 5.00 0.00 0.50
67.00 1862 910 30 0 0.00 0.00 0 0 0 5.00 0.00 0.50
167.00 506 455 30 0 0.00 0.00 0 0 0 5.00 0.00 0.50
62.00 1896 806 30 0 0.00 0.00 0 0 0 5.00 0.00 0.50
163.00 620 3088 30 0 0.00 0.00 0 0 0 5.00 0.00 0.50
222.00 605 657 30 0 0.00 0.00 0 0 0 5.00 0.00 0.50
79.00 52 3206 30 0 0.00 0.00 0 0 0 5.00 0.00 0.50
195.00 50 6 30 0 0.00 0.00 0 0 0 5.00 0.00 0.50
7.00 48 128 30 0 0.00 0.00 0 0 0 5.00 0.00 0.50
15.00 41 3195 30 0 0.00 0.00 0 0 0 5.00 0.00 0.50
194.00 28 6 30 0 0.00 0.00 0 0 0 5.00 0.00 0.50
7.00 38 43 30 0 0.00 0.00 0 0 0 5.00 0.00 0.50
13.00 38 43 30 0 0.00 0.00 0 0 0 5.00 0.00 0.50
12.00 37 42 30 0 0.00 0.00 0 0 0 5.00 0.00 0.50
13.00 37 41 30 0 0.00 0.00 0 0 0 5.00 0.00 0.50
13.00 37 41 30 0 0.00 0.00 0 0 0 5.00 0.00 0.50
13.00 37 40 30 0 0.00 0.00 0 0 0 5.00 0.00 0.50
12.00 36 39 30 0 0.00 0.00 0 0 0 5.00 0.00 0.50
14.00 36 39 30 0 0.00 0.00 0 0 0 5.00 0.00 0.50
12.00 36 38 30 0 0.00 0.00 0 0 0 5.00 0.00 0.50
12.00 35 38 30 0 0.00 0.00 0 0 0 5.00 0.00 0.50
13.00 35 37 30 0 0.00 0.00 0 0 0 5.00 0.00 0.50
13.00 35 37 30 0 0.00 0.00 0 0 0 5.00 0.00 0.50
13.00 35 37 30 0 0.00 0.00 0 0 0 5.00 0.00 0.50
12.00 35 37 30 0 0.00 0.00 0 0 0 5.00 0.00 0.50
14.00 35 36 30 0 0.00 0.00 0 0 0 5.00 0.00 0.50
12.00 35 36 30 0 0.00 0.00 0 0 0 5.00 0.00 0.50
13.00 35 36 30 0 0.00 0.00 0 0 0 5.00 0.00 0.50
13.00 34 36 30 0 0.00 0.00 0 0 0 5.00 0.00 0.50
12.00 34 36 30 0 0.00 0.00 0 0 0 5.00 0.00 0.50
13.00 34 36 30 0 0.00 0.00 0 0 0 5.00 0.00 0.50
12.00 35 36 30 0 0.00 0.00 0 0 0 5.00 0.00 0.50
14.00 34 35 30 0 0.00 0.00 0 0 0 5.00 0.00 0.50
12.00 34 35 30 0 0.00 0.00 0 0 0 5.00 0.00 0.50
13.00 34 36 30 0 0.00 0.00 0 0 0 5.00 0.00 0.50
13.00 34 35 30 0 0.00 0.00 0 0 0 5.00 0.00 0.50
13.00 35 36 30 0 0.00 0.00 0 0 0 5.00 0.00 0.50
12.00 35 35 30 0 0.00 0.00 0 0 0 5.00 0.00 0.50
12.00 35 36 30 0 0.00 0.00 0 0 0 5.00 0.00 0.50
14.00 35 35 30 0 0.00 0.00 0 0 0 5.00 0.00 0.50
12.00 35 35 30 0 0.00 0.00 0 0 0 5.00 0.00 0.50
13.00 35 35 30 0 0.00 0.00 0 0 0 5.00 0.00 0.50
13.00 35 36 30 0 0.00 0.00 0 0 0 5.00 0.00 0.50
13.00 35 36 30 0 0.00 0.00 0 0 0 5.00 0.00 0.50
12.00 35 36 30 0 0.00 0.00 0 0 0 5.00 0.00 0.50
13.00 36 36 30 0 0.00 0.00 0 0 0 5.00 0.00 0.50
13.00 36 36 30 0 0.00 0.00 0 0 0 5.00 0.00 0.50
12.00 34 36 30 0 0.00 0.00 0 0 0 5.00 0.00 0.50
13.00 34 36 30 0 0.00 0.00 0 0 0 5.00 0.00 0.50
13.00 35 36 30 0 0.00 0.00 0 0 0 5.00 0.00 0.50
13.00 36 36 30 0 0.00 0.00 0 0 0 5.00 0.00 0.50
12.00 36 36 30 0 0.00 0.00 0 0 0 5.00 0.00 0.50
14.00 36 36 30 0 0.00 0.00 0 0 0 5.00 0.00 0.50
12.00 35 36 30 0 0.00 0.00 0 0 0 5.00 0.00 0.50
12.00 36 36 30 0 0.00 0.00 0 0 0 5.00 0.00 0.50
14.00 36 36 30 0 0.00 0.00 0 0 0 5.00 0.00 0.50
12.00 34 37 30 0 0.00 0.00 0 0 0 5.00 0.00 0.50
13.00 35 37 30 0 0.00 0.00 0 0 0 5.00 0.00 0.50
12.00 35 36 30 0 0.00 0.00 0 0 0 5.00 0.00 0.50
14.00 36 36 30 0 0.00 0.00 0 0 0 5.00 0.00 0.50
12.00 36 36 30 0 0.00 0.00 0 0 0 5.00 0.00 0.50
13.00 35 36 30 0 0.00 0.00 0 0 0 5.00 0.00 0.50
13.00 35 36 30 0 0.00 0.00 0 0 0 5.00 0.00 0.50
12.00 36 36 30 0 0.00 0.00 0 0 0 5.00 0.00 0.50
13.00 36 36 30 0 0.00 0.00 0 0 0 5.00 0.00 0.50
13.00 36 36 30 0 0.00 0.00 0 0 0 5.00 0.00 0.50
13.00 36 36 30 0 0.00 0.00 0 0 0 5.00 0.00 0.50
12.00 36 36 30 0 0.00 0.00 0 0 0 5.00 0.00 0.50
13.00 36 36 30 0 0.00 0.00 0 0 0 5.00 0.00 0.50
13.00 36 36 30 0 0.00 0.00 0 0 0 5.00 0.00 0.50
13.00 36 36 30 0 0.00 0.00 0 0 0 5.00 0.00 0.50
12.00 36 37 30 0 0.00 0.00 0 0 0 5.00 0.00 0.50
13.00 36 36 30 0 0.00 0.00 0 0 0 5.00 0.00 0.50
13.00 35 36 30 0 0.00 0.00 0 0 0 5.00 0.00 0.50
12.00 35 37 30 0 0.00 0.00 0 0 0 5.00 0.00 0.50
14.00 36 37 30 0 0.00 0.00 0 0 0 5.00 0.00 0.50
12.00 35 38 30 0 0.00 0.00 0 0 0 5.00 0.00 0.50
13.00 36 37 30 0 0.00 0.00 0 0 0 5.00 0.00 0.50
12.00 36 37 30 0 0.00 0.00 0 0 0 5.00 0.00 0.50
14.00 36 37 30 0 0.00 0.00 0 0 0 5.00 0.00 0.50
12.00 36 37 30 0 0.00 0.00 0 0 0 5.00 0.00 0.50
12.00 36 37 30 0 0.00 0.00 0 0 0 5.00 0.00 0.50
14.00 36 37 30 0 0.00 0.00 0 0 0 5.00 0.00 0.50
12.00 37 38 30 0 0.00 0.00 0 0 0 5.00 0.00 0.50
13.00 38 38 30 0 0.00 0.00 0 0 0 5.00 0.00 0.50
13.00 38 38 30 0 0.00 0.00 0 0 0 5.00 0.00 0.50
13.00 38 38 30 0 0.00 0.00 0 0 0 5.00 0.00 0.50
12.00 37 38 30 0 0.00 0.00 0 0 0 5.00 0.00 0.50
12.00 38 38 30 0 0.00 0.00 0 0 0 5.00 0.00 0.50
14.00 38 38 30 0 0.00 0.00 0 0 0 5.00 0.00 0.50
12.00 38 39 30 0 0.00 0.00 0 0 0 5.00 0.00 0.50
13.00 38 38 30 0 0.00 0.00 0 0 0 5.00 0.00 0.50
13.00 38 38 30 0 0.00 0.00 0 0 0 5.00 0.00 0.50
13.00 38 38 30 0 0.00 0.00 0 0 0 5.00 0.00 0.50
12.00 38 39 30 0 0.00 0.00 0 0 0 5.00 0.00 0.50
14.00 38 38 30 0 0.00 0.00 0 0 0 5.00 0.00 0.50
12.00 38 38 30 0 0.00 0.00 0 0 0 5.00 0.00 0.50
12.00 38 38 30 0 0.00 0.00 0 0 0 5.00 0.00 0.50
13.00 38 38 30 0 0.00 0.00 0 0 0 5.00 0.00 0.50
13.00 38 38 30 0 0.00 0.00 0 0 0 5.00 0.00 0.50
13.00 38 38 30 0 0.00 0.00 0 0 0 5.00 0.00 0.50
12.00 38 38 30 0 0.00 0.00 0 0 0 5.00 0.00 0.50
14.00 38 38 30 0 0.00 0.00 0 0 0 5.00 0.00 0.50
12.00 38 38 30 0 0.00 0.00 0 0 0 5.00 0.00 0.50
13.00 38 38 30 0 0.00 0.00 0 0 0 5.00 0.00 0.50
13.00 38 38 30 0 0.00 0.00 0 0 0 5.00 0.00 0.50
12.00 38 38 30 0 0.00 0.00 0 0 0 5.00 0.00 0.50
13.00 38 38 30 0 0.00 0.00 0 0 0 5.00 0.00 0.50
12.00 38 38 30 0 0.00 0.00 0 0 0 5.00 0.00 0.50
14.00 38 38 30 0 0.00 0.00 0 0 0 5.00 0.00 0.50
12.00 38 38 30 0 0.00 0.00 0 0 0 5.00 0.00 0.50
13.00 39 38 30 0 0.00 0.00 0 0 0 5.00 0.00 0.50
13.00 38 38 30 0 0.00 0.00 0 0 0 5.00 0.00 0.50
13.00 38 38 30 0 0.00 0.00 0 0 0 5.00 0.00 0.50
12.00 38 38 30 0 0.00 0.00 0 0 0 5.00 0.00 0.50
12.00 38 38 30 0 0.00 0.00 0 0 0 5.00 0.00 0.50
14.00 38 38 30 0 0.00 0.00 0 0 0 5.00 0.00 0.50
12.00 38 38 30 0 0.00 0.00 0 0 0 5.00 0.00 0.50
13.00 38 38 30 0 0.00 0.00 0 0 0 5.00 0.00 0.50
13.00 38 38 30 0 0.00 0.00 0 0 0 5.00 0.00 0.50
13.00 38 38 30 0 0.00 0.00 0 0 0 5.00 0.00 0.50
12.00 38 39 30 0 0.00 0.00 0 0 0 5.00 0.00 0.50
13.00 38 39 30 0 0.00 0.00 0 0 0 5.00 0.00 0.50
13.00 38 39 30 0 0.00 0.00 0 0 0 5.00 0.00 0.50
12.00 37 39 30 0 0.00 0.00 0 0 0 5.00 0.00 0.50
13.00 38 39 30 0 0.00 0.00 0 0 0 5.00 0.00 0.50
13.00 38 39 30 0 0.00 0.00 0 0 0 5.00 0.00 0.50
13.00 38 39 30 0 0.00 0.00 0 0 0 5.00 0.00 0.50
12.00 38 39 30 0 0.00 0.00 0 0 0 5.00 0.00 0.50
14.00 38 39 30 0 0.00 0.00 0 0 0 5.00 0.00 0.50
12.00 38 39 30 0 0.00 0.00 0 0 0 5.00 0.00 0.50
12.00 39 39 30 0 0.00 0.00 0 0 0 5.00 0.00 0.50
14.00 38 39 30 0 0.00 0.00 0 0 0 5.00 0.00 0.50
12.00 38 39 30 0 0.00 0.00 0 0 0 5.00 0.00 0.50
13.00 38 38 30 0 0.00 0.00 0 0 0 5.00 0.00 0.50
12.00 38 39 30 0 0.00 0.00 0 0 0 5.00 0.00 0.50
14.00 38 39 30 0 0.00 0.00 0 0 0 5.00 0.00 0.50
12.00 37 39 30 0 0.00 0.00 0 0 0 5.00 0.00 0.50
13.00 37 39 30 0 0.00 0.00 0 0 0 5.00 0.00 0.50
13.00 38 39 30 0 0.00 0.00 0 0 0 5.00 0.00 0.50
12.00 38 39 30 0 0.00 0.00 0 0 0 5.00 0.00 0.50
13.00 38 39 30 0 0.00 0.00 0 0 0 5.00 0.00 0.50
13.00 38 39 30 0 0.00 0.00 0 0 0 5.00 0.00 0.50
13.00 38 38 30 0 0.00 0.00 0 0 0 5.00 0.00 0.50
12.00 38 39 30 0 0.00 0.00 0 0 0 5.00 0.00 0.50
13.00 38 39 30 0 0.00 0.00 0 0 0 5.00 0.00 0.50
13.00 38 39 30 0 0.00 0.00 0 0 0 5.00 0.00 0.50
13.00 37 39 30 0 0.00 0.00 0 0 0 5.00 0.00 0.50
12.00 37 38 30 0 0.00 0.00 0 0 0 5.00 0.00 0.50
13.00 37 39 30 0 0.00 0.00 0 0 0 5.00 0.00 0.50
13.00 38 39 30 0 0.00 0.00 0 0 0 5.00 0.00 0.50
12.00 38 39 30 0 0.00 0.00 0 0 0 5.00 0.00 0.50
14.00 38 38 30 0 0.00 0.00 0 0 0 5.00 0.00 0.50
12.00 38 38 30 0 0.00 0.00 0 0 0 5.00 0.00 0.50
13.00 38 38 30 0 0.00 0.00 0 0 0 5.00 0.00 0.50
12.00 37 38 30 0 0.00 0.00 0 0 0 5.00 0.00 0.50
13.00 38 38 30 0 0.00 0.00 0 0 0 5.00 0.00 0.50
13.00 38 38 30 0 0.00 0.00 0 0 0 5.00 0.00 0.50
12.00 38 39 30 0 0.00 0.00 0 0 0 5.00 0.00 0.50
14.00 38 38 30 0 0.00 0.00 0 0 0 5.00 0.00 0.50
12.00 38 38 30 0 0.00 0.00 0 0 0 5.00 0.00 0.50
13.00 38 38 30 0 0.00 0.00 0 0 0 5.00 0.00 0.50
13.00 38 38 30 0 0.00 0.00 0 0 0 5.00 0.00 0.50
13.00 38 38 30 0 0.00 0.00 0 0 0 5.00 0.00 0.50
12.00 38 38 30 0 0.00 0.00 0 0 0 5.00 0.00 0.50
12.00 38 38 30 0 0.00 0.00 0 0 0 5.00 0.00 0.50
14.00 38 38 30 0 0.00 0.00 0 0 0 5.00 0.00 0.50
12.00 38 38 30 0 0.00 0.00 0 0 0 5.00 0.00 0.50
13.00 38 38 30 0 0.00 0.00 0 0 0 5.00 0.00 0.50
13.00 38 38 30 0 0.00 0.00 0 0 0 5.00 0.00 0.50
13.00 38 38 30 0 0.00 0.00 0 0 0 5.00 0.00 0.50
12.00 38 38 30 0 0.00 0.00 0 0 0 5.00 0.00 0.50
14.00 37 38 30 0 0.00 0.00 0 0 0 5.00 0.00 0.50
12.00 38 38 30 0 0.00 0.00 0 0 0 5.00 0.00 0.50
12.00 38 38 30 0 0.00 0.00 0 0 0 5.00 0.00 0.50
13.00 38 38 30 0 0.00 0.00 0 0 0 5.00 0.00 0.50
13.00 38 38 30 0 0.00 0.00 0 0 0 5.00 0.00 0.50
13.00 38 38 30 0 0.00 0.00 0 0 0 5.00 0.00 0.50
12.00 38 38 30 0 0.00 0.00 0 0 0 5.00 0.00 0.50
14.00 38 38 30 0 0.00 0.00 0 0 0 5.00 0.00 0.50
12.00 37 38 30 0 0.00 0.00 0 0 0 5.00 0.00 0.50
13.00 38 38 30 0 0.00 0.00 0 0 0 5.00 0.00 0.50
13.00 38 38 30 0 0.00 0.00 0 0 0 5.00 0.00 0.50
12.00 38 38 30 0 0.00 0.00 0 0 0 5.00 0.00 0.50
13.00 38 38 30 0 0.00 0.00 0 0 0 5.00 0.00 0.50
12.00 38 38 30 0 0.00 0.00 0 0 0 5.00 0.00 0.50
14.00 38 38 30 0 0.00 0.00 0 0 0 5.00 0.00 0.50
12.00 38 38 30 0 0.00 0.00 0 0 0 5.00 0.00 0.50
13.00 38 38 30 0 0.00 0.00 0 0 0 5.00 0.00 0.50
13.00 38 38 30 0 0.00 0.00 0 0 0 5.00 0.00 0.50
12.00 38 38 30 0 0.00 0.00 0 0 0 5.00 0.00 0.50
13.00 38 38 30 0 0.00 0.00 0 0 0 5.00 0.00 0.50
12.00 38 38 30 0 0.00 0.00 0 0 0 5.00 0.00 0.50
14.00 38 38 30 0 0.00 0.00 0 0 0 5.00 0.00 0.50
12.00 38 38 30 0 0.00 0.00 0 0 0 5.00 0.00 0.50
13.00 38 38 30 0 0.00 0.00 0 0 0 5.00 0.00 0.50
13.00 38 38 30 0 0.00 0.00 0 0 0 5.00 0.00 0.50
13.00 38 38 30 0 0.00 0.00 0 0 0 5.00 0.00 0.50
12.00 38 38 30 0 0.00 0.00 0 0 0 5.00 0.00 0.50
13.00 38 38 30 0 0.00 0.00 0 0 0 5.00 0.00 0.50
13.00 38 38 30 0 0.00 0.00 0 0 0 5.00 0.00 0.50
12.00 38 38 30 0 0.00 0.00 0 0 0 5.00 0.00 0.50
13.00 38 38 30 0 0.00 0.00 0 0 0 5.00 0.00 0.50
13.00 38 38 30 0 0.00 0.00 0 0 0 5.00 0.00 0.50
13.00 38 38 30 0 0.00 0.00 0 0 0 5.00 0.00 0.50
12.00 38 38 30 0 0.00 0.00 0 0 0 5.00 0.00 0.50
14.00 38 38 30 0 0.00 0.00 0 0 0 5.00 0.00 0.50
12.00 37 38 30 0 0.00 0.00 0 0 0 5.00 0.00 0.50
12.00 38 38 30 0 0.00 0.00 0 0 0 5.00 0.00 0.50
14.00 38 38 30 0 0.00 0.00 0 0 0 5.00 0.00 0.50
12.00 38 38 30 0 0.00 0.00 0 0 0 5.00 0.00 0.50
13.00 38 38 30 0 0.00 0.00 0 0 0 5.00 0.00 0.50
12.00 38 38 30 0 0.00 0.00 0 0 0 5.00 0.00 0.50
14.00 38 38 30 0 0.00 0.00 0 0 0 5.00 0.00 0.50
12.00 38 38 30 0 0.00 0.00 0 0 0 5.00 0.00 0.50
13.00 38 38 30 0 0.00 0.00 0 0 0 5.00 0.00 0.50
13.00 38 38 30 0 0.00 0.00 0 0 0 5.00 0.00 0.50
12.00 38 38 30 0 0.00 0.00 0 0 0 5.00 0.00 0.50
13.00 38 38 30 0 0.00 0.00 0 0 0 5.00 0.00 0.50
13.00 38 38 30 0 0.00 0.00 0 0 0 5.00 0.00 0.50
13.00 38 38 30 0 0.00 0.00 0 0 0 5.00 0.00 0.50
12.00 38 38 30 0 0.00 0.00 0 0 0 5.00 0.00 0.50
13.00 38 38 30 0 0.00 0.00 0 0 0 5.00 0.00 0.50
13.00 38 38 30 0 0.00 0.00 0 0 0 5.00 0.00 0.50
13.00 38 38 30 0 0.00 0.00 0 0 0 5.00 0.00 0.50
12.00 38 38 30 0 0.00 0.00 0 0 0 5.00 0.00 0.50
13.00 38 38 30 0 0.00 0.00 0 0 0 5.00 0.00 0.50
13.00 38 38 30 0 0.00 0.00 0 0 0 5.00 0.00 0.50
12.00 38 38 30 0 0.00 0.00 0 0 0 5.00 0.00 0.50
14.00 38 38 30 0 0.00 0.00 0 0 0 5.00 0.00 0.50
12.00 38 38 30 0 0.00 0.00 0 0 0 5.00 0.00 0.50
13.00 38 38 30 0 0.00 0.00 0 0 0 5.00 0.00 0.50
12.00 38 38 30 0 0.00 0.00 0 0 0 5.00 0.00 0.50
13.00 38 38 30 0 0.00 0.00 0 0 0 5.00 0.00 0.50
13.00 38 38 30 0 0.00 0.00 0 0 0 5.00 0.00 0.50
12.00 38 38 30 0 0.00 0.00 0 0 0 5.00 0.00 0.50
14.00 38 38 30 0 0.00 0.00 0 0 0 5.00 0.00 0.50
12.00 38 38 30 0 0.00 0.00 0 0 0 5.00 0.00 0.50
13.00 38 38 30 0 0.00 0.00 0 0 0 5.00 0.00 0.50
13.00 38 38 30 0 0.00 0.00 0 0 0 5.00 0.00 0.50
13.00 38 38 30 0 0.00 0.00 0 0 0 5.00 0.00 0.50
12.00 38 38 30 0 0.00 0.00 0 0 0 5.00 0.00 0.50
12.00 38 38 30 0 0.00 0.00 0 0 0 5.00 0.00 0.50
14.00 38 38 30 0 0.00 0.00 0 0 0 5.00 0.00 0.50
12.00 38 38 30 0 0.00 0.00 0 0 0 5.00 0.00 0.50
13.00 38 38 30 0 0.00 0.00 0 0 0 5.00 0.00 0.50
13.00 38 38 30 0 0.00 0.00 0 0 0 5.00 0.00 0.50
13.00 38 38 30 0 0.00 0.00 0 0 0 5.00 0.00 0.50
12.00 38 38 30 0 0.00 0.00 0 0 0 5.00 0.00 0.50
14.00 38 38 30 0 0.00 0.00 0 0 0 5.00 0.00 0.50
12.00 38 38 30 0 0.00 0.00 0 0 0 5.00 0.00 0.50
12.00 38 38 30 0 0.00 0.00 0 0 0 5.00 0.00 0.50
13.00 38 38 30 0 0.00 0.00 0 0 0 5.00 0.00 0.50
13.00 38 38 30 0 0.00 0.00 0 0 0 5.00 0.00 0.50
13.00 38 38 30 0 0.00 0.00 0 0 0 5.00 0.00 0.50
12.00 38 38 30 0 0.00 0.00 0 0 0 5.00 0.00 0.50
14.00 38 38 30 0 0.00 0.00 0 0 0 5.00 0.00 0.50
12.00 37 38 30 0 0.00 0.00 0 0 0 5.00 0.00 0.50
13.00 38 38 30 0 0.00 0.00 0 0 0 5.00 0.00 0.50
12.00 38 38 30 0 0.00 0.00 0 0 0 5.00 0.00 0.50
13.00 38 38 30 0 0.00 0.00 0 0 0 5.00 0.00 0.50
13.00 38 38 30 0 0.00 0.00 0 0 0 5.00 0.00 0.50
12.00 38 38 30 0 0.00 0.00 0 0 0 5.00 0.00 0.50
14.00 38 38 30 0 0.00 0.00 0 0 0 5.00 0.00 0.50
12.00 38 38 30 0 0.00 0.00 0 0 0 5.00 0.00 0.50
13.00 38 38 30 0 0.00 0.00 0 0 0 5.00 0.00 0.50
13.00 38 38 30 0 0.00 0.00 0 0 0 5.00 0.00 0.50
12.00 38 38 30 0 0.00 0.00 0 0 0 5.00 0.00 0.50
13.00 38 38 30 0 0.00 0.00 0 0 0 5.00 0.00 0.50
12.00 38 38 30 0 0.00 0.00 0 0 0 5.00 0.00 0.50
14.00 38 38 30 0 0.00 0.00 0 0 0 5.00 0.00 0.50
12.00 38 38 30 0 0.00 0.00 0 0 0 5.00 0.00 0.50
13.00 38 38 30 0 0.00 0.00 0 0 0 5.00 0.00 0.50
13.00 38 38 30 0 0.00 0.00 0 0 0 5.00 0.00 0.50
13.00 38 38 30 0 0.00 0.00 0 0 0 5.00 0.00 0.50
12.00 38 38 30 0 0.00 0.00 0 0 0 5.00 0.00 0.50
13.00 38 38 30 0 0.00 0.00 0 0 0 5.00 0.00 0.50
13.00 38 38 30 0 0.00 0.00 0 0 0 5.00 0.00 0.50
12.00 38 38 30 0 0.00 0.00 0 0 0 5.00 0.00 0.50
13.00 38 38 30 0 0.00 0.00 0 0 0 5.00 0.00 0.50
13.00 38 38 30 0 0.00 0.00 0 0 0 5.00 0.00 0.50
13.00 38 38 30 0 0.00 0.00 0 0 0 5.00 0.00 0.50
12.00 37 38 30 0 0.00 0.00 0 0 0 5.00 0.00 0.50
14.00 38 38 30 0 0.00 0.00 0 0 0 5.00 0.00 0.50
12.00 38 38 30 0 0.00 0.00 0 0 0 5.00 0.00 0.50
12.00 38 38 30 0 0.00 0.00 0 0 0 5.00 0.00 0.50
14.00 38 38 30 0 0.00 0.00 0 0 0 5.00 0.00 0.50
12.00 38 38 30 0 0.00 0.00 0 0 0 5.00 0.00 0.50
13.00 38 38 30 0 0.00 0.00 0 0 0 5.00 0.00 0.50
12.00 38 38 30 0 0.00 0.00 0 0 0 5.00 0.00 0.50
14.00 38 38 30 0 0.00 0.00 0 0 0 5.00 0.00 0.50
12.00 37 38 30 0 0.00 0.00 0 0 0 5.00 0.00 0.50
13.00 38 38 30 0 0.00 0.00 0 0 0 5.00 0.00 0.50
13.00 38 38 30 0 0.00 0.00 0 0 0 5.00 0.00 0.50
12.00 38 38 30 0 0.00 0.00 0 0 0 5.00 0.00 0.50
13.00 38 38 30 0 0.00 0.00 0 0 0 5.00 0.00 0.50
13.00 38 38 30 0 0.00 0.00 0 0 0 5.00 0.00 0.50
13.00 38 38 30 0 0.00 0.00 0 0 0 5.00 0.00 0.50
12.00 38 38 30 0 0.00 0.00 0 0 0 5.00 0.00 0.50
13.00 38 38 30 0 0.00 0.00 0 0 0 5.00 0.00 0.50
13.00 38 38 30 0 0.00 0.00 0 0 0 5.00 0.00 0.50
12.00 38 38 30 0 0.00 0.00 0 0 0 5.00 0.00 0.50
13.00 38 38 30 0 0.00 0.00 0 0 0 5.00 0.00 0.50
13.00 38 38 30 0 0.00 0.00 0 0 0 5.00 0.00 0.50
13.00 38 38 30 0 0.00 0.00 0 0 0 5.00 0.00 0.50
12.00 38 38 30 0 0.00 0.00 0 0 0 5.00 0.00 0.50
14.00 38 38 30 0 0.00 0.00 0 0 0 5.00 0.00 0.50
12.00 38 38 30 0 0.00 0.00 0 0 0 5.00 0.00 0.50
13.00 38 38 30 0 0.00 0.00 0 0 0 5.00 0.00 0.50
12.00 38 38 30 0 0.00 0.00 0 0 0 5.00 0.00 0.50
13.00 38 38 30 0 0.00 0.00 0 0 0 5.00 0.00 0.50
13.00 38 38 30 0 0.00 0.00 0 0 0 5.00 0.00 0.50
12.00 38 38 30 0 0.00 0.00 0 0 0 5.00 0.00 0.50
14.00 38 38 30 0 0.00 0.00 0 0 0 5.00 0.00 0.50
12.00 38 38 30 0 0.00 0.00 0 0 0 5.00 0.00 0.50
13.00 38 38 30 0 0.00 0.00 0 0 0 5.00 0.00 0.50
13.00 38 38 30 0 0.00 0.00 0 0 0 5.00 0.00 0.50
13.00 38 38 30 0 0.00 0.00 0 0 0 5.00 0.00 0.50
12.00 38 38 30 0 0.00 0.00 0 0 0 5.00 0.00 0.50
12.00 38 38 30 0 0.00 0.00 0 0 0 5.00 0.00 0.50
14.00 38 38 30 0 0.00 0.00 0 0 0 5.00 0.00 0.50
12.00 38 38 30 0 0.00 0.00 0 0 0 5.00 0.00 0.50
13.00 38 38 30 0 0.00 0.00 0 0 0 5.00 0.00 0.50
13.00 38 38 30 0 0.00 0.00 0 0 0 5.00 0.00 0.50
13.00 38 38 30 0 0.00 0.00 0 0 0 5.00 0.00 0.50
12.00 38 38 30 0 0.00 0.00 0 0 0 5.00 0.00 0.50
14.00 38 38 30 0 0.00 0.00 0 0 0 5.00 0.00 0.50
12.00 38 38 30 0 0.00 0.00 0 0 0 5.00 0.00 0.50
12.00 38 38 30 0 0.00 0.00 0 0 0 5.00 0.00 0.50
13.00 38 38 30 0 0.00 0.00 0 0 0 5.00 0.00 0.50
13.00 38 38 30 0 0.00 0.00 0 0 0 5.00 0.00 0.50
13.00 38 38 30 0 0.00 0.00 0 0 0 5.00 0.00 0.50
12.00 38 38 30 0 0.00 0.00 0 0 0 5.00 0.00 0.50
14.00 38 38 30 0 0.00 0.00 0 0 0 5.00 0.00 0.50
12.00 38 38 30 0 0.00 0.00 0 0 0 5.00 0.00 0.50
13.00 38 38 30 0 0.00 0.00 0 0 0 5.00 0.00 0.50
12.00 38 38 30 0 0.00 0.00 0 0 0 5.00 0.00 0.50
13.00 38 38 30 0 0.00 0.00 0 0 0 5.00 0.00 0.50
13.00 38 38 30 0 0.00 0.00 0 0 0 5.00 0.00 0.50
12.00 38 38 30 0 0.00 0.00 0 0 0 5.00 0.00 0.50
14.00 38 38 30 0 0.00 0.00 0 0 0 5.00 0.00 0.50
12.00 38 38 30 0 0.00 0.00 0 0 0 5.00 0.00 0.50
13.00 38 38 30 0 0.00 0.00 0 0 0 5.00 0.00 0.50
13.00 38 38 30 0 0.00 0.00 0 0 0 5.00 0.00 0.50
12.00 38 38 30 0 0.00 0.00 0 0 0 5.00 0.00 0.50
13.00 38 38 30 0 0.00 0.00 0 0 0 5.00 0.00 0.50
12.00 38 38 30 0 0.00 0.00 0 0 0 5.00 0.00 0.50
14.00 38 38 30 0 0.00 0.00 0 0 0 5.00 0.00 0.50
12.00 38 38 30 0 0.00 0.00 0 0 0 5.00 0.00 0.50
13.00 38 38 30 0 0.00 0.00 0 0 0 5.00 0.00 0.50
13.00 38 38 30 0 0.00 0.00 0 0 0 5.00 0.00 0.50
13.00 38 38 30 0 0.00 0.00 0 0 0 5.00 0.00 0.50
12.00 38 38 30 0 0.00 0.00 0 0 0 5.00 0.00 0.50
13.00 38 38 30 0 0.00 0.00 0 0 0 5.00 0.00 0.50
13.00 38 38 30 0 0.00 0.00 0 0 0 5.00 0.00 0.50
12.00 38 38 30 0 0.00 0.00 0 0 0 5.00 0.00 0.50
13.00 38 38 30 0 0.00 0.00 0 0 0 5.00 0.00 0.50
13.00 38 38 30 0 0.00 0.00 0 0 0 5.00 0.00 0.50
13.00 38 38 30 0 0.00 0.00 0 0 0 5.00 0.00 0.50
12.00 38 38 30 0 0.00 0.00 0 0 0 5.00 0.00 0.50
14.00 38 38 30 0 0.00 0.00 0 0 0 5.00 0.00 0.50
12.00 38 38 30 0 0.00 0.00 0 0 0 5.00 0.00 0.50
12.00 38 38 30 0 0.00 0.00 0 0 0 5.00 0.00 0.50
14.00 38 38 30 0 0.00 0.00 0 0 0 5.00 0.00 0.50
12.00 38 38 30 0 0.00 0.00 0 0 0 5.00 0.00 0.50
13.00 38 38 30 0 0.00 0.00 0 0 0 5.00 0.00 0.50
12.00 38 38 30 0 0.00 0.00 0 0 0 5.00 0.00 0.50
14.00 38 38 30 0 0.00 0.00 0 0 0 5.00 0.00 0.50
12.00 38 38 30 0 0.00 0.00 0 0 0 5.00 0.00 0.50
13.00 38 38 30 0 0.00 0.00 0 0 0 5.00 0.00 0.50
13.00 38 38 30 0 0.00 0.00 0 0 0 5.00 0.00 0.50
12.00 38 38 30 0 0.00 0.00 0 0 0 5.00 0.00 0.50
13.00 38 38 30 0 0.00 0.00 0 0 0 5.00 0.00 0.50
13.00 38 38 30 0 0.00 0.00 0 0 0 5.00 0.00 0.50
13.00 38 38 30 0 0.00 0.00 0 0 0 5.00 0.00 0.50
12.00 38 38 30 0 0.00 0.00 0 0 0 5.00 0.00 0.50
13.00 38 38 30 0 0.00 0.00 0 0 0 5.00 0.00 0.50
13.00 38 38 30 0 0.00 0.00 0 0 0 5.00 0.00 0.50
12.00 38 38 30 0 0.00 0.00 0 0 0 5.00 0.00 0.50
13.00 38 38 30 0 0.00 0.00 0 0 0 5.00 0.00 0.50
13.00 38 38 30 0 0.00 0.00 0 0 0 5.00 0.00 0.50
13.00 38 38 30 0 0.00 0.00 0 0 0 5.00 0.00 0.50
12.00 38 38 30 0 0.00 0.00 0 0 0 5.00 0.00 0.50
14.00 38 38 30 0 0.00 0.00 0 0 0 5.00 0.00 0.50
12.00 38 38 30 0 0.00 0.00 0 0 0 5.00 0.00 0.50
13.00 38 38 30 0 0.00 0.00 0 0 0 5.00 0.00 0.50
12.00 37 38 30 0 0.00 0.00 0 0 0 5.00 0.00 0.50
13.00 38 38 30 0 0.00 0.00 0 0 0 5.00 0.00 0.50
13.00 38 38 30 0 0.00 0.00 0 0 0 5.00 0.00 0.50
12.00 38 38 30 0 0.00 0.00 0 0 0 5.00 0.00 0.50
14.00 38 38 30 0 0.00 0.00 0 0 0 5.00 0.00 0.50
12.00 38 38 30 0 0.00 0.00 0 0 0 5.00 0.00 0.50
13.00 38 38 30 0 0.00 0.00 0 0 0 5.00 0.00 0.50
13.00 38 38 30 0 0.00 0.00 0 0 0 5.00 0.00 0.50
13.00 38 38 30 0 0.00 0.00 0 0 0 5.00 0.00 0.50
12.00 38 38 30 0 0.00 0.00 0 0 0 5.00 0.00 0.50
12.00 38 38 30 0 0.00 0.00 0 0 0 5.00 0.00 0.50
14.00 38 38 30 0 0.00 0.00 0 0 0 5.00 0.00 0.50
12.00 38 38 30 0 0.00 0.00 0 0 0 5.00 0.00 0.50
13.00 38 38 30 0 0.00 0.00 0 0 0 5.00 0.00 0.50
13.00 38 38 30 0 0.00 0.00 0 0 0 5.00 0.00 0.50
13.00 38 38 30 0 0.00 0.00 0 0 0 5.00 0.00 0.50
12.00 38 38 30 0 0.00 0.00 0 0 0 5.00 0.00 0.50
14.00 38 38 30 0 0.00 0.00 0 0 0 5.00 0.00 0.50
12.00 38 38 30 0 0.00 0.00 0 0 0 5.00 0.00 0.50
12.00 38 38 30 0 0.00 0.00 0 0 0 5.00 0.00 0.50
13.00 38 38 30 0 0.00 0.00 0 0 0 5.00 0.00 0.50
13.00 38 38 30 0 0.00 0.00 0 0 0 5.00 0.00 0.50
13.00 38 38 30 0 0.00 0.00 0 0 0 5.00 0.00 0.50
12.00 38 38 30 0 0.00 0.00 0 0 0 5.00 0.00 0.50
14.00 38 38 30 0 0.00 0.00 0 0 0 5.00 0.00 0.50
12.00 38 38 30 0 0.00 0.00 0 0 0 5.00 0.00 0.50
12.00 38 38 30 0 0.00 0.00 0 0 0 5.00 0.00 0.50
13.00 38 38 30 0 0.00 0.00 0 0 0 5.00 0.00 0.50
13.00 38 38 30 0 0.00 0.00 0 0 0 5.00 0.00 0.50
13.00 38 38 30 0 0.00 0.00 0 0 0 5.00 0.00 0.50
12.00 38 38 30 0 0.00 0.00 0 0 0 5.00 0.00 0.50
14.00 38 38 30 0 0.00 0.00 0 0 0 5.00 0.00 0.50
12.00 38 38 30 0 0.00 0.00 0 0 0 5.00 0.00 0.50
13.00 38 38 30 0 0.00 0.00 0 0 0 5.00 0.00 0.50
13.00 38 38 30 0 0.00 0.00 0 0 0 5.00 0.00 0.50
12.00 38 38 30 0 0.00 0.00 0 0 0 5.00 0.00 0.50
13.00 38 38 30 0 0.00 0.00 0 0 0 5.00 0.00 0.50
12.00 38 38 30 0 0.00 0.00 0 0 0 5.00 0.00 0.50
14.00 38 38 30 0 0.00 0.00 0 0 0 5.00 0.00 0.50
12.00 38 38 30 0 0.00 0.00 0 0 0 5.00 0.00 0.50
13.00 38 38 30 0 0.00 0.00 0 0 0 5.00 0.00 0.50
13.00 38 38 30 0 0.00 0.00 0 0 0 5.00 0.00 0.50
13.00 38 38 30 0 0.00 0.00 0 0 0 5.00 0.00 0.50
12.00 38 38 30 0 0.00 0.00 0 0 0 5.00 0.00 0.50
13.00 38 38 30 0 0.00 0.00 0 0 0 5.00 0.00 0.50
13.00 38 38 30 0 0.00 0.00 0 0 0 5.00 0.00 0.50
12.00 38 38 30 0 0.00 0.00 0 0 0 5.00 0.00 0.50
13.00 38 38 30 0 0.00 0.00 0 0 0 5.00 0.00 0.50
13.00 38 38 30 0 0.00 0.00 0 0 0 5.00 0.00 0.50
13.00 38 38 30 0 0.00 0.00 0 0 0 5.00 0.00 0.50
12.00 38 38 30 0 0.00 0.00 0 0 0 5.00 0.00 0.50
14.00 38 38 30 0 0.00 0.00 0 0 0 5.00 0.00 0.50
12.00 38 38 30 0 0.00 0.00 0 0 0 5.00 0.00 0.50
12.00 38 38 30 0 0.00 0.00 0 0 0 5.00 0.00 0.50
14.00 38 38 30 0 0.00 0.00 0 0 0 5.00 0.00 0.50
12.00 38 38 30 0 0.00 0.00 0 0 0 5.00 0.00 0.50
13.00 38 38 30 0 0.00 0.00 0 0 0 5.00 0.00 0.50
12.00 38 38 30 0 0.00 0.00 0 0 0 5.00 0.00 0.50
14.00 38 38 30 0 0.00 0.00 0 0 0 5.00 0.00 0.50
12.00 38 38 30 0 0.00 0.00 0 0 0 5.00 0.00 0.50
12.00 38 38 30 0 0.00 0.00 0 0 0 5.00 0.00 0.50
14.00 38 38 30 0 0.00 0.00 0 0 0 5.00 0.00 0.50
12.00 38 38 30 0 0.00 0.00 0 0 0 5.00 0.00 0.50
13.00 38 38 30 0 0.00 0.00 0 0 0 5.00 0.00 0.50
13.00 38 38 30 0 0.00 0.00 0 0 0 5.00 0.00 0.50
13.00 38 38 30 0 0.00 0.00 0 0 0 5.00 0.00 0.50
12.00 38 38 30 0 0.00 0.00 0 0 0 5.00 0.00 0.50
13.00 38 38 30 0 0.00 0.00 0 0 0 5.00 0.00 0.50
13.00 38 38 30 0 0.00 0.00 0 0 0 5.00 0.00 0.50
12.00 38 38 30 0 0.00 0.00 0 0 0 5.00 0.00 0.50
13.00 38 38 30 0 0.00 0.00 0 0 0 5.00 0.00 0.50
13.00 38 38 30 0 0.00 0.00 0 0 0 5.00 0.00 0.50
13.00 38 38 30 0 0.00 0.00 0 0 0 5.00 0.00 0.50
12.00 38 38 30 0 0.00 0.00 0 0 0 5.00 0.00 0.50
14.00 38 38 30 0 0.00 0.00 0 0 0 5.00 0.00 0.50
12.00 38 38 30 0 0.00 0.00 0 0 0 5.00 0.00 0.50
13.00 38 38 30 0 0.00 0.00 0 0 0 5.00 0.00 0.50
12.00 38 38 30 0 0.00 0.00 0 0 0 5.00 0.00 0.50
13.00 38 38 30 0 0.00 0.00 0 0 0 5.00 0.00 0.50
13.00 38 38 30 0 0.00 0.00 0 0 0 5.00 0.00 0.50
12.00 38 38 30 0 0.00 0.00 0 0 0 5.00 0.00 0.50
14.00 38 38 30 0 0.00 0.00 0 0 0 5.00 0.00 0.50
12.00 38 38 30 0 0.00 0.00 0 0 0 5.00 0.00 0.50
13.00 38 38 30 0 0.00 0.00 0 0 0 5.00 0.00 0.50
12.00 38 38 30 0 0.00 0.00 0 0 0 5.00 0.00 0.50
14.00 38 38 30 0 0.00 0.00 0 0 0 5.00 0.00 0.50
12.00 38 38 30 0 0.00 0.00 0 0 0 5.00 0.00 0.50
12.00 38 38 30 0 0.00 0.00 0 0 0 5.00 0.00 0.50
14.00 38 38 30 0 0.00 0.00 0 0 0 5.00 0.00 0.50
12.00 38 38 30 0 0.00 0.00 0 0 0 5.00 0.00 0.50
13.00 38 38 30 0 0.00 0.00 0 0 0 5.00 0.00 0.50
13.00 38 38 30 0 0.00 0.00 0 0 0 5.00 0.00 0.50
13.00 38 38 30 0 0.00 0.00 0 0 0 5.00 0.00 0.50
12.00 38 38 30 0 0.00 0.00 0 0 0 5.00 0.00 0.50
13.00 38 38 30 0 0.00 0.00 0 0 0 5.00 0.00 0.50
13.00 38 38 30 0 0.00 0.00 0 0 0 5.00 0.00 0.50
12.00 38 38 30 0 0.00 0.00 0 0 0 5.00 0.00 0.50
13.00 38 38 30 0 0.00 0.00 0 0 0 5.00 0.00 0.50
13.00 38 38 30 0 0.00 0.00 0 0 0 5.00 0.00 0.50
13.00 38 38 30 0 0.00 0.00 0 0 0 5.00 0.00 0.50
12.00 38 38 30 0 0.00 0.00 0 0 0 5.00 0.00 0.50
14.00 38 38 30 0 0.00 0.00 0 0 0 5.00 0.00 0.50
12.00 38 38 30 0 0.00 0.00 0 0 0 5.00 0.00 0.50
12.00 38 38 30 0 0.00 0.00 0 0 0 5.00 0.00 0.50
13.00 38 38 30 0 0.00 0.00 0 0 0 5.00 0.00 0.50
13.00 38 38 30 0 0.00 0.00 0 0 0 5.00 0.00 0.50
13.00 38 38 30 0 0.00 0.00 0 0 0 5.00 0.00 0.50
12.00 38 38 30 0 0.00 0.00 0 0 0 5.00 0.00 0.50
14.00 38 38 30 0 0.00 0.00 0 0 0 5.00 0.00 0.50
12.00 38 38 30 0 0.00 0.00 0 0 0 5.00 0.00 0.50
13.00 38 38 30 0 0.00 0.00 0 0 0 5.00 0.00 0.50
13.00 38 38 30 0 0.00 0.00 0 0 0 5.00 0.00 0.50
12.00 38 38 30 0 0.00 0.00 0 0 0 5.00 0.00 0.50
13.00 38 38 30 0 0.00 0.00 0 0 0 5.00 0.00 0.50
12.00 38 38 30 0 0.00 0.00 0 0 0 5.00 0.00 0.50
14.00 38 38 30 0 0.00 0.00 0 0 0 5.00 0.00 0.50
12.00 38 38 30 0 0.00 0.00 0 0 0 5.00 0.00 0.50
13.00 38 38 30 0 0.00 0.00 0 0 0 5.00 0.00 0.50
13.00 38 38 30 0 0.00 0.00 0 0 0 5.00 0.00 0.50
13.00 38 38 30 0 0.00 0.00 0 0 0 5.00 0.00 0.50
12.00 38 38 30 0 0.00 0.00 0 0 0 5.00 0.00 0.50
13.00 38 38 30 0 0.00 0.00 0 0 0 5.00 0.00 0.50
13.00 38 38 30 0 0.00 0.00 0 0 0 5.00 0.00 0.50
12.00 38 38 30 0 0.00 0.00 0 0 0 5.00 0.00 0.50
13.00 38 38 30 0 0.00 0.00 0 0 0 5.00 0.00 0.50
13.00 38 38 30 0 0.00 0.00 0 0 0 5.00 0.00 0.50
13.00 38 38 30 0 0.00 0.00 0 0 0 5.00 0.00 0.50
12.00 38 38 30 0 0.00 0.00 0 0 0 5.00 0.00 0.50
14.00 38 38 30 0 0.00 0.00 0 0 0 5.00 0.00 0.50
12.00 38 38 30 0 0.00 0.00 0 0 0 5.00 0.00 0.50
12.00 38 38 30 0 0.00 0.00 0 0 0 5.00 0.00 0.50
14.00 38 38 30 0 0.00 0.00 0 0 0 5.00 0.00 0.50
12.00 38 38 30 0 0.00 0.00 0 0 0 5.00 0.00 0.50
13.00 38 38 30 0 0.00 0.00 0 0 0 5.00 0.00 0.50
12.00 38 38 30 0 0.00 0.00 0 0 0 5.00 0.00 0.50
14.00 38 38 30 0 0.00 0.00 0 0 0 5.00 0.00 0.50
12.00 38 38 30 0 0.00 0.00 0 0 0 5.00 0.00 0.50
12.00 38 38 30 0 0.00 0.00 0 0 0 5.00 0.00 0.50
14.00 38 38 30 0 0.00 0.00 0 0 0 5.00 0.00 0.50
12.00 38 38 30 0 0.00 0.00 0 0 0 5.00 0.00 0.50
13.00 38 38 30 0 0.00 0.00 0 0 0 5.00 0.00 0.50
13.00 38 38 30 0 0.00 0.00 0 0 0 5.00 0.00 0.50
13.00 38 38 30 0 0.00 0.00 0 0 0 5.00 0.00 0.50
12.00 38 38 30 0 0.00 0.00 0 0 0 5.00 0.00 0.50
13.00 38 38 30 0 0.00 0.00 0 0 0 5.00 0.00 0.50
13.00 38 38 30 0 0.00 0.00 0 0 0 5.00 0.00 0.50
12.00 38 38 30 0 0.00 0.00 0 0 0 5.00 0.00 0.50
13.00 38 38 30 0 0.00 0.00 0 0 0 5.00 0.00 0.50
13.00 38 38 30 0 0.00 0.00 0 0 0 5.00 0.00 0.50
13.00 38 38 30 0 0.00 0.00 0 0 0 5.00 0.00 0.50
12.00 38 38 30 0 0.00 0.00 0 0 0 5.00 0.00 0.50
14.00 38 38 30 0 0.00 0.00 0 0 0 5.00 0.00 0.50
12.00 38 38 30 0 0.00 0.00 0 0 0 5.00 0.00 0.50
13.00 38 38 30 0 0.00 0.00 0 0 0 5.00 0.00 0.50
12.00 38 38 30 0 0.00 0.00 0 0 0 5.00 0.00 0.50
13.00 38 38 30 0 0.00 0.00 0 0 0 5.00 0.00 0.50
13.00 38 38 30 0 0.00 0.00 0 0 0 5.00 0.00 0.50
12.00 38 38 30 0 0.00 0.00 0 0 0 5.00 0.00 0.50
14.00 38 38 30 0 0.00 0.00 0 0 0 5.00 0.00 0.50
12.00 38 38 30 0 0.00 0.00 0 0 0 5.00 0.00 0.50
13.00 38 38 30 0 0.00 0.00 0 0 0 5.00 0.00 0.50
12.00 38 38 30 0 0.00 0.00 0 0 0 5.00 0.00 0.50
14.00 38 38 38 3 255.00 255.00 38 0 0 5.00 0.00 0.50
13.00 38 38 38 3 255.00 255.00 38 0 0 5.00 0.00 0.50
14.00 38 38 38 3 255.00 255.00 38 0 0 5.00 0.00 0.50
15.00 39 38 38 3 255.00 255.00 38 0 0 5.00 0.00 0.50
13.00 38 38 38 3 255.00 255.00 38 0 0 5.00 0.00 0.50
14.00 38 38 38 3 255.00 255.00 38 0 0 5.00 0.00 0.50
15.00 38 38 38 3 255.00 255.00 38 0 0 5.00 0.00 0.50
13.00 38 38 38 3 255.00 255.00 38 0 0 5.00 0.00 0.50
14.00 38 38 38 3 255.00 255.00 38 0 0 5.00 0.00 0.50
15.00 38 38 38 3 255.00 255.00 38 0 0 5.00 0.00 0.50
14.00 38 38 38 3 255.00 255.00 38 0 0 5.00 0.00 0.50
13.00 38 38 38 3 255.00 255.00 38 0 0 5.00 0.00 0.50
15.00 38 38 38 3 255.00 255.00 38 0 0 5.00 0.00 0.50
14.00 38 38 38 3 255.00 255.00 38 0 0 5.00 0.00 0.50
13.00 38 38 38 3 255.00 255.00 38 0 0 5.00 0.00 0.50
15.00 38 38 38 3 255.00 255.00 38 0 0 5.00 0.00 0.50
14.00 38 38 38 3 255.00 255.00 38 0 0 5.00 0.00 0.50
14.00 38 38 38 3 255.00 255.00 38 0 0 5.00 0.00 0.50
14.00 38 38 38 3 255.00 255.00 38 0 0 5.00 0.00 0.50
14.00 38 38 38 3 255.00 255.00 38 0 0 5.00 0.00 0.50
14.00 38 38 38 3 255.00 255.00 38 0 0 5.00 0.00 0.50
14.00 38 38 38 3 255.00 255.00 38 0 0 5.00 0.00 0.50
14.00 38 38 38 3 255.00 255.00 38 0 0 5.00 0.00 0.50
14.00 37 38 38 3 255.00 255.00 38 0 0 5.00 0.00 0.50
15.00 37 38 38 3 255.00 255.00 38 0 0 5.00 0.00 0.50
13.00 37 38 38 3 255.00 255.00 38 0 0 5.00 0.00 0.50
14.00 38 38 38 3 255.00 255.00 38 0 0 5.00 0.00 0.50
15.00 37 38 38 3 255.00 255.00 38 0 0 5.00 0.00 0.50
13.00 37 38 38 3 255.00 255.00 38 0 0 5.00 0.00 0.50
14.00 37 38 38 3 255.00 255.00 38 0 0 5.00 0.00 0.50
15.00 38 38 38 3 255.00 255.00 38 0 0 5.00 0.00 0.50
14.00 38 38 38 3 255.00 255.00 38 0 0 5.00 0.00 0.50
13.00 38 38 38 3 255.00 255.00 38 0 0 5.00 0.00 0.50
15.00 37 38 38 3 255.00 255.00 38 0 0 5.00 0.00 0.50
14.00 37 38 38 3 255.00 255.00 38 0 0 5.00 0.00 0.50
13.00 37 38 38 3 255.00 255.00 38 0 0 5.00 0.00 0.50
15.00 37 38 38 3 255.00 255.00 38 0 0 5.00 0.00 0.50
14.00 37 37 38 3 255.00 255.00 37 0 0 5.00 0.00 0.50
14.00 37 37 38 3 255.00 255.00 37 0 0 5.00 0.00 0.50
14.00 37 38 38 3 255.00 255.00 38 0 0 5.00 0.00 0.50
14.00 37 37 38 3 255.00 255.00 37 0 0 5.00 0.00 0.50
14.00 37 38 38 3 255.00 255.00 38 0 0 5.00 0.00 0.50
14.00 37 37 38 3 255.00 255.00 37 0 0 5.00 0.00 0.50
14.00 36 37 38 3 255.00 255.00 37 0 0 5.00 0.00 0.50
14.00 37 37 38 3 255.00 255.00 37 0 0 5.00 0.00 0.50
15.00 37 37 38 3 255.00 255.00 37 0 0 5.00 0.00 0.50
13.00 36 37 38 3 255.00 255.00 37 0 0 5.00 0.00 0.50
14.00 36 37 38 3 255.00 255.00 37 0 0 5.00 0.00 0.50
15.00 36 37 38 3 255.00 255.00 37 0 0 5.00 0.00 0.50
13.00 36 37 38 3 255.00 255.00 37 0 0 5.00 0.00 0.50
14.00 37 37 38 3 255.00 255.00 37 0 0 5.00 0.00 0.50
15.00 36 37 38 3 255.00 255.00 37 0 0 5.00 0.00 0.50
13.00 36 36 38 3 255.00 255.00 36 0 0 5.00 0.00 0.50
14.00 36 36 38 3 255.00 255.00 36 0 0 5.00 0.00 0.50
15.00 36 36 38 3 255.00 255.00 36 0 0 5.00 0.00 0.50
14.00 36 36 38 3 255.00 255.00 36 0 0 5.00 0.00 0.50
13.00 36 36 38 3 255.00 255.00 36 0 0 5.00 0.00 0.50
15.00 36 36 38 3 255.00 255.00 36 0 0 5.00 0.00 0.50
14.00 36 36 38 3 255.00 255.00 36 0 0 5.00 0.00 0.50
13.00 36 36 38 3 255.00 255.00 36 0 0 5.00 0.00 0.50
15.00 36 36 38 3 255.00 255.00 36 0 0 5.00 0.00 0.50
14.00 36 36 38 3 255.00 255.00 36 0 0 5.00 0.00 0.50
14.00 36 36 38 3 255.00 255.00 36 0 0 5.00 0.00 0.50
14.00 36 35 38 3 255.00 255.00 35 0 0 5.00 0.00 0.50
14.00 36 36 38 3 255.00 255.00 36 0 0 5.00 0.00 0.50
14.00 36 35 38 3 255.00 255.00 35 0 0 5.00 0.00 0.50
13.00 36 36 38 3 255.00 255.00 36 0 0 5.00 0.00 0.50
15.00 36 35 38 3 255.00 255.00 35 0 0 5.00 0.00 0.50
14.00 36 35 38 3 255.00 255.00 35 0 0 5.00 0.00 0.50
15.00 36 35 38 3 255.00 255.00 35 0 0 5.00 0.00 0.50
13.00 36 35 38 3 255.00 255.00 35 0 0 5.00 0.00 0.50
14.00 36 36 38 3 255.00 255.00 36 0 0 5.00 0.00 0.50
14.00 36 35 38 3 255.00 255.00 35 0 0 5.00 0.00 0.50
14.00 35 35 38 3 255.00 255.00 35 0 0 5.00 0.00 0.50
14.00 35 35 38 3 255.00 255.00 35 0 0 5.00 0.00 0.50
14.00 35 35 38 3 255.00 255.00 35 0 0 5.00 0.00 0.50
15.00 35 35 38 3 255.00 255.00 35 0 0 5.00 0.00 0.50
13.00 35 35 38 3 255.00 255.00 35 0 0 5.00 0.00 0.50
14.00 35 35 38 3 255.00 255.00 35 0 0 5.00 0.00 0.50
15.00 35 35 38 3 255.00 255.00 35 0 0 5.00 0.00 0.50
13.00 35 34 38 3 255.00 255.00 34 0 0 5.00 0.00 0.50
14.00 35 34 38 3 255.00 255.00 34 0 0 5.00 0.00 0.50
15.00 35 35 38 3 255.00 255.00 35 0 0 5.00 0.00 0.50
14.00 35 35 38 3 255.00 255.00 35 0 0 5.00 0.00 0.50
13.00 35 35 38 3 255.00 255.00 35 0 0 5.00 0.00 0.50
15.00 35 34 38 3 255.00 255.00 34 0 0 5.00 0.00 0.50
14.00 35 34 38 3 255.00 255.00 34 0 0 5.00 0.00 0.50
13.00 35 34 38 3 255.00 255.00 34 0 0 5.00 0.00 0.50
15.00 34 34 38 3 255.00 255.00 34 0 0 5.00 0.00 0.50
14.00 35 35 38 3 255.00 255.00 35 0 0 5.00 0.00 0.50
14.00 34 34 38 3 255.00 255.00 34 0 0 5.00 0.00 0.50
14.00 34 34 38 3 255.00 255.00 34 0 0 5.00 0.00 0.50
14.00 34 34 38 3 255.00 255.00 34 0 0 5.00 0.00 0.50
14.00 34 34 38 3 255.00 255.00 34 0 0 5.00 0.00 0.50
14.00 34 34 38 3 255.00 255.00 34 0 0 5.00 0.00 0.50
14.00 34 34 38 3 255.00 255.00 34 0 0 5.00 0.00 0.50
14.00 34 34 38 3 255.00 255.00 34 0 0 5.00 0.00 0.50
14.00 34 34 38 3 255.00 255.00 34 0 0 5.00 0.00 0.50
14.00 33 34 38 3 255.00 255.00 34 0 0 5.00 0.00 0.50
14.00 34 34 38 3 255.00 255.00 34 0 0 5.00 0.00 0.50
15.00 34 33 38 3 255.00 255.00 33 0 0 5.00 0.00 0.50
13.00 34 33 38 3 255.00 255.00 33 0 0 5.00 0.00 0.50
14.00 33 33 38 3 255.00 255.00 33 0 0 5.00 0.00 0.50
15.00 33 33 38 3 255.00 255.00 33 0 0 5.00 0.00 0.50
13.00 33 33 38 3 255.00 255.00 33 0 0 5.00 0.00 0.50
14.00 34 33 38 3 255.00 255.00 33 0 0 5.00 0.00 0.50
15.00 33 33 38 3 255.00 255.00 33 0 0 5.00 0.00 0.50
14.00 33 32 38 3 255.00 252.14 32 0 0 5.00 0.00 0.50
13.00 33 33 38 3 255.00 255.00 33 0 0 5.00 0.00 0.50
15.00 33 32 38 3 255.00 253.33 32 0 0 5.00 0.00 0.50
14.00 33 32 38 3 255.00 255.00 32 0 0 5.00 0.00 0.50
13.00 33 33 38 3 255.00 255.00 33 0 0 5.00 0.00 0.50
15.00 33 32 38 3 255.00 253.33 32 0 0 5.00 0.00 0.50
14.00 33 32 38 3 255.00 255.00 32 0 0 5.00 0.00 0.50
14.00 32 32 38 3 255.00 255.00 32 0 0 5.00 0.00 0.50
14.00 33 32 38 3 255.00 255.00 32 0 0 5.00 0.00 0.50
14.00 33 32 38 3 255.00 255.00 32 0 0 5.00 0.00 0.50
14.00 33 32 38 3 255.00 255.00 32 0 0 5.00 0.00 0.50
14.00 32 32 38 3 255.00 255.00 32 0 0 5.00 0.00 0.50
14.00 32 31 38 3 255.00 249.64 31 0 0 5.00 0.00 0.50
14.00 33 31 38 3 255.00 255.00 31 0 0 5.00 0.00 0.50
15.00 33 31 38 3 255.00 255.00 31 0 0 5.00 0.00 0.50
13.00 32 31 38 3 255.00 255.00 31 0 0 5.00 0.00 0.50
14.00 33 31 38 3 255.00 255.00 31 0 0 5.00 0.00 0.50
15.00 33 31 38 3 255.00 255.00 31 0 0 5.00 0.00 0.50
13.00 32 31 38 3 255.00 255.00 31 0 0 5.00 0.00 0.50
14.00 32 31 38 3 255.00 255.00 31 0 0 5.00 0.00 0.50
15.00 32 31 38 3 255.00 255.00 31 0 0 5.00 0.00 0.50
14.00 32 30 38 3 255.00 247.14 30 0 0 5.00 0.00 0.50
13.00 32 30 38 3 255.00 255.00 30 0 0 5.00 0.00 0.50
15.00 32 30 38 3 255.00 255.00 30 0 0 5.00 0.00 0.50
14.00 31 30 38 3 255.00 255.00 30 0 0 5.00 0.00 0.50
13.00 32 30 38 3 255.00 255.00 30 0 0 5.00 0.00 0.50
15.00 31 30 38 3 255.00 255.00 30 0 0 5.00 0.00 0.50
14.00 31 30 38 3 255.00 255.00 30 0 0 5.00 0.00 0.50
13.00 31 30 38 3 255.00 255.00 30 0 0 5.00 0.00 0.50
15.00 31 30 38 3 255.00 255.00 30 0 0 5.00 0.00 0.50
14.00 30 30 38 3 255.00 255.00 30 0 0 5.00 0.00 0.50
14.00 30 30 38 3 255.00 255.00 30 0 0 5.00 0.00 0.50
14.00 31 29 38 3 255.00 244.64 29 0 0 5.00 0.00 0.50
14.00 31 29 38 3 255.00 255.00 29 0 0 5.00 0.00 0.50
14.00 30 29 38 3 255.00 255.00 29 0 0 5.00 0.00 0.50
14.00 30 29 38 3 255.00 255.00 29 0 0 5.00 0.00 0.50
14.00 29 29 38 3 255.00 255.00 29 0 0 5.00 0.00 0.50
14.00 29 29 38 3 255.00 255.00 29 0 0 5.00 0.00 0.50
15.00 29 29 38 3 255.00 255.00 29 0 0 5.00 0.00 0.50
13.00 29 29 38 3 255.00 255.00 29 0 0 5.00 0.00 0.50
14.00 30 29 38 3 255.00 255.00 29 0 0 5.00 0.00 0.50
14.00 29 29 38 3 255.00 255.00 29 0 0 5.00 0.00 0.50
14.00 29 29 38 3 255.00 255.00 29 0 0 5.00 0.00 0.50
14.00 29 29 38 3 255.00 255.00 29 0 0 5.00 0.00 0.50
14.00 29 28 38 3 255.00 242.14 28 0 0 5.00 0.00 0.50
15.00 29 29 38 3 255.00 255.00 29 0 0 5.00 0.00 0.50
13.00 29 29 38 3 255.00 255.00 29 0 0 5.00 0.00 0.50
14.00 29 28 38 3 255.00 242.14 28 0 0 5.00 0.00 0.50
15.00 29 28 38 3 255.00 255.00 28 0 0 5.00 0.00 0.50
13.00 29 28 38 3 255.00 255.00 28 0 0 5.00 0.00 0.50
14.00 29 28 38 3 255.00 255.00 28 0 0 5.00 0.00 0.50
15.00 29 28 38 3 255.00 255.00 28 0 0 5.00 0.00 0.50
14.00 28 28 38 3 255.00 255.00 28 0 0 5.00 0.00 0.50
13.00 28 28 38 3 255.00 255.00 28 0 0 5.00 0.00 0.50
15.00 28 27 38 3 255.00 240.83 27 0 0 5.00 0.00 0.50
14.00 28 28 38 3 255.00 255.00 28 0 0 5.00 0.00 0.50
13.00 28 27 38 3 255.00 238.27 27 0 0 5.00 0.00 0.50
15.00 28 27 38 3 255.00 255.00 27 0 0 5.00 0.00 0.50
14.00 28 27 38 3 255.00 255.00 27 0 0 5.00 0.00 0.50
14.00 28 27 38 3 255.00 255.00 27 0 0 5.00 0.00 0.50
14.00 28 27 38 3 255.00 255.00 27 0 0 5.00 0.00 0.50
14.00 28 27 38 3 255.00 255.00 27 0 0 5.00 0.00 0.50
14.00 28 26 38 3 255.00 237.14 26 0 0 5.00 0.00 0.50
14.00 27 26 38 3 255.00 255.00 26 0 0 5.00 0.00 0.50
14.00 28 26 38 3 255.00 255.00 26 0 0 5.00 0.00 0.50
14.00 27 26 38 3 255.00 255.00 26 0 0 5.00 0.00 0.50
15.00 28 26 38 3 255.00 255.00 26 0 0 5.00 0.00 0.50
13.00 28 26 38 3 255.00 255.00 26 0 0 5.00 0.00 0.50
14.00 27 26 38 3 255.00 255.00 26 0 0 5.00 0.00 0.50
15.00 27 26 38 3 255.00 255.00 26 0 0 5.00 0.00 0.50
13.00 27 26 38 3 255.00 255.00 26 0 0 5.00 0.00 0.50
14.00 27 26 38 3 255.00 255.00 26 0 0 5.00 0.00 0.50
15.00 27 26 38 3 255.00 255.00 26 0 0 5.00 0.00 0.50
13.00 26 25 38 3 255.00 233.27 25 0 0 5.00 0.00 0.50
14.00 26 25 38 3 255.00 252.50 25 0 0 5.00 0.00 0.50
15.00 27 25 38 3 255.00 252.50 25 0 0 5.00 0.00 0.50
14.00 27 25 38 3 255.00 252.50 25 0 0 5.00 0.00 0.50
13.00 27 25 38 3 255.00 252.50 25 0 0 5.00 0.00 0.50
15.00 26 25 38 3 255.00 252.50 25 0 0 5.00 0.00 0.50
14.00 26 25 38 3 255.00 252.50 25 0 0 5.00 0.00 0.50
13.00 26 25 38 3 255.00 252.50 25 0 0 5.00 0.00 0.50
15.00 26 25 38 3 255.00 252.50 25 0 0 5.00 0.00 0.50
14.00 26 25 38 3 255.00 252.50 25 0 0 5.00 0.00 0.50
14.00 25 25 38 3 255.00 252.50 25 0 0 5.00 0.00 0.50
14.00 25 25 38 3 255.00 252.50 25 0 0 5.00 0.00 0.50
14.00 25 25 38 3 255.00 252.50 25 0 0 5.00 0.00 0.50
14.00 26 24 38 3 255.00 232.14 24 0 0 5.00 0.00 0.50
14.00 25 24 38 3 255.00 250.00 24 0 0 5.00 0.00 0.50
14.00 25 24 38 3 255.00 250.00 24 0 0 5.00 0.00 0.50
14.00 25 24 38 3 255.00 250.00 24 0 0 5.00 0.00 0.50
15.00 25 24 38 3 255.00 250.00 24 0 0 5.00 0.00 0.50
13.00 25 24 38 3 255.00 250.00 24 0 0 5.00 0.00 0.50
14.00 24 25 38 3 255.00 255.00 25 0 0 5.00 0.00 0.50
15.00 25 24 38 3 255.00 233.33 24 0 0 5.00 0.00 0.50
13.00 24 24 38 3 255.00 250.00 24 0 0 5.00 0.00 0.50
14.00 25 24 38 3 255.00 250.00 24 0 0 5.00 0.00 0.50
15.00 24 24 38 3 255.00 250.00 24 0 0 5.00 0.00 0.50
14.00 24 24 38 3 255.00 250.00 24 0 0 5.00 0.00 0.50
13.00 24 23 38 3 255.00 228.27 23 0 0 5.00 0.00 0.50
15.00 24 23 38 3 255.00 247.50 23 0 0 5.00 0.00 0.50
14.00 24 23 38 3 255.00 247.50 23 0 0 5.00 0.00 0.50
13.00 24 23 38 3 255.00 247.50 23 0 0 5.00 0.00 0.50
15.00 23 23 38 3 255.00 247.50 23 0 0 5.00 0.00 0.50
14.00 24 23 38 3 255.00 247.50 23 0 0 5.00 0.00 0.50
14.00 24 23 38 3 255.00 247.50 23 0 0 5.00 0.00 0.50
14.00 24 23 38 3 255.00 247.50 23 0 0 5.00 0.00 0.50
14.00 24 23 38 3 255.00 247.50 23 0 0 5.00 0.00 0.50
14.00 23 23 38 3 255.00 247.50 23 0 0 5.00 0.00 0.50
14.00 23 23 38 3 255.00 247.50 23 0 0 5.00 0.00 0.50
14.00 23 23 38 3 255.00 247.50 23 0 0 5.00 0.00 0.50
14.00 23 22 38 3 255.00 227.14 22 0 0 5.00 0.00 0.50
15.00 23 22 38 3 255.00 245.00 22 0 0 5.00 0.00 0.50
13.00 22 22 38 3 255.00 245.00 22 0 0 5.00 0.00 0.50
14.00 23 23 38 3 255.00 255.00 23 0 0 5.00 0.00 0.50
15.00 22 23 38 3 255.00 247.50 23 0 0 5.00 0.00 0.50
13.00 22 23 38 3 255.00 247.50 23 0 0 5.00 0.00 0.50
14.00 23 23 38 3 255.00 247.50 23 0 0 5.00 0.00 0.50
15.00 23 22 38 3 255.00 228.33 22 0 0 5.00 0.00 0.50
13.00 22 22 38 3 255.00 245.00 22 0 0 5.00 0.00 0.50
14.00 22 22 38 3 255.00 245.00 22 0 0 5.00 0.00 0.50
14.00 22 22 38 3 255.00 245.00 22 0 0 5.00 0.00 0.50
15.00 22 22 38 3 255.00 245.00 22 0 0 5.00 0.00 0.50
13.00 22 22 38 3 255.00 245.00 22 0 0 5.00 0.00 0.50
14.00 22 22 38 3 255.00 245.00 22 0 0 5.00 0.00 0.50
15.00 22 22 38 3 255.00 245.00 22 0 0 5.00 0.00 0.50
13.00 22 22 38 3 255.00 245.00 22 0 0 5.00 0.00 0.50
14.00 21 22 38 3 255.00 245.00 22 0 0 5.00 0.00 0.50
15.00 22 22 38 3 255.00 245.00 22 0 0 5.00 0.00 0.50
14.00 22 22 38 3 255.00 245.00 22 0 0 5.00 0.00 0.50
13.00 22 22 38 3 255.00 245.00 22 0 0 5.00 0.00 0.50
15.00 22 22 38 3 255.00 245.00 22 0 0 5.00 0.00 0.50
14.00 22 22 38 3 255.00 245.00 22 0 0 5.00 0.00 0.50
13.00 22 22 38 3 255.00 245.00 22 0 0 5.00 0.00 0.50
15.00 22 22 38 3 255.00 245.00 22 0 0 5.00 0.00 0.50
14.00 21 22 38 3 255.00 245.00 22 0 0 5.00 0.00 0.50
14.00 22 22 38 3 255.00 245.00 22 0 0 5.00 0.00 0.50
14.00 22 21 38 3 255.00 224.64 21 0 0 5.00 0.00 0.50
14.00 22 21 38 3 255.00 242.50 21 0 0 5.00 0.00 0.50
14.00 22 22 38 3 255.00 255.00 22 0 0 5.00 0.00 0.50
14.00 22 22 38 3 255.00 245.00 22 0 0 5.00 0.00 0.50
14.00 22 22 38 3 255.00 245.00 22 0 0 5.00 0.00 0.50
14.00 21 21 38 3 255.00 224.64 21 0 0 5.00 0.00 0.50
15.00 21 21 38 3 255.00 242.50 21 0 0 5.00 0.00 0.50
13.00 21 21 38 3 255.00 242.50 21 0 0 5.00 0.00 0.50
14.00 21 21 38 3 255.00 242.50 21 0 0 5.00 0.00 0.50
15.00 21 21 38 3 255.00 242.50 21 0 0 5.00 0.00 0.50
13.00 22 21 38 3 255.00 242.50 21 0 0 5.00 0.00 0.50
14.00 22 21 38 3 255.00 242.50 21 0 0 5.00 0.00 0.50
15.00 21 21 38 3 255.00 242.50 21 0 0 5.00 0.00 0.50
14.00 22 21 38 3 255.00 242.50 21 0 0 5.00 0.00 0.50
13.00 21 22 38 3 255.00 255.00 22 0 0 5.00 0.00 0.50
15.00 21 21 38 3 255.00 225.83 21 0 0 5.00 0.00 0.50
14.00 21 21 38 3 255.00 242.50 21 0 0 5.00 0.00 0.50
13.00 22 21 38 3 255.00 242.50 21 0 0 5.00 0.00 0.50
15.00 22 22 38 3 255.00 255.00 22 0 0 5.00 0.00 0.50
14.00 21 21 38 3 255.00 224.64 21 0 0 5.00 0.00 0.50
13.00 21 21 38 3 255.00 242.50 21 0 0 5.00 0.00 0.50
15.00 21 22 38 3 255.00 255.00 22 0 0 5.00 0.00 0.50
14.00 21 22 38 3 255.00 245.00 22 0 0 5.00 0.00 0.50
14.00 21 22 38 3 255.00 245.00 22 0 0 5.00 0.00 0.50
14.00 20 22 38 3 255.00 245.00 22 0 0 5.00 0.00 0.50
14.00 21 21 38 3 255.00 224.64 21 0 0 5.00 0.00 0.50
14.00 21 21 38 3 255.00 242.50 21 0 0 5.00 0.00 0.50
14.00 21 22 38 3 255.00 255.00 22 0 0 5.00 0.00 0.50
14.00 21 22 38 3 255.00 245.00 22 0 0 5.00 0.00 0.50
14.00 20 22 38 3 255.00 245.00 22 0 0 5.00 0.00 0.50
15.00 20 22 38 3 255.00 245.00 22 0 0 5.00 0.00 0.50
13.00 20 22 38 3 255.00 245.00 22 0 0 5.00 0.00 0.50
14.00 20 22 38 3 255.00 245.00 22 0 0 5.00 0.00 0.50
15.00 20 22 38 3 255.00 245.00 22 0 0 5.00 0.00 0.50
13.00 21 23 38 3 255.00 255.00 23 0 0 5.00 0.00 0.50
14.00 21 22 38 3 255.00 227.14 22 0 0 5.00 0.00 0.50
15.00 21 22 38 3 255.00 245.00 22 0 0 5.00 0.00 0.50
14.00 21 22 38 3 255.00 245.00 22 0 0 5.00 0.00 0.50
13.00 21 22 38 3 255.00 245.00 22 0 0 5.00 0.00 0.50
15.00 22 23 38 3 255.00 255.00 23 0 0 5.00 0.00 0.50
14.00 21 23 38 3 255.00 247.50 23 0 0 5.00 0.00 0.50
13.00 22 23 38 3 255.00 247.50 23 0 0 5.00 0.00 0.50
15.00 21 23 38 3 255.00 247.50 23 0 0 5.00 0.00 0.50
14.00 22 23 38 3 255.00 247.50 23 0 0 5.00 0.00 0.50
14.00 21 22 38 3 255.00 227.14 22 0 0 5.00 0.00 0.50
14.00 22 22 38 3 255.00 245.00 22 0 0 5.00 0.00 0.50
14.00 21 23 38 3 255.00 255.00 23 0 0 5.00 0.00 0.50
14.00 22 23 38 3 255.00 247.50 23 0 0 5.00 0.00 0.50
14.00 22 23 38 3 255.00 247.50 23 0 0 5.00 0.00 0.50
14.00 22 23 38 3 255.00 247.50 23 0 0 5.00 0.00 0.50
14.00 22 23 38 3 255.00 247.50 23 0 0 5.00 0.00 0.50
15.00 22 23 38 3 255.00 247.50 23 0 0 5.00 0.00 0.50
13.00 21 23 38 3 255.00 247.50 23 0 0 5.00 0.00 0.50
14.00 22 23 38 3 255.00 247.50 23 0 0 5.00 0.00 0.50
15.00 22 23 38 3 255.00 247.50 23 0 0 5.00 0.00 0.50
13.00 22 24 38 3 255.00 255.00 24 0 0 5.00 0.00 0.50
14.00 22 24 38 3 255.00 250.00 24 0 0 5.00 0.00 0.50
15.00 22 24 38 3 255.00 250.00 24 0 0 5.00 0.00 0.50
14.00 22 24 38 3 255.00 250.00 24 0 0 5.00 0.00 0.50
13.00 22 24 38 3 255.00 250.00 24 0 0 5.00 0.00 0.50
14.00 22 24 38 3 255.00 250.00 24 0 0 5.00 0.00 0.50
15.00 22 23 38 3 255.00 230.83 23 0 0 5.00 0.00 0.50
13.00 22 24 38 3 255.00 255.00 24 0 0 5.00 0.00 0.50
14.00 22 24 38 3 255.00 250.00 24 0 0 5.00 0.00 0.50
15.00 22 24 38 3 255.00 250.00 24 0 0 5.00 0.00 0.50
13.00 22 24 38 3 255.00 250.00 24 0 0 5.00 0.00 0.50
14.00 22 24 38 3 255.00 250.00 24 0 0 5.00 0.00 0.50
15.00 22 24 38 3 255.00 250.00 24 0 0 5.00 0.00 0.50
14.00 22 24 38 3 255.00 250.00 24 0 0 5.00 0.00 0.50
13.00 22 24 38 3 255.00 250.00 24 0 0 5.00 0.00 0.50
15.00 22 24 38 3 255.00 250.00 24 0 0 5.00 0.00 0.50
14.00 22 24 38 3 255.00 250.00 24 0 0 5.00 0.00 0.50
13.00 22 24 38 3 255.00 250.00 24 0 0 5.00 0.00 0.50
15.00 22 25 38 3 255.00 255.00 25 0 0 5.00 0.00 0.50
14.00 22 24 38 3 255.00 232.14 24 0 0 5.00 0.00 0.50
14.00 23 25 38 3 255.00 255.00 25 0 0 5.00 0.00 0.50
14.00 23 24 38 3 255.00 232.14 24 0 0 5.00 0.00 0.50
14.00 22 25 38 3 255.00 255.00 25 0 0 5.00 0.00 0.50
14.00 22 25 38 3 255.00 252.50 25 0 0 5.00 0.00 0.50
14.00 23 25 38 3 255.00 252.50 25 0 0 5.00 0.00 0.50
14.00 23 25 38 3 255.00 252.50 25 0 0 5.00 0.00 0.50
14.00 23 25 38 3 255.00 252.50 25 0 0 5.00 0.00 0.50
15.00 23 25 38 3 255.00 252.50 25 0 0 5.00 0.00 0.50
13.00 23 25 38 3 255.00 252.50 25 0 0 5.00 0.00 0.50
14.00 24 25 38 3 255.00 252.50 25 0 0 5.00 0.00 0.50
15.00 23 25 38 3 255.00 252.50 25 0 0 5.00 0.00 0.50
13.00 24 25 38 3 255.00 252.50 25 0 0 5.00 0.00 0.50
14.00 24 26 38 3 255.00 255.00 26 0 0 5.00 0.00 0.50
15.00 23 25 38 3 255.00 235.83 25 0 0 5.00 0.00 0.50
14.00 23 25 38 3 255.00 252.50 25 0 0 5.00 0.00 0.50
13.00 24 25 38 3 255.00 252.50 25 0 0 5.00 0.00 0.50
15.00 24 26 38 3 255.00 255.00 26 0 0 5.00 0.00 0.50
14.00 24 26 38 3 255.00 255.00 26 0 0 5.00 0.00 0.50
13.00 24 26 38 3 255.00 255.00 26 0 0 5.00 0.00 0.50
15.00 24 26 38 3 255.00 255.00 26 0 0 5.00 0.00 0.50
14.00 23 25 38 3 255.00 234.64 25 0 0 5.00 0.00 0.50
14.00 24 25 38 3 255.00 252.50 25 0 0 5.00 0.00 0.50
14.00 24 26 38 3 255.00 255.00 26 0 0 5.00 0.00 0.50
14.00 24 26 38 3 255.00 255.00 26 0 0 5.00 0.00 0.50
14.00 24 26 38 3 255.00 255.00 26 0 0 5.00 0.00 0.50
14.00 24 26 38 3 255.00 255.00 26 0 0 5.00 0.00 0.50
14.00 24 26 38 3 255.00 255.00 26 0 0 5.00 0.00 0.50
14.00 24 26 38 3 255.00 255.00 26 0 0 5.00 0.00 0.50
15.00 24 26 38 3 255.00 255.00 26 0 0 5.00 0.00 0.50
13.00 25 26 38 3 255.00 255.00 26 0 0 5.00 0.00 0.50
14.00 24 26 38 3 255.00 255.00 26 0 0 5.00 0.00 0.50
15.00 24 26 38 3 255.00 255.00 26 0 0 5.00 0.00 0.50
13.00 24 27 38 3 255.00 255.00 27 0 0 5.00 0.00 0.50
14.00 25 27 38 3 255.00 255.00 27 0 0 5.00 0.00 0.50
15.00 24 27 38 3 255.00 255.00 27 0 0 5.00 0.00 0.50
13.00 24 26 38 3 255.00 235.77 26 0 0 5.00 0.00 0.50
14.00 25 27 38 3 255.00 255.00 27 0 0 5.00 0.00 0.50
15.00 25 27 38 3 255.00 255.00 27 0 0 5.00 0.00 0.50
14.00 25 27 38 3 255.00 255.00 27 0 0 5.00 0.00 0.50
13.00 25 27 38 3 255.00 255.00 27 0 0 5.00 0.00 0.50
15.00 25 27 38 3 255.00 255.00 27 0 0 5.00 0.00 0.50
14.00 25 26 38 3 255.00 237.14 26 0 0 5.00 0.00 0.50
13.00 25 27 38 3 255.00 255.00 27 0 0 5.00 0.00 0.50
15.00 25 27 38 3 255.00 255.00 27 0 0 5.00 0.00 0.50
14.00 25 27 38 3 255.00 255.00 27 0 0 5.00 0.00 0.50
14.00 25 27 38 3 255.00 255.00 27 0 0 5.00 0.00 0.50
14.00 25 27 38 3 255.00 255.00 27 0 0 5.00 0.00 0.50
14.00 25 27 38 3 255.00 255.00 27 0 0 5.00 0.00 0.50
14.00 25 27 38 3 255.00 255.00 27 0 0 5.00 0.00 0.50
14.00 25 27 38 3 255.00 255.00 27 0 0 5.00 0.00 0.50
14.00 25 28 38 3 255.00 255.00 28 0 0 5.00 0.00 0.50
14.00 21 28 38 3 255.00 255.00 28 0 0 5.00 0.00 0.50
15.00 20 28 38 3 255.00 255.00 28 0 0 5.00 0.00 0.50
13.00 21 28 38 3 255.00 255.00 28 0 0 5.00 0.00 0.50
14.00 26 28 38 3 255.00 255.00 28 0 0 5.00 0.00 0.50
15.00 21 28 38 3 255.00 255.00 28 0 0 5.00 0.00 0.50
13.00 22 28 38 3 255.00 255.00 28 0 0 5.00 0.00 0.50
14.00 22 28 38 3 255.00 255.00 28 0 0 5.00 0.00 0.50
15.00 23 28 38 3 255.00 255.00 28 0 0 5.00 0.00 0.50
14.00 25 28 38 3 255.00 255.00 28 0 0 5.00 0.00 0.50
13.00 26 28 38 3 255.00 255.00 28 0 0 5.00 0.00 0.50
15.00 26 28 38 3 255.00 255.00 28 0 0 5.00 0.00 0.50
14.00 27 28 38 3 255.00 255.00 28 0 0 5.00 0.00 0.50
13.00 26 28 38 3 255.00 255.00 28 0 0 5.00 0.00 0.50
14.00 26 28 38 3 255.00 255.00 28 0 0 5.00 0.00 0.50
15.00 26 28 38 3 255.00 255.00 28 0 0 5.00 0.00 0.50
14.00 26 28 38 3 255.00 255.00 28 0 0 5.00 0.00 0.50
13.00 27 28 38 3 255.00 255.00 28 0 0 5.00 0.00 0.50
15.00 26 28 38 3 255.00 255.00 28 0 0 5.00 0.00 0.50
14.00 27 28 38 3 255.00 255.00 28 0 0 5.00 0.00 0.50
13.00 26 28 38 3 255.00 255.00 28 0 0 5.00 0.00 0.50
15.00 27 28 38 3 255.00 255.00 28 0 0 5.00 0.00 0.50
14.00 27 28 38 3 255.00 255.00 28 0 0 5.00 0.00 0.50
13.00 27 28 38 3 255.00 255.00 28 0 0 5.00 0.00 0.50
15.00 27 28 38 3 255.00 255.00 28 0 0 5.00 0.00 0.50
14.00 27 28 38 3 255.00 255.00 28 0 0 5.00 0.00 0.50
14.00 27 28 38 3 255.00 255.00 28 0 0 5.00 0.00 0.50
14.00 27 28 38 3 255.00 255.00 28 0 0 5.00 0.00 0.50
14.00 27 29 38 3 255.00 255.00 29 0 0 5.00 0.00 0.50
14.00 27 28 38 3 255.00 242.14 28 0 0 5.00 0.00 0.50
14.00 28 28 38 3 255.00 255.00 28 0 0 5.00 0.00 0.50
14.00 27 29 38 3 255.00 255.00 29 0 0 5.00 0.00 0.50
14.00 27 29 38 3 255.00 255.00 29 0 0 5.00 0.00 0.50
15.00 27 29 38 3 255.00 255.00 29 0 0 5.00 0.00 0.50
13.00 27 29 38 3 255.00 255.00 29 0 0 5.00 0.00 0.50
14.00 27 29 38 3 255.00 255.00 29 0 0 5.00 0.00 0.50
15.00 27 29 38 3 255.00 255.00 29 0 0 5.00 0.00 0.50
13.00 27 29 38 3 255.00 255.00 29 0 0 5.00 0.00 0.50
14.00 27 29 38 3 255.00 255.00 29 0 0 5.00 0.00 0.50
15.00 27 29 38 3 255.00 255.00 29 0 0 5.00 0.00 0.50
14.00 28 29 38 3 255.00 255.00 29 0 0 5.00 0.00 0.50
13.00 28 28 38 3 255.00 240.77 28 0 0 5.00 0.00 0.50
15.00 28 28 38 3 255.00 255.00 28 0 0 5.00 0.00 0.50
14.00 28 28 38 3 255.00 255.00 28 0 0 5.00 0.00 0.50
13.00 28 28 38 3 255.00 255.00 28 0 0 5.00 0.00 0.50
15.00 27 29 38 3 255.00 255.00 29 0 0 5.00 0.00 0.50
14.00 28 28 38 3 255.00 242.14 28 0 0 5.00 0.00 0.50
14.00 28 28 38 3 255.00 255.00 28 0 0 5.00 0.00 0.50
14.00 28 29 38 3 255.00 255.00 29 0 0 5.00 0.00 0.50
14.00 28 28 38 3 255.00 242.14 28 0 0 5.00 0.00 0.50
14.00 27 29 38 3 255.00 255.00 29 0 0 5.00 0.00 0.50
14.00 28 29 38 3 255.00 255.00 29 0 0 5.00 0.00 0.50
14.00 27 29 38 3 255.00 255.00 29 0 0 5.00 0.00 0.50
14.00 28 29 38 3 255.00 255.00 29 0 0 5.00 0.00 0.50
15.00 28 29 38 3 255.00 255.00 29 0 0 5.00 0.00 0.50
13.00 27 29 38 3 255.00 255.00 29 0 0 5.00 0.00 0.50
14.00 28 29 38 3 255.00 255.00 29 0 0 5.00 0.00 0.50
15.00 27 29 38 3 255.00 255.00 29 0 0 5.00 0.00 0.50
13.00 27 29 38 3 255.00 255.00 29 0 0 5.00 0.00 0.50
14.00 28 29 38 3 255.00 255.00 29 0 0 5.00 0.00 0.50
15.00 28 29 38 3 255.00 255.00 29 0 0 5.00 0.00 0.50
14.00 27 29 38 3 255.00 255.00 29 0 0 5.00 0.00 0.50
13.00 27 29 38 3 255.00 255.00 29 0 0 5.00 0.00 0.50
15.00 28 29 38 3 255.00 255.00 29 0 0 5.00 0.00 0.50
14.00 28 29 38 3 255.00 255.00 29 0 0 5.00 0.00 0.50
13.00 27 29 38 3 255.00 255.00 29 0 0 5.00 0.00 0.50
15.00 27 29 38 3 255.00 255.00 29 0 0 5.00 0.00 0.50
14.00 27 29 38 3 255.00 255.00 29 0 0 5.00 0.00 0.50
13.00 28 29 38 3 255.00 255.00 29 0 0 5.00 0.00 0.50
15.00 28 29 38 3 255.00 255.00 29 0 0 5.00 0.00 0.50
14.00 27 29 38 3 255.00 255.00 29 0 0 5.00 0.00 0.50
14.00 27 29 38 3 255.00 255.00 29 0 0 5.00 0.00 0.50
14.00 27 29 38 3 255.00 255.00 29 0 0 5.00 0.00 0.50
14.00 28 29 38 3 255.00 255.00 29 0 0 5.00 0.00 0.50
14.00 27 29 38 3 255.00 255.00 29 0 0 5.00 0.00 0.50
14.00 28 29 38 3 255.00 255.00 29 0 0 5.00 0.00 0.50
14.00 28 29 38 3 255.00 255.00 29 0 0 5.00 0.00 0.50
14.00 28 29 38 3 255.00 255.00 29 0 0 5.00 0.00 0.50
15.00 28 29 38 3 255.00 255.00 29 0 0 5.00 0.00 0.50
13.00 27 29 38 3 255.00 255.00 29 0 0 5.00 0.00 0.50
14.00 27 29 38 3 255.00 255.00 29 0 0 5.00 0.00 0.50
15.00 27 29 38 3 255.00 255.00 29 0 0 5.00 0.00 0.50
13.00 28 29 38 3 255.00 255.00 29 0 0 5.00 0.00 0.50
14.00 27 29 38 3 255.00 255.00 29 0 0 5.00 0.00 0.50
15.00 28 29 38 3 255.00 255.00 29 0 0 5.00 0.00 0.50
14.00 27 29 38 3 255.00 255.00 29 0 0 5.00 0.00 0.50
13.00 27 29 38 3 255.00 255.00 29 0 0 5.00 0.00 0.50
15.00 27 29 38 3 255.00 255.00 29 0 0 5.00 0.00 0.50
14.00 27 29 38 3 255.00 255.00 29 0 0 5.00 0.00 0.50
13.00 27 29 38 3 255.00 255.00 29 0 0 5.00 0.00 0.50
14.00 28 29 38 3 255.00 255.00 29 0 0 5.00 0.00 0.50
15.00 28 29 38 3 255.00 255.00 29 0 0 5.00 0.00 0.50
14.00 27 29 38 3 255.00 255.00 29 0 0 5.00 0.00 0.50
13.00 27 29 38 3 255.00 255.00 29 0 0 5.00 0.00 0.50
15.00 28 29 38 3 255.00 255.00 29 0 0 5.00 0.00 0.50
14.00 27 29 38 3 255.00 255.00 29 0 0 5.00 0.00 0.50
13.00 27 29 38 3 255.00 255.00 29 0 0 5.00 0.00 0.50
15.00 27 29 38 3 255.00 255.00 29 0 0 5.00 0.00 0.50
14.00 26 29 38 3 255.00 255.00 29 0 0 5.00 0.00 0.50
14.00 27 29 38 3 255.00 255.00 29 0 0 5.00 0.00 0.50
14.00 27 29 38 3 255.00 255.00 29 0 0 5.00 0.00 0.50
14.00 27 29 38 3 255.00 255.00 29 0 0 5.00 0.00 0.50
14.00 27 28 38 3 255.00 242.14 28 0 0 5.00 0.00 0.50
14.00 28 29 38 3 255.00 255.00 29 0 0 5.00 0.00 0.50
14.00 28 29 38 3 255.00 255.00 29 0 0 5.00 0.00 0.50
14.00 28 28 38 3 255.00 242.14 28 0 0 5.00 0.00 0.50
15.00 27 28 38 3 255.00 255.00 28 0 0 5.00 0.00 0.50
13.00 27 29 38 3 255.00 255.00 29 0 0 5.00 0.00 0.50
14.00 28 28 38 3 255.00 242.14 28 0 0 5.00 0.00 0.50
15.00 28 28 38 3 255.00 255.00 28 0 0 5.00 0.00 0.50
13.00 28 28 38 3 255.00 255.00 28 0 0 5.00 0.00 0.50
14.00 27 28 38 3 255.00 255.00 28 0 0 5.00 0.00 0.50
15.00 27 29 38 3 255.00 255.00 29 0 0 5.00 0.00 0.50
13.00 27 28 38 3 255.00 240.77 28 0 0 5.00 0.00 0.50
14.00 28 28 38 3 255.00 255.00 28 0 0 5.00 0.00 0.50
15.00 28 29 38 3 255.00 255.00 29 0 0 5.00 0.00 0.50
14.00 27 28 38 3 255.00 242.14 28 0 0 5.00 0.00 0.50
13.00 27 28 38 3 255.00 255.00 28 0 0 5.00 0.00 0.50
15.00 27 29 38 3 255.00 255.00 29 0 0 5.00 0.00 0.50
14.00 28 28 38 3 255.00 242.14 28 0 0 5.00 0.00 0.50
13.00 28 28 38 3 255.00 255.00 28 0 0 5.00 0.00 0.50
15.00 28 28 38 3 255.00 255.00 28 0 0 5.00 0.00 0.50
14.00 28 28 38 3 255.00 255.00 28 0 0 5.00 0.00 0.50
14.00 27 28 38 3 255.00 255.00 28 0 0 5.00 0.00 0.50
14.00 28 28 38 3 255.00 255.00 28 0 0 5.00 0.00 0.50
14.00 28 29 38 3 255.00 255.00 29 0 0 5.00 0.00 0.50
14.00 28 28 38 3 255.00 242.14 28 0 0 5.00 0.00 0.50
14.00 28 28 38 3 255.00 255.00 28 0 0 5.00 0.00 0.50
14.00 28 29 38 3 255.00 255.00 29 0 0 5.00 0.00 0.50
14.00 28 28 38 3 255.00 242.14 28 0 0 5.00 0.00 0.50
15.00 28 28 38 3 255.00 255.00 28 0 0 5.00 0.00 0.50
13.00 27 28 38 3 255.00 255.00 28 0 0 5.00 0.00 0.50
14.00 27 28 38 3 255.00 255.00 28 0 0 5.00 0.00 0.50
15.00 27 28 38 3 255.00 255.00 28 0 0 5.00 0.00 0.50
13.00 27 28 38 3 255.00 255.00 28 0 0 5.00 0.00 0.50
14.00 28 28 38 3 255.00 255.00 28 0 0 5.00 0.00 0.50
15.00 27 28 38 3 255.00 255.00 28 0 0 5.00 0.00 0.50
14.00 27 28 38 3 255.00 255.00 28 0 0 5.00 0.00 0.50
13.00 27 28 38 3 255.00 255.00 28 0 0 5.00 0.00 0.50
15.00 27 28 38 3 255.00 255.00 28 0 0 5.00 0.00 0.50
14.00 27 28 38 3 255.00 255.00 28 0 0 5.00 0.00 0.50
13.00 27 28 38 3 255.00 255.00 28 0 0 5.00 0.00 0.50
15.00 27 28 38 3 255.00 255.00 28 0 0 5.00 0.00 0.50
14.00 27 28 38 3 255.00 255.00 28 0 0 5.00 0.00 0.50
14.00 27 27 38 3 255.00 239.64 27 0 0 5.00 0.00 0.50
14.00 27 28 38 3 255.00 255.00 28 0 0 5.00 0.00 0.50
14.00 28 27 38 3 255.00 239.64 27 0 0 5.00 0.00 0.50
14.00 27 28 38 3 255.00 255.00 28 0 0 5.00 0.00 0.50
14.00 28 27 38 3 255.00 239.64 27 0 0 5.00 0.00 0.50
14.00 27 28 38 3 255.00 255.00 28 0 0 5.00 0.00 0.50
14.00 27 28 38 3 255.00 255.00 28 0 0 5.00 0.00 0.50
14.00 27 27 38 3 255.00 239.64 27 0 0 5.00 0.00 0.50
14.00 27 28 38 3 255.00 255.00 28 0 0 5.00 0.00 0.50
14.00 28 27 38 3 255.00 239.64 27 0 0 5.00 0.00 0.50
15.00 27 27 38 3 255.00 255.00 27 0 0 5.00 0.00 0.50
13.00 27 28 38 3 255.00 255.00 28 0 0 5.00 0.00 0.50
14.00 27 28 38 3 255.00 255.00 28 0 0 5.00 0.00 0.50
15.00 27 29 38 3 255.00 255.00 29 0 0 5.00 0.00 0.50
13.00 27 28 38 3 255.00 240.77 28 0 0 5.00 0.00 0.50
14.00 27 28 38 3 255.00 255.00 28 0 0 5.00 0.00 0.50
15.00 27 27 38 3 255.00 240.83 27 0 0 5.00 0.00 0.50
14.00 26 27 38 3 255.00 255.00 27 0 0 5.00 0.00 0.50
13.00 27 27 38 3 255.00 255.00 27 0 0 5.00 0.00 0.50
15.00 26 28 38 3 255.00 255.00 28 0 0 5.00 0.00 0.50
14.00 26 28 38 3 255.00 255.00 28 0 0 5.00 0.00 0.50
13.00 26 27 38 3 255.00 238.27 27 0 0 5.00 0.00 0.50
15.00 26 28 38 3 255.00 255.00 28 0 0 5.00 0.00 0.50
14.00 27 27 38 3 255.00 239.64 27 0 0 5.00 0.00 0.50
14.00 27 27 38 3 255.00 255.00 27 0 0 5.00 0.00 0.50
13.00 27 28 38 3 255.00 255.00 28 0 0 5.00 0.00 0.50
15.00 27 28 38 3 255.00 255.00 28 0 0 5.00 0.00 0.50
14.00 27 27 38 3 255.00 239.64 27 0 0 5.00 0.00 0.50
13.00 28 27 38 3 255.00 255.00 27 0 0 5.00 0.00 0.50
15.00 28 27 38 3 255.00 255.00 27 0 0 5.00 0.00 0.50
14.00 27 27 38 3 255.00 255.00 27 0 0 5.00 0.00 0.50
14.00 27 27 38 3 255.00 255.00 27 0 0 5.00 0.00 0.50
14.00 27 27 38 3 255.00 255.00 27 0 0 5.00 0.00 0.50
14.00 27 27 38 3 255.00 255.00 27 0 0 5.00 0.00 0.50
14.00 27 27 38 3 255.00 255.00 27 0 0 5.00 0.00 0.50
14.00 27 27 38 3 255.00 255.00 27 0 0 5.00 0.00 0.50
14.00 27 27 38 3 255.00 255.00 27 0 0 5.00 0.00 0.50
14.00 26 27 38 3 255.00 255.00 27 0 0 5.00 0.00 0.50
15.00 26 27 38 3 255.00 255.00 27 0 0 5.00 0.00 0.50
13.00 27 27 38 3 255.00 255.00 27 0 0 5.00 0.00 0.50
14.00 27 27 38 3 255.00 255.00 27 0 0 5.00 0.00 0.50
15.00 26 27 38 3 255.00 255.00 27 0 0 5.00 0.00 0.50
13.00 26 27 38 3 255.00 255.00 27 0 0 5.00 0.00 0.50
14.00 26 27 38 3 255.00 255.00 27 0 0 5.00 0.00 0.50
15.00 26 27 38 3 255.00 255.00 27 0 0 5.00 0.00 0.50
14.00 26 27 38 3 255.00 255.00 27 0 0 5.00 0.00 0.50
13.00 26 27 38 3 255.00 255.00 27 0 0 5.00 0.00 0.50
15.00 26 27 38 3 255.00 255.00 27 0 0 5.00 0.00 0.50
14.00 26 27 38 3 255.00 255.00 27 0 0 5.00 0.00 0.50
13.00 26 26 38 3 255.00 235.77 26 0 0 5.00 0.00 0.50
15.00 26 27 38 3 255.00 255.00 27 0 0 5.00 0.00 0.50
14.00 26 27 38 3 255.00 255.00 27 0 0 5.00 0.00 0.50
13.00 26 27 38 3 255.00 255.00 27 0 0 5.00 0.00 0.50
15.00 26 27 38 3 255.00 255.00 27 0 0 5.00 0.00 0.50
14.00 26 26 38 3 255.00 237.14 26 0 0 5.00 0.00 0.50
14.00 26 27 38 3 255.00 255.00 27 0 0 5.00 0.00 0.50
14.00 26 27 38 3 255.00 255.00 27 0 0 5.00 0.00 0.50
14.00 26 27 38 3 255.00 255.00 27 0 0 5.00 0.00 0.50
14.00 26 27 38 3 255.00 255.00 27 0 0 5.00 0.00 0.50
14.00 26 27 38 3 255.00 255.00 27 0 0 5.00 0.00 0.50
14.00 27 27 38 3 255.00 255.00 27 0 0 5.00 0.00 0.50
14.00 26 27 38 3 255.00 255.00 27 0 0 5.00 0.00 0.50
15.00 26 27 38 3 255.00 255.00 27 0 0 5.00 0.00 0.50
13.00 26 28 38 3 255.00 255.00 28 0 0 5.00 0.00 0.50
14.00 26 27 38 3 255.00 239.64 27 0 0 5.00 0.00 0.50
15.00 26 27 38 3 255.00 255.00 27 0 0 5.00 0.00 0.50
13.00 26 27 38 3 255.00 255.00 27 0 0 5.00 0.00 0.50
14.00 26 28 38 3 255.00 255.00 28 0 0 5.00 0.00 0.50
15.00 26 27 38 3 255.00 240.83 27 0 0 5.00 0.00 0.50
14.00 26 27 38 3 255.00 255.00 27 0 0 5.00 0.00 0.50
13.00 27 28 38 3 255.00 255.00 28 0 0 5.00 0.00 0.50
15.00 27 28 38 3 255.00 255.00 28 0 0 5.00 0.00 0.50
14.00 27 28 38 3 255.00 255.00 28 0 0 5.00 0.00 0.50
13.00 26 28 38 3 255.00 255.00 28 0 0 5.00 0.00 0.50
15.00 27 29 38 3 255.00 255.00 29 0 0 5.00 0.00 0.50
14.00 28 28 38 3 255.00 242.14 28 0 0 5.00 0.00 0.50
14.00 28 28 38 3 255.00 255.00 28 0 0 5.00 0.00 0.50
14.00 28 29 38 3 255.00 255.00 29 0 0 5.00 0.00 0.50
14.00 29 29 38 3 255.00 255.00 29 0 0 5.00 0.00 0.50
14.00 28 29 38 3 255.00 255.00 29 0 0 5.00 0.00 0.50
14.00 27 29 38 3 255.00 255.00 29 0 0 5.00 0.00 0.50
14.00 28 30 38 3 255.00 255.00 30 0 0 5.00 0.00 0.50
14.00 28 30 38 0 0.00 0.00 30 0 0 5.00 0.00 0.50
14.00 28 30 38 0 0.00 0.00 30 0 0 5.00 0.00 0.50
12.00 29 29 38 0 0.00 0.00 30 0 0 5.00 0.00 0.50
13.00 29 29 38 0 0.00 0.00 30 0 0 5.00 0.00 0.50
13.00 29 29 38 0 0.00 0.00 30 0 0 5.00 0.00 0.50
13.00 29 29 38 0 0.00 0.00 30 0 0 5.00 0.00 0.50
13.00 30 29 38 0 0.00 0.00 30 0 0 5.00 0.00 0.50
13.00 30 29 38 0 0.00 0.00 30 0 0 5.00 0.00 0.50
13.00 29 29 38 0 0.00 0.00 30 0 0 5.00 0.00 0.50
13.00 29 29 38 0 0.00 0.00 30 0 0 5.00 0.00 0.50
13.00 28 29 38 0 0.00 0.00 30 0 0 5.00 0.00 0.50
13.00 28 28 38 0 0.00 0.00 30 0 0 5.00 0.00 0.50
13.00 29 28 38 0 0.00 0.00 30 0 0 5.00 0.00 0.50
13.00 28 27 38 0 0.00 0.00 30 0 0 5.00 0.00 0.50
14.00 29 27 38 0 0.00 0.00 30 0 0 5.00 0.00 0.50
12.00 28 27 38 0 0.00 0.00 30 0 0 5.00 0.00 0.50
13.00 29 27 38 0 0.00 0.00 30 0 0 5.00 0.00 0.50
13.00 28 26 38 0 0.00 0.00 30 0 0 5.00 0.00 0.50
13.00 28 26 38 0 0.00 0.00 30 0 0 5.00 0.00 0.50
13.00 28 26 38 0 0.00 0.00 30 0 0 5.00 0.00 0.50
13.00 28 26 38 0 0.00 0.00 30 0 0 5.00 0.00 0.50
13.00 28 26 38 0 0.00 0.00 30 0 0 5.00 0.00 0.50
13.00 28 26 38 0 0.00 0.00 30 0 0 5.00 0.00 0.50
13.00 28 25 38 0 0.00 0.00 30 0 0 5.00 0.00 0.50
14.00 27 25 38 0 0.00 0.00 30 0 0 5.00 0.00 0.50
12.00 28 25 38 0 0.00 0.00 30 0 0 5.00 0.00 0.50
13.00 28 25 38 0 0.00 0.00 30 0 0 5.00 0.00 0.50
13.00 28 25 38 0 0.00 0.00 30 0 0 5.00 0.00 0.50
13.00 28 25 38 0 0.00 0.00 30 0 0 5.00 0.00 0.50
13.00 27 25 38 0 0.00 0.00 30 0 0 5.00 0.00 0.50
13.00 28 25 38 0 0.00 0.00 30 0 0 5.00 0.00 0.50
13.00 29 25 38 0 0.00 0.00 30 0 0 5.00 0.00 0.50
13.00 28 25 38 0 0.00 0.00 30 0 0 5.00 0.00 0.50
13.00 28 25 38 0 0.00 0.00 30 0 0 5.00 0.00 0.50
13.00 28 25 38 0 0.00 0.00 30 0 0 5.00 0.00 0.50
13.00 29 25 38 0 0.00 0.00 30 0 0 5.00 0.00 0.50
13.00 29 25 38 0 0.00 0.00 30 0 0 5.00 0.00 0.50
14.00 29 25 38 0 0.00 0.00 30 0 0 5.00 0.00 0.50
12.00 30 25 38 0 0.00 0.00 30 0 0 5.00 0.00 0.50
13.00 29 25 38 0 0.00 0.00 30 0 0 5.00 0.00 0.50
13.00 30 25 38 0 0.00 0.00 30 0 0 5.00 0.00 0.50
13.00 30 25 38 0 0.00 0.00 30 0 0 5.00 0.00 0.50
13.00 30 25 38 0 0.00 0.00 30 0 0 5.00 0.00 0.50
13.00 30 25 38 0 0.00 0.00 30 0 0 5.00 0.00 0.50
13.00 31 25 38 0 0.00 0.00 30 0 0 5.00 0.00 0.50
13.00 31 25 38 0 0.00 0.00 30 0 0 5.00 0.00 0.50
13.00 31 25 38 0 0.00 0.00 30 0 0 5.00 0.00 0.50
13.00 31 25 38 0 0.00 0.00 30 0 0 5.00 0.00 0.50
13.00 32 25 38 0 0.00 0.00 30 0 0 5.00 0.00 0.50
13.00 32 25 38 0 0.00 0.00 30 0 0 5.00 0.00 0.50
13.00 32 26 38 0 0.00 0.00 30 0 0 5.00 0.00 0.50
13.00 34 26 38 0 0.00 0.00 30 0 0 5.00 0.00 0.50
13.00 33 26 38 0 0.00 0.00 30 0 0 5.00 0.00 0.50
13.00 3324 26 38 0 0.00 0.00 30 0 0 5.00 0.00 0.50
201.00 438 3228 38 0 0.00 0.00 30 0 0 5.00 0.00 0.50
220.00 414 6 38 0 0.00 0.00 30 0 0 5.00 0.00 0.50
29.00 216 3199 38 0 0.00 0.00 30 0 0 5.00 0.00 0.50
206.00 373 6 38 0 0.00 0.00 30 0 0 5.00 0.00 0.50
26.00 3293 3225 38 0 0.00 0.00 30 0 0 5.00 0.00 0.50
387.00 323 6 38 0 0.00 0.00 30 0 0 5.00 0.00 0.50
24.00 336 329 38 0 0.00 0.00 30 0 0 5.00 0.00 0.50
44.00 3340 323 38 0 0.00 0.00 30 0 0 5.00 0.00 0.50
219.00 295 289 38 0 0.00 0.00 30 0 0 5.00 0.00 0.50
39.00 289 285 38 0 0.00 0.00 30 0 0 5.00 0.00 0.50
38.00 286 278 38 0 0.00 0.00 30 0 0 5.00 0.00 0.50
38.00 281 271 38 0 0.00 0.00 30 0 0 5.00 0.00 0.50
37.00 275 266 38 0 0.00 0.00 30 0 0 5.00 0.00 0.50
36.00 270 261 38 0 0.00 0.00 30 0 0 5.00 0.00 0.50
35.00 264 256 38 0 0.00 0.00 30 0 0 5.00 0.00 0.50
35.00 260 252 38 0 0.00 0.00 30 0 0 5.00 0.00 0.50
35.00 256 245 38 0 0.00 0.00 30 0 0 5.00 0.00 0.50
34.00 225 3210 38 0 0.00 0.00 30 0 0 5.00 0.00 0.50
206.00 200 6 38 0 0.00 0.00 30 0 0 5.00 0.00 0.50
16.00 219 210 38 0 0.00 0.00 30 0 0 5.00 0.00 0.50
30.00 217 208 38 0 0.00 0.00 30 0 0 5.00 0.00 0.50
29.00 214 205 38 0 0.00 0.00 30 0 0 5.00 0.00 0.50
29.00 209 199 38 0 0.00 0.00 30 0 0 5.00 0.00 0.50
29.00 205 195 38 0 0.00 0.00 30 0 0 5.00 0.00 0.50
27.00 204 193 38 0 0.00 0.00 30 0 0 5.00 0.00 0.50
28.00 198 189 38 0 0.00 0.00 30 0 0 5.00 0.00 0.50
28.00 197 186 38 0 0.00 0.00 30 0 0 5.00 0.00 0.50
26.00 195 184 38 0 0.00 0.00 30 0 0 5.00 0.00 0.50
27.00 190 180 38 0 0.00 0.00 30 0 0 5.00 0.00 0.50
27.00 189 176 38 0 0.00 0.00 30 0 0 5.00 0.00 0.50
25.00 185 174 38 0 0.00 0.00 30 0 0 5.00 0.00 0.50
26.00 183 171 38 0 0.00 0.00 30 0 0 5.00 0.00 0.50
24.00 122 169 38 0 0.00 0.00 30 0 0 5.00 0.00 0.50
22.00 118 166 38 0 0.00 0.00 30 0 0 5.00 0.00 0.50
21.00 3307 3194 38 0 0.00 0.00 30 0 0 5.00 0.00 0.50
386.00 3322 6 38 0 0.00 0.00 30 0 0 5.00 0.00 0.50