15.00 75 3188 30 0 0.00 0.00 0 0 0 5.00 0.00 0.50
195.00 62 6 30 0 0.00 0.00 0 0 0 5.00 0.00 0.50
8.00 73 100 30 0 0.00 0.00 0 0 0 5.00 0.00 0.50
15.00 72 102 30 0 0.00 0.00 0 0 0 5.00 0.00 0.50
14.00 72 100 30 0 0.00 0.00 0 0 0 5.00 0.00 0.50
15.00 73 100 30 0 0.00 0.00 0 0 0 5.00 0.00 0.50
15.00 73 100 30 0 0.00 0.00 0 0 0 5.00 0.00 0.50
14.00 68 100 30 0 0.00 0.00 0 0 0 5.00 0.00 0.50
14.00 75 100 30 0 0.00 0.00 0 0 0 5.00 0.00 0.50
15.00 74 100 30 0 0.00 0.00 0 0 0 5.00 0.00 0.50
14.00 75 101 30 0 0.00 0.00 0 0 0 5.00 0.00 0.50
15.00 68 101 30 0 0.00 0.00 0 0 0 5.00 0.00 0.50
14.00 65 100 30 0 0.00 0.00 0 0 0 5.00 0.00 0.50
14.00 75 99 30 0 0.00 0.00 0 0 0 5.00 0.00 0.50
15.00 75 102 30 0 0.00 0.00 0 0 0 5.00 0.00 0.50
14.00 66 101 30 0 0.00 0.00 0 0 0 5.00 0.00 0.50
14.00 68 102 30 0 0.00 0.00 0 0 0 5.00 0.00 0.50
15.00 67 101 30 0 0.00 0.00 0 0 0 5.00 0.00 0.50
14.00 67 96 30 0 0.00 0.00 0 0 0 5.00 0.00 0.50
13.00 73 100 30 0 0.00 0.00 0 0 0 5.00 0.00 0.50
15.00 73 101 30 0 0.00 0.00 0 0 0 5.00 0.00 0.50
14.00 73 102 30 0 0.00 0.00 0 0 0 5.00 0.00 0.50
14.00 73 102 30 0 0.00 0.00 0 0 0 5.00 0.00 0.50
16.00 75 102 30 0 0.00 0.00 0 0 0 5.00 0.00 0.50
14.00 68 104 30 0 0.00 0.00 0 0 0 5.00 0.00 0.50
14.00 73 103 30 0 0.00 0.00 0 0 0 5.00 0.00 0.50
15.00 73 102 30 0 0.00 0.00 0 0 0 5.00 0.00 0.50
15.00 74 106 30 0 0.00 0.00 0 0 0 5.00 0.00 0.50
14.00 75 101 30 0 0.00 0.00 0 0 0 5.00 0.00 0.50
15.00 73 103 30 0 0.00 0.00 0 0 0 5.00 0.00 0.50
15.00 73 101 30 0 0.00 0.00 0 0 0 5.00 0.00 0.50
14.00 75 3214 30 0 0.00 0.00 0 0 0 5.00 0.00 0.50
198.00 71 6 30 0 0.00 0.00 0 0 0 5.00 0.00 0.50
8.00 68 83 30 0 0.00 0.00 0 0 0 5.00 0.00 0.50
13.00 74 80 30 0 0.00 0.00 0 0 0 5.00 0.00 0.50
14.00 72 98 30 0 0.00 0.00 0 0 0 5.00 0.00 0.50
14.00 74 81 30 0 0.00 0.00 0 0 0 5.00 0.00 0.50
13.00 73 83 30 0 0.00 0.00 0 0 0 5.00 0.00 0.50
14.00 67 86 30 0 0.00 0.00 0 0 0 5.00 0.00 0.50
13.00 78 83 30 0 0.00 0.00 0 0 0 5.00 0.00 0.50
13.00 71 82 30 0 0.00 0.00 0 0 0 5.00 0.00 0.50
14.00 73 82 30 0 0.00 0.00 0 0 0 5.00 0.00 0.50
13.00 68 83 30 0 0.00 0.00 0 0 0 5.00 0.00 0.50
13.00 81 81 30 0 0.00 0.00 0 0 0 5.00 0.00 0.50
14.00 74 81 30 0 0.00 0.00 0 0 0 5.00 0.00 0.50
13.00 69 80 30 0 0.00 0.00 0 0 0 5.00 0.00 0.50
13.00 67 81 30 0 0.00 0.00 0 0 0 5.00 0.00 0.50
13.00 78 84 30 0 0.00 0.00 0 0 0 5.00 0.00 0.50
14.00 74 81 30 0 0.00 0.00 0 0 0 5.00 0.00 0.50
13.00 65 81 30 0 0.00 0.00 0 0 0 5.00 0.00 0.50
13.00 77 3224 30 0 0.00 0.00 0 0 0 5.00 0.00 0.50
198.00 72 6 30 0 0.00 0.00 0 0 0 5.00 0.00 0.50
9.00 97 97 30 0 0.00 0.00 0 0 0 5.00 0.00 0.50
16.00 68 3228 30 0 0.00 0.00 0 0 0 5.00 0.00 0.50
197.00 65 68 30 0 0.00 0.00 0 0 0 5.00 0.00 0.50
13.00 67 3198 30 0 0.00 0.00 0 0 0 5.00 0.00 0.50
196.00 66 6 30 0 0.00 0.00 0 0 0 5.00 0.00 0.50
8.00 77 3199 30 0 0.00 0.00 0 0 0 5.00 0.00 0.50
197.00 74 6 30 0 0.00 0.00 0 0 0 5.00 0.00 0.50
9.00 100 100 30 0 0.00 0.00 0 0 0 5.00 0.00 0.50
17.00 76 99 30 0 0.00 0.00 0 0 0 5.00 0.00 0.50
14.00 106 3200 30 0 0.00 0.00 0 0 0 5.00 0.00 0.50
199.00 107 6 30 0 0.00 0.00 0 0 0 5.00 0.00 0.50
10.00 77 3200 30 0 0.00 0.00 0 0 0 5.00 0.00 0.50
197.00 73 6 30 0 0.00 0.00 0 0 0 5.00 0.00 0.50
9.00 76 3182 30 0 0.00 0.00 0 0 0 5.00 0.00 0.50
195.00 72 6 30 0 0.00 0.00 0 0 0 5.00 0.00 0.50
9.00 77 3217 30 0 0.00 0.00 0 0 0 5.00 0.00 0.50
198.00 72 6 30 0 0.00 0.00 0 0 0 5.00 0.00 0.50
9.00 78 3198 30 0 0.00 0.00 0 0 0 5.00 0.00 0.50
197.00 74 6 30 0 0.00 0.00 0 0 0 5.00 0.00 0.50
9.00 78 3191 30 0 0.00 0.00 0 0 0 5.00 0.00 0.50
197.00 74 6 30 0 0.00 0.00 0 0 0 5.00 0.00 0.50
8.00 113 3151 30 0 0.00 0.00 0 0 0 5.00 0.00 0.50
196.00 91 6 30 0 0.00 0.00 0 0 0 5.00 0.00 0.50
10.00 104 104 30 0 0.00 0.00 0 0 0 5.00 0.00 0.50
17.00 101 3232 30 0 0.00 0.00 0 0 0 5.00 0.00 0.50
200.00 90 6 30 0 0.00 0.00 0 0 0 5.00 0.00 0.50
10.00 98 101 30 0 0.00 0.00 0 0 0 5.00 0.00 0.50
15.00 3335 101 30 0 0.00 0.00 0 0 0 5.00 0.00 0.50
207.00 70 100 30 0 0.00 0.00 0 0 0 5.00 0.00 0.50
15.00 77 101 30 0 0.00 0.00 0 0 0 5.00 0.00 0.50
14.00 76 100 30 0 0.00 0.00 0 0 0 5.00 0.00 0.50
15.00 97 100 30 0 0.00 0.00 0 0 0 5.00 0.00 0.50
16.00 98 99 30 0 0.00 0.00 0 0 0 5.00 0.00 0.50
15.00 99 101 30 0 0.00 0.00 0 0 0 5.00 0.00 0.50
16.00 99 100 30 0 0.00 0.00 0 0 0 5.00 0.00 0.50
17.00 101 101 30 0 0.00 0.00 0 0 0 5.00 0.00 0.50
16.00 97 100 30 0 0.00 0.00 0 0 0 5.00 0.00 0.50
16.00 102 100 30 0 0.00 0.00 0 0 0 5.00 0.00 0.50
16.00 102 100 30 0 0.00 0.00 0 0 0 5.00 0.00 0.50
16.00 75 100 30 0 0.00 0.00 0 0 0 5.00 0.00 0.50
15.00 3336 101 30 0 0.00 0.00 0 0 0 5.00 0.00 0.50
205.00 32 100 30 0 0.00 0.00 0 0 0 5.00 0.00 0.50
13.00 34 101 30 0 0.00 0.00 0 0 0 5.00 0.00 0.50
12.00 30 100 30 0 0.00 0.00 0 0 0 5.00 0.00 0.50
12.00 114 99 30 0 0.00 0.00 0 0 0 5.00 0.00 0.50
17.00 32 100 30 0 0.00 0.00 0 0 0 5.00 0.00 0.50
12.00 29 100 30 0 0.00 0.00 0 0 0 5.00 0.00 0.50
12.00 25 99 30 0 0.00 0.00 0 0 0 5.00 0.00 0.50
12.00 26 99 30 0 0.00 0.00 0 0 0 5.00 0.00 0.50
11.00 22 100 30 0 0.00 0.00 0 0 0 5.00 0.00 0.50
11.00 19 100 30 0 0.00 0.00 0 0 0 5.00 0.00 0.50
13.00 3284 102 30 0 0.00 0.00 0 0 0 5.00 0.00 0.50
203.00 7 8 30 0 0.00 0.00 0 0 0 5.00 0.00 0.50
7.00 7 100 30 0 0.00 0.00 0 0 0 5.00 0.00 0.50
13.00 9 99 30 0 0.00 0.00 0 0 0 5.00 0.00 0.50
12.00 7 7 30 0 0.00 0.00 0 0 0 5.00 0.00 0.50
12.00 6 8 30 0 0.00 0.00 0 0 0 5.00 0.00 0.50
12.00 7 100 30 0 0.00 0.00 0 0 0 5.00 0.00 0.50
13.00 7 100 30 0 0.00 0.00 0 0 0 5.00 0.00 0.50
13.00 6 100 30 0 0.00 0.00 0 0 0 5.00 0.00 0.50
12.00 6 8 30 0 0.00 0.00 0 0 0 5.00 0.00 0.50
13.00 5 7 30 0 0.00 0.00 0 0 0 5.00 0.00 0.50
12.00 5 100 30 0 0.00 0.00 0 0 0 5.00 0.00 0.50
13.00 4 100 30 0 0.00 0.00 0 0 0 5.00 0.00 0.50
13.00 5 101 30 0 0.00 0.00 0 0 0 5.00 0.00 0.50
12.00 5 101 30 0 0.00 0.00 0 0 0 5.00 0.00 0.50
13.00 5 101 30 0 0.00 0.00 0 0 0 5.00 0.00 0.50
12.00 4 101 30 0 0.00 0.00 0 0 0 5.00 0.00 0.50
14.00 4 100 30 0 0.00 0.00 0 0 0 5.00 0.00 0.50
12.00 4 101 30 0 0.00 0.00 0 0 0 5.00 0.00 0.50
13.00 4 100 30 0 0.00 0.00 0 0 0 5.00 0.00 0.50
13.00 4 101 30 0 0.00 0.00 0 0 0 5.00 0.00 0.50
13.00 4 100 30 0 0.00 0.00 0 0 0 5.00 0.00 0.50
12.00 4 101 30 0 0.00 0.00 0 0 0 5.00 0.00 0.50
12.00 4 100 30 0 0.00 0.00 0 0 0 5.00 0.00 0.50
14.00 4 100 30 0 0.00 0.00 0 0 0 5.00 0.00 0.50
12.00 4 100 30 0 0.00 0.00 0 0 0 5.00 0.00 0.50
13.00 4 100 30 0 0.00 0.00 0 0 0 5.00 0.00 0.50
13.00 4 100 30 0 0.00 0.00 0 0 0 5.00 0.00 0.50
13.00 4 100 30 0 0.00 0.00 0 0 0 5.00 0.00 0.50
12.00 4 100 30 0 0.00 0.00 0 0 0 5.00 0.00 0.50
13.00 4 99 30 0 0.00 0.00 0 0 0 5.00 0.00 0.50
13.00 5 99 30 0 0.00 0.00 0 0 0 5.00 0.00 0.50
12.00 4 100 30 0 0.00 0.00 0 0 0 5.00 0.00 0.50
12.00 5 100 30 0 0.00 0.00 0 0 0 5.00 0.00 0.50
14.00 5 100 30 0 0.00 0.00 0 0 0 5.00 0.00 0.50
12.00 6 100 30 0 0.00 0.00 0 0 0 5.00 0.00 0.50
13.00 6 101 30 0 0.00 0.00 0 0 0 5.00 0.00 0.50
13.00 15 100 30 0 0.00 0.00 0 0 0 5.00 0.00 0.50
13.00 8 100 30 0 0.00 0.00 0 0 0 5.00 0.00 0.50
12.00 7 100 30 0 0.00 0.00 0 0 0 5.00 0.00 0.50
14.00 8 100 30 0 0.00 0.00 0 0 0 5.00 0.00 0.50
12.00 20 102 30 0 0.00 0.00 0 0 0 5.00 0.00 0.50
13.00 10 101 30 0 0.00 0.00 0 0 0 5.00 0.00 0.50
12.00 11 100 30 0 0.00 0.00 0 0 0 5.00 0.00 0.50
14.00 11 100 30 0 0.00 0.00 0 0 0 5.00 0.00 0.50
13.00 3331 100 30 0 0.00 0.00 0 0 0 5.00 0.00 0.50
206.00 55 101 30 0 0.00 0.00 0 0 0 5.00 0.00 0.50
13.00 101 101 30 0 0.00 0.00 0 0 0 5.00 0.00 0.50
17.00 102 100 30 0 0.00 0.00 0 0 0 5.00 0.00 0.50
16.00 68 99 30 0 0.00 0.00 0 0 0 5.00 0.00 0.50
14.00 103 100 30 0 0.00 0.00 0 0 0 5.00 0.00 0.50
17.00 100 99 30 0 0.00 0.00 0 0 0 5.00 0.00 0.50
15.00 102 100 30 0 0.00 0.00 0 0 0 5.00 0.00 0.50
16.00 103 99 30 0 0.00 0.00 0 0 0 5.00 0.00 0.50
17.00 70 98 30 0 0.00 0.00 0 0 0 5.00 0.00 0.50
14.00 69 100 30 0 0.00 0.00 0 0 0 5.00 0.00 0.50
13.00 68 100 30 0 0.00 0.00 0 0 0 5.00 0.00 0.50
15.00 68 99 30 0 0.00 0.00 0 0 0 5.00 0.00 0.50
14.00 67 99 30 0 0.00 0.00 0 0 0 5.00 0.00 0.50
14.00 68 100 30 0 0.00 0.00 0 0 0 5.00 0.00 0.50
14.00 68 100 30 0 0.00 0.00 0 0 0 5.00 0.00 0.50
14.00 68 99 30 0 0.00 0.00 0 0 0 5.00 0.00 0.50
14.00 68 100 30 0 0.00 0.00 0 0 0 5.00 0.00 0.50
15.00 70 99 30 0 0.00 0.00 0 0 0 5.00 0.00 0.50
14.00 68 101 30 0 0.00 0.00 0 0 0 5.00 0.00 0.50
14.00 68 100 30 0 0.00 0.00 0 0 0 5.00 0.00 0.50
14.00 103 100 30 0 0.00 0.00 0 0 0 5.00 0.00 0.50
16.00 101 101 30 0 0.00 0.00 0 0 0 5.00 0.00 0.50
17.00 68 102 30 0 0.00 0.00 0 0 0 5.00 0.00 0.50
14.00 68 100 30 0 0.00 0.00 0 0 0 5.00 0.00 0.50
14.00 68 101 30 0 0.00 0.00 0 0 0 5.00 0.00 0.50
15.00 68 102 30 0 0.00 0.00 0 0 0 5.00 0.00 0.50
14.00 68 101 30 0 0.00 0.00 0 0 0 5.00 0.00 0.50
13.00 69 102 30 0 0.00 0.00 0 0 0 5.00 0.00 0.50
15.00 69 102 30 0 0.00 0.00 0 0 0 5.00 0.00 0.50
14.00 68 102 30 0 0.00 0.00 0 0 0 5.00 0.00 0.50
14.00 69 102 30 0 0.00 0.00 0 0 0 5.00 0.00 0.50
15.00 106 103 30 0 0.00 0.00 0 0 0 5.00 0.00 0.50
17.00 100 103 30 0 0.00 0.00 0 0 0 5.00 0.00 0.50
16.00 74 104 30 0 0.00 0.00 0 0 0 5.00 0.00 0.50
15.00 74 109 30 0 0.00 0.00 0 0 0 5.00 0.00 0.50
14.00 101 3220 30 0 0.00 0.00 0 0 0 5.00 0.00 0.50
200.00 61 6 30 0 0.00 0.00 0 0 0 5.00 0.00 0.50
8.00 78 107 30 0 0.00 0.00 0 0 0 5.00 0.00 0.50
15.00 3317 3188 30 0 0.00 0.00 0 0 0 5.00 0.00 0.50
387.00 37 6 30 0 0.00 0.00 0 0 0 5.00 0.00 0.50
6.00 40 75 30 0 0.00 0.00 0 0 0 5.00 0.00 0.50
14.00 37 69 30 0 0.00 0.00 0 0 0 5.00 0.00 0.50
12.00 37 71 30 0 0.00 0.00 0 0 0 5.00 0.00 0.50
12.00 70 93 30 0 0.00 0.00 0 0 0 5.00 0.00 0.50
15.00 29 3199 30 0 0.00 0.00 0 0 0 5.00 0.00 0.50
194.00 29 6 30 0 0.00 0.00 0 0 0 5.00 0.00 0.50
6.00 3306 28 30 0 0.00 0.00 0 0 0 5.00 0.00 0.50
201.00 141 3204 30 0 0.00 0.00 0 0 0 5.00 0.00 0.50
201.00 125 6 30 0 0.00 0.00 0 0 0 5.00 0.00 0.50
12.00 137 143 30 0 0.00 0.00 0 0 0 5.00 0.00 0.50
21.00 138 140 30 0 0.00 0.00 0 0 0 5.00 0.00 0.50
20.00 134 137 30 0 0.00 0.00 0 0 0 5.00 0.00 0.50
21.00 133 134 30 0 0.00 0.00 0 0 0 5.00 0.00 0.50
20.00 131 132 30 0 0.00 0.00 0 0 0 5.00 0.00 0.50
19.00 130 131 30 0 0.00 0.00 0 0 0 5.00 0.00 0.50
20.00 128 129 30 0 0.00 0.00 0 0 0 5.00 0.00 0.50
19.00 125 128 30 0 0.00 0.00 0 0 0 5.00 0.00 0.50
20.00 124 125 30 0 0.00 0.00 0 0 0 5.00 0.00 0.50
18.00 122 123 30 0 0.00 0.00 0 0 0 5.00 0.00 0.50
20.00 120 123 30 0 0.00 0.00 0 0 0 5.00 0.00 0.50
18.00 119 120 30 0 0.00 0.00 0 0 0 5.00 0.00 0.50
19.00 118 119 30 0 0.00 0.00 0 0 0 5.00 0.00 0.50
17.00 116 117 30 0 0.00 0.00 0 0 0 5.00 0.00 0.50
18.00 114 115 30 0 0.00 0.00 0 0 0 5.00 0.00 0.50
18.00 112 114 30 0 0.00 0.00 0 0 0 5.00 0.00 0.50
18.00 111 112 30 0 0.00 0.00 0 0 0 5.00 0.00 0.50
18.00 109 111 30 0 0.00 0.00 0 0 0 5.00 0.00 0.50
16.00 108 109 30 0 0.00 0.00 0 0 0 5.00 0.00 0.50
17.00 106 107 30 0 0.00 0.00 0 0 0 5.00 0.00 0.50
18.00 105 107 30 0 0.00 0.00 0 0 0 5.00 0.00 0.50
16.00 104 104 30 0 0.00 0.00 0 0 0 5.00 0.00 0.50
17.00 103 102 30 0 0.00 0.00 0 0 0 5.00 0.00 0.50
16.00 102 101 30 0 0.00 0.00 0 0 0 5.00 0.00 0.50
16.00 101 100 30 0 0.00 0.00 0 0 0 5.00 0.00 0.50
17.00 100 99 30 0 0.00 0.00 0 0 0 5.00 0.00 0.50
15.00 99 98 30 0 0.00 0.00 0 0 0 5.00 0.00 0.50
17.00 95 96 30 0 0.00 0.00 0 0 0 5.00 0.00 0.50
15.00 96 95 30 0 0.00 0.00 0 0 0 5.00 0.00 0.50
15.00 94 94 30 0 0.00 0.00 0 0 0 5.00 0.00 0.50
16.00 94 92 30 0 0.00 0.00 0 0 0 5.00 0.00 0.50
15.00 93 91 30 0 0.00 0.00 0 0 0 5.00 0.00 0.50
14.00 92 90 30 0 0.00 0.00 0 0 0 5.00 0.00 0.50
16.00 91 90 30 0 0.00 0.00 0 0 0 5.00 0.00 0.50
14.00 90 88 30 0 0.00 0.00 0 0 0 5.00 0.00 0.50
15.00 90 87 30 0 0.00 0.00 0 0 0 5.00 0.00 0.50
15.00 89 86 30 0 0.00 0.00 0 0 0 5.00 0.00 0.50
14.00 88 85 30 0 0.00 0.00 0 0 0 5.00 0.00 0.50
14.00 88 84 30 0 0.00 0.00 0 0 0 5.00 0.00 0.50
15.00 86 82 30 0 0.00 0.00 0 0 0 5.00 0.00 0.50
14.00 87 82 30 0 0.00 0.00 0 0 0 5.00 0.00 0.50
14.00 85 81 30 0 0.00 0.00 0 0 0 5.00 0.00 0.50
14.00 84 80 30 0 0.00 0.00 0 0 0 5.00 0.00 0.50
14.00 84 79 30 0 0.00 0.00 0 0 0 5.00 0.00 0.50
13.00 83 79 30 0 0.00 0.00 0 0 0 5.00 0.00 0.50
15.00 82 77 30 0 0.00 0.00 0 0 0 5.00 0.00 0.50
13.00 81 77 30 0 0.00 0.00 0 0 0 5.00 0.00 0.50
13.00 81 76 30 0 0.00 0.00 0 0 0 5.00 0.00 0.50
14.00 80 75 30 0 0.00 0.00 0 0 0 5.00 0.00 0.50
13.00 80 74 30 0 0.00 0.00 0 0 0 5.00 0.00 0.50
13.00 79 74 30 0 0.00 0.00 0 0 0 5.00 0.00 0.50
14.00 79 73 30 0 0.00 0.00 0 0 0 5.00 0.00 0.50
13.00 77 72 30 0 0.00 0.00 0 0 0 5.00 0.00 0.50
13.00 77 71 30 0 0.00 0.00 0 0 0 5.00 0.00 0.50
12.00 76 70 30 0 0.00 0.00 0 0 0 5.00 0.00 0.50
14.00 76 69 30 0 0.00 0.00 0 0 0 5.00 0.00 0.50
12.00 75 69 30 0 0.00 0.00 0 0 0 5.00 0.00 0.50
13.00 75 68 30 0 0.00 0.00 0 0 0 5.00 0.00 0.50
13.00 74 68 30 0 0.00 0.00 0 0 0 5.00 0.00 0.50
12.00 73 67 30 0 0.00 0.00 0 0 0 5.00 0.00 0.50
12.00 70 65 30 0 0.00 0.00 0 0 0 5.00 0.00 0.50
13.00 72 65 30 0 0.00 0.00 0 0 0 5.00 0.00 0.50
12.00 71 64 30 0 0.00 0.00 0 0 0 5.00 0.00 0.50
12.00 69 63 30 0 0.00 0.00 0 0 0 5.00 0.00 0.50
12.00 69 64 30 0 0.00 0.00 0 0 0 5.00 0.00 0.50
12.00 69 62 30 0 0.00 0.00 0 0 0 5.00 0.00 0.50
12.00 68 61 30 0 0.00 0.00 0 0 0 5.00 0.00 0.50
12.00 67 61 30 0 0.00 0.00 0 0 0 5.00 0.00 0.50
12.00 66 61 30 0 0.00 0.00 0 0 0 5.00 0.00 0.50
12.00 66 60 30 0 0.00 0.00 0 0 0 5.00 0.00 0.50
13.00 65 59 30 0 0.00 0.00 0 0 0 5.00 0.00 0.50
12.00 65 59 30 0 0.00 0.00 0 0 0 5.00 0.00 0.50
14.00 64 57 30 0 0.00 0.00 0 0 0 5.00 0.00 0.50
12.00 64 57 30 0 0.00 0.00 0 0 0 5.00 0.00 0.50
13.00 63 57 30 0 0.00 0.00 0 0 0 5.00 0.00 0.50
13.00 63 56 30 0 0.00 0.00 0 0 0 5.00 0.00 0.50
12.00 62 56 30 0 0.00 0.00 0 0 0 5.00 0.00 0.50
13.00 61 54 30 0 0.00 0.00 0 0 0 5.00 0.00 0.50
12.00 61 54 30 0 0.00 0.00 0 0 0 5.00 0.00 0.50
14.00 59 54 30 0 0.00 0.00 0 0 0 5.00 0.00 0.50
12.00 59 53 30 0 0.00 0.00 0 0 0 5.00 0.00 0.50
13.00 58 52 30 0 0.00 0.00 0 0 0 5.00 0.00 0.50
13.00 57 52 30 0 0.00 0.00 0 0 0 5.00 0.00 0.50
13.00 57 52 30 0 0.00 0.00 0 0 0 5.00 0.00 0.50
12.00 56 50 30 0 0.00 0.00 0 0 0 5.00 0.00 0.50
13.00 56 50 30 0 0.00 0.00 0 0 0 5.00 0.00 0.50
13.00 56 49 30 0 0.00 0.00 0 0 0 5.00 0.00 0.50
12.00 55 48 30 0 0.00 0.00 0 0 0 5.00 0.00 0.50
13.00 55 48 30 0 0.00 0.00 0 0 0 5.00 0.00 0.50
13.00 54 47 30 0 0.00 0.00 0 0 0 5.00 0.00 0.50
13.00 54 47 30 0 0.00 0.00 0 0 0 5.00 0.00 0.50
12.00 53 47 30 0 0.00 0.00 0 0 0 5.00 0.00 0.50
14.00 52 47 30 0 0.00 0.00 0 0 0 5.00 0.00 0.50
12.00 51 46 30 0 0.00 0.00 0 0 0 5.00 0.00 0.50
12.00 51 45 30 0 0.00 0.00 0 0 0 5.00 0.00 0.50
14.00 50 45 30 0 0.00 0.00 0 0 0 5.00 0.00 0.50
12.00 50 45 30 0 0.00 0.00 0 0 0 5.00 0.00 0.50
13.00 50 44 30 0 0.00 0.00 0 0 0 5.00 0.00 0.50
12.00 49 43 30 0 0.00 0.00 0 0 0 5.00 0.00 0.50
14.00 49 43 30 0 0.00 0.00 0 0 0 5.00 0.00 0.50
12.00 48 43 30 0 0.00 0.00 0 0 0 5.00 0.00 0.50
12.00 47 42 30 0 0.00 0.00 0 0 0 5.00 0.00 0.50
14.00 47 42 30 0 0.00 0.00 0 0 0 5.00 0.00 0.50
12.00 47 43 30 0 0.00 0.00 0 0 0 5.00 0.00 0.50
13.00 46 42 30 0 0.00 0.00 0 0 0 5.00 0.00 0.50
13.00 46 42 30 0 0.00 0.00 0 0 0 5.00 0.00 0.50
13.00 45 41 30 0 0.00 0.00 0 0 0 5.00 0.00 0.50
12.00 45 41 30 0 0.00 0.00 0 0 0 5.00 0.00 0.50
13.00 44 42 30 0 0.00 0.00 0 0 0 5.00 0.00 0.50
13.00 44 41 30 0 0.00 0.00 0 0 0 5.00 0.00 0.50
12.00 44 42 30 0 0.00 0.00 0 0 0 5.00 0.00 0.50
13.00 44 42 30 0 0.00 0.00 0 0 0 5.00 0.00 0.50
13.00 43 42 30 0 0.00 0.00 0 0 0 5.00 0.00 0.50
13.00 44 42 30 0 0.00 0.00 0 0 0 5.00 0.00 0.50
12.00 44 42 30 0 0.00 0.00 0 0 0 5.00 0.00 0.50
14.00 43 42 30 0 0.00 0.00 0 0 0 5.00 0.00 0.50
12.00 44 42 30 0 0.00 0.00 0 0 0 5.00 0.00 0.50
13.00 43 43 30 0 0.00 0.00 0 0 0 5.00 0.00 0.50
12.00 43 42 30 0 0.00 0.00 0 0 0 5.00 0.00 0.50
13.00 44 43 30 0 0.00 0.00 0 0 0 5.00 0.00 0.50
13.00 43 43 30 0 0.00 0.00 0 0 0 5.00 0.00 0.50
12.00 44 43 30 0 0.00 0.00 0 0 0 5.00 0.00 0.50
14.00 44 43 30 0 0.00 0.00 0 0 0 5.00 0.00 0.50
12.00 44 44 30 0 0.00 0.00 0 0 0 5.00 0.00 0.50
13.00 45 44 30 0 0.00 0.00 0 0 0 5.00 0.00 0.50
13.00 45 44 30 0 0.00 0.00 0 0 0 5.00 0.00 0.50
13.00 45 45 30 0 0.00 0.00 0 0 0 5.00 0.00 0.50
12.00 45 45 30 0 0.00 0.00 0 0 0 5.00 0.00 0.50
12.00 45 46 30 0 0.00 0.00 0 0 0 5.00 0.00 0.50
14.00 46 46 30 0 0.00 0.00 0 0 0 5.00 0.00 0.50
12.00 45 46 30 0 0.00 0.00 0 0 0 5.00 0.00 0.50
13.00 46 47 30 0 0.00 0.00 0 0 0 5.00 0.00 0.50
13.00 46 47 30 0 0.00 0.00 0 0 0 5.00 0.00 0.50
13.00 46 47 30 0 0.00 0.00 0 0 0 5.00 0.00 0.50
12.00 47 47 30 0 0.00 0.00 0 0 0 5.00 0.00 0.50
12.00 46 47 30 0 0.00 0.00 0 0 0 5.00 0.00 0.50
14.00 46 48 30 0 0.00 0.00 0 0 0 5.00 0.00 0.50
12.00 46 48 30 0 0.00 0.00 0 0 0 5.00 0.00 0.50
13.00 47 48 30 0 0.00 0.00 0 0 0 5.00 0.00 0.50
13.00 47 49 30 0 0.00 0.00 0 0 0 5.00 0.00 0.50
13.00 47 49 30 0 0.00 0.00 0 0 0 5.00 0.00 0.50
12.00 48 49 30 0 0.00 0.00 0 0 0 5.00 0.00 0.50
14.00 48 49 30 0 0.00 0.00 0 0 0 5.00 0.00 0.50
12.00 8 50 30 0 0.00 0.00 0 0 0 5.00 0.00 0.50
12.00 48 50 30 0 0.00 0.00 0 0 0 5.00 0.00 0.50
13.00 48 50 30 0 0.00 0.00 0 0 0 5.00 0.00 0.50
13.00 48 50 30 0 0.00 0.00 0 0 0 5.00 0.00 0.50
13.00 49 50 30 0 0.00 0.00 0 0 0 5.00 0.00 0.50
12.00 49 51 30 0 0.00 0.00 0 0 0 5.00 0.00 0.50
13.00 49 51 30 0 0.00 0.00 0 0 0 5.00 0.00 0.50
13.00 49 51 30 0 0.00 0.00 0 0 0 5.00 0.00 0.50
12.00 50 51 30 0 0.00 0.00 0 0 0 5.00 0.00 0.50
14.00 50 52 30 0 0.00 0.00 0 0 0 5.00 0.00 0.50
12.00 50 52 30 0 0.00 0.00 0 0 0 5.00 0.00 0.50
13.00 7 53 30 0 0.00 0.00 0 0 0 5.00 0.00 0.50
12.00 5 52 30 0 0.00 0.00 0 0 0 5.00 0.00 0.50
13.00 5 52 30 0 0.00 0.00 0 0 0 5.00 0.00 0.50
12.00 4 53 30 0 0.00 0.00 0 0 0 5.00 0.00 0.50
12.00 5 54 30 0 0.00 0.00 0 0 0 5.00 0.00 0.50
14.00 7 53 30 0 0.00 0.00 0 0 0 5.00 0.00 0.50
12.00 6 54 30 0 0.00 0.00 0 0 0 5.00 0.00 0.50
12.00 5 53 30 0 0.00 0.00 0 0 0 5.00 0.00 0.50
13.00 4 53 30 0 0.00 0.00 0 0 0 5.00 0.00 0.50
12.00 5 53 30 0 0.00 0.00 0 0 0 5.00 0.00 0.50
13.00 4 52 30 0 0.00 0.00 0 0 0 5.00 0.00 0.50
12.00 4 53 30 0 0.00 0.00 0 0 0 5.00 0.00 0.50
13.00 5 53 30 0 0.00 0.00 0 0 0 5.00 0.00 0.50
12.00 6 52 30 0 0.00 0.00 0 0 0 5.00 0.00 0.50
12.00 50 51 30 0 0.00 0.00 0 0 0 5.00 0.00 0.50
14.00 49 51 30 0 0.00 0.00 0 0 0 5.00 0.00 0.50
12.00 4 51 30 0 0.00 0.00 0 0 0 5.00 0.00 0.50
12.00 5 51 30 0 0.00 0.00 0 0 0 5.00 0.00 0.50
13.00 4 51 30 0 0.00 0.00 0 0 0 5.00 0.00 0.50
13.00 4 50 30 0 0.00 0.00 0 0 0 5.00 0.00 0.50
12.00 48 50 30 0 0.00 0.00 0 0 0 5.00 0.00 0.50
12.00 4 50 30 0 0.00 0.00 0 0 0 5.00 0.00 0.50
14.00 3 49 30 0 0.00 0.00 0 0 0 5.00 0.00 0.50
12.00 4 50 30 0 0.00 0.00 0 0 0 5.00 0.00 0.50
12.00 3 49 30 0 0.00 0.00 0 0 0 5.00 0.00 0.50
13.00 3 49 30 0 0.00 0.00 0 0 0 5.00 0.00 0.50
12.00 4 48 30 0 0.00 0.00 0 0 0 5.00 0.00 0.50
12.00 46 48 30 0 0.00 0.00 0 0 0 5.00 0.00 0.50
13.00 46 47 30 0 0.00 0.00 0 0 0 5.00 0.00 0.50
13.00 46 47 30 0 0.00 0.00 0 0 0 5.00 0.00 0.50
13.00 3 47 30 0 0.00 0.00 0 0 0 5.00 0.00 0.50
12.00 3 46 30 0 0.00 0.00 0 0 0 5.00 0.00 0.50
13.00 4 47 30 0 0.00 0.00 0 0 0 5.00 0.00 0.50
12.00 4 46 30 0 0.00 0.00 0 0 0 5.00 0.00 0.50
13.00 4 46 30 0 0.00 0.00 0 0 0 5.00 0.00 0.50
12.00 3 45 30 0 0.00 0.00 0 0 0 5.00 0.00 0.50
13.00 3 45 30 0 0.00 0.00 0 0 0 5.00 0.00 0.50
12.00 4 44 30 0 0.00 0.00 0 0 0 5.00 0.00 0.50
12.00 4 44 30 0 0.00 0.00 0 0 0 5.00 0.00 0.50
13.00 5 44 30 0 0.00 0.00 0 0 0 5.00 0.00 0.50
13.00 3299 44 30 0 0.00 0.00 0 0 0 5.00 0.00 0.50
201.00 3 41 30 0 0.00 0.00 0 0 0 5.00 0.00 0.50
6.00 40 41 30 0 0.00 0.00 0 0 0 5.00 0.00 0.50
12.00 40 41 30 0 0.00 0.00 0 0 0 5.00 0.00 0.50
13.00 40 41 30 0 0.00 0.00 0 0 0 5.00 0.00 0.50
13.00 40 41 30 0 0.00 0.00 0 0 0 5.00 0.00 0.50
13.00 40 41 30 0 0.00 0.00 0 0 0 5.00 0.00 0.50
12.00 40 41 30 0 0.00 0.00 0 0 0 5.00 0.00 0.50
14.00 40 41 30 0 0.00 0.00 0 0 0 5.00 0.00 0.50
12.00 40 41 30 0 0.00 0.00 0 0 0 5.00 0.00 0.50
12.00 40 41 30 0 0.00 0.00 0 0 0 5.00 0.00 0.50
13.00 40 40 30 0 0.00 0.00 0 0 0 5.00 0.00 0.50
13.00 40 41 30 0 0.00 0.00 0 0 0 5.00 0.00 0.50
13.00 40 40 30 0 0.00 0.00 0 0 0 5.00 0.00 0.50
12.00 40 41 30 0 0.00 0.00 0 0 0 5.00 0.00 0.50
14.00 40 40 30 0 0.00 0.00 0 0 0 5.00 0.00 0.50
12.00 40 40 30 0 0.00 0.00 0 0 0 5.00 0.00 0.50
13.00 40 40 30 0 0.00 0.00 0 0 0 5.00 0.00 0.50
13.00 40 40 30 0 0.00 0.00 0 0 0 5.00 0.00 0.50
12.00 41 40 30 0 0.00 0.00 0 0 0 5.00 0.00 0.50
13.00 40 40 30 0 0.00 0.00 0 0 0 5.00 0.00 0.50
12.00 40 41 30 0 0.00 0.00 0 0 0 5.00 0.00 0.50
14.00 40 40 30 0 0.00 0.00 0 0 0 5.00 0.00 0.50
12.00 40 40 30 0 0.00 0.00 0 0 0 5.00 0.00 0.50
13.00 40 40 30 0 0.00 0.00 0 0 0 5.00 0.00 0.50
13.00 40 40 30 0 0.00 0.00 0 0 0 5.00 0.00 0.50
13.00 40 40 30 0 0.00 0.00 0 0 0 5.00 0.00 0.50
12.00 40 41 30 0 0.00 0.00 0 0 0 5.00 0.00 0.50
13.00 40 40 30 0 0.00 0.00 0 0 0 5.00 0.00 0.50
13.00 40 40 30 0 0.00 0.00 0 0 0 5.00 0.00 0.50
12.00 40 40 30 0 0.00 0.00 0 0 0 5.00 0.00 0.50
13.00 40 40 30 0 0.00 0.00 0 0 0 5.00 0.00 0.50
13.00 40 40 30 0 0.00 0.00 0 0 0 5.00 0.00 0.50
13.00 40 40 30 0 0.00 0.00 0 0 0 5.00 0.00 0.50
12.00 40 40 30 0 0.00 0.00 0 0 0 5.00 0.00 0.50
14.00 40 40 30 0 0.00 0.00 0 0 0 5.00 0.00 0.50
12.00 40 40 30 0 0.00 0.00 0 0 0 5.00 0.00 0.50
12.00 40 40 30 0 0.00 0.00 0 0 0 5.00 0.00 0.50
14.00 40 41 30 0 0.00 0.00 0 0 0 5.00 0.00 0.50
12.00 40 40 30 0 0.00 0.00 0 0 0 5.00 0.00 0.50
13.00 40 40 30 0 0.00 0.00 0 0 0 5.00 0.00 0.50
12.00 40 40 30 0 0.00 0.00 0 0 0 5.00 0.00 0.50
14.00 40 40 30 0 0.00 0.00 0 0 0 5.00 0.00 0.50
12.00 41 40 30 0 0.00 0.00 0 0 0 5.00 0.00 0.50
13.00 40 41 30 0 0.00 0.00 0 0 0 5.00 0.00 0.50
13.00 40 41 30 0 0.00 0.00 0 0 0 5.00 0.00 0.50
12.00 40 41 30 0 0.00 0.00 0 0 0 5.00 0.00 0.50
13.00 40 41 30 0 0.00 0.00 0 0 0 5.00 0.00 0.50
12.00 41 41 30 0 0.00 0.00 0 0 0 5.00 0.00 0.50
14.00 40 40 30 0 0.00 0.00 0 0 0 5.00 0.00 0.50
12.00 40 41 30 0 0.00 0.00 0 0 0 5.00 0.00 0.50
13.00 40 41 30 0 0.00 0.00 0 0 0 5.00 0.00 0.50
13.00 40 40 30 0 0.00 0.00 0 0 0 5.00 0.00 0.50
12.00 40 41 30 0 0.00 0.00 0 0 0 5.00 0.00 0.50
13.00 41 41 30 0 0.00 0.00 0 0 0 5.00 0.00 0.50
13.00 41 40 30 0 0.00 0.00 0 0 0 5.00 0.00 0.50
13.00 41 41 30 0 0.00 0.00 0 0 0 5.00 0.00 0.50
12.00 40 41 30 0 0.00 0.00 0 0 0 5.00 0.00 0.50
13.00 41 41 30 0 0.00 0.00 0 0 0 5.00 0.00 0.50
13.00 41 40 30 0 0.00 0.00 0 0 0 5.00 0.00 0.50
13.00 41 41 30 0 0.00 0.00 0 0 0 5.00 0.00 0.50
12.00 40 41 30 0 0.00 0.00 0 0 0 5.00 0.00 0.50
13.00 40 41 30 0 0.00 0.00 0 0 0 5.00 0.00 0.50
13.00 41 41 30 0 0.00 0.00 0 0 0 5.00 0.00 0.50
12.00 41 41 30 0 0.00 0.00 0 0 0 5.00 0.00 0.50
14.00 40 41 30 0 0.00 0.00 0 0 0 5.00 0.00 0.50
12.00 41 41 30 0 0.00 0.00 0 0 0 5.00 0.00 0.50
13.00 40 41 30 0 0.00 0.00 0 0 0 5.00 0.00 0.50
12.00 41 41 30 0 0.00 0.00 0 0 0 5.00 0.00 0.50
14.00 41 41 30 0 0.00 0.00 0 0 0 5.00 0.00 0.50
12.00 40 41 30 0 0.00 0.00 0 0 0 5.00 0.00 0.50
12.00 41 41 30 0 0.00 0.00 0 0 0 5.00 0.00 0.50
14.00 41 41 30 0 0.00 0.00 0 0 0 5.00 0.00 0.50
12.00 41 41 30 0 0.00 0.00 0 0 0 5.00 0.00 0.50
13.00 40 41 30 0 0.00 0.00 0 0 0 5.00 0.00 0.50
13.00 40 41 30 0 0.00 0.00 0 0 0 5.00 0.00 0.50
13.00 40 41 30 0 0.00 0.00 0 0 0 5.00 0.00 0.50
12.00 41 40 30 0 0.00 0.00 0 0 0 5.00 0.00 0.50
13.00 41 41 30 0 0.00 0.00 0 0 0 5.00 0.00 0.50
13.00 41 40 30 0 0.00 0.00 0 0 0 5.00 0.00 0.50
12.00 41 40 30 0 0.00 0.00 0 0 0 5.00 0.00 0.50
13.00 41 40 30 0 0.00 0.00 0 0 0 5.00 0.00 0.50
13.00 40 40 30 0 0.00 0.00 0 0 0 5.00 0.00 0.50
13.00 41 41 30 0 0.00 0.00 0 0 0 5.00 0.00 0.50
12.00 41 41 30 0 0.00 0.00 0 0 0 5.00 0.00 0.50
14.00 41 41 30 0 0.00 0.00 0 0 0 5.00 0.00 0.50
12.00 41 40 30 0 0.00 0.00 0 0 0 5.00 0.00 0.50
12.00 41 40 30 0 0.00 0.00 0 0 0 5.00 0.00 0.50
13.00 42 40 30 0 0.00 0.00 0 0 0 5.00 0.00 0.50
13.00 41 40 30 0 0.00 0.00 0 0 0 5.00 0.00 0.50
13.00 41 40 30 0 0.00 0.00 0 0 0 5.00 0.00 0.50
12.00 41 40 30 0 0.00 0.00 0 0 0 5.00 0.00 0.50
14.00 41 40 30 0 0.00 0.00 0 0 0 5.00 0.00 0.50
12.00 41 40 30 0 0.00 0.00 0 0 0 5.00 0.00 0.50
13.00 41 40 30 0 0.00 0.00 0 0 0 5.00 0.00 0.50
13.00 41 41 30 0 0.00 0.00 0 0 0 5.00 0.00 0.50
12.00 41 40 30 0 0.00 0.00 0 0 0 5.00 0.00 0.50
13.00 41 40 30 0 0.00 0.00 0 0 0 5.00 0.00 0.50
12.00 41 40 30 0 0.00 0.00 0 0 0 5.00 0.00 0.50
14.00 41 40 30 0 0.00 0.00 0 0 0 5.00 0.00 0.50
12.00 41 41 30 0 0.00 0.00 0 0 0 5.00 0.00 0.50
13.00 41 40 30 0 0.00 0.00 0 0 0 5.00 0.00 0.50
13.00 41 41 30 0 0.00 0.00 0 0 0 5.00 0.00 0.50
13.00 41 41 30 0 0.00 0.00 0 0 0 5.00 0.00 0.50
12.00 41 40 30 0 0.00 0.00 0 0 0 5.00 0.00 0.50
13.00 41 40 30 0 0.00 0.00 0 0 0 5.00 0.00 0.50
13.00 41 40 30 0 0.00 0.00 0 0 0 5.00 0.00 0.50
12.00 41 40 30 0 0.00 0.00 0 0 0 5.00 0.00 0.50
13.00 41 40 30 0 0.00 0.00 0 0 0 5.00 0.00 0.50
13.00 41 41 30 0 0.00 0.00 0 0 0 5.00 0.00 0.50
13.00 41 40 30 0 0.00 0.00 0 0 0 5.00 0.00 0.50
12.00 41 41 30 0 0.00 0.00 0 0 0 5.00 0.00 0.50
14.00 42 41 30 0 0.00 0.00 0 0 0 5.00 0.00 0.50
12.00 41 41 30 0 0.00 0.00 0 0 0 5.00 0.00 0.50
12.00 41 41 30 0 0.00 0.00 0 0 0 5.00 0.00 0.50
14.00 41 41 30 0 0.00 0.00 0 0 0 5.00 0.00 0.50
12.00 41 41 30 0 0.00 0.00 0 0 0 5.00 0.00 0.50
13.00 41 41 30 0 0.00 0.00 0 0 0 5.00 0.00 0.50
12.00 41 41 30 0 0.00 0.00 0 0 0 5.00 0.00 0.50
14.00 41 41 30 0 0.00 0.00 0 0 0 5.00 0.00 0.50
12.00 41 41 30 0 0.00 0.00 0 0 0 5.00 0.00 0.50
12.00 41 41 30 0 0.00 0.00 0 0 0 5.00 0.00 0.50
14.00 41 41 30 0 0.00 0.00 0 0 0 5.00 0.00 0.50
12.00 40 41 30 0 0.00 0.00 0 0 0 5.00 0.00 0.50
13.00 41 41 30 0 0.00 0.00 0 0 0 5.00 0.00 0.50
12.00 41 41 30 0 0.00 0.00 0 0 0 5.00 0.00 0.50
14.00 41 41 30 0 0.00 0.00 0 0 0 5.00 0.00 0.50
12.00 41 41 30 0 0.00 0.00 0 0 0 5.00 0.00 0.50
13.00 41 41 30 0 0.00 0.00 0 0 0 5.00 0.00 0.50
13.00 41 41 30 0 0.00 0.00 0 0 0 5.00 0.00 0.50
12.00 41 41 30 0 0.00 0.00 0 0 0 5.00 0.00 0.50
13.00 41 41 30 0 0.00 0.00 0 0 0 5.00 0.00 0.50
13.00 41 41 30 0 0.00 0.00 0 0 0 5.00 0.00 0.50
13.00 40 41 30 0 0.00 0.00 0 0 0 5.00 0.00 0.50
12.00 41 41 30 0 0.00 0.00 0 0 0 5.00 0.00 0.50
13.00 41 41 30 0 0.00 0.00 0 0 0 5.00 0.00 0.50
13.00 41 41 30 0 0.00 0.00 0 0 0 5.00 0.00 0.50
13.00 41 41 30 0 0.00 0.00 0 0 0 5.00 0.00 0.50
12.00 41 41 30 0 0.00 0.00 0 0 0 5.00 0.00 0.50
13.00 41 41 30 0 0.00 0.00 0 0 0 5.00 0.00 0.50
13.00 41 41 30 0 0.00 0.00 0 0 0 5.00 0.00 0.50
12.00 41 41 30 0 0.00 0.00 0 0 0 5.00 0.00 0.50
14.00 41 41 30 0 0.00 0.00 0 0 0 5.00 0.00 0.50
12.00 41 41 30 0 0.00 0.00 0 0 0 5.00 0.00 0.50
13.00 41 41 30 0 0.00 0.00 0 0 0 5.00 0.00 0.50
12.00 41 41 30 0 0.00 0.00 0 0 0 5.00 0.00 0.50
14.00 41 41 30 0 0.00 0.00 0 0 0 5.00 0.00 0.50
12.00 41 41 30 0 0.00 0.00 0 0 0 5.00 0.00 0.50
12.00 41 41 30 0 0.00 0.00 0 0 0 5.00 0.00 0.50
14.00 41 41 30 0 0.00 0.00 0 0 0 5.00 0.00 0.50
12.00 41 41 30 0 0.00 0.00 0 0 0 5.00 0.00 0.50
13.00 41 41 30 0 0.00 0.00 0 0 0 5.00 0.00 0.50
13.00 41 41 30 0 0.00 0.00 0 0 0 5.00 0.00 0.50
13.00 41 41 30 0 0.00 0.00 0 0 0 5.00 0.00 0.50
12.00 42 41 30 0 0.00 0.00 0 0 0 5.00 0.00 0.50
12.00 42 41 30 0 0.00 0.00 0 0 0 5.00 0.00 0.50
14.00 42 41 30 0 0.00 0.00 0 0 0 5.00 0.00 0.50
12.00 42 41 30 0 0.00 0.00 0 0 0 5.00 0.00 0.50
13.00 41 40 30 0 0.00 0.00 0 0 0 5.00 0.00 0.50
13.00 42 41 30 0 0.00 0.00 0 0 0 5.00 0.00 0.50
13.00 42 40 30 0 0.00 0.00 0 0 0 5.00 0.00 0.50
12.00 42 41 30 0 0.00 0.00 0 0 0 5.00 0.00 0.50
14.00 41 41 30 0 0.00 0.00 0 0 0 5.00 0.00 0.50
12.00 42 41 30 0 0.00 0.00 0 0 0 5.00 0.00 0.50
12.00 41 41 30 0 0.00 0.00 0 0 0 5.00 0.00 0.50
13.00 41 41 30 0 0.00 0.00 0 0 0 5.00 0.00 0.50
13.00 41 41 30 0 0.00 0.00 0 0 0 5.00 0.00 0.50
13.00 41 41 30 0 0.00 0.00 0 0 0 5.00 0.00 0.50
12.00 41 41 30 0 0.00 0.00 0 0 0 5.00 0.00 0.50
14.00 42 41 30 0 0.00 0.00 0 0 0 5.00 0.00 0.50
12.00 42 41 30 0 0.00 0.00 0 0 0 5.00 0.00 0.50
13.00 41 41 30 0 0.00 0.00 0 0 0 5.00 0.00 0.50
13.00 41 41 30 0 0.00 0.00 0 0 0 5.00 0.00 0.50
12.00 41 41 30 0 0.00 0.00 0 0 0 5.00 0.00 0.50
13.00 41 41 30 0 0.00 0.00 0 0 0 5.00 0.00 0.50
12.00 41 41 30 0 0.00 0.00 0 0 0 5.00 0.00 0.50
14.00 41 41 30 0 0.00 0.00 0 0 0 5.00 0.00 0.50
12.00 41 41 30 0 0.00 0.00 0 0 0 5.00 0.00 0.50
13.00 41 41 30 0 0.00 0.00 0 0 0 5.00 0.00 0.50
13.00 41 41 30 0 0.00 0.00 0 0 0 5.00 0.00 0.50
13.00 41 41 30 0 0.00 0.00 0 0 0 5.00 0.00 0.50
12.00 41 41 30 0 0.00 0.00 0 0 0 5.00 0.00 0.50
13.00 42 41 41 3 155.00 155.00 41 0 0 5.00 0.00 0.50
14.00 42 41 41 3 155.00 155.00 41 0 0 5.00 0.00 0.50
14.00 41 40 41 3 175.36 134.64 40 0 0 5.00 0.00 0.50
15.00 42 41 41 3 138.33 171.67 41 0 0 5.00 0.00 0.50
13.00 41 41 41 3 155.00 155.00 41 0 0 5.00 0.00 0.50
14.00 41 40 41 3 175.36 134.64 40 0 0 5.00 0.00 0.50
14.00 42 41 41 3 137.14 172.86 41 0 0 5.00 0.00 0.50
14.00 41 41 41 3 155.00 155.00 41 0 0 5.00 0.00 0.50
14.00 41 40 41 3 175.36 134.64 40 0 0 5.00 0.00 0.50
14.00 41 40 41 3 157.50 152.50 40 0 0 5.00 0.00 0.50
15.00 42 40 41 3 157.50 152.50 40 0 0 5.00 0.00 0.50
13.00 42 40 41 3 157.50 152.50 40 0 0 5.00 0.00 0.50
14.00 41 40 41 3 157.50 152.50 40 0 0 5.00 0.00 0.50
15.00 41 40 41 3 157.50 152.50 40 0 0 5.00 0.00 0.50
13.00 41 40 41 3 157.50 152.50 40 0 0 5.00 0.00 0.50
14.00 41 40 41 3 157.50 152.50 40 0 0 5.00 0.00 0.50
15.00 42 40 41 3 157.50 152.50 40 0 0 5.00 0.00 0.50
14.00 42 40 41 3 157.50 152.50 40 0 0 5.00 0.00 0.50
13.00 42 40 41 3 157.50 152.50 40 0 0 5.00 0.00 0.50
15.00 41 40 41 3 157.50 152.50 40 0 0 5.00 0.00 0.50
14.00 41 40 41 3 157.50 152.50 40 0 0 5.00 0.00 0.50
13.00 42 40 41 3 157.50 152.50 40 0 0 5.00 0.00 0.50
15.00 41 40 41 3 157.50 152.50 40 0 0 5.00 0.00 0.50
14.00 42 40 41 3 157.50 152.50 40 0 0 5.00 0.00 0.50
13.00 42 40 41 3 157.50 152.50 40 0 0 5.00 0.00 0.50
15.00 41 40 41 3 157.50 152.50 40 0 0 5.00 0.00 0.50
14.00 41 40 41 3 157.50 152.50 40 0 0 5.00 0.00 0.50
14.00 41 41 41 3 137.14 172.86 41 0 0 5.00 0.00 0.50
14.00 42 41 41 3 155.00 155.00 41 0 0 5.00 0.00 0.50
14.00 38 41 41 3 155.00 155.00 41 0 0 5.00 0.00 0.50
14.00 38 41 41 3 155.00 155.00 41 0 0 5.00 0.00 0.50
14.00 42 42 41 3 134.64 175.36 42 0 0 5.00 0.00 0.50
14.00 41 41 41 3 172.86 137.14 41 0 0 5.00 0.00 0.50
14.00 42 41 41 3 155.00 155.00 41 0 0 5.00 0.00 0.50
15.00 41 41 41 3 155.00 155.00 41 0 0 5.00 0.00 0.50
13.00 41 42 41 3 133.27 176.73 42 0 0 5.00 0.00 0.50
14.00 41 42 41 3 152.50 157.50 42 0 0 5.00 0.00 0.50
15.00 41 41 41 3 171.67 138.33 41 0 0 5.00 0.00 0.50
13.00 41 42 41 3 133.27 176.73 42 0 0 5.00 0.00 0.50
14.00 41 41 41 3 172.86 137.14 41 0 0 5.00 0.00 0.50
15.00 41 41 41 3 155.00 155.00 41 0 0 5.00 0.00 0.50
14.00 42 41 41 3 155.00 155.00 41 0 0 5.00 0.00 0.50
13.00 41 42 41 3 133.27 176.73 42 0 0 5.00 0.00 0.50
15.00 41 41 41 3 171.67 138.33 41 0 0 5.00 0.00 0.50
14.00 42 41 41 3 155.00 155.00 41 0 0 5.00 0.00 0.50
13.00 41 42 41 3 133.27 176.73 42 0 0 5.00 0.00 0.50
15.00 42 42 41 3 152.50 157.50 42 0 0 5.00 0.00 0.50
14.00 41 42 41 3 152.50 157.50 42 0 0 5.00 0.00 0.50
14.00 41 42 41 3 152.50 157.50 42 0 0 5.00 0.00 0.50
14.00 42 42 41 3 152.50 157.50 42 0 0 5.00 0.00 0.50
14.00 42 42 41 3 152.50 157.50 42 0 0 5.00 0.00 0.50
14.00 42 42 41 3 152.50 157.50 42 0 0 5.00 0.00 0.50
14.00 42 42 41 3 152.50 157.50 42 0 0 5.00 0.00 0.50
14.00 41 42 41 3 152.50 157.50 42 0 0 5.00 0.00 0.50
14.00 42 42 41 3 152.50 157.50 42 0 0 5.00 0.00 0.50
15.00 41 42 41 3 152.50 157.50 42 0 0 5.00 0.00 0.50
13.00 41 42 41 3 152.50 157.50 42 0 0 5.00 0.00 0.50
14.00 42 42 41 3 152.50 157.50 42 0 0 5.00 0.00 0.50
15.00 42 42 41 3 152.50 157.50 42 0 0 5.00 0.00 0.50
13.00 42 42 41 3 152.50 157.50 42 0 0 5.00 0.00 0.50
14.00 42 42 41 3 152.50 157.50 42 0 0 5.00 0.00 0.50
15.00 42 42 41 3 152.50 157.50 42 0 0 5.00 0.00 0.50
13.00 42 42 41 3 152.50 157.50 42 0 0 5.00 0.00 0.50
14.00 42 42 41 3 152.50 157.50 42 0 0 5.00 0.00 0.50
15.00 42 42 41 3 152.50 157.50 42 0 0 5.00 0.00 0.50
14.00 42 42 41 3 152.50 157.50 42 0 0 5.00 0.00 0.50
13.00 42 42 41 3 152.50 157.50 42 0 0 5.00 0.00 0.50
15.00 42 42 41 3 152.50 157.50 42 0 0 5.00 0.00 0.50
14.00 42 42 41 3 152.50 157.50 42 0 0 5.00 0.00 0.50
13.00 42 42 41 3 152.50 157.50 42 0 0 5.00 0.00 0.50
15.00 42 42 41 3 152.50 157.50 42 0 0 5.00 0.00 0.50
14.00 42 42 41 3 152.50 157.50 42 0 0 5.00 0.00 0.50
14.00 42 42 41 3 152.50 157.50 42 0 0 5.00 0.00 0.50
14.00 42 42 41 3 152.50 157.50 42 0 0 5.00 0.00 0.50
14.00 42 42 41 3 152.50 157.50 42 0 0 5.00 0.00 0.50
14.00 42 42 41 3 152.50 157.50 42 0 0 5.00 0.00 0.50
14.00 42 41 41 3 172.86 137.14 41 0 0 5.00 0.00 0.50
14.00 42 42 41 3 134.64 175.36 42 0 0 5.00 0.00 0.50
14.00 42 41 41 3 172.86 137.14 41 0 0 5.00 0.00 0.50
15.00 42 42 41 3 135.83 174.17 42 0 0 5.00 0.00 0.50
13.00 42 42 41 3 152.50 157.50 42 0 0 5.00 0.00 0.50
14.00 42 42 41 3 152.50 157.50 42 0 0 5.00 0.00 0.50
15.00 41 41 41 3 171.67 138.33 41 0 0 5.00 0.00 0.50
13.00 42 42 41 3 133.27 176.73 42 0 0 5.00 0.00 0.50
14.00 43 42 41 3 152.50 157.50 42 0 0 5.00 0.00 0.50
14.00 42 41 41 3 172.86 137.14 41 0 0 5.00 0.00 0.50
15.00 42 41 41 3 155.00 155.00 41 0 0 5.00 0.00 0.50
13.00 41 41 41 3 155.00 155.00 41 0 0 5.00 0.00 0.50
14.00 41 41 41 3 155.00 155.00 41 0 0 5.00 0.00 0.50
15.00 39 41 41 3 155.00 155.00 41 0 0 5.00 0.00 0.50
13.00 41 41 41 3 155.00 155.00 41 0 0 5.00 0.00 0.50
14.00 42 42 41 3 134.64 175.36 42 0 0 5.00 0.00 0.50
15.00 42 42 41 3 152.50 157.50 42 0 0 5.00 0.00 0.50
14.00 42 41 41 3 172.86 137.14 41 0 0 5.00 0.00 0.50
13.00 42 41 41 3 155.00 155.00 41 0 0 5.00 0.00 0.50
15.00 41 41 41 3 155.00 155.00 41 0 0 5.00 0.00 0.50
14.00 39 41 41 3 155.00 155.00 41 0 0 5.00 0.00 0.50
13.00 38 42 41 3 133.27 176.73 42 0 0 5.00 0.00 0.50
15.00 40 41 41 3 171.67 138.33 41 0 0 5.00 0.00 0.50
14.00 41 41 41 3 155.00 155.00 41 0 0 5.00 0.00 0.50
14.00 41 41 41 3 155.00 155.00 41 0 0 5.00 0.00 0.50
14.00 41 41 41 3 155.00 155.00 41 0 0 5.00 0.00 0.50
14.00 42 41 41 3 155.00 155.00 41 0 0 5.00 0.00 0.50
14.00 41 42 41 3 134.64 175.36 42 0 0 5.00 0.00 0.50
14.00 42 41 41 3 172.86 137.14 41 0 0 5.00 0.00 0.50
14.00 41 41 41 3 155.00 155.00 41 0 0 5.00 0.00 0.50
14.00 42 42 41 3 134.64 175.36 42 0 0 5.00 0.00 0.50
14.00 42 42 41 3 152.50 157.50 42 0 0 5.00 0.00 0.50
14.00 41 41 41 3 172.86 137.14 41 0 0 5.00 0.00 0.50
14.00 42 41 41 3 155.00 155.00 41 0 0 5.00 0.00 0.50
15.00 42 41 41 3 155.00 155.00 41 0 0 5.00 0.00 0.50
13.00 42 41 41 3 155.00 155.00 41 0 0 5.00 0.00 0.50
14.00 41 41 41 3 155.00 155.00 41 0 0 5.00 0.00 0.50
15.00 41 41 41 3 155.00 155.00 41 0 0 5.00 0.00 0.50
13.00 41 41 41 3 155.00 155.00 41 0 0 5.00 0.00 0.50
14.00 41 41 41 3 155.00 155.00 41 0 0 5.00 0.00 0.50
15.00 42 41 41 3 155.00 155.00 41 0 0 5.00 0.00 0.50
14.00 41 41 41 3 155.00 155.00 41 0 0 5.00 0.00 0.50
13.00 41 42 41 3 133.27 176.73 42 0 0 5.00 0.00 0.50
15.00 41 42 41 3 152.50 157.50 42 0 0 5.00 0.00 0.50
14.00 42 41 41 3 172.86 137.14 41 0 0 5.00 0.00 0.50
13.00 41 42 41 3 133.27 176.73 42 0 0 5.00 0.00 0.50
15.00 41 42 41 3 152.50 157.50 42 0 0 5.00 0.00 0.50
14.00 41 41 41 3 172.86 137.14 41 0 0 5.00 0.00 0.50
14.00 41 42 41 3 134.64 175.36 42 0 0 5.00 0.00 0.50
14.00 41 41 41 3 172.86 137.14 41 0 0 5.00 0.00 0.50
14.00 41 41 41 3 155.00 155.00 41 0 0 5.00 0.00 0.50
14.00 42 41 41 3 155.00 155.00 41 0 0 5.00 0.00 0.50
14.00 42 41 41 3 155.00 155.00 41 0 0 5.00 0.00 0.50
14.00 41 41 41 3 155.00 155.00 41 0 0 5.00 0.00 0.50
14.00 41 41 41 3 155.00 155.00 41 0 0 5.00 0.00 0.50
15.00 38 41 41 3 155.00 155.00 41 0 0 5.00 0.00 0.50
13.00 41 41 41 3 155.00 155.00 41 0 0 5.00 0.00 0.50
14.00 41 41 41 3 155.00 155.00 41 0 0 5.00 0.00 0.50
15.00 41 41 41 3 155.00 155.00 41 0 0 5.00 0.00 0.50
13.00 41 41 41 3 155.00 155.00 41 0 0 5.00 0.00 0.50
14.00 42 41 41 3 155.00 155.00 41 0 0 5.00 0.00 0.50
15.00 42 41 41 3 155.00 155.00 41 0 0 5.00 0.00 0.50
14.00 40 41 41 3 155.00 155.00 41 0 0 5.00 0.00 0.50
13.00 39 41 41 3 155.00 155.00 41 0 0 5.00 0.00 0.50
15.00 39 41 41 3 155.00 155.00 41 0 0 5.00 0.00 0.50
14.00 40 41 41 3 155.00 155.00 41 0 0 5.00 0.00 0.50
13.00 40 41 41 3 155.00 155.00 41 0 0 5.00 0.00 0.50
15.00 40 41 41 3 155.00 155.00 41 0 0 5.00 0.00 0.50
14.00 41 41 41 3 155.00 155.00 41 0 0 5.00 0.00 0.50
14.00 40 41 41 3 155.00 155.00 41 0 0 5.00 0.00 0.50
14.00 41 41 41 3 155.00 155.00 41 0 0 5.00 0.00 0.50
14.00 41 41 41 3 155.00 155.00 41 0 0 5.00 0.00 0.50
14.00 41 41 41 3 155.00 155.00 41 0 0 5.00 0.00 0.50
14.00 41 41 41 3 155.00 155.00 41 0 0 5.00 0.00 0.50
14.00 42 41 41 3 155.00 155.00 41 0 0 5.00 0.00 0.50
14.00 41 41 41 3 155.00 155.00 41 0 0 5.00 0.00 0.50
14.00 41 41 41 3 155.00 155.00 41 0 0 5.00 0.00 0.50
14.00 42 41 41 3 155.00 155.00 41 0 0 5.00 0.00 0.50
14.00 42 41 41 3 155.00 155.00 41 0 0 5.00 0.00 0.50
15.00 42 41 41 3 155.00 155.00 41 0 0 5.00 0.00 0.50
13.00 41 41 41 3 155.00 155.00 41 0 0 5.00 0.00 0.50
14.00 41 41 41 3 155.00 155.00 41 0 0 5.00 0.00 0.50
15.00 41 41 41 3 155.00 155.00 41 0 0 5.00 0.00 0.50
13.00 41 41 41 3 155.00 155.00 41 0 0 5.00 0.00 0.50
14.00 41 41 41 3 155.00 155.00 41 0 0 5.00 0.00 0.50
14.00 42 41 41 3 155.00 155.00 41 0 0 5.00 0.00 0.50
15.00 41 41 41 3 155.00 155.00 41 0 0 5.00 0.00 0.50
13.00 41 41 41 3 155.00 155.00 41 0 0 5.00 0.00 0.50
14.00 41 41 41 3 155.00 155.00 41 0 0 5.00 0.00 0.50
15.00 42 42 41 3 135.83 174.17 42 0 0 5.00 0.00 0.50
13.00 42 42 41 3 152.50 157.50 42 0 0 5.00 0.00 0.50
14.00 42 41 41 3 172.86 137.14 41 0 0 5.00 0.00 0.50
15.00 41 41 41 3 155.00 155.00 41 0 0 5.00 0.00 0.50
14.00 41 41 41 3 155.00 155.00 41 0 0 5.00 0.00 0.50
13.00 41 41 41 3 155.00 155.00 41 0 0 5.00 0.00 0.50
15.00 42 41 41 3 155.00 155.00 41 0 0 5.00 0.00 0.50
14.00 41 41 41 3 155.00 155.00 41 0 0 5.00 0.00 0.50
13.00 41 41 41 3 155.00 155.00 41 0 0 5.00 0.00 0.50
15.00 41 42 41 3 135.83 174.17 42 0 0 5.00 0.00 0.50
14.00 42 41 41 3 172.86 137.14 41 0 0 5.00 0.00 0.50
14.00 41 41 41 3 155.00 155.00 41 0 0 5.00 0.00 0.50
14.00 41 41 41 3 155.00 155.00 41 0 0 5.00 0.00 0.50
14.00 41 41 41 3 155.00 155.00 41 0 0 5.00 0.00 0.50
14.00 41 41 41 3 155.00 155.00 41 0 0 5.00 0.00 0.50
14.00 41 41 41 3 155.00 155.00 41 0 0 5.00 0.00 0.50
14.00 41 42 41 3 134.64 175.36 42 0 0 5.00 0.00 0.50
14.00 41 41 41 3 172.86 137.14 41 0 0 5.00 0.00 0.50
15.00 41 42 41 3 135.83 174.17 42 0 0 5.00 0.00 0.50
13.00 41 41 41 3 174.23 135.77 41 0 0 5.00 0.00 0.50
14.00 41 41 41 3 155.00 155.00 41 0 0 5.00 0.00 0.50
15.00 41 41 41 3 155.00 155.00 41 0 0 5.00 0.00 0.50
13.00 41 41 41 3 155.00 155.00 41 0 0 5.00 0.00 0.50
14.00 42 41 41 3 155.00 155.00 41 0 0 5.00 0.00 0.50
15.00 41 42 41 3 135.83 174.17 42 0 0 5.00 0.00 0.50
13.00 41 42 41 3 152.50 157.50 42 0 0 5.00 0.00 0.50
14.00 41 41 41 3 172.86 137.14 41 0 0 5.00 0.00 0.50
15.00 41 41 41 3 155.00 155.00 41 0 0 5.00 0.00 0.50
14.00 41 41 41 3 155.00 155.00 41 0 0 5.00 0.00 0.50
13.00 41 41 41 3 155.00 155.00 41 0 0 5.00 0.00 0.50
15.00 41 42 41 3 135.83 174.17 42 0 0 5.00 0.00 0.50
14.00 41 41 41 3 172.86 137.14 41 0 0 5.00 0.00 0.50
13.00 41 42 41 3 133.27 176.73 42 0 0 5.00 0.00 0.50
15.00 41 41 41 3 171.67 138.33 41 0 0 5.00 0.00 0.50
14.00 41 41 41 3 155.00 155.00 41 0 0 5.00 0.00 0.50
14.00 41 42 41 3 134.64 175.36 42 0 0 5.00 0.00 0.50
14.00 40 41 41 3 172.86 137.14 41 0 0 5.00 0.00 0.50
14.00 40 41 41 3 155.00 155.00 41 0 0 5.00 0.00 0.50
14.00 40 41 41 3 155.00 155.00 41 0 0 5.00 0.00 0.50
14.00 41 41 41 3 155.00 155.00 41 0 0 5.00 0.00 0.50
14.00 40 41 41 3 155.00 155.00 41 0 0 5.00 0.00 0.50
14.00 41 41 41 3 155.00 155.00 41 0 0 5.00 0.00 0.50
15.00 41 41 41 3 155.00 155.00 41 0 0 5.00 0.00 0.50
13.00 42 42 41 3 133.27 176.73 42 0 0 5.00 0.00 0.50
14.00 41 41 41 3 172.86 137.14 41 0 0 5.00 0.00 0.50
15.00 41 41 41 3 155.00 155.00 41 0 0 5.00 0.00 0.50
13.00 41 41 41 3 155.00 155.00 41 0 0 5.00 0.00 0.50
14.00 41 41 41 3 155.00 155.00 41 0 0 5.00 0.00 0.50
15.00 41 41 41 3 155.00 155.00 41 0 0 5.00 0.00 0.50
14.00 41 41 41 3 155.00 155.00 41 0 0 5.00 0.00 0.50
13.00 41 41 41 3 155.00 155.00 41 0 0 5.00 0.00 0.50
15.00 41 41 41 3 155.00 155.00 41 0 0 5.00 0.00 0.50
14.00 41 41 41 3 155.00 155.00 41 0 0 5.00 0.00 0.50
13.00 42 42 41 3 133.27 176.73 42 0 0 5.00 0.00 0.50
15.00 41 41 41 3 171.67 138.33 41 0 0 5.00 0.00 0.50
14.00 41 41 41 3 155.00 155.00 41 0 0 5.00 0.00 0.50
14.00 41 41 41 3 155.00 155.00 41 0 0 5.00 0.00 0.50
14.00 41 41 41 3 155.00 155.00 41 0 0 5.00 0.00 0.50
14.00 41 42 41 3 134.64 175.36 42 0 0 5.00 0.00 0.50
14.00 41 41 41 3 172.86 137.14 41 0 0 5.00 0.00 0.50
14.00 41 41 41 3 155.00 155.00 41 0 0 5.00 0.00 0.50
14.00 41 42 41 3 134.64 175.36 42 0 0 5.00 0.00 0.50
14.00 41 41 41 3 172.86 137.14 41 0 0 5.00 0.00 0.50
15.00 41 41 41 3 155.00 155.00 41 0 0 5.00 0.00 0.50
13.00 41 41 41 3 155.00 155.00 41 0 0 5.00 0.00 0.50
14.00 40 41 41 3 155.00 155.00 41 0 0 5.00 0.00 0.50
15.00 40 41 41 3 155.00 155.00 41 0 0 5.00 0.00 0.50
13.00 40 41 41 3 155.00 155.00 41 0 0 5.00 0.00 0.50
14.00 40 41 41 3 155.00 155.00 41 0 0 5.00 0.00 0.50
15.00 41 41 41 3 155.00 155.00 41 0 0 5.00 0.00 0.50
13.00 41 41 41 3 155.00 155.00 41 0 0 5.00 0.00 0.50
14.00 40 41 41 3 155.00 155.00 41 0 0 5.00 0.00 0.50
15.00 40 41 41 3 155.00 155.00 41 0 0 5.00 0.00 0.50
14.00 40 41 41 3 155.00 155.00 41 0 0 5.00 0.00 0.50
13.00 40 41 41 3 155.00 155.00 41 0 0 5.00 0.00 0.50
14.00 40 41 41 3 155.00 155.00 41 0 0 5.00 0.00 0.50
15.00 40 41 41 3 155.00 155.00 41 0 0 5.00 0.00 0.50
13.00 40 41 41 3 155.00 155.00 41 0 0 5.00 0.00 0.50
14.00 40 41 41 3 155.00 155.00 41 0 0 5.00 0.00 0.50
15.00 40 41 41 3 155.00 155.00 41 0 0 5.00 0.00 0.50
14.00 40 41 41 3 155.00 155.00 41 0 0 5.00 0.00 0.50
13.00 41 41 41 3 155.00 155.00 41 0 0 5.00 0.00 0.50
15.00 40 41 41 3 155.00 155.00 41 0 0 5.00 0.00 0.50
14.00 41 41 41 3 155.00 155.00 41 0 0 5.00 0.00 0.50
13.00 40 41 41 3 155.00 155.00 41 0 0 5.00 0.00 0.50
15.00 40 41 41 3 155.00 155.00 41 0 0 5.00 0.00 0.50
14.00 41 41 41 3 155.00 155.00 41 0 0 5.00 0.00 0.50
14.00 41 41 41 3 155.00 155.00 41 0 0 5.00 0.00 0.50
14.00 41 41 41 3 155.00 155.00 41 0 0 5.00 0.00 0.50
14.00 40 41 41 3 155.00 155.00 41 0 0 5.00 0.00 0.50
14.00 41 41 41 3 155.00 155.00 41 0 0 5.00 0.00 0.50
14.00 41 41 41 3 155.00 155.00 41 0 0 5.00 0.00 0.50
14.00 41 41 41 3 155.00 155.00 41 0 0 5.00 0.00 0.50
14.00 41 41 41 3 155.00 155.00 41 0 0 5.00 0.00 0.50
15.00 41 41 41 3 155.00 155.00 41 0 0 5.00 0.00 0.50
13.00 41 41 41 3 155.00 155.00 41 0 0 5.00 0.00 0.50
14.00 41 41 41 3 155.00 155.00 41 0 0 5.00 0.00 0.50
15.00 41 41 41 3 155.00 155.00 41 0 0 5.00 0.00 0.50
13.00 41 41 41 3 155.00 155.00 41 0 0 5.00 0.00 0.50
14.00 41 41 41 3 155.00 155.00 41 0 0 5.00 0.00 0.50
15.00 41 41 41 3 155.00 155.00 41 0 0 5.00 0.00 0.50
14.00 41 41 41 3 155.00 155.00 41 0 0 5.00 0.00 0.50
13.00 41 41 41 3 155.00 155.00 41 0 0 5.00 0.00 0.50
15.00 41 41 41 3 155.00 155.00 41 0 0 5.00 0.00 0.50
14.00 41 41 41 3 155.00 155.00 41 0 0 5.00 0.00 0.50
13.00 41 42 41 3 133.27 176.73 42 0 0 5.00 0.00 0.50
15.00 41 41 41 3 171.67 138.33 41 0 0 5.00 0.00 0.50
14.00 41 41 41 3 155.00 155.00 41 0 0 5.00 0.00 0.50
14.00 41 41 41 3 155.00 155.00 41 0 0 5.00 0.00 0.50
14.00 41 41 41 3 155.00 155.00 41 0 0 5.00 0.00 0.50
14.00 41 41 41 3 155.00 155.00 41 0 0 5.00 0.00 0.50
14.00 41 41 41 3 155.00 155.00 41 0 0 5.00 0.00 0.50
14.00 41 42 41 3 134.64 175.36 42 0 0 5.00 0.00 0.50
14.00 41 41 41 3 172.86 137.14 41 0 0 5.00 0.00 0.50
14.00 41 41 41 3 155.00 155.00 41 0 0 5.00 0.00 0.50
14.00 41 41 41 3 155.00 155.00 41 0 0 5.00 0.00 0.50
14.00 41 42 41 3 134.64 175.36 42 0 0 5.00 0.00 0.50
14.00 41 41 41 3 172.86 137.14 41 0 0 5.00 0.00 0.50
15.00 41 41 41 3 155.00 155.00 41 0 0 5.00 0.00 0.50
13.00 41 41 41 3 155.00 155.00 41 0 0 5.00 0.00 0.50
14.00 40 41 41 3 155.00 155.00 41 0 0 5.00 0.00 0.50
15.00 41 41 41 3 155.00 155.00 41 0 0 5.00 0.00 0.50
13.00 41 41 41 3 155.00 155.00 41 0 0 5.00 0.00 0.50
14.00 41 41 41 3 155.00 155.00 41 0 0 5.00 0.00 0.50
15.00 41 41 41 3 155.00 155.00 41 0 0 5.00 0.00 0.50
14.00 41 42 41 3 134.64 175.36 42 0 0 5.00 0.00 0.50
13.00 40 41 41 3 174.23 135.77 41 0 0 5.00 0.00 0.50
15.00 40 41 41 3 155.00 155.00 41 0 0 5.00 0.00 0.50
14.00 41 42 41 3 134.64 175.36 42 0 0 5.00 0.00 0.50
13.00 40 41 41 3 174.23 135.77 41 0 0 5.00 0.00 0.50
15.00 40 41 41 3 155.00 155.00 41 0 0 5.00 0.00 0.50
14.00 40 41 41 3 155.00 155.00 41 0 0 5.00 0.00 0.50
14.00 40 41 41 3 155.00 155.00 41 0 0 5.00 0.00 0.50
14.00 40 41 41 3 155.00 155.00 41 0 0 5.00 0.00 0.50
14.00 41 41 41 3 155.00 155.00 41 0 0 5.00 0.00 0.50
14.00 41 41 41 3 155.00 155.00 41 0 0 5.00 0.00 0.50
14.00 41 41 41 3 155.00 155.00 41 0 0 5.00 0.00 0.50
14.00 41 41 41 3 155.00 155.00 41 0 0 5.00 0.00 0.50
14.00 41 41 41 3 155.00 155.00 41 0 0 5.00 0.00 0.50
15.00 41 41 41 3 155.00 155.00 41 0 0 5.00 0.00 0.50
13.00 41 42 41 3 133.27 176.73 42 0 0 5.00 0.00 0.50
14.00 41 41 41 3 172.86 137.14 41 0 0 5.00 0.00 0.50
15.00 41 42 41 3 135.83 174.17 42 0 0 5.00 0.00 0.50
13.00 41 41 41 3 174.23 135.77 41 0 0 5.00 0.00 0.50
14.00 41 42 41 3 134.64 175.36 42 0 0 5.00 0.00 0.50
15.00 41 41 41 3 171.67 138.33 41 0 0 5.00 0.00 0.50
14.00 41 41 41 3 155.00 155.00 41 0 0 5.00 0.00 0.50
13.00 41 42 41 3 133.27 176.73 42 0 0 5.00 0.00 0.50
15.00 41 41 41 3 171.67 138.33 41 0 0 5.00 0.00 0.50
14.00 41 42 41 3 134.64 175.36 42 0 0 5.00 0.00 0.50
13.00 40 42 41 3 152.50 157.50 42 0 0 5.00 0.00 0.50
14.00 40 42 41 3 152.50 157.50 42 0 0 5.00 0.00 0.50
15.00 40 41 41 3 171.67 138.33 41 0 0 5.00 0.00 0.50
13.00 42 42 41 3 133.27 176.73 42 0 0 5.00 0.00 0.50
14.00 40 42 41 3 152.50 157.50 42 0 0 5.00 0.00 0.50
15.00 40 42 41 3 152.50 157.50 42 0 0 5.00 0.00 0.50
14.00 41 42 41 3 152.50 157.50 42 0 0 5.00 0.00 0.50
13.00 40 42 41 3 152.50 157.50 42 0 0 5.00 0.00 0.50
15.00 41 42 41 3 152.50 157.50 42 0 0 5.00 0.00 0.50
14.00 42 42 41 3 152.50 157.50 42 0 0 5.00 0.00 0.50
13.00 40 42 41 3 152.50 157.50 42 0 0 5.00 0.00 0.50
15.00 40 42 41 3 152.50 157.50 42 0 0 5.00 0.00 0.50
14.00 40 42 41 3 152.50 157.50 42 0 0 5.00 0.00 0.50
14.00 40 42 41 3 152.50 157.50 42 0 0 5.00 0.00 0.50
14.00 41 43 41 3 132.14 177.86 43 0 0 5.00 0.00 0.50
14.00 41 43 41 3 150.00 160.00 43 0 0 5.00 0.00 0.50
14.00 40 43 41 3 150.00 160.00 43 0 0 5.00 0.00 0.50
14.00 41 42 41 3 170.36 139.64 42 0 0 5.00 0.00 0.50
14.00 41 42 41 3 152.50 157.50 42 0 0 5.00 0.00 0.50
14.00 41 42 41 3 152.50 157.50 42 0 0 5.00 0.00 0.50
15.00 41 42 41 3 152.50 157.50 42 0 0 5.00 0.00 0.50
13.00 41 42 41 3 152.50 157.50 42 0 0 5.00 0.00 0.50
14.00 41 42 41 3 152.50 157.50 42 0 0 5.00 0.00 0.50
15.00 41 42 41 3 152.50 157.50 42 0 0 5.00 0.00 0.50
13.00 41 42 41 3 152.50 157.50 42 0 0 5.00 0.00 0.50
14.00 41 42 41 3 152.50 157.50 42 0 0 5.00 0.00 0.50
15.00 41 43 41 3 133.33 176.67 43 0 0 5.00 0.00 0.50
14.00 41 43 41 3 150.00 160.00 43 0 0 5.00 0.00 0.50
13.00 42 42 41 3 171.73 138.27 42 0 0 5.00 0.00 0.50
15.00 42 42 41 3 152.50 157.50 42 0 0 5.00 0.00 0.50
14.00 41 42 41 3 152.50 157.50 42 0 0 5.00 0.00 0.50
13.00 42 42 41 3 152.50 157.50 42 0 0 5.00 0.00 0.50
15.00 42 42 41 3 152.50 157.50 42 0 0 5.00 0.00 0.50
14.00 41 42 41 3 152.50 157.50 42 0 0 5.00 0.00 0.50
14.00 42 42 41 3 152.50 157.50 42 0 0 5.00 0.00 0.50
14.00 41 42 41 3 152.50 157.50 42 0 0 5.00 0.00 0.50
14.00 42 42 41 3 152.50 157.50 42 0 0 5.00 0.00 0.50
14.00 42 42 41 3 152.50 157.50 42 0 0 5.00 0.00 0.50
14.00 43 42 41 3 152.50 157.50 42 0 0 5.00 0.00 0.50
14.00 42 42 41 3 152.50 157.50 42 0 0 5.00 0.00 0.50
14.00 41 42 41 3 152.50 157.50 42 0 0 5.00 0.00 0.50
15.00 42 42 41 3 152.50 157.50 42 0 0 5.00 0.00 0.50
13.00 41 42 41 3 152.50 157.50 42 0 0 5.00 0.00 0.50
14.00 42 42 41 3 152.50 157.50 42 0 0 5.00 0.00 0.50
15.00 42 42 41 3 152.50 157.50 42 0 0 5.00 0.00 0.50
13.00 42 42 41 3 152.50 157.50 42 0 0 5.00 0.00 0.50
14.00 42 42 41 3 152.50 157.50 42 0 0 5.00 0.00 0.50
15.00 42 42 41 3 152.50 157.50 42 0 0 5.00 0.00 0.50
13.00 43 42 41 3 152.50 157.50 42 0 0 5.00 0.00 0.50
14.00 42 42 41 3 152.50 157.50 42 0 0 5.00 0.00 0.50
15.00 42 42 41 3 152.50 157.50 42 0 0 5.00 0.00 0.50
14.00 41 42 41 3 152.50 157.50 42 0 0 5.00 0.00 0.50
13.00 42 42 41 3 152.50 157.50 42 0 0 5.00 0.00 0.50
15.00 43 42 41 3 152.50 157.50 42 0 0 5.00 0.00 0.50
14.00 41 42 41 3 152.50 157.50 42 0 0 5.00 0.00 0.50
13.00 40 42 41 3 152.50 157.50 42 0 0 5.00 0.00 0.50
15.00 41 42 41 3 152.50 157.50 42 0 0 5.00 0.00 0.50
14.00 38 42 41 3 152.50 157.50 42 0 0 5.00 0.00 0.50
14.00 38 42 41 3 152.50 157.50 42 0 0 5.00 0.00 0.50
14.00 39 42 41 3 152.50 157.50 42 0 0 5.00 0.00 0.50
14.00 42 42 41 3 152.50 157.50 42 0 0 5.00 0.00 0.50
14.00 40 41 41 3 172.86 137.14 41 0 0 5.00 0.00 0.50
14.00 40 41 41 3 155.00 155.00 41 0 0 5.00 0.00 0.50
14.00 41 41 41 3 155.00 155.00 41 0 0 5.00 0.00 0.50
14.00 41 41 41 3 155.00 155.00 41 0 0 5.00 0.00 0.50
15.00 41 41 41 3 155.00 155.00 41 0 0 5.00 0.00 0.50
13.00 42 42 41 3 133.27 176.73 42 0 0 5.00 0.00 0.50
14.00 42 42 41 3 152.50 157.50 42 0 0 5.00 0.00 0.50
15.00 42 42 41 3 152.50 157.50 42 0 0 5.00 0.00 0.50
13.00 42 42 41 3 152.50 157.50 42 0 0 5.00 0.00 0.50
14.00 41 42 41 3 152.50 157.50 42 0 0 5.00 0.00 0.50
15.00 42 42 41 3 152.50 157.50 42 0 0 5.00 0.00 0.50
14.00 41 42 41 3 152.50 157.50 42 0 0 5.00 0.00 0.50
13.00 42 42 41 3 152.50 157.50 42 0 0 5.00 0.00 0.50
15.00 41 42 41 3 152.50 157.50 42 0 0 5.00 0.00 0.50
14.00 41 42 41 3 152.50 157.50 42 0 0 5.00 0.00 0.50
13.00 42 42 41 3 152.50 157.50 42 0 0 5.00 0.00 0.50
15.00 42 42 41 3 152.50 157.50 42 0 0 5.00 0.00 0.50
14.00 41 42 41 3 152.50 157.50 42 0 0 5.00 0.00 0.50
14.00 41 42 41 3 152.50 157.50 42 0 0 5.00 0.00 0.50
13.00 41 42 41 3 152.50 157.50 42 0 0 5.00 0.00 0.50
15.00 42 42 41 3 152.50 157.50 42 0 0 5.00 0.00 0.50
14.00 42 42 41 3 152.50 157.50 42 0 0 5.00 0.00 0.50
13.00 42 42 41 3 152.50 157.50 42 0 0 5.00 0.00 0.50
15.00 41 42 41 3 152.50 157.50 42 0 0 5.00 0.00 0.50
14.00 42 43 41 3 132.14 177.86 43 0 0 5.00 0.00 0.50
14.00 42 42 41 3 170.36 139.64 42 0 0 5.00 0.00 0.50
14.00 42 42 41 3 152.50 157.50 42 0 0 5.00 0.00 0.50
14.00 41 42 41 3 152.50 157.50 42 0 0 5.00 0.00 0.50
14.00 42 42 41 3 152.50 157.50 42 0 0 5.00 0.00 0.50
14.00 41 42 41 3 152.50 157.50 42 0 0 5.00 0.00 0.50
14.00 42 42 41 3 152.50 157.50 42 0 0 5.00 0.00 0.50
14.00 42 42 41 3 152.50 157.50 42 0 0 5.00 0.00 0.50
14.00 42 42 41 3 152.50 157.50 42 0 0 5.00 0.00 0.50
14.00 42 42 41 3 152.50 157.50 42 0 0 5.00 0.00 0.50
14.00 41 42 41 3 152.50 157.50 42 0 0 5.00 0.00 0.50
15.00 42 42 41 3 152.50 157.50 42 0 0 5.00 0.00 0.50
13.00 41 42 41 3 152.50 157.50 42 0 0 5.00 0.00 0.50
14.00 41 42 41 3 152.50 157.50 42 0 0 5.00 0.00 0.50
15.00 41 42 41 3 152.50 157.50 42 0 0 5.00 0.00 0.50
13.00 41 43 41 3 130.77 179.23 43 0 0 5.00 0.00 0.50
14.00 42 42 41 3 170.36 139.64 42 0 0 5.00 0.00 0.50
15.00 41 42 41 3 152.50 157.50 42 0 0 5.00 0.00 0.50
14.00 41 42 41 3 152.50 157.50 42 0 0 5.00 0.00 0.50
13.00 41 42 41 3 152.50 157.50 42 0 0 5.00 0.00 0.50
15.00 41 42 41 3 152.50 157.50 42 0 0 5.00 0.00 0.50
14.00 42 43 41 3 132.14 177.86 43 0 0 5.00 0.00 0.50
13.00 42 43 41 3 150.00 160.00 43 0 0 5.00 0.00 0.50
15.00 42 43 41 3 150.00 160.00 43 0 0 5.00 0.00 0.50
14.00 41 42 41 3 170.36 139.64 42 0 0 5.00 0.00 0.50
14.00 41 42 41 3 152.50 157.50 42 0 0 5.00 0.00 0.50
14.00 41 43 41 3 132.14 177.86 43 0 0 5.00 0.00 0.50
14.00 41 42 41 3 170.36 139.64 42 0 0 5.00 0.00 0.50
14.00 42 42 41 3 152.50 157.50 42 0 0 5.00 0.00 0.50
14.00 42 43 41 3 132.14 177.86 43 0 0 5.00 0.00 0.50
14.00 42 43 41 3 150.00 160.00 43 0 0 5.00 0.00 0.50
14.00 42 43 41 3 150.00 160.00 43 0 0 5.00 0.00 0.50
15.00 42 43 41 3 150.00 160.00 43 0 0 5.00 0.00 0.50
13.00 42 43 41 3 150.00 160.00 43 0 0 5.00 0.00 0.50
14.00 42 43 41 3 150.00 160.00 43 0 0 5.00 0.00 0.50
15.00 42 44 41 3 130.83 179.17 44 0 0 5.00 0.00 0.50
13.00 43 43 41 3 169.23 140.77 43 0 0 5.00 0.00 0.50
14.00 42 44 41 3 129.64 180.36 44 0 0 5.00 0.00 0.50
15.00 41 43 41 3 166.67 143.33 43 0 0 5.00 0.00 0.50
14.00 42 43 41 3 150.00 160.00 43 0 0 5.00 0.00 0.50
13.00 42 43 41 3 150.00 160.00 43 0 0 5.00 0.00 0.50
15.00 42 43 41 3 150.00 160.00 43 0 0 5.00 0.00 0.50
14.00 42 44 41 3 129.64 180.36 44 0 0 5.00 0.00 0.50
13.00 42 43 41 3 169.23 140.77 43 0 0 5.00 0.00 0.50
15.00 42 43 41 3 150.00 160.00 43 0 0 5.00 0.00 0.50
14.00 42 43 41 3 150.00 160.00 43 0 0 5.00 0.00 0.50
13.00 42 43 41 3 150.00 160.00 43 0 0 5.00 0.00 0.50
15.00 42 44 41 3 130.83 179.17 44 0 0 5.00 0.00 0.50
14.00 41 43 41 3 167.86 142.14 43 0 0 5.00 0.00 0.50
14.00 41 43 41 3 150.00 160.00 43 0 0 5.00 0.00 0.50
14.00 43 44 41 3 129.64 180.36 44 0 0 5.00 0.00 0.50
14.00 42 44 41 3 147.50 162.50 44 0 0 5.00 0.00 0.50
14.00 42 43 41 3 167.86 142.14 43 0 0 5.00 0.00 0.50
14.00 42 43 41 3 150.00 160.00 43 0 0 5.00 0.00 0.50
14.00 42 44 41 3 129.64 180.36 44 0 0 5.00 0.00 0.50
14.00 42 44 41 3 147.50 162.50 44 0 0 5.00 0.00 0.50
15.00 42 43 41 3 166.67 143.33 43 0 0 5.00 0.00 0.50
13.00 42 44 41 3 128.27 181.73 44 0 0 5.00 0.00 0.50
14.00 42 44 41 3 147.50 162.50 44 0 0 5.00 0.00 0.50
15.00 42 43 41 3 166.67 143.33 43 0 0 5.00 0.00 0.50
13.00 42 43 41 3 150.00 160.00 43 0 0 5.00 0.00 0.50
14.00 43 44 41 3 129.64 180.36 44 0 0 5.00 0.00 0.50
15.00 43 44 41 3 147.50 162.50 44 0 0 5.00 0.00 0.50
14.00 43 44 41 3 147.50 162.50 44 0 0 5.00 0.00 0.50
13.00 43 44 41 3 147.50 162.50 44 0 0 5.00 0.00 0.50
15.00 44 44 41 3 147.50 162.50 44 0 0 5.00 0.00 0.50
14.00 43 44 41 3 147.50 162.50 44 0 0 5.00 0.00 0.50
13.00 44 44 41 3 147.50 162.50 44 0 0 5.00 0.00 0.50
15.00 44 44 41 3 147.50 162.50 44 0 0 5.00 0.00 0.50
14.00 44 44 41 3 147.50 162.50 44 0 0 5.00 0.00 0.50
14.00 43 44 41 3 147.50 162.50 44 0 0 5.00 0.00 0.50
13.00 43 44 41 3 147.50 162.50 44 0 0 5.00 0.00 0.50
15.00 43 44 41 3 147.50 162.50 44 0 0 5.00 0.00 0.50
14.00 44 44 41 3 147.50 162.50 44 0 0 5.00 0.00 0.50
13.00 43 44 41 3 147.50 162.50 44 0 0 5.00 0.00 0.50
15.00 43 44 41 3 147.50 162.50 44 0 0 5.00 0.00 0.50
14.00 43 44 41 3 147.50 162.50 44 0 0 5.00 0.00 0.50
14.00 43 44 41 3 147.50 162.50 44 0 0 5.00 0.00 0.50
14.00 43 43 41 3 167.86 142.14 43 0 0 5.00 0.00 0.50
14.00 44 44 41 3 129.64 180.36 44 0 0 5.00 0.00 0.50
14.00 43 44 41 3 147.50 162.50 44 0 0 5.00 0.00 0.50
14.00 43 43 41 3 167.86 142.14 43 0 0 5.00 0.00 0.50
14.00 43 43 41 3 150.00 160.00 43 0 0 5.00 0.00 0.50
14.00 44 43 41 3 150.00 160.00 43 0 0 5.00 0.00 0.50
15.00 44 43 41 3 150.00 160.00 43 0 0 5.00 0.00 0.50
13.00 44 43 41 3 150.00 160.00 43 0 0 5.00 0.00 0.50
14.00 43 43 41 3 150.00 160.00 43 0 0 5.00 0.00 0.50
15.00 43 43 41 3 150.00 160.00 43 0 0 5.00 0.00 0.50
13.00 43 43 41 3 150.00 160.00 43 0 0 5.00 0.00 0.50
14.00 43 43 41 3 150.00 160.00 43 0 0 5.00 0.00 0.50
15.00 44 43 41 3 150.00 160.00 43 0 0 5.00 0.00 0.50
13.00 44 43 41 3 150.00 160.00 43 0 0 5.00 0.00 0.50
14.00 44 43 41 3 150.00 160.00 43 0 0 5.00 0.00 0.50
15.00 44 43 41 3 150.00 160.00 43 0 0 5.00 0.00 0.50
14.00 43 43 41 3 150.00 160.00 43 0 0 5.00 0.00 0.50
13.00 43 43 41 3 150.00 160.00 43 0 0 5.00 0.00 0.50
15.00 44 43 41 3 150.00 160.00 43 0 0 5.00 0.00 0.50
14.00 43 43 41 3 150.00 160.00 43 0 0 5.00 0.00 0.50
13.00 44 43 41 3 150.00 160.00 43 0 0 5.00 0.00 0.50
15.00 43 43 41 3 150.00 160.00 43 0 0 5.00 0.00 0.50
14.00 43 43 41 3 150.00 160.00 43 0 0 5.00 0.00 0.50
14.00 42 42 41 3 170.36 139.64 42 0 0 5.00 0.00 0.50
14.00 42 43 41 3 132.14 177.86 43 0 0 5.00 0.00 0.50
14.00 42 42 41 3 170.36 139.64 42 0 0 5.00 0.00 0.50
14.00 42 43 41 3 132.14 177.86 43 0 0 5.00 0.00 0.50
14.00 42 42 41 3 170.36 139.64 42 0 0 5.00 0.00 0.50
14.00 42 42 41 3 152.50 157.50 42 0 0 5.00 0.00 0.50
14.00 42 43 41 3 132.14 177.86 43 0 0 5.00 0.00 0.50
15.00 41 42 41 3 169.17 140.83 42 0 0 5.00 0.00 0.50
13.00 42 42 41 3 152.50 157.50 42 0 0 5.00 0.00 0.50
14.00 42 42 41 3 152.50 157.50 42 0 0 5.00 0.00 0.50
15.00 42 43 41 3 133.33 176.67 43 0 0 5.00 0.00 0.50
13.00 42 42 41 3 171.73 138.27 42 0 0 5.00 0.00 0.50
14.00 42 43 41 3 132.14 177.86 43 0 0 5.00 0.00 0.50
15.00 41 42 41 3 169.17 140.83 42 0 0 5.00 0.00 0.50
14.00 42 43 41 3 132.14 177.86 43 0 0 5.00 0.00 0.50
13.00 41 42 41 3 171.73 138.27 42 0 0 5.00 0.00 0.50
15.00 41 43 41 3 133.33 176.67 43 0 0 5.00 0.00 0.50
14.00 41 42 41 3 170.36 139.64 42 0 0 5.00 0.00 0.50
13.00 42 43 41 3 130.77 179.23 43 0 0 5.00 0.00 0.50
15.00 41 42 41 3 169.17 140.83 42 0 0 5.00 0.00 0.50
14.00 41 42 41 3 152.50 157.50 42 0 0 5.00 0.00 0.50
14.00 42 42 41 3 152.50 157.50 42 0 0 5.00 0.00 0.50
14.00 42 43 41 3 132.14 177.86 43 0 0 5.00 0.00 0.50
14.00 43 42 41 3 170.36 139.64 42 0 0 5.00 0.00 0.50
14.00 43 42 41 3 152.50 157.50 42 0 0 5.00 0.00 0.50
14.00 42 43 41 3 132.14 177.86 43 0 0 5.00 0.00 0.50
14.00 43 42 41 3 170.36 139.64 42 0 0 5.00 0.00 0.50
14.00 43 42 41 3 152.50 157.50 42 0 0 5.00 0.00 0.50
15.00 42 42 41 3 152.50 157.50 42 0 0 5.00 0.00 0.50
13.00 43 42 41 3 152.50 157.50 42 0 0 5.00 0.00 0.50
14.00 42 42 41 3 152.50 157.50 42 0 0 5.00 0.00 0.50
15.00 41 42 41 3 152.50 157.50 42 0 0 5.00 0.00 0.50
13.00 42 42 41 3 152.50 157.50 42 0 0 5.00 0.00 0.50
14.00 42 42 41 3 152.50 157.50 42 0 0 5.00 0.00 0.50
15.00 43 42 41 3 152.50 157.50 42 0 0 5.00 0.00 0.50
13.00 42 42 41 3 152.50 157.50 42 0 0 5.00 0.00 0.50
14.00 41 42 41 3 152.50 157.50 42 0 0 5.00 0.00 0.50
15.00 42 42 41 3 152.50 157.50 42 0 0 5.00 0.00 0.50
14.00 42 42 41 3 152.50 157.50 42 0 0 5.00 0.00 0.50
13.00 42 42 41 3 152.50 157.50 42 0 0 5.00 0.00 0.50
15.00 42 42 41 3 152.50 157.50 42 0 0 5.00 0.00 0.50
14.00 42 42 41 3 152.50 157.50 42 0 0 5.00 0.00 0.50
13.00 42 42 41 3 152.50 157.50 42 0 0 5.00 0.00 0.50
15.00 41 42 41 3 152.50 157.50 42 0 0 5.00 0.00 0.50
14.00 42 42 41 3 152.50 157.50 42 0 0 5.00 0.00 0.50
14.00 41 42 41 3 152.50 157.50 42 0 0 5.00 0.00 0.50
14.00 42 42 41 3 152.50 157.50 42 0 0 5.00 0.00 0.50
14.00 42 42 41 3 152.50 157.50 42 0 0 5.00 0.00 0.50
14.00 42 42 41 3 152.50 157.50 42 0 0 5.00 0.00 0.50
13.00 42 42 41 3 152.50 157.50 42 0 0 5.00 0.00 0.50
15.00 42 42 41 3 152.50 157.50 42 0 0 5.00 0.00 0.50
14.00 42 42 41 3 152.50 157.50 42 0 0 5.00 0.00 0.50
14.00 42 42 41 3 152.50 157.50 42 0 0 5.00 0.00 0.50
14.00 42 42 41 3 152.50 157.50 42 0 0 5.00 0.00 0.50
14.00 42 42 41 3 152.50 157.50 42 0 0 5.00 0.00 0.50
14.00 42 42 41 3 152.50 157.50 42 0 0 5.00 0.00 0.50
14.00 42 42 41 3 152.50 157.50 42 0 0 5.00 0.00 0.50
14.00 41 42 41 3 152.50 157.50 42 0 0 5.00 0.00 0.50
14.00 41 42 41 3 152.50 157.50 42 0 0 5.00 0.00 0.50
15.00 42 42 41 3 152.50 157.50 42 0 0 5.00 0.00 0.50
13.00 42 42 41 3 152.50 157.50 42 0 0 5.00 0.00 0.50
14.00 42 42 41 3 152.50 157.50 42 0 0 5.00 0.00 0.50
15.00 42 42 41 3 152.50 157.50 42 0 0 5.00 0.00 0.50
13.00 42 42 41 3 152.50 157.50 42 0 0 5.00 0.00 0.50
14.00 41 42 41 3 152.50 157.50 42 0 0 5.00 0.00 0.50
15.00 41 42 41 3 152.50 157.50 42 0 0 5.00 0.00 0.50
14.00 42 42 41 3 152.50 157.50 42 0 0 5.00 0.00 0.50
13.00 42 42 41 3 152.50 157.50 42 0 0 5.00 0.00 0.50
15.00 41 42 41 3 152.50 157.50 42 0 0 5.00 0.00 0.50
14.00 41 42 41 3 152.50 157.50 42 0 0 5.00 0.00 0.50
13.00 42 42 41 3 152.50 157.50 42 0 0 5.00 0.00 0.50
15.00 42 42 41 3 152.50 157.50 42 0 0 5.00 0.00 0.50
14.00 42 42 41 3 152.50 157.50 42 0 0 5.00 0.00 0.50
13.00 42 42 41 3 152.50 157.50 42 0 0 5.00 0.00 0.50
15.00 41 42 41 3 152.50 157.50 42 0 0 5.00 0.00 0.50
14.00 41 42 41 3 152.50 157.50 42 0 0 5.00 0.00 0.50
14.00 42 42 41 3 152.50 157.50 42 0 0 5.00 0.00 0.50
14.00 42 42 41 3 152.50 157.50 42 0 0 5.00 0.00 0.50
14.00 41 42 41 3 152.50 157.50 42 0 0 5.00 0.00 0.50
14.00 42 42 41 3 152.50 157.50 42 0 0 5.00 0.00 0.50
14.00 42 42 41 3 152.50 157.50 42 0 0 5.00 0.00 0.50
14.00 41 42 41 3 152.50 157.50 42 0 0 5.00 0.00 0.50
14.00 42 42 41 3 152.50 157.50 42 0 0 5.00 0.00 0.50
15.00 42 41 41 3 171.67 138.33 41 0 0 5.00 0.00 0.50
13.00 42 42 41 3 133.27 176.73 42 0 0 5.00 0.00 0.50
14.00 42 42 41 3 152.50 157.50 42 0 0 5.00 0.00 0.50
15.00 42 41 41 3 171.67 138.33 41 0 0 5.00 0.00 0.50
13.00 41 42 41 3 133.27 176.73 42 0 0 5.00 0.00 0.50
14.00 42 42 41 3 152.50 157.50 42 0 0 5.00 0.00 0.50
15.00 41 42 41 3 152.50 157.50 42 0 0 5.00 0.00 0.50
14.00 41 42 41 3 152.50 157.50 42 0 0 5.00 0.00 0.50
13.00 41 42 41 3 152.50 157.50 42 0 0 5.00 0.00 0.50
15.00 41 43 41 3 133.33 176.67 43 0 0 5.00 0.00 0.50
14.00 41 42 41 3 170.36 139.64 42 0 0 5.00 0.00 0.50
13.00 42 42 41 3 152.50 157.50 42 0 0 5.00 0.00 0.50
15.00 42 42 41 3 152.50 157.50 42 0 0 5.00 0.00 0.50
14.00 41 42 41 3 152.50 157.50 42 0 0 5.00 0.00 0.50
14.00 41 42 41 3 152.50 157.50 42 0 0 5.00 0.00 0.50
14.00 42 42 41 3 152.50 157.50 42 0 0 5.00 0.00 0.50
14.00 42 42 41 3 152.50 157.50 42 0 0 5.00 0.00 0.50
14.00 40 42 41 3 152.50 157.50 42 0 0 5.00 0.00 0.50
14.00 41 42 41 3 152.50 157.50 42 0 0 5.00 0.00 0.50
14.00 41 42 41 3 152.50 157.50 42 0 0 5.00 0.00 0.50
14.00 42 42 41 3 152.50 157.50 42 0 0 5.00 0.00 0.50
15.00 41 41 41 3 171.67 138.33 41 0 0 5.00 0.00 0.50
13.00 41 42 41 3 133.27 176.73 42 0 0 5.00 0.00 0.50
14.00 41 42 41 3 152.50 157.50 42 0 0 5.00 0.00 0.50
15.00 41 41 41 3 171.67 138.33 41 0 0 5.00 0.00 0.50
13.00 41 42 41 3 133.27 176.73 42 0 0 5.00 0.00 0.50
14.00 41 42 41 3 152.50 157.50 42 0 0 5.00 0.00 0.50
15.00 41 41 41 3 171.67 138.33 41 0 0 5.00 0.00 0.50
14.00 42 41 41 3 155.00 155.00 41 0 0 5.00 0.00 0.50
13.00 41 42 41 3 133.27 176.73 42 0 0 5.00 0.00 0.50
15.00 41 42 41 3 152.50 157.50 42 0 0 5.00 0.00 0.50
14.00 42 42 41 3 152.50 157.50 42 0 0 5.00 0.00 0.50
13.00 42 42 41 3 152.50 157.50 42 0 0 5.00 0.00 0.50
15.00 41 41 41 3 171.67 138.33 41 0 0 5.00 0.00 0.50
14.00 41 41 41 3 155.00 155.00 41 0 0 5.00 0.00 0.50
13.00 41 42 41 3 133.27 176.73 42 0 0 5.00 0.00 0.50
15.00 41 41 41 3 171.67 138.33 41 0 0 5.00 0.00 0.50
14.00 41 41 41 3 155.00 155.00 41 0 0 5.00 0.00 0.50
14.00 41 41 41 3 155.00 155.00 41 0 0 5.00 0.00 0.50
14.00 41 42 41 3 134.64 175.36 42 0 0 5.00 0.00 0.50
14.00 42 42 41 3 152.50 157.50 42 0 0 5.00 0.00 0.50
14.00 41 41 41 3 172.86 137.14 41 0 0 5.00 0.00 0.50
13.00 40 42 41 3 133.27 176.73 42 0 0 5.00 0.00 0.50
15.00 41 41 41 3 171.67 138.33 41 0 0 5.00 0.00 0.50
14.00 41 42 41 3 134.64 175.36 42 0 0 5.00 0.00 0.50
15.00 41 41 41 3 171.67 138.33 41 0 0 5.00 0.00 0.50
13.00 41 41 41 3 155.00 155.00 41 0 0 5.00 0.00 0.50
14.00 40 41 41 3 155.00 155.00 41 0 0 5.00 0.00 0.50
14.00 40 42 41 3 134.64 175.36 42 0 0 5.00 0.00 0.50
14.00 41 41 41 3 172.86 137.14 41 0 0 5.00 0.00 0.50
14.00 40 41 41 3 155.00 155.00 41 0 0 5.00 0.00 0.50
14.00 40 41 41 3 155.00 155.00 41 0 0 5.00 0.00 0.50
15.00 40 41 41 3 155.00 155.00 41 0 0 5.00 0.00 0.50
13.00 40 41 41 3 155.00 155.00 41 0 0 5.00 0.00 0.50
14.00 40 41 41 3 155.00 155.00 41 0 0 5.00 0.00 0.50
15.00 40 41 41 3 155.00 155.00 41 0 0 5.00 0.00 0.50
13.00 40 41 41 3 155.00 155.00 41 0 0 5.00 0.00 0.50
14.00 40 41 41 3 155.00 155.00 41 0 0 5.00 0.00 0.50
15.00 40 41 41 3 155.00 155.00 41 0 0 5.00 0.00 0.50
14.00 40 41 41 3 155.00 155.00 41 0 0 5.00 0.00 0.50
13.00 40 41 41 3 155.00 155.00 41 0 0 5.00 0.00 0.50
15.00 40 41 41 3 155.00 155.00 41 0 0 5.00 0.00 0.50
14.00 40 41 41 3 155.00 155.00 41 0 0 5.00 0.00 0.50
13.00 40 41 41 3 155.00 155.00 41 0 0 5.00 0.00 0.50
15.00 41 41 41 3 155.00 155.00 41 0 0 5.00 0.00 0.50
14.00 40 41 41 3 155.00 155.00 41 0 0 5.00 0.00 0.50
14.00 41 41 41 3 155.00 155.00 41 0 0 5.00 0.00 0.50
14.00 40 41 41 3 155.00 155.00 41 0 0 5.00 0.00 0.50
14.00 40 41 41 3 155.00 155.00 41 0 0 5.00 0.00 0.50
14.00 40 40 41 3 175.36 134.64 40 0 0 5.00 0.00 0.50
14.00 41 41 41 3 137.14 172.86 41 0 0 5.00 0.00 0.50
14.00 40 41 41 3 155.00 155.00 41 0 0 5.00 0.00 0.50
14.00 40 40 41 3 175.36 134.64 40 0 0 5.00 0.00 0.50
15.00 40 41 41 3 138.33 171.67 41 0 0 5.00 0.00 0.50
13.00 40 41 41 3 155.00 155.00 41 0 0 5.00 0.00 0.50
14.00 40 41 41 3 155.00 155.00 41 0 0 5.00 0.00 0.50
15.00 40 40 41 3 174.17 135.83 40 0 0 5.00 0.00 0.50
13.00 40 41 41 3 135.77 174.23 41 0 0 5.00 0.00 0.50
14.00 40 40 41 3 175.36 134.64 40 0 0 5.00 0.00 0.50
15.00 40 40 41 3 157.50 152.50 40 0 0 5.00 0.00 0.50
13.00 40 40 41 3 157.50 152.50 40 0 0 5.00 0.00 0.50
14.00 40 40 41 3 157.50 152.50 40 0 0 5.00 0.00 0.50
15.00 40 40 41 3 157.50 152.50 40 0 0 5.00 0.00 0.50
14.00 40 40 41 3 157.50 152.50 40 0 0 5.00 0.00 0.50
13.00 41 40 41 3 157.50 152.50 40 0 0 5.00 0.00 0.50
15.00 40 41 41 3 138.33 171.67 41 0 0 5.00 0.00 0.50
14.00 40 40 41 3 175.36 134.64 40 0 0 5.00 0.00 0.50
13.00 40 41 41 3 135.77 174.23 41 0 0 5.00 0.00 0.50
15.00 40 40 41 3 174.17 135.83 40 0 0 5.00 0.00 0.50
14.00 40 40 41 3 157.50 152.50 40 0 0 5.00 0.00 0.50
14.00 40 41 41 3 137.14 172.86 41 0 0 5.00 0.00 0.50
14.00 39 40 41 3 175.36 134.64 40 0 0 5.00 0.00 0.50
14.00 39 40 41 3 157.50 152.50 40 0 0 5.00 0.00 0.50
14.00 39 40 41 3 157.50 152.50 40 0 0 5.00 0.00 0.50
14.00 38 41 41 3 137.14 172.86 41 0 0 5.00 0.00 0.50
14.00 38 41 41 3 155.00 155.00 41 0 0 5.00 0.00 0.50
14.00 39 40 41 3 175.36 134.64 40 0 0 5.00 0.00 0.50
15.00 40 40 41 3 157.50 152.50 40 0 0 5.00 0.00 0.50
13.00 39 41 41 3 135.77 174.23 41 0 0 5.00 0.00 0.50
14.00 40 40 41 3 175.36 134.64 40 0 0 5.00 0.00 0.50
15.00 40 40 41 3 157.50 152.50 40 0 0 5.00 0.00 0.50
13.00 40 41 41 3 135.77 174.23 41 0 0 5.00 0.00 0.50
14.00 40 41 41 3 155.00 155.00 41 0 0 5.00 0.00 0.50
15.00 40 40 41 3 174.17 135.83 40 0 0 5.00 0.00 0.50
14.00 39 40 41 3 157.50 152.50 40 0 0 5.00 0.00 0.50
13.00 38 40 41 3 157.50 152.50 40 0 0 5.00 0.00 0.50
15.00 39 40 41 3 157.50 152.50 40 0 0 5.00 0.00 0.50
14.00 40 41 41 3 137.14 172.86 41 0 0 5.00 0.00 0.50
13.00 38 40 41 3 176.73 133.27 40 0 0 5.00 0.00 0.50
15.00 39 40 41 3 157.50 152.50 40 0 0 5.00 0.00 0.50
14.00 39 40 41 3 157.50 152.50 40 0 0 5.00 0.00 0.50
14.00 38 40 41 3 157.50 152.50 40 0 0 5.00 0.00 0.50
14.00 39 41 41 3 137.14 172.86 41 0 0 5.00 0.00 0.50
14.00 38 40 41 3 175.36 134.64 40 0 0 5.00 0.00 0.50
14.00 37 40 41 3 157.50 152.50 40 0 0 5.00 0.00 0.50
14.00 37 40 41 3 157.50 152.50 40 0 0 5.00 0.00 0.50
14.00 37 40 41 3 157.50 152.50 40 0 0 5.00 0.00 0.50
14.00 37 40 41 3 157.50 152.50 40 0 0 5.00 0.00 0.50
14.00 37 40 41 3 157.50 152.50 40 0 0 5.00 0.00 0.50
14.00 37 40 41 3 157.50 152.50 40 0 0 5.00 0.00 0.50
14.00 37 40 41 3 157.50 152.50 40 0 0 5.00 0.00 0.50
15.00 37 40 41 3 157.50 152.50 40 0 0 5.00 0.00 0.50
13.00 36 40 41 3 157.50 152.50 40 0 0 5.00 0.00 0.50
14.00 37 40 41 3 157.50 152.50 40 0 0 5.00 0.00 0.50
14.00 37 40 41 3 157.50 152.50 40 0 0 5.00 0.00 0.50
14.00 38 40 41 3 157.50 152.50 40 0 0 5.00 0.00 0.50
14.00 40 40 41 3 157.50 152.50 40 0 0 5.00 0.00 0.50
14.00 38 40 41 3 157.50 152.50 40 0 0 5.00 0.00 0.50
15.00 39 40 41 3 157.50 152.50 40 0 0 5.00 0.00 0.50
13.00 39 40 41 3 157.50 152.50 40 0 0 5.00 0.00 0.50
14.00 39 40 41 3 157.50 152.50 40 0 0 5.00 0.00 0.50
15.00 39 39 41 3 176.67 133.33 39 0 0 5.00 0.00 0.50
13.00 40 40 41 3 138.27 171.73 40 0 0 5.00 0.00 0.50
14.00 40 40 41 3 157.50 152.50 40 0 0 5.00 0.00 0.50
15.00 40 40 41 3 157.50 152.50 40 0 0 5.00 0.00 0.50
14.00 40 40 41 3 157.50 152.50 40 0 0 5.00 0.00 0.50
13.00 40 40 41 3 157.50 152.50 40 0 0 5.00 0.00 0.50
15.00 39 40 41 3 157.50 152.50 40 0 0 5.00 0.00 0.50
14.00 39 40 41 3 157.50 152.50 40 0 0 5.00 0.00 0.50
13.00 40 40 41 3 157.50 152.50 40 0 0 5.00 0.00 0.50
15.00 39 39 41 3 176.67 133.33 39 0 0 5.00 0.00 0.50
14.00 39 39 41 3 160.00 150.00 39 0 0 5.00 0.00 0.50
14.00 39 40 41 3 139.64 170.36 40 0 0 5.00 0.00 0.50
14.00 39 39 41 3 177.86 132.14 39 0 0 5.00 0.00 0.50
14.00 38 39 41 3 160.00 150.00 39 0 0 5.00 0.00 0.50
14.00 39 39 41 3 160.00 150.00 39 0 0 5.00 0.00 0.50
14.00 39 39 41 3 160.00 150.00 39 0 0 5.00 0.00 0.50
14.00 39 40 41 3 139.64 170.36 40 0 0 5.00 0.00 0.50
14.00 39 40 41 3 157.50 152.50 40 0 0 5.00 0.00 0.50
15.00 39 40 41 3 157.50 152.50 40 0 0 5.00 0.00 0.50
13.00 39 39 41 3 179.23 130.77 39 0 0 5.00 0.00 0.50
14.00 38 39 41 3 160.00 150.00 39 0 0 5.00 0.00 0.50
15.00 38 40 41 3 140.83 169.17 40 0 0 5.00 0.00 0.50
13.00 39 40 41 3 157.50 152.50 40 0 0 5.00 0.00 0.50
14.00 39 40 41 3 157.50 152.50 40 0 0 5.00 0.00 0.50
15.00 39 39 41 3 176.67 133.33 39 0 0 5.00 0.00 0.50
14.00 39 39 41 3 160.00 150.00 39 0 0 5.00 0.00 0.50
13.00 38 40 41 3 138.27 171.73 40 0 0 5.00 0.00 0.50
15.00 39 40 41 3 157.50 152.50 40 0 0 5.00 0.00 0.50
14.00 38 40 41 3 157.50 152.50 40 0 0 5.00 0.00 0.50
13.00 39 40 41 3 157.50 152.50 40 0 0 5.00 0.00 0.50
15.00 39 40 41 3 157.50 152.50 40 0 0 5.00 0.00 0.50
14.00 39 40 41 3 157.50 152.50 40 0 0 5.00 0.00 0.50
13.00 38 40 41 3 157.50 152.50 40 0 0 5.00 0.00 0.50
15.00 38 40 41 3 157.50 152.50 40 0 0 5.00 0.00 0.50
14.00 38 40 41 3 157.50 152.50 40 0 0 5.00 0.00 0.50
14.00 39 40 41 3 157.50 152.50 40 0 0 5.00 0.00 0.50
14.00 39 40 41 3 157.50 152.50 40 0 0 5.00 0.00 0.50
14.00 39 40 41 3 157.50 152.50 40 0 0 5.00 0.00 0.50
14.00 39 40 41 3 157.50 152.50 40 0 0 5.00 0.00 0.50
14.00 39 40 41 3 157.50 152.50 40 0 0 5.00 0.00 0.50
14.00 39 40 41 3 157.50 152.50 40 0 0 5.00 0.00 0.50
14.00 39 40 41 3 157.50 152.50 40 0 0 5.00 0.00 0.50
15.00 40 40 41 3 157.50 152.50 40 0 0 5.00 0.00 0.50
13.00 40 40 41 3 157.50 152.50 40 0 0 5.00 0.00 0.50
14.00 39 40 41 3 157.50 152.50 40 0 0 5.00 0.00 0.50
15.00 39 40 41 3 157.50 152.50 40 0 0 5.00 0.00 0.50
13.00 39 40 41 3 157.50 152.50 40 0 0 5.00 0.00 0.50
14.00 39 40 41 3 157.50 152.50 40 0 0 5.00 0.00 0.50
15.00 39 40 41 3 157.50 152.50 40 0 0 5.00 0.00 0.50
14.00 40 40 41 3 157.50 152.50 40 0 0 5.00 0.00 0.50
13.00 39 40 41 3 157.50 152.50 40 0 0 5.00 0.00 0.50
15.00 39 40 41 3 157.50 152.50 40 0 0 5.00 0.00 0.50
14.00 39 40 41 3 157.50 152.50 40 0 0 5.00 0.00 0.50
13.00 39 40 41 3 157.50 152.50 40 0 0 5.00 0.00 0.50
15.00 39 39 41 3 176.67 133.33 39 0 0 5.00 0.00 0.50
14.00 39 39 41 3 160.00 150.00 39 0 0 5.00 0.00 0.50
14.00 39 40 41 3 139.64 170.36 40 0 0 5.00 0.00 0.50
14.00 39 40 41 3 157.50 152.50 40 0 0 5.00 0.00 0.50
14.00 39 39 41 3 177.86 132.14 39 0 0 5.00 0.00 0.50
14.00 39 40 41 3 139.64 170.36 40 0 0 5.00 0.00 0.50
14.00 39 40 41 3 157.50 152.50 40 0 0 5.00 0.00 0.50
14.00 39 40 41 3 157.50 152.50 40 0 0 5.00 0.00 0.50
14.00 39 40 41 3 157.50 152.50 40 0 0 5.00 0.00 0.50
15.00 39 40 41 3 157.50 152.50 40 0 0 5.00 0.00 0.50
13.00 39 40 41 3 157.50 152.50 40 0 0 5.00 0.00 0.50
14.00 39 39 41 3 177.86 132.14 39 0 0 5.00 0.00 0.50
15.00 39 39 41 3 160.00 150.00 39 0 0 5.00 0.00 0.50
13.00 39 40 41 3 138.27 171.73 40 0 0 5.00 0.00 0.50
14.00 39 40 41 3 157.50 152.50 40 0 0 5.00 0.00 0.50
15.00 39 39 41 3 176.67 133.33 39 0 0 5.00 0.00 0.50
14.00 39 40 41 3 139.64 170.36 40 0 0 5.00 0.00 0.50
13.00 39 40 41 3 157.50 152.50 40 0 0 5.00 0.00 0.50
14.00 39 40 41 3 157.50 152.50 40 0 0 5.00 0.00 0.50
15.00 39 40 41 3 157.50 152.50 40 0 0 5.00 0.00 0.50
13.00 39 40 41 3 157.50 152.50 40 0 0 5.00 0.00 0.50
14.00 39 40 41 3 157.50 152.50 40 0 0 5.00 0.00 0.50
15.00 39 40 41 3 157.50 152.50 40 0 0 5.00 0.00 0.50
13.00 39 40 41 3 157.50 152.50 40 0 0 5.00 0.00 0.50
14.00 39 40 41 3 157.50 152.50 40 0 0 5.00 0.00 0.50
15.00 39 40 41 3 157.50 152.50 40 0 0 5.00 0.00 0.50
14.00 39 40 41 3 157.50 152.50 40 0 0 5.00 0.00 0.50
13.00 39 40 41 3 157.50 152.50 40 0 0 5.00 0.00 0.50
15.00 39 40 41 3 157.50 152.50 40 0 0 5.00 0.00 0.50
14.00 39 40 41 3 157.50 152.50 40 0 0 5.00 0.00 0.50
13.00 40 40 41 3 157.50 152.50 40 0 0 5.00 0.00 0.50
15.00 39 40 41 3 157.50 152.50 40 0 0 5.00 0.00 0.50
14.00 40 40 41 3 157.50 152.50 40 0 0 5.00 0.00 0.50
14.00 39 40 41 3 157.50 152.50 40 0 0 5.00 0.00 0.50
14.00 39 40 41 3 157.50 152.50 40 0 0 5.00 0.00 0.50
14.00 39 40 41 3 157.50 152.50 40 0 0 5.00 0.00 0.50
14.00 39 40 41 3 157.50 152.50 40 0 0 5.00 0.00 0.50
14.00 39 40 41 3 157.50 152.50 40 0 0 5.00 0.00 0.50
14.00 39 40 41 3 157.50 152.50 40 0 0 5.00 0.00 0.50
14.00 39 40 41 3 157.50 152.50 40 0 0 5.00 0.00 0.50
15.00 40 40 41 3 157.50 152.50 40 0 0 5.00 0.00 0.50
13.00 39 40 41 3 157.50 152.50 40 0 0 5.00 0.00 0.50
14.00 39 39 41 3 177.86 132.14 39 0 0 5.00 0.00 0.50
15.00 39 40 41 3 140.83 169.17 40 0 0 5.00 0.00 0.50
13.00 39 40 41 3 157.50 152.50 40 0 0 5.00 0.00 0.50
14.00 39 40 41 3 157.50 152.50 40 0 0 5.00 0.00 0.50
15.00 39 39 41 3 176.67 133.33 39 0 0 5.00 0.00 0.50
14.00 39 39 41 3 160.00 150.00 39 0 0 5.00 0.00 0.50
13.00 40 40 41 3 138.27 171.73 40 0 0 5.00 0.00 0.50
15.00 39 39 41 3 176.67 133.33 39 0 0 5.00 0.00 0.50
14.00 39 39 41 3 160.00 150.00 39 0 0 5.00 0.00 0.50
13.00 39 39 41 3 160.00 150.00 39 0 0 5.00 0.00 0.50
15.00 39 39 41 3 160.00 150.00 39 0 0 5.00 0.00 0.50
14.00 40 40 41 3 139.64 170.36 40 0 0 5.00 0.00 0.50
14.00 40 40 41 3 157.50 152.50 40 0 0 5.00 0.00 0.50
14.00 40 40 41 3 157.50 152.50 40 0 0 5.00 0.00 0.50
14.00 40 39 41 3 177.86 132.14 39 0 0 5.00 0.00 0.50
14.00 40 39 41 3 160.00 150.00 39 0 0 5.00 0.00 0.50
14.00 40 39 41 3 160.00 150.00 39 0 0 5.00 0.00 0.50
14.00 40 39 41 3 160.00 150.00 39 0 0 5.00 0.00 0.50
14.00 40 39 41 3 160.00 150.00 39 0 0 5.00 0.00 0.50
14.00 40 39 41 3 160.00 150.00 39 0 0 5.00 0.00 0.50
14.00 40 40 41 3 139.64 170.36 40 0 0 5.00 0.00 0.50
14.00 39 39 41 3 177.86 132.14 39 0 0 5.00 0.00 0.50
15.00 39 39 41 3 160.00 150.00 39 0 0 5.00 0.00 0.50
13.00 40 39 41 3 160.00 150.00 39 0 0 5.00 0.00 0.50
14.00 39 39 41 3 160.00 150.00 39 0 0 5.00 0.00 0.50
15.00 39 39 41 3 160.00 150.00 39 0 0 5.00 0.00 0.50
13.00 39 39 41 3 160.00 150.00 39 0 0 5.00 0.00 0.50
14.00 39 39 41 3 160.00 150.00 39 0 0 5.00 0.00 0.50
15.00 39 39 41 3 160.00 150.00 39 0 0 5.00 0.00 0.50
14.00 39 39 41 3 160.00 150.00 39 0 0 5.00 0.00 0.50
13.00 39 39 41 3 160.00 150.00 39 0 0 5.00 0.00 0.50
15.00 39 39 41 3 160.00 150.00 39 0 0 5.00 0.00 0.50
14.00 39 39 41 3 160.00 150.00 39 0 0 5.00 0.00 0.50
13.00 39 39 41 3 160.00 150.00 39 0 0 5.00 0.00 0.50
15.00 39 40 41 3 140.83 169.17 40 0 0 5.00 0.00 0.50
14.00 39 39 41 3 177.86 132.14 39 0 0 5.00 0.00 0.50
14.00 39 39 41 3 160.00 150.00 39 0 0 5.00 0.00 0.50
14.00 39 39 41 3 160.00 150.00 39 0 0 5.00 0.00 0.50
14.00 39 40 41 3 139.64 170.36 40 0 0 5.00 0.00 0.50
14.00 39 39 41 3 177.86 132.14 39 0 0 5.00 0.00 0.50
14.00 39 40 41 3 139.64 170.36 40 0 0 5.00 0.00 0.50
14.00 39 40 41 3 157.50 152.50 40 0 0 5.00 0.00 0.50
14.00 39 40 41 3 157.50 152.50 40 0 0 5.00 0.00 0.50
15.00 39 40 41 3 157.50 152.50 40 0 0 5.00 0.00 0.50
13.00 39 40 41 3 157.50 152.50 40 0 0 5.00 0.00 0.50
14.00 39 39 41 3 177.86 132.14 39 0 0 5.00 0.00 0.50
15.00 39 40 41 3 140.83 169.17 40 0 0 5.00 0.00 0.50
13.00 40 40 41 3 157.50 152.50 40 0 0 5.00 0.00 0.50
14.00 39 40 41 3 157.50 152.50 40 0 0 5.00 0.00 0.50
15.00 40 40 41 3 157.50 152.50 40 0 0 5.00 0.00 0.50
14.00 39 40 41 3 157.50 152.50 40 0 0 5.00 0.00 0.50
13.00 39 40 41 3 157.50 152.50 40 0 0 5.00 0.00 0.50
14.00 40 40 41 3 157.50 152.50 40 0 0 5.00 0.00 0.50
15.00 39 40 41 3 157.50 152.50 40 0 0 5.00 0.00 0.50
13.00 39 40 41 3 157.50 152.50 40 0 0 5.00 0.00 0.50
14.00 39 40 41 3 157.50 152.50 40 0 0 5.00 0.00 0.50
15.00 39 40 41 3 157.50 152.50 40 0 0 5.00 0.00 0.50
14.00 39 40 41 3 157.50 152.50 40 0 0 5.00 0.00 0.50
13.00 39 40 41 3 157.50 152.50 40 0 0 5.00 0.00 0.50
15.00 39 40 41 3 157.50 152.50 40 0 0 5.00 0.00 0.50
14.00 39 40 41 3 157.50 152.50 40 0 0 5.00 0.00 0.50
13.00 40 40 41 3 157.50 152.50 40 0 0 5.00 0.00 0.50
15.00 39 40 41 3 157.50 152.50 40 0 0 5.00 0.00 0.50
14.00 39 40 41 3 157.50 152.50 40 0 0 5.00 0.00 0.50
13.00 39 40 41 3 157.50 152.50 40 0 0 5.00 0.00 0.50
15.00 39 40 41 3 157.50 152.50 40 0 0 5.00 0.00 0.50
14.00 40 40 41 3 157.50 152.50 40 0 0 5.00 0.00 0.50
14.00 39 40 41 3 157.50 152.50 40 0 0 5.00 0.00 0.50
14.00 39 40 41 3 157.50 152.50 40 0 0 5.00 0.00 0.50
14.00 39 40 41 3 157.50 152.50 40 0 0 5.00 0.00 0.50
14.00 39 40 41 3 157.50 152.50 40 0 0 5.00 0.00 0.50
14.00 39 40 41 3 157.50 152.50 40 0 0 5.00 0.00 0.50
14.00 39 40 41 3 157.50 152.50 40 0 0 5.00 0.00 0.50
14.00 39 40 41 3 157.50 152.50 40 0 0 5.00 0.00 0.50
15.00 40 40 41 3 157.50 152.50 40 0 0 5.00 0.00 0.50
13.00 39 40 41 3 157.50 152.50 40 0 0 5.00 0.00 0.50
14.00 39 40 41 3 157.50 152.50 40 0 0 5.00 0.00 0.50
15.00 40 40 41 3 157.50 152.50 40 0 0 5.00 0.00 0.50
13.00 40 40 41 3 157.50 152.50 40 0 0 5.00 0.00 0.50
14.00 40 40 41 3 157.50 152.50 40 0 0 5.00 0.00 0.50
15.00 39 40 41 3 157.50 152.50 40 0 0 5.00 0.00 0.50
14.00 40 40 41 3 157.50 152.50 40 0 0 5.00 0.00 0.50
13.00 39 40 41 3 157.50 152.50 40 0 0 5.00 0.00 0.50
15.00 39 40 41 3 157.50 152.50 40 0 0 5.00 0.00 0.50
14.00 40 40 41 3 157.50 152.50 40 0 0 5.00 0.00 0.50
13.00 39 40 41 3 157.50 152.50 40 0 0 5.00 0.00 0.50
15.00 39 40 41 3 157.50 152.50 40 0 0 5.00 0.00 0.50
14.00 39 40 41 3 157.50 152.50 40 0 0 5.00 0.00 0.50
14.00 39 40 41 3 157.50 152.50 40 0 0 5.00 0.00 0.50
14.00 39 40 41 3 157.50 152.50 40 0 0 5.00 0.00 0.50
14.00 39 40 41 3 157.50 152.50 40 0 0 5.00 0.00 0.50
14.00 39 40 41 3 157.50 152.50 40 0 0 5.00 0.00 0.50
14.00 40 40 41 3 157.50 152.50 40 0 0 5.00 0.00 0.50
14.00 40 40 41 3 157.50 152.50 40 0 0 5.00 0.00 0.50
14.00 40 40 41 3 157.50 152.50 40 0 0 5.00 0.00 0.50
15.00 40 40 41 3 157.50 152.50 40 0 0 5.00 0.00 0.50
13.00 40 40 41 3 157.50 152.50 40 0 0 5.00 0.00 0.50
14.00 40 40 41 3 157.50 152.50 40 0 0 5.00 0.00 0.50
15.00 40 40 41 3 157.50 152.50 40 0 0 5.00 0.00 0.50
13.00 40 40 41 3 157.50 152.50 40 0 0 5.00 0.00 0.50
14.00 40 40 41 3 157.50 152.50 40 0 0 5.00 0.00 0.50
15.00 40 40 41 3 157.50 152.50 40 0 0 5.00 0.00 0.50
14.00 40 40 41 3 157.50 152.50 40 0 0 5.00 0.00 0.50
13.00 40 40 41 3 157.50 152.50 40 0 0 5.00 0.00 0.50
15.00 40 40 41 3 157.50 152.50 40 0 0 5.00 0.00 0.50
14.00 40 40 41 3 157.50 152.50 40 0 0 5.00 0.00 0.50
13.00 40 40 41 3 157.50 152.50 40 0 0 5.00 0.00 0.50
15.00 40 40 41 3 157.50 152.50 40 0 0 5.00 0.00 0.50
14.00 40 40 41 3 157.50 152.50 40 0 0 5.00 0.00 0.50
13.00 40 40 41 3 157.50 152.50 40 0 0 5.00 0.00 0.50
15.00 40 40 41 3 157.50 152.50 40 0 0 5.00 0.00 0.50
14.00 40 40 41 3 157.50 152.50 40 0 0 5.00 0.00 0.50
14.00 40 40 41 3 157.50 152.50 40 0 0 5.00 0.00 0.50
14.00 40 40 41 3 157.50 152.50 40 0 0 5.00 0.00 0.50
14.00 41 40 41 3 157.50 152.50 40 0 0 5.00 0.00 0.50
14.00 40 41 41 3 137.14 172.86 41 0 0 5.00 0.00 0.50
14.00 40 40 41 3 175.36 134.64 40 0 0 5.00 0.00 0.50
14.00 40 41 41 3 137.14 172.86 41 0 0 5.00 0.00 0.50
14.00 40 40 41 3 175.36 134.64 40 0 0 5.00 0.00 0.50
15.00 41 40 41 3 157.50 152.50 40 0 0 5.00 0.00 0.50
13.00 40 40 41 3 157.50 152.50 40 0 0 5.00 0.00 0.50
14.00 40 41 41 3 137.14 172.86 41 0 0 5.00 0.00 0.50
15.00 40 40 41 3 174.17 135.83 40 0 0 5.00 0.00 0.50
13.00 40 40 41 3 157.50 152.50 40 0 0 5.00 0.00 0.50
14.00 40 41 41 3 137.14 172.86 41 0 0 5.00 0.00 0.50
15.00 40 40 41 3 174.17 135.83 40 0 0 5.00 0.00 0.50
14.00 40 41 41 3 137.14 172.86 41 0 0 5.00 0.00 0.50
13.00 40 41 41 3 155.00 155.00 41 0 0 5.00 0.00 0.50
15.00 40 41 41 3 155.00 155.00 41 0 0 5.00 0.00 0.50
14.00 40 41 41 3 155.00 155.00 41 0 0 5.00 0.00 0.50
13.00 40 41 41 3 155.00 155.00 41 0 0 5.00 0.00 0.50
14.00 40 41 41 3 155.00 155.00 41 0 0 5.00 0.00 0.50
15.00 40 40 41 3 174.17 135.83 40 0 0 5.00 0.00 0.50
14.00 40 41 41 3 137.14 172.86 41 0 0 5.00 0.00 0.50
13.00 40 41 41 3 155.00 155.00 41 0 0 5.00 0.00 0.50
15.00 40 41 41 3 155.00 155.00 41 0 0 5.00 0.00 0.50
14.00 40 41 41 3 155.00 155.00 41 0 0 5.00 0.00 0.50
13.00 40 41 41 3 155.00 155.00 41 0 0 5.00 0.00 0.50
15.00 41 41 41 3 155.00 155.00 41 0 0 5.00 0.00 0.50
14.00 40 41 41 3 155.00 155.00 41 0 0 5.00 0.00 0.50
14.00 40 41 41 3 155.00 155.00 41 0 0 5.00 0.00 0.50
14.00 40 41 41 3 155.00 155.00 41 0 0 5.00 0.00 0.50
14.00 41 41 41 3 155.00 155.00 41 0 0 5.00 0.00 0.50
14.00 40 41 41 3 155.00 155.00 41 0 0 5.00 0.00 0.50
14.00 40 41 41 3 155.00 155.00 41 0 0 5.00 0.00 0.50
14.00 40 41 41 3 155.00 155.00 41 0 0 5.00 0.00 0.50
14.00 40 40 41 3 175.36 134.64 40 0 0 5.00 0.00 0.50
14.00 40 41 41 3 137.14 172.86 41 0 0 5.00 0.00 0.50
14.00 40 41 41 3 155.00 155.00 41 0 0 5.00 0.00 0.50
14.00 41 40 41 3 175.36 134.64 40 0 0 5.00 0.00 0.50
15.00 41 40 41 3 157.50 152.50 40 0 0 5.00 0.00 0.50
13.00 41 40 41 3 157.50 152.50 40 0 0 5.00 0.00 0.50
14.00 41 41 41 3 137.14 172.86 41 0 0 5.00 0.00 0.50
15.00 40 40 41 3 174.17 135.83 40 0 0 5.00 0.00 0.50
13.00 41 41 41 3 135.77 174.23 41 0 0 5.00 0.00 0.50
14.00 41 41 41 3 155.00 155.00 41 0 0 5.00 0.00 0.50
15.00 40 40 41 3 174.17 135.83 40 0 0 5.00 0.00 0.50
14.00 41 40 41 3 157.50 152.50 40 0 0 5.00 0.00 0.50
13.00 40 41 41 3 135.77 174.23 41 0 0 5.00 0.00 0.50
15.00 41 41 41 3 155.00 155.00 41 0 0 5.00 0.00 0.50
14.00 41 41 41 3 155.00 155.00 41 0 0 5.00 0.00 0.50
13.00 41 42 41 3 133.27 176.73 42 0 0 5.00 0.00 0.50
15.00 40 41 41 3 171.67 138.33 41 0 0 5.00 0.00 0.50
14.00 41 41 41 3 155.00 155.00 41 0 0 5.00 0.00 0.50
14.00 40 41 41 3 155.00 155.00 41 0 0 5.00 0.00 0.50
14.00 41 41 41 3 155.00 155.00 41 0 0 5.00 0.00 0.50
14.00 41 41 41 3 155.00 155.00 41 0 0 5.00 0.00 0.50
14.00 41 41 41 3 155.00 155.00 41 0 0 5.00 0.00 0.50
14.00 40 42 41 3 134.64 175.36 42 0 0 5.00 0.00 0.50
14.00 41 42 41 3 152.50 157.50 42 0 0 5.00 0.00 0.50
14.00 40 42 41 3 152.50 157.50 42 0 0 5.00 0.00 0.50
15.00 40 42 41 3 152.50 157.50 42 0 0 5.00 0.00 0.50
13.00 41 42 41 3 152.50 157.50 42 0 0 5.00 0.00 0.50
14.00 40 42 41 3 152.50 157.50 42 0 0 5.00 0.00 0.50
15.00 40 42 41 3 152.50 157.50 42 0 0 5.00 0.00 0.50
13.00 40 42 41 3 152.50 157.50 42 0 0 5.00 0.00 0.50
14.00 41 43 41 3 132.14 177.86 43 0 0 5.00 0.00 0.50
15.00 41 42 41 3 169.17 140.83 42 0 0 5.00 0.00 0.50
14.00 40 42 41 3 152.50 157.50 42 0 0 5.00 0.00 0.50
13.00 41 42 41 3 152.50 157.50 42 0 0 5.00 0.00 0.50
15.00 40 42 41 3 152.50 157.50 42 0 0 5.00 0.00 0.50
14.00 41 43 41 3 132.14 177.86 43 0 0 5.00 0.00 0.50
13.00 41 42 41 3 171.73 138.27 42 0 0 5.00 0.00 0.50
15.00 41 42 41 3 152.50 157.50 42 0 0 5.00 0.00 0.50
14.00 41 42 41 3 152.50 157.50 42 0 0 5.00 0.00 0.50
14.00 41 42 41 3 152.50 157.50 42 0 0 5.00 0.00 0.50
14.00 41 42 41 3 152.50 157.50 42 0 0 5.00 0.00 0.50
14.00 40 43 41 3 132.14 177.86 43 0 0 5.00 0.00 0.50
14.00 40 44 41 3 129.64 180.36 44 0 0 5.00 0.00 0.50
14.00 40 44 41 3 147.50 162.50 44 0 0 5.00 0.00 0.50
14.00 40 44 41 3 147.50 162.50 44 0 0 5.00 0.00 0.50
14.00 41 43 41 3 167.86 142.14 43 0 0 5.00 0.00 0.50
14.00 40 42 41 3 170.36 139.64 42 0 0 5.00 0.00 0.50
14.00 41 42 41 3 152.50 157.50 42 0 0 5.00 0.00 0.50
14.00 40 41 41 3 172.86 137.14 41 0 0 5.00 0.00 0.50
15.00 41 41 41 3 155.00 155.00 41 0 0 5.00 0.00 0.50
13.00 41 41 41 3 155.00 155.00 41 0 0 5.00 0.00 0.50
14.00 41 42 41 3 134.64 175.36 42 0 0 5.00 0.00 0.50
15.00 41 41 41 3 171.67 138.33 41 0 0 5.00 0.00 0.50
13.00 42 42 41 3 133.27 176.73 42 0 0 5.00 0.00 0.50
14.00 40 41 41 3 172.86 137.14 41 0 0 5.00 0.00 0.50
15.00 41 41 41 3 155.00 155.00 41 0 0 5.00 0.00 0.50
14.00 41 41 41 3 155.00 155.00 41 0 0 5.00 0.00 0.50
13.00 41 41 41 3 155.00 155.00 41 0 0 5.00 0.00 0.50
15.00 41 41 41 3 155.00 155.00 41 0 0 5.00 0.00 0.50
14.00 41 41 41 3 155.00 155.00 41 0 0 5.00 0.00 0.50
13.00 41 42 41 3 133.27 176.73 42 0 0 5.00 0.00 0.50
14.00 41 42 41 3 152.50 157.50 42 0 0 5.00 0.00 0.50
15.00 41 42 41 3 152.50 157.50 42 0 0 5.00 0.00 0.50
14.00 41 42 41 3 152.50 157.50 42 0 0 5.00 0.00 0.50
13.00 41 42 41 3 152.50 157.50 42 0 0 5.00 0.00 0.50
15.00 41 42 41 3 152.50 157.50 42 0 0 5.00 0.00 0.50
14.00 41 42 41 3 152.50 157.50 42 0 0 5.00 0.00 0.50
13.00 41 42 41 3 152.50 157.50 42 0 0 5.00 0.00 0.50
15.00 41 42 41 3 152.50 157.50 42 0 0 5.00 0.00 0.50
14.00 41 42 41 3 152.50 157.50 42 0 0 5.00 0.00 0.50
14.00 41 42 41 3 152.50 157.50 42 0 0 5.00 0.00 0.50
14.00 41 42 41 3 152.50 157.50 42 0 0 5.00 0.00 0.50
14.00 41 42 41 3 152.50 157.50 42 0 0 5.00 0.00 0.50
14.00 40 42 41 3 152.50 157.50 42 0 0 5.00 0.00 0.50
14.00 41 42 41 3 152.50 157.50 42 0 0 5.00 0.00 0.50
14.00 40 42 41 3 152.50 157.50 42 0 0 5.00 0.00 0.50
14.00 41 42 41 3 152.50 157.50 42 0 0 5.00 0.00 0.50
15.00 41 42 41 3 152.50 157.50 42 0 0 5.00 0.00 0.50
13.00 41 42 41 3 152.50 157.50 42 0 0 5.00 0.00 0.50
14.00 41 42 41 3 152.50 157.50 42 0 0 5.00 0.00 0.50
15.00 41 42 41 3 152.50 157.50 42 0 0 5.00 0.00 0.50
13.00 41 42 41 3 152.50 157.50 42 0 0 5.00 0.00 0.50
14.00 41 42 41 3 152.50 157.50 42 0 0 5.00 0.00 0.50
15.00 41 42 41 3 152.50 157.50 42 0 0 5.00 0.00 0.50
14.00 42 42 41 3 152.50 157.50 42 0 0 5.00 0.00 0.50
13.00 42 42 41 3 152.50 157.50 42 0 0 5.00 0.00 0.50
15.00 41 42 41 3 152.50 157.50 42 0 0 5.00 0.00 0.50
14.00 41 42 41 3 152.50 157.50 42 0 0 5.00 0.00 0.50
13.00 41 43 41 3 130.77 179.23 43 0 0 5.00 0.00 0.50
15.00 41 43 41 3 150.00 160.00 43 0 0 5.00 0.00 0.50
14.00 41 42 41 3 170.36 139.64 42 0 0 5.00 0.00 0.50
13.00 42 42 41 3 152.50 157.50 42 0 0 5.00 0.00 0.50
15.00 41 43 41 3 133.33 176.67 43 0 0 5.00 0.00 0.50
14.00 42 43 41 0 0.00 0.00 43 0 0 5.00 0.00 0.50
13.00 41 42 41 0 0.00 0.00 43 0 0 5.00 0.00 0.50
13.00 42 42 41 0 0.00 0.00 43 0 0 5.00 0.00 0.50
13.00 41 42 41 0 0.00 0.00 43 0 0 5.00 0.00 0.50
13.00 42 42 41 0 0.00 0.00 43 0 0 5.00 0.00 0.50
13.00 42 42 41 0 0.00 0.00 43 0 0 5.00 0.00 0.50
13.00 41 43 41 0 0.00 0.00 43 0 0 5.00 0.00 0.50
13.00 42 43 41 0 0.00 0.00 43 0 0 5.00 0.00 0.50
12.00 42 42 41 0 0.00 0.00 43 0 0 5.00 0.00 0.50
14.00 42 43 41 0 0.00 0.00 43 0 0 5.00 0.00 0.50
13.00 41 43 41 0 0.00 0.00 43 0 0 5.00 0.00 0.50
13.00 42 43 41 0 0.00 0.00 43 0 0 5.00 0.00 0.50
13.00 42 44 41 0 0.00 0.00 43 0 0 5.00 0.00 0.50
13.00 42 43 41 0 0.00 0.00 43 0 0 5.00 0.00 0.50
13.00 43 43 41 0 0.00 0.00 43 0 0 5.00 0.00 0.50
13.00 42 43 41 0 0.00 0.00 43 0 0 5.00 0.00 0.50
13.00 42 43 41 0 0.00 0.00 43 0 0 5.00 0.00 0.50
13.00 43 43 41 0 0.00 0.00 43 0 0 5.00 0.00 0.50
13.00 42 43 41 0 0.00 0.00 43 0 0 5.00 0.00 0.50
13.00 42 43 41 0 0.00 0.00 43 0 0 5.00 0.00 0.50
13.00 42 43 41 0 0.00 0.00 43 0 0 5.00 0.00 0.50
13.00 42 43 41 0 0.00 0.00 43 0 0 5.00 0.00 0.50
13.00 43 43 41 0 0.00 0.00 43 0 0 5.00 0.00 0.50
13.00 43 43 41 0 0.00 0.00 43 0 0 5.00 0.00 0.50
13.00 42 43 41 0 0.00 0.00 43 0 0 5.00 0.00 0.50
13.00 42 43 41 0 0.00 0.00 43 0 0 5.00 0.00 0.50
13.00 42 43 41 0 0.00 0.00 43 0 0 5.00 0.00 0.50
13.00 42 43 41 0 0.00 0.00 43 0 0 5.00 0.00 0.50
13.00 42 43 41 0 0.00 0.00 43 0 0 5.00 0.00 0.50
13.00 42 43 41 0 0.00 0.00 43 0 0 5.00 0.00 0.50
13.00 42 43 41 0 0.00 0.00 43 0 0 5.00 0.00 0.50
12.00 43 43 41 0 0.00 0.00 43 0 0 5.00 0.00 0.50
14.00 42 44 41 0 0.00 0.00 43 0 0 5.00 0.00 0.50
13.00 42 43 41 0 0.00 0.00 43 0 0 5.00 0.00 0.50
13.00 42 43 41 0 0.00 0.00 43 0 0 5.00 0.00 0.50
13.00 42 44 41 0 0.00 0.00 43 0 0 5.00 0.00 0.50
13.00 42 43 41 0 0.00 0.00 43 0 0 5.00 0.00 0.50
13.00 42 43 41 0 0.00 0.00 43 0 0 5.00 0.00 0.50
13.00 42 44 41 0 0.00 0.00 43 0 0 5.00 0.00 0.50
13.00 42 44 41 0 0.00 0.00 43 0 0 5.00 0.00 0.50
13.00 42 44 41 0 0.00 0.00 43 0 0 5.00 0.00 0.50
13.00 42 44 41 0 0.00 0.00 43 0 0 5.00 0.00 0.50
13.00 42 44 41 0 0.00 0.00 43 0 0 5.00 0.00 0.50
13.00 42 43 41 0 0.00 0.00 43 0 0 5.00 0.00 0.50
12.00 42 43 41 0 0.00 0.00 43 0 0 5.00 0.00 0.50
14.00 42 43 41 0 0.00 0.00 43 0 0 5.00 0.00 0.50
13.00 42 43 41 0 0.00 0.00 43 0 0 5.00 0.00 0.50
13.00 42 43 41 0 0.00 0.00 43 0 0 5.00 0.00 0.50
13.00 42 43 41 0 0.00 0.00 43 0 0 5.00 0.00 0.50
13.00 42 43 41 0 0.00 0.00 43 0 0 5.00 0.00 0.50
13.00 42 43 41 0 0.00 0.00 43 0 0 5.00 0.00 0.50
13.00 42 43 41 0 0.00 0.00 43 0 0 5.00 0.00 0.50
13.00 42 43 41 0 0.00 0.00 43 0 0 5.00 0.00 0.50
13.00 42 43 41 0 0.00 0.00 43 0 0 5.00 0.00 0.50
12.00 42 43 41 0 0.00 0.00 43 0 0 5.00 0.00 0.50
14.00 42 43 41 0 0.00 0.00 43 0 0 5.00 0.00 0.50
13.00 43 44 41 0 0.00 0.00 43 0 0 5.00 0.00 0.50
13.00 43 43 41 0 0.00 0.00 43 0 0 5.00 0.00 0.50
13.00 44 44 41 0 0.00 0.00 43 0 0 5.00 0.00 0.50
13.00 44 44 41 0 0.00 0.00 43 0 0 5.00 0.00 0.50
13.00 45 45 41 0 0.00 0.00 43 0 0 5.00 0.00 0.50
13.00 44 45 41 0 0.00 0.00 43 0 0 5.00 0.00 0.50
13.00 45 45 41 0 0.00 0.00 43 0 0 5.00 0.00 0.50
13.00 45 46 41 0 0.00 0.00 43 0 0 5.00 0.00 0.50
13.00 46 46 41 0 0.00 0.00 43 0 0 5.00 0.00 0.50
13.00 7 48 41 0 0.00 0.00 43 0 0 5.00 0.00 0.50
13.00 6 48 41 0 0.00 0.00 43 0 0 5.00 0.00 0.50
12.00 5 47 41 0 0.00 0.00 43 0 0 5.00 0.00 0.50
13.00 5 47 41 0 0.00 0.00 43 0 0 5.00 0.00 0.50
13.00 5 47 41 0 0.00 0.00 43 0 0 5.00 0.00 0.50
12.00 48 47 41 0 0.00 0.00 43 0 0 5.00 0.00 0.50
14.00 47 47 41 0 0.00 0.00 43 0 0 5.00 0.00 0.50
13.00 48 47 41 0 0.00 0.00 43 0 0 5.00 0.00 0.50
12.00 48 47 41 0 0.00 0.00 43 0 0 5.00 0.00 0.50
14.00 48 47 41 0 0.00 0.00 43 0 0 5.00 0.00 0.50
13.00 48 47 41 0 0.00 0.00 43 0 0 5.00 0.00 0.50
12.00 49 47 41 0 0.00 0.00 43 0 0 5.00 0.00 0.50
13.00 49 47 41 0 0.00 0.00 43 0 0 5.00 0.00 0.50
14.00 50 47 41 0 0.00 0.00 43 0 0 5.00 0.00 0.50
13.00 50 47 41 0 0.00 0.00 43 0 0 5.00 0.00 0.50
12.00 50 47 41 0 0.00 0.00 43 0 0 5.00 0.00 0.50
14.00 52 47 41 0 0.00 0.00 43 0 0 5.00 0.00 0.50
13.00 52 47 41 0 0.00 0.00 43 0 0 5.00 0.00 0.50
12.00 52 48 41 0 0.00 0.00 43 0 0 5.00 0.00 0.50
14.00 53 48 41 0 0.00 0.00 43 0 0 5.00 0.00 0.50
13.00 54 48 41 0 0.00 0.00 43 0 0 5.00 0.00 0.50
12.00 55 49 41 0 0.00 0.00 43 0 0 5.00 0.00 0.50
14.00 55 48 41 0 0.00 0.00 43 0 0 5.00 0.00 0.50
13.00 56 49 41 0 0.00 0.00 43 0 0 5.00 0.00 0.50
13.00 57 50 41 0 0.00 0.00 43 0 0 5.00 0.00 0.50
12.00 57 51 41 0 0.00 0.00 43 0 0 5.00 0.00 0.50
14.00 59 51 41 0 0.00 0.00 43 0 0 5.00 0.00 0.50
13.00 59 52 41 0 0.00 0.00 43 0 0 5.00 0.00 0.50
12.00 60 52 41 0 0.00 0.00 43 0 0 5.00 0.00 0.50
14.00 224 250 41 0 0.00 0.00 43 0 0 5.00 0.00 0.50
32.00 258 215 41 0 0.00 0.00 43 0 0 5.00 0.00 0.50
32.00 3310 252 41 0 0.00 0.00 43 0 0 5.00 0.00 0.50
214.00 3320 3165 41 0 0.00 0.00 43 0 0 5.00 0.00 0.50
385.00 3307 6 41 0 0.00 0.00 43 0 0 5.00 0.00 0.50
200.00 3318 3216 41 0 0.00 0.00 43 0 0 5.00 0.00 0.50
388.00 3306 6 41 0 0.00 0.00 43 0 0 5.00 0.00 0.50
199.00 433 3189 41 0 0.00 0.00 43 0 0 5.00 0.00 0.50
218.00 226 6 41 0 0.00 0.00 43 0 0 5.00 0.00 0.50
17.00 413 105 41 0 0.00 0.00 43 0 0 5.00 0.00 0.50
35.00 406 401 41 0 0.00 0.00 43 0 0 5.00 0.00 0.50
52.00 401 395 41 0 0.00 0.00 43 0 0 5.00 0.00 0.50
51.00 394 390 41 0 0.00 0.00 43 0 0 5.00 0.00 0.50
51.00 389 386 41 0 0.00 0.00 43 0 0 5.00 0.00 0.50
50.00 387 379 41 0 0.00 0.00 43 0 0 5.00 0.00 0.50
49.00 3317 373 41 0 0.00 0.00 43 0 0 5.00 0.00 0.50
221.00 3322 350 41 0 0.00 0.00 43 0 0 5.00 0.00 0.50
220.00 141 133 41 0 0.00 0.00 43 0 0 5.00 0.00 0.50
21.00 3285 128 41 0 0.00 0.00 43 0 0 5.00 0.00 0.50
206.00 104 106 41 0 0.00 0.00 43 0 0 5.00 0.00 0.50
16.00 102 3191 41 0 0.00 0.00 43 0 0 5.00 0.00 0.50
198.00 3302 6 41 0 0.00 0.00 43 0 0 5.00 0.00 0.50
198.00 58 63 41 0 0.00 0.00 43 0 0 5.00 0.00 0.50