13.00 42 48 30 0 0.00 0.00 45 0 0 5.00 0.00 0.50
13.00 43 48 30 0 0.00 0.00 45 0 0 5.00 0.00 0.50
13.00 42 48 30 0 0.00 0.00 45 0 0 5.00 0.00 0.50
13.00 43 48 30 0 0.00 0.00 45 0 0 5.00 0.00 0.50
13.00 43 48 30 0 0.00 0.00 45 0 0 5.00 0.00 0.50
13.00 43 48 30 0 0.00 0.00 45 0 0 5.00 0.00 0.50
13.00 43 48 30 0 0.00 0.00 45 0 0 5.00 0.00 0.50
14.00 43 48 30 0 0.00 0.00 45 0 0 5.00 0.00 0.50
12.00 43 48 30 0 0.00 0.00 45 0 0 5.00 0.00 0.50
13.00 44 48 30 0 0.00 0.00 46 0 0 5.00 0.00 0.50
13.00 44 48 30 0 0.00 0.00 46 0 0 5.00 0.00 0.50
13.00 43 48 30 0 0.00 0.00 45 0 0 5.00 0.00 0.50
13.00 43 48 30 0 0.00 0.00 45 0 0 5.00 0.00 0.50
13.00 43 48 30 0 0.00 0.00 45 0 0 5.00 0.00 0.50
13.00 44 48 30 0 0.00 0.00 46 0 0 5.00 0.00 0.50
13.00 43 48 30 0 0.00 0.00 45 0 0 5.00 0.00 0.50
13.00 45 48 30 0 0.00 0.00 46 0 0 5.00 0.00 0.50
13.00 46 48 30 0 0.00 0.00 47 0 0 5.00 0.00 0.50
13.00 46 48 30 0 0.00 0.00 47 0 0 5.00 0.00 0.50
13.00 46 48 30 0 0.00 0.00 47 0 0 5.00 0.00 0.50
14.00 46 48 30 0 0.00 0.00 47 0 0 5.00 0.00 0.50
12.00 46 48 30 0 0.00 0.00 47 0 0 5.00 0.00 0.50
13.00 46 48 30 0 0.00 0.00 47 0 0 5.00 0.00 0.50
13.00 46 48 30 0 0.00 0.00 47 0 0 5.00 0.00 0.50
13.00 46 48 30 0 0.00 0.00 47 0 0 5.00 0.00 0.50
13.00 46 48 30 0 0.00 0.00 47 0 0 5.00 0.00 0.50
13.00 46 48 30 0 0.00 0.00 47 0 0 5.00 0.00 0.50
13.00 46 48 30 0 0.00 0.00 47 0 0 5.00 0.00 0.50
13.00 46 48 30 0 0.00 0.00 47 0 0 5.00 0.00 0.50
13.00 46 48 30 0 0.00 0.00 47 0 0 5.00 0.00 0.50
14.00 46 48 30 0 0.00 0.00 47 0 0 5.00 0.00 0.50
12.00 46 48 30 0 0.00 0.00 47 0 0 5.00 0.00 0.50
13.00 46 48 30 0 0.00 0.00 47 0 0 5.00 0.00 0.50
13.00 46 48 30 0 0.00 0.00 47 0 0 5.00 0.00 0.50
13.00 46 48 30 0 0.00 0.00 47 0 0 5.00 0.00 0.50
13.00 46 48 30 0 0.00 0.00 47 0 0 5.00 0.00 0.50
13.00 46 48 30 0 0.00 0.00 47 0 0 5.00 0.00 0.50
13.00 46 48 30 0 0.00 0.00 47 0 0 5.00 0.00 0.50
13.00 47 48 30 0 0.00 0.00 47 0 0 5.00 0.00 0.50
13.00 46 48 30 0 0.00 0.00 47 0 0 5.00 0.00 0.50
13.00 46 48 30 0 0.00 0.00 47 0 0 5.00 0.00 0.50
13.00 46 48 30 0 0.00 0.00 47 0 0 5.00 0.00 0.50
13.00 44 48 30 0 0.00 0.00 46 0 0 5.00 0.00 0.50
14.00 44 48 30 0 0.00 0.00 46 0 0 5.00 0.00 0.50
12.00 43 48 30 0 0.00 0.00 45 0 0 5.00 0.00 0.50
13.00 44 48 30 0 0.00 0.00 46 0 0 5.00 0.00 0.50
13.00 43 48 30 0 0.00 0.00 45 0 0 5.00 0.00 0.50
13.00 44 48 30 0 0.00 0.00 46 0 0 5.00 0.00 0.50
13.00 44 48 30 0 0.00 0.00 46 0 0 5.00 0.00 0.50
13.00 44 48 30 0 0.00 0.00 46 0 0 5.00 0.00 0.50
13.00 44 48 30 0 0.00 0.00 46 0 0 5.00 0.00 0.50
13.00 43 48 30 0 0.00 0.00 45 0 0 5.00 0.00 0.50
13.00 44 48 30 0 0.00 0.00 46 0 0 5.00 0.00 0.50
14.00 43 48 30 0 0.00 0.00 45 0 0 5.00 0.00 0.50
12.00 43 48 30 0 0.00 0.00 45 0 0 5.00 0.00 0.50
13.00 43 48 30 0 0.00 0.00 45 0 0 5.00 0.00 0.50
13.00 43 48 30 0 0.00 0.00 45 0 0 5.00 0.00 0.50
13.00 42 48 30 0 0.00 0.00 45 0 0 5.00 0.00 0.50
13.00 43 48 30 0 0.00 0.00 45 0 0 5.00 0.00 0.50
13.00 43 48 30 0 0.00 0.00 45 0 0 5.00 0.00 0.50
13.00 44 47 30 0 0.00 0.00 45 0 0 5.00 0.00 0.50
13.00 43 48 30 0 0.00 0.00 45 0 0 5.00 0.00 0.50
13.00 43 48 30 0 0.00 0.00 45 0 0 5.00 0.00 0.50
13.00 42 48 30 0 0.00 0.00 45 0 0 5.00 0.00 0.50
13.00 42 48 30 0 0.00 0.00 45 0 0 5.00 0.00 0.50
13.00 43 48 30 0 0.00 0.00 45 0 0 5.00 0.00 0.50
14.00 42 48 30 0 0.00 0.00 45 0 0 5.00 0.00 0.50
12.00 42 48 30 0 0.00 0.00 45 0 0 5.00 0.00 0.50
13.00 42 47 30 0 0.00 0.00 44 0 0 5.00 0.00 0.50
13.00 43 48 30 0 0.00 0.00 45 0 0 5.00 0.00 0.50
13.00 42 48 30 0 0.00 0.00 45 0 0 5.00 0.00 0.50
13.00 42 48 30 0 0.00 0.00 45 0 0 5.00 0.00 0.50
13.00 42 48 30 0 0.00 0.00 45 0 0 5.00 0.00 0.50
13.00 42 48 30 0 0.00 0.00 45 0 0 5.00 0.00 0.50
13.00 42 48 30 0 0.00 0.00 45 0 0 5.00 0.00 0.50
13.00 42 48 30 0 0.00 0.00 45 0 0 5.00 0.00 0.50
14.00 43 47 30 0 0.00 0.00 45 0 0 5.00 0.00 0.50
12.00 42 48 30 0 0.00 0.00 45 0 0 5.00 0.00 0.50
13.00 43 47 30 0 0.00 0.00 45 0 0 5.00 0.00 0.50
14.00 42 48 30 0 0.00 0.00 45 0 0 5.00 0.00 0.50
12.00 43 47 30 0 0.00 0.00 45 0 0 5.00 0.00 0.50
13.00 43 47 30 0 0.00 0.00 45 0 0 5.00 0.00 0.50
13.00 42 48 30 0 0.00 0.00 45 0 0 5.00 0.00 0.50
13.00 42 48 30 0 0.00 0.00 45 0 0 5.00 0.00 0.50
13.00 43 48 30 0 0.00 0.00 45 0 0 5.00 0.00 0.50
13.00 43 48 30 0 0.00 0.00 45 0 0 5.00 0.00 0.50
13.00 42 48 30 0 0.00 0.00 45 0 0 5.00 0.00 0.50
13.00 42 48 30 0 0.00 0.00 45 0 0 5.00 0.00 0.50
13.00 42 48 30 0 0.00 0.00 45 0 0 5.00 0.00 0.50
14.00 42 48 30 0 0.00 0.00 45 0 0 5.00 0.00 0.50
12.00 42 48 30 0 0.00 0.00 45 0 0 5.00 0.00 0.50
13.00 43 48 30 0 0.00 0.00 45 0 0 5.00 0.00 0.50
13.00 42 48 30 0 0.00 0.00 45 0 0 5.00 0.00 0.50
13.00 43 48 30 0 0.00 0.00 45 0 0 5.00 0.00 0.50
13.00 42 48 30 0 0.00 0.00 45 0 0 5.00 0.00 0.50
13.00 43 48 30 0 0.00 0.00 45 0 0 5.00 0.00 0.50
13.00 42 48 30 0 0.00 0.00 45 0 0 5.00 0.00 0.50
13.00 43 48 30 0 0.00 0.00 45 0 0 5.00 0.00 0.50
13.00 42 48 30 0 0.00 0.00 45 0 0 5.00 0.00 0.50
14.00 42 48 30 0 0.00 0.00 45 0 0 5.00 0.00 0.50
12.00 42 48 30 0 0.00 0.00 45 0 0 5.00 0.00 0.50
13.00 42 48 30 0 0.00 0.00 45 0 0 5.00 0.00 0.50
14.00 42 48 30 0 0.00 0.00 45 0 0 5.00 0.00 0.50
12.00 43 48 30 0 0.00 0.00 45 0 0 5.00 0.00 0.50
13.00 43 48 30 0 0.00 0.00 45 0 0 5.00 0.00 0.50
13.00 42 48 30 0 0.00 0.00 45 0 0 5.00 0.00 0.50
13.00 42 48 30 0 0.00 0.00 45 0 0 5.00 0.00 0.50
13.00 42 48 30 0 0.00 0.00 45 0 0 5.00 0.00 0.50
13.00 42 48 30 0 0.00 0.00 45 0 0 5.00 0.00 0.50
13.00 43 47 30 0 0.00 0.00 45 0 0 5.00 0.00 0.50
13.00 42 48 30 0 0.00 0.00 45 0 0 5.00 0.00 0.50
13.00 42 48 30 0 0.00 0.00 45 0 0 5.00 0.00 0.50
14.00 42 48 30 0 0.00 0.00 45 0 0 5.00 0.00 0.50
12.00 42 48 30 0 0.00 0.00 45 0 0 5.00 0.00 0.50
13.00 43 47 30 0 0.00 0.00 45 0 0 5.00 0.00 0.50
13.00 42 48 30 0 0.00 0.00 45 0 0 5.00 0.00 0.50
13.00 43 48 30 0 0.00 0.00 45 0 0 5.00 0.00 0.50
13.00 43 48 30 0 0.00 0.00 45 0 0 5.00 0.00 0.50
13.00 42 48 30 0 0.00 0.00 45 0 0 5.00 0.00 0.50
13.00 42 48 30 0 0.00 0.00 45 0 0 5.00 0.00 0.50
13.00 42 48 30 0 0.00 0.00 45 0 0 5.00 0.00 0.50
13.00 42 48 30 0 0.00 0.00 45 0 0 5.00 0.00 0.50
14.00 42 48 30 0 0.00 0.00 45 0 0 5.00 0.00 0.50
12.00 42 48 30 0 0.00 0.00 45 0 0 5.00 0.00 0.50
13.00 43 48 30 0 0.00 0.00 45 0 0 5.00 0.00 0.50
14.00 42 48 30 0 0.00 0.00 45 0 0 5.00 0.00 0.50
12.00 41 48 30 0 0.00 0.00 44 0 0 5.00 0.00 0.50
13.00 42 48 30 0 0.00 0.00 45 0 0 5.00 0.00 0.50
13.00 42 48 30 0 0.00 0.00 45 0 0 5.00 0.00 0.50
13.00 43 48 30 0 0.00 0.00 45 0 0 5.00 0.00 0.50
13.00 42 48 30 0 0.00 0.00 45 0 0 5.00 0.00 0.50
13.00 42 48 30 0 0.00 0.00 45 0 0 5.00 0.00 0.50
13.00 43 48 30 0 0.00 0.00 45 0 0 5.00 0.00 0.50
13.00 43 48 30 0 0.00 0.00 45 0 0 5.00 0.00 0.50
13.00 42 48 30 0 0.00 0.00 45 0 0 5.00 0.00 0.50
14.00 42 48 30 0 0.00 0.00 45 0 0 5.00 0.00 0.50
12.00 41 48 30 0 0.00 0.00 44 0 0 5.00 0.00 0.50
13.00 43 48 30 0 0.00 0.00 45 0 0 5.00 0.00 0.50
13.00 42 48 30 0 0.00 0.00 45 0 0 5.00 0.00 0.50
13.00 42 48 30 0 0.00 0.00 45 0 0 5.00 0.00 0.50
13.00 42 48 30 0 0.00 0.00 45 0 0 5.00 0.00 0.50
13.00 42 48 30 0 0.00 0.00 45 0 0 5.00 0.00 0.50
13.00 42 48 30 0 0.00 0.00 45 0 0 5.00 0.00 0.50
13.00 42 48 30 0 0.00 0.00 45 0 0 5.00 0.00 0.50
13.00 42 48 30 0 0.00 0.00 45 0 0 5.00 0.00 0.50
13.00 42 48 30 0 0.00 0.00 45 0 0 5.00 0.00 0.50
13.00 42 48 30 0 0.00 0.00 45 0 0 5.00 0.00 0.50
13.00 42 48 30 0 0.00 0.00 45 0 0 5.00 0.00 0.50
14.00 42 48 30 0 0.00 0.00 45 0 0 5.00 0.00 0.50
12.00 42 48 30 0 0.00 0.00 45 0 0 5.00 0.00 0.50
13.00 42 48 30 0 0.00 0.00 45 0 0 5.00 0.00 0.50
13.00 42 48 30 0 0.00 0.00 45 0 0 5.00 0.00 0.50
13.00 42 48 30 0 0.00 0.00 45 0 0 5.00 0.00 0.50
13.00 42 48 30 0 0.00 0.00 45 0 0 5.00 0.00 0.50
13.00 42 48 30 0 0.00 0.00 45 0 0 5.00 0.00 0.50
13.00 42 48 30 0 0.00 0.00 45 0 0 5.00 0.00 0.50
13.00 42 49 30 0 0.00 0.00 45 0 0 5.00 0.00 0.50
13.00 42 49 30 0 0.00 0.00 45 0 0 5.00 0.00 0.50
14.00 42 48 30 0 0.00 0.00 45 0 0 5.00 0.00 0.50
12.00 42 48 30 0 0.00 0.00 45 0 0 5.00 0.00 0.50
13.00 42 49 30 0 0.00 0.00 45 0 0 5.00 0.00 0.50
13.00 42 48 30 0 0.00 0.00 45 0 0 5.00 0.00 0.50
13.00 42 48 30 0 0.00 0.00 45 0 0 5.00 0.00 0.50
13.00 42 49 30 0 0.00 0.00 45 0 0 5.00 0.00 0.50
13.00 42 49 30 0 0.00 0.00 45 0 0 5.00 0.00 0.50
13.00 42 48 30 0 0.00 0.00 45 0 0 5.00 0.00 0.50
13.00 42 49 30 0 0.00 0.00 45 0 0 5.00 0.00 0.50
13.00 42 49 30 0 0.00 0.00 45 0 0 5.00 0.00 0.50
13.00 41 49 30 0 0.00 0.00 45 0 0 5.00 0.00 0.50
13.00 41 48 30 0 0.00 0.00 44 0 0 5.00 0.00 0.50
13.00 42 48 30 0 0.00 0.00 45 0 0 5.00 0.00 0.50
14.00 41 48 30 0 0.00 0.00 44 0 0 5.00 0.00 0.50
12.00 41 49 30 0 0.00 0.00 45 0 0 5.00 0.00 0.50
13.00 43 48 30 0 0.00 0.00 45 0 0 5.00 0.00 0.50
13.00 42 48 30 0 0.00 0.00 45 0 0 5.00 0.00 0.50
13.00 42 48 30 0 0.00 0.00 45 0 0 5.00 0.00 0.50
13.00 42 48 30 0 0.00 0.00 45 0 0 5.00 0.00 0.50
13.00 42 48 30 0 0.00 0.00 45 0 0 5.00 0.00 0.50
13.00 42 48 30 0 0.00 0.00 45 0 0 5.00 0.00 0.50
13.00 41 48 30 0 0.00 0.00 44 0 0 5.00 0.00 0.50
13.00 42 49 30 0 0.00 0.00 45 0 0 5.00 0.00 0.50
14.00 42 49 30 0 0.00 0.00 45 0 0 5.00 0.00 0.50
12.00 41 49 30 0 0.00 0.00 45 0 0 5.00 0.00 0.50
13.00 42 48 30 0 0.00 0.00 45 0 0 5.00 0.00 0.50
13.00 42 48 30 0 0.00 0.00 45 0 0 5.00 0.00 0.50
13.00 42 48 30 0 0.00 0.00 45 0 0 5.00 0.00 0.50
13.00 42 49 30 0 0.00 0.00 45 0 0 5.00 0.00 0.50
13.00 42 48 30 0 0.00 0.00 45 0 0 5.00 0.00 0.50
13.00 42 48 30 0 0.00 0.00 45 0 0 5.00 0.00 0.50
13.00 42 48 30 0 0.00 0.00 45 0 0 5.00 0.00 0.50
13.00 42 49 30 0 0.00 0.00 45 0 0 5.00 0.00 0.50
13.00 42 48 30 0 0.00 0.00 45 0 0 5.00 0.00 0.50
13.00 42 49 30 0 0.00 0.00 45 0 0 5.00 0.00 0.50
13.00 42 48 30 0 0.00 0.00 45 0 0 5.00 0.00 0.50
14.00 41 49 30 0 0.00 0.00 45 0 0 5.00 0.00 0.50
12.00 41 49 30 0 0.00 0.00 45 0 0 5.00 0.00 0.50
13.00 42 48 30 0 0.00 0.00 45 0 0 5.00 0.00 0.50
13.00 42 49 30 0 0.00 0.00 45 0 0 5.00 0.00 0.50
13.00 41 49 30 0 0.00 0.00 45 0 0 5.00 0.00 0.50
13.00 42 48 30 0 0.00 0.00 45 0 0 5.00 0.00 0.50
13.00 42 48 30 0 0.00 0.00 45 0 0 5.00 0.00 0.50
13.00 42 48 30 0 0.00 0.00 45 0 0 5.00 0.00 0.50
13.00 42 48 30 0 0.00 0.00 45 0 0 5.00 0.00 0.50
13.00 42 49 30 0 0.00 0.00 45 0 0 5.00 0.00 0.50
14.00 41 49 30 0 0.00 0.00 45 0 0 5.00 0.00 0.50
12.00 41 49 30 0 0.00 0.00 45 0 0 5.00 0.00 0.50
13.00 41 49 30 0 0.00 0.00 45 0 0 5.00 0.00 0.50
14.00 41 48 30 0 0.00 0.00 44 0 0 5.00 0.00 0.50
12.00 41 48 30 0 0.00 0.00 44 0 0 5.00 0.00 0.50
13.00 41 49 30 0 0.00 0.00 45 0 0 5.00 0.00 0.50
13.00 42 48 30 0 0.00 0.00 45 0 0 5.00 0.00 0.50
13.00 42 48 30 0 0.00 0.00 45 0 0 5.00 0.00 0.50
13.00 42 49 30 0 0.00 0.00 45 0 0 5.00 0.00 0.50
13.00 42 48 30 0 0.00 0.00 45 0 0 5.00 0.00 0.50
13.00 42 48 30 0 0.00 0.00 45 0 0 5.00 0.00 0.50
13.00 42 48 30 0 0.00 0.00 45 0 0 5.00 0.00 0.50
13.00 43 48 30 0 0.00 0.00 45 0 0 5.00 0.00 0.50
14.00 42 48 30 0 0.00 0.00 45 0 0 5.00 0.00 0.50
12.00 43 48 30 0 0.00 0.00 45 0 0 5.00 0.00 0.50
13.00 43 48 30 0 0.00 0.00 45 0 0 5.00 0.00 0.50
13.00 42 48 30 0 0.00 0.00 45 0 0 5.00 0.00 0.50
13.00 42 48 30 0 0.00 0.00 45 0 0 5.00 0.00 0.50
13.00 42 48 30 0 0.00 0.00 45 0 0 5.00 0.00 0.50
13.00 43 48 30 0 0.00 0.00 45 0 0 5.00 0.00 0.50
13.00 42 48 30 0 0.00 0.00 45 0 0 5.00 0.00 0.50
13.00 42 48 30 0 0.00 0.00 45 0 0 5.00 0.00 0.50
13.00 42 48 30 0 0.00 0.00 45 0 0 5.00 0.00 0.50
14.00 43 48 30 0 0.00 0.00 45 0 0 5.00 0.00 0.50
12.00 42 48 30 0 0.00 0.00 45 0 0 5.00 0.00 0.50
13.00 43 48 30 0 0.00 0.00 45 0 0 5.00 0.00 0.50
14.00 42 48 30 0 0.00 0.00 45 0 0 5.00 0.00 0.50
12.00 42 48 30 0 0.00 0.00 45 0 0 5.00 0.00 0.50
13.00 42 48 30 0 0.00 0.00 45 0 0 5.00 0.00 0.50
13.00 42 48 30 0 0.00 0.00 45 0 0 5.00 0.00 0.50
13.00 43 48 30 0 0.00 0.00 45 0 0 5.00 0.00 0.50
13.00 43 48 30 0 0.00 0.00 45 0 0 5.00 0.00 0.50
13.00 43 48 30 0 0.00 0.00 45 0 0 5.00 0.00 0.50
13.00 43 48 30 0 0.00 0.00 45 0 0 5.00 0.00 0.50
13.00 42 48 30 0 0.00 0.00 45 0 0 5.00 0.00 0.50
13.00 42 48 30 0 0.00 0.00 45 0 0 5.00 0.00 0.50
14.00 42 48 30 0 0.00 0.00 45 0 0 5.00 0.00 0.50
12.00 41 49 30 0 0.00 0.00 45 0 0 5.00 0.00 0.50
13.00 42 48 30 0 0.00 0.00 45 0 0 5.00 0.00 0.50
13.00 42 48 30 0 0.00 0.00 45 0 0 5.00 0.00 0.50
13.00 42 48 30 0 0.00 0.00 45 0 0 5.00 0.00 0.50
13.00 42 48 30 0 0.00 0.00 45 0 0 5.00 0.00 0.50
13.00 42 48 30 0 0.00 0.00 45 0 0 5.00 0.00 0.50
13.00 43 48 30 0 0.00 0.00 45 0 0 5.00 0.00 0.50
13.00 43 48 30 0 0.00 0.00 45 0 0 5.00 0.00 0.50
13.00 42 48 30 0 0.00 0.00 45 0 0 5.00 0.00 0.50
14.00 41 48 30 0 0.00 0.00 44 0 0 5.00 0.00 0.50
12.00 42 48 30 0 0.00 0.00 45 0 0 5.00 0.00 0.50
13.00 42 48 30 0 0.00 0.00 45 0 0 5.00 0.00 0.50
14.00 42 48 30 0 0.00 0.00 45 0 0 5.00 0.00 0.50
12.00 42 48 30 0 0.00 0.00 45 0 0 5.00 0.00 0.50
13.00 42 48 30 0 0.00 0.00 45 0 0 5.00 0.00 0.50
13.00 42 48 30 0 0.00 0.00 45 0 0 5.00 0.00 0.50
13.00 42 48 30 0 0.00 0.00 45 0 0 5.00 0.00 0.50
13.00 42 48 30 0 0.00 0.00 45 0 0 5.00 0.00 0.50
13.00 42 48 30 0 0.00 0.00 45 0 0 5.00 0.00 0.50
13.00 42 48 30 0 0.00 0.00 45 0 0 5.00 0.00 0.50
13.00 42 49 30 0 0.00 0.00 45 0 0 5.00 0.00 0.50
13.00 41 49 30 0 0.00 0.00 45 0 0 5.00 0.00 0.50
14.00 41 49 30 0 0.00 0.00 45 0 0 5.00 0.00 0.50
12.00 42 49 30 0 0.00 0.00 45 0 0 5.00 0.00 0.50
13.00 42 49 30 0 0.00 0.00 45 0 0 5.00 0.00 0.50
13.00 42 49 30 0 0.00 0.00 45 0 0 5.00 0.00 0.50
13.00 41 49 30 0 0.00 0.00 45 0 0 5.00 0.00 0.50
13.00 42 49 30 0 0.00 0.00 45 0 0 5.00 0.00 0.50
13.00 42 49 30 0 0.00 0.00 45 0 0 5.00 0.00 0.50
13.00 42 48 30 0 0.00 0.00 45 0 0 5.00 0.00 0.50
13.00 42 48 30 0 0.00 0.00 45 0 0 5.00 0.00 0.50
13.00 42 48 30 0 0.00 0.00 45 0 0 5.00 0.00 0.50
13.00 43 48 30 0 0.00 0.00 45 0 0 5.00 0.00 0.50
13.00 42 48 30 0 0.00 0.00 45 0 0 5.00 0.00 0.50
13.00 43 48 30 0 0.00 0.00 45 0 0 5.00 0.00 0.50
14.00 41 49 30 0 0.00 0.00 45 0 0 5.00 0.00 0.50
12.00 42 49 30 0 0.00 0.00 45 0 0 5.00 0.00 0.50
13.00 42 48 30 0 0.00 0.00 45 0 0 5.00 0.00 0.50
13.00 42 48 30 0 0.00 0.00 45 0 0 5.00 0.00 0.50
13.00 42 49 30 0 0.00 0.00 45 0 0 5.00 0.00 0.50
13.00 42 48 30 0 0.00 0.00 45 0 0 5.00 0.00 0.50
13.00 42 48 30 0 0.00 0.00 45 0 0 5.00 0.00 0.50
13.00 42 48 30 0 0.00 0.00 45 0 0 5.00 0.00 0.50
13.00 42 48 30 0 0.00 0.00 45 0 0 5.00 0.00 0.50
13.00 42 48 30 0 0.00 0.00 45 0 0 5.00 0.00 0.50
14.00 42 48 30 0 0.00 0.00 45 0 0 5.00 0.00 0.50
12.00 42 48 30 0 0.00 0.00 45 0 0 5.00 0.00 0.50
13.00 42 49 30 0 0.00 0.00 45 0 0 5.00 0.00 0.50
13.00 42 49 30 0 0.00 0.00 45 0 0 5.00 0.00 0.50
13.00 41 49 30 0 0.00 0.00 45 0 0 5.00 0.00 0.50
13.00 42 49 30 0 0.00 0.00 45 0 0 5.00 0.00 0.50
13.00 42 49 30 0 0.00 0.00 45 0 0 5.00 0.00 0.50
13.00 41 49 30 0 0.00 0.00 45 0 0 5.00 0.00 0.50
13.00 42 48 30 0 0.00 0.00 45 0 0 5.00 0.00 0.50
13.00 42 49 30 0 0.00 0.00 45 0 0 5.00 0.00 0.50
13.00 42 48 30 0 0.00 0.00 45 0 0 5.00 0.00 0.50
13.00 42 48 30 0 0.00 0.00 45 0 0 5.00 0.00 0.50
13.00 42 49 30 0 0.00 0.00 45 0 0 5.00 0.00 0.50
14.00 41 49 30 0 0.00 0.00 45 0 0 5.00 0.00 0.50
12.00 42 49 30 0 0.00 0.00 45 0 0 5.00 0.00 0.50
13.00 42 48 30 0 0.00 0.00 45 0 0 5.00 0.00 0.50
13.00 42 48 30 0 0.00 0.00 45 0 0 5.00 0.00 0.50
13.00 42 48 30 0 0.00 0.00 45 0 0 5.00 0.00 0.50
13.00 42 49 30 0 0.00 0.00 45 0 0 5.00 0.00 0.50
13.00 42 49 30 0 0.00 0.00 45 0 0 5.00 0.00 0.50
13.00 42 48 30 0 0.00 0.00 45 0 0 5.00 0.00 0.50
13.00 41 49 30 0 0.00 0.00 45 0 0 5.00 0.00 0.50
13.00 42 49 30 0 0.00 0.00 45 0 0 5.00 0.00 0.50
14.00 41 49 30 0 0.00 0.00 45 0 0 5.00 0.00 0.50
12.00 42 48 30 0 0.00 0.00 45 0 0 5.00 0.00 0.50
13.00 42 49 30 0 0.00 0.00 45 0 0 5.00 0.00 0.50
13.00 42 48 30 0 0.00 0.00 45 0 0 5.00 0.00 0.50
13.00 41 49 30 0 0.00 0.00 45 0 0 5.00 0.00 0.50
13.00 42 48 30 0 0.00 0.00 45 0 0 5.00 0.00 0.50
13.00 42 48 30 0 0.00 0.00 45 0 0 5.00 0.00 0.50
13.00 41 48 30 0 0.00 0.00 44 0 0 5.00 0.00 0.50
13.00 42 48 30 0 0.00 0.00 45 0 0 5.00 0.00 0.50
13.00 42 49 30 0 0.00 0.00 45 0 0 5.00 0.00 0.50
13.00 43 48 30 0 0.00 0.00 45 0 0 5.00 0.00 0.50
13.00 42 49 30 0 0.00 0.00 45 0 0 5.00 0.00 0.50
13.00 42 49 30 0 0.00 0.00 45 0 0 5.00 0.00 0.50
14.00 42 48 30 0 0.00 0.00 45 0 0 5.00 0.00 0.50
12.00 41 49 30 0 0.00 0.00 45 0 0 5.00 0.00 0.50
13.00 42 49 30 0 0.00 0.00 45 0 0 5.00 0.00 0.50
13.00 42 49 30 0 0.00 0.00 45 0 0 5.00 0.00 0.50
13.00 41 49 30 0 0.00 0.00 45 0 0 5.00 0.00 0.50
13.00 42 48 30 0 0.00 0.00 45 0 0 5.00 0.00 0.50
13.00 42 48 30 0 0.00 0.00 45 0 0 5.00 0.00 0.50
13.00 42 48 30 0 0.00 0.00 45 0 0 5.00 0.00 0.50
13.00 41 49 30 0 0.00 0.00 45 0 0 5.00 0.00 0.50
13.00 42 48 30 0 0.00 0.00 45 0 0 5.00 0.00 0.50
14.00 41 48 30 0 0.00 0.00 44 0 0 5.00 0.00 0.50
12.00 42 48 30 0 0.00 0.00 45 0 0 5.00 0.00 0.50
13.00 42 48 30 0 0.00 0.00 45 0 0 5.00 0.00 0.50
14.00 41 49 30 0 0.00 0.00 45 0 0 5.00 0.00 0.50
12.00 42 48 30 0 0.00 0.00 45 0 0 5.00 0.00 0.50
13.00 42 48 30 0 0.00 0.00 45 0 0 5.00 0.00 0.50
13.00 42 48 30 0 0.00 0.00 45 0 0 5.00 0.00 0.50
13.00 42 48 30 0 0.00 0.00 45 0 0 5.00 0.00 0.50
13.00 42 48 30 0 0.00 0.00 45 0 0 5.00 0.00 0.50
13.00 42 48 30 0 0.00 0.00 45 0 0 5.00 0.00 0.50
13.00 41 48 30 0 0.00 0.00 44 0 0 5.00 0.00 0.50
13.00 41 49 30 0 0.00 0.00 45 0 0 5.00 0.00 0.50
13.00 42 48 30 0 0.00 0.00 45 0 0 5.00 0.00 0.50
14.00 41 48 30 0 0.00 0.00 44 0 0 5.00 0.00 0.50
12.00 42 48 30 0 0.00 0.00 45 0 0 5.00 0.00 0.50
13.00 42 48 30 0 0.00 0.00 45 0 0 5.00 0.00 0.50
13.00 42 48 30 0 0.00 0.00 45 0 0 5.00 0.00 0.50
13.00 42 48 30 0 0.00 0.00 45 0 0 5.00 0.00 0.50
13.00 42 48 30 0 0.00 0.00 45 0 0 5.00 0.00 0.50
13.00 42 48 30 0 0.00 0.00 45 0 0 5.00 0.00 0.50
13.00 42 48 30 0 0.00 0.00 45 0 0 5.00 0.00 0.50
13.00 42 49 30 0 0.00 0.00 45 0 0 5.00 0.00 0.50
13.00 42 48 30 0 0.00 0.00 45 0 0 5.00 0.00 0.50
14.00 41 48 30 0 0.00 0.00 44 0 0 5.00 0.00 0.50
12.00 43 48 30 0 0.00 0.00 45 0 0 5.00 0.00 0.50
13.00 42 48 30 0 0.00 0.00 45 0 0 5.00 0.00 0.50
14.00 42 48 30 0 0.00 0.00 45 0 0 5.00 0.00 0.50
12.00 41 49 30 0 0.00 0.00 45 0 0 5.00 0.00 0.50
13.00 42 49 30 0 0.00 0.00 45 0 0 5.00 0.00 0.50
13.00 42 49 30 0 0.00 0.00 45 0 0 5.00 0.00 0.50
13.00 41 49 30 0 0.00 0.00 45 0 0 5.00 0.00 0.50
13.00 42 48 30 0 0.00 0.00 45 0 0 5.00 0.00 0.50
13.00 43 48 30 0 0.00 0.00 45 0 0 5.00 0.00 0.50
13.00 41 49 30 0 0.00 0.00 45 0 0 5.00 0.00 0.50
13.00 41 49 30 0 0.00 0.00 45 0 0 5.00 0.00 0.50
13.00 42 48 30 0 0.00 0.00 45 0 0 5.00 0.00 0.50
14.00 42 48 30 0 0.00 0.00 45 0 0 5.00 0.00 0.50
12.00 41 49 30 0 0.00 0.00 45 0 0 5.00 0.00 0.50
13.00 42 49 30 0 0.00 0.00 45 0 0 5.00 0.00 0.50
13.00 42 48 30 0 0.00 0.00 45 0 0 5.00 0.00 0.50
13.00 42 49 30 0 0.00 0.00 45 0 0 5.00 0.00 0.50
13.00 42 49 30 0 0.00 0.00 45 0 0 5.00 0.00 0.50
13.00 42 49 30 0 0.00 0.00 45 0 0 5.00 0.00 0.50
13.00 42 48 30 0 0.00 0.00 45 0 0 5.00 0.00 0.50
13.00 42 48 30 0 0.00 0.00 45 0 0 5.00 0.00 0.50
13.00 42 48 30 0 0.00 0.00 45 0 0 5.00 0.00 0.50
14.00 43 48 30 0 0.00 0.00 45 0 0 5.00 0.00 0.50
12.00 42 48 30 0 0.00 0.00 45 0 0 5.00 0.00 0.50
13.00 42 48 30 0 0.00 0.00 45 0 0 5.00 0.00 0.50
14.00 41 49 30 0 0.00 0.00 45 0 0 5.00 0.00 0.50
12.00 41 49 30 0 0.00 0.00 45 0 0 5.00 0.00 0.50
13.00 42 49 30 0 0.00 0.00 45 0 0 5.00 0.00 0.50
13.00 42 48 30 0 0.00 0.00 45 0 0 5.00 0.00 0.50
13.00 42 49 30 0 0.00 0.00 45 0 0 5.00 0.00 0.50
13.00 42 49 30 0 0.00 0.00 45 0 0 5.00 0.00 0.50
13.00 42 48 30 0 0.00 0.00 45 0 0 5.00 0.00 0.50
13.00 41 49 30 0 0.00 0.00 45 0 0 5.00 0.00 0.50
13.00 42 49 30 0 0.00 0.00 45 0 0 5.00 0.00 0.50
13.00 42 49 30 0 0.00 0.00 45 0 0 5.00 0.00 0.50
14.00 42 48 30 0 0.00 0.00 45 0 0 5.00 0.00 0.50
12.00 41 49 30 0 0.00 0.00 45 0 0 5.00 0.00 0.50
13.00 42 49 30 0 0.00 0.00 45 0 0 5.00 0.00 0.50
13.00 42 49 30 0 0.00 0.00 45 0 0 5.00 0.00 0.50
13.00 42 48 30 0 0.00 0.00 45 0 0 5.00 0.00 0.50
13.00 42 48 30 0 0.00 0.00 45 0 0 5.00 0.00 0.50
13.00 42 48 30 0 0.00 0.00 45 0 0 5.00 0.00 0.50
13.00 42 49 30 0 0.00 0.00 45 0 0 5.00 0.00 0.50
13.00 42 48 30 0 0.00 0.00 45 0 0 5.00 0.00 0.50
13.00 42 48 30 0 0.00 0.00 45 0 0 5.00 0.00 0.50
13.00 41 49 30 0 0.00 0.00 45 0 0 5.00 0.00 0.50
13.00 42 48 30 0 0.00 0.00 45 0 0 5.00 0.00 0.50
13.00 42 48 30 0 0.00 0.00 45 0 0 5.00 0.00 0.50
14.00 41 48 30 0 0.00 0.00 44 0 0 5.00 0.00 0.50
12.00 42 49 30 0 0.00 0.00 45 0 0 5.00 0.00 0.50
13.00 42 49 30 0 0.00 0.00 45 0 0 5.00 0.00 0.50
13.00 42 48 30 0 0.00 0.00 45 0 0 5.00 0.00 0.50
13.00 42 48 30 0 0.00 0.00 45 0 0 5.00 0.00 0.50
13.00 41 49 30 0 0.00 0.00 45 0 0 5.00 0.00 0.50
13.00 42 48 30 0 0.00 0.00 45 0 0 5.00 0.00 0.50
13.00 42 48 30 0 0.00 0.00 45 0 0 5.00 0.00 0.50
13.00 43 48 30 0 0.00 0.00 45 0 0 5.00 0.00 0.50
13.00 42 48 30 0 0.00 0.00 45 0 0 5.00 0.00 0.50
14.00 41 49 30 0 0.00 0.00 45 0 0 5.00 0.00 0.50
12.00 42 48 30 0 0.00 0.00 45 0 0 5.00 0.00 0.50
13.00 42 48 30 0 0.00 0.00 45 0 0 5.00 0.00 0.50
13.00 43 48 30 0 0.00 0.00 45 0 0 5.00 0.00 0.50
13.00 42 48 30 0 0.00 0.00 45 0 0 5.00 0.00 0.50
13.00 42 48 30 0 0.00 0.00 45 0 0 5.00 0.00 0.50
13.00 42 48 30 0 0.00 0.00 45 0 0 5.00 0.00 0.50
13.00 42 48 30 0 0.00 0.00 45 0 0 5.00 0.00 0.50
13.00 42 48 30 0 0.00 0.00 45 0 0 5.00 0.00 0.50
13.00 42 48 30 0 0.00 0.00 45 0 0 5.00 0.00 0.50
13.00 43 48 30 0 0.00 0.00 45 0 0 5.00 0.00 0.50
13.00 42 48 30 0 0.00 0.00 45 0 0 5.00 0.00 0.50
13.00 42 49 30 0 0.00 0.00 45 0 0 5.00 0.00 0.50
14.00 42 49 30 0 0.00 0.00 45 0 0 5.00 0.00 0.50
12.00 42 48 30 0 0.00 0.00 45 0 0 5.00 0.00 0.50
13.00 42 49 30 0 0.00 0.00 45 0 0 5.00 0.00 0.50
13.00 42 49 30 0 0.00 0.00 45 0 0 5.00 0.00 0.50
13.00 41 49 30 0 0.00 0.00 45 0 0 5.00 0.00 0.50
13.00 42 48 30 0 0.00 0.00 45 0 0 5.00 0.00 0.50
13.00 42 49 30 0 0.00 0.00 45 0 0 5.00 0.00 0.50
13.00 42 48 30 0 0.00 0.00 45 0 0 5.00 0.00 0.50
13.00 42 48 30 0 0.00 0.00 45 0 0 5.00 0.00 0.50
13.00 42 49 30 0 0.00 0.00 45 0 0 5.00 0.00 0.50
14.00 42 48 30 0 0.00 0.00 45 0 0 5.00 0.00 0.50
12.00 42 49 30 0 0.00 0.00 45 0 0 5.00 0.00 0.50
13.00 42 48 30 0 0.00 0.00 45 0 0 5.00 0.00 0.50
13.00 41 49 30 0 0.00 0.00 45 0 0 5.00 0.00 0.50
13.00 42 48 30 0 0.00 0.00 45 0 0 5.00 0.00 0.50
13.00 42 49 30 0 0.00 0.00 45 0 0 5.00 0.00 0.50
13.00 42 49 30 0 0.00 0.00 45 0 0 5.00 0.00 0.50
13.00 41 48 30 0 0.00 0.00 44 0 0 5.00 0.00 0.50
13.00 42 48 30 0 0.00 0.00 45 0 0 5.00 0.00 0.50
13.00 42 48 30 0 0.00 0.00 45 0 0 5.00 0.00 0.50
13.00 42 48 30 0 0.00 0.00 45 0 0 5.00 0.00 0.50
13.00 42 48 30 0 0.00 0.00 45 0 0 5.00 0.00 0.50
13.00 42 49 30 0 0.00 0.00 45 0 0 5.00 0.00 0.50
14.00 41 49 30 0 0.00 0.00 45 0 0 5.00 0.00 0.50
12.00 42 49 30 0 0.00 0.00 45 0 0 5.00 0.00 0.50
13.00 42 48 30 0 0.00 0.00 45 0 0 5.00 0.00 0.50
13.00 41 48 30 0 0.00 0.00 44 0 0 5.00 0.00 0.50
13.00 42 48 30 0 0.00 0.00 45 0 0 5.00 0.00 0.50
13.00 42 49 30 0 0.00 0.00 45 0 0 5.00 0.00 0.50
13.00 42 48 30 0 0.00 0.00 45 0 0 5.00 0.00 0.50
13.00 42 48 30 0 0.00 0.00 45 0 0 5.00 0.00 0.50
13.00 42 48 30 0 0.00 0.00 45 0 0 5.00 0.00 0.50
13.00 42 48 30 0 0.00 0.00 45 0 0 5.00 0.00 0.50
14.00 41 48 30 0 0.00 0.00 44 0 0 5.00 0.00 0.50
12.00 42 48 30 0 0.00 0.00 45 0 0 5.00 0.00 0.50
13.00 42 48 30 0 0.00 0.00 45 0 0 5.00 0.00 0.50
14.00 42 48 30 0 0.00 0.00 45 0 0 5.00 0.00 0.50
12.00 41 48 30 0 0.00 0.00 44 0 0 5.00 0.00 0.50
13.00 42 48 30 0 0.00 0.00 45 0 0 5.00 0.00 0.50
13.00 42 48 30 0 0.00 0.00 45 0 0 5.00 0.00 0.50
13.00 41 48 30 0 0.00 0.00 44 0 0 5.00 0.00 0.50
13.00 42 48 30 0 0.00 0.00 45 0 0 5.00 0.00 0.50
13.00 42 48 30 0 0.00 0.00 45 0 0 5.00 0.00 0.50
13.00 43 48 30 0 0.00 0.00 45 0 0 5.00 0.00 0.50
13.00 42 49 30 0 0.00 0.00 45 0 0 5.00 0.00 0.50
13.00 42 48 30 0 0.00 0.00 45 0 0 5.00 0.00 0.50
14.00 42 48 30 0 0.00 0.00 45 0 0 5.00 0.00 0.50
12.00 41 48 30 0 0.00 0.00 44 0 0 5.00 0.00 0.50
13.00 42 48 30 0 0.00 0.00 45 0 0 5.00 0.00 0.50
13.00 42 48 30 0 0.00 0.00 45 0 0 5.00 0.00 0.50
13.00 42 48 30 0 0.00 0.00 45 0 0 5.00 0.00 0.50
13.00 42 49 30 0 0.00 0.00 45 0 0 5.00 0.00 0.50
13.00 42 49 30 0 0.00 0.00 45 0 0 5.00 0.00 0.50
13.00 42 48 30 0 0.00 0.00 45 0 0 5.00 0.00 0.50
13.00 42 48 30 0 0.00 0.00 45 0 0 5.00 0.00 0.50
13.00 42 48 30 0 0.00 0.00 45 0 0 5.00 0.00 0.50
14.00 43 48 30 0 0.00 0.00 45 0 0 5.00 0.00 0.50
12.00 42 48 30 0 0.00 0.00 45 0 0 5.00 0.00 0.50
13.00 43 48 30 0 0.00 0.00 45 0 0 5.00 0.00 0.50
14.00 42 48 30 0 0.00 0.00 45 0 0 5.00 0.00 0.50
12.00 41 49 30 0 0.00 0.00 45 0 0 5.00 0.00 0.50
13.00 42 48 30 0 0.00 0.00 45 0 0 5.00 0.00 0.50
13.00 42 48 30 0 0.00 0.00 45 0 0 5.00 0.00 0.50
13.00 42 49 30 0 0.00 0.00 45 0 0 5.00 0.00 0.50
13.00 42 48 30 0 0.00 0.00 45 0 0 5.00 0.00 0.50
13.00 42 48 48 4 155.00 155.00 48 6 0 5.00 0.00 0.50
14.00 42 48 48 4 155.00 155.00 48 6 0 5.00 0.00 0.50
14.00 44 48 48 4 155.00 155.00 48 4 0 5.00 0.00 0.50
14.00 44 47 48 4 175.36 134.64 47 3 0 5.00 0.00 0.50
15.00 43 48 48 4 138.33 171.67 48 5 0 5.00 0.00 0.50
13.00 43 48 48 4 155.00 155.00 48 5 0 5.00 0.00 0.50
14.00 42 49 48 4 134.64 175.36 49 7 0 5.00 0.00 0.50
15.00 42 48 48 4 171.67 138.33 48 6 0 5.00 0.00 0.50
13.00 41 48 48 4 155.00 155.00 48 7 0 5.00 0.00 0.50
14.00 42 48 48 4 155.00 155.00 48 6 0 5.00 0.00 0.50
15.00 43 48 48 4 155.00 155.00 48 5 0 5.00 0.00 0.50
14.00 46 48 48 4 155.00 155.00 48 2 0 5.00 0.00 0.50
13.00 43 48 48 4 155.00 155.00 48 5 0 5.00 0.00 0.50
15.00 42 48 48 4 155.00 155.00 48 6 0 5.00 0.00 0.50
14.00 42 48 48 4 155.00 155.00 48 6 0 5.00 0.00 0.50
13.00 42 48 48 4 155.00 155.00 48 6 0 5.00 0.00 0.50
15.00 42 48 48 4 155.00 155.00 48 6 0 5.00 0.00 0.50
14.00 42 48 48 4 155.00 155.00 48 6 0 5.00 0.00 0.50
14.00 47 48 48 4 155.00 155.00 48 1 0 5.00 0.00 0.50
14.00 47 48 48 4 155.00 155.00 48 1 0 5.00 0.00 0.50
14.00 47 48 48 4 155.00 155.00 48 1 0 5.00 0.00 0.50
14.00 47 47 48 4 175.36 134.64 47 0 0 5.00 0.00 0.50
14.00 47 48 48 4 137.14 172.86 48 1 0 5.00 0.00 0.50
14.00 46 48 48 4 155.00 155.00 48 2 0 5.00 0.00 0.50
14.00 45 48 48 4 155.00 155.00 48 3 0 5.00 0.00 0.50
15.00 43 49 48 4 135.83 174.17 49 6 0 5.00 0.00 0.50
13.00 43 48 48 4 174.23 135.77 48 5 0 5.00 0.00 0.50
14.00 43 49 48 4 134.64 175.36 49 6 0 5.00 0.00 0.50
15.00 43 48 48 4 171.67 138.33 48 5 0 5.00 0.00 0.50
13.00 43 48 48 4 155.00 155.00 48 5 0 5.00 0.00 0.50
14.00 46 48 48 4 155.00 155.00 48 2 0 5.00 0.00 0.50
15.00 46 49 48 4 135.83 174.17 49 3 0 5.00 0.00 0.50
14.00 46 48 48 4 172.86 137.14 48 2 0 5.00 0.00 0.50
13.00 45 48 48 4 155.00 155.00 48 3 0 5.00 0.00 0.50
15.00 46 49 48 4 135.83 174.17 49 3 0 5.00 0.00 0.50
14.00 45 49 48 4 152.50 157.50 49 4 0 5.00 0.00 0.50
13.00 44 49 48 4 152.50 157.50 49 5 0 5.00 0.00 0.50
15.00 43 49 48 4 152.50 157.50 49 6 0 5.00 0.00 0.50
14.00 44 49 48 4 152.50 157.50 49 5 0 5.00 0.00 0.50
13.00 46 49 48 4 152.50 157.50 49 3 0 5.00 0.00 0.50
14.00 46 49 48 4 152.50 157.50 49 3 0 5.00 0.00 0.50
15.00 46 48 48 4 171.67 138.33 48 2 0 5.00 0.00 0.50
14.00 47 48 48 4 155.00 155.00 48 1 0 5.00 0.00 0.50
13.00 47 48 48 4 155.00 155.00 48 1 0 5.00 0.00 0.50
15.00 46 49 48 4 135.83 174.17 49 3 0 5.00 0.00 0.50
14.00 47 48 48 4 172.86 137.14 48 1 0 5.00 0.00 0.50
13.00 47 49 48 4 133.27 176.73 49 2 0 5.00 0.00 0.50
15.00 47 49 48 4 152.50 157.50 49 2 0 5.00 0.00 0.50
14.00 47 49 48 4 152.50 157.50 49 2 0 5.00 0.00 0.50
14.00 47 49 48 4 152.50 157.50 49 2 0 5.00 0.00 0.50
14.00 47 49 48 4 152.50 157.50 49 2 0 5.00 0.00 0.50
14.00 47 49 48 4 152.50 157.50 49 2 0 5.00 0.00 0.50
14.00 48 49 48 4 152.50 157.50 49 1 0 5.00 0.00 0.50
14.00 48 49 48 4 152.50 157.50 49 1 0 5.00 0.00 0.50
14.00 48 50 48 4 132.14 177.86 50 2 0 5.00 0.00 0.50
14.00 48 50 48 4 150.00 160.00 50 2 0 5.00 0.00 0.50
15.00 47 49 48 4 169.17 140.83 49 2 0 5.00 0.00 0.50
13.00 47 50 48 4 130.77 179.23 50 3 0 5.00 0.00 0.50
14.00 47 49 48 4 170.36 139.64 49 2 0 5.00 0.00 0.50
15.00 48 49 48 4 152.50 157.50 49 1 0 5.00 0.00 0.50
13.00 48 49 48 4 152.50 157.50 49 1 0 5.00 0.00 0.50
14.00 46 49 48 4 152.50 157.50 49 3 0 5.00 0.00 0.50
15.00 48 49 48 4 152.50 157.50 49 1 0 5.00 0.00 0.50
14.00 46 49 48 4 152.50 157.50 49 3 0 5.00 0.00 0.50
13.00 48 49 48 4 152.50 157.50 49 1 0 5.00 0.00 0.50
15.00 45 49 48 4 152.50 157.50 49 4 0 5.00 0.00 0.50
14.00 49 50 48 4 132.14 177.86 50 1 0 5.00 0.00 0.50
13.00 48 50 48 4 150.00 160.00 50 2 0 5.00 0.00 0.50
15.00 48 50 48 4 150.00 160.00 50 2 0 5.00 0.00 0.50
14.00 48 49 48 4 170.36 139.64 49 1 0 5.00 0.00 0.50
14.00 48 50 48 4 132.14 177.86 50 2 0 5.00 0.00 0.50
14.00 48 49 48 4 170.36 139.64 49 1 0 5.00 0.00 0.50
14.00 48 50 48 4 132.14 177.86 50 2 0 5.00 0.00 0.50
14.00 48 50 48 4 150.00 160.00 50 2 0 5.00 0.00 0.50
14.00 48 50 48 4 150.00 160.00 50 2 0 5.00 0.00 0.50
14.00 48 50 48 4 150.00 160.00 50 2 0 5.00 0.00 0.50
14.00 48 49 48 4 170.36 139.64 49 1 0 5.00 0.00 0.50
15.00 48 50 48 4 133.33 176.67 50 2 0 5.00 0.00 0.50
13.00 48 49 48 4 171.73 138.27 49 1 0 5.00 0.00 0.50
14.00 48 50 48 4 132.14 177.86 50 2 0 5.00 0.00 0.50
15.00 48 50 48 4 150.00 160.00 50 2 0 5.00 0.00 0.50
13.00 48 50 48 4 150.00 160.00 50 2 0 5.00 0.00 0.50
14.00 47 50 48 4 150.00 160.00 50 3 0 5.00 0.00 0.50
15.00 47 50 48 4 150.00 160.00 50 3 0 5.00 0.00 0.50
13.00 44 50 48 4 150.00 160.00 50 6 0 5.00 0.00 0.50
14.00 45 50 48 4 150.00 160.00 50 5 0 5.00 0.00 0.50
15.00 48 50 48 4 150.00 160.00 50 2 0 5.00 0.00 0.50
14.00 48 50 48 4 150.00 160.00 50 2 0 5.00 0.00 0.50
13.00 47 50 48 4 150.00 160.00 50 3 0 5.00 0.00 0.50
15.00 47 50 48 4 150.00 160.00 50 3 0 5.00 0.00 0.50
14.00 48 50 48 4 150.00 160.00 50 2 0 5.00 0.00 0.50
13.00 48 50 48 4 150.00 160.00 50 2 0 5.00 0.00 0.50
15.00 47 50 48 4 150.00 160.00 50 3 0 5.00 0.00 0.50
14.00 47 50 48 4 150.00 160.00 50 3 0 5.00 0.00 0.50
14.00 47 50 48 4 150.00 160.00 50 3 0 5.00 0.00 0.50
14.00 47 50 48 4 150.00 160.00 50 3 0 5.00 0.00 0.50
14.00 48 50 48 4 150.00 160.00 50 2 0 5.00 0.00 0.50
14.00 45 50 48 4 150.00 160.00 50 5 0 5.00 0.00 0.50
14.00 43 51 48 4 129.64 180.36 51 8 0 5.00 0.00 0.50
14.00 44 50 48 4 167.86 142.14 50 6 0 5.00 0.00 0.50
14.00 44 50 48 4 150.00 160.00 50 6 0 5.00 0.00 0.50
15.00 44 50 48 4 150.00 160.00 50 6 0 5.00 0.00 0.50
13.00 44 50 48 4 150.00 160.00 50 6 0 5.00 0.00 0.50
14.00 44 50 48 4 150.00 160.00 50 6 0 5.00 0.00 0.50
15.00 46 51 48 4 130.83 179.17 51 5 0 5.00 0.00 0.50
13.00 47 51 48 4 147.50 162.50 51 4 0 5.00 0.00 0.50
14.00 48 51 48 4 147.50 162.50 51 3 0 5.00 0.00 0.50
15.00 48 51 48 4 147.50 162.50 51 3 0 5.00 0.00 0.50
14.00 48 50 48 4 167.86 142.14 50 2 0 5.00 0.00 0.50
13.00 47 51 48 4 128.27 181.73 51 4 0 5.00 0.00 0.50
15.00 47 51 48 4 147.50 162.50 51 4 0 5.00 0.00 0.50
14.00 47 51 48 4 147.50 162.50 51 4 0 5.00 0.00 0.50
13.00 47 51 48 4 147.50 162.50 51 4 0 5.00 0.00 0.50
15.00 47 51 48 4 147.50 162.50 51 4 0 5.00 0.00 0.50
14.00 47 52 48 4 127.14 182.86 52 5 0 5.00 0.00 0.50
14.00 48 51 48 4 165.36 144.64 51 3 0 5.00 0.00 0.50
13.00 47 51 48 4 147.50 162.50 51 4 0 5.00 0.00 0.50
15.00 44 52 48 4 128.33 181.67 52 8 0 5.00 0.00 0.50
14.00 44 52 48 4 145.00 165.00 52 8 0 5.00 0.00 0.50
13.00 44 52 48 4 145.00 165.00 52 8 0 5.00 0.00 0.50
15.00 44 51 48 4 164.17 145.83 51 7 0 5.00 0.00 0.50
14.00 45 51 48 4 147.50 162.50 51 6 0 5.00 0.00 0.50
14.00 46 51 48 4 147.50 162.50 51 5 0 5.00 0.00 0.50
14.00 47 51 48 4 147.50 162.50 51 4 0 5.00 0.00 0.50
14.00 48 51 48 4 147.50 162.50 51 3 0 5.00 0.00 0.50
14.00 48 51 48 4 147.50 162.50 51 3 0 5.00 0.00 0.50
14.00 48 52 48 4 127.14 182.86 52 4 0 5.00 0.00 0.50
14.00 48 51 48 4 165.36 144.64 51 3 0 5.00 0.00 0.50
14.00 47 52 48 4 127.14 182.86 52 5 0 5.00 0.00 0.50
14.00 48 52 48 4 145.00 165.00 52 4 0 5.00 0.00 0.50
14.00 45 52 48 4 145.00 165.00 52 7 0 5.00 0.00 0.50
14.00 45 52 48 4 145.00 165.00 52 7 0 5.00 0.00 0.50
15.00 45 52 48 4 145.00 165.00 52 7 0 5.00 0.00 0.50
13.00 45 52 48 4 145.00 165.00 52 7 0 5.00 0.00 0.50
14.00 45 52 48 4 145.00 165.00 52 7 0 5.00 0.00 0.50
15.00 46 52 48 4 145.00 165.00 52 6 0 5.00 0.00 0.50
13.00 47 51 48 4 166.73 143.27 51 4 0 5.00 0.00 0.50
14.00 48 51 48 4 147.50 162.50 51 3 0 5.00 0.00 0.50
15.00 50 52 48 4 128.33 181.67 52 2 0 5.00 0.00 0.50
14.00 48 52 48 4 145.00 165.00 52 4 0 5.00 0.00 0.50
13.00 49 52 48 4 145.00 165.00 52 3 0 5.00 0.00 0.50
15.00 49 51 48 4 164.17 145.83 51 2 0 5.00 0.00 0.50
14.00 49 51 48 4 147.50 162.50 51 2 0 5.00 0.00 0.50
13.00 49 51 48 4 147.50 162.50 51 2 0 5.00 0.00 0.50
15.00 48 52 48 4 128.33 181.67 52 4 0 5.00 0.00 0.50
14.00 48 51 48 4 165.36 144.64 51 3 0 5.00 0.00 0.50
14.00 48 51 48 4 147.50 162.50 51 3 0 5.00 0.00 0.50
14.00 48 52 48 4 127.14 182.86 52 4 0 5.00 0.00 0.50
14.00 48 52 48 4 145.00 165.00 52 4 0 5.00 0.00 0.50
14.00 49 51 48 4 165.36 144.64 51 2 0 5.00 0.00 0.50
14.00 49 52 48 4 127.14 182.86 52 3 0 5.00 0.00 0.50
14.00 49 52 48 4 145.00 165.00 52 3 0 5.00 0.00 0.50
14.00 49 52 48 4 145.00 165.00 52 3 0 5.00 0.00 0.50
15.00 49 52 48 4 145.00 165.00 52 3 0 5.00 0.00 0.50
13.00 50 52 48 4 145.00 165.00 52 2 0 5.00 0.00 0.50
14.00 50 52 48 4 145.00 165.00 52 2 0 5.00 0.00 0.50
15.00 50 52 48 4 145.00 165.00 52 2 0 5.00 0.00 0.50
13.00 51 52 48 4 145.00 165.00 52 1 0 5.00 0.00 0.50
14.00 50 52 48 4 145.00 165.00 52 2 0 5.00 0.00 0.50
15.00 50 52 48 4 145.00 165.00 52 2 0 5.00 0.00 0.50
14.00 50 52 48 4 145.00 165.00 52 2 0 5.00 0.00 0.50
13.00 50 52 48 4 145.00 165.00 52 2 0 5.00 0.00 0.50
15.00 51 52 48 4 145.00 165.00 52 1 0 5.00 0.00 0.50
14.00 50 52 48 4 145.00 165.00 52 2 0 5.00 0.00 0.50
13.00 50 52 48 4 145.00 165.00 52 2 0 5.00 0.00 0.50
15.00 51 52 48 4 145.00 165.00 52 1 0 5.00 0.00 0.50
14.00 51 52 48 4 145.00 165.00 52 1 0 5.00 0.00 0.50
13.00 51 52 48 4 145.00 165.00 52 1 0 5.00 0.00 0.50
15.00 46 52 48 4 145.00 165.00 52 6 0 5.00 0.00 0.50
14.00 48 52 48 4 145.00 165.00 52 4 0 5.00 0.00 0.50
14.00 51 53 48 4 124.64 185.36 53 2 0 5.00 0.00 0.50
14.00 51 53 48 4 142.50 167.50 53 2 0 5.00 0.00 0.50
14.00 51 52 48 4 162.86 147.14 52 1 0 5.00 0.00 0.50
14.00 48 53 48 4 124.64 185.36 53 5 0 5.00 0.00 0.50
14.00 51 52 48 4 162.86 147.14 52 1 0 5.00 0.00 0.50
14.00 47 52 48 4 145.00 165.00 52 5 0 5.00 0.00 0.50
14.00 49 52 48 4 145.00 165.00 52 3 0 5.00 0.00 0.50
15.00 50 52 48 4 145.00 165.00 52 2 0 5.00 0.00 0.50
13.00 51 52 48 4 145.00 165.00 52 1 0 5.00 0.00 0.50
14.00 50 52 48 4 145.00 165.00 52 2 0 5.00 0.00 0.50
15.00 50 52 48 4 145.00 165.00 52 2 0 5.00 0.00 0.50
13.00 50 52 48 4 145.00 165.00 52 2 0 5.00 0.00 0.50
14.00 50 52 48 4 145.00 165.00 52 2 0 5.00 0.00 0.50
15.00 49 51 48 4 164.17 145.83 51 2 0 5.00 0.00 0.50
14.00 48 51 48 4 147.50 162.50 51 3 0 5.00 0.00 0.50
13.00 47 52 48 4 125.77 184.23 52 5 0 5.00 0.00 0.50
15.00 47 51 48 4 164.17 145.83 51 4 0 5.00 0.00 0.50
14.00 47 51 48 4 147.50 162.50 51 4 0 5.00 0.00 0.50
13.00 47 51 48 4 147.50 162.50 51 4 0 5.00 0.00 0.50
15.00 46 52 48 4 128.33 181.67 52 6 0 5.00 0.00 0.50
14.00 47 51 48 4 165.36 144.64 51 4 0 5.00 0.00 0.50
14.00 47 51 48 4 147.50 162.50 51 4 0 5.00 0.00 0.50
14.00 48 51 48 4 147.50 162.50 51 3 0 5.00 0.00 0.50
14.00 49 51 48 4 147.50 162.50 51 2 0 5.00 0.00 0.50
14.00 49 51 48 4 147.50 162.50 51 2 0 5.00 0.00 0.50
13.00 48 51 48 4 147.50 162.50 51 3 0 5.00 0.00 0.50
15.00 48 51 48 4 147.50 162.50 51 3 0 5.00 0.00 0.50
14.00 47 51 48 4 147.50 162.50 51 4 0 5.00 0.00 0.50
14.00 47 51 48 4 147.50 162.50 51 4 0 5.00 0.00 0.50
14.00 46 51 48 4 147.50 162.50 51 5 0 5.00 0.00 0.50
14.00 46 51 48 4 147.50 162.50 51 5 0 5.00 0.00 0.50
14.00 46 51 48 4 147.50 162.50 51 5 0 5.00 0.00 0.50
14.00 46 51 48 4 147.50 162.50 51 5 0 5.00 0.00 0.50
14.00 46 51 48 4 147.50 162.50 51 5 0 5.00 0.00 0.50
14.00 46 51 48 4 147.50 162.50 51 5 0 5.00 0.00 0.50
15.00 46 51 48 4 147.50 162.50 51 5 0 5.00 0.00 0.50
13.00 46 51 48 4 147.50 162.50 51 5 0 5.00 0.00 0.50
14.00 46 51 48 4 147.50 162.50 51 5 0 5.00 0.00 0.50
15.00 47 51 48 4 147.50 162.50 51 4 0 5.00 0.00 0.50
13.00 46 51 48 4 147.50 162.50 51 5 0 5.00 0.00 0.50
14.00 46 51 48 4 147.50 162.50 51 5 0 5.00 0.00 0.50
15.00 46 51 48 4 147.50 162.50 51 5 0 5.00 0.00 0.50
13.00 46 51 48 4 147.50 162.50 51 5 0 5.00 0.00 0.50
14.00 46 51 48 4 147.50 162.50 51 5 0 5.00 0.00 0.50
15.00 46 51 48 4 147.50 162.50 51 5 0 5.00 0.00 0.50
14.00 46 51 48 4 147.50 162.50 51 5 0 5.00 0.00 0.50
13.00 46 51 48 4 147.50 162.50 51 5 0 5.00 0.00 0.50
15.00 46 51 48 4 147.50 162.50 51 5 0 5.00 0.00 0.50
14.00 46 51 48 4 147.50 162.50 51 5 0 5.00 0.00 0.50
13.00 47 51 48 4 147.50 162.50 51 4 0 5.00 0.00 0.50
15.00 46 51 48 4 147.50 162.50 51 5 0 5.00 0.00 0.50
14.00 47 51 48 4 147.50 162.50 51 4 0 5.00 0.00 0.50
14.00 47 51 48 4 147.50 162.50 51 4 0 5.00 0.00 0.50
14.00 46 51 48 4 147.50 162.50 51 5 0 5.00 0.00 0.50
14.00 47 51 48 4 147.50 162.50 51 4 0 5.00 0.00 0.50
14.00 47 51 48 4 147.50 162.50 51 4 0 5.00 0.00 0.50
14.00 47 50 48 4 167.86 142.14 50 3 0 5.00 0.00 0.50
14.00 47 51 48 4 129.64 180.36 51 4 0 5.00 0.00 0.50
14.00 47 50 48 4 167.86 142.14 50 3 0 5.00 0.00 0.50
15.00 48 50 48 4 150.00 160.00 50 2 0 5.00 0.00 0.50
13.00 47 50 48 4 150.00 160.00 50 3 0 5.00 0.00 0.50
14.00 47 51 48 4 129.64 180.36 51 4 0 5.00 0.00 0.50
15.00 47 50 48 4 166.67 143.33 50 3 0 5.00 0.00 0.50
13.00 46 51 48 4 128.27 181.73 51 5 0 5.00 0.00 0.50
14.00 47 51 48 4 147.50 162.50 51 4 0 5.00 0.00 0.50
15.00 46 51 48 4 147.50 162.50 51 5 0 5.00 0.00 0.50
14.00 46 50 48 4 167.86 142.14 50 4 0 5.00 0.00 0.50
13.00 47 51 48 4 128.27 181.73 51 4 0 5.00 0.00 0.50
15.00 46 50 48 4 166.67 143.33 50 4 0 5.00 0.00 0.50
14.00 47 50 48 4 150.00 160.00 50 3 0 5.00 0.00 0.50
13.00 47 50 48 4 150.00 160.00 50 3 0 5.00 0.00 0.50
15.00 47 50 48 4 150.00 160.00 50 3 0 5.00 0.00 0.50
14.00 46 50 48 4 150.00 160.00 50 4 0 5.00 0.00 0.50
14.00 46 50 48 4 150.00 160.00 50 4 0 5.00 0.00 0.50
14.00 47 50 48 4 150.00 160.00 50 3 0 5.00 0.00 0.50
14.00 47 51 48 4 129.64 180.36 51 4 0 5.00 0.00 0.50
14.00 47 50 48 4 167.86 142.14 50 3 0 5.00 0.00 0.50
14.00 46 50 48 4 150.00 160.00 50 4 0 5.00 0.00 0.50
14.00 46 51 48 4 129.64 180.36 51 5 0 5.00 0.00 0.50
14.00 47 50 48 4 167.86 142.14 50 3 0 5.00 0.00 0.50
15.00 46 51 48 4 130.83 179.17 51 5 0 5.00 0.00 0.50
13.00 46 50 48 4 169.23 140.77 50 4 0 5.00 0.00 0.50
14.00 46 51 48 4 129.64 180.36 51 5 0 5.00 0.00 0.50
15.00 46 50 48 4 166.67 143.33 50 4 0 5.00 0.00 0.50
13.00 46 51 48 4 128.27 181.73 51 5 0 5.00 0.00 0.50
14.00 50 50 48 4 167.86 142.14 50 0 0 5.00 0.00 0.50
15.00 50 50 48 4 150.00 160.00 50 0 0 5.00 0.00 0.50
13.00 50 50 48 4 150.00 160.00 50 0 0 5.00 0.00 0.50
14.00 49 50 48 4 150.00 160.00 50 1 0 5.00 0.00 0.50
15.00 50 50 48 4 150.00 160.00 50 0 0 5.00 0.00 0.50
14.00 50 50 48 4 150.00 160.00 50 0 0 5.00 0.00 0.50
13.00 50 51 48 4 128.27 181.73 51 1 0 5.00 0.00 0.50
15.00 49 50 48 4 166.67 143.33 50 1 0 5.00 0.00 0.50
14.00 49 50 48 4 150.00 160.00 50 1 0 5.00 0.00 0.50
13.00 49 51 48 4 128.27 181.73 51 2 0 5.00 0.00 0.50
15.00 49 51 48 4 147.50 162.50 51 2 0 5.00 0.00 0.50
14.00 49 51 48 4 147.50 162.50 51 2 0 5.00 0.00 0.50
14.00 49 50 48 4 167.86 142.14 50 1 0 5.00 0.00 0.50
14.00 49 51 48 4 129.64 180.36 51 2 0 5.00 0.00 0.50
14.00 49 50 48 4 167.86 142.14 50 1 0 5.00 0.00 0.50
14.00 49 51 48 4 129.64 180.36 51 2 0 5.00 0.00 0.50
13.00 49 50 30 4 -255.00 255.00 50 1 0 5.00 0.00 0.50
15.00 49 50 30 4 0.00 205.00 50 1 0 5.00 0.00 0.50
14.00 49 50 30 4 0.00 205.00 50 1 0 5.00 0.00 0.50
13.00 49 50 30 4 0.00 205.00 50 1 0 5.00 0.00 0.50
14.00 49 51 30 4 -125.36 225.36 51 2 0 5.00 0.00 0.50
14.00 49 51 30 4 -107.50 207.50 51 2 0 5.00 0.00 0.50
14.00 49 50 30 4 122.86 187.14 50 1 0 5.00 0.00 0.50
15.00 49 50 30 4 0.00 205.00 50 1 0 5.00 0.00 0.50
13.00 48 50 30 4 0.00 205.00 50 2 0 5.00 0.00 0.50
13.00 49 49 30 4 126.73 183.27 49 0 0 5.00 0.00 0.50
15.00 49 49 30 4 107.50 202.50 49 0 0 5.00 0.00 0.50
13.00 49 49 30 4 107.50 202.50 49 0 0 5.00 0.00 0.50
14.00 49 49 30 4 107.50 202.50 49 0 0 5.00 0.00 0.50
15.00 50 48 30 4 126.67 183.33 48 -2 0 5.00 0.00 0.50
14.00 49 48 30 4 110.00 200.00 48 -1 0 5.00 0.00 0.50
14.00 49 48 30 4 110.00 200.00 48 -1 0 5.00 0.00 0.50
15.00 49 47 30 4 129.17 180.83 47 -2 0 5.00 0.00 0.50
14.00 49 47 30 4 112.50 197.50 47 -2 0 5.00 0.00 0.50
14.00 49 47 30 4 112.50 197.50 47 -2 0 5.00 0.00 0.50
15.00 49 46 30 4 131.67 178.33 46 -3 0 5.00 0.00 0.50
14.00 49 47 30 4 -115.36 215.36 47 -2 0 5.00 0.00 0.50
14.00 49 46 30 4 132.86 177.14 46 -3 0 5.00 0.00 0.50
15.00 49 46 30 4 115.00 195.00 46 -3 0 5.00 0.00 0.50
14.00 49 46 30 4 115.00 195.00 46 -3 0 5.00 0.00 0.50
14.00 48 46 30 4 115.00 195.00 46 -2 0 5.00 0.00 0.50
15.00 49 45 30 4 134.17 175.83 45 -4 0 5.00 0.00 0.50
14.00 49 44 30 4 137.86 172.14 44 -5 0 5.00 0.00 0.50
14.00 49 44 30 4 120.00 190.00 44 -5 0 5.00 0.00 0.50
15.00 49 44 30 4 120.00 190.00 44 -5 0 5.00 0.00 0.50
14.00 49 44 30 4 120.00 190.00 44 -5 0 5.00 0.00 0.50
14.00 49 44 30 4 120.00 190.00 44 -5 0 5.00 0.00 0.50
15.00 48 43 30 4 139.17 170.83 43 -5 0 5.00 0.00 0.50
13.00 49 43 30 4 122.50 187.50 43 -6 0 5.00 0.00 0.50
14.00 48 43 30 4 122.50 187.50 43 -5 0 5.00 0.00 0.50
15.00 48 42 30 4 141.67 168.33 42 -6 0 5.00 0.00 0.50
14.00 48 42 30 4 125.00 185.00 42 -6 0 5.00 0.00 0.50
14.00 48 42 30 4 125.00 185.00 42 -6 0 5.00 0.00 0.50
15.00 48 42 30 4 125.00 185.00 42 -6 0 5.00 0.00 0.50
14.00 49 41 30 4 145.36 164.64 41 -8 0 5.00 0.00 0.50
14.00 50 41 30 4 127.50 182.50 41 -9 0 5.00 0.00 0.50
15.00 52 41 30 4 127.50 182.50 41 -11 0 5.00 0.00 0.50
14.00 53 41 30 4 127.50 182.50 41 -12 0 5.00 0.00 0.50
15.00 49 41 30 4 127.50 182.50 41 -8 0 5.00 0.00 0.50
15.00 49 40 30 4 146.67 163.33 40 -9 0 5.00 0.00 0.50
14.00 153 40 30 4 130.00 180.00 40 -113 0 5.00 0.00 0.50
16.00 50 40 30 4 130.00 180.00 40 -10 0 5.00 0.00 0.50
14.00 145 40 30 4 130.00 180.00 40 -105 0 5.00 0.00 0.50
15.00 144 40 30 4 130.00 180.00 40 -104 0 5.00 0.00 0.50
16.00 143 39 30 4 148.13 161.88 39 -104 0 5.00 0.00 0.50
16.00 47 40 30 4 114.37 195.63 40 -7 0 5.00 0.00 0.50
12.00 47 39 30 4 153.33 156.67 39 -8 0 5.00 0.00 0.50
15.00 46 39 30 4 132.50 177.50 39 -7 0 5.00 0.00 0.50
14.00 46 38 30 4 152.86 157.14 38 -8 0 5.00 0.00 0.50
14.00 45 38 30 4 135.00 175.00 38 -7 0 5.00 0.00 0.50
15.00 45 38 30 4 135.00 175.00 38 -7 0 5.00 0.00 0.50
13.00 45 38 30 4 135.00 175.00 38 -7 0 5.00 0.00 0.50
14.00 44 38 30 4 135.00 175.00 38 -6 0 5.00 0.00 0.50
15.00 44 38 30 4 135.00 175.00 38 -6 0 5.00 0.00 0.50
14.00 44 38 30 4 135.00 175.00 38 -6 0 5.00 0.00 0.50
14.00 44 38 30 4 135.00 175.00 38 -6 0 5.00 0.00 0.50
15.00 44 38 30 4 135.00 175.00 38 -6 0 5.00 0.00 0.50
14.00 42 38 30 4 135.00 175.00 38 -4 0 5.00 0.00 0.50
18.00 43 36 30 4 167.78 142.22 36 -7 0 5.00 0.00 0.50
11.00 42 37 30 4 114.77 195.23 37 -5 0 5.00 0.00 0.50
14.00 42 36 30 4 157.86 152.14 36 -6 0 5.00 0.00 0.50
14.00 42 36 30 4 140.00 170.00 36 -6 0 5.00 0.00 0.50
19.00 42 35 30 4 155.66 154.34 35 -7 0 5.00 0.00 0.50
10.00 41 35 30 4 142.50 167.50 35 -6 0 5.00 0.00 0.50
14.00 41 34 30 4 162.86 147.14 34 -7 0 5.00 0.00 0.50
15.00 41 34 30 4 145.00 165.00 34 -7 0 5.00 0.00 0.50
14.00 41 34 30 4 145.00 165.00 34 -7 0 5.00 0.00 0.50
14.00 41 34 30 4 145.00 165.00 34 -7 0 5.00 0.00 0.50
15.00 40 33 30 4 164.17 145.83 33 -7 0 5.00 0.00 0.50
14.00 40 33 30 4 147.50 162.50 33 -7 0 5.00 0.00 0.50
14.00 40 32 30 4 167.86 142.14 32 -8 0 5.00 0.00 0.50
15.00 40 32 30 4 150.00 160.00 32 -8 0 5.00 0.00 0.50
14.00 40 31 30 4 170.36 139.64 31 -9 0 5.00 0.00 0.50
14.00 40 31 30 4 152.50 157.50 31 -9 0 5.00 0.00 0.50
15.00 38 31 30 4 152.50 157.50 31 -7 0 5.00 0.00 0.50
14.00 38 30 30 4 172.86 137.14 30 -8 0 5.00 0.00 0.50
14.00 38 30 30 4 155.00 155.00 30 -8 0 5.00 0.00 0.50
15.00 38 31 30 4 135.83 174.17 31 -7 0 5.00 0.00 0.50
14.00 170 30 30 4 172.86 137.14 30 -140 0 5.00 0.00 0.50
16.00 38 30 30 4 155.00 155.00 30 -8 0 5.00 0.00 0.50
18.00 38 30 30 4 155.00 155.00 30 -8 0 5.00 0.00 0.50
17.00 185 30 30 4 155.00 155.00 30 -155 0 5.00 0.00 0.50
27.00 188 30 30 4 155.00 155.00 30 -158 0 5.00 0.00 0.50
27.00 183 29 30 4 166.76 143.24 29 -154 0 5.00 0.00 0.50
18.00 190 28 30 4 173.89 136.11 28 -162 0 5.00 0.00 0.50
17.00 145 27 30 4 177.21 132.79 27 -118 0 5.00 0.00 0.50
16.00 163 26 30 4 180.63 129.38 26 -137 0 5.00 0.00 0.50
15.00 156 26 30 4 165.00 145.00 26 -130 0 5.00 0.00 0.50
15.00 199 26 30 4 165.00 145.00 26 -173 0 5.00 0.00 0.50
19.00 180 27 30 4 149.34 160.66 27 -153 0 5.00 0.00 0.50
17.00 3345 27 30 4 162.50 147.50 27 -3318 0 5.00 0.00 0.50
211.00 27 20 30 4 188.29 121.71 20 -7 0 5.00 0.00 0.50
10.00 29 22 30 4 125.00 185.00 22 -7 0 5.00 0.00 0.50
15.00 189 22 30 4 175.00 135.00 22 -167 0 5.00 0.00 0.50
17.00 174 21 30 4 192.21 117.79 21 -153 0 5.00 0.00 0.50
16.00 174 19 30 4 213.75 -113.75 19 -155 0 5.00 0.00 0.50
17.00 27 18 30 4 199.71 110.29 18 -9 0 5.00 0.00 0.50
10.00 26 18 30 4 185.00 125.00 18 -8 0 5.00 0.00 0.50
14.00 25 18 30 4 185.00 125.00 18 -7 0 5.00 0.00 0.50
15.00 25 17 30 4 204.17 105.83 17 -8 0 5.00 0.00 0.50
14.00 25 17 30 4 187.50 122.50 17 -8 0 5.00 0.00 0.50
14.00 24 19 30 4 146.79 163.21 19 -5 0 5.00 0.00 0.50
15.00 23 17 30 4 220.83 -120.83 17 -6 0 5.00 0.00 0.50
14.00 23 16 30 4 207.86 -107.86 16 -7 0 5.00 0.00 0.50
14.00 24 17 30 4 169.64 140.36 17 -7 0 5.00 0.00 0.50
15.00 24 15 30 4 225.83 -125.83 15 -9 0 5.00 0.00 0.50
14.00 23 16 30 4 172.14 137.86 16 -7 0 5.00 0.00 0.50
14.00 22 15 30 4 210.36 -110.36 15 -7 0 5.00 0.00 0.50
15.00 22 15 30 4 192.50 117.50 15 -7 0 5.00 0.00 0.50
14.00 22 14 30 4 212.86 -112.86 14 -8 0 5.00 0.00 0.50
16.00 21 14 30 4 195.00 115.00 14 -7 0 5.00 0.00 0.50
13.00 20 14 30 4 195.00 115.00 14 -6 0 5.00 0.00 0.50
14.00 20 14 30 4 195.00 115.00 14 -6 0 5.00 0.00 0.50
14.00 19 14 30 4 195.00 115.00 14 -5 0 5.00 0.00 0.50
15.00 19 14 30 4 195.00 115.00 14 -5 0 5.00 0.00 0.50
14.00 18 13 30 4 215.36 -115.36 13 -5 0 5.00 0.00 0.50
16.00 19 13 30 4 197.50 112.50 13 -6 0 5.00 0.00 0.50
14.00 17 12 30 4 217.86 -117.86 12 -5 0 5.00 0.00 0.50
14.00 18 13 30 4 179.64 130.36 13 -5 0 5.00 0.00 0.50
15.00 18 13 30 4 197.50 112.50 13 -5 0 5.00 0.00 0.50
14.00 16 13 30 4 197.50 112.50 13 -3 0 5.00 0.00 0.50
14.00 16 13 30 4 197.50 112.50 13 -3 0 5.00 0.00 0.50
15.00 16 13 30 4 197.50 112.50 13 -3 0 5.00 0.00 0.50
14.00 16 13 30 4 197.50 112.50 13 -3 0 5.00 0.00 0.50
14.00 15 13 30 4 197.50 112.50 13 -2 0 5.00 0.00 0.50
14.00 16 13 30 4 197.50 112.50 13 -3 0 5.00 0.00 0.50
14.00 15 13 30 4 197.50 112.50 13 -2 0 5.00 0.00 0.50
14.00 15 13 30 4 197.50 112.50 13 -2 0 5.00 0.00 0.50
15.00 15 13 30 4 197.50 112.50 13 -2 0 5.00 0.00 0.50
14.00 14 13 30 4 197.50 112.50 13 -1 0 5.00 0.00 0.50
14.00 14 13 30 4 197.50 112.50 13 -1 0 5.00 0.00 0.50
15.00 15 13 30 4 197.50 112.50 13 -2 0 5.00 0.00 0.50
14.00 14 14 30 4 177.14 132.86 14 0 0 5.00 0.00 0.50
14.00 14 14 30 4 195.00 115.00 14 0 0 5.00 0.00 0.50
15.00 13 14 30 4 195.00 115.00 14 1 0 5.00 0.00 0.50
13.00 14 14 30 4 195.00 115.00 14 0 0 5.00 0.00 0.50
14.00 14 14 30 4 195.00 115.00 14 0 0 5.00 0.00 0.50
15.00 14 14 30 4 195.00 115.00 14 0 0 5.00 0.00 0.50
14.00 14 15 30 4 174.64 135.36 15 1 0 5.00 0.00 0.50
13.00 14 15 30 4 192.50 117.50 15 1 0 5.00 0.00 0.50
15.00 14 15 30 4 192.50 117.50 15 1 0 5.00 0.00 0.50
14.00 14 15 30 4 192.50 117.50 15 1 0 5.00 0.00 0.50
13.00 13 15 30 4 192.50 117.50 15 2 0 5.00 0.00 0.50
15.00 14 16 30 4 173.33 136.67 16 2 0 5.00 0.00 0.50
14.00 14 15 30 4 210.36 -110.36 15 1 0 5.00 0.00 0.50
14.00 13 16 30 4 172.14 137.86 16 3 0 5.00 0.00 0.50
13.00 15 16 30 4 190.00 120.00 16 1 0 5.00 0.00 0.50
15.00 13 16 30 4 190.00 120.00 16 3 0 5.00 0.00 0.50
14.00 14 17 30 4 169.64 140.36 17 3 0 5.00 0.00 0.50
14.00 15 17 30 4 187.50 122.50 17 2 0 5.00 0.00 0.50
14.00 14 17 30 4 187.50 122.50 17 3 0 5.00 0.00 0.50
14.00 14 17 30 4 187.50 122.50 17 3 0 5.00 0.00 0.50
14.00 15 18 30 4 167.14 142.86 18 3 0 5.00 0.00 0.50
14.00 15 18 30 4 185.00 125.00 18 3 0 5.00 0.00 0.50
14.00 15 19 30 4 164.64 145.36 19 4 0 5.00 0.00 0.50
14.00 15 19 30 4 182.50 127.50 19 4 0 5.00 0.00 0.50
15.00 15 19 30 4 182.50 127.50 19 4 0 5.00 0.00 0.50
13.00 15 19 30 4 182.50 127.50 19 4 0 5.00 0.00 0.50
14.00 15 20 30 4 162.14 147.86 20 5 0 5.00 0.00 0.50
15.00 15 20 30 4 180.00 130.00 20 5 0 5.00 0.00 0.50
13.00 16 20 30 4 180.00 130.00 20 4 0 5.00 0.00 0.50
14.00 15 21 30 4 159.64 150.36 21 6 0 5.00 0.00 0.50
15.00 16 21 30 4 177.50 132.50 21 5 0 5.00 0.00 0.50
14.00 16 21 30 4 177.50 132.50 21 5 0 5.00 0.00 0.50
13.00 17 21 30 4 177.50 132.50 21 4 0 5.00 0.00 0.50
15.00 17 22 30 4 158.33 151.67 22 5 0 5.00 0.00 0.50
14.00 17 22 30 4 175.00 135.00 22 5 0 5.00 0.00 0.50
13.00 17 23 30 4 153.27 156.73 23 6 0 5.00 0.00 0.50
15.00 17 23 30 4 172.50 137.50 23 6 0 5.00 0.00 0.50
14.00 17 24 30 4 152.14 157.86 24 7 0 5.00 0.00 0.50
14.00 18 24 30 4 170.00 140.00 24 6 0 5.00 0.00 0.50
14.00 18 24 30 4 170.00 140.00 24 6 0 5.00 0.00 0.50
14.00 19 25 30 4 149.64 160.36 25 6 0 5.00 0.00 0.50
14.00 19 25 30 4 167.50 142.50 25 6 0 5.00 0.00 0.50
14.00 19 25 30 4 167.50 142.50 25 6 0 5.00 0.00 0.50
14.00 19 26 30 4 147.14 162.86 26 7 0 5.00 0.00 0.50
14.00 20 25 30 4 185.36 124.64 25 5 0 5.00 0.00 0.50
14.00 19 25 30 4 167.50 142.50 25 6 0 5.00 0.00 0.50
14.00 20 26 30 4 147.14 162.86 26 6 0 5.00 0.00 0.50
14.00 19 27 30 4 144.64 165.36 27 8 0 5.00 0.00 0.50
15.00 21 26 30 4 181.67 128.33 26 5 0 5.00 0.00 0.50
13.00 20 27 30 4 143.27 166.73 27 7 0 5.00 0.00 0.50
14.00 21 27 30 4 162.50 147.50 27 6 0 5.00 0.00 0.50
15.00 21 27 30 4 162.50 147.50 27 6 0 5.00 0.00 0.50
13.00 22 28 30 4 140.77 169.23 28 6 0 5.00 0.00 0.50
14.00 22 29 30 4 139.64 170.36 29 7 0 5.00 0.00 0.50
15.00 22 29 30 4 157.50 152.50 29 7 0 5.00 0.00 0.50
14.00 23 30 30 4 137.14 172.86 30 7 0 5.00 0.00 0.50
13.00 24 30 30 4 155.00 155.00 30 6 0 5.00 0.00 0.50
15.00 23 30 30 4 155.00 155.00 30 7 0 5.00 0.00 0.50
14.00 23 31 30 4 134.64 175.36 31 8 0 5.00 0.00 0.50
13.00 23 30 30 4 174.23 135.77 30 7 0 5.00 0.00 0.50
15.00 23 31 30 4 135.83 174.17 31 8 0 5.00 0.00 0.50
14.00 24 31 30 4 152.50 157.50 31 7 0 5.00 0.00 0.50
14.00 24 31 30 4 152.50 157.50 31 7 0 5.00 0.00 0.50
17.00 24 31 30 4 152.50 157.50 31 7 0 5.00 0.00 0.50
11.00 24 31 30 4 152.50 157.50 31 7 0 5.00 0.00 0.50
17.00 25 32 30 4 135.29 174.71 32 7 0 5.00 0.00 0.50
11.00 25 32 30 4 150.00 160.00 32 7 0 5.00 0.00 0.50
14.00 26 32 30 4 150.00 160.00 32 6 0 5.00 0.00 0.50
16.00 26 32 30 4 150.00 160.00 32 6 0 5.00 0.00 0.50
13.00 26 32 30 4 150.00 160.00 32 6 0 5.00 0.00 0.50
13.00 26 35 30 4 -125.19 225.19 35 9 0 5.00 0.00 0.50
14.00 27 35 30 4 142.50 167.50 35 8 0 5.00 0.00 0.50
17.00 27 35 30 4 142.50 167.50 35 8 0 5.00 0.00 0.50
12.00 27 34 30 4 165.83 144.17 34 7 0 5.00 0.00 0.50
13.00 27 34 30 4 145.00 165.00 34 7 0 5.00 0.00 0.50
15.00 27 34 30 4 145.00 165.00 34 7 0 5.00 0.00 0.50
14.00 28 34 30 4 145.00 165.00 34 6 0 5.00 0.00 0.50
13.00 28 34 30 4 145.00 165.00 34 6 0 5.00 0.00 0.50
15.00 28 35 30 4 125.83 184.17 35 7 0 5.00 0.00 0.50
14.00 28 36 30 4 122.14 187.86 36 8 0 5.00 0.00 0.50
14.00 29 36 30 4 140.00 170.00 36 7 0 5.00 0.00 0.50
18.00 30 36 30 4 140.00 170.00 36 6 0 5.00 0.00 0.50
18.00 29 36 30 4 140.00 170.00 36 7 0 5.00 0.00 0.50
8.00 29 35 30 4 173.75 136.25 35 6 0 5.00 0.00 0.50
14.00 29 35 30 4 142.50 167.50 35 6 0 5.00 0.00 0.50
14.00 29 35 30 4 142.50 167.50 35 6 0 5.00 0.00 0.50
14.00 30 35 30 4 142.50 167.50 35 5 0 5.00 0.00 0.50
15.00 30 36 30 4 123.33 186.67 36 6 0 5.00 0.00 0.50
13.00 30 36 30 4 140.00 170.00 36 6 0 5.00 0.00 0.50
14.00 31 36 30 4 140.00 170.00 36 5 0 5.00 0.00 0.50
15.00 31 37 30 4 120.83 189.17 37 6 0 5.00 0.00 0.50
13.00 31 36 30 4 159.23 150.77 36 5 0 5.00 0.00 0.50
14.00 31 37 30 4 119.64 190.36 37 6 0 5.00 0.00 0.50
15.00 32 37 30 4 137.50 172.50 37 5 0 5.00 0.00 0.50
14.00 31 38 30 4 117.14 192.86 38 7 0 5.00 0.00 0.50
13.00 31 38 30 4 135.00 175.00 38 7 0 5.00 0.00 0.50
15.00 31 38 30 4 135.00 175.00 38 7 0 5.00 0.00 0.50
14.00 32 38 30 4 135.00 175.00 38 6 0 5.00 0.00 0.50
13.00 32 38 30 4 135.00 175.00 38 6 0 5.00 0.00 0.50
15.00 33 38 30 4 135.00 175.00 38 5 0 5.00 0.00 0.50
14.00 33 39 30 4 114.64 195.36 39 6 0 5.00 0.00 0.50
14.00 34 39 30 4 132.50 177.50 39 5 0 5.00 0.00 0.50
14.00 34 39 30 4 132.50 177.50 39 5 0 5.00 0.00 0.50
14.00 34 39 30 4 132.50 177.50 39 5 0 5.00 0.00 0.50
14.00 33 39 30 4 132.50 177.50 39 6 0 5.00 0.00 0.50
13.00 33 40 30 4 110.77 199.23 40 7 0 5.00 0.00 0.50
15.00 33 40 30 4 130.00 180.00 40 7 0 5.00 0.00 0.50
14.00 34 39 30 4 150.36 159.64 39 5 0 5.00 0.00 0.50
14.00 34 40 30 4 112.14 197.86 40 6 0 5.00 0.00 0.50
14.00 34 40 30 4 130.00 180.00 40 6 0 5.00 0.00 0.50
14.00 34 40 30 4 130.00 180.00 40 6 0 5.00 0.00 0.50
14.00 34 40 30 4 130.00 180.00 40 6 0 5.00 0.00 0.50
14.00 35 40 30 4 130.00 180.00 40 5 0 5.00 0.00 0.50
14.00 35 40 30 4 130.00 180.00 40 5 0 5.00 0.00 0.50
14.00 35 41 30 4 109.64 200.36 41 6 0 5.00 0.00 0.50
14.00 36 41 30 4 127.50 182.50 41 5 0 5.00 0.00 0.50
14.00 36 40 30 4 147.86 162.14 40 4 0 5.00 0.00 0.50
14.00 36 40 30 4 130.00 180.00 40 4 0 5.00 0.00 0.50
15.00 36 41 30 4 110.83 199.17 41 5 0 5.00 0.00 0.50
13.00 36 41 30 4 127.50 182.50 41 5 0 5.00 0.00 0.50
14.00 36 41 30 4 127.50 182.50 41 5 0 5.00 0.00 0.50
15.00 36 42 30 4 108.33 201.67 42 6 0 5.00 0.00 0.50
13.00 37 42 30 4 125.00 185.00 42 5 0 5.00 0.00 0.50
14.00 37 41 30 4 145.36 164.64 41 4 0 5.00 0.00 0.50
15.00 37 41 30 4 127.50 182.50 41 4 0 5.00 0.00 0.50
14.00 37 42 30 4 107.14 202.86 42 5 0 5.00 0.00 0.50
13.00 37 41 30 4 146.73 163.27 41 4 0 5.00 0.00 0.50
15.00 37 41 30 4 127.50 182.50 41 4 0 5.00 0.00 0.50
14.00 37 41 30 4 127.50 182.50 41 4 0 5.00 0.00 0.50
13.00 38 42 30 4 105.77 204.23 42 4 0 5.00 0.00 0.50
15.00 38 42 30 4 125.00 185.00 42 4 0 5.00 0.00 0.50
14.00 38 42 30 4 125.00 185.00 42 4 0 5.00 0.00 0.50
14.00 38 42 30 4 125.00 185.00 42 4 0 5.00 0.00 0.50
14.00 38 42 30 4 125.00 185.00 42 4 0 5.00 0.00 0.50
14.00 38 42 30 4 125.00 185.00 42 4 0 5.00 0.00 0.50
14.00 38 42 30 4 125.00 185.00 42 4 0 5.00 0.00 0.50
14.00 38 42 30 4 125.00 185.00 42 4 0 5.00 0.00 0.50
14.00 39 42 30 4 125.00 185.00 42 3 0 5.00 0.00 0.50
14.00 38 42 30 4 125.00 185.00 42 4 0 5.00 0.00 0.50
15.00 38 42 30 4 125.00 185.00 42 4 0 5.00 0.00 0.50
13.00 38 42 30 4 125.00 185.00 42 4 0 5.00 0.00 0.50
14.00 38 42 30 4 125.00 185.00 42 4 0 5.00 0.00 0.50
15.00 39 43 30 4 105.83 204.17 43 4 0 5.00 0.00 0.50
13.00 39 42 30 4 144.23 165.77 42 3 0 5.00 0.00 0.50
14.00 39 42 30 4 125.00 185.00 42 3 0 5.00 0.00 0.50
15.00 39 42 30 4 125.00 185.00 42 3 0 5.00 0.00 0.50
14.00 39 42 30 4 125.00 185.00 42 3 0 5.00 0.00 0.50
13.00 39 42 30 4 125.00 185.00 42 3 0 5.00 0.00 0.50
15.00 39 42 30 4 125.00 185.00 42 3 0 5.00 0.00 0.50
14.00 39 42 30 4 125.00 185.00 42 3 0 5.00 0.00 0.50
13.00 40 42 30 4 125.00 185.00 42 2 0 5.00 0.00 0.50
15.00 39 42 30 4 125.00 185.00 42 3 0 5.00 0.00 0.50
14.00 39 42 30 4 125.00 185.00 42 3 0 5.00 0.00 0.50
13.00 39 42 30 4 125.00 185.00 42 3 0 5.00 0.00 0.50
15.00 40 43 30 4 105.83 204.17 43 3 0 5.00 0.00 0.50
14.00 39 42 30 4 142.86 167.14 42 3 0 5.00 0.00 0.50
14.00 39 42 30 4 125.00 185.00 42 3 0 5.00 0.00 0.50
14.00 39 42 30 4 125.00 185.00 42 3 0 5.00 0.00 0.50
14.00 40 42 30 4 125.00 185.00 42 2 0 5.00 0.00 0.50
14.00 40 42 30 4 125.00 185.00 42 2 0 5.00 0.00 0.50
14.00 40 42 30 4 125.00 185.00 42 2 0 5.00 0.00 0.50
14.00 40 42 30 4 125.00 185.00 42 2 0 5.00 0.00 0.50
14.00 40 42 30 4 125.00 185.00 42 2 0 5.00 0.00 0.50
15.00 40 43 30 4 105.83 204.17 43 3 0 5.00 0.00 0.50
13.00 41 42 30 4 144.23 165.77 42 1 0 5.00 0.00 0.50
14.00 40 42 30 4 125.00 185.00 42 2 0 5.00 0.00 0.50
15.00 37 42 30 4 125.00 185.00 42 5 0 5.00 0.00 0.50
13.00 37 42 30 4 125.00 185.00 42 5 0 5.00 0.00 0.50
14.00 37 42 30 4 125.00 185.00 42 5 0 5.00 0.00 0.50
15.00 37 42 30 4 125.00 185.00 42 5 0 5.00 0.00 0.50
14.00 41 42 30 4 125.00 185.00 42 1 0 5.00 0.00 0.50
13.00 37 42 30 4 125.00 185.00 42 5 0 5.00 0.00 0.50
15.00 37 42 30 4 125.00 185.00 42 5 0 5.00 0.00 0.50
14.00 37 42 30 4 125.00 185.00 42 5 0 5.00 0.00 0.50
13.00 38 42 30 4 125.00 185.00 42 4 0 5.00 0.00 0.50
15.00 39 42 30 4 125.00 185.00 42 3 0 5.00 0.00 0.50
14.00 40 42 30 4 125.00 185.00 42 2 0 5.00 0.00 0.50
14.00 41 42 30 4 125.00 185.00 42 1 0 5.00 0.00 0.50
14.00 40 42 30 4 125.00 185.00 42 2 0 5.00 0.00 0.50
14.00 40 41 30 4 145.36 164.64 41 1 0 5.00 0.00 0.50
14.00 40 41 30 4 127.50 182.50 41 1 0 5.00 0.00 0.50
13.00 40 41 30 4 127.50 182.50 41 1 0 5.00 0.00 0.50
15.00 38 41 30 4 127.50 182.50 41 3 0 5.00 0.00 0.50
14.00 37 41 30 4 127.50 182.50 41 4 0 5.00 0.00 0.50
15.00 40 41 30 4 127.50 182.50 41 1 0 5.00 0.00 0.50
13.00 41 41 30 4 127.50 182.50 41 0 0 5.00 0.00 0.50
14.00 41 41 30 4 127.50 182.50 41 0 0 5.00 0.00 0.50
14.00 41 41 30 4 127.50 182.50 41 0 0 5.00 0.00 0.50
14.00 41 41 30 4 127.50 182.50 41 0 0 5.00 0.00 0.50
14.00 41 41 30 4 127.50 182.50 41 0 0 5.00 0.00 0.50
14.00 41 40 30 4 147.86 162.14 40 -1 0 5.00 0.00 0.50
15.00 41 40 30 4 130.00 180.00 40 -1 0 5.00 0.00 0.50
14.00 41 40 30 4 130.00 180.00 40 -1 0 5.00 0.00 0.50
14.00 41 40 30 4 130.00 180.00 40 -1 0 5.00 0.00 0.50
15.00 41 40 30 4 130.00 180.00 40 -1 0 5.00 0.00 0.50
14.00 40 40 30 4 130.00 180.00 40 0 0 5.00 0.00 0.50
13.00 41 39 30 4 151.73 158.27 39 -2 0 5.00 0.00 0.50
15.00 41 39 30 4 132.50 177.50 39 -2 0 5.00 0.00 0.50
14.00 41 39 30 4 132.50 177.50 39 -2 0 5.00 0.00 0.50
14.00 41 39 30 4 132.50 177.50 39 -2 0 5.00 0.00 0.50
15.00 40 39 30 4 132.50 177.50 39 -1 0 5.00 0.00 0.50
14.00 40 39 30 4 132.50 177.50 39 -1 0 5.00 0.00 0.50
14.00 40 39 30 4 132.50 177.50 39 -1 0 5.00 0.00 0.50
15.00 40 39 30 4 132.50 177.50 39 -1 0 5.00 0.00 0.50
14.00 39 38 30 4 152.86 157.14 38 -1 0 5.00 0.00 0.50
14.00 40 39 30 4 114.64 195.36 39 -1 0 5.00 0.00 0.50
15.00 40 38 30 4 151.67 158.33 38 -2 0 5.00 0.00 0.50
14.00 40 39 30 4 114.64 195.36 39 -1 0 5.00 0.00 0.50
14.00 40 39 30 4 132.50 177.50 39 -1 0 5.00 0.00 0.50
15.00 40 38 30 4 151.67 158.33 38 -2 0 5.00 0.00 0.50
14.00 40 38 30 4 135.00 175.00 38 -2 0 5.00 0.00 0.50
15.00 39 37 30 4 154.17 155.83 37 -2 0 5.00 0.00 0.50
14.00 39 38 30 4 117.14 192.86 38 -1 0 5.00 0.00 0.50
14.00 39 38 30 4 135.00 175.00 38 -1 0 5.00 0.00 0.50
15.00 40 37 30 4 154.17 155.83 37 -3 0 5.00 0.00 0.50
14.00 39 38 30 4 117.14 192.86 38 -1 0 5.00 0.00 0.50
14.00 40 37 30 4 155.36 154.64 37 -3 0 5.00 0.00 0.50
15.00 39 37 30 4 137.50 172.50 37 -2 0 5.00 0.00 0.50
14.00 39 37 30 4 137.50 172.50 37 -2 0 5.00 0.00 0.50
14.00 39 37 30 4 137.50 172.50 37 -2 0 5.00 0.00 0.50
14.00 39 36 30 4 157.86 152.14 36 -3 0 5.00 0.00 0.50
14.00 38 36 30 4 140.00 170.00 36 -2 0 5.00 0.00 0.50
14.00 38 37 30 4 119.64 190.36 37 -1 0 5.00 0.00 0.50
15.00 38 36 30 4 156.67 153.33 36 -2 0 5.00 0.00 0.50
14.00 39 36 30 4 140.00 170.00 36 -3 0 5.00 0.00 0.50
14.00 38 36 30 4 140.00 170.00 36 -2 0 5.00 0.00 0.50
15.00 38 35 30 4 159.17 150.83 35 -3 0 5.00 0.00 0.50
14.00 38 35 30 4 142.50 167.50 35 -3 0 5.00 0.00 0.50
14.00 38 36 30 4 122.14 187.86 36 -2 0 5.00 0.00 0.50
15.00 38 35 30 4 159.17 150.83 35 -3 0 5.00 0.00 0.50
14.00 38 36 30 4 122.14 187.86 36 -2 0 5.00 0.00 0.50
14.00 38 35 30 4 160.36 149.64 35 -3 0 5.00 0.00 0.50
15.00 38 35 30 4 142.50 167.50 35 -3 0 5.00 0.00 0.50
14.00 38 35 30 4 142.50 167.50 35 -3 0 5.00 0.00 0.50
14.00 37 35 30 4 142.50 167.50 35 -2 0 5.00 0.00 0.50
15.00 37 34 30 4 161.67 148.33 34 -3 0 5.00 0.00 0.50
14.00 36 34 30 4 145.00 165.00 34 -2 0 5.00 0.00 0.50
14.00 37 34 30 4 145.00 165.00 34 -3 0 5.00 0.00 0.50
15.00 36 34 30 4 145.00 165.00 34 -2 0 5.00 0.00 0.50
14.00 36 34 30 4 145.00 165.00 34 -2 0 5.00 0.00 0.50
14.00 36 33 30 4 165.36 144.64 33 -3 0 5.00 0.00 0.50
15.00 36 33 30 4 147.50 162.50 33 -3 0 5.00 0.00 0.50
14.00 36 33 30 4 147.50 162.50 33 -3 0 5.00 0.00 0.50
14.00 36 33 30 4 147.50 162.50 33 -3 0 5.00 0.00 0.50
15.00 36 32 30 4 166.67 143.33 32 -4 0 5.00 0.00 0.50
14.00 36 32 30 4 150.00 160.00 32 -4 0 5.00 0.00 0.50
14.00 35 32 30 4 150.00 160.00 32 -3 0 5.00 0.00 0.50
15.00 35 32 30 4 150.00 160.00 32 -3 0 5.00 0.00 0.50
14.00 35 32 30 4 150.00 160.00 32 -3 0 5.00 0.00 0.50
13.00 35 32 30 4 150.00 160.00 32 -3 0 5.00 0.00 0.50
15.00 35 31 30 4 169.17 140.83 31 -4 0 5.00 0.00 0.50
14.00 35 31 30 4 152.50 157.50 31 -4 0 5.00 0.00 0.50
14.00 34 31 30 4 152.50 157.50 31 -3 0 5.00 0.00 0.50
15.00 34 31 30 4 152.50 157.50 31 -3 0 5.00 0.00 0.50
14.00 34 31 30 4 152.50 157.50 31 -3 0 5.00 0.00 0.50
14.00 35 31 30 4 152.50 157.50 31 -4 0 5.00 0.00 0.50
15.00 34 31 30 4 152.50 157.50 31 -3 0 5.00 0.00 0.50
14.00 34 30 30 4 172.86 137.14 30 -4 0 5.00 0.00 0.50
14.00 34 31 30 4 134.64 175.36 31 -3 0 5.00 0.00 0.50
15.00 34 30 30 4 171.67 138.33 30 -4 0 5.00 0.00 0.50
14.00 34 30 30 4 155.00 155.00 30 -4 0 5.00 0.00 0.50
14.00 33 30 30 4 155.00 155.00 30 -3 0 5.00 0.00 0.50
15.00 33 30 30 4 155.00 155.00 30 -3 0 5.00 0.00 0.50
14.00 33 30 30 4 155.00 155.00 30 -3 0 5.00 0.00 0.50
14.00 33 30 30 4 155.00 155.00 30 -3 0 5.00 0.00 0.50
15.00 33 30 30 4 155.00 155.00 30 -3 0 5.00 0.00 0.50
14.00 32 29 30 4 175.36 134.64 29 -3 0 5.00 0.00 0.50
14.00 32 29 30 4 157.50 152.50 29 -3 0 5.00 0.00 0.50
15.00 32 29 30 4 157.50 152.50 29 -3 0 5.00 0.00 0.50
14.00 32 29 30 4 157.50 152.50 29 -3 0 5.00 0.00 0.50
14.00 32 29 30 4 157.50 152.50 29 -3 0 5.00 0.00 0.50
15.00 32 28 30 4 176.67 133.33 28 -4 0 5.00 0.00 0.50
14.00 31 28 30 4 160.00 150.00 28 -3 0 5.00 0.00 0.50
14.00 31 28 30 4 160.00 150.00 28 -3 0 5.00 0.00 0.50
15.00 31 28 30 4 160.00 150.00 28 -3 0 5.00 0.00 0.50
14.00 31 28 30 4 160.00 150.00 28 -3 0 5.00 0.00 0.50
14.00 30 27 30 4 180.36 129.64 27 -3 0 5.00 0.00 0.50
14.00 31 27 30 4 162.50 147.50 27 -4 0 5.00 0.00 0.50
14.00 30 27 30 4 162.50 147.50 27 -3 0 5.00 0.00 0.50
14.00 30 27 30 4 162.50 147.50 27 -3 0 5.00 0.00 0.50
15.00 30 26 30 4 181.67 128.33 26 -4 0 5.00 0.00 0.50
14.00 29 26 30 4 165.00 145.00 26 -3 0 5.00 0.00 0.50
14.00 30 26 30 4 165.00 145.00 26 -4 0 5.00 0.00 0.50
15.00 29 26 30 4 165.00 145.00 26 -3 0 5.00 0.00 0.50
14.00 29 26 30 4 165.00 145.00 26 -3 0 5.00 0.00 0.50
14.00 29 26 30 4 165.00 145.00 26 -3 0 5.00 0.00 0.50
15.00 29 25 30 4 184.17 125.83 25 -4 0 5.00 0.00 0.50
14.00 29 25 30 4 167.50 142.50 25 -4 0 5.00 0.00 0.50
14.00 29 26 30 4 147.14 162.86 26 -3 0 5.00 0.00 0.50
15.00 29 25 30 4 184.17 125.83 25 -4 0 5.00 0.00 0.50
14.00 28 25 30 4 167.50 142.50 25 -3 0 5.00 0.00 0.50
14.00 28 25 30 4 167.50 142.50 25 -3 0 5.00 0.00 0.50
15.00 28 25 30 4 167.50 142.50 25 -3 0 5.00 0.00 0.50
14.00 27 24 30 4 187.86 122.14 24 -3 0 5.00 0.00 0.50
14.00 28 25 30 4 149.64 160.36 25 -3 0 5.00 0.00 0.50
15.00 27 25 30 4 167.50 142.50 25 -2 0 5.00 0.00 0.50
14.00 27 24 30 4 187.86 122.14 24 -3 0 5.00 0.00 0.50
14.00 27 24 30 4 170.00 140.00 24 -3 0 5.00 0.00 0.50
15.00 27 24 30 4 170.00 140.00 24 -3 0 5.00 0.00 0.50
14.00 27 24 30 4 170.00 140.00 24 -3 0 5.00 0.00 0.50
14.00 27 24 30 4 170.00 140.00 24 -3 0 5.00 0.00 0.50
15.00 27 24 30 4 170.00 140.00 24 -3 0 5.00 0.00 0.50
14.00 26 24 30 4 170.00 140.00 24 -2 0 5.00 0.00 0.50
14.00 26 24 30 4 170.00 140.00 24 -2 0 5.00 0.00 0.50
15.00 26 24 30 4 170.00 140.00 24 -2 0 5.00 0.00 0.50
14.00 26 23 30 4 190.36 119.64 23 -3 0 5.00 0.00 0.50
13.00 26 23 30 4 172.50 137.50 23 -3 0 5.00 0.00 0.50
15.00 25 23 30 4 172.50 137.50 23 -2 0 5.00 0.00 0.50
14.00 25 23 30 4 172.50 137.50 23 -2 0 5.00 0.00 0.50
14.00 25 22 30 4 192.86 117.14 22 -3 0 5.00 0.00 0.50
15.00 25 22 30 4 175.00 135.00 22 -3 0 5.00 0.00 0.50
14.00 25 23 30 4 154.64 155.36 23 -2 0 5.00 0.00 0.50
14.00 24 23 30 4 172.50 137.50 23 -1 0 5.00 0.00 0.50
15.00 24 22 30 4 191.67 118.33 22 -2 0 5.00 0.00 0.50
14.00 25 22 30 4 175.00 135.00 22 -3 0 5.00 0.00 0.50
14.00 24 22 30 4 175.00 135.00 22 -2 0 5.00 0.00 0.50
15.00 24 22 30 4 175.00 135.00 22 -2 0 5.00 0.00 0.50
14.00 24 22 30 4 175.00 135.00 22 -2 0 5.00 0.00 0.50
14.00 23 22 30 4 175.00 135.00 22 -1 0 5.00 0.00 0.50
15.00 23 22 30 4 175.00 135.00 22 -1 0 5.00 0.00 0.50
14.00 23 22 30 4 175.00 135.00 22 -1 0 5.00 0.00 0.50
14.00 23 22 30 4 175.00 135.00 22 -1 0 5.00 0.00 0.50
15.00 23 21 30 4 194.17 115.83 21 -2 0 5.00 0.00 0.50
14.00 23 21 30 4 177.50 132.50 21 -2 0 5.00 0.00 0.50
14.00 23 21 30 4 177.50 132.50 21 -2 0 5.00 0.00 0.50
15.00 23 21 30 4 177.50 132.50 21 -2 0 5.00 0.00 0.50
14.00 23 21 30 4 177.50 132.50 21 -2 0 5.00 0.00 0.50
14.00 23 21 30 4 177.50 132.50 21 -2 0 5.00 0.00 0.50
15.00 22 21 30 4 177.50 132.50 21 -1 0 5.00 0.00 0.50
14.00 23 21 30 4 177.50 132.50 21 -2 0 5.00 0.00 0.50
14.00 23 21 30 4 177.50 132.50 21 -2 0 5.00 0.00 0.50
15.00 22 21 30 4 177.50 132.50 21 -1 0 5.00 0.00 0.50
14.00 22 21 30 4 177.50 132.50 21 -1 0 5.00 0.00 0.50
14.00 21 21 30 4 177.50 132.50 21 0 0 5.00 0.00 0.50
14.00 21 21 30 4 177.50 132.50 21 0 0 5.00 0.00 0.50
14.00 21 21 30 4 177.50 132.50 21 0 0 5.00 0.00 0.50
14.00 21 21 30 4 177.50 132.50 21 0 0 5.00 0.00 0.50
14.00 21 21 30 4 177.50 132.50 21 0 0 5.00 0.00 0.50
14.00 21 21 30 4 177.50 132.50 21 0 0 5.00 0.00 0.50
14.00 21 20 30 4 197.86 112.14 20 -1 0 5.00 0.00 0.50
15.00 21 21 30 4 160.83 149.17 21 0 0 5.00 0.00 0.50
13.00 22 20 30 4 199.23 110.77 20 -2 0 5.00 0.00 0.50
14.00 21 20 30 4 180.00 130.00 20 -1 0 5.00 0.00 0.50
15.00 21 21 30 4 160.83 149.17 21 0 0 5.00 0.00 0.50
14.00 21 20 30 4 197.86 112.14 20 -1 0 5.00 0.00 0.50
14.00 21 20 30 4 180.00 130.00 20 -1 0 5.00 0.00 0.50
15.00 21 20 30 4 180.00 130.00 20 -1 0 5.00 0.00 0.50
14.00 21 20 30 4 180.00 130.00 20 -1 0 5.00 0.00 0.50
14.00 21 20 30 4 180.00 130.00 20 -1 0 5.00 0.00 0.50
15.00 21 20 30 4 180.00 130.00 20 -1 0 5.00 0.00 0.50
14.00 22 20 30 4 180.00 130.00 20 -2 0 5.00 0.00 0.50
14.00 18 20 30 4 180.00 130.00 20 2 0 5.00 0.00 0.50
15.00 20 21 30 4 160.83 149.17 21 1 0 5.00 0.00 0.50
13.00 21 20 30 4 199.23 110.77 20 -1 0 5.00 0.00 0.50
14.00 19 21 30 4 159.64 150.36 21 2 0 5.00 0.00 0.50
15.00 21 20 30 4 196.67 113.33 20 -1 0 5.00 0.00 0.50
14.00 20 21 30 4 159.64 150.36 21 1 0 5.00 0.00 0.50
14.00 20 21 30 4 177.50 132.50 21 1 0 5.00 0.00 0.50
14.00 20 21 30 4 177.50 132.50 21 1 0 5.00 0.00 0.50
14.00 20 21 30 4 177.50 132.50 21 1 0 5.00 0.00 0.50
14.00 21 21 30 4 177.50 132.50 21 0 0 5.00 0.00 0.50
14.00 21 21 30 4 177.50 132.50 21 0 0 5.00 0.00 0.50
14.00 20 21 30 4 177.50 132.50 21 1 0 5.00 0.00 0.50
14.00 21 21 30 4 177.50 132.50 21 0 0 5.00 0.00 0.50
15.00 21 21 30 4 177.50 132.50 21 0 0 5.00 0.00 0.50
13.00 20 21 30 4 177.50 132.50 21 1 0 5.00 0.00 0.50
14.00 20 21 30 4 177.50 132.50 21 1 0 5.00 0.00 0.50
15.00 20 21 30 4 177.50 132.50 21 1 0 5.00 0.00 0.50
13.00 20 21 30 4 177.50 132.50 21 1 0 5.00 0.00 0.50
14.00 20 21 30 4 177.50 132.50 21 1 0 5.00 0.00 0.50
15.00 20 21 30 4 177.50 132.50 21 1 0 5.00 0.00 0.50
14.00 20 21 30 4 177.50 132.50 21 1 0 5.00 0.00 0.50
13.00 20 21 30 4 177.50 132.50 21 1 0 5.00 0.00 0.50
15.00 20 21 30 4 177.50 132.50 21 1 0 5.00 0.00 0.50
14.00 20 22 30 4 157.14 152.86 22 2 0 5.00 0.00 0.50
13.00 19 21 30 4 196.73 113.27 21 2 0 5.00 0.00 0.50
15.00 20 21 30 4 177.50 132.50 21 1 0 5.00 0.00 0.50
14.00 20 21 30 4 177.50 132.50 21 1 0 5.00 0.00 0.50
14.00 20 22 30 4 157.14 152.86 22 2 0 5.00 0.00 0.50
14.00 20 22 30 4 175.00 135.00 22 2 0 5.00 0.00 0.50
14.00 21 22 30 4 175.00 135.00 22 1 0 5.00 0.00 0.50
14.00 20 22 30 4 175.00 135.00 22 2 0 5.00 0.00 0.50
14.00 21 22 30 4 175.00 135.00 22 1 0 5.00 0.00 0.50
14.00 20 22 30 4 175.00 135.00 22 2 0 5.00 0.00 0.50
14.00 20 22 30 4 175.00 135.00 22 2 0 5.00 0.00 0.50
15.00 20 22 30 4 175.00 135.00 22 2 0 5.00 0.00 0.50
13.00 20 23 30 4 153.27 156.73 23 3 0 5.00 0.00 0.50
14.00 20 23 30 4 172.50 137.50 23 3 0 5.00 0.00 0.50
15.00 21 22 30 4 191.67 118.33 22 1 0 5.00 0.00 0.50
13.00 21 23 30 4 153.27 156.73 23 2 0 5.00 0.00 0.50
14.00 20 23 30 4 172.50 137.50 23 3 0 5.00 0.00 0.50
15.00 21 23 30 4 172.50 137.50 23 2 0 5.00 0.00 0.50
14.00 21 23 30 4 172.50 137.50 23 2 0 5.00 0.00 0.50
13.00 21 23 30 4 172.50 137.50 23 2 0 5.00 0.00 0.50
15.00 21 23 30 4 172.50 137.50 23 2 0 5.00 0.00 0.50
14.00 21 23 30 4 172.50 137.50 23 2 0 5.00 0.00 0.50
13.00 21 24 30 4 150.77 159.23 24 3 0 5.00 0.00 0.50
15.00 21 24 30 4 170.00 140.00 24 3 0 5.00 0.00 0.50
14.00 21 24 30 4 170.00 140.00 24 3 0 5.00 0.00 0.50
13.00 21 24 30 4 170.00 140.00 24 3 0 5.00 0.00 0.50
15.00 21 25 30 4 150.83 159.17 25 4 0 5.00 0.00 0.50
14.00 21 24 30 4 187.86 122.14 24 3 0 5.00 0.00 0.50
14.00 22 25 30 4 149.64 160.36 25 3 0 5.00 0.00 0.50
13.00 22 25 30 4 167.50 142.50 25 3 0 5.00 0.00 0.50
15.00 22 25 30 4 167.50 142.50 25 3 0 5.00 0.00 0.50
14.00 21 25 30 4 167.50 142.50 25 4 0 5.00 0.00 0.50
13.00 22 25 30 4 167.50 142.50 25 3 0 5.00 0.00 0.50
15.00 22 25 30 4 167.50 142.50 25 3 0 5.00 0.00 0.50
14.00 22 25 30 4 167.50 142.50 25 3 0 5.00 0.00 0.50
14.00 22 25 30 4 167.50 142.50 25 3 0 5.00 0.00 0.50
14.00 22 25 30 4 167.50 142.50 25 3 0 5.00 0.00 0.50
14.00 22 26 30 4 147.14 162.86 26 4 0 5.00 0.00 0.50
14.00 22 25 30 4 185.36 124.64 25 3 0 5.00 0.00 0.50
14.00 23 26 30 4 147.14 162.86 26 3 0 5.00 0.00 0.50
14.00 23 26 30 4 165.00 145.00 26 3 0 5.00 0.00 0.50
14.00 23 26 30 4 165.00 145.00 26 3 0 5.00 0.00 0.50
15.00 23 26 30 4 165.00 145.00 26 3 0 5.00 0.00 0.50
13.00 23 26 30 4 165.00 145.00 26 3 0 5.00 0.00 0.50
14.00 23 26 30 4 165.00 145.00 26 3 0 5.00 0.00 0.50
15.00 23 26 30 4 165.00 145.00 26 3 0 5.00 0.00 0.50
13.00 23 26 30 4 165.00 145.00 26 3 0 5.00 0.00 0.50
14.00 24 27 30 4 144.64 165.36 27 3 0 5.00 0.00 0.50
15.00 24 27 30 4 162.50 147.50 27 3 0 5.00 0.00 0.50
14.00 24 27 30 4 162.50 147.50 27 3 0 5.00 0.00 0.50
13.00 24 27 30 4 162.50 147.50 27 3 0 5.00 0.00 0.50
15.00 24 27 30 4 162.50 147.50 27 3 0 5.00 0.00 0.50
14.00 24 27 30 4 162.50 147.50 27 3 0 5.00 0.00 0.50
13.00 24 27 30 4 162.50 147.50 27 3 0 5.00 0.00 0.50
15.00 24 28 30 4 143.33 166.67 28 4 0 5.00 0.00 0.50
14.00 24 28 30 4 160.00 150.00 28 4 0 5.00 0.00 0.50
14.00 24 28 30 4 160.00 150.00 28 4 0 5.00 0.00 0.50
14.00 24 28 30 4 160.00 150.00 28 4 0 5.00 0.00 0.50
14.00 24 28 30 4 160.00 150.00 28 4 0 5.00 0.00 0.50
14.00 24 28 30 4 160.00 150.00 28 4 0 5.00 0.00 0.50
14.00 24 28 30 4 160.00 150.00 28 4 0 5.00 0.00 0.50
14.00 24 28 30 4 160.00 150.00 28 4 0 5.00 0.00 0.50
14.00 24 28 30 4 160.00 150.00 28 4 0 5.00 0.00 0.50
15.00 25 29 30 4 140.83 169.17 29 4 0 5.00 0.00 0.50
13.00 25 29 30 4 157.50 152.50 29 4 0 5.00 0.00 0.50
14.00 25 29 30 4 157.50 152.50 29 4 0 5.00 0.00 0.50
15.00 26 29 30 4 157.50 152.50 29 3 0 5.00 0.00 0.50
13.00 26 29 30 4 157.50 152.50 29 3 0 5.00 0.00 0.50
14.00 25 29 30 4 157.50 152.50 29 4 0 5.00 0.00 0.50
15.00 25 29 30 4 157.50 152.50 29 4 0 5.00 0.00 0.50
13.00 25 29 30 4 157.50 152.50 29 4 0 5.00 0.00 0.50
14.00 26 30 30 4 137.14 172.86 30 4 0 5.00 0.00 0.50
15.00 26 30 30 4 155.00 155.00 30 4 0 5.00 0.00 0.50
14.00 26 30 30 4 155.00 155.00 30 4 0 5.00 0.00 0.50
13.00 26 30 30 4 155.00 155.00 30 4 0 5.00 0.00 0.50
15.00 26 30 30 4 155.00 155.00 30 4 0 5.00 0.00 0.50
14.00 26 30 30 4 155.00 155.00 30 4 0 5.00 0.00 0.50
13.00 26 30 30 4 155.00 155.00 30 4 0 5.00 0.00 0.50
15.00 27 31 30 4 135.83 174.17 31 4 0 5.00 0.00 0.50
14.00 27 31 30 4 152.50 157.50 31 4 0 5.00 0.00 0.50
14.00 26 31 30 4 152.50 157.50 31 5 0 5.00 0.00 0.50
14.00 27 31 30 4 152.50 157.50 31 4 0 5.00 0.00 0.50
14.00 27 31 30 4 152.50 157.50 31 4 0 5.00 0.00 0.50
14.00 27 31 30 4 152.50 157.50 31 4 0 5.00 0.00 0.50
14.00 27 31 30 4 152.50 157.50 31 4 0 5.00 0.00 0.50
14.00 27 32 30 4 132.14 177.86 32 5 0 5.00 0.00 0.50
14.00 28 32 30 4 150.00 160.00 32 4 0 5.00 0.00 0.50
15.00 28 32 30 4 150.00 160.00 32 4 0 5.00 0.00 0.50
13.00 28 32 30 4 150.00 160.00 32 4 0 5.00 0.00 0.50
14.00 28 32 30 4 150.00 160.00 32 4 0 5.00 0.00 0.50
15.00 28 32 30 4 150.00 160.00 32 4 0 5.00 0.00 0.50
13.00 29 33 30 4 128.27 181.73 33 4 0 5.00 0.00 0.50
14.00 29 33 30 4 147.50 162.50 33 4 0 5.00 0.00 0.50
15.00 28 33 30 4 147.50 162.50 33 5 0 5.00 0.00 0.50
14.00 28 32 30 4 167.86 142.14 32 4 0 5.00 0.00 0.50
13.00 29 33 30 4 128.27 181.73 33 4 0 5.00 0.00 0.50
15.00 29 33 30 4 147.50 162.50 33 4 0 5.00 0.00 0.50
14.00 29 33 30 4 147.50 162.50 33 4 0 5.00 0.00 0.50
13.00 29 33 30 4 147.50 162.50 33 4 0 5.00 0.00 0.50
15.00 30 33 30 4 147.50 162.50 33 3 0 5.00 0.00 0.50
14.00 30 34 30 4 127.14 182.86 34 4 0 5.00 0.00 0.50
14.00 30 33 30 4 165.36 144.64 33 3 0 5.00 0.00 0.50
14.00 30 33 30 4 147.50 162.50 33 3 0 5.00 0.00 0.50
14.00 30 34 30 4 127.14 182.86 34 4 0 5.00 0.00 0.50
14.00 30 34 30 4 145.00 165.00 34 4 0 5.00 0.00 0.50
13.00 30 33 30 4 166.73 143.27 33 3 0 5.00 0.00 0.50
15.00 30 34 30 4 128.33 181.67 34 4 0 5.00 0.00 0.50
14.00 30 34 30 4 145.00 165.00 34 4 0 5.00 0.00 0.50
13.00 31 34 30 4 145.00 165.00 34 3 0 5.00 0.00 0.50
15.00 30 34 30 4 145.00 165.00 34 4 0 5.00 0.00 0.50
14.00 31 34 30 4 145.00 165.00 34 3 0 5.00 0.00 0.50
14.00 31 34 30 4 145.00 165.00 34 3 0 5.00 0.00 0.50
14.00 31 34 30 4 145.00 165.00 34 3 0 5.00 0.00 0.50
14.00 31 34 30 4 145.00 165.00 34 3 0 5.00 0.00 0.50
14.00 31 34 30 4 145.00 165.00 34 3 0 5.00 0.00 0.50
14.00 32 35 30 4 124.64 185.36 35 3 0 5.00 0.00 0.50
14.00 31 35 30 4 142.50 167.50 35 4 0 5.00 0.00 0.50
14.00 31 35 30 4 142.50 167.50 35 4 0 5.00 0.00 0.50
15.00 32 35 30 4 142.50 167.50 35 3 0 5.00 0.00 0.50
13.00 31 35 30 4 142.50 167.50 35 4 0 5.00 0.00 0.50
14.00 32 35 30 4 142.50 167.50 35 3 0 5.00 0.00 0.50
15.00 32 35 30 4 142.50 167.50 35 3 0 5.00 0.00 0.50
13.00 32 36 30 4 120.77 189.23 36 4 0 5.00 0.00 0.50
14.00 32 36 30 4 140.00 170.00 36 4 0 5.00 0.00 0.50
15.00 32 37 30 4 120.83 189.17 37 5 0 5.00 0.00 0.50
14.00 32 37 30 4 137.50 172.50 37 5 0 5.00 0.00 0.50
13.00 32 37 30 4 137.50 172.50 37 5 0 5.00 0.00 0.50
15.00 32 37 30 4 137.50 172.50 37 5 0 5.00 0.00 0.50
14.00 32 36 30 4 157.86 152.14 36 4 0 5.00 0.00 0.50
13.00 32 37 30 4 118.27 191.73 37 5 0 5.00 0.00 0.50
15.00 32 36 30 4 156.67 153.33 36 4 0 5.00 0.00 0.50
14.00 33 36 30 4 140.00 170.00 36 3 0 5.00 0.00 0.50
14.00 32 36 30 4 140.00 170.00 36 4 0 5.00 0.00 0.50
14.00 32 37 30 4 119.64 190.36 37 5 0 5.00 0.00 0.50
14.00 32 37 30 4 137.50 172.50 37 5 0 5.00 0.00 0.50
14.00 33 37 30 4 137.50 172.50 37 4 0 5.00 0.00 0.50
14.00 33 37 30 4 137.50 172.50 37 4 0 5.00 0.00 0.50
14.00 33 37 30 4 137.50 172.50 37 4 0 5.00 0.00 0.50
14.00 33 37 30 4 137.50 172.50 37 4 0 5.00 0.00 0.50
15.00 33 37 30 4 137.50 172.50 37 4 0 5.00 0.00 0.50
13.00 34 37 30 4 137.50 172.50 37 3 0 5.00 0.00 0.50
14.00 34 37 30 4 137.50 172.50 37 3 0 5.00 0.00 0.50
15.00 34 37 30 4 137.50 172.50 37 3 0 5.00 0.00 0.50
13.00 33 37 30 4 137.50 172.50 37 4 0 5.00 0.00 0.50
14.00 33 37 30 4 137.50 172.50 37 4 0 5.00 0.00 0.50
15.00 34 37 30 4 137.50 172.50 37 3 0 5.00 0.00 0.50
14.00 34 37 30 4 137.50 172.50 37 3 0 5.00 0.00 0.50
13.00 34 37 30 4 137.50 172.50 37 3 0 5.00 0.00 0.50
15.00 35 37 30 4 137.50 172.50 37 2 0 5.00 0.00 0.50
14.00 36 37 30 4 137.50 172.50 37 1 0 5.00 0.00 0.50
13.00 35 37 30 4 137.50 172.50 37 2 0 5.00 0.00 0.50
15.00 35 37 30 4 137.50 172.50 37 2 0 5.00 0.00 0.50
14.00 35 37 30 4 137.50 172.50 37 2 0 5.00 0.00 0.50
13.00 35 37 30 4 137.50 172.50 37 2 0 5.00 0.00 0.50
15.00 35 37 30 4 137.50 172.50 37 2 0 5.00 0.00 0.50
14.00 35 37 30 4 137.50 172.50 37 2 0 5.00 0.00 0.50
14.00 35 37 30 4 137.50 172.50 37 2 0 5.00 0.00 0.50
14.00 35 38 30 4 117.14 192.86 38 3 0 5.00 0.00 0.50
14.00 35 37 30 4 155.36 154.64 37 2 0 5.00 0.00 0.50
14.00 35 37 30 4 137.50 172.50 37 2 0 5.00 0.00 0.50
14.00 36 37 30 4 137.50 172.50 37 1 0 5.00 0.00 0.50
14.00 35 37 30 4 137.50 172.50 37 2 0 5.00 0.00 0.50
14.00 35 38 30 4 117.14 192.86 38 3 0 5.00 0.00 0.50
15.00 35 37 30 4 154.17 155.83 37 2 0 5.00 0.00 0.50
13.00 35 38 30 4 115.77 194.23 38 3 0 5.00 0.00 0.50
14.00 36 37 30 4 155.36 154.64 37 1 0 5.00 0.00 0.50
15.00 35 37 30 4 137.50 172.50 37 2 0 5.00 0.00 0.50
13.00 35 37 30 4 137.50 172.50 37 2 0 5.00 0.00 0.50
14.00 36 37 30 4 137.50 172.50 37 1 0 5.00 0.00 0.50
15.00 35 38 30 4 118.33 191.67 38 3 0 5.00 0.00 0.50
14.00 35 37 30 4 155.36 154.64 37 2 0 5.00 0.00 0.50
13.00 36 37 30 4 137.50 172.50 37 1 0 5.00 0.00 0.50
15.00 31 37 30 4 137.50 172.50 37 6 0 5.00 0.00 0.50
14.00 31 37 30 4 137.50 172.50 37 6 0 5.00 0.00 0.50
13.00 32 37 30 4 137.50 172.50 37 5 0 5.00 0.00 0.50
15.00 32 37 30 4 137.50 172.50 37 5 0 5.00 0.00 0.50
14.00 33 37 30 4 137.50 172.50 37 4 0 5.00 0.00 0.50
14.00 32 37 30 4 137.50 172.50 37 5 0 5.00 0.00 0.50
14.00 31 38 30 4 117.14 192.86 38 7 0 5.00 0.00 0.50
14.00 31 37 30 4 155.36 154.64 37 6 0 5.00 0.00 0.50
14.00 31 38 30 4 117.14 192.86 38 7 0 5.00 0.00 0.50
14.00 31 38 30 4 135.00 175.00 38 7 0 5.00 0.00 0.50
14.00 32 38 30 4 135.00 175.00 38 6 0 5.00 0.00 0.50
14.00 31 38 30 4 135.00 175.00 38 7 0 5.00 0.00 0.50
15.00 32 38 30 4 135.00 175.00 38 6 0 5.00 0.00 0.50
13.00 32 38 30 4 135.00 175.00 38 6 0 5.00 0.00 0.50
14.00 31 38 30 4 135.00 175.00 38 7 0 5.00 0.00 0.50
14.00 31 38 30 4 135.00 175.00 38 7 0 5.00 0.00 0.50
14.00 32 37 30 4 155.36 154.64 37 5 0 5.00 0.00 0.50
14.00 32 37 30 0 0.00 0.00 34 5 0 5.00 0.00 0.50
13.00 33 37 30 0 0.00 0.00 35 5 0 5.00 0.00 0.50
13.00 36 37 30 0 0.00 0.00 36 5 0 5.00 0.00 0.50
13.00 36 37 30 0 0.00 0.00 36 5 0 5.00 0.00 0.50
13.00 35 37 30 0 0.00 0.00 36 5 0 5.00 0.00 0.50
14.00 35 37 30 0 0.00 0.00 36 5 0 5.00 0.00 0.50
12.00 35 37 30 0 0.00 0.00 36 5 0 5.00 0.00 0.50
13.00 36 37 30 0 0.00 0.00 36 5 0 5.00 0.00 0.50
14.00 36 37 30 0 0.00 0.00 36 5 0 5.00 0.00 0.50
12.00 36 38 30 0 0.00 0.00 37 5 0 5.00 0.00 0.50
13.00 36 37 30 0 0.00 0.00 36 5 0 5.00 0.00 0.50
14.00 36 38 30 0 0.00 0.00 37 5 0 5.00 0.00 0.50
12.00 36 37 30 0 0.00 0.00 36 5 0 5.00 0.00 0.50
13.00 36 37 30 0 0.00 0.00 36 5 0 5.00 0.00 0.50
13.00 36 37 30 0 0.00 0.00 36 5 0 5.00 0.00 0.50
14.00 36 37 30 0 0.00 0.00 36 5 0 5.00 0.00 0.50
12.00 36 37 30 0 0.00 0.00 36 5 0 5.00 0.00 0.50
13.00 36 38 30 0 0.00 0.00 37 5 0 5.00 0.00 0.50
14.00 36 38 30 0 0.00 0.00 37 5 0 5.00 0.00 0.50
12.00 36 37 30 0 0.00 0.00 36 5 0 5.00 0.00 0.50
13.00 36 37 30 0 0.00 0.00 36 5 0 5.00 0.00 0.50
14.00 36 38 30 0 0.00 0.00 37 5 0 5.00 0.00 0.50
12.00 37 38 30 0 0.00 0.00 37 5 0 5.00 0.00 0.50
13.00 36 38 30 0 0.00 0.00 37 5 0 5.00 0.00 0.50
13.00 36 38 30 0 0.00 0.00 37 5 0 5.00 0.00 0.50
13.00 37 38 30 0 0.00 0.00 37 5 0 5.00 0.00 0.50
13.00 36 38 30 0 0.00 0.00 37 5 0 5.00 0.00 0.50
13.00 37 38 30 0 0.00 0.00 37 5 0 5.00 0.00 0.50
14.00 37 38 30 0 0.00 0.00 37 5 0 5.00 0.00 0.50
12.00 37 38 30 0 0.00 0.00 37 5 0 5.00 0.00 0.50
13.00 37 38 30 0 0.00 0.00 37 5 0 5.00 0.00 0.50
14.00 36 38 30 0 0.00 0.00 37 5 0 5.00 0.00 0.50
12.00 37 38 30 0 0.00 0.00 37 5 0 5.00 0.00 0.50
13.00 37 38 30 0 0.00 0.00 37 5 0 5.00 0.00 0.50
14.00 37 38 30 0 0.00 0.00 37 5 0 5.00 0.00 0.50
12.00 37 38 30 0 0.00 0.00 37 5 0 5.00 0.00 0.50
13.00 37 38 30 0 0.00 0.00 37 5 0 5.00 0.00 0.50
13.00 36 38 30 0 0.00 0.00 37 5 0 5.00 0.00 0.50
14.00 36 38 30 0 0.00 0.00 37 5 0 5.00 0.00 0.50
12.00 37 38 30 0 0.00 0.00 37 5 0 5.00 0.00 0.50
13.00 37 38 30 0 0.00 0.00 37 5 0 5.00 0.00 0.50
14.00 36 38 30 0 0.00 0.00 37 5 0 5.00 0.00 0.50
12.00 36 38 30 0 0.00 0.00 37 5 0 5.00 0.00 0.50
13.00 36 38 30 0 0.00 0.00 37 5 0 5.00 0.00 0.50
14.00 37 38 30 0 0.00 0.00 37 5 0 5.00 0.00 0.50
12.00 37 38 30 0 0.00 0.00 37 5 0 5.00 0.00 0.50
13.00 37 38 30 0 0.00 0.00 37 5 0 5.00 0.00 0.50
13.00 36 38 30 0 0.00 0.00 37 5 0 5.00 0.00 0.50
13.00 37 38 30 0 0.00 0.00 37 5 0 5.00 0.00 0.50
13.00 37 39 30 0 0.00 0.00 38 5 0 5.00 0.00 0.50
13.00 37 38 30 0 0.00 0.00 37 5 0 5.00 0.00 0.50
14.00 36 38 30 0 0.00 0.00 37 5 0 5.00 0.00 0.50
12.00 36 38 30 0 0.00 0.00 37 5 0 5.00 0.00 0.50
13.00 36 38 30 0 0.00 0.00 37 5 0 5.00 0.00 0.50
14.00 37 38 30 0 0.00 0.00 37 5 0 5.00 0.00 0.50
12.00 37 38 30 0 0.00 0.00 37 5 0 5.00 0.00 0.50
13.00 37 38 30 0 0.00 0.00 37 5 0 5.00 0.00 0.50
14.00 37 38 30 0 0.00 0.00 37 5 0 5.00 0.00 0.50
12.00 37 38 30 0 0.00 0.00 37 5 0 5.00 0.00 0.50
13.00 37 38 30 0 0.00 0.00 37 5 0 5.00 0.00 0.50
13.00 36 38 30 0 0.00 0.00 37 5 0 5.00 0.00 0.50
13.00 36 38 30 0 0.00 0.00 37 5 0 5.00 0.00 0.50
13.00 37 38 30 0 0.00 0.00 37 5 0 5.00 0.00 0.50
13.00 37 38 30 0 0.00 0.00 37 5 0 5.00 0.00 0.50
14.00 37 38 30 0 0.00 0.00 37 5 0 5.00 0.00 0.50
12.00 36 38 30 0 0.00 0.00 37 5 0 5.00 0.00 0.50
13.00 36 38 30 0 0.00 0.00 37 5 0 5.00 0.00 0.50
14.00 37 38 30 0 0.00 0.00 37 5 0 5.00 0.00 0.50
12.00 37 38 30 0 0.00 0.00 37 5 0 5.00 0.00 0.50
13.00 37 38 30 0 0.00 0.00 37 5 0 5.00 0.00 0.50
13.00 36 38 30 0 0.00 0.00 37 5 0 5.00 0.00 0.50
13.00 36 38 30 0 0.00 0.00 37 5 0 5.00 0.00 0.50
13.00 37 38 30 0 0.00 0.00 37 5 0 5.00 0.00 0.50
13.00 36 38 30 0 0.00 0.00 37 5 0 5.00 0.00 0.50
14.00 37 38 30 0 0.00 0.00 37 5 0 5.00 0.00 0.50
12.00 37 38 30 0 0.00 0.00 37 5 0 5.00 0.00 0.50
13.00 36 38 30 0 0.00 0.00 37 5 0 5.00 0.00 0.50
14.00 37 38 30 0 0.00 0.00 37 5 0 5.00 0.00 0.50
12.00 36 38 30 0 0.00 0.00 37 5 0 5.00 0.00 0.50
13.00 37 38 30 0 0.00 0.00 37 5 0 5.00 0.00 0.50
14.00 37 38 30 0 0.00 0.00 37 5 0 5.00 0.00 0.50
12.00 37 38 30 0 0.00 0.00 37 5 0 5.00 0.00 0.50
13.00 37 38 30 0 0.00 0.00 37 5 0 5.00 0.00 0.50
13.00 36 38 30 0 0.00 0.00 37 5 0 5.00 0.00 0.50
13.00 36 38 30 0 0.00 0.00 37 5 0 5.00 0.00 0.50
13.00 36 38 30 0 0.00 0.00 37 5 0 5.00 0.00 0.50
13.00 37 38 30 0 0.00 0.00 37 5 0 5.00 0.00 0.50
14.00 36 38 30 0 0.00 0.00 37 5 0 5.00 0.00 0.50
12.00 36 38 30 0 0.00 0.00 37 5 0 5.00 0.00 0.50
13.00 36 38 30 0 0.00 0.00 37 5 0 5.00 0.00 0.50
14.00 36 38 30 0 0.00 0.00 37 5 0 5.00 0.00 0.50
12.00 36 38 30 0 0.00 0.00 37 5 0 5.00 0.00 0.50
13.00 36 38 30 0 0.00 0.00 37 5 0 5.00 0.00 0.50
13.00 36 38 30 0 0.00 0.00 37 5 0 5.00 0.00 0.50
13.00 36 38 30 0 0.00 0.00 37 5 0 5.00 0.00 0.50
13.00 36 38 30 0 0.00 0.00 37 5 0 5.00 0.00 0.50
13.00 36 38 30 0 0.00 0.00 37 5 0 5.00 0.00 0.50
14.00 36 38 30 0 0.00 0.00 37 5 0 5.00 0.00 0.50
12.00 36 38 30 0 0.00 0.00 37 5 0 5.00 0.00 0.50
13.00 36 38 30 0 0.00 0.00 37 5 0 5.00 0.00 0.50
14.00 36 38 30 0 0.00 0.00 37 5 0 5.00 0.00 0.50
12.00 36 38 30 0 0.00 0.00 37 5 0 5.00 0.00 0.50
13.00 36 38 30 0 0.00 0.00 37 5 0 5.00 0.00 0.50
14.00 37 38 30 0 0.00 0.00 37 5 0 5.00 0.00 0.50
12.00 36 38 30 0 0.00 0.00 37 5 0 5.00 0.00 0.50
13.00 36 38 30 0 0.00 0.00 37 5 0 5.00 0.00 0.50
13.00 36 38 30 0 0.00 0.00 37 5 0 5.00 0.00 0.50
13.00 36 38 30 0 0.00 0.00 37 5 0 5.00 0.00 0.50
13.00 36 38 30 0 0.00 0.00 37 5 0 5.00 0.00 0.50
13.00 36 38 30 0 0.00 0.00 37 5 0 5.00 0.00 0.50
14.00 36 38 30 0 0.00 0.00 37 5 0 5.00 0.00 0.50
12.00 37 38 30 0 0.00 0.00 37 5 0 5.00 0.00 0.50
13.00 36 38 30 0 0.00 0.00 37 5 0 5.00 0.00 0.50
14.00 36 38 30 0 0.00 0.00 37 5 0 5.00 0.00 0.50
12.00 36 38 30 0 0.00 0.00 37 5 0 5.00 0.00 0.50
13.00 36 38 30 0 0.00 0.00 37 5 0 5.00 0.00 0.50