12.00 45 46 30 0 0.00 0.00 45 0 0 5.00 0.00 0.50
13.00 46 46 30 0 0.00 0.00 46 0 0 5.00 0.00 0.50
14.00 46 46 30 0 0.00 0.00 46 0 0 5.00 0.00 0.50
13.00 45 46 30 0 0.00 0.00 45 0 0 5.00 0.00 0.50
12.00 45 46 30 0 0.00 0.00 45 0 0 5.00 0.00 0.50
13.00 46 46 30 0 0.00 0.00 46 0 0 5.00 0.00 0.50
14.00 46 46 30 0 0.00 0.00 46 0 0 5.00 0.00 0.50
12.00 46 46 30 0 0.00 0.00 46 0 0 5.00 0.00 0.50
13.00 46 46 30 0 0.00 0.00 46 0 0 5.00 0.00 0.50
14.00 45 46 30 0 0.00 0.00 45 0 0 5.00 0.00 0.50
12.00 46 46 30 0 0.00 0.00 46 0 0 5.00 0.00 0.50
13.00 45 46 30 0 0.00 0.00 45 0 0 5.00 0.00 0.50
14.00 46 46 30 0 0.00 0.00 46 0 0 5.00 0.00 0.50
12.00 45 46 30 0 0.00 0.00 45 0 0 5.00 0.00 0.50
13.00 45 46 30 0 0.00 0.00 45 0 0 5.00 0.00 0.50
14.00 46 46 30 0 0.00 0.00 46 0 0 5.00 0.00 0.50
13.00 46 46 30 0 0.00 0.00 46 0 0 5.00 0.00 0.50
12.00 45 46 30 0 0.00 0.00 45 0 0 5.00 0.00 0.50
13.00 46 46 30 0 0.00 0.00 46 0 0 5.00 0.00 0.50
14.00 47 46 30 0 0.00 0.00 46 0 0 5.00 0.00 0.50
12.00 46 46 30 0 0.00 0.00 46 0 0 5.00 0.00 0.50
13.00 46 46 30 0 0.00 0.00 46 0 0 5.00 0.00 0.50
14.00 45 46 30 0 0.00 0.00 45 0 0 5.00 0.00 0.50
12.00 46 46 30 0 0.00 0.00 46 0 0 5.00 0.00 0.50
13.00 47 46 30 0 0.00 0.00 46 0 0 5.00 0.00 0.50
14.00 46 46 30 0 0.00 0.00 46 0 0 5.00 0.00 0.50
13.00 46 46 30 0 0.00 0.00 46 0 0 5.00 0.00 0.50
12.00 47 46 30 0 0.00 0.00 46 0 0 5.00 0.00 0.50
13.00 46 46 30 0 0.00 0.00 46 0 0 5.00 0.00 0.50
14.00 46 46 30 0 0.00 0.00 46 0 0 5.00 0.00 0.50
12.00 46 46 30 0 0.00 0.00 46 0 0 5.00 0.00 0.50
13.00 47 46 30 0 0.00 0.00 46 0 0 5.00 0.00 0.50
14.00 47 46 30 0 0.00 0.00 46 0 0 5.00 0.00 0.50
12.00 46 46 30 0 0.00 0.00 46 0 0 5.00 0.00 0.50
13.00 46 46 30 0 0.00 0.00 46 0 0 5.00 0.00 0.50
14.00 46 46 30 0 0.00 0.00 46 0 0 5.00 0.00 0.50
12.00 47 46 30 0 0.00 0.00 46 0 0 5.00 0.00 0.50
13.00 46 46 30 0 0.00 0.00 46 0 0 5.00 0.00 0.50
14.00 47 46 30 0 0.00 0.00 46 0 0 5.00 0.00 0.50
13.00 46 46 30 0 0.00 0.00 46 0 0 5.00 0.00 0.50
12.00 46 46 30 0 0.00 0.00 46 0 0 5.00 0.00 0.50
13.00 46 46 30 0 0.00 0.00 46 0 0 5.00 0.00 0.50
14.00 46 46 30 0 0.00 0.00 46 0 0 5.00 0.00 0.50
12.00 46 46 30 0 0.00 0.00 46 0 0 5.00 0.00 0.50
13.00 46 46 30 0 0.00 0.00 46 0 0 5.00 0.00 0.50
14.00 46 46 30 0 0.00 0.00 46 0 0 5.00 0.00 0.50
12.00 46 46 30 0 0.00 0.00 46 0 0 5.00 0.00 0.50
13.00 47 46 30 0 0.00 0.00 46 0 0 5.00 0.00 0.50
14.00 47 46 30 0 0.00 0.00 46 0 0 5.00 0.00 0.50
13.00 46 46 30 0 0.00 0.00 46 0 0 5.00 0.00 0.50
12.00 46 46 30 0 0.00 0.00 46 0 0 5.00 0.00 0.50
14.00 46 46 30 0 0.00 0.00 46 0 0 5.00 0.00 0.50
13.00 46 46 30 0 0.00 0.00 46 0 0 5.00 0.00 0.50
12.00 46 46 30 0 0.00 0.00 46 0 0 5.00 0.00 0.50
13.00 45 46 30 0 0.00 0.00 45 0 0 5.00 0.00 0.50
14.00 46 46 30 0 0.00 0.00 46 0 0 5.00 0.00 0.50
12.00 46 46 30 0 0.00 0.00 46 0 0 5.00 0.00 0.50
13.00 46 46 30 0 0.00 0.00 46 0 0 5.00 0.00 0.50
14.00 46 46 30 0 0.00 0.00 46 0 0 5.00 0.00 0.50
12.00 46 46 30 0 0.00 0.00 46 0 0 5.00 0.00 0.50
13.00 45 46 30 0 0.00 0.00 45 0 0 5.00 0.00 0.50
14.00 46 46 30 0 0.00 0.00 46 0 0 5.00 0.00 0.50
13.00 46 46 30 0 0.00 0.00 46 0 0 5.00 0.00 0.50
12.00 46 46 30 0 0.00 0.00 46 0 0 5.00 0.00 0.50
13.00 45 46 30 0 0.00 0.00 45 0 0 5.00 0.00 0.50
14.00 46 46 30 0 0.00 0.00 46 0 0 5.00 0.00 0.50
12.00 45 46 30 0 0.00 0.00 45 0 0 5.00 0.00 0.50
13.00 46 46 30 0 0.00 0.00 46 0 0 5.00 0.00 0.50
14.00 46 46 30 0 0.00 0.00 46 0 0 5.00 0.00 0.50
12.00 45 46 30 0 0.00 0.00 45 0 0 5.00 0.00 0.50
13.00 46 46 30 0 0.00 0.00 46 0 0 5.00 0.00 0.50
14.00 46 46 30 0 0.00 0.00 46 0 0 5.00 0.00 0.50
13.00 46 46 30 0 0.00 0.00 46 0 0 5.00 0.00 0.50
12.00 45 46 30 0 0.00 0.00 45 0 0 5.00 0.00 0.50
14.00 44 46 30 0 0.00 0.00 45 0 0 5.00 0.00 0.50
13.00 45 46 30 0 0.00 0.00 45 0 0 5.00 0.00 0.50
12.00 45 46 30 0 0.00 0.00 45 0 0 5.00 0.00 0.50
13.00 45 46 30 0 0.00 0.00 45 0 0 5.00 0.00 0.50
14.00 45 46 30 0 0.00 0.00 45 0 0 5.00 0.00 0.50
12.00 45 46 30 0 0.00 0.00 45 0 0 5.00 0.00 0.50
13.00 45 46 30 0 0.00 0.00 45 0 0 5.00 0.00 0.50
14.00 45 46 30 0 0.00 0.00 45 0 0 5.00 0.00 0.50
12.00 45 46 30 0 0.00 0.00 45 0 0 5.00 0.00 0.50
13.00 45 46 30 0 0.00 0.00 45 0 0 5.00 0.00 0.50
14.00 45 46 30 0 0.00 0.00 45 0 0 5.00 0.00 0.50
13.00 45 46 30 0 0.00 0.00 45 0 0 5.00 0.00 0.50
12.00 45 46 30 0 0.00 0.00 45 0 0 5.00 0.00 0.50
13.00 45 46 30 0 0.00 0.00 45 0 0 5.00 0.00 0.50
14.00 45 46 30 0 0.00 0.00 45 0 0 5.00 0.00 0.50
12.00 45 46 30 0 0.00 0.00 45 0 0 5.00 0.00 0.50
13.00 45 46 30 0 0.00 0.00 45 0 0 5.00 0.00 0.50
14.00 45 46 30 0 0.00 0.00 45 0 0 5.00 0.00 0.50
12.00 45 46 30 0 0.00 0.00 45 0 0 5.00 0.00 0.50
13.00 45 46 30 0 0.00 0.00 45 0 0 5.00 0.00 0.50
14.00 46 46 30 0 0.00 0.00 46 0 0 5.00 0.00 0.50
13.00 45 46 30 0 0.00 0.00 45 0 0 5.00 0.00 0.50
12.00 46 46 30 0 0.00 0.00 46 0 0 5.00 0.00 0.50
14.00 45 46 30 0 0.00 0.00 45 0 0 5.00 0.00 0.50
13.00 45 46 30 0 0.00 0.00 45 0 0 5.00 0.00 0.50
12.00 46 46 30 0 0.00 0.00 46 0 0 5.00 0.00 0.50
13.00 46 46 30 0 0.00 0.00 46 0 0 5.00 0.00 0.50
14.00 46 46 30 0 0.00 0.00 46 0 0 5.00 0.00 0.50
12.00 45 46 30 0 0.00 0.00 45 0 0 5.00 0.00 0.50
13.00 46 46 30 0 0.00 0.00 46 0 0 5.00 0.00 0.50
14.00 45 46 30 0 0.00 0.00 45 0 0 5.00 0.00 0.50
12.00 45 46 30 0 0.00 0.00 45 0 0 5.00 0.00 0.50
13.00 45 46 30 0 0.00 0.00 45 0 0 5.00 0.00 0.50
14.00 45 46 30 0 0.00 0.00 45 0 0 5.00 0.00 0.50
13.00 46 46 30 0 0.00 0.00 46 0 0 5.00 0.00 0.50
12.00 45 46 30 0 0.00 0.00 45 0 0 5.00 0.00 0.50
13.00 45 46 30 0 0.00 0.00 45 0 0 5.00 0.00 0.50
14.00 46 46 30 0 0.00 0.00 46 0 0 5.00 0.00 0.50
12.00 46 46 30 0 0.00 0.00 46 0 0 5.00 0.00 0.50
13.00 46 46 30 0 0.00 0.00 46 0 0 5.00 0.00 0.50
14.00 46 46 30 0 0.00 0.00 46 0 0 5.00 0.00 0.50
12.00 46 46 30 0 0.00 0.00 46 0 0 5.00 0.00 0.50
13.00 46 46 30 0 0.00 0.00 46 0 0 5.00 0.00 0.50
14.00 46 46 30 0 0.00 0.00 46 0 0 5.00 0.00 0.50
13.00 45 46 30 0 0.00 0.00 45 0 0 5.00 0.00 0.50
12.00 46 46 30 0 0.00 0.00 46 0 0 5.00 0.00 0.50
14.00 46 46 30 0 0.00 0.00 46 0 0 5.00 0.00 0.50
13.00 46 46 30 0 0.00 0.00 46 0 0 5.00 0.00 0.50
12.00 46 46 30 0 0.00 0.00 46 0 0 5.00 0.00 0.50
13.00 46 46 30 0 0.00 0.00 46 0 0 5.00 0.00 0.50
14.00 46 46 30 0 0.00 0.00 46 0 0 5.00 0.00 0.50
12.00 46 46 30 0 0.00 0.00 46 0 0 5.00 0.00 0.50
13.00 45 46 30 0 0.00 0.00 45 0 0 5.00 0.00 0.50
14.00 45 46 30 0 0.00 0.00 45 0 0 5.00 0.00 0.50
12.00 46 46 30 0 0.00 0.00 46 0 0 5.00 0.00 0.50
13.00 46 46 30 0 0.00 0.00 46 0 0 5.00 0.00 0.50
14.00 46 46 30 0 0.00 0.00 46 0 0 5.00 0.00 0.50
13.00 46 46 30 0 0.00 0.00 46 0 0 5.00 0.00 0.50
12.00 46 46 30 0 0.00 0.00 46 0 0 5.00 0.00 0.50
13.00 46 46 30 0 0.00 0.00 46 0 0 5.00 0.00 0.50
14.00 46 46 30 0 0.00 0.00 46 0 0 5.00 0.00 0.50
12.00 45 46 30 0 0.00 0.00 45 0 0 5.00 0.00 0.50
13.00 46 46 30 0 0.00 0.00 46 0 0 5.00 0.00 0.50
14.00 46 46 30 0 0.00 0.00 46 0 0 5.00 0.00 0.50
12.00 46 46 30 0 0.00 0.00 46 0 0 5.00 0.00 0.50
13.00 45 46 30 0 0.00 0.00 45 0 0 5.00 0.00 0.50
14.00 46 46 30 0 0.00 0.00 46 0 0 5.00 0.00 0.50
12.00 46 46 30 0 0.00 0.00 46 0 0 5.00 0.00 0.50
13.00 46 46 30 0 0.00 0.00 46 0 0 5.00 0.00 0.50
14.00 46 46 30 0 0.00 0.00 46 0 0 5.00 0.00 0.50
13.00 46 46 30 0 0.00 0.00 46 0 0 5.00 0.00 0.50
12.00 46 46 30 0 0.00 0.00 46 0 0 5.00 0.00 0.50
13.00 46 46 30 0 0.00 0.00 46 0 0 5.00 0.00 0.50
14.00 46 46 30 0 0.00 0.00 46 0 0 5.00 0.00 0.50
12.00 46 46 30 0 0.00 0.00 46 0 0 5.00 0.00 0.50
13.00 46 46 30 0 0.00 0.00 46 0 0 5.00 0.00 0.50
14.00 46 46 30 0 0.00 0.00 46 0 0 5.00 0.00 0.50
12.00 46 46 30 0 0.00 0.00 46 0 0 5.00 0.00 0.50
13.00 46 46 30 0 0.00 0.00 46 0 0 5.00 0.00 0.50
14.00 46 46 30 0 0.00 0.00 46 0 0 5.00 0.00 0.50
13.00 46 46 30 0 0.00 0.00 46 0 0 5.00 0.00 0.50
12.00 47 46 30 0 0.00 0.00 46 0 0 5.00 0.00 0.50
13.00 46 46 30 0 0.00 0.00 46 0 0 5.00 0.00 0.50
14.00 46 46 30 0 0.00 0.00 46 0 0 5.00 0.00 0.50
12.00 46 46 30 0 0.00 0.00 46 0 0 5.00 0.00 0.50
13.00 46 46 30 0 0.00 0.00 46 0 0 5.00 0.00 0.50
14.00 46 46 30 0 0.00 0.00 46 0 0 5.00 0.00 0.50
12.00 46 46 30 0 0.00 0.00 46 0 0 5.00 0.00 0.50
13.00 46 46 30 0 0.00 0.00 46 0 0 5.00 0.00 0.50
14.00 46 46 30 0 0.00 0.00 46 0 0 5.00 0.00 0.50
12.00 46 46 30 0 0.00 0.00 46 0 0 5.00 0.00 0.50
13.00 46 46 30 0 0.00 0.00 46 0 0 5.00 0.00 0.50
14.00 46 46 30 0 0.00 0.00 46 0 0 5.00 0.00 0.50
13.00 46 46 30 0 0.00 0.00 46 0 0 5.00 0.00 0.50
12.00 46 46 30 0 0.00 0.00 46 0 0 5.00 0.00 0.50
13.00 46 46 30 0 0.00 0.00 46 0 0 5.00 0.00 0.50
14.00 46 46 30 0 0.00 0.00 46 0 0 5.00 0.00 0.50
12.00 46 46 30 0 0.00 0.00 46 0 0 5.00 0.00 0.50
13.00 46 46 30 0 0.00 0.00 46 0 0 5.00 0.00 0.50
14.00 46 46 30 0 0.00 0.00 46 0 0 5.00 0.00 0.50
12.00 46 46 30 0 0.00 0.00 46 0 0 5.00 0.00 0.50
13.00 46 46 30 0 0.00 0.00 46 0 0 5.00 0.00 0.50
14.00 46 46 30 0 0.00 0.00 46 0 0 5.00 0.00 0.50
13.00 46 46 30 0 0.00 0.00 46 0 0 5.00 0.00 0.50
12.00 47 46 30 0 0.00 0.00 46 0 0 5.00 0.00 0.50
14.00 46 46 30 0 0.00 0.00 46 0 0 5.00 0.00 0.50
13.00 47 46 30 0 0.00 0.00 46 0 0 5.00 0.00 0.50
12.00 45 46 30 0 0.00 0.00 45 0 0 5.00 0.00 0.50
13.00 46 46 30 0 0.00 0.00 46 0 0 5.00 0.00 0.50
14.00 46 46 30 0 0.00 0.00 46 0 0 5.00 0.00 0.50
12.00 46 46 30 0 0.00 0.00 46 0 0 5.00 0.00 0.50
13.00 46 46 30 0 0.00 0.00 46 0 0 5.00 0.00 0.50
14.00 46 46 30 0 0.00 0.00 46 0 0 5.00 0.00 0.50
12.00 46 46 30 0 0.00 0.00 46 0 0 5.00 0.00 0.50
13.00 46 46 30 0 0.00 0.00 46 0 0 5.00 0.00 0.50
14.00 46 46 30 0 0.00 0.00 46 0 0 5.00 0.00 0.50
13.00 46 46 30 0 0.00 0.00 46 0 0 5.00 0.00 0.50
12.00 46 46 30 0 0.00 0.00 46 0 0 5.00 0.00 0.50
13.00 46 46 30 0 0.00 0.00 46 0 0 5.00 0.00 0.50
14.00 46 46 30 0 0.00 0.00 46 0 0 5.00 0.00 0.50
12.00 46 46 30 0 0.00 0.00 46 0 0 5.00 0.00 0.50
13.00 45 46 30 0 0.00 0.00 45 0 0 5.00 0.00 0.50
14.00 46 46 30 0 0.00 0.00 46 0 0 5.00 0.00 0.50
12.00 46 46 30 0 0.00 0.00 46 0 0 5.00 0.00 0.50
13.00 46 46 30 0 0.00 0.00 46 0 0 5.00 0.00 0.50
14.00 45 46 30 0 0.00 0.00 45 0 0 5.00 0.00 0.50
13.00 47 46 30 0 0.00 0.00 46 0 0 5.00 0.00 0.50
12.00 47 46 30 0 0.00 0.00 46 0 0 5.00 0.00 0.50
14.00 45 46 30 0 0.00 0.00 45 0 0 5.00 0.00 0.50
13.00 45 46 30 0 0.00 0.00 45 0 0 5.00 0.00 0.50
12.00 45 46 30 0 0.00 0.00 45 0 0 5.00 0.00 0.50
13.00 45 46 30 0 0.00 0.00 45 0 0 5.00 0.00 0.50
14.00 45 46 30 0 0.00 0.00 45 0 0 5.00 0.00 0.50
12.00 45 46 30 0 0.00 0.00 45 0 0 5.00 0.00 0.50
13.00 46 46 30 0 0.00 0.00 46 0 0 5.00 0.00 0.50
14.00 46 46 30 0 0.00 0.00 46 0 0 5.00 0.00 0.50
12.00 45 46 30 0 0.00 0.00 45 0 0 5.00 0.00 0.50
13.00 46 46 30 0 0.00 0.00 46 0 0 5.00 0.00 0.50
14.00 45 46 30 0 0.00 0.00 45 0 0 5.00 0.00 0.50
13.00 46 46 30 0 0.00 0.00 46 0 0 5.00 0.00 0.50
12.00 46 47 30 0 0.00 0.00 46 0 0 5.00 0.00 0.50
13.00 46 46 30 0 0.00 0.00 46 0 0 5.00 0.00 0.50
14.00 46 46 30 0 0.00 0.00 46 0 0 5.00 0.00 0.50
12.00 45 46 30 0 0.00 0.00 45 0 0 5.00 0.00 0.50
13.00 45 46 30 0 0.00 0.00 45 0 0 5.00 0.00 0.50
14.00 45 47 30 0 0.00 0.00 46 0 0 5.00 0.00 0.50
12.00 46 47 30 0 0.00 0.00 46 0 0 5.00 0.00 0.50
13.00 46 47 30 0 0.00 0.00 46 0 0 5.00 0.00 0.50
14.00 46 47 30 0 0.00 0.00 46 0 0 5.00 0.00 0.50
13.00 46 46 30 0 0.00 0.00 46 0 0 5.00 0.00 0.50
12.00 47 46 30 0 0.00 0.00 46 0 0 5.00 0.00 0.50
14.00 45 46 30 0 0.00 0.00 45 0 0 5.00 0.00 0.50
13.00 45 46 30 0 0.00 0.00 45 0 0 5.00 0.00 0.50
12.00 46 46 30 0 0.00 0.00 46 0 0 5.00 0.00 0.50
13.00 45 46 30 0 0.00 0.00 45 0 0 5.00 0.00 0.50
14.00 45 46 30 0 0.00 0.00 45 0 0 5.00 0.00 0.50
12.00 46 46 30 0 0.00 0.00 46 0 0 5.00 0.00 0.50
13.00 45 46 30 0 0.00 0.00 45 0 0 5.00 0.00 0.50
14.00 47 46 30 0 0.00 0.00 46 0 0 5.00 0.00 0.50
12.00 45 46 30 0 0.00 0.00 45 0 0 5.00 0.00 0.50
13.00 47 46 30 0 0.00 0.00 46 0 0 5.00 0.00 0.50
14.00 46 46 30 0 0.00 0.00 46 0 0 5.00 0.00 0.50
13.00 47 46 30 0 0.00 0.00 46 0 0 5.00 0.00 0.50
12.00 45 46 30 0 0.00 0.00 45 0 0 5.00 0.00 0.50
13.00 45 46 30 0 0.00 0.00 45 0 0 5.00 0.00 0.50
14.00 45 46 30 0 0.00 0.00 45 0 0 5.00 0.00 0.50
12.00 45 46 30 0 0.00 0.00 45 0 0 5.00 0.00 0.50
13.00 46 46 30 0 0.00 0.00 46 0 0 5.00 0.00 0.50
14.00 46 46 30 0 0.00 0.00 46 0 0 5.00 0.00 0.50
12.00 46 46 30 0 0.00 0.00 46 0 0 5.00 0.00 0.50
13.00 46 46 30 0 0.00 0.00 46 0 0 5.00 0.00 0.50
14.00 46 46 30 0 0.00 0.00 46 0 0 5.00 0.00 0.50
13.00 45 46 30 0 0.00 0.00 45 0 0 5.00 0.00 0.50
12.00 47 46 30 0 0.00 0.00 46 0 0 5.00 0.00 0.50
14.00 45 46 30 0 0.00 0.00 45 0 0 5.00 0.00 0.50
13.00 45 46 30 0 0.00 0.00 45 0 0 5.00 0.00 0.50
12.00 45 46 30 0 0.00 0.00 45 0 0 5.00 0.00 0.50
13.00 46 46 30 0 0.00 0.00 46 0 0 5.00 0.00 0.50
14.00 45 46 30 0 0.00 0.00 45 0 0 5.00 0.00 0.50
12.00 45 46 30 0 0.00 0.00 45 0 0 5.00 0.00 0.50
13.00 46 46 30 0 0.00 0.00 46 0 0 5.00 0.00 0.50
14.00 46 46 30 0 0.00 0.00 46 0 0 5.00 0.00 0.50
12.00 45 46 30 0 0.00 0.00 45 0 0 5.00 0.00 0.50
13.00 45 46 30 0 0.00 0.00 45 0 0 5.00 0.00 0.50
14.00 45 46 30 0 0.00 0.00 45 0 0 5.00 0.00 0.50
13.00 45 46 30 0 0.00 0.00 45 0 0 5.00 0.00 0.50
12.00 45 46 30 0 0.00 0.00 45 0 0 5.00 0.00 0.50
13.00 45 46 30 0 0.00 0.00 45 0 0 5.00 0.00 0.50
14.00 45 46 46 4 155.00 155.00 46 1 0 5.00 0.00 0.50
13.00 45 46 46 4 155.00 155.00 46 1 0 5.00 0.00 0.50
14.00 45 47 46 4 134.64 175.36 47 2 0 5.00 0.00 0.50
15.00 46 46 46 4 171.67 138.33 46 0 0 5.00 0.00 0.50
13.00 47 46 46 4 155.00 155.00 46 -1 0 5.00 0.00 0.50
14.00 47 46 46 4 155.00 155.00 46 -1 0 5.00 0.00 0.50
15.00 46 46 46 4 155.00 155.00 46 0 0 5.00 0.00 0.50
14.00 46 47 46 4 134.64 175.36 47 1 0 5.00 0.00 0.50
14.00 45 46 46 4 172.86 137.14 46 1 0 5.00 0.00 0.50
15.00 45 46 46 4 155.00 155.00 46 1 0 5.00 0.00 0.50
13.00 46 46 46 4 155.00 155.00 46 0 0 5.00 0.00 0.50
14.00 45 46 46 4 155.00 155.00 46 1 0 5.00 0.00 0.50
15.00 45 46 46 4 155.00 155.00 46 1 0 5.00 0.00 0.50
13.00 42 46 46 4 155.00 155.00 46 4 0 5.00 0.00 0.50
14.00 45 46 46 4 155.00 155.00 46 1 0 5.00 0.00 0.50
15.00 45 46 46 4 155.00 155.00 46 1 0 5.00 0.00 0.50
14.00 45 46 46 4 155.00 155.00 46 1 0 5.00 0.00 0.50
13.00 46 46 46 4 155.00 155.00 46 0 0 5.00 0.00 0.50
15.00 46 46 46 4 155.00 155.00 46 0 0 5.00 0.00 0.50
14.00 46 46 46 4 155.00 155.00 46 0 0 5.00 0.00 0.50
13.00 46 46 46 4 155.00 155.00 46 0 0 5.00 0.00 0.50
15.00 46 47 46 4 135.83 174.17 47 1 0 5.00 0.00 0.50
14.00 46 47 46 4 152.50 157.50 47 1 0 5.00 0.00 0.50
13.00 46 46 46 4 174.23 135.77 46 0 0 5.00 0.00 0.50
15.00 47 47 46 4 135.83 174.17 47 0 0 5.00 0.00 0.50
14.00 46 46 46 4 172.86 137.14 46 0 0 5.00 0.00 0.50
14.00 46 46 46 4 155.00 155.00 46 0 0 5.00 0.00 0.50
14.00 46 46 46 4 155.00 155.00 46 0 0 5.00 0.00 0.50
14.00 46 47 46 4 134.64 175.36 47 1 0 5.00 0.00 0.50
14.00 46 46 46 4 172.86 137.14 46 0 0 5.00 0.00 0.50
14.00 47 46 46 4 155.00 155.00 46 -1 0 5.00 0.00 0.50
14.00 46 46 46 4 155.00 155.00 46 0 0 5.00 0.00 0.50
14.00 46 47 46 4 134.64 175.36 47 1 0 5.00 0.00 0.50
15.00 47 47 46 4 152.50 157.50 47 0 0 5.00 0.00 0.50
14.00 46 46 46 4 172.86 137.14 46 0 0 5.00 0.00 0.50
13.00 46 46 46 4 155.00 155.00 46 0 0 5.00 0.00 0.50
15.00 46 46 46 4 155.00 155.00 46 0 0 5.00 0.00 0.50
14.00 46 46 46 4 155.00 155.00 46 0 0 5.00 0.00 0.50
13.00 46 46 46 4 155.00 155.00 46 0 0 5.00 0.00 0.50
15.00 47 47 46 4 135.83 174.17 47 0 0 5.00 0.00 0.50
14.00 47 46 46 4 172.86 137.14 46 -1 0 5.00 0.00 0.50
14.00 47 46 46 4 155.00 155.00 46 -1 0 5.00 0.00 0.50
15.00 46 46 46 4 155.00 155.00 46 0 0 5.00 0.00 0.50
13.00 46 46 46 4 155.00 155.00 46 0 0 5.00 0.00 0.50
14.00 46 46 46 4 155.00 155.00 46 0 0 5.00 0.00 0.50
15.00 47 46 46 4 155.00 155.00 46 -1 0 5.00 0.00 0.50
14.00 47 46 46 4 155.00 155.00 46 -1 0 5.00 0.00 0.50
14.00 47 46 46 4 155.00 155.00 46 -1 0 5.00 0.00 0.50
15.00 47 46 46 4 155.00 155.00 46 -1 0 5.00 0.00 0.50
14.00 46 46 46 4 155.00 155.00 46 0 0 5.00 0.00 0.50
13.00 46 46 46 4 155.00 155.00 46 0 0 5.00 0.00 0.50
15.00 46 47 46 4 135.83 174.17 47 1 0 5.00 0.00 0.50
14.00 47 46 46 4 172.86 137.14 46 -1 0 5.00 0.00 0.50
14.00 46 46 46 4 155.00 155.00 46 0 0 5.00 0.00 0.50
15.00 46 46 46 4 155.00 155.00 46 0 0 5.00 0.00 0.50
13.00 46 46 46 4 155.00 155.00 46 0 0 5.00 0.00 0.50
14.00 46 46 46 4 155.00 155.00 46 0 0 5.00 0.00 0.50
15.00 46 46 46 4 155.00 155.00 46 0 0 5.00 0.00 0.50
13.00 46 47 46 4 133.27 176.73 47 1 0 5.00 0.00 0.50
14.00 46 47 46 4 152.50 157.50 47 1 0 5.00 0.00 0.50
15.00 47 47 46 4 152.50 157.50 47 0 0 5.00 0.00 0.50
14.00 46 47 46 4 152.50 157.50 47 1 0 5.00 0.00 0.50
13.00 46 46 46 4 174.23 135.77 46 0 0 5.00 0.00 0.50
15.00 46 46 46 4 155.00 155.00 46 0 0 5.00 0.00 0.50
14.00 46 47 46 4 134.64 175.36 47 1 0 5.00 0.00 0.50
13.00 46 46 46 4 174.23 135.77 46 0 0 5.00 0.00 0.50
15.00 46 47 46 4 135.83 174.17 47 1 0 5.00 0.00 0.50
14.00 46 46 46 4 172.86 137.14 46 0 0 5.00 0.00 0.50
14.00 47 46 46 4 155.00 155.00 46 -1 0 5.00 0.00 0.50
14.00 46 46 46 4 155.00 155.00 46 0 0 5.00 0.00 0.50
14.00 46 47 46 4 134.64 175.36 47 1 0 5.00 0.00 0.50
14.00 47 46 46 4 172.86 137.14 46 -1 0 5.00 0.00 0.50
15.00 47 47 46 4 135.83 174.17 47 0 0 5.00 0.00 0.50
14.00 46 46 46 4 172.86 137.14 46 0 0 5.00 0.00 0.50
13.00 47 46 46 4 155.00 155.00 46 -1 0 5.00 0.00 0.50
15.00 46 46 46 4 155.00 155.00 46 0 0 5.00 0.00 0.50
14.00 47 46 46 4 155.00 155.00 46 -1 0 5.00 0.00 0.50
14.00 46 46 46 4 155.00 155.00 46 0 0 5.00 0.00 0.50
15.00 47 46 46 4 155.00 155.00 46 -1 0 5.00 0.00 0.50
14.00 47 46 46 4 155.00 155.00 46 -1 0 5.00 0.00 0.50
14.00 47 46 46 4 155.00 155.00 46 -1 0 5.00 0.00 0.50
15.00 46 46 46 4 155.00 155.00 46 0 0 5.00 0.00 0.50
13.00 47 47 46 4 133.27 176.73 47 0 0 5.00 0.00 0.50
14.00 47 46 46 4 172.86 137.14 46 -1 0 5.00 0.00 0.50
15.00 47 46 46 4 155.00 155.00 46 -1 0 5.00 0.00 0.50
14.00 47 46 46 4 155.00 155.00 46 -1 0 5.00 0.00 0.50
14.00 47 46 46 4 155.00 155.00 46 -1 0 5.00 0.00 0.50
15.00 47 46 46 4 155.00 155.00 46 -1 0 5.00 0.00 0.50
14.00 47 46 46 4 155.00 155.00 46 -1 0 5.00 0.00 0.50
14.00 46 46 46 4 155.00 155.00 46 0 0 5.00 0.00 0.50
14.00 47 46 46 4 155.00 155.00 46 -1 0 5.00 0.00 0.50
14.00 47 46 46 4 155.00 155.00 46 -1 0 5.00 0.00 0.50
14.00 47 46 46 4 155.00 155.00 46 -1 0 5.00 0.00 0.50
15.00 46 46 46 4 155.00 155.00 46 0 0 5.00 0.00 0.50
14.00 46 46 46 4 155.00 155.00 46 0 0 5.00 0.00 0.50
14.00 47 46 46 4 155.00 155.00 46 -1 0 5.00 0.00 0.50
15.00 46 46 46 4 155.00 155.00 46 0 0 5.00 0.00 0.50
13.00 47 46 46 4 155.00 155.00 46 -1 0 5.00 0.00 0.50
14.00 47 46 46 4 155.00 155.00 46 -1 0 5.00 0.00 0.50
15.00 46 46 46 4 155.00 155.00 46 0 0 5.00 0.00 0.50
14.00 47 46 46 4 155.00 155.00 46 -1 0 5.00 0.00 0.50
14.00 46 46 46 4 155.00 155.00 46 0 0 5.00 0.00 0.50
15.00 46 46 46 4 155.00 155.00 46 0 0 5.00 0.00 0.50
13.00 46 46 46 4 155.00 155.00 46 0 0 5.00 0.00 0.50
14.00 46 46 46 4 155.00 155.00 46 0 0 5.00 0.00 0.50
15.00 47 46 46 4 155.00 155.00 46 -1 0 5.00 0.00 0.50
14.00 46 46 46 4 155.00 155.00 46 0 0 5.00 0.00 0.50
14.00 47 46 46 4 155.00 155.00 46 -1 0 5.00 0.00 0.50
15.00 46 46 46 4 155.00 155.00 46 0 0 5.00 0.00 0.50
13.00 46 46 46 4 155.00 155.00 46 0 0 5.00 0.00 0.50
14.00 47 46 46 4 155.00 155.00 46 -1 0 5.00 0.00 0.50
15.00 46 46 46 4 155.00 155.00 46 0 0 5.00 0.00 0.50
14.00 46 46 46 4 155.00 155.00 46 0 0 5.00 0.00 0.50
13.00 45 46 46 4 155.00 155.00 46 1 0 5.00 0.00 0.50
15.00 46 46 46 4 155.00 155.00 46 0 0 5.00 0.00 0.50
14.00 46 46 46 4 155.00 155.00 46 0 0 5.00 0.00 0.50
13.00 45 46 46 4 155.00 155.00 46 1 0 5.00 0.00 0.50
14.00 46 46 46 4 155.00 155.00 46 0 0 5.00 0.00 0.50
15.00 45 46 46 4 155.00 155.00 46 1 0 5.00 0.00 0.50
14.00 46 46 46 4 155.00 155.00 46 0 0 5.00 0.00 0.50
13.00 46 46 46 4 155.00 155.00 46 0 0 5.00 0.00 0.50
15.00 46 47 46 4 135.83 174.17 47 1 0 5.00 0.00 0.50
14.00 46 46 46 4 172.86 137.14 46 0 0 5.00 0.00 0.50
13.00 46 46 46 4 155.00 155.00 46 0 0 5.00 0.00 0.50
15.00 46 46 46 4 155.00 155.00 46 0 0 5.00 0.00 0.50
14.00 46 46 46 4 155.00 155.00 46 0 0 5.00 0.00 0.50
14.00 46 46 46 4 155.00 155.00 46 0 0 5.00 0.00 0.50
14.00 46 46 46 4 155.00 155.00 46 0 0 5.00 0.00 0.50
14.00 46 46 46 4 155.00 155.00 46 0 0 5.00 0.00 0.50
14.00 46 46 46 4 155.00 155.00 46 0 0 5.00 0.00 0.50
14.00 46 46 46 4 155.00 155.00 46 0 0 5.00 0.00 0.50
14.00 46 47 46 4 134.64 175.36 47 1 0 5.00 0.00 0.50
14.00 46 46 46 4 172.86 137.14 46 0 0 5.00 0.00 0.50
15.00 46 46 46 4 155.00 155.00 46 0 0 5.00 0.00 0.50
13.00 46 47 46 4 133.27 176.73 47 1 0 5.00 0.00 0.50
14.00 46 46 46 4 172.86 137.14 46 0 0 5.00 0.00 0.50
15.00 46 47 46 4 135.83 174.17 47 1 0 5.00 0.00 0.50
13.00 46 46 46 4 174.23 135.77 46 0 0 5.00 0.00 0.50
14.00 46 46 46 4 155.00 155.00 46 0 0 5.00 0.00 0.50
15.00 46 47 46 4 135.83 174.17 47 1 0 5.00 0.00 0.50
14.00 45 46 46 4 172.86 137.14 46 1 0 5.00 0.00 0.50
13.00 45 46 46 4 155.00 155.00 46 1 0 5.00 0.00 0.50
15.00 46 46 46 4 155.00 155.00 46 0 0 5.00 0.00 0.50
14.00 46 47 46 4 134.64 175.36 47 1 0 5.00 0.00 0.50
13.00 46 46 46 4 174.23 135.77 46 0 0 5.00 0.00 0.50
15.00 46 46 46 4 155.00 155.00 46 0 0 5.00 0.00 0.50
14.00 46 46 46 4 155.00 155.00 46 0 0 5.00 0.00 0.50
14.00 46 46 46 4 155.00 155.00 46 0 0 5.00 0.00 0.50
14.00 46 47 46 4 134.64 175.36 47 1 0 5.00 0.00 0.50
14.00 47 46 46 4 172.86 137.14 46 -1 0 5.00 0.00 0.50
14.00 46 47 46 4 134.64 175.36 47 1 0 5.00 0.00 0.50
15.00 46 47 46 4 152.50 157.50 47 1 0 5.00 0.00 0.50
13.00 46 47 46 4 152.50 157.50 47 1 0 5.00 0.00 0.50
14.00 46 47 46 4 152.50 157.50 47 1 0 5.00 0.00 0.50
15.00 46 47 46 4 152.50 157.50 47 1 0 5.00 0.00 0.50
13.00 46 47 46 4 152.50 157.50 47 1 0 5.00 0.00 0.50
14.00 46 47 46 4 152.50 157.50 47 1 0 5.00 0.00 0.50
15.00 47 46 46 4 171.67 138.33 46 -1 0 5.00 0.00 0.50
14.00 47 46 46 4 155.00 155.00 46 -1 0 5.00 0.00 0.50
14.00 46 47 46 4 134.64 175.36 47 1 0 5.00 0.00 0.50
15.00 47 46 46 4 171.67 138.33 46 -1 0 5.00 0.00 0.50
13.00 47 46 46 4 155.00 155.00 46 -1 0 5.00 0.00 0.50
14.00 47 46 46 4 155.00 155.00 46 -1 0 5.00 0.00 0.50
15.00 47 46 46 4 155.00 155.00 46 -1 0 5.00 0.00 0.50
14.00 47 46 46 4 155.00 155.00 46 -1 0 5.00 0.00 0.50
14.00 47 46 46 4 155.00 155.00 46 -1 0 5.00 0.00 0.50
15.00 47 47 46 4 135.83 174.17 47 0 0 5.00 0.00 0.50
14.00 47 46 46 4 172.86 137.14 46 -1 0 5.00 0.00 0.50
14.00 47 47 46 4 134.64 175.36 47 0 0 5.00 0.00 0.50
15.00 47 46 46 4 171.67 138.33 46 -1 0 5.00 0.00 0.50
14.00 47 46 46 4 155.00 155.00 46 -1 0 5.00 0.00 0.50
14.00 47 47 46 4 134.64 175.36 47 0 0 5.00 0.00 0.50
14.00 47 46 46 4 172.86 137.14 46 -1 0 5.00 0.00 0.50
14.00 47 46 46 4 155.00 155.00 46 -1 0 5.00 0.00 0.50
14.00 47 46 46 4 155.00 155.00 46 -1 0 5.00 0.00 0.50
15.00 47 46 46 4 155.00 155.00 46 -1 0 5.00 0.00 0.50
14.00 47 47 46 4 134.64 175.36 47 0 0 5.00 0.00 0.50
14.00 47 47 46 4 152.50 157.50 47 0 0 5.00 0.00 0.50
15.00 47 46 46 4 171.67 138.33 46 -1 0 5.00 0.00 0.50
14.00 46 46 46 4 155.00 155.00 46 0 0 5.00 0.00 0.50
13.00 46 47 46 4 133.27 176.73 47 1 0 5.00 0.00 0.50
15.00 45 47 46 4 152.50 157.50 47 2 0 5.00 0.00 0.50
14.00 45 46 46 4 172.86 137.14 46 1 0 5.00 0.00 0.50
13.00 45 46 46 4 155.00 155.00 46 1 0 5.00 0.00 0.50
15.00 45 47 46 4 135.83 174.17 47 2 0 5.00 0.00 0.50
14.00 45 47 46 4 152.50 157.50 47 2 0 5.00 0.00 0.50
14.00 45 47 46 4 152.50 157.50 47 2 0 5.00 0.00 0.50
14.00 45 47 46 4 152.50 157.50 47 2 0 5.00 0.00 0.50
14.00 45 47 46 4 152.50 157.50 47 2 0 5.00 0.00 0.50
14.00 45 47 46 4 152.50 157.50 47 2 0 5.00 0.00 0.50
14.00 45 47 46 4 152.50 157.50 47 2 0 5.00 0.00 0.50
14.00 45 47 46 4 152.50 157.50 47 2 0 5.00 0.00 0.50
14.00 45 47 46 4 152.50 157.50 47 2 0 5.00 0.00 0.50
15.00 45 47 46 4 152.50 157.50 47 2 0 5.00 0.00 0.50
13.00 45 47 46 4 152.50 157.50 47 2 0 5.00 0.00 0.50
14.00 45 47 46 4 152.50 157.50 47 2 0 5.00 0.00 0.50
15.00 45 47 46 4 152.50 157.50 47 2 0 5.00 0.00 0.50
13.00 45 47 46 4 152.50 157.50 47 2 0 5.00 0.00 0.50
14.00 45 47 46 4 152.50 157.50 47 2 0 5.00 0.00 0.50
15.00 45 47 46 4 152.50 157.50 47 2 0 5.00 0.00 0.50
14.00 45 47 46 4 152.50 157.50 47 2 0 5.00 0.00 0.50
13.00 45 47 46 4 152.50 157.50 47 2 0 5.00 0.00 0.50
15.00 45 47 46 4 152.50 157.50 47 2 0 5.00 0.00 0.50
14.00 45 47 46 4 152.50 157.50 47 2 0 5.00 0.00 0.50
13.00 46 48 46 4 130.77 179.23 48 2 0 5.00 0.00 0.50
15.00 46 48 46 4 150.00 160.00 48 2 0 5.00 0.00 0.50
14.00 46 48 46 4 150.00 160.00 48 2 0 5.00 0.00 0.50
13.00 46 48 46 4 150.00 160.00 48 2 0 5.00 0.00 0.50
15.00 46 49 46 4 130.83 179.17 49 3 0 5.00 0.00 0.50
14.00 46 48 46 4 167.86 142.14 48 2 0 5.00 0.00 0.50
14.00 46 48 46 4 150.00 160.00 48 2 0 5.00 0.00 0.50
14.00 46 48 46 4 150.00 160.00 48 2 0 5.00 0.00 0.50
14.00 46 49 46 4 129.64 180.36 49 3 0 5.00 0.00 0.50
14.00 46 48 46 4 167.86 142.14 48 2 0 5.00 0.00 0.50
14.00 45 48 46 4 150.00 160.00 48 3 0 5.00 0.00 0.50
14.00 46 49 46 4 129.64 180.36 49 3 0 5.00 0.00 0.50
14.00 46 48 46 4 167.86 142.14 48 2 0 5.00 0.00 0.50
15.00 45 48 46 4 150.00 160.00 48 3 0 5.00 0.00 0.50
13.00 46 48 46 4 150.00 160.00 48 2 0 5.00 0.00 0.50
14.00 46 49 46 4 129.64 180.36 49 3 0 5.00 0.00 0.50
14.00 46 48 46 4 167.86 142.14 48 2 0 5.00 0.00 0.50
14.00 46 49 46 4 129.64 180.36 49 3 0 5.00 0.00 0.50
14.00 46 48 46 4 167.86 142.14 48 2 0 5.00 0.00 0.50
14.00 46 48 46 4 150.00 160.00 48 2 0 5.00 0.00 0.50
15.00 46 48 46 4 150.00 160.00 48 2 0 5.00 0.00 0.50
13.00 46 48 46 4 150.00 160.00 48 2 0 5.00 0.00 0.50
14.00 46 48 46 4 150.00 160.00 48 2 0 5.00 0.00 0.50
15.00 46 48 46 4 150.00 160.00 48 2 0 5.00 0.00 0.50
13.00 46 49 46 4 128.27 181.73 49 3 0 5.00 0.00 0.50
14.00 46 48 46 4 167.86 142.14 48 2 0 5.00 0.00 0.50
15.00 47 48 46 4 150.00 160.00 48 1 0 5.00 0.00 0.50
14.00 46 49 46 4 129.64 180.36 49 3 0 5.00 0.00 0.50
13.00 46 48 46 4 169.23 140.77 48 2 0 5.00 0.00 0.50
15.00 46 48 46 4 150.00 160.00 48 2 0 5.00 0.00 0.50
14.00 47 48 46 4 150.00 160.00 48 1 0 5.00 0.00 0.50
13.00 46 48 46 4 150.00 160.00 48 2 0 5.00 0.00 0.50
15.00 46 48 46 4 150.00 160.00 48 2 0 5.00 0.00 0.50
14.00 47 49 46 4 129.64 180.36 49 2 0 5.00 0.00 0.50
14.00 46 48 46 4 167.86 142.14 48 2 0 5.00 0.00 0.50
14.00 47 48 46 4 150.00 160.00 48 1 0 5.00 0.00 0.50
14.00 47 48 46 4 150.00 160.00 48 1 0 5.00 0.00 0.50
14.00 47 48 46 4 150.00 160.00 48 1 0 5.00 0.00 0.50
14.00 46 48 46 4 150.00 160.00 48 2 0 5.00 0.00 0.50
14.00 47 49 46 4 129.64 180.36 49 2 0 5.00 0.00 0.50
14.00 48 48 46 4 167.86 142.14 48 0 0 5.00 0.00 0.50
15.00 48 49 46 4 130.83 179.17 49 1 0 5.00 0.00 0.50
13.00 47 49 46 4 147.50 162.50 49 2 0 5.00 0.00 0.50
14.00 48 49 46 4 147.50 162.50 49 1 0 5.00 0.00 0.50
15.00 47 49 46 4 147.50 162.50 49 2 0 5.00 0.00 0.50
13.00 47 48 46 4 169.23 140.77 48 1 0 5.00 0.00 0.50
14.00 48 49 46 4 129.64 180.36 49 1 0 5.00 0.00 0.50
15.00 47 48 46 4 166.67 143.33 48 1 0 5.00 0.00 0.50
13.00 48 48 46 4 150.00 160.00 48 0 0 5.00 0.00 0.50
14.00 47 48 46 4 150.00 160.00 48 1 0 5.00 0.00 0.50
15.00 47 49 46 4 130.83 179.17 49 2 0 5.00 0.00 0.50
14.00 47 48 46 4 167.86 142.14 48 1 0 5.00 0.00 0.50
13.00 47 48 46 4 150.00 160.00 48 1 0 5.00 0.00 0.50
15.00 47 49 46 4 130.83 179.17 49 2 0 5.00 0.00 0.50
14.00 47 49 46 4 147.50 162.50 49 2 0 5.00 0.00 0.50
13.00 47 48 46 4 169.23 140.77 48 1 0 5.00 0.00 0.50
15.00 47 48 46 4 150.00 160.00 48 1 0 5.00 0.00 0.50
14.00 47 48 46 4 150.00 160.00 48 1 0 5.00 0.00 0.50
14.00 47 48 46 4 150.00 160.00 48 1 0 5.00 0.00 0.50
14.00 47 48 46 4 150.00 160.00 48 1 0 5.00 0.00 0.50
14.00 47 48 46 4 150.00 160.00 48 1 0 5.00 0.00 0.50
14.00 47 48 46 4 150.00 160.00 48 1 0 5.00 0.00 0.50
14.00 47 48 46 4 150.00 160.00 48 1 0 5.00 0.00 0.50
14.00 47 48 46 4 150.00 160.00 48 1 0 5.00 0.00 0.50
14.00 47 48 46 4 150.00 160.00 48 1 0 5.00 0.00 0.50
15.00 47 48 46 4 150.00 160.00 48 1 0 5.00 0.00 0.50
13.00 47 49 46 4 128.27 181.73 49 2 0 5.00 0.00 0.50
14.00 47 49 46 4 147.50 162.50 49 2 0 5.00 0.00 0.50
15.00 47 48 46 4 166.67 143.33 48 1 0 5.00 0.00 0.50
13.00 47 48 46 4 150.00 160.00 48 1 0 5.00 0.00 0.50
14.00 47 48 46 4 150.00 160.00 48 1 0 5.00 0.00 0.50
15.00 48 48 46 4 150.00 160.00 48 0 0 5.00 0.00 0.50
14.00 48 48 46 4 150.00 160.00 48 0 0 5.00 0.00 0.50
13.00 48 48 46 4 150.00 160.00 48 0 0 5.00 0.00 0.50
15.00 48 48 46 4 150.00 160.00 48 0 0 5.00 0.00 0.50
14.00 48 49 46 4 129.64 180.36 49 1 0 5.00 0.00 0.50
13.00 48 49 46 4 147.50 162.50 49 1 0 5.00 0.00 0.50
15.00 48 48 46 4 166.67 143.33 48 0 0 5.00 0.00 0.50
14.00 48 48 30 4 -255.00 255.00 48 0 0 5.00 0.00 0.50
14.00 49 48 30 4 110.00 200.00 48 -1 0 5.00 0.00 0.50
15.00 49 49 30 4 -119.17 219.17 49 0 0 5.00 0.00 0.50
14.00 47 49 30 4 107.50 202.50 49 2 0 5.00 0.00 0.50
13.00 48 48 30 4 129.23 180.77 48 0 0 5.00 0.00 0.50
15.00 47 48 30 4 110.00 200.00 48 1 0 5.00 0.00 0.50
14.00 48 48 30 4 110.00 200.00 48 0 0 5.00 0.00 0.50
14.00 48 48 30 4 110.00 200.00 48 0 0 5.00 0.00 0.50
14.00 48 48 30 4 110.00 200.00 48 0 0 5.00 0.00 0.50
14.00 48 47 30 4 130.36 179.64 47 -1 0 5.00 0.00 0.50
14.00 48 48 30 4 -117.86 217.86 48 0 0 5.00 0.00 0.50
15.00 48 47 30 4 129.17 180.83 47 -1 0 5.00 0.00 0.50
14.00 48 47 30 4 112.50 197.50 47 -1 0 5.00 0.00 0.50
14.00 48 47 30 4 112.50 197.50 47 -1 0 5.00 0.00 0.50
15.00 47 46 30 4 131.67 178.33 46 -1 0 5.00 0.00 0.50
14.00 48 46 30 4 115.00 195.00 46 -2 0 5.00 0.00 0.50
14.00 48 46 30 4 115.00 195.00 46 -2 0 5.00 0.00 0.50
15.00 48 46 30 4 115.00 195.00 46 -2 0 5.00 0.00 0.50
14.00 48 46 30 4 115.00 195.00 46 -2 0 5.00 0.00 0.50
14.00 48 46 30 4 115.00 195.00 46 -2 0 5.00 0.00 0.50
15.00 48 45 30 4 134.17 175.83 45 -3 0 5.00 0.00 0.50
14.00 48 45 30 4 117.50 192.50 45 -3 0 5.00 0.00 0.50
14.00 48 45 30 4 117.50 192.50 45 -3 0 5.00 0.00 0.50
14.00 48 44 30 4 137.86 172.14 44 -4 0 5.00 0.00 0.50
14.00 48 44 30 4 120.00 190.00 44 -4 0 5.00 0.00 0.50
14.00 48 44 30 4 120.00 190.00 44 -4 0 5.00 0.00 0.50
15.00 47 44 30 4 120.00 190.00 44 -3 0 5.00 0.00 0.50
14.00 47 44 30 4 120.00 190.00 44 -3 0 5.00 0.00 0.50
14.00 47 43 30 4 140.36 169.64 43 -4 0 5.00 0.00 0.50
15.00 47 43 30 4 122.50 187.50 43 -4 0 5.00 0.00 0.50
14.00 47 43 30 4 122.50 187.50 43 -4 0 5.00 0.00 0.50
14.00 47 43 30 4 122.50 187.50 43 -4 0 5.00 0.00 0.50
15.00 47 42 30 4 141.67 168.33 42 -5 0 5.00 0.00 0.50
14.00 47 42 30 4 125.00 185.00 42 -5 0 5.00 0.00 0.50
14.00 47 42 30 4 125.00 185.00 42 -5 0 5.00 0.00 0.50
15.00 46 41 30 4 144.17 165.83 41 -5 0 5.00 0.00 0.50
14.00 46 41 30 4 127.50 182.50 41 -5 0 5.00 0.00 0.50
14.00 47 41 30 4 127.50 182.50 41 -6 0 5.00 0.00 0.50
15.00 47 41 30 4 127.50 182.50 41 -6 0 5.00 0.00 0.50
14.00 46 40 30 4 147.86 162.14 40 -6 0 5.00 0.00 0.50
14.00 46 40 30 4 130.00 180.00 40 -6 0 5.00 0.00 0.50
15.00 46 40 30 4 130.00 180.00 40 -6 0 5.00 0.00 0.50
14.00 45 40 30 4 130.00 180.00 40 -5 0 5.00 0.00 0.50
14.00 46 39 30 4 150.36 159.64 39 -7 0 5.00 0.00 0.50
15.00 46 39 30 4 132.50 177.50 39 -7 0 5.00 0.00 0.50
14.00 45 39 30 4 132.50 177.50 39 -6 0 5.00 0.00 0.50
14.00 45 39 30 4 132.50 177.50 39 -6 0 5.00 0.00 0.50
15.00 44 39 30 4 132.50 177.50 39 -5 0 5.00 0.00 0.50
14.00 45 38 30 4 152.86 157.14 38 -7 0 5.00 0.00 0.50
14.00 44 38 30 4 135.00 175.00 38 -6 0 5.00 0.00 0.50
15.00 44 39 30 4 115.83 194.17 39 -5 0 5.00 0.00 0.50
13.00 43 38 30 4 154.23 155.77 38 -5 0 5.00 0.00 0.50
14.00 43 38 30 4 135.00 175.00 38 -5 0 5.00 0.00 0.50
15.00 43 38 30 4 135.00 175.00 38 -5 0 5.00 0.00 0.50
14.00 42 37 30 4 155.36 154.64 37 -5 0 5.00 0.00 0.50
14.00 42 37 30 4 137.50 172.50 37 -5 0 5.00 0.00 0.50
15.00 42 36 30 4 156.67 153.33 36 -6 0 5.00 0.00 0.50
14.00 42 36 30 4 140.00 170.00 36 -6 0 5.00 0.00 0.50
14.00 42 36 30 4 140.00 170.00 36 -6 0 5.00 0.00 0.50
15.00 41 36 30 4 140.00 170.00 36 -5 0 5.00 0.00 0.50
14.00 41 36 30 4 140.00 170.00 36 -5 0 5.00 0.00 0.50
14.00 41 37 30 4 119.64 190.36 37 -4 0 5.00 0.00 0.50
15.00 40 36 30 4 156.67 153.33 36 -4 0 5.00 0.00 0.50
14.00 40 36 30 4 140.00 170.00 36 -4 0 5.00 0.00 0.50
14.00 40 35 30 4 160.36 149.64 35 -5 0 5.00 0.00 0.50
15.00 39 35 30 4 142.50 167.50 35 -4 0 5.00 0.00 0.50
14.00 39 34 30 4 162.86 147.14 34 -5 0 5.00 0.00 0.50
14.00 39 34 30 4 145.00 165.00 34 -5 0 5.00 0.00 0.50
15.00 39 34 30 4 145.00 165.00 34 -5 0 5.00 0.00 0.50
14.00 39 33 30 4 165.36 144.64 33 -6 0 5.00 0.00 0.50
14.00 38 33 30 4 147.50 162.50 33 -5 0 5.00 0.00 0.50
15.00 38 33 30 4 147.50 162.50 33 -5 0 5.00 0.00 0.50
14.00 38 33 30 4 147.50 162.50 33 -5 0 5.00 0.00 0.50
14.00 37 32 30 4 167.86 142.14 32 -5 0 5.00 0.00 0.50
15.00 37 33 30 4 130.83 179.17 33 -4 0 5.00 0.00 0.50
14.00 36 32 30 4 167.86 142.14 32 -4 0 5.00 0.00 0.50
14.00 37 32 30 4 150.00 160.00 32 -5 0 5.00 0.00 0.50
15.00 36 31 30 4 169.17 140.83 31 -5 0 5.00 0.00 0.50
14.00 36 31 30 4 152.50 157.50 31 -5 0 5.00 0.00 0.50
14.00 35 31 30 4 152.50 157.50 31 -4 0 5.00 0.00 0.50
14.00 36 31 30 4 152.50 157.50 31 -5 0 5.00 0.00 0.50
14.00 35 31 30 4 152.50 157.50 31 -4 0 5.00 0.00 0.50
14.00 36 30 30 4 172.86 137.14 30 -6 0 5.00 0.00 0.50
15.00 36 30 30 4 155.00 155.00 30 -6 0 5.00 0.00 0.50
14.00 35 30 30 4 155.00 155.00 30 -5 0 5.00 0.00 0.50
14.00 35 30 30 4 155.00 155.00 30 -5 0 5.00 0.00 0.50
15.00 35 30 30 4 155.00 155.00 30 -5 0 5.00 0.00 0.50
14.00 34 29 30 4 175.36 134.64 29 -5 0 5.00 0.00 0.50
14.00 34 29 30 4 157.50 152.50 29 -5 0 5.00 0.00 0.50
15.00 34 29 30 4 157.50 152.50 29 -5 0 5.00 0.00 0.50
14.00 33 29 30 4 157.50 152.50 29 -4 0 5.00 0.00 0.50
14.00 33 28 30 4 177.86 132.14 28 -5 0 5.00 0.00 0.50
15.00 32 28 30 4 160.00 150.00 28 -4 0 5.00 0.00 0.50
14.00 32 27 30 4 180.36 129.64 27 -5 0 5.00 0.00 0.50
14.00 32 27 30 4 162.50 147.50 27 -5 0 5.00 0.00 0.50
15.00 32 27 30 4 162.50 147.50 27 -5 0 5.00 0.00 0.50
14.00 31 27 30 4 162.50 147.50 27 -4 0 5.00 0.00 0.50
14.00 31 26 30 4 182.86 127.14 26 -5 0 5.00 0.00 0.50
15.00 31 27 30 4 145.83 164.17 27 -4 0 5.00 0.00 0.50
14.00 31 26 30 4 182.86 127.14 26 -5 0 5.00 0.00 0.50
14.00 30 26 30 4 165.00 145.00 26 -4 0 5.00 0.00 0.50
15.00 30 26 30 4 165.00 145.00 26 -4 0 5.00 0.00 0.50
14.00 30 25 30 4 185.36 124.64 25 -5 0 5.00 0.00 0.50
14.00 30 25 30 4 167.50 142.50 25 -5 0 5.00 0.00 0.50
15.00 30 25 30 4 167.50 142.50 25 -5 0 5.00 0.00 0.50
14.00 30 25 30 4 167.50 142.50 25 -5 0 5.00 0.00 0.50
14.00 29 24 30 4 187.86 122.14 24 -5 0 5.00 0.00 0.50
15.00 29 25 30 4 150.83 159.17 25 -4 0 5.00 0.00 0.50
13.00 29 25 30 4 167.50 142.50 25 -4 0 5.00 0.00 0.50
14.00 28 24 30 4 187.86 122.14 24 -4 0 5.00 0.00 0.50
15.00 28 24 30 4 170.00 140.00 24 -4 0 5.00 0.00 0.50
14.00 28 24 30 4 170.00 140.00 24 -4 0 5.00 0.00 0.50
14.00 27 23 30 4 190.36 119.64 23 -4 0 5.00 0.00 0.50
15.00 27 23 30 4 172.50 137.50 23 -4 0 5.00 0.00 0.50
14.00 27 23 30 4 172.50 137.50 23 -4 0 5.00 0.00 0.50
14.00 27 23 30 4 172.50 137.50 23 -4 0 5.00 0.00 0.50
15.00 27 23 30 4 172.50 137.50 23 -4 0 5.00 0.00 0.50
14.00 27 23 30 4 172.50 137.50 23 -4 0 5.00 0.00 0.50
14.00 26 22 30 4 192.86 117.14 22 -4 0 5.00 0.00 0.50
15.00 26 23 30 4 155.83 154.17 23 -3 0 5.00 0.00 0.50
14.00 25 22 30 4 192.86 117.14 22 -3 0 5.00 0.00 0.50
14.00 25 22 30 4 175.00 135.00 22 -3 0 5.00 0.00 0.50
15.00 25 22 30 4 175.00 135.00 22 -3 0 5.00 0.00 0.50
14.00 24 22 30 4 175.00 135.00 22 -2 0 5.00 0.00 0.50
14.00 24 22 30 4 175.00 135.00 22 -2 0 5.00 0.00 0.50
15.00 23 21 30 4 194.17 115.83 21 -2 0 5.00 0.00 0.50
14.00 24 21 30 4 177.50 132.50 21 -3 0 5.00 0.00 0.50
14.00 24 21 30 4 177.50 132.50 21 -3 0 5.00 0.00 0.50
15.00 24 21 30 4 177.50 132.50 21 -3 0 5.00 0.00 0.50
14.00 23 21 30 4 177.50 132.50 21 -2 0 5.00 0.00 0.50
14.00 24 21 30 4 177.50 132.50 21 -3 0 5.00 0.00 0.50
15.00 23 21 30 4 177.50 132.50 21 -2 0 5.00 0.00 0.50
14.00 23 21 30 4 177.50 132.50 21 -2 0 5.00 0.00 0.50
14.00 22 21 30 4 177.50 132.50 21 -1 0 5.00 0.00 0.50
15.00 23 21 30 4 177.50 132.50 21 -2 0 5.00 0.00 0.50
14.00 22 21 30 4 177.50 132.50 21 -1 0 5.00 0.00 0.50
14.00 22 21 30 4 177.50 132.50 21 -1 0 5.00 0.00 0.50
14.00 22 21 30 4 177.50 132.50 21 -1 0 5.00 0.00 0.50
14.00 23 21 30 4 177.50 132.50 21 -2 0 5.00 0.00 0.50
14.00 22 21 30 4 177.50 132.50 21 -1 0 5.00 0.00 0.50
15.00 22 21 30 4 177.50 132.50 21 -1 0 5.00 0.00 0.50
14.00 21 21 30 4 177.50 132.50 21 0 0 5.00 0.00 0.50
14.00 21 21 30 4 177.50 132.50 21 0 0 5.00 0.00 0.50
15.00 22 21 30 4 177.50 132.50 21 -1 0 5.00 0.00 0.50
14.00 22 21 30 4 177.50 132.50 21 -1 0 5.00 0.00 0.50
14.00 21 21 30 4 177.50 132.50 21 0 0 5.00 0.00 0.50
14.00 22 21 30 4 177.50 132.50 21 -1 0 5.00 0.00 0.50
14.00 22 21 30 4 177.50 132.50 21 -1 0 5.00 0.00 0.50
14.00 22 21 30 4 177.50 132.50 21 -1 0 5.00 0.00 0.50
15.00 21 21 30 4 177.50 132.50 21 0 0 5.00 0.00 0.50
14.00 21 21 30 4 177.50 132.50 21 0 0 5.00 0.00 0.50
14.00 21 21 30 4 177.50 132.50 21 0 0 5.00 0.00 0.50
14.00 21 21 30 4 177.50 132.50 21 0 0 5.00 0.00 0.50
14.00 21 21 30 4 177.50 132.50 21 0 0 5.00 0.00 0.50
14.00 21 21 30 4 177.50 132.50 21 0 0 5.00 0.00 0.50
15.00 21 21 30 4 177.50 132.50 21 0 0 5.00 0.00 0.50
13.00 21 21 30 4 177.50 132.50 21 0 0 5.00 0.00 0.50
14.00 20 21 30 4 177.50 132.50 21 1 0 5.00 0.00 0.50
15.00 21 21 30 4 177.50 132.50 21 0 0 5.00 0.00 0.50
13.00 21 21 30 4 177.50 132.50 21 0 0 5.00 0.00 0.50
14.00 21 21 30 4 177.50 132.50 21 0 0 5.00 0.00 0.50
15.00 21 21 30 4 177.50 132.50 21 0 0 5.00 0.00 0.50
14.00 20 21 30 4 177.50 132.50 21 1 0 5.00 0.00 0.50
13.00 20 21 30 4 177.50 132.50 21 1 0 5.00 0.00 0.50
15.00 20 21 30 4 177.50 132.50 21 1 0 5.00 0.00 0.50
14.00 21 22 30 4 157.14 152.86 22 1 0 5.00 0.00 0.50
13.00 20 21 30 4 196.73 113.27 21 1 0 5.00 0.00 0.50
15.00 20 21 30 4 177.50 132.50 21 1 0 5.00 0.00 0.50
14.00 21 20 30 4 197.86 112.14 20 -1 0 5.00 0.00 0.50
14.00 21 21 30 4 159.64 150.36 21 0 0 5.00 0.00 0.50
14.00 20 21 30 4 177.50 132.50 21 1 0 5.00 0.00 0.50
14.00 20 21 30 4 177.50 132.50 21 1 0 5.00 0.00 0.50
14.00 21 21 30 4 177.50 132.50 21 0 0 5.00 0.00 0.50
15.00 21 21 30 4 177.50 132.50 21 0 0 5.00 0.00 0.50
13.00 21 21 30 4 177.50 132.50 21 0 0 5.00 0.00 0.50
14.00 21 21 30 4 177.50 132.50 21 0 0 5.00 0.00 0.50
15.00 20 21 30 4 177.50 132.50 21 1 0 5.00 0.00 0.50
13.00 21 21 30 4 177.50 132.50 21 0 0 5.00 0.00 0.50
14.00 20 21 30 4 177.50 132.50 21 1 0 5.00 0.00 0.50
15.00 21 21 30 4 177.50 132.50 21 0 0 5.00 0.00 0.50
14.00 21 22 30 4 157.14 152.86 22 1 0 5.00 0.00 0.50
13.00 20 22 30 4 175.00 135.00 22 2 0 5.00 0.00 0.50
15.00 20 22 30 4 175.00 135.00 22 2 0 5.00 0.00 0.50
14.00 20 22 30 4 175.00 135.00 22 2 0 5.00 0.00 0.50
13.00 20 22 30 4 175.00 135.00 22 2 0 5.00 0.00 0.50
15.00 21 22 30 4 175.00 135.00 22 1 0 5.00 0.00 0.50
14.00 21 22 30 4 175.00 135.00 22 1 0 5.00 0.00 0.50
14.00 21 22 30 4 175.00 135.00 22 1 0 5.00 0.00 0.50
14.00 21 23 30 4 154.64 155.36 23 2 0 5.00 0.00 0.50
14.00 21 23 30 4 172.50 137.50 23 2 0 5.00 0.00 0.50
14.00 21 23 30 4 172.50 137.50 23 2 0 5.00 0.00 0.50
14.00 21 23 30 4 172.50 137.50 23 2 0 5.00 0.00 0.50
14.00 22 23 30 4 172.50 137.50 23 1 0 5.00 0.00 0.50
14.00 22 23 30 4 172.50 137.50 23 1 0 5.00 0.00 0.50
15.00 22 23 30 4 172.50 137.50 23 1 0 5.00 0.00 0.50
13.00 21 24 30 4 150.77 159.23 24 3 0 5.00 0.00 0.50
14.00 21 23 30 4 190.36 119.64 23 2 0 5.00 0.00 0.50
15.00 21 23 30 4 172.50 137.50 23 2 0 5.00 0.00 0.50
13.00 21 23 30 4 172.50 137.50 23 2 0 5.00 0.00 0.50
14.00 21 24 30 4 152.14 157.86 24 3 0 5.00 0.00 0.50
15.00 22 24 30 4 170.00 140.00 24 2 0 5.00 0.00 0.50
14.00 22 24 30 4 170.00 140.00 24 2 0 5.00 0.00 0.50
13.00 21 24 30 4 170.00 140.00 24 3 0 5.00 0.00 0.50
15.00 21 24 30 4 170.00 140.00 24 3 0 5.00 0.00 0.50
14.00 22 24 30 4 170.00 140.00 24 2 0 5.00 0.00 0.50
13.00 22 24 30 4 170.00 140.00 24 2 0 5.00 0.00 0.50
15.00 22 24 30 4 170.00 140.00 24 2 0 5.00 0.00 0.50
14.00 22 24 30 4 170.00 140.00 24 2 0 5.00 0.00 0.50
13.00 22 24 30 4 170.00 140.00 24 2 0 5.00 0.00 0.50
15.00 22 24 30 4 170.00 140.00 24 2 0 5.00 0.00 0.50
14.00 22 25 30 4 149.64 160.36 25 3 0 5.00 0.00 0.50
14.00 22 24 30 4 187.86 122.14 24 2 0 5.00 0.00 0.50
14.00 22 25 30 4 149.64 160.36 25 3 0 5.00 0.00 0.50
14.00 22 25 30 4 167.50 142.50 25 3 0 5.00 0.00 0.50
14.00 22 25 30 4 167.50 142.50 25 3 0 5.00 0.00 0.50
13.00 22 25 30 4 167.50 142.50 25 3 0 5.00 0.00 0.50
15.00 22 25 30 4 167.50 142.50 25 3 0 5.00 0.00 0.50
14.00 22 25 30 4 167.50 142.50 25 3 0 5.00 0.00 0.50
14.00 23 26 30 4 147.14 162.86 26 3 0 5.00 0.00 0.50
14.00 23 26 30 4 165.00 145.00 26 3 0 5.00 0.00 0.50
14.00 23 26 30 4 165.00 145.00 26 3 0 5.00 0.00 0.50
14.00 23 26 30 4 165.00 145.00 26 3 0 5.00 0.00 0.50
14.00 23 26 30 4 165.00 145.00 26 3 0 5.00 0.00 0.50
14.00 23 26 30 4 165.00 145.00 26 3 0 5.00 0.00 0.50
14.00 23 26 30 4 165.00 145.00 26 3 0 5.00 0.00 0.50
15.00 23 26 30 4 165.00 145.00 26 3 0 5.00 0.00 0.50
13.00 23 26 30 4 165.00 145.00 26 3 0 5.00 0.00 0.50
14.00 24 26 30 4 165.00 145.00 26 2 0 5.00 0.00 0.50
15.00 23 26 30 4 165.00 145.00 26 3 0 5.00 0.00 0.50
13.00 23 27 30 4 143.27 166.73 27 4 0 5.00 0.00 0.50
14.00 24 27 30 4 162.50 147.50 27 3 0 5.00 0.00 0.50
15.00 24 27 30 4 162.50 147.50 27 3 0 5.00 0.00 0.50
14.00 24 27 30 4 162.50 147.50 27 3 0 5.00 0.00 0.50
13.00 24 27 30 4 162.50 147.50 27 3 0 5.00 0.00 0.50
15.00 24 27 30 4 162.50 147.50 27 3 0 5.00 0.00 0.50
14.00 24 27 30 4 162.50 147.50 27 3 0 5.00 0.00 0.50
13.00 24 27 30 4 162.50 147.50 27 3 0 5.00 0.00 0.50
15.00 25 28 30 4 143.33 166.67 28 3 0 5.00 0.00 0.50
14.00 25 28 30 4 160.00 150.00 28 3 0 5.00 0.00 0.50
14.00 24 28 30 4 160.00 150.00 28 4 0 5.00 0.00 0.50
14.00 24 28 30 4 160.00 150.00 28 4 0 5.00 0.00 0.50
14.00 25 28 30 4 160.00 150.00 28 3 0 5.00 0.00 0.50
14.00 25 28 30 4 160.00 150.00 28 3 0 5.00 0.00 0.50
14.00 25 28 30 4 160.00 150.00 28 3 0 5.00 0.00 0.50
14.00 25 28 30 4 160.00 150.00 28 3 0 5.00 0.00 0.50
14.00 26 28 30 4 160.00 150.00 28 2 0 5.00 0.00 0.50
15.00 25 28 30 4 160.00 150.00 28 3 0 5.00 0.00 0.50
13.00 26 29 30 4 138.27 171.73 29 3 0 5.00 0.00 0.50
14.00 26 29 30 4 157.50 152.50 29 3 0 5.00 0.00 0.50
15.00 26 29 30 4 157.50 152.50 29 3 0 5.00 0.00 0.50
13.00 25 28 30 4 179.23 130.77 28 3 0 5.00 0.00 0.50
14.00 26 29 30 4 139.64 170.36 29 3 0 5.00 0.00 0.50
15.00 26 29 30 4 157.50 152.50 29 3 0 5.00 0.00 0.50
13.00 26 29 30 4 157.50 152.50 29 3 0 5.00 0.00 0.50
14.00 26 29 30 4 157.50 152.50 29 3 0 5.00 0.00 0.50
15.00 26 29 30 4 157.50 152.50 29 3 0 5.00 0.00 0.50
14.00 26 29 30 4 157.50 152.50 29 3 0 5.00 0.00 0.50
13.00 26 29 30 4 157.50 152.50 29 3 0 5.00 0.00 0.50
15.00 26 29 30 4 157.50 152.50 29 3 0 5.00 0.00 0.50
14.00 26 29 30 4 157.50 152.50 29 3 0 5.00 0.00 0.50
13.00 26 29 30 4 157.50 152.50 29 3 0 5.00 0.00 0.50
15.00 27 30 30 4 138.33 171.67 30 3 0 5.00 0.00 0.50
14.00 27 30 30 4 155.00 155.00 30 3 0 5.00 0.00 0.50
14.00 27 30 30 4 155.00 155.00 30 3 0 5.00 0.00 0.50
14.00 27 30 30 4 155.00 155.00 30 3 0 5.00 0.00 0.50
14.00 27 31 30 4 134.64 175.36 31 4 0 5.00 0.00 0.50
14.00 27 30 30 4 172.86 137.14 30 3 0 5.00 0.00 0.50
14.00 27 30 30 4 155.00 155.00 30 3 0 5.00 0.00 0.50
14.00 27 30 30 4 155.00 155.00 30 3 0 5.00 0.00 0.50
14.00 27 31 30 4 134.64 175.36 31 4 0 5.00 0.00 0.50
15.00 27 31 30 4 152.50 157.50 31 4 0 5.00 0.00 0.50
13.00 27 31 30 4 152.50 157.50 31 4 0 5.00 0.00 0.50
14.00 28 31 30 4 152.50 157.50 31 3 0 5.00 0.00 0.50
15.00 28 31 30 4 152.50 157.50 31 3 0 5.00 0.00 0.50
13.00 28 31 30 4 152.50 157.50 31 3 0 5.00 0.00 0.50
14.00 28 31 30 4 152.50 157.50 31 3 0 5.00 0.00 0.50
15.00 28 32 30 4 133.33 176.67 32 4 0 5.00 0.00 0.50
14.00 28 31 30 4 170.36 139.64 31 3 0 5.00 0.00 0.50
13.00 28 32 30 4 130.77 179.23 32 4 0 5.00 0.00 0.50
15.00 28 32 30 4 150.00 160.00 32 4 0 5.00 0.00 0.50
14.00 28 32 30 4 150.00 160.00 32 4 0 5.00 0.00 0.50
13.00 28 32 30 4 150.00 160.00 32 4 0 5.00 0.00 0.50
15.00 29 32 30 4 150.00 160.00 32 3 0 5.00 0.00 0.50
14.00 29 32 30 4 150.00 160.00 32 3 0 5.00 0.00 0.50
14.00 29 32 30 4 150.00 160.00 32 3 0 5.00 0.00 0.50
14.00 29 33 30 4 129.64 180.36 33 4 0 5.00 0.00 0.50
14.00 29 33 30 4 147.50 162.50 33 4 0 5.00 0.00 0.50
14.00 29 32 30 4 167.86 142.14 32 3 0 5.00 0.00 0.50
14.00 30 33 30 4 129.64 180.36 33 3 0 5.00 0.00 0.50
14.00 30 33 30 4 147.50 162.50 33 3 0 5.00 0.00 0.50
14.00 30 33 30 4 147.50 162.50 33 3 0 5.00 0.00 0.50
13.00 30 33 30 4 147.50 162.50 33 3 0 5.00 0.00 0.50
15.00 30 34 30 4 128.33 181.67 34 4 0 5.00 0.00 0.50
14.00 30 33 30 4 165.36 144.64 33 3 0 5.00 0.00 0.50
15.00 30 33 30 4 147.50 162.50 33 3 0 5.00 0.00 0.50
13.00 30 33 30 4 147.50 162.50 33 3 0 5.00 0.00 0.50
14.00 30 33 30 4 147.50 162.50 33 3 0 5.00 0.00 0.50
14.00 30 33 30 4 147.50 162.50 33 3 0 5.00 0.00 0.50
14.00 30 33 30 4 147.50 162.50 33 3 0 5.00 0.00 0.50
14.00 30 33 30 4 147.50 162.50 33 3 0 5.00 0.00 0.50
14.00 30 33 30 4 147.50 162.50 33 3 0 5.00 0.00 0.50
15.00 31 33 30 4 147.50 162.50 33 2 0 5.00 0.00 0.50
13.00 30 34 30 4 125.77 184.23 34 4 0 5.00 0.00 0.50
14.00 30 34 30 4 145.00 165.00 34 4 0 5.00 0.00 0.50
15.00 31 33 30 4 164.17 145.83 33 2 0 5.00 0.00 0.50
13.00 31 34 30 4 125.77 184.23 34 3 0 5.00 0.00 0.50
14.00 31 33 30 4 165.36 144.64 33 2 0 5.00 0.00 0.50
15.00 31 34 30 4 128.33 181.67 34 3 0 5.00 0.00 0.50
14.00 31 34 30 4 145.00 165.00 34 3 0 5.00 0.00 0.50
13.00 31 34 30 4 145.00 165.00 34 3 0 5.00 0.00 0.50
15.00 31 34 30 4 145.00 165.00 34 3 0 5.00 0.00 0.50
14.00 31 34 30 4 145.00 165.00 34 3 0 5.00 0.00 0.50
13.00 31 34 30 4 145.00 165.00 34 3 0 5.00 0.00 0.50
15.00 32 34 30 4 145.00 165.00 34 2 0 5.00 0.00 0.50
14.00 31 34 30 4 145.00 165.00 34 3 0 5.00 0.00 0.50
14.00 31 34 30 4 145.00 165.00 34 3 0 5.00 0.00 0.50
14.00 32 34 30 4 145.00 165.00 34 2 0 5.00 0.00 0.50
14.00 32 34 30 4 145.00 165.00 34 2 0 5.00 0.00 0.50
14.00 32 34 30 4 145.00 165.00 34 2 0 5.00 0.00 0.50
14.00 32 34 30 4 145.00 165.00 34 2 0 5.00 0.00 0.50
14.00 32 34 30 4 145.00 165.00 34 2 0 5.00 0.00 0.50
14.00 32 35 30 4 124.64 185.36 35 3 0 5.00 0.00 0.50
15.00 32 34 30 4 161.67 148.33 34 2 0 5.00 0.00 0.50
13.00 32 34 30 4 145.00 165.00 34 2 0 5.00 0.00 0.50
14.00 32 34 30 4 145.00 165.00 34 2 0 5.00 0.00 0.50
15.00 32 34 30 4 145.00 165.00 34 2 0 5.00 0.00 0.50
13.00 32 34 30 4 145.00 165.00 34 2 0 5.00 0.00 0.50
14.00 32 34 30 4 145.00 165.00 34 2 0 5.00 0.00 0.50
15.00 33 34 30 4 145.00 165.00 34 1 0 5.00 0.00 0.50
14.00 33 34 30 4 145.00 165.00 34 1 0 5.00 0.00 0.50
13.00 33 35 30 4 123.27 186.73 35 2 0 5.00 0.00 0.50
15.00 33 34 30 4 161.67 148.33 34 1 0 5.00 0.00 0.50
14.00 33 35 30 4 124.64 185.36 35 2 0 5.00 0.00 0.50
13.00 33 35 30 4 142.50 167.50 35 2 0 5.00 0.00 0.50
15.00 33 35 30 4 142.50 167.50 35 2 0 5.00 0.00 0.50
14.00 33 34 30 4 162.86 147.14 34 1 0 5.00 0.00 0.50
13.00 33 35 30 4 123.27 186.73 35 2 0 5.00 0.00 0.50
15.00 33 35 30 4 142.50 167.50 35 2 0 5.00 0.00 0.50
14.00 33 35 30 4 142.50 167.50 35 2 0 5.00 0.00 0.50
14.00 33 35 30 4 142.50 167.50 35 2 0 5.00 0.00 0.50
14.00 33 35 30 4 142.50 167.50 35 2 0 5.00 0.00 0.50
14.00 33 35 30 4 142.50 167.50 35 2 0 5.00 0.00 0.50
14.00 34 35 30 4 142.50 167.50 35 1 0 5.00 0.00 0.50
14.00 33 35 30 4 142.50 167.50 35 2 0 5.00 0.00 0.50
14.00 34 35 30 4 142.50 167.50 35 1 0 5.00 0.00 0.50
14.00 34 35 30 4 142.50 167.50 35 1 0 5.00 0.00 0.50
15.00 33 35 30 4 142.50 167.50 35 2 0 5.00 0.00 0.50
13.00 33 35 30 4 142.50 167.50 35 2 0 5.00 0.00 0.50
14.00 33 35 30 4 142.50 167.50 35 2 0 5.00 0.00 0.50
15.00 33 35 30 4 142.50 167.50 35 2 0 5.00 0.00 0.50
13.00 33 35 30 4 142.50 167.50 35 2 0 5.00 0.00 0.50
14.00 33 35 30 4 142.50 167.50 35 2 0 5.00 0.00 0.50
15.00 34 35 30 4 142.50 167.50 35 1 0 5.00 0.00 0.50
14.00 33 35 30 4 142.50 167.50 35 2 0 5.00 0.00 0.50
13.00 34 36 30 4 120.77 189.23 36 2 0 5.00 0.00 0.50
15.00 33 35 30 4 159.17 150.83 35 2 0 5.00 0.00 0.50
14.00 33 35 30 4 142.50 167.50 35 2 0 5.00 0.00 0.50
13.00 34 36 30 4 120.77 189.23 36 2 0 5.00 0.00 0.50
15.00 34 35 30 4 159.17 150.83 35 1 0 5.00 0.00 0.50
14.00 34 35 30 4 142.50 167.50 35 1 0 5.00 0.00 0.50
14.00 34 36 30 4 122.14 187.86 36 2 0 5.00 0.00 0.50
14.00 34 35 30 4 160.36 149.64 35 1 0 5.00 0.00 0.50
14.00 34 35 30 4 142.50 167.50 35 1 0 5.00 0.00 0.50
14.00 34 35 30 4 142.50 167.50 35 1 0 5.00 0.00 0.50
14.00 33 35 30 4 142.50 167.50 35 2 0 5.00 0.00 0.50
14.00 34 35 30 4 142.50 167.50 35 1 0 5.00 0.00 0.50
14.00 34 35 30 4 142.50 167.50 35 1 0 5.00 0.00 0.50
15.00 34 35 30 4 142.50 167.50 35 1 0 5.00 0.00 0.50
13.00 34 35 30 4 142.50 167.50 35 1 0 5.00 0.00 0.50
14.00 35 35 30 4 142.50 167.50 35 0 0 5.00 0.00 0.50
15.00 35 35 30 4 142.50 167.50 35 0 0 5.00 0.00 0.50
13.00 34 35 30 4 142.50 167.50 35 1 0 5.00 0.00 0.50
14.00 34 35 30 4 142.50 167.50 35 1 0 5.00 0.00 0.50
14.00 34 35 30 4 142.50 167.50 35 1 0 5.00 0.00 0.50
15.00 34 35 30 4 142.50 167.50 35 1 0 5.00 0.00 0.50
13.00 34 35 30 4 142.50 167.50 35 1 0 5.00 0.00 0.50
14.00 34 34 30 4 162.86 147.14 34 0 0 5.00 0.00 0.50
15.00 34 35 30 4 125.83 184.17 35 1 0 5.00 0.00 0.50
13.00 34 35 30 4 142.50 167.50 35 1 0 5.00 0.00 0.50
14.00 34 34 30 4 162.86 147.14 34 0 0 5.00 0.00 0.50
15.00 34 35 30 4 125.83 184.17 35 1 0 5.00 0.00 0.50
13.00 34 34 30 4 164.23 145.77 34 0 0 5.00 0.00 0.50
14.00 33 34 30 4 145.00 165.00 34 1 0 5.00 0.00 0.50
15.00 33 34 30 4 145.00 165.00 34 1 0 5.00 0.00 0.50
14.00 34 35 30 4 124.64 185.36 35 1 0 5.00 0.00 0.50
13.00 34 34 30 4 164.23 145.77 34 0 0 5.00 0.00 0.50
15.00 34 35 30 4 125.83 184.17 35 1 0 5.00 0.00 0.50
14.00 34 34 30 4 162.86 147.14 34 0 0 5.00 0.00 0.50
13.00 34 34 30 4 145.00 165.00 34 0 0 5.00 0.00 0.50
15.00 35 34 30 4 145.00 165.00 34 -1 0 5.00 0.00 0.50
14.00 34 34 30 4 145.00 165.00 34 0 0 5.00 0.00 0.50
14.00 34 35 30 4 124.64 185.36 35 1 0 5.00 0.00 0.50
15.00 34 34 30 4 161.67 148.33 34 0 0 5.00 0.00 0.50
13.00 34 34 30 4 145.00 165.00 34 0 0 5.00 0.00 0.50
14.00 34 34 30 4 145.00 165.00 34 0 0 5.00 0.00 0.50
15.00 34 34 30 4 145.00 165.00 34 0 0 5.00 0.00 0.50
13.00 34 34 30 4 145.00 165.00 34 0 0 5.00 0.00 0.50
14.00 34 34 30 4 145.00 165.00 34 0 0 5.00 0.00 0.50
15.00 34 34 30 4 145.00 165.00 34 0 0 5.00 0.00 0.50
14.00 34 34 30 4 145.00 165.00 34 0 0 5.00 0.00 0.50
13.00 34 34 30 4 145.00 165.00 34 0 0 5.00 0.00 0.50
15.00 34 34 30 4 145.00 165.00 34 0 0 5.00 0.00 0.50
14.00 34 34 30 4 145.00 165.00 34 0 0 5.00 0.00 0.50
13.00 34 34 30 4 145.00 165.00 34 0 0 5.00 0.00 0.50
15.00 34 34 30 4 145.00 165.00 34 0 0 5.00 0.00 0.50
14.00 34 34 30 4 145.00 165.00 34 0 0 5.00 0.00 0.50
14.00 34 34 30 4 145.00 165.00 34 0 0 5.00 0.00 0.50
14.00 34 34 30 4 145.00 165.00 34 0 0 5.00 0.00 0.50
14.00 34 33 30 4 165.36 144.64 33 -1 0 5.00 0.00 0.50
14.00 34 34 30 4 127.14 182.86 34 0 0 5.00 0.00 0.50
15.00 34 34 30 4 145.00 165.00 34 0 0 5.00 0.00 0.50
13.00 33 34 30 4 145.00 165.00 34 1 0 5.00 0.00 0.50
14.00 34 34 30 4 145.00 165.00 34 0 0 5.00 0.00 0.50
15.00 34 33 30 4 164.17 145.83 33 -1 0 5.00 0.00 0.50
14.00 34 33 30 4 147.50 162.50 33 -1 0 5.00 0.00 0.50
14.00 34 33 30 4 147.50 162.50 33 -1 0 5.00 0.00 0.50
15.00 34 33 30 4 147.50 162.50 33 -1 0 5.00 0.00 0.50
14.00 33 33 30 4 147.50 162.50 33 0 0 5.00 0.00 0.50
13.00 33 33 30 4 147.50 162.50 33 0 0 5.00 0.00 0.50
15.00 34 33 30 4 147.50 162.50 33 -1 0 5.00 0.00 0.50
14.00 33 33 30 4 147.50 162.50 33 0 0 5.00 0.00 0.50
14.00 33 33 30 4 147.50 162.50 33 0 0 5.00 0.00 0.50
14.00 34 33 30 4 147.50 162.50 33 -1 0 5.00 0.00 0.50
14.00 33 33 30 4 147.50 162.50 33 0 0 5.00 0.00 0.50
14.00 33 33 30 4 147.50 162.50 33 0 0 5.00 0.00 0.50
15.00 33 33 30 4 147.50 162.50 33 0 0 5.00 0.00 0.50
14.00 33 33 30 4 147.50 162.50 33 0 0 5.00 0.00 0.50
13.00 33 33 30 4 147.50 162.50 33 0 0 5.00 0.00 0.50
15.00 34 33 30 4 147.50 162.50 33 -1 0 5.00 0.00 0.50
14.00 33 33 30 4 147.50 162.50 33 0 0 5.00 0.00 0.50
14.00 33 32 30 4 167.86 142.14 32 -1 0 5.00 0.00 0.50
15.00 33 32 30 4 150.00 160.00 32 -1 0 5.00 0.00 0.50
14.00 34 32 30 4 150.00 160.00 32 -2 0 5.00 0.00 0.50
13.00 33 32 30 4 150.00 160.00 32 -1 0 5.00 0.00 0.50
15.00 33 32 30 4 150.00 160.00 32 -1 0 5.00 0.00 0.50
14.00 33 32 30 4 150.00 160.00 32 -1 0 5.00 0.00 0.50
14.00 33 32 30 4 150.00 160.00 32 -1 0 5.00 0.00 0.50
15.00 33 32 30 4 150.00 160.00 32 -1 0 5.00 0.00 0.50
14.00 33 32 30 4 150.00 160.00 32 -1 0 5.00 0.00 0.50
14.00 33 32 30 4 150.00 160.00 32 -1 0 5.00 0.00 0.50
15.00 33 32 30 4 150.00 160.00 32 -1 0 5.00 0.00 0.50
14.00 33 32 30 4 150.00 160.00 32 -1 0 5.00 0.00 0.50
14.00 33 31 30 4 170.36 139.64 31 -2 0 5.00 0.00 0.50
15.00 33 31 30 4 152.50 157.50 31 -2 0 5.00 0.00 0.50
14.00 32 31 30 4 152.50 157.50 31 -1 0 5.00 0.00 0.50
14.00 32 31 30 4 152.50 157.50 31 -1 0 5.00 0.00 0.50
15.00 32 31 30 4 152.50 157.50 31 -1 0 5.00 0.00 0.50
14.00 32 31 30 4 152.50 157.50 31 -1 0 5.00 0.00 0.50
14.00 31 31 30 4 152.50 157.50 31 0 0 5.00 0.00 0.50
15.00 31 30 30 4 171.67 138.33 30 -1 0 5.00 0.00 0.50
14.00 31 31 30 4 134.64 175.36 31 0 0 5.00 0.00 0.50
13.00 31 30 30 4 174.23 135.77 30 -1 0 5.00 0.00 0.50
15.00 32 31 30 4 135.83 174.17 31 -1 0 5.00 0.00 0.50
14.00 32 30 30 4 172.86 137.14 30 -2 0 5.00 0.00 0.50
14.00 31 30 30 4 155.00 155.00 30 -1 0 5.00 0.00 0.50
15.00 31 30 30 4 155.00 155.00 30 -1 0 5.00 0.00 0.50
14.00 31 30 30 4 155.00 155.00 30 -1 0 5.00 0.00 0.50
14.00 31 30 30 4 155.00 155.00 30 -1 0 5.00 0.00 0.50
15.00 31 30 30 4 155.00 155.00 30 -1 0 5.00 0.00 0.50
14.00 31 30 30 4 155.00 155.00 30 -1 0 5.00 0.00 0.50
14.00 31 30 30 4 155.00 155.00 30 -1 0 5.00 0.00 0.50
15.00 31 30 30 4 155.00 155.00 30 -1 0 5.00 0.00 0.50
14.00 31 30 30 4 155.00 155.00 30 -1 0 5.00 0.00 0.50
14.00 30 29 30 4 175.36 134.64 29 -1 0 5.00 0.00 0.50
15.00 31 30 30 4 138.33 171.67 30 -1 0 5.00 0.00 0.50
14.00 31 29 30 4 175.36 134.64 29 -2 0 5.00 0.00 0.50
14.00 30 29 30 4 157.50 152.50 29 -1 0 5.00 0.00 0.50
15.00 30 29 30 4 157.50 152.50 29 -1 0 5.00 0.00 0.50
14.00 30 29 30 4 157.50 152.50 29 -1 0 5.00 0.00 0.50
14.00 30 29 30 4 157.50 152.50 29 -1 0 5.00 0.00 0.50
15.00 30 29 30 4 157.50 152.50 29 -1 0 5.00 0.00 0.50
14.00 30 29 30 4 157.50 152.50 29 -1 0 5.00 0.00 0.50
14.00 30 29 30 4 157.50 152.50 29 -1 0 5.00 0.00 0.50
15.00 30 29 30 4 157.50 152.50 29 -1 0 5.00 0.00 0.50
14.00 30 29 30 4 157.50 152.50 29 -1 0 5.00 0.00 0.50
14.00 30 29 30 4 157.50 152.50 29 -1 0 5.00 0.00 0.50
14.00 29 29 30 4 157.50 152.50 29 0 0 5.00 0.00 0.50
14.00 30 28 30 4 177.86 132.14 28 -2 0 5.00 0.00 0.50
14.00 30 28 30 4 160.00 150.00 28 -2 0 5.00 0.00 0.50
15.00 30 28 30 4 160.00 150.00 28 -2 0 5.00 0.00 0.50
14.00 29 28 30 4 160.00 150.00 28 -1 0 5.00 0.00 0.50
14.00 30 28 30 4 160.00 150.00 28 -2 0 5.00 0.00 0.50
15.00 30 28 30 4 160.00 150.00 28 -2 0 5.00 0.00 0.50
14.00 30 28 30 4 160.00 150.00 28 -2 0 5.00 0.00 0.50
14.00 30 28 30 4 160.00 150.00 28 -2 0 5.00 0.00 0.50
15.00 30 28 30 4 160.00 150.00 28 -2 0 5.00 0.00 0.50
14.00 30 28 30 4 160.00 150.00 28 -2 0 5.00 0.00 0.50
14.00 30 28 30 4 160.00 150.00 28 -2 0 5.00 0.00 0.50
15.00 30 28 30 4 160.00 150.00 28 -2 0 5.00 0.00 0.50
14.00 30 28 30 4 160.00 150.00 28 -2 0 5.00 0.00 0.50
14.00 30 27 30 4 180.36 129.64 27 -3 0 5.00 0.00 0.50
15.00 29 27 30 4 162.50 147.50 27 -2 0 5.00 0.00 0.50
14.00 29 27 30 4 162.50 147.50 27 -2 0 5.00 0.00 0.50
14.00 30 27 30 4 162.50 147.50 27 -3 0 5.00 0.00 0.50
15.00 30 27 30 4 162.50 147.50 27 -3 0 5.00 0.00 0.50
14.00 29 27 30 4 162.50 147.50 27 -2 0 5.00 0.00 0.50
14.00 29 27 30 4 162.50 147.50 27 -2 0 5.00 0.00 0.50
14.00 29 27 30 4 162.50 147.50 27 -2 0 5.00 0.00 0.50
14.00 29 27 30 4 162.50 147.50 27 -2 0 5.00 0.00 0.50
14.00 29 27 30 4 162.50 147.50 27 -2 0 5.00 0.00 0.50
15.00 28 27 30 4 162.50 147.50 27 -1 0 5.00 0.00 0.50
14.00 28 27 30 4 162.50 147.50 27 -1 0 5.00 0.00 0.50
14.00 29 27 30 4 162.50 147.50 27 -2 0 5.00 0.00 0.50
15.00 29 27 30 4 162.50 147.50 27 -2 0 5.00 0.00 0.50
14.00 28 27 30 4 162.50 147.50 27 -1 0 5.00 0.00 0.50
14.00 28 27 30 4 162.50 147.50 27 -1 0 5.00 0.00 0.50
15.00 28 27 30 4 162.50 147.50 27 -1 0 5.00 0.00 0.50
14.00 28 27 30 4 162.50 147.50 27 -1 0 5.00 0.00 0.50
14.00 28 27 30 4 162.50 147.50 27 -1 0 5.00 0.00 0.50
15.00 28 26 30 4 181.67 128.33 26 -2 0 5.00 0.00 0.50
14.00 27 26 30 4 165.00 145.00 26 -1 0 5.00 0.00 0.50
14.00 28 26 30 4 165.00 145.00 26 -2 0 5.00 0.00 0.50
15.00 28 26 30 4 165.00 145.00 26 -2 0 5.00 0.00 0.50
14.00 27 27 30 4 144.64 165.36 27 0 0 5.00 0.00 0.50
14.00 27 26 30 4 182.86 127.14 26 -1 0 5.00 0.00 0.50
15.00 27 27 30 4 145.83 164.17 27 0 0 5.00 0.00 0.50
13.00 27 27 30 4 162.50 147.50 27 0 0 5.00 0.00 0.50
14.00 27 26 30 4 182.86 127.14 26 -1 0 5.00 0.00 0.50
15.00 27 26 30 4 165.00 145.00 26 -1 0 5.00 0.00 0.50
14.00 26 26 30 4 165.00 145.00 26 0 0 5.00 0.00 0.50
14.00 26 26 30 4 165.00 145.00 26 0 0 5.00 0.00 0.50
14.00 26 26 30 4 165.00 145.00 26 0 0 5.00 0.00 0.50
14.00 27 26 30 4 165.00 145.00 26 -1 0 5.00 0.00 0.50
14.00 26 26 30 4 165.00 145.00 26 0 0 5.00 0.00 0.50
15.00 26 26 30 4 165.00 145.00 26 0 0 5.00 0.00 0.50
13.00 26 26 30 4 165.00 145.00 26 0 0 5.00 0.00 0.50
14.00 26 26 30 4 165.00 145.00 26 0 0 5.00 0.00 0.50
15.00 25 26 30 4 165.00 145.00 26 1 0 5.00 0.00 0.50
14.00 26 26 30 4 165.00 145.00 26 0 0 5.00 0.00 0.50
13.00 26 26 30 4 165.00 145.00 26 0 0 5.00 0.00 0.50
15.00 26 26 30 4 165.00 145.00 26 0 0 5.00 0.00 0.50
14.00 26 26 30 4 165.00 145.00 26 0 0 5.00 0.00 0.50
13.00 25 26 30 4 165.00 145.00 26 1 0 5.00 0.00 0.50
15.00 26 26 30 4 165.00 145.00 26 0 0 5.00 0.00 0.50
14.00 25 26 30 4 165.00 145.00 26 1 0 5.00 0.00 0.50
14.00 25 25 30 4 185.36 124.64 25 0 0 5.00 0.00 0.50
14.00 25 26 30 4 147.14 162.86 26 1 0 5.00 0.00 0.50
14.00 25 26 30 4 165.00 145.00 26 1 0 5.00 0.00 0.50
14.00 25 26 30 4 165.00 145.00 26 1 0 5.00 0.00 0.50
14.00 25 26 30 4 165.00 145.00 26 1 0 5.00 0.00 0.50
14.00 25 26 30 4 165.00 145.00 26 1 0 5.00 0.00 0.50
14.00 25 26 30 4 165.00 145.00 26 1 0 5.00 0.00 0.50
15.00 25 26 30 4 165.00 145.00 26 1 0 5.00 0.00 0.50
13.00 25 26 30 4 165.00 145.00 26 1 0 5.00 0.00 0.50
14.00 25 26 30 4 165.00 145.00 26 1 0 5.00 0.00 0.50
15.00 25 25 30 4 184.17 125.83 25 0 0 5.00 0.00 0.50
13.00 25 26 30 4 145.77 164.23 26 1 0 5.00 0.00 0.50
14.00 25 25 30 4 185.36 124.64 25 0 0 5.00 0.00 0.50
15.00 25 25 30 4 167.50 142.50 25 0 0 5.00 0.00 0.50
14.00 25 25 30 4 167.50 142.50 25 0 0 5.00 0.00 0.50
13.00 25 25 30 4 167.50 142.50 25 0 0 5.00 0.00 0.50
15.00 25 25 30 4 167.50 142.50 25 0 0 5.00 0.00 0.50
14.00 25 25 30 4 167.50 142.50 25 0 0 5.00 0.00 0.50
13.00 25 25 30 4 167.50 142.50 25 0 0 5.00 0.00 0.50
15.00 25 25 30 4 167.50 142.50 25 0 0 5.00 0.00 0.50
14.00 25 25 30 4 167.50 142.50 25 0 0 5.00 0.00 0.50
14.00 25 25 30 4 167.50 142.50 25 0 0 5.00 0.00 0.50
14.00 25 25 30 4 167.50 142.50 25 0 0 5.00 0.00 0.50
14.00 25 25 30 4 167.50 142.50 25 0 0 5.00 0.00 0.50
14.00 25 25 30 4 167.50 142.50 25 0 0 5.00 0.00 0.50
14.00 25 26 30 4 147.14 162.86 26 1 0 5.00 0.00 0.50
14.00 25 25 30 4 185.36 124.64 25 0 0 5.00 0.00 0.50
14.00 25 25 30 4 167.50 142.50 25 0 0 5.00 0.00 0.50
14.00 25 25 30 4 167.50 142.50 25 0 0 5.00 0.00 0.50
14.00 25 26 30 4 147.14 162.86 26 1 0 5.00 0.00 0.50
14.00 25 25 30 4 185.36 124.64 25 0 0 5.00 0.00 0.50
15.00 25 25 30 4 167.50 142.50 25 0 0 5.00 0.00 0.50
13.00 24 25 30 4 167.50 142.50 25 1 0 5.00 0.00 0.50
14.00 26 25 30 4 167.50 142.50 25 -1 0 5.00 0.00 0.50
15.00 24 25 30 4 167.50 142.50 25 1 0 5.00 0.00 0.50
14.00 25 25 30 4 167.50 142.50 25 0 0 5.00 0.00 0.50
13.00 25 25 30 4 167.50 142.50 25 0 0 5.00 0.00 0.50
15.00 23 26 30 4 148.33 161.67 26 3 0 5.00 0.00 0.50
14.00 25 25 30 4 185.36 124.64 25 0 0 5.00 0.00 0.50
14.00 26 25 30 4 167.50 142.50 25 -1 0 5.00 0.00 0.50
15.00 26 25 30 4 167.50 142.50 25 -1 0 5.00 0.00 0.50
13.00 23 26 30 4 145.77 164.23 26 3 0 5.00 0.00 0.50
14.00 22 25 30 4 185.36 124.64 25 3 0 5.00 0.00 0.50
15.00 22 25 30 4 167.50 142.50 25 3 0 5.00 0.00 0.50
14.00 23 26 30 4 147.14 162.86 26 3 0 5.00 0.00 0.50
13.00 23 26 30 4 165.00 145.00 26 3 0 5.00 0.00 0.50
15.00 25 26 30 4 165.00 145.00 26 1 0 5.00 0.00 0.50
14.00 25 25 30 4 185.36 124.64 25 0 0 5.00 0.00 0.50
13.00 25 26 30 4 145.77 164.23 26 1 0 5.00 0.00 0.50
15.00 25 26 30 4 165.00 145.00 26 1 0 5.00 0.00 0.50
14.00 25 26 30 4 165.00 145.00 26 1 0 5.00 0.00 0.50
14.00 25 26 30 4 165.00 145.00 26 1 0 5.00 0.00 0.50
13.00 25 26 30 4 165.00 145.00 26 1 0 5.00 0.00 0.50
15.00 25 26 30 4 165.00 145.00 26 1 0 5.00 0.00 0.50
14.00 25 26 30 4 165.00 145.00 26 1 0 5.00 0.00 0.50
13.00 25 26 30 4 165.00 145.00 26 1 0 5.00 0.00 0.50
15.00 25 26 30 4 165.00 145.00 26 1 0 5.00 0.00 0.50
14.00 25 26 30 4 165.00 145.00 26 1 0 5.00 0.00 0.50
14.00 25 27 30 4 144.64 165.36 27 2 0 5.00 0.00 0.50
14.00 25 27 30 4 162.50 147.50 27 2 0 5.00 0.00 0.50
14.00 25 27 30 4 162.50 147.50 27 2 0 5.00 0.00 0.50
14.00 25 27 30 4 162.50 147.50 27 2 0 5.00 0.00 0.50
14.00 25 27 30 4 162.50 147.50 27 2 0 5.00 0.00 0.50
14.00 25 27 30 4 162.50 147.50 27 2 0 5.00 0.00 0.50
14.00 25 27 30 4 162.50 147.50 27 2 0 5.00 0.00 0.50
15.00 26 26 30 4 181.67 128.33 26 0 0 5.00 0.00 0.50
13.00 25 27 30 4 143.27 166.73 27 2 0 5.00 0.00 0.50
14.00 25 27 30 4 162.50 147.50 27 2 0 5.00 0.00 0.50
15.00 24 27 30 4 162.50 147.50 27 3 0 5.00 0.00 0.50
13.00 25 27 30 4 162.50 147.50 27 2 0 5.00 0.00 0.50
14.00 25 27 30 4 162.50 147.50 27 2 0 5.00 0.00 0.50
15.00 25 27 30 4 162.50 147.50 27 2 0 5.00 0.00 0.50
14.00 25 27 30 4 162.50 147.50 27 2 0 5.00 0.00 0.50
13.00 25 27 30 4 162.50 147.50 27 2 0 5.00 0.00 0.50
15.00 25 27 30 4 162.50 147.50 27 2 0 5.00 0.00 0.50
14.00 21 27 30 4 162.50 147.50 27 6 0 5.00 0.00 0.50
13.00 21 28 30 4 140.77 169.23 28 7 0 5.00 0.00 0.50
15.00 21 28 30 4 160.00 150.00 28 7 0 5.00 0.00 0.50
14.00 21 28 30 4 160.00 150.00 28 7 0 5.00 0.00 0.50
14.00 21 28 30 4 160.00 150.00 28 7 0 5.00 0.00 0.50
14.00 20 28 30 4 160.00 150.00 28 8 0 5.00 0.00 0.50
14.00 21 28 30 4 160.00 150.00 28 7 0 5.00 0.00 0.50
14.00 25 28 30 4 160.00 150.00 28 3 0 5.00 0.00 0.50
14.00 26 28 30 4 160.00 150.00 28 2 0 5.00 0.00 0.50
14.00 26 28 30 4 160.00 150.00 28 2 0 5.00 0.00 0.50
14.00 27 28 30 4 160.00 150.00 28 1 0 5.00 0.00 0.50
14.00 26 28 30 4 160.00 150.00 28 2 0 5.00 0.00 0.50
14.00 26 28 30 4 160.00 150.00 28 2 0 5.00 0.00 0.50
14.00 26 28 30 4 160.00 150.00 28 2 0 5.00 0.00 0.50
15.00 26 28 30 4 160.00 150.00 28 2 0 5.00 0.00 0.50
13.00 26 28 30 4 160.00 150.00 28 2 0 5.00 0.00 0.50
14.00 26 29 30 4 139.64 170.36 29 3 0 5.00 0.00 0.50
15.00 26 28 30 4 176.67 133.33 28 2 0 5.00 0.00 0.50
13.00 26 29 30 4 138.27 171.73 29 3 0 5.00 0.00 0.50
14.00 27 29 30 4 157.50 152.50 29 2 0 5.00 0.00 0.50
15.00 27 29 30 4 157.50 152.50 29 2 0 5.00 0.00 0.50
14.00 27 29 30 4 157.50 152.50 29 2 0 5.00 0.00 0.50
13.00 27 29 30 4 157.50 152.50 29 2 0 5.00 0.00 0.50
15.00 27 29 30 4 157.50 152.50 29 2 0 5.00 0.00 0.50
14.00 27 28 30 4 177.86 132.14 28 1 0 5.00 0.00 0.50
13.00 27 29 30 4 138.27 171.73 29 2 0 5.00 0.00 0.50
15.00 27 29 30 4 157.50 152.50 29 2 0 5.00 0.00 0.50
14.00 27 29 30 4 157.50 152.50 29 2 0 5.00 0.00 0.50
14.00 27 29 30 4 157.50 152.50 29 2 0 5.00 0.00 0.50
14.00 27 29 30 4 157.50 152.50 29 2 0 5.00 0.00 0.50
14.00 27 29 30 4 157.50 152.50 29 2 0 5.00 0.00 0.50
14.00 27 29 30 4 157.50 152.50 29 2 0 5.00 0.00 0.50
14.00 27 29 30 4 157.50 152.50 29 2 0 5.00 0.00 0.50
14.00 27 29 30 4 157.50 152.50 29 2 0 5.00 0.00 0.50
14.00 26 29 30 4 157.50 152.50 29 3 0 5.00 0.00 0.50
15.00 28 29 30 4 157.50 152.50 29 1 0 5.00 0.00 0.50
13.00 28 29 30 4 157.50 152.50 29 1 0 5.00 0.00 0.50
14.00 28 29 30 4 157.50 152.50 29 1 0 5.00 0.00 0.50
15.00 27 30 30 4 138.33 171.67 30 3 0 5.00 0.00 0.50
13.00 28 29 30 4 176.73 133.27 29 1 0 5.00 0.00 0.50
14.00 28 30 30 4 137.14 172.86 30 2 0 5.00 0.00 0.50
15.00 28 30 30 4 155.00 155.00 30 2 0 5.00 0.00 0.50
14.00 28 30 30 4 155.00 155.00 30 2 0 5.00 0.00 0.50
13.00 28 30 30 4 155.00 155.00 30 2 0 5.00 0.00 0.50
15.00 28 30 30 4 155.00 155.00 30 2 0 5.00 0.00 0.50
14.00 28 30 30 4 155.00 155.00 30 2 0 5.00 0.00 0.50
13.00 28 30 30 4 155.00 155.00 30 2 0 5.00 0.00 0.50
15.00 28 30 30 4 155.00 155.00 30 2 0 5.00 0.00 0.50
14.00 28 30 30 4 155.00 155.00 30 2 0 5.00 0.00 0.50
13.00 28 30 30 4 155.00 155.00 30 2 0 5.00 0.00 0.50
15.00 28 30 30 4 155.00 155.00 30 2 0 5.00 0.00 0.50
14.00 28 30 30 4 155.00 155.00 30 2 0 5.00 0.00 0.50
14.00 28 31 30 4 134.64 175.36 31 3 0 5.00 0.00 0.50
13.00 28 31 30 4 152.50 157.50 31 3 0 5.00 0.00 0.50
15.00 28 31 30 4 152.50 157.50 31 3 0 5.00 0.00 0.50
14.00 29 31 30 4 152.50 157.50 31 2 0 5.00 0.00 0.50
13.00 28 31 30 4 152.50 157.50 31 3 0 5.00 0.00 0.50
15.00 28 31 30 4 152.50 157.50 31 3 0 5.00 0.00 0.50
14.00 29 31 30 4 152.50 157.50 31 2 0 5.00 0.00 0.50
14.00 29 32 30 4 132.14 177.86 32 3 0 5.00 0.00 0.50
14.00 29 32 30 4 150.00 160.00 32 3 0 5.00 0.00 0.50
14.00 29 31 30 4 170.36 139.64 31 2 0 5.00 0.00 0.50
14.00 29 31 30 4 152.50 157.50 31 2 0 5.00 0.00 0.50
14.00 29 31 30 4 152.50 157.50 31 2 0 5.00 0.00 0.50
14.00 29 31 30 4 152.50 157.50 31 2 0 5.00 0.00 0.50
14.00 29 31 30 4 152.50 157.50 31 2 0 5.00 0.00 0.50
15.00 29 32 30 4 133.33 176.67 32 3 0 5.00 0.00 0.50
13.00 29 32 30 4 150.00 160.00 32 3 0 5.00 0.00 0.50
14.00 30 32 30 4 150.00 160.00 32 2 0 5.00 0.00 0.50
15.00 30 32 30 4 150.00 160.00 32 2 0 5.00 0.00 0.50
13.00 30 32 30 4 150.00 160.00 32 2 0 5.00 0.00 0.50
14.00 29 32 30 4 150.00 160.00 32 3 0 5.00 0.00 0.50
15.00 30 32 30 4 150.00 160.00 32 2 0 5.00 0.00 0.50
14.00 30 32 30 4 150.00 160.00 32 2 0 5.00 0.00 0.50
13.00 29 32 30 4 150.00 160.00 32 3 0 5.00 0.00 0.50
15.00 30 32 30 4 150.00 160.00 32 2 0 5.00 0.00 0.50
14.00 30 32 30 4 150.00 160.00 32 2 0 5.00 0.00 0.50
13.00 30 32 30 4 150.00 160.00 32 2 0 5.00 0.00 0.50
15.00 30 32 30 4 150.00 160.00 32 2 0 5.00 0.00 0.50
14.00 30 32 30 4 150.00 160.00 32 2 0 5.00 0.00 0.50
14.00 30 32 30 4 150.00 160.00 32 2 0 5.00 0.00 0.50
14.00 30 32 30 0 0.00 0.00 31 2 0 5.00 0.00 0.50
13.00 30 32 30 0 0.00 0.00 31 2 0 5.00 0.00 0.50
13.00 31 32 30 0 0.00 0.00 31 2 0 5.00 0.00 0.50
13.00 30 32 30 0 0.00 0.00 31 2 0 5.00 0.00 0.50
13.00 31 32 30 0 0.00 0.00 31 2 0 5.00 0.00 0.50
13.00 30 32 30 0 0.00 0.00 31 2 0 5.00 0.00 0.50
13.00 31 32 30 0 0.00 0.00 31 2 0 5.00 0.00 0.50
13.00 31 32 30 0 0.00 0.00 31 2 0 5.00 0.00 0.50
13.00 30 32 30 0 0.00 0.00 31 2 0 5.00 0.00 0.50
13.00 31 32 30 0 0.00 0.00 31 2 0 5.00 0.00 0.50
13.00 31 32 30 0 0.00 0.00 31 2 0 5.00 0.00 0.50
13.00 30 32 30 0 0.00 0.00 31 2 0 5.00 0.00 0.50
13.00 30 32 30 0 0.00 0.00 31 2 0 5.00 0.00 0.50
13.00 30 32 30 0 0.00 0.00 31 2 0 5.00 0.00 0.50
13.00 30 33 30 0 0.00 0.00 31 2 0 5.00 0.00 0.50
13.00 31 32 30 0 0.00 0.00 31 2 0 5.00 0.00 0.50
13.00 31 32 30 0 0.00 0.00 31 2 0 5.00 0.00 0.50
13.00 31 32 30 0 0.00 0.00 31 2 0 5.00 0.00 0.50
13.00 31 32 30 0 0.00 0.00 31 2 0 5.00 0.00 0.50
12.00 30 32 30 0 0.00 0.00 31 2 0 5.00 0.00 0.50
14.00 29 32 30 0 0.00 0.00 30 2 0 5.00 0.00 0.50
13.00 29 32 30 0 0.00 0.00 30 2 0 5.00 0.00 0.50
13.00 29 32 30 0 0.00 0.00 30 2 0 5.00 0.00 0.50
13.00 32 33 30 0 0.00 0.00 32 2 0 5.00 0.00 0.50
13.00 31 33 30 0 0.00 0.00 32 2 0 5.00 0.00 0.50
13.00 31 33 30 0 0.00 0.00 32 2 0 5.00 0.00 0.50
13.00 31 33 30 0 0.00 0.00 32 2 0 5.00 0.00 0.50
13.00 31 33 30 0 0.00 0.00 32 2 0 5.00 0.00 0.50
13.00 31 33 30 0 0.00 0.00 32 2 0 5.00 0.00 0.50
13.00 31 33 30 0 0.00 0.00 32 2 0 5.00 0.00 0.50
13.00 31 33 30 0 0.00 0.00 32 2 0 5.00 0.00 0.50
13.00 31 33 30 0 0.00 0.00 32 2 0 5.00 0.00 0.50
12.00 31 33 30 0 0.00 0.00 32 2 0 5.00 0.00 0.50
14.00 31 33 30 0 0.00 0.00 32 2 0 5.00 0.00 0.50
13.00 31 33 30 0 0.00 0.00 32 2 0 5.00 0.00 0.50
13.00 31 33 30 0 0.00 0.00 32 2 0 5.00 0.00 0.50
13.00 31 33 30 0 0.00 0.00 32 2 0 5.00 0.00 0.50
13.00 31 33 30 0 0.00 0.00 32 2 0 5.00 0.00 0.50
13.00 31 33 30 0 0.00 0.00 32 2 0 5.00 0.00 0.50
13.00 31 33 30 0 0.00 0.00 32 2 0 5.00 0.00 0.50
13.00 31 33 30 0 0.00 0.00 32 2 0 5.00 0.00 0.50
13.00 31 33 30 0 0.00 0.00 32 2 0 5.00 0.00 0.50
13.00 31 33 30 0 0.00 0.00 32 2 0 5.00 0.00 0.50
13.00 31 33 30 0 0.00 0.00 32 2 0 5.00 0.00 0.50
13.00 31 33 30 0 0.00 0.00 32 2 0 5.00 0.00 0.50
13.00 31 33 30 0 0.00 0.00 32 2 0 5.00 0.00 0.50
13.00 31 33 30 0 0.00 0.00 32 2 0 5.00 0.00 0.50
13.00 31 33 30 0 0.00 0.00 32 2 0 5.00 0.00 0.50
13.00 31 33 30 0 0.00 0.00 32 2 0 5.00 0.00 0.50
13.00 31 33 30 0 0.00 0.00 32 2 0 5.00 0.00 0.50
13.00 31 33 30 0 0.00 0.00 32 2 0 5.00 0.00 0.50
13.00 31 33 30 0 0.00 0.00 32 2 0 5.00 0.00 0.50
13.00 31 33 30 0 0.00 0.00 32 2 0 5.00 0.00 0.50
13.00 31 33 30 0 0.00 0.00 32 2 0 5.00 0.00 0.50
13.00 31 33 30 0 0.00 0.00 32 2 0 5.00 0.00 0.50
12.00 31 33 30 0 0.00 0.00 32 2 0 5.00 0.00 0.50
14.00 31 33 30 0 0.00 0.00 32 2 0 5.00 0.00 0.50
13.00 31 33 30 0 0.00 0.00 32 2 0 5.00 0.00 0.50
13.00 31 33 30 0 0.00 0.00 32 2 0 5.00 0.00 0.50
13.00 31 33 30 0 0.00 0.00 32 2 0 5.00 0.00 0.50
13.00 31 33 30 0 0.00 0.00 32 2 0 5.00 0.00 0.50
13.00 31 33 30 0 0.00 0.00 32 2 0 5.00 0.00 0.50
13.00 31 33 30 0 0.00 0.00 32 2 0 5.00 0.00 0.50
13.00 31 33 30 0 0.00 0.00 32 2 0 5.00 0.00 0.50
13.00 31 33 30 0 0.00 0.00 32 2 0 5.00 0.00 0.50
13.00 31 33 30 0 0.00 0.00 32 2 0 5.00 0.00 0.50
13.00 31 33 30 0 0.00 0.00 32 2 0 5.00 0.00 0.50
13.00 31 33 30 0 0.00 0.00 32 2 0 5.00 0.00 0.50
13.00 31 33 30 0 0.00 0.00 32 2 0 5.00 0.00 0.50
13.00 31 33 30 0 0.00 0.00 32 2 0 5.00 0.00 0.50
13.00 31 33 30 0 0.00 0.00 32 2 0 5.00 0.00 0.50
13.00 31 33 30 0 0.00 0.00 32 2 0 5.00 0.00 0.50
13.00 31 33 30 0 0.00 0.00 32 2 0 5.00 0.00 0.50
13.00 31 33 30 0 0.00 0.00 32 2 0 5.00 0.00 0.50
13.00 31 33 30 0 0.00 0.00 32 2 0 5.00 0.00 0.50
13.00 31 33 30 0 0.00 0.00 32 2 0 5.00 0.00 0.50
13.00 31 33 30 0 0.00 0.00 32 2 0 5.00 0.00 0.50
13.00 31 33 30 0 0.00 0.00 32 2 0 5.00 0.00 0.50
12.00 31 33 30 0 0.00 0.00 32 2 0 5.00 0.00 0.50
14.00 31 33 30 0 0.00 0.00 32 2 0 5.00 0.00 0.50
13.00 31 33 30 0 0.00 0.00 32 2 0 5.00 0.00 0.50
13.00 31 33 30 0 0.00 0.00 32 2 0 5.00 0.00 0.50
13.00 31 33 30 0 0.00 0.00 32 2 0 5.00 0.00 0.50
13.00 31 33 30 0 0.00 0.00 32 2 0 5.00 0.00 0.50
13.00 31 33 30 0 0.00 0.00 32 2 0 5.00 0.00 0.50
13.00 31 33 30 0 0.00 0.00 32 2 0 5.00 0.00 0.50
13.00 31 33 30 0 0.00 0.00 32 2 0 5.00 0.00 0.50
13.00 31 33 30 0 0.00 0.00 32 2 0 5.00 0.00 0.50
13.00 31 33 30 0 0.00 0.00 32 2 0 5.00 0.00 0.50
13.00 31 33 30 0 0.00 0.00 32 2 0 5.00 0.00 0.50
13.00 31 33 30 0 0.00 0.00 32 2 0 5.00 0.00 0.50
13.00 31 33 30 0 0.00 0.00 32 2 0 5.00 0.00 0.50
13.00 31 33 30 0 0.00 0.00 32 2 0 5.00 0.00 0.50
13.00 31 33 30 0 0.00 0.00 32 2 0 5.00 0.00 0.50
13.00 31 33 30 0 0.00 0.00 32 2 0 5.00 0.00 0.50
13.00 31 33 30 0 0.00 0.00 32 2 0 5.00 0.00 0.50
13.00 31 33 30 0 0.00 0.00 32 2 0 5.00 0.00 0.50
13.00 31 33 30 0 0.00 0.00 32 2 0 5.00 0.00 0.50
13.00 31 33 30 0 0.00 0.00 32 2 0 5.00 0.00 0.50
13.00 31 33 30 0 0.00 0.00 32 2 0 5.00 0.00 0.50
13.00 31 33 30 0 0.00 0.00 32 2 0 5.00 0.00 0.50
12.00 31 33 30 0 0.00 0.00 32 2 0 5.00 0.00 0.50
14.00 31 33 30 0 0.00 0.00 32 2 0 5.00 0.00 0.50
13.00 31 33 30 0 0.00 0.00 32 2 0 5.00 0.00 0.50
13.00 31 33 30 0 0.00 0.00 32 2 0 5.00 0.00 0.50
13.00 31 33 30 0 0.00 0.00 32 2 0 5.00 0.00 0.50
13.00 31 33 30 0 0.00 0.00 32 2 0 5.00 0.00 0.50
13.00 31 33 30 0 0.00 0.00 32 2 0 5.00 0.00 0.50
13.00 31 33 30 0 0.00 0.00 32 2 0 5.00 0.00 0.50
13.00 31 33 30 0 0.00 0.00 32 2 0 5.00 0.00 0.50
13.00 31 33 30 0 0.00 0.00 32 2 0 5.00 0.00 0.50
13.00 31 33 30 0 0.00 0.00 32 2 0 5.00 0.00 0.50
13.00 31 33 30 0 0.00 0.00 32 2 0 5.00 0.00 0.50
13.00 31 33 30 0 0.00 0.00 32 2 0 5.00 0.00 0.50
13.00 31 33 30 0 0.00 0.00 32 2 0 5.00 0.00 0.50
13.00 31 33 30 0 0.00 0.00 32 2 0 5.00 0.00 0.50
13.00 31 33 30 0 0.00 0.00 32 2 0 5.00 0.00 0.50
13.00 31 33 30 0 0.00 0.00 32 2 0 5.00 0.00 0.50
13.00 31 33 30 0 0.00 0.00 32 2 0 5.00 0.00 0.50
13.00 31 33 30 0 0.00 0.00 32 2 0 5.00 0.00 0.50
13.00 31 33 30 0 0.00 0.00 32 2 0 5.00 0.00 0.50
13.00 31 33 30 0 0.00 0.00 32 2 0 5.00 0.00 0.50
13.00 31 33 30 0 0.00 0.00 32 2 0 5.00 0.00 0.50
13.00 31 33 30 0 0.00 0.00 32 2 0 5.00 0.00 0.50
12.00 31 33 30 0 0.00 0.00 32 2 0 5.00 0.00 0.50
14.00 31 33 30 0 0.00 0.00 32 2 0 5.00 0.00 0.50
13.00 31 33 30 0 0.00 0.00 32 2 0 5.00 0.00 0.50
13.00 31 33 30 0 0.00 0.00 32 2 0 5.00 0.00 0.50
13.00 31 33 30 0 0.00 0.00 32 2 0 5.00 0.00 0.50
13.00 31 33 30 0 0.00 0.00 32 2 0 5.00 0.00 0.50
13.00 31 33 30 0 0.00 0.00 32 2 0 5.00 0.00 0.50
13.00 31 33 30 0 0.00 0.00 32 2 0 5.00 0.00 0.50
13.00 31 33 30 0 0.00 0.00 32 2 0 5.00 0.00 0.50
13.00 31 33 30 0 0.00 0.00 32 2 0 5.00 0.00 0.50
13.00 31 33 30 0 0.00 0.00 32 2 0 5.00 0.00 0.50
13.00 31 33 30 0 0.00 0.00 32 2 0 5.00 0.00 0.50
13.00 31 33 30 0 0.00 0.00 32 2 0 5.00 0.00 0.50
13.00 31 33 30 0 0.00 0.00 32 2 0 5.00 0.00 0.50
13.00 31 33 30 0 0.00 0.00 32 2 0 5.00 0.00 0.50
13.00 31 33 30 0 0.00 0.00 32 2 0 5.00 0.00 0.50
13.00 31 33 30 0 0.00 0.00 32 2 0 5.00 0.00 0.50
13.00 31 33 30 0 0.00 0.00 32 2 0 5.00 0.00 0.50
13.00 31 33 30 0 0.00 0.00 32 2 0 5.00 0.00 0.50
13.00 31 33 30 0 0.00 0.00 32 2 0 5.00 0.00 0.50
13.00 31 33 30 0 0.00 0.00 32 2 0 5.00 0.00 0.50
13.00 31 33 30 0 0.00 0.00 32 2 0 5.00 0.00 0.50
13.00 31 33 30 0 0.00 0.00 32 2 0 5.00 0.00 0.50
12.00 31 33 30 0 0.00 0.00 32 2 0 5.00 0.00 0.50
14.00 31 33 30 0 0.00 0.00 32 2 0 5.00 0.00 0.50
13.00 31 33 30 0 0.00 0.00 32 2 0 5.00 0.00 0.50
13.00 31 33 30 0 0.00 0.00 32 2 0 5.00 0.00 0.50
13.00 31 33 30 0 0.00 0.00 32 2 0 5.00 0.00 0.50
13.00 31 33 30 0 0.00 0.00 32 2 0 5.00 0.00 0.50
13.00 31 33 30 0 0.00 0.00 32 2 0 5.00 0.00 0.50
13.00 31 33 30 0 0.00 0.00 32 2 0 5.00 0.00 0.50
13.00 31 33 30 0 0.00 0.00 32 2 0 5.00 0.00 0.50
13.00 31 33 30 0 0.00 0.00 32 2 0 5.00 0.00 0.50
13.00 31 33 30 0 0.00 0.00 32 2 0 5.00 0.00 0.50
13.00 31 33 30 0 0.00 0.00 32 2 0 5.00 0.00 0.50
13.00 31 33 30 0 0.00 0.00 32 2 0 5.00 0.00 0.50
12.00 31 33 30 0 0.00 0.00 32 2 0 5.00 0.00 0.50
14.00 31 33 30 0 0.00 0.00 32 2 0 5.00 0.00 0.50
13.00 31 33 30 0 0.00 0.00 32 2 0 5.00 0.00 0.50
13.00 31 33 30 0 0.00 0.00 32 2 0 5.00 0.00 0.50
13.00 31 33 30 0 0.00 0.00 32 2 0 5.00 0.00 0.50
13.00 31 33 30 0 0.00 0.00 32 2 0 5.00 0.00 0.50
13.00 31 33 30 0 0.00 0.00 32 2 0 5.00 0.00 0.50
13.00 31 33 30 0 0.00 0.00 32 2 0 5.00 0.00 0.50
13.00 31 33 30 0 0.00 0.00 32 2 0 5.00 0.00 0.50
13.00 31 33 30 0 0.00 0.00 32 2 0 5.00 0.00 0.50
13.00 31 33 30 0 0.00 0.00 32 2 0 5.00 0.00 0.50
13.00 31 33 30 0 0.00 0.00 32 2 0 5.00 0.00 0.50
13.00 31 33 30 0 0.00 0.00 32 2 0 5.00 0.00 0.50
13.00 31 33 30 0 0.00 0.00 32 2 0 5.00 0.00 0.50
13.00 31 33 30 0 0.00 0.00 32 2 0 5.00 0.00 0.50
13.00 31 33 30 0 0.00 0.00 32 2 0 5.00 0.00 0.50
13.00 31 33 30 0 0.00 0.00 32 2 0 5.00 0.00 0.50
13.00 31 33 30 0 0.00 0.00 32 2 0 5.00 0.00 0.50
13.00 31 33 30 0 0.00 0.00 32 2 0 5.00 0.00 0.50
13.00 31 33 30 0 0.00 0.00 32 2 0 5.00 0.00 0.50
13.00 31 33 30 0 0.00 0.00 32 2 0 5.00 0.00 0.50
13.00 31 33 30 0 0.00 0.00 32 2 0 5.00 0.00 0.50
13.00 31 33 30 0 0.00 0.00 32 2 0 5.00 0.00 0.50
12.00 31 32 30 0 0.00 0.00 31 2 0 5.00 0.00 0.50
14.00 31 33 30 0 0.00 0.00 32 2 0 5.00 0.00 0.50