=~=~=~=~=~=~=~=~=~=~=~= PuTTY log 2019.12.02 13:17:13 =~=~=~=~=~=~=~=~=~=~=~=
 0 0.00 150 0 30 0 0.00 0.00 75 0 0 0
84.00 151 146 30 0 0.00 0.00 148 0 0 0
20.00 151 145 30 0 0.00 0.00 148 0 0 0
20.00 150 146 30 0 0.00 0.00 148 0 0 0
21.00 151 145 30 0 0.00 0.00 148 0 0 0
20.00 150 146 30 0 0.00 0.00 148 0 0 0
21.00 150 146 30 0 0.00 0.00 148 0 0 0
20.00 151 146 30 0 0.00 0.00 148 0 0 0
22.00 151 146 30 0 0.00 0.00 148 0 0 0
20.00 149 145 30 0 0.00 0.00 147 0 0 0
21.00 149 146 30 0 0.00 0.00 147 0 0 0
20.00 150 145 30 0 0.00 0.00 147 0 0 0
21.00 150 146 30 0 0.00 0.00 148 0 0 0
20.00 149 146 30 0 0.00 0.00 147 0 0 0
21.00 149 146 30 0 0.00 0.00 147 0 0 0
20.00 150 146 30 0 0.00 0.00 148 0 0 0
21.00 149 145 30 0 0.00 0.00 147 0 0 0
20.00 149 145 30 0 0.00 0.00 147 0 0 0
21.00 149 145 30 0 0.00 0.00 147 0 0 0
20.00 150 146 30 0 0.00 0.00 148 0 0 0
21.00 150 145 30 0 0.00 0.00 147 0 0 0
20.00 150 145 30 0 0.00 0.00 147 0 0 0
21.00 149 145 30 0 0.00 0.00 147 0 0 0
20.00 149 145 30 0 0.00 0.00 147 0 0 0
21.00 149 145 30 0 0.00 0.00 147 0 0 0
20.00 148 145 30 0 0.00 0.00 146 0 0 0
21.00 149 145 30 0 0.00 0.00 147 0 0 0
20.00 149 145 30 0 0.00 0.00 147 0 0 0
20.00 150 146 30 0 0.00 0.00 148 0 0 0
21.00 151 145 30 0 0.00 0.00 148 0 0 0
20.00 149 145 30 0 0.00 0.00 147 0 0 0
21.00 150 145 30 0 0.00 0.00 147 0 0 0
20.00 151 146 30 0 0.00 0.00 148 0 0 0
21.00 150 146 30 0 0.00 0.00 148 0 0 0
21.00 149 146 30 0 0.00 0.00 147 0 0 0
21.00 150 146 30 0 0.00 0.00 148 0 0 0
20.00 149 145 30 0 0.00 0.00 147 0 0 0
21.00 148 145 30 0 0.00 0.00 146 0 0 0
20.00 149 144 30 0 0.00 0.00 146 0 0 0
21.00 149 145 30 0 0.00 0.00 147 0 0 0
20.00 148 145 30 0 0.00 0.00 146 0 0 0
21.00 148 144 30 0 0.00 0.00 146 0 0 0
20.00 149 145 30 0 0.00 0.00 147 0 0 0
21.00 149 145 30 0 0.00 0.00 147 0 0 0
20.00 148 145 30 0 0.00 0.00 146 0 0 0
20.00 149 145 30 0 0.00 0.00 147 0 0 0
20.00 148 145 30 0 0.00 0.00 146 0 0 0
21.00 149 144 30 0 0.00 0.00 146 0 0 0
20.00 149 144 30 0 0.00 0.00 146 0 0 0
21.00 149 145 30 0 0.00 0.00 147 0 0 0
20.00 149 144 30 0 0.00 0.00 146 0 0 0
21.00 149 144 30 0 0.00 0.00 146 0 0 0
20.00 149 145 30 0 0.00 0.00 147 0 0 0
20.00 149 145 30 0 0.00 0.00 147 0 0 0
21.00 149 145 30 0 0.00 0.00 147 0 0 0
20.00 150 145 30 0 0.00 0.00 147 0 0 0
21.00 150 145 30 0 0.00 0.00 147 0 0 0
20.00 149 145 30 0 0.00 0.00 147 0 0 0
21.00 149 145 30 0 0.00 0.00 147 0 0 0
20.00 150 145 30 0 0.00 0.00 147 0 0 0
21.00 149 145 30 0 0.00 0.00 147 0 0 0
20.00 149 145 30 0 0.00 0.00 147 0 0 0
21.00 149 146 30 0 0.00 0.00 147 0 0 0
20.00 149 145 30 0 0.00 0.00 147 0 0 0
21.00 149 146 30 0 0.00 0.00 147 0 0 0
20.00 149 147 30 0 0.00 0.00 148 0 0 0
21.00 149 145 30 0 0.00 0.00 147 0 0 0
20.00 150 145 30 0 0.00 0.00 147 0 0 0
21.00 150 145 30 0 0.00 0.00 147 0 0 0
20.00 149 145 30 0 0.00 0.00 147 0 0 0
21.00 149 146 30 0 0.00 0.00 147 0 0 0
20.00 150 146 30 0 0.00 0.00 148 0 0 0
21.00 151 145 30 0 0.00 0.00 148 0 0 0
21.00 150 145 30 0 0.00 0.00 147 0 0 0
21.00 150 146 30 0 0.00 0.00 148 0 0 0
20.00 149 145 30 0 0.00 0.00 147 0 0 0
21.00 149 145 30 0 0.00 0.00 147 0 0 0
20.00 149 145 30 0 0.00 0.00 147 0 0 0
21.00 149 146 30 0 0.00 0.00 147 0 0 0
20.00 151 146 30 0 0.00 0.00 148 0 0 0
20.00 150 146 30 0 0.00 0.00 148 0 0 0
21.00 150 146 30 0 0.00 0.00 148 0 0 0
20.00 150 147 30 0 0.00 0.00 148 0 0 0
22.00 150 146 30 0 0.00 0.00 148 0 0 0
20.00 149 146 30 0 0.00 0.00 147 0 0 0
21.00 149 146 30 0 0.00 0.00 147 0 0 0
20.00 151 147 30 0 0.00 0.00 149 0 0 0
21.00 149 146 30 0 0.00 0.00 147 0 0 0
20.00 150 146 30 0 0.00 0.00 148 0 0 0
21.00 151 147 30 0 0.00 0.00 149 0 0 0
20.00 149 145 30 0 0.00 0.00 147 0 0 0
22.00 149 146 30 0 0.00 0.00 147 0 0 0
20.00 150 147 30 0 0.00 0.00 148 0 0 0
21.00 150 146 30 0 0.00 0.00 148 0 0 0
20.00 150 146 30 0 0.00 0.00 148 0 0 0
21.00 150 146 30 0 0.00 0.00 148 0 0 0
20.00 149 146 30 0 0.00 0.00 147 0 0 0
21.00 151 146 30 0 0.00 0.00 148 0 0 0
20.00 150 146 30 0 0.00 0.00 148 0 0 0
21.00 149 146 30 0 0.00 0.00 147 0 0 0
20.00 151 147 30 0 0.00 0.00 149 0 0 0
22.00 149 146 30 0 0.00 0.00 147 0 0 0
20.00 150 145 30 0 0.00 0.00 147 0 0 0
21.00 150 145 30 0 0.00 0.00 147 0 0 0
20.00 149 146 30 0 0.00 0.00 147 0 0 0
21.00 149 146 30 0 0.00 0.00 147 0 0 0
20.00 149 145 30 0 0.00 0.00 147 0 0 0
21.00 150 145 30 0 0.00 0.00 147 0 0 0
20.00 150 145 30 0 0.00 0.00 147 0 0 0
20.00 149 145 30 0 0.00 0.00 147 0 0 0
21.00 149 145 30 0 0.00 0.00 147 0 0 0
20.00 150 145 30 0 0.00 0.00 147 0 0 0
21.00 149 145 30 0 0.00 0.00 147 0 0 0
20.00 150 145 30 0 0.00 0.00 147 0 0 0
21.00 148 144 30 0 0.00 0.00 146 0 0 0
20.00 148 144 30 0 0.00 0.00 146 0 0 0
21.00 148 144 30 0 0.00 0.00 146 0 0 0
20.00 149 144 30 0 0.00 0.00 146 0 0 0
21.00 147 144 30 0 0.00 0.00 145 0 0 0
20.00 147 142 30 0 0.00 0.00 144 0 0 0
20.00 147 143 30 0 0.00 0.00 145 0 0 0
20.00 146 143 30 0 0.00 0.00 144 0 0 0
21.00 146 141 30 0 0.00 0.00 143 0 0 0
19.00 146 141 30 0 0.00 0.00 143 0 0 0
21.00 145 141 30 0 0.00 0.00 143 0 0 0
19.00 144 140 30 0 0.00 0.00 142 0 0 0
21.00 144 141 30 0 0.00 0.00 142 0 0 0
19.00 142 139 30 0 0.00 0.00 140 0 0 0
20.00 142 138 30 0 0.00 0.00 140 0 0 0
20.00 141 138 30 0 0.00 0.00 139 0 0 0
19.00 141 137 30 0 0.00 0.00 139 0 0 0
20.00 139 137 30 0 0.00 0.00 138 0 0 0
19.00 139 135 30 0 0.00 0.00 137 0 0 0
20.00 138 135 30 0 0.00 0.00 136 0 0 0
19.00 136 133 30 0 0.00 0.00 134 0 0 0
19.00 135 132 30 0 0.00 0.00 133 0 0 0
19.00 134 131 30 0 0.00 0.00 132 0 0 0
19.00 133 130 30 0 0.00 0.00 131 0 0 0
18.00 132 129 30 0 0.00 0.00 130 0 0 0
19.00 131 128 30 0 0.00 0.00 129 0 0 0
19.00 131 127 30 0 0.00 0.00 129 0 0 0
17.00 130 127 30 0 0.00 0.00 128 0 0 0
19.00 129 125 30 0 0.00 0.00 127 0 0 0
18.00 126 125 30 0 0.00 0.00 125 0 0 0
19.00 126 124 30 0 0.00 0.00 125 0 0 0
17.00 125 123 30 0 0.00 0.00 124 0 0 0
17.00 124 122 30 0 0.00 0.00 123 0 0 0
19.00 123 120 30 0 0.00 0.00 121 0 0 0
17.00 121 120 30 0 0.00 0.00 120 0 0 0
18.00 121 119 30 0 0.00 0.00 120 0 0 0
17.00 120 118 30 0 0.00 0.00 119 0 0 0
16.00 119 118 30 0 0.00 0.00 118 0 0 0
18.00 118 118 30 0 0.00 0.00 118 0 0 0
17.00 117 116 30 0 0.00 0.00 116 0 0 0
17.00 116 116 30 0 0.00 0.00 116 0 0 0
16.00 116 115 30 0 0.00 0.00 115 0 0 0
17.00 114 114 30 0 0.00 0.00 114 0 0 0
17.00 114 113 30 0 0.00 0.00 113 0 0 0
16.00 113 113 30 0 0.00 0.00 113 0 0 0
17.00 112 111 30 0 0.00 0.00 111 0 0 0
16.00 111 111 30 0 0.00 0.00 111 0 0 0
16.00 110 111 30 0 0.00 0.00 110 0 0 0
17.00 110 109 30 0 0.00 0.00 109 0 0 0
15.00 109 108 30 0 0.00 0.00 108 0 0 0
16.00 107 108 30 0 0.00 0.00 107 0 0 0
16.00 107 106 30 0 0.00 0.00 106 0 0 0
16.00 106 106 30 0 0.00 0.00 106 0 0 0
16.00 106 105 30 0 0.00 0.00 105 0 0 0
15.00 105 104 30 0 0.00 0.00 104 0 0 0
15.00 103 103 30 0 0.00 0.00 103 0 0 0
16.00 101 102 30 0 0.00 0.00 101 0 0 0
15.00 101 101 30 0 0.00 0.00 101 0 0 0
15.00 100 101 30 0 0.00 0.00 100 0 0 0
15.00 100 99 30 0 0.00 0.00 99 0 0 0
15.00 98 98 30 0 0.00 0.00 98 0 0 0
14.00 97 97 30 0 0.00 0.00 97 0 0 0
15.00 97 96 30 0 0.00 0.00 96 0 0 0
14.00 95 96 30 0 0.00 0.00 95 0 0 0
14.00 95 94 30 0 0.00 0.00 94 0 0 0
15.00 94 93 30 0 0.00 0.00 93 0 0 0
14.00 92 92 30 0 0.00 0.00 92 0 0 0
13.00 91 91 30 0 0.00 0.00 91 0 0 0
15.00 90 90 30 0 0.00 0.00 90 0 0 0
13.00 90 89 30 0 0.00 0.00 89 0 0 0
13.00 88 89 30 0 0.00 0.00 88 0 0 0
14.00 87 87 30 0 0.00 0.00 87 0 0 0
13.00 87 87 30 0 0.00 0.00 87 0 0 0
13.00 85 85 30 0 0.00 0.00 85 0 0 0
14.00 85 84 30 0 0.00 0.00 84 0 0 0
12.00 83 83 30 0 0.00 0.00 83 0 0 0
13.00 82 83 30 0 0.00 0.00 82 0 0 0
12.00 82 81 30 0 0.00 0.00 81 0 0 0
14.00 81 81 30 0 0.00 0.00 81 0 0 0
12.00 79 79 30 0 0.00 0.00 79 0 0 0
12.00 79 78 30 0 0.00 0.00 78 0 0 0
13.00 77 76 30 0 0.00 0.00 76 0 0 0
12.00 77 75 30 0 0.00 0.00 76 0 0 0
11.00 76 74 30 0 0.00 0.00 75 0 0 0
13.00 74 73 30 0 0.00 0.00 73 0 0 0
11.00 73 72 30 0 0.00 0.00 72 0 0 0
12.00 72 72 30 0 0.00 0.00 72 0 0 0
11.00 71 70 30 0 0.00 0.00 70 0 0 0
12.00 70 70 30 0 0.00 0.00 70 0 0 0
11.00 69 68 30 0 0.00 0.00 68 0 0 0
11.00 68 67 30 0 0.00 0.00 67 0 0 0
10.00 67 66 30 0 0.00 0.00 66 0 0 0
12.00 66 66 30 0 0.00 0.00 66 0 0 0
11.00 65 65 30 0 0.00 0.00 65 0 0 0
10.00 65 64 30 0 0.00 0.00 64 0 0 0
10.00 63 63 30 0 0.00 0.00 63 0 0 0
12.00 62 63 30 0 0.00 0.00 62 0 0 0
10.00 62 61 30 0 0.00 0.00 61 0 0 0
10.00 61 60 30 0 0.00 0.00 60 0 0 0
10.00 60 60 30 0 0.00 0.00 60 0 0 0
10.00 60 59 30 0 0.00 0.00 59 0 0 0
10.00 59 59 30 0 0.00 0.00 59 0 0 0
10.00 58 57 30 0 0.00 0.00 57 0 0 0
10.00 57 57 30 0 0.00 0.00 57 0 0 0
9.00 56 56 30 0 0.00 0.00 56 0 0 0
10.00 57 56 30 0 0.00 0.00 56 0 0 0
10.00 56 55 30 0 0.00 0.00 55 0 0 0
9.00 55 54 30 0 0.00 0.00 54 0 0 0
9.00 54 54 30 0 0.00 0.00 54 0 0 0
10.00 54 53 30 0 0.00 0.00 53 0 0 0
10.00 54 53 30 0 0.00 0.00 53 0 0 0
9.00 52 52 30 0 0.00 0.00 52 0 0 0
9.00 52 52 30 0 0.00 0.00 52 0 0 0
8.00 52 51 30 0 0.00 0.00 51 0 0 0
10.00 52 50 30 0 0.00 0.00 51 0 0 0
9.00 51 50 30 0 0.00 0.00 50 0 0 0
9.00 51 49 30 0 0.00 0.00 50 0 0 0
8.00 50 48 30 0 0.00 0.00 49 0 0 0
10.00 49 48 30 0 0.00 0.00 48 0 0 0
9.00 49 48 30 0 0.00 0.00 48 0 0 0
8.00 49 47 30 0 0.00 0.00 48 0 0 0
8.00 48 47 30 0 0.00 0.00 47 0 0 0
9.00 48 47 30 0 0.00 0.00 47 0 0 0
9.00 48 46 30 0 0.00 0.00 47 0 0 0
8.00 48 46 30 0 0.00 0.00 47 0 0 0
9.00 47 45 30 0 0.00 0.00 46 0 0 0
9.00 47 45 30 0 0.00 0.00 46 0 0 0
10.00 46 45 30 0 0.00 0.00 45 0 0 0
10.00 46 45 30 0 0.00 0.00 45 0 0 0
9.00 46 44 30 0 0.00 0.00 45 0 0 0
10.00 46 44 30 0 0.00 0.00 45 0 0 0
9.00 46 44 30 0 0.00 0.00 45 0 0 0
9.00 45 43 30 0 0.00 0.00 44 0 0 0
10.00 45 43 30 0 0.00 0.00 44 0 0 0
10.00 45 43 30 0 0.00 0.00 44 0 0 0
9.00 44 43 30 0 0.00 0.00 43 0 0 0
9.00 45 43 30 0 0.00 0.00 44 0 0 0
10.00 44 42 30 0 0.00 0.00 43 0 0 0
10.00 44 42 30 0 0.00 0.00 43 0 0 0
9.00 43 42 30 0 0.00 0.00 42 0 0 0
9.00 43 42 30 0 0.00 0.00 42 0 0 0
9.00 43 42 30 0 0.00 0.00 42 0 0 0
10.00 43 42 30 0 0.00 0.00 42 0 0 0
10.00 43 42 30 0 0.00 0.00 42 0 0 0
9.00 43 41 30 0 0.00 0.00 42 0 0 0
9.00 43 42 30 0 0.00 0.00 42 0 0 0
11.00 42 41 30 0 0.00 0.00 41 0 0 0
9.00 42 41 30 0 0.00 0.00 41 0 0 0
9.00 42 42 30 0 0.00 0.00 42 0 0 0
9.00 42 41 30 0 0.00 0.00 41 0 0 0
9.00 42 41 30 0 0.00 0.00 41 0 0 0
10.00 42 41 30 0 0.00 0.00 41 0 0 0
10.00 42 41 30 0 0.00 0.00 41 0 0 0
9.00 42 41 30 0 0.00 0.00 41 0 0 0
9.00 42 41 30 0 0.00 0.00 41 0 0 0
11.00 42 41 30 0 0.00 0.00 41 0 0 0
9.00 42 41 30 0 0.00 0.00 41 0 0 0
9.00 42 41 30 0 0.00 0.00 41 0 0 0
9.00 43 41 30 0 0.00 0.00 42 0 0 0
9.00 42 41 30 0 0.00 0.00 41 0 0 0
11.00 42 41 30 0 0.00 0.00 41 0 0 0
9.00 42 41 30 0 0.00 0.00 41 0 0 0
9.00 42 42 30 0 0.00 0.00 42 0 0 0
9.00 42 42 30 0 0.00 0.00 42 0 0 0
10.00 42 42 30 0 0.00 0.00 42 0 0 0
10.00 42 42 30 0 0.00 0.00 42 0 0 0
9.00 42 42 30 0 0.00 0.00 42 0 0 0
9.00 43 42 30 0 0.00 0.00 42 0 0 0
9.00 43 42 30 0 0.00 0.00 42 0 0 0
11.00 43 42 30 0 0.00 0.00 42 0 0 0
9.00 43 42 30 0 0.00 0.00 42 0 0 0
9.00 42 42 30 0 0.00 0.00 42 0 0 0
9.00 43 43 30 0 0.00 0.00 43 0 0 0
10.00 43 43 30 0 0.00 0.00 43 0 0 0
10.00 44 43 30 0 0.00 0.00 43 0 0 0
9.00 44 43 30 0 0.00 0.00 43 0 0 0
9.00 43 43 30 0 0.00 0.00 43 0 0 0
9.00 44 43 30 0 0.00 0.00 43 0 0 0
11.00 44 43 30 0 0.00 0.00 43 0 0 0
9.00 44 43 30 0 0.00 0.00 43 0 0 0
9.00 44 44 30 0 0.00 0.00 44 0 0 0
9.00 45 44 30 0 0.00 0.00 44 0 0 0
10.00 45 44 30 0 0.00 0.00 44 0 0 0
10.00 45 44 30 0 0.00 0.00 44 0 0 0
9.00 45 45 30 0 0.00 0.00 45 0 0 0
9.00 44 45 30 0 0.00 0.00 44 0 0 0
9.00 45 45 30 0 0.00 0.00 45 0 0 0
11.00 45 45 30 0 0.00 0.00 45 0 0 0
9.00 45 45 30 0 0.00 0.00 45 0 0 0
9.00 45 46 30 0 0.00 0.00 45 0 0 0
9.00 45 45 30 0 0.00 0.00 45 0 0 0
10.00 45 45 30 0 0.00 0.00 45 0 0 0
10.00 45 45 30 0 0.00 0.00 45 0 0 0
9.00 45 45 30 0 0.00 0.00 45 0 0 0
9.00 46 45 30 0 0.00 0.00 45 0 0 0
9.00 46 45 30 0 0.00 0.00 45 0 0 0
11.00 46 46 30 0 0.00 0.00 46 0 0 0
9.00 47 46 30 0 0.00 0.00 46 0 0 0
9.00 47 46 30 0 0.00 0.00 46 0 0 0
9.00 46 46 30 0 0.00 0.00 46 0 0 0
10.00 46 46 30 0 0.00 0.00 46 0 0 0
10.00 46 46 30 0 0.00 0.00 46 0 0 0
9.00 46 47 30 0 0.00 0.00 46 0 0 0
9.00 46 46 30 0 0.00 0.00 46 0 0 0
10.00 46 47 30 0 0.00 0.00 46 0 0 0
10.00 47 47 30 0 0.00 0.00 47 0 0 0
9.00 47 47 30 0 0.00 0.00 47 0 0 0
9.00 46 47 30 0 0.00 0.00 46 0 0 0
10.00 47 47 30 0 0.00 0.00 47 0 0 0
10.00 47 47 30 0 0.00 0.00 47 0 0 0
9.00 47 47 30 0 0.00 0.00 47 0 0 0
10.00 43 47 30 0 0.00 0.00 45 0 0 0
9.00 43 47 30 0 0.00 0.00 45 0 0 0
9.00 46 47 30 0 0.00 0.00 46 0 0 0
10.00 45 46 30 0 0.00 0.00 45 0 0 0
10.00 47 47 30 0 0.00 0.00 47 0 0 0
9.00 46 46 30 0 0.00 0.00 46 0 0 0
9.00 47 46 30 0 0.00 0.00 46 0 0 0
10.00 47 46 30 0 0.00 0.00 46 0 0 0
10.00 47 46 30 0 0.00 0.00 46 0 0 0
9.00 47 46 30 0 0.00 0.00 46 0 0 0
9.00 48 47 30 0 0.00 0.00 47 0 0 0
9.00 47 46 30 0 0.00 0.00 46 0 0 0
10.00 47 46 30 0 0.00 0.00 46 0 0 0
10.00 47 46 30 0 0.00 0.00 46 0 0 0
9.00 46 46 30 0 0.00 0.00 46 0 0 0
9.00 47 46 30 0 0.00 0.00 46 0 0 0
11.00 47 46 30 0 0.00 0.00 46 0 0 0
9.00 48 46 30 0 0.00 0.00 47 0 0 0
9.00 48 47 30 0 0.00 0.00 47 0 0 0
9.00 48 47 30 0 0.00 0.00 47 0 0 0
9.00 47 47 30 0 0.00 0.00 47 0 0 0
10.00 47 46 30 0 0.00 0.00 46 0 0 0
10.00 47 46 30 0 0.00 0.00 46 0 0 0
9.00 47 47 30 0 0.00 0.00 47 0 0 0
9.00 47 47 30 0 0.00 0.00 47 0 0 0
11.00 47 47 30 0 0.00 0.00 47 0 0 0
9.00 47 48 30 0 0.00 0.00 47 0 0 0
9.00 47 48 30 0 0.00 0.00 47 0 0 0
9.00 47 47 30 0 0.00 0.00 47 0 0 0
9.00 47 48 30 0 0.00 0.00 47 0 0 0
11.00 47 48 30 0 0.00 0.00 47 0 0 0
9.00 47 48 30 0 0.00 0.00 47 0 0 0
9.00 47 48 30 0 0.00 0.00 47 0 0 0
9.00 46 48 30 0 0.00 0.00 47 0 0 0
10.00 47 48 30 0 0.00 0.00 47 0 0 0
10.00 47 48 30 0 0.00 0.00 47 0 0 0
9.00 47 48 30 0 0.00 0.00 47 0 0 0
9.00 47 48 30 0 0.00 0.00 47 0 0 0
9.00 47 48 30 0 0.00 0.00 47 0 0 0
11.00 47 48 30 0 0.00 0.00 47 0 0 0
9.00 47 48 30 0 0.00 0.00 47 0 0 0
9.00 47 48 30 0 0.00 0.00 47 0 0 0
9.00 47 48 30 0 0.00 0.00 47 0 0 0
10.00 47 48 30 0 0.00 0.00 47 0 0 0
10.00 47 48 30 0 0.00 0.00 47 0 0 0
9.00 47 48 30 0 0.00 0.00 47 0 0 0
9.00 47 47 30 0 0.00 0.00 47 0 0 0
9.00 47 48 30 0 0.00 0.00 47 0 0 0
11.00 47 48 30 0 0.00 0.00 47 0 0 0
9.00 47 48 30 0 0.00 0.00 47 0 0 0
9.00 47 48 30 0 0.00 0.00 47 0 0 0
9.00 47 48 30 0 0.00 0.00 47 0 0 0
10.00 47 48 30 0 0.00 0.00 47 0 0 0
10.00 47 48 30 0 0.00 0.00 47 0 0 0
9.00 47 48 30 0 0.00 0.00 47 0 0 0
9.00 47 47 30 0 0.00 0.00 47 0 0 0
9.00 48 48 30 0 0.00 0.00 48 0 0 0
11.00 47 48 30 0 0.00 0.00 47 0 0 0
9.00 47 48 30 0 0.00 0.00 47 0 0 0
9.00 47 48 30 0 0.00 0.00 47 0 0 0
9.00 47 48 30 0 0.00 0.00 47 0 0 0
10.00 47 48 30 0 0.00 0.00 47 0 0 0
10.00 47 47 30 0 0.00 0.00 47 0 0 0
9.00 47 48 30 0 0.00 0.00 47 0 0 0
9.00 47 48 30 0 0.00 0.00 47 0 0 0
9.00 47 48 30 0 0.00 0.00 47 0 0 0
11.00 47 48 30 0 0.00 0.00 47 0 0 0
9.00 47 48 30 0 0.00 0.00 47 0 0 0
9.00 47 47 30 0 0.00 0.00 47 0 0 0
9.00 47 48 30 0 0.00 0.00 47 0 0 0
9.00 47 48 30 0 0.00 0.00 47 0 0 0
11.00 47 48 30 0 0.00 0.00 47 0 0 0
9.00 47 48 30 0 0.00 0.00 47 0 0 0
9.00 47 48 30 0 0.00 0.00 47 0 0 0
9.00 47 48 30 0 0.00 0.00 47 0 0 0
10.00 47 48 30 0 0.00 0.00 47 0 0 0
10.00 47 48 30 0 0.00 0.00 47 0 0 0
9.00 47 48 30 0 0.00 0.00 47 0 0 0
9.00 47 48 30 0 0.00 0.00 47 0 0 0
9.00 47 48 30 0 0.00 0.00 47 0 0 0
11.00 47 47 30 0 0.00 0.00 47 0 0 0
9.00 47 48 30 0 0.00 0.00 47 0 0 0
9.00 47 48 30 0 0.00 0.00 47 0 0 0
9.00 47 47 30 0 0.00 0.00 47 0 0 0
10.00 47 48 30 0 0.00 0.00 47 0 0 0
10.00 47 47 30 0 0.00 0.00 47 0 0 0
9.00 47 48 30 0 0.00 0.00 47 0 0 0
9.00 47 47 30 0 0.00 0.00 47 0 0 0
11.00 47 47 30 0 0.00 0.00 47 0 0 0
9.00 47 47 30 0 0.00 0.00 47 0 0 0
9.00 47 48 30 0 0.00 0.00 47 0 0 0
9.00 47 48 30 0 0.00 0.00 47 0 0 0
9.00 47 48 30 0 0.00 0.00 47 0 0 0
10.00 47 48 30 0 0.00 0.00 47 0 0 0
10.00 47 47 30 0 0.00 0.00 47 0 0 0
9.00 47 48 30 0 0.00 0.00 47 0 0 0
9.00 47 48 30 0 0.00 0.00 47 0 0 0
10.00 47 48 30 0 0.00 0.00 47 0 0 0
10.00 47 48 30 0 0.00 0.00 47 0 0 0
9.00 47 48 30 0 0.00 0.00 47 0 0 0
9.00 47 48 30 0 0.00 0.00 47 0 0 0
10.00 48 48 30 0 0.00 0.00 48 0 0 0
10.00 47 48 30 0 0.00 0.00 47 0 0 0
9.00 47 48 30 0 0.00 0.00 47 0 0 0
10.00 47 48 30 0 0.00 0.00 47 0 0 0
9.00 47 48 30 0 0.00 0.00 47 0 0 0
9.00 48 48 30 0 0.00 0.00 48 0 0 0
10.00 47 48 30 0 0.00 0.00 47 0 0 0
10.00 47 48 30 0 0.00 0.00 47 0 0 0
9.00 47 48 30 0 0.00 0.00 47 0 0 0
9.00 47 48 30 0 0.00 0.00 47 0 0 0
10.00 47 48 30 0 0.00 0.00 47 0 0 0
10.00 47 49 30 0 0.00 0.00 48 0 0 0
9.00 47 49 30 0 0.00 0.00 48 0 0 0
9.00 47 48 30 0 0.00 0.00 47 0 0 0
9.00 47 48 30 0 0.00 0.00 47 0 0 0
10.00 47 48 30 0 0.00 0.00 47 0 0 0
10.00 47 49 30 0 0.00 0.00 48 0 0 0
9.00 47 49 30 0 0.00 0.00 48 0 0 0
9.00 47 49 30 0 0.00 0.00 48 0 0 0
11.00 47 48 30 0 0.00 0.00 47 0 0 0
9.00 47 48 30 0 0.00 0.00 47 0 0 0
9.00 47 49 30 0 0.00 0.00 48 0 0 0
9.00 47 48 30 0 0.00 0.00 47 0 0 0
9.00 47 48 30 0 0.00 0.00 47 0 0 0
11.00 47 48 30 0 0.00 0.00 47 0 0 0
9.00 47 48 30 0 0.00 0.00 47 0 0 0
9.00 47 48 30 0 0.00 0.00 47 0 0 0
9.00 47 48 30 0 0.00 0.00 47 0 0 0
10.00 48 48 30 0 0.00 0.00 48 0 0 0
10.00 47 49 30 0 0.00 0.00 48 0 0 0
9.00 47 48 30 0 0.00 0.00 47 0 0 0
9.00 47 49 30 0 0.00 0.00 48 0 0 0
9.00 47 48 30 0 0.00 0.00 47 0 0 0
11.00 47 48 30 0 0.00 0.00 47 0 0 0
9.00 47 48 30 0 0.00 0.00 47 0 0 0
9.00 47 48 30 0 0.00 0.00 47 0 0 0
9.00 47 48 30 0 0.00 0.00 47 0 0 0
10.00 47 48 30 0 0.00 0.00 47 0 0 0
10.00 47 48 30 0 0.00 0.00 47 0 0 0
9.00 47 49 30 0 0.00 0.00 48 0 0 0
9.00 47 48 30 0 0.00 0.00 47 0 0 0
9.00 47 48 30 0 0.00 0.00 47 0 0 0
11.00 47 49 30 0 0.00 0.00 48 0 0 0
9.00 47 49 30 0 0.00 0.00 48 0 0 0
9.00 47 49 30 0 0.00 0.00 48 0 0 0
9.00 47 49 30 0 0.00 0.00 48 0 0 0
10.00 47 49 30 0 0.00 0.00 48 0 0 0
10.00 47 48 30 0 0.00 0.00 47 0 0 0
9.00 47 48 30 0 0.00 0.00 47 0 0 0
9.00 47 49 30 0 0.00 0.00 48 0 0 0
9.00 47 48 30 0 0.00 0.00 47 0 0 0
11.00 47 49 30 0 0.00 0.00 48 0 0 0
9.00 47 48 30 0 0.00 0.00 47 0 0 0
9.00 47 48 30 0 0.00 0.00 47 0 0 0
9.00 47 48 30 0 0.00 0.00 47 0 0 0
10.00 47 49 30 0 0.00 0.00 48 0 0 0
10.00 47 49 30 0 0.00 0.00 48 0 0 0
9.00 47 48 30 0 0.00 0.00 47 0 0 0
9.00 47 48 30 0 0.00 0.00 47 0 0 0
9.00 47 48 30 0 0.00 0.00 47 0 0 0
11.00 47 49 30 0 0.00 0.00 48 0 0 0
9.00 47 49 30 0 0.00 0.00 48 0 0 0
9.00 47 48 30 0 0.00 0.00 47 0 0 0
9.00 47 48 30 0 0.00 0.00 47 0 0 0
10.00 47 48 30 0 0.00 0.00 47 0 0 0
10.00 47 48 30 0 0.00 0.00 47 0 0 0
9.00 47 49 30 0 0.00 0.00 48 0 0 0
9.00 47 48 30 0 0.00 0.00 47 0 0 0
10.00 47 48 30 0 0.00 0.00 47 0 0 0
10.00 47 48 30 0 0.00 0.00 47 0 0 0
9.00 47 48 30 0 0.00 0.00 47 0 0 0
9.00 47 48 30 0 0.00 0.00 47 0 0 0
10.00 47 48 30 0 0.00 0.00 47 0 0 0
10.00 47 48 30 0 0.00 0.00 47 0 0 0
9.00 47 48 30 0 0.00 0.00 47 0 0 0
10.00 47 48 30 0 0.00 0.00 47 0 0 0
9.00 47 48 30 0 0.00 0.00 47 0 0 0
9.00 47 48 30 0 0.00 0.00 47 0 0 0
10.00 47 48 30 0 0.00 0.00 47 0 0 0
10.00 47 48 30 0 0.00 0.00 47 0 0 0
9.00 47 48 30 0 0.00 0.00 47 0 0 0
9.00 47 48 30 0 0.00 0.00 47 0 0 0
10.00 47 48 30 0 0.00 0.00 47 0 0 0
10.00 47 48 30 0 0.00 0.00 47 0 0 0
9.00 47 48 30 0 0.00 0.00 47 0 0 0
9.00 47 48 30 0 0.00 0.00 47 0 0 0
9.00 47 48 30 0 0.00 0.00 47 0 0 0
10.00 47 48 30 0 0.00 0.00 47 0 0 0
10.00 47 48 30 0 0.00 0.00 47 0 0 0
9.00 47 48 30 0 0.00 0.00 47 0 0 0
9.00 47 48 30 0 0.00 0.00 47 0 0 0
11.00 47 48 30 0 0.00 0.00 47 0 0 0
9.00 47 48 30 0 0.00 0.00 47 0 0 0
9.00 47 48 30 0 0.00 0.00 47 0 0 0
9.00 47 48 30 0 0.00 0.00 47 0 0 0
9.00 47 48 30 0 0.00 0.00 47 0 0 0
10.00 47 48 30 0 0.00 0.00 47 0 0 0
10.00 47 48 30 0 0.00 0.00 47 0 0 0
9.00 47 48 30 0 0.00 0.00 47 0 0 0
9.00 47 48 30 0 0.00 0.00 47 0 0 0
11.00 47 48 30 0 0.00 0.00 47 0 0 0
9.00 47 48 30 0 0.00 0.00 47 0 0 0
9.00 47 48 30 0 0.00 0.00 47 0 0 0
9.00 47 48 30 0 0.00 0.00 47 0 0 0
9.00 47 49 30 0 0.00 0.00 48 0 0 0
11.00 47 49 30 0 0.00 0.00 48 0 0 0
9.00 47 48 30 0 0.00 0.00 47 0 0 0
9.00 47 48 30 0 0.00 0.00 47 0 0 0
9.00 47 48 30 0 0.00 0.00 47 0 0 0
10.00 47 49 30 0 0.00 0.00 48 0 0 0
10.00 47 48 30 0 0.00 0.00 47 0 0 0
9.00 47 49 30 0 0.00 0.00 48 0 0 0
9.00 47 48 30 0 0.00 0.00 47 0 0 0
9.00 47 49 30 0 0.00 0.00 48 0 0 0
11.00 47 49 30 0 0.00 0.00 48 0 0 0
9.00 47 48 30 0 0.00 0.00 47 0 0 0
9.00 47 48 30 0 0.00 0.00 47 0 0 0
9.00 47 49 30 0 0.00 0.00 48 0 0 0
10.00 47 49 30 0 0.00 0.00 48 0 0 0
10.00 47 48 30 0 0.00 0.00 47 0 0 0
9.00 47 48 30 0 0.00 0.00 47 0 0 0
9.00 47 48 30 0 0.00 0.00 47 0 0 0
9.00 47 48 30 0 0.00 0.00 47 0 0 0
11.00 47 49 30 0 0.00 0.00 48 0 0 0
9.00 47 48 30 0 0.00 0.00 47 0 0 0
9.00 47 49 30 0 0.00 0.00 48 0 0 0
9.00 47 49 30 0 0.00 0.00 48 0 0 0
10.00 47 49 30 0 0.00 0.00 48 0 0 0
10.00 47 48 30 0 0.00 0.00 47 0 0 0
9.00 47 48 30 0 0.00 0.00 47 0 0 0
9.00 47 48 30 0 0.00 0.00 47 0 0 0
9.00 47 48 30 0 0.00 0.00 47 0 0 0
11.00 47 48 30 0 0.00 0.00 47 0 0 0
9.00 47 48 30 0 0.00 0.00 47 0 0 0
9.00 47 48 30 0 0.00 0.00 47 0 0 0
9.00 47 48 30 0 0.00 0.00 47 0 0 0
10.00 47 48 30 0 0.00 0.00 47 0 0 0
10.00 47 48 30 0 0.00 0.00 47 0 0 0
9.00 47 48 30 0 0.00 0.00 47 0 0 0
9.00 47 48 30 0 0.00 0.00 47 0 0 0
9.00 47 48 30 0 0.00 0.00 47 0 0 0
11.00 47 48 30 0 0.00 0.00 47 0 0 0
9.00 47 48 30 0 0.00 0.00 47 0 0 0
9.00 47 48 30 0 0.00 0.00 47 0 0 0
9.00 47 48 30 0 0.00 0.00 47 0 0 0
9.00 47 49 30 0 0.00 0.00 48 0 0 0
11.00 47 48 30 0 0.00 0.00 47 0 0 0
9.00 47 48 30 0 0.00 0.00 47 0 0 0
9.00 47 48 30 0 0.00 0.00 47 0 0 0
9.00 47 49 30 0 0.00 0.00 48 0 0 0
10.00 47 48 30 0 0.00 0.00 47 0 0 0
10.00 47 48 30 0 0.00 0.00 47 0 0 0
9.00 47 48 30 0 0.00 0.00 47 0 0 0
9.00 47 48 30 0 0.00 0.00 47 0 0 0
9.00 47 49 30 0 0.00 0.00 48 0 0 0
11.00 47 49 30 0 0.00 0.00 48 0 0 0
9.00 47 49 30 0 0.00 0.00 48 0 0 0
9.00 47 48 30 0 0.00 0.00 47 0 0 0
9.00 47 49 30 0 0.00 0.00 48 0 0 0
10.00 47 49 30 0 0.00 0.00 48 0 0 0
10.00 47 48 30 0 0.00 0.00 47 0 0 0
9.00 47 49 30 0 0.00 0.00 48 0 0 0
9.00 47 49 30 0 0.00 0.00 48 0 0 0
11.00 47 49 30 0 0.00 0.00 48 0 0 0
9.00 47 48 30 0 0.00 0.00 47 0 0 0
9.00 47 49 30 0 0.00 0.00 48 0 0 0
9.00 47 48 30 0 0.00 0.00 47 0 0 0
9.00 47 49 30 0 0.00 0.00 48 0 0 0
10.00 47 49 30 0 0.00 0.00 48 0 0 0
10.00 47 48 30 0 0.00 0.00 47 0 0 0
9.00 47 48 30 0 0.00 0.00 47 0 0 0
9.00 47 48 30 0 0.00 0.00 47 0 0 0
10.00 47 48 30 0 0.00 0.00 47 0 0 0
10.00 47 49 30 0 0.00 0.00 48 0 0 0
9.00 47 49 30 0 0.00 0.00 48 0 0 0
9.00 47 48 30 0 0.00 0.00 47 0 0 0
10.00 47 48 30 0 0.00 0.00 47 0 0 0
10.00 47 49 30 0 0.00 0.00 48 0 0 0
9.00 47 49 30 0 0.00 0.00 48 0 0 0
10.00 47 48 30 0 0.00 0.00 47 0 0 0
9.00 47 49 30 0 0.00 0.00 48 0 0 0
9.00 47 48 30 0 0.00 0.00 47 0 0 0
10.00 47 49 30 0 0.00 0.00 48 0 0 0
10.00 47 48 30 0 0.00 0.00 47 0 0 0
9.00 47 48 30 0 0.00 0.00 47 0 0 0
9.00 47 48 30 0 0.00 0.00 47 0 0 0
10.00 47 49 30 0 0.00 0.00 48 0 0 0
10.00 47 48 30 0 0.00 0.00 47 0 0 0
9.00 47 48 30 0 0.00 0.00 47 0 0 0
9.00 47 48 30 0 0.00 0.00 47 0 0 0
9.00 47 48 30 0 0.00 0.00 47 0 0 0
10.00 47 48 30 0 0.00 0.00 47 0 0 0
10.00 47 48 30 0 0.00 0.00 47 0 0 0
9.00 47 48 30 0 0.00 0.00 47 0 0 0
9.00 47 48 30 0 0.00 0.00 47 0 0 0
11.00 47 48 30 0 0.00 0.00 47 0 0 0
9.00 47 48 30 0 0.00 0.00 47 0 0 0
9.00 47 49 30 0 0.00 0.00 48 0 0 0
9.00 47 49 30 0 0.00 0.00 48 0 0 0
9.00 47 49 30 0 0.00 0.00 48 0 0 0
11.00 47 48 30 0 0.00 0.00 47 0 0 0
9.00 47 48 30 0 0.00 0.00 47 0 0 0
9.00 47 49 30 0 0.00 0.00 48 0 0 0
9.00 47 49 30 0 0.00 0.00 48 0 0 0
10.00 47 48 30 0 0.00 0.00 47 0 0 0
10.00 47 48 30 0 0.00 0.00 47 0 0 0
9.00 47 48 30 0 0.00 0.00 47 0 0 0
9.00 47 48 30 0 0.00 0.00 47 0 0 0
9.00 47 48 30 0 0.00 0.00 47 0 0 0
11.00 47 49 30 0 0.00 0.00 48 0 0 0
9.00 47 48 30 0 0.00 0.00 47 0 0 0
9.00 47 48 30 0 0.00 0.00 47 0 0 0
9.00 47 48 30 0 0.00 0.00 47 0 0 0
10.00 47 49 30 0 0.00 0.00 48 0 0 0
10.00 47 48 30 0 0.00 0.00 47 0 0 0
9.00 47 48 30 0 0.00 0.00 47 0 0 0
9.00 47 48 30 0 0.00 0.00 47 0 0 0
9.00 47 48 30 0 0.00 0.00 47 0 0 0
11.00 47 49 30 0 0.00 0.00 48 0 0 0
9.00 47 49 30 0 0.00 0.00 48 0 0 0
9.00 47 48 30 0 0.00 0.00 47 0 0 0
9.00 47 49 30 0 0.00 0.00 48 0 0 0
10.00 47 48 30 0 0.00 0.00 47 0 0 0
10.00 47 48 30 0 0.00 0.00 47 0 0 0
9.00 47 48 30 0 0.00 0.00 47 0 0 0
9.00 47 48 30 0 0.00 0.00 47 0 0 0
9.00 47 49 30 0 0.00 0.00 48 0 0 0
11.00 47 49 30 0 0.00 0.00 48 0 0 0
9.00 48 49 30 0 0.00 0.00 48 0 0 0
9.00 47 48 30 0 0.00 0.00 47 0 0 0
9.00 47 49 30 0 0.00 0.00 48 0 0 0
10.00 47 49 30 0 0.00 0.00 48 0 0 0
10.00 47 49 30 0 0.00 0.00 48 0 0 0
9.00 47 48 30 0 0.00 0.00 47 0 0 0
9.00 48 49 30 0 0.00 0.00 48 0 0 0
9.00 47 49 30 0 0.00 0.00 48 0 0 0
11.00 47 49 30 0 0.00 0.00 48 0 0 0
9.00 47 48 30 0 0.00 0.00 47 0 0 0
9.00 47 48 30 0 0.00 0.00 47 0 0 0
9.00 47 49 30 0 0.00 0.00 48 0 0 0
10.00 47 49 30 0 0.00 0.00 48 0 0 0
10.00 47 48 30 0 0.00 0.00 47 0 0 0
9.00 47 48 30 0 0.00 0.00 47 0 0 0
9.00 47 48 30 0 0.00 0.00 47 0 0 0
10.00 47 48 30 0 0.00 0.00 47 0 0 0
10.00 47 48 30 0 0.00 0.00 47 0 0 0
9.00 47 49 30 0 0.00 0.00 48 0 0 0
9.00 47 48 30 0 0.00 0.00 47 0 0 0
10.00 47 49 30 0 0.00 0.00 48 0 0 0
10.00 47 48 30 0 0.00 0.00 47 0 0 0
9.00 47 48 30 0 0.00 0.00 47 0 0 0
10.00 48 48 30 0 0.00 0.00 48 0 0 0
9.00 47 48 30 0 0.00 0.00 47 0 0 0
9.00 48 49 30 0 0.00 0.00 48 0 0 0
10.00 47 49 30 0 0.00 0.00 48 0 0 0
10.00 48 48 30 0 0.00 0.00 48 0 0 0
9.00 48 48 30 0 0.00 0.00 48 0 0 0
9.00 48 48 30 0 0.00 0.00 48 0 0 0
10.00 47 49 30 0 0.00 0.00 48 0 0 0
10.00 47 48 30 0 0.00 0.00 47 0 0 0
9.00 48 48 30 0 0.00 0.00 48 0 0 0
9.00 47 48 30 0 0.00 0.00 47 0 0 0
9.00 47 49 30 0 0.00 0.00 48 0 0 0
10.00 48 48 30 0 0.00 0.00 48 0 0 0
10.00 48 48 30 0 0.00 0.00 48 0 0 0
9.00 47 48 30 0 0.00 0.00 47 0 0 0
9.00 47 49 30 0 0.00 0.00 48 0 0 0
11.00 47 49 30 0 0.00 0.00 48 0 0 0
9.00 48 48 30 0 0.00 0.00 48 0 0 0
9.00 47 48 30 0 0.00 0.00 47 0 0 0
9.00 48 48 30 0 0.00 0.00 48 0 0 0
9.00 48 48 30 0 0.00 0.00 48 0 0 0
10.00 47 48 30 0 0.00 0.00 47 0 0 0
10.00 48 48 30 0 0.00 0.00 48 0 0 0
9.00 47 48 30 0 0.00 0.00 47 0 0 0
9.00 48 48 30 0 0.00 0.00 48 0 0 0
11.00 48 49 30 0 0.00 0.00 48 0 0 0
9.00 48 48 30 0 0.00 0.00 48 0 0 0
9.00 47 48 30 0 0.00 0.00 47 0 0 0
9.00 48 48 30 0 0.00 0.00 48 0 0 0
9.00 48 49 30 0 0.00 0.00 48 0 0 0
11.00 48 48 30 0 0.00 0.00 48 0 0 0
9.00 47 48 30 0 0.00 0.00 47 0 0 0
9.00 47 48 30 0 0.00 0.00 47 0 0 0
9.00 47 49 30 0 0.00 0.00 48 0 0 0
10.00 48 48 30 0 0.00 0.00 48 0 0 0
10.00 48 48 30 0 0.00 0.00 48 0 0 0
9.00 48 48 30 0 0.00 0.00 48 0 0 0
9.00 48 49 30 0 0.00 0.00 48 0 0 0
9.00 48 49 30 0 0.00 0.00 48 0 0 0
11.00 47 49 30 0 0.00 0.00 48 0 0 0
9.00 48 48 30 0 0.00 0.00 48 0 0 0
9.00 47 49 30 0 0.00 0.00 48 0 0 0
9.00 48 49 30 0 0.00 0.00 48 0 0 0
10.00 48 49 30 0 0.00 0.00 48 0 0 0
10.00 48 48 30 0 0.00 0.00 48 0 0 0
9.00 47 48 30 0 0.00 0.00 47 0 0 0
9.00 48 48 30 0 0.00 0.00 48 0 0 0
9.00 48 48 30 0 0.00 0.00 48 0 0 0
11.00 48 49 30 0 0.00 0.00 48 0 0 0
9.00 48 49 30 0 0.00 0.00 48 0 0 0
9.00 47 48 30 0 0.00 0.00 47 0 0 0
9.00 47 49 30 0 0.00 0.00 48 0 0 0
10.00 48 48 30 0 0.00 0.00 48 0 0 0
10.00 48 48 30 0 0.00 0.00 48 0 0 0
9.00 47 49 30 0 0.00 0.00 48 0 0 0
9.00 47 49 30 0 0.00 0.00 48 0 0 0
9.00 47 48 30 0 0.00 0.00 47 0 0 0
11.00 48 48 30 0 0.00 0.00 48 0 0 0
9.00 48 48 30 0 0.00 0.00 48 0 0 0
9.00 48 48 30 0 0.00 0.00 48 0 0 0
9.00 48 49 30 0 0.00 0.00 48 0 0 0
10.00 47 48 30 0 0.00 0.00 47 0 0 0
10.00 48 48 30 0 0.00 0.00 48 0 0 0
9.00 48 48 30 0 0.00 0.00 48 0 0 0
9.00 48 48 30 0 0.00 0.00 48 0 0 0
9.00 48 49 30 0 0.00 0.00 48 0 0 0
11.00 48 49 30 0 0.00 0.00 48 0 0 0
9.00 48 49 30 0 0.00 0.00 48 0 0 0
9.00 48 49 30 0 0.00 0.00 48 0 0 0
9.00 48 49 30 0 0.00 0.00 48 0 0 0
9.00 47 48 30 0 0.00 0.00 47 0 0 0
11.00 47 49 30 0 0.00 0.00 48 0 0 0
9.00 48 49 30 0 0.00 0.00 48 0 0 0
9.00 48 48 30 0 0.00 0.00 48 0 0 0
9.00 48 49 30 0 0.00 0.00 48 0 0 0
10.00 47 48 30 0 0.00 0.00 47 0 0 0
10.00 48 48 30 0 0.00 0.00 48 0 0 0
9.00 47 48 30 0 0.00 0.00 47 0 0 0
9.00 47 48 30 0 0.00 0.00 47 0 0 0
9.00 48 49 48 6 -109.28 159.28 49 0 0 0
12.00 47 49 48 6 128.50 131.50 49 0 0 0
10.00 47 48 48 6 155.00 0.00 48 0 0 0
10.00 48 48 48 6 130.00 130.00 48 0 0 0
11.00 47 48 48 6 130.00 130.00 48 0 0 0
11.00 47 49 48 6 105.77 154.23 49 0 0 0
10.00 47 49 48 6 128.50 131.50 49 0 0 0
11.00 47 49 48 6 128.50 131.50 49 0 0 0
10.00 47 48 48 6 155.00 0.00 48 0 0 0
11.00 48 48 48 6 130.00 130.00 48 0 0 0
11.00 47 48 48 6 130.00 130.00 48 0 0 0
10.00 47 48 48 6 130.00 130.00 48 0 0 0
10.00 48 48 48 6 130.00 130.00 48 0 0 0
12.00 48 48 48 6 130.00 130.00 48 0 0 0
10.00 48 48 48 6 130.00 130.00 48 0 0 0
11.00 48 48 48 6 130.00 130.00 48 0 0 0
10.00 48 49 48 6 -106.50 156.50 49 0 0 0
12.00 48 48 48 6 150.83 109.17 48 0 0 0
10.00 47 49 48 6 -106.50 156.50 49 0 0 0
11.00 48 48 48 6 152.73 107.27 48 0 0 0
10.00 47 49 48 6 -106.50 156.50 49 0 0 0
12.00 48 49 48 6 128.50 131.50 49 0 0 0
10.00 48 48 48 6 155.00 0.00 48 0 0 0
10.00 48 48 48 6 130.00 130.00 48 0 0 0
11.00 48 48 48 6 130.00 130.00 48 0 0 0
11.00 48 48 48 6 130.00 130.00 48 0 0 0
10.00 47 48 48 6 130.00 130.00 48 0 0 0
11.00 48 48 48 6 130.00 130.00 48 0 0 0
10.00 48 48 48 6 130.00 130.00 48 0 0 0
12.00 48 48 48 6 130.00 130.00 48 0 0 0
10.00 48 49 48 6 -106.50 156.50 49 0 0 0
11.00 47 48 48 6 152.73 107.27 48 0 0 0
10.00 47 49 48 6 -106.50 156.50 49 0 0 0
12.00 48 48 48 6 150.83 109.17 48 0 0 0
10.00 48 48 48 6 130.00 130.00 48 0 0 0
11.00 48 48 48 6 130.00 130.00 48 0 0 0
10.00 48 48 48 6 130.00 130.00 48 0 0 0
11.00 48 48 48 6 130.00 130.00 48 0 0 0
11.00 48 48 48 6 130.00 130.00 48 0 0 0
10.00 48 48 48 6 130.00 130.00 48 0 0 0
11.00 48 48 48 6 130.00 130.00 48 0 0 0
11.00 48 48 48 6 130.00 130.00 48 0 0 0
10.00 48 48 48 6 130.00 130.00 48 0 0 0
11.00 48 48 48 6 130.00 130.00 48 0 0 0
10.00 48 48 48 6 130.00 130.00 48 0 0 0
12.00 49 48 48 6 130.00 130.00 48 0 0 0
10.00 48 48 48 6 130.00 130.00 48 0 0 0
10.00 48 48 48 6 130.00 130.00 48 0 0 0
11.00 48 48 48 6 130.00 130.00 48 0 0 0
11.00 48 48 48 6 130.00 130.00 48 0 0 0
11.00 48 48 48 6 130.00 130.00 48 0 0 0
10.00 48 48 48 6 130.00 130.00 48 0 0 0
11.00 48 48 48 6 130.00 130.00 48 0 0 0
11.00 48 47 48 6 154.23 105.77 47 0 0 0
10.00 48 48 48 6 0.00 155.00 48 0 0 0
10.00 47 47 48 6 156.50 -106.50 47 0 0 0
11.00 48 47 48 6 131.50 128.50 47 0 0 0
11.00 48 47 48 6 131.50 128.50 47 0 0 0
11.00 48 47 48 6 131.50 128.50 47 0 0 0
10.00 48 47 48 6 131.50 128.50 47 0 0 0
11.00 48 47 48 6 131.50 128.50 47 0 0 0
11.00 48 47 48 6 131.50 128.50 47 0 0 0
10.00 48 47 48 6 131.50 128.50 47 0 0 0
11.00 48 47 48 6 131.50 128.50 47 0 0 0
10.00 48 48 48 6 0.00 155.00 48 0 0 0
11.00 47 47 48 6 154.23 105.77 47 0 0 0
11.00 48 47 48 6 131.50 128.50 47 0 0 0
10.00 47 47 48 6 131.50 128.50 47 0 0 0
10.00 48 47 48 6 131.50 128.50 47 0 0 0
12.00 48 47 48 6 131.50 128.50 47 0 0 0
10.00 47 47 48 6 131.50 128.50 47 0 0 0
11.00 48 47 48 6 131.50 128.50 47 0 0 0
10.00 47 47 48 6 131.50 128.50 47 0 0 0
11.00 47 47 48 6 131.50 128.50 47 0 0 0
11.00 47 47 48 6 131.50 128.50 47 0 0 0
10.00 47 47 48 6 131.50 128.50 47 0 0 0
11.00 48 47 48 6 131.50 128.50 47 0 0 0
11.00 48 47 48 6 131.50 128.50 47 0 0 0
10.00 47 46 48 6 158.00 -108.00 46 0 0 0
11.00 47 47 48 6 108.77 151.23 47 0 0 0
11.00 47 46 48 6 155.73 -105.73 46 0 0 0
11.00 47 47 48 6 108.77 151.23 47 0 0 0
11.00 47 46 48 6 155.73 -105.73 46 0 0 0
10.00 47 47 48 6 106.50 153.50 47 0 0 0
11.00 47 46 48 6 155.73 -105.73 46 0 0 0
11.00 47 47 48 6 108.77 151.23 47 0 0 0
11.00 47 46 48 6 155.73 -105.73 46 0 0 0
10.00 46 46 48 6 133.00 127.00 46 0 0 0
11.00 46 46 48 6 133.00 127.00 46 0 0 0
11.00 47 47 48 6 108.77 151.23 47 0 0 0
11.00 47 47 48 6 131.50 128.50 47 0 0 0
10.00 47 47 48 6 131.50 128.50 47 0 0 0
10.00 47 47 48 6 131.50 128.50 47 0 0 0
12.00 47 48 48 6 109.17 150.83 48 0 0 0
10.00 47 48 48 6 130.00 130.00 48 0 0 0
11.00 46 47 48 6 154.23 105.77 47 0 0 0
10.00 46 48 48 6 0.00 155.00 48 0 0 0
11.00 46 48 48 6 130.00 130.00 48 0 0 0
10.00 46 48 48 6 130.00 130.00 48 0 0 0
11.00 47 48 48 6 130.00 130.00 48 0 0 0
10.00 46 48 48 6 130.00 130.00 48 0 0 0
12.00 47 47 48 6 152.33 107.67 47 0 0 0
10.00 47 48 48 6 0.00 155.00 48 0 0 0
10.00 47 48 48 6 130.00 130.00 48 0 0 0
10.00 46 48 48 6 130.00 130.00 48 0 0 0
12.00 47 49 48 6 107.67 152.33 49 0 0 0
10.00 47 48 48 6 155.00 0.00 48 0 0 0
10.00 47 48 48 6 130.00 130.00 48 0 0 0
11.00 47 48 48 6 130.00 130.00 48 0 0 0
11.00 48 48 48 6 130.00 130.00 48 0 0 0
10.00 47 49 48 6 -106.50 156.50 49 0 0 0
11.00 47 49 48 6 128.50 131.50 49 0 0 0
10.00 47 49 48 6 128.50 131.50 49 0 0 0
12.00 47 49 48 6 128.50 131.50 49 0 0 0
10.00 48 49 48 6 128.50 131.50 49 0 0 0
11.00 47 49 48 6 128.50 131.50 49 0 0 0
10.00 47 49 48 6 128.50 131.50 49 0 0 0
11.00 48 49 48 6 128.50 131.50 49 0 0 0
11.00 48 49 48 6 128.50 131.50 49 0 0 0
10.00 47 49 48 6 128.50 131.50 49 0 0 0
11.00 48 49 48 6 128.50 131.50 49 0 0 0
11.00 47 49 48 6 128.50 131.50 49 0 0 0
10.00 48 50 48 6 -108.00 158.00 50 0 0 0
11.00 48 49 48 6 151.23 108.77 49 0 0 0
11.00 48 49 48 6 128.50 131.50 49 0 0 0
11.00 48 50 48 6 -105.73 155.73 50 0 0 0
11.00 49 49 48 6 151.23 108.77 49 0 0 0
10.00 48 49 48 6 128.50 131.50 49 0 0 0
10.00 48 50 48 6 -108.00 158.00 50 0 0 0
12.00 48 49 48 6 149.33 110.67 49 0 0 0
11.00 48 49 48 6 128.50 131.50 49 0 0 0
10.00 48 49 48 6 128.50 131.50 49 0 0 0
10.00 48 49 48 6 128.50 131.50 49 0 0 0
12.00 49 49 48 6 128.50 131.50 49 0 0 0
10.00 49 49 48 6 128.50 131.50 49 0 0 0
11.00 48 50 48 6 -105.73 155.73 50 0 0 0
10.00 48 49 48 6 153.50 106.50 49 0 0 0
12.00 48 49 48 6 128.50 131.50 49 0 0 0
10.00 49 49 48 6 128.50 131.50 49 0 0 0
10.00 48 49 48 6 128.50 131.50 49 0 0 0
11.00 48 49 48 6 128.50 131.50 49 0 0 0
11.00 48 49 48 6 128.50 131.50 49 0 0 0
11.00 48 49 48 6 128.50 131.50 49 0 0 0
10.00 49 49 48 6 128.50 131.50 49 0 0 0
11.00 49 49 48 6 128.50 131.50 49 0 0 0
11.00 49 49 48 6 128.50 131.50 49 0 0 0
10.00 46 49 48 6 128.50 131.50 49 0 0 0
11.00 49 49 48 6 128.50 131.50 49 0 0 0
10.00 48 49 48 6 128.50 131.50 49 0 0 0
12.00 49 48 48 6 150.83 109.17 48 0 0 0
10.00 49 49 48 6 -106.50 156.50 49 0 0 0
11.00 49 49 48 6 128.50 131.50 49 0 0 0
10.00 48 49 48 6 128.50 131.50 49 0 0 0
11.00 46 49 48 6 128.50 131.50 49 0 0 0
11.00 49 49 48 6 128.50 131.50 49 0 0 0
10.00 49 48 48 6 155.00 0.00 48 0 0 0
10.00 49 49 48 6 -106.50 156.50 49 0 0 0
12.00 49 48 48 6 150.83 109.17 48 0 0 0
10.00 49 49 48 6 -106.50 156.50 49 0 0 0
11.00 49 49 48 6 128.50 131.50 49 0 0 0
10.00 49 48 48 6 155.00 0.00 48 0 0 0
11.00 49 48 48 6 130.00 130.00 48 0 0 0
11.00 49 48 48 6 130.00 130.00 48 0 0 0
10.00 49 48 48 6 130.00 130.00 48 0 0 0
10.00 49 48 48 6 130.00 130.00 48 0 0 0
12.00 49 48 48 6 130.00 130.00 48 0 0 0
10.00 49 47 48 6 156.50 -106.50 47 0 0 0
11.00 48 48 48 6 107.27 152.73 48 0 0 0
10.00 46 47 48 6 156.50 -106.50 47 0 0 0
12.00 49 48 48 6 109.17 150.83 48 0 0 0
10.00 49 48 48 6 130.00 130.00 48 0 0 0
11.00 49 48 48 6 130.00 130.00 48 0 0 0
10.00 49 48 48 6 130.00 130.00 48 0 0 0
12.00 49 48 48 6 130.00 130.00 48 0 0 0
10.00 49 47 48 6 156.50 -106.50 47 0 0 0
11.00 49 47 48 6 131.50 128.50 47 0 0 0
10.00 49 47 48 6 131.50 128.50 47 0 0 0
12.00 49 47 48 6 131.50 128.50 47 0 0 0
10.00 49 48 48 6 0.00 155.00 48 0 0 0
10.00 48 47 48 6 156.50 -106.50 47 0 0 0
11.00 49 47 48 6 131.50 128.50 47 0 0 0
11.00 49 47 48 6 131.50 128.50 47 0 0 0
10.00 49 47 48 6 131.50 128.50 47 0 0 0
11.00 48 48 48 6 107.27 152.73 48 0 0 0
10.00 49 47 48 6 156.50 -106.50 47 0 0 0
12.00 49 47 48 6 131.50 128.50 47 0 0 0
10.00 49 47 48 6 131.50 128.50 47 0 0 0
11.00 48 47 48 6 131.50 128.50 47 0 0 0
10.00 48 47 48 6 131.50 128.50 47 0 0 0
12.00 48 47 48 6 131.50 128.50 47 0 0 0
10.00 48 47 48 6 131.50 128.50 47 0 0 0
10.00 45 47 48 6 131.50 128.50 47 0 0 0
11.00 46 47 48 6 131.50 128.50 47 0 0 0
11.00 47 47 48 6 131.50 128.50 47 0 0 0
11.00 48 47 48 6 131.50 128.50 47 0 0 0
10.00 47 48 48 6 0.00 155.00 48 0 0 0
10.00 47 47 48 6 156.50 -106.50 47 0 0 0
12.00 47 48 48 6 109.17 150.83 48 0 0 0
10.00 47 47 48 6 156.50 -106.50 47 0 0 0
11.00 47 47 48 6 131.50 128.50 47 0 0 0
10.00 47 48 48 6 0.00 155.00 48 0 0 0
11.00 47 48 48 6 130.00 130.00 48 0 0 0
10.00 47 48 48 6 130.00 130.00 48 0 0 0
11.00 47 48 48 6 130.00 130.00 48 0 0 0
10.00 48 48 48 6 130.00 130.00 48 0 0 0
12.00 47 48 48 6 130.00 130.00 48 0 0 0
10.00 47 48 48 6 130.00 130.00 48 0 0 0
10.00 47 48 48 6 130.00 130.00 48 0 0 0
11.00 48 48 48 6 130.00 130.00 48 0 0 0
11.00 47 48 48 6 130.00 130.00 48 0 0 0
11.00 48 48 48 6 130.00 130.00 48 0 0 0
10.00 48 49 48 6 -106.50 156.50 49 0 0 0
11.00 47 48 48 6 152.73 107.27 48 0 0 0
11.00 48 48 48 6 130.00 130.00 48 0 0 0
11.00 47 49 48 6 105.77 154.23 49 0 0 0
10.00 47 48 48 6 155.00 0.00 48 0 0 0
10.00 47 49 48 6 -106.50 156.50 49 0 0 0
11.00 47 49 48 6 128.50 131.50 49 0 0 0
11.00 47 49 48 6 128.50 131.50 49 0 0 0
10.00 47 49 48 6 128.50 131.50 49 0 0 0
11.00 47 49 48 6 128.50 131.50 49 0 0 0
11.00 48 49 48 6 128.50 131.50 49 0 0 0
11.00 47 48 48 6 152.73 107.27 48 0 0 0
10.00 47 49 48 6 -106.50 156.50 49 0 0 0
11.00 48 48 48 6 152.73 107.27 48 0 0 0
11.00 47 49 48 6 105.77 154.23 49 0 0 0
10.00 47 48 48 6 155.00 0.00 48 0 0 0
10.00 47 49 48 6 -106.50 156.50 49 0 0 0
11.00 48 49 48 6 128.50 131.50 49 0 0 0
11.00 47 49 48 6 128.50 131.50 49 0 0 0
11.00 48 49 48 6 128.50 131.50 49 0 0 0
10.00 48 49 48 6 128.50 131.50 49 0 0 0
11.00 48 48 48 6 152.73 107.27 48 0 0 0
11.00 47 49 48 6 105.77 154.23 49 0 0 0
10.00 47 48 48 6 155.00 0.00 48 0 0 0
10.00 47 48 48 6 130.00 130.00 48 0 0 0
11.00 47 48 48 6 130.00 130.00 48 0 0 0
11.00 47 48 48 6 130.00 130.00 48 0 0 0
11.00 48 48 48 6 130.00 130.00 48 0 0 0
10.00 47 48 48 6 130.00 130.00 48 0 0 0
10.00 47 49 48 6 -106.50 156.50 49 0 0 0
12.00 47 48 48 6 150.83 109.17 48 0 0 0
10.00 47 48 48 6 130.00 130.00 48 0 0 0
11.00 48 48 48 6 130.00 130.00 48 0 0 0
10.00 48 48 48 6 130.00 130.00 48 0 0 0
12.00 48 48 48 6 130.00 130.00 48 0 0 0
10.00 48 49 48 6 -106.50 156.50 49 0 0 0
11.00 48 48 48 6 152.73 107.27 48 0 0 0
10.00 48 49 48 6 -106.50 156.50 49 0 0 0
12.00 48 48 48 6 150.83 109.17 48 0 0 0
10.00 48 48 48 6 130.00 130.00 48 0 0 0
11.00 48 48 48 6 130.00 130.00 48 0 0 0
10.00 48 48 48 6 130.00 130.00 48 0 0 0
11.00 48 48 48 6 130.00 130.00 48 0 0 0
11.00 48 48 48 6 130.00 130.00 48 0 0 0
10.00 48 48 48 6 130.00 130.00 48 0 0 0
11.00 48 48 48 6 130.00 130.00 48 0 0 0
11.00 48 48 48 6 130.00 130.00 48 0 0 0
11.00 48 49 48 6 105.77 154.23 49 0 0 0
10.00 48 48 48 6 155.00 0.00 48 0 0 0
10.00 49 48 48 6 130.00 130.00 48 0 0 0
11.00 48 48 48 6 130.00 130.00 48 0 0 0
11.00 48 47 48 6 154.23 105.77 47 0 0 0
10.00 48 48 48 6 0.00 155.00 48 0 0 0
10.00 47 48 48 6 130.00 130.00 48 0 0 0
11.00 48 48 48 6 130.00 130.00 48 0 0 0
11.00 48 49 48 6 105.77 154.23 49 0 0 0
10.00 48 48 48 6 155.00 0.00 48 0 0 0
10.00 48 49 48 6 -106.50 156.50 49 0 0 0
12.00 47 49 48 6 128.50 131.50 49 0 0 0
10.00 47 48 48 6 155.00 0.00 48 0 0 0
10.00 47 48 48 6 130.00 130.00 48 0 0 0
11.00 48 49 48 6 105.77 154.23 49 0 0 0
11.00 47 48 48 6 152.73 107.27 48 0 0 0
10.00 48 48 48 6 130.00 130.00 48 0 0 0
11.00 47 48 48 6 130.00 130.00 48 0 0 0
10.00 47 48 48 6 130.00 130.00 48 0 0 0
12.00 48 48 48 6 130.00 130.00 48 0 0 0
10.00 47 49 48 6 -106.50 156.50 49 0 0 0
11.00 47 48 48 6 152.73 107.27 48 0 0 0
10.00 47 48 48 6 130.00 130.00 48 0 0 0
11.00 47 48 48 6 130.00 130.00 48 0 0 0
11.00 47 48 48 6 130.00 130.00 48 0 0 0
10.00 47 48 48 6 130.00 130.00 48 0 0 0
11.00 47 48 48 6 130.00 130.00 48 0 0 0
11.00 46 48 48 6 130.00 130.00 48 0 0 0
11.00 48 48 48 6 130.00 130.00 48 0 0 0
10.00 47 48 48 6 130.00 130.00 48 0 0 0
10.00 48 47 48 6 156.50 -106.50 47 0 0 0
12.00 47 47 48 6 131.50 128.50 47 0 0 0
10.00 47 47 48 6 131.50 128.50 47 0 0 0
11.00 47 47 48 6 131.50 128.50 47 0 0 0
10.00 47 47 48 6 131.50 128.50 47 0 0 0
12.00 47 47 48 6 131.50 128.50 47 0 0 0
10.00 46 47 48 6 131.50 128.50 47 0 0 0
10.00 46 47 48 6 131.50 128.50 47 0 0 0
11.00 46 47 48 6 131.50 128.50 47 0 0 0
11.00 47 47 30 6 -255.00 255.00 47 0 0 0
11.00 46 48 30 6 115.00 145.00 48 0 0 0
10.00 46 47 30 6 115.00 145.00 47 0 0 0
11.00 46 47 30 6 115.00 145.00 47 0 0 0
11.00 46 47 30 6 115.00 145.00 47 0 0 0
11.00 47 48 30 6 115.00 145.00 48 0 0 0
10.00 46 47 30 6 115.00 145.00 47 0 0 0
10.00 47 47 30 6 115.00 145.00 47 0 0 0
12.00 46 47 30 6 115.00 145.00 47 0 0 0
10.00 46 47 30 6 115.00 145.00 47 0 0 0
11.00 47 47 30 6 115.00 145.00 47 0 0 0
10.00 47 47 30 6 115.00 145.00 47 0 0 0
11.00 47 47 30 6 115.00 145.00 47 0 0 0
11.00 47 47 30 6 115.00 145.00 47 0 0 0
10.00 47 47 30 6 115.00 145.00 47 0 0 0
11.00 47 46 30 6 115.00 145.00 46 0 0 0
11.00 47 46 30 6 115.00 145.00 46 0 0 0
11.00 46 46 30 6 115.00 145.00 46 0 0 0
10.00 46 46 30 6 115.00 145.00 46 0 0 0
10.00 47 46 30 6 115.00 145.00 46 0 0 0
12.00 47 46 30 6 115.00 145.00 46 0 0 0
10.00 46 46 30 6 115.00 145.00 46 0 0 0
11.00 46 45 30 6 115.00 145.00 45 0 0 0
10.00 46 45 30 6 115.00 145.00 45 0 0 0
11.00 46 45 30 6 115.00 145.00 45 0 0 0
11.00 47 45 30 6 115.00 145.00 45 0 0 0
10.00 46 45 30 6 115.00 145.00 45 0 0 0
11.00 46 45 30 6 115.00 145.00 45 0 0 0
11.00 45 45 30 6 115.00 145.00 45 0 0 0
10.00 46 45 30 6 115.00 145.00 45 0 0 0
11.00 46 44 30 6 115.00 145.00 44 0 0 0
10.00 46 44 30 6 115.00 145.00 44 0 0 0
12.00 47 44 30 6 115.00 145.00 44 0 0 0
10.00 46 44 30 6 115.00 145.00 44 0 0 0
10.00 47 43 30 6 115.00 145.00 43 0 0 0
11.00 46 43 30 6 115.00 145.00 43 0 0 0
11.00 46 43 30 6 115.00 145.00 43 0 0 0
11.00 46 43 30 6 115.00 145.00 43 0 0 0
10.00 46 43 30 6 115.00 145.00 43 0 0 0
11.00 46 43 30 6 115.00 145.00 43 0 0 0
11.00 46 43 30 6 115.00 145.00 43 0 0 0
10.00 46 43 30 6 115.00 145.00 43 0 0 0
11.00 46 42 30 6 115.00 145.00 42 0 0 0
10.00 46 42 30 6 115.00 145.00 42 0 0 0
12.00 46 42 30 6 115.00 145.00 42 0 0 0
10.00 46 42 30 6 115.00 145.00 42 0 0 0
10.00 46 42 30 6 115.00 145.00 42 0 0 0
11.00 46 42 30 6 115.00 145.00 42 0 0 0
11.00 45 42 30 6 115.00 145.00 42 0 0 0
11.00 46 42 30 6 115.00 145.00 42 0 0 0
10.00 45 42 30 6 115.00 145.00 42 0 0 0
10.00 46 41 30 6 115.00 145.00 41 0 0 0
12.00 45 41 30 6 115.00 145.00 41 0 0 0
10.00 45 41 30 6 115.00 145.00 41 0 0 0
11.00 46 40 30 6 115.00 145.00 40 0 0 0
10.00 45 41 30 6 115.00 145.00 41 0 0 0
11.00 45 41 30 6 115.00 145.00 41 0 0 0
11.00 45 40 30 6 115.00 145.00 40 0 0 0
10.00 45 40 30 6 115.00 145.00 40 0 0 0
11.00 44 40 30 6 115.00 145.00 40 0 0 0
11.00 44 40 30 6 115.00 145.00 40 0 0 0
11.00 44 39 30 6 139.23 120.77 39 0 0 0
10.00 44 40 30 6 -120.00 170.00 40 0 0 0
11.00 44 39 30 6 139.23 120.77 39 0 0 0
11.00 44 39 30 6 116.50 143.50 39 0 0 0
10.00 44 39 30 6 116.50 143.50 39 0 0 0
11.00 44 39 30 6 116.50 143.50 39 0 0 0
10.00 45 39 30 6 116.50 143.50 39 0 0 0
12.00 43 39 30 6 116.50 143.50 39 0 0 0
10.00 43 38 30 6 143.00 117.00 38 0 0 0
10.00 43 38 30 6 118.00 142.00 38 0 0 0
11.00 43 38 30 6 118.00 142.00 38 0 0 0
11.00 43 38 30 6 118.00 142.00 38 0 0 0
11.00 43 38 30 6 118.00 142.00 38 0 0 0
10.00 43 38 30 6 118.00 142.00 38 0 0 0
11.00 43 38 30 6 118.00 142.00 38 0 0 0
11.00 42 38 30 6 118.00 142.00 38 0 0 0
10.00 42 37 30 6 144.50 115.50 37 0 0 0
11.00 42 37 30 6 119.50 140.50 37 0 0 0
10.00 42 37 30 6 119.50 140.50 37 0 0 0
12.00 42 37 30 6 119.50 140.50 37 0 0 0
10.00 42 37 30 6 119.50 140.50 37 0 0 0
10.00 41 37 30 6 119.50 140.50 37 0 0 0
11.00 41 37 30 6 119.50 140.50 37 0 0 0
11.00 41 36 30 6 143.73 116.27 36 0 0 0
11.00 41 36 30 6 121.00 139.00 36 0 0 0
10.00 41 37 30 6 -115.50 165.50 37 0 0 0
11.00 41 36 30 6 143.73 116.27 36 0 0 0
11.00 40 36 30 6 121.00 139.00 36 0 0 0
11.00 40 36 30 6 121.00 139.00 36 0 0 0
10.00 40 35 30 6 147.50 112.50 35 0 0 0
10.00 40 36 30 6 -114.00 164.00 36 0 0 0
12.00 39 35 30 6 143.33 116.67 35 0 0 0
10.00 39 36 30 6 -114.00 164.00 36 0 0 0
11.00 39 35 30 6 145.23 114.77 35 0 0 0
11.00 39 35 30 6 122.50 137.50 35 0 0 0
11.00 39 34 30 6 146.73 113.27 34 0 0 0
10.00 39 35 30 6 -112.50 162.50 35 0 0 0
11.00 39 34 30 6 146.73 113.27 34 0 0 0
10.00 39 34 30 6 124.00 136.00 34 0 0 0
12.00 39 34 30 6 124.00 136.00 34 0 0 0
10.00 39 34 30 6 124.00 136.00 34 0 0 0
11.00 38 34 30 6 124.00 136.00 34 0 0 0
10.00 38 33 30 6 150.50 109.50 33 0 0 0
11.00 38 33 30 6 125.50 134.50 33 0 0 0
11.00 38 33 30 6 125.50 134.50 33 0 0 0
10.00 38 33 30 6 125.50 134.50 33 0 0 0
11.00 38 32 30 6 149.73 110.27 32 0 0 0
11.00 38 32 30 6 127.00 133.00 32 0 0 0
11.00 37 32 30 6 127.00 133.00 32 0 0 0
10.00 38 32 30 6 127.00 133.00 32 0 0 0
10.00 38 32 30 6 127.00 133.00 32 0 0 0
12.00 37 32 30 6 127.00 133.00 32 0 0 0
10.00 37 31 30 6 153.50 106.50 31 0 0 0
11.00 37 31 30 6 128.50 131.50 31 0 0 0
10.00 37 31 30 6 128.50 131.50 31 0 0 0
11.00 37 30 30 6 152.73 107.27 30 0 0 0
11.00 38 31 30 6 105.77 154.23 31 0 0 0
10.00 38 30 30 6 155.00 0.00 30 0 0 0
10.00 37 30 30 6 130.00 130.00 30 0 0 0
12.00 36 29 30 6 152.33 107.67 29 0 0 0
10.00 36 30 30 6 0.00 155.00 30 0 0 0
10.00 36 29 30 6 156.50 -106.50 29 0 0 0
10.00 35 29 30 6 131.50 128.50 29 0 0 0
12.00 36 29 30 6 131.50 128.50 29 0 0 0
10.00 36 29 30 6 131.50 128.50 29 0 0 0
11.00 35 29 30 6 131.50 128.50 29 0 0 0
10.00 36 29 30 6 131.50 128.50 29 0 0 0
12.00 35 28 30 6 153.83 106.17 28 0 0 0
10.00 36 29 30 6 106.50 153.50 29 0 0 0
10.00 35 29 30 6 131.50 128.50 29 0 0 0
11.00 35 29 30 6 131.50 128.50 29 0 0 0
11.00 34 29 30 6 131.50 128.50 29 0 0 0
11.00 35 28 30 6 155.73 -105.73 28 0 0 0
10.00 34 28 30 6 133.00 127.00 28 0 0 0
11.00 34 28 30 6 133.00 127.00 28 0 0 0
11.00 33 28 30 6 133.00 127.00 28 0 0 0
10.00 34 27 30 6 159.50 -109.50 27 0 0 0
11.00 34 27 30 6 134.50 125.50 27 0 0 0
11.00 34 27 30 6 134.50 125.50 27 0 0 0
11.00 33 27 30 6 134.50 125.50 27 0 0 0
10.00 32 26 30 6 161.00 -111.00 26 0 0 0
11.00 32 26 30 6 136.00 124.00 26 0 0 0
10.00 32 26 30 6 136.00 124.00 26 0 0 0
12.00 31 25 30 6 158.33 -108.33 25 0 0 0
11.00 31 25 30 6 137.50 122.50 25 0 0 0
10.00 30 25 30 6 137.50 122.50 25 0 0 0
10.00 30 25 30 6 137.50 122.50 25 0 0 0
12.00 30 24 30 6 159.83 -109.83 24 0 0 0
10.00 30 24 30 6 139.00 121.00 24 0 0 0
11.00 29 24 30 6 139.00 121.00 24 0 0 0
10.00 29 24 30 6 139.00 121.00 24 0 0 0
12.00 29 24 30 6 139.00 121.00 24 0 0 0
10.00 29 24 30 6 139.00 121.00 24 0 0 0
10.00 28 24 30 6 139.00 121.00 24 0 0 0
11.00 28 24 30 6 139.00 121.00 24 0 0 0
11.00 28 24 30 6 139.00 121.00 24 0 0 0
11.00 27 23 30 6 163.23 -113.23 23 0 0 0
10.00 28 23 30 6 140.50 119.50 23 0 0 0
11.00 27 23 30 6 140.50 119.50 23 0 0 0
11.00 27 23 30 6 140.50 119.50 23 0 0 0
11.00 27 23 30 6 140.50 119.50 23 0 0 0
10.00 27 23 30 6 140.50 119.50 23 0 0 0
10.00 27 23 30 6 140.50 119.50 23 0 0 0
12.00 27 22 30 6 162.83 -112.83 22 0 0 0
10.00 27 22 30 6 142.00 118.00 22 0 0 0
11.00 26 23 30 6 117.77 142.23 23 0 0 0
10.00 26 23 30 6 140.50 119.50 23 0 0 0
12.00 26 23 30 6 140.50 119.50 23 0 0 0
10.00 26 23 30 6 140.50 119.50 23 0 0 0
11.00 26 23 30 6 140.50 119.50 23 0 0 0
10.00 26 23 30 6 140.50 119.50 23 0 0 0
11.00 26 23 30 6 140.50 119.50 23 0 0 0
11.00 25 22 30 6 164.73 -114.73 22 0 0 0
10.00 25 23 30 6 115.50 144.50 23 0 0 0
11.00 25 22 30 6 164.73 -114.73 22 0 0 0
12.00 25 22 30 6 142.00 118.00 22 0 0 0
10.00 25 23 30 6 115.50 144.50 23 0 0 0
10.00 25 23 30 6 140.50 119.50 23 0 0 0
11.00 25 22 30 6 164.73 -114.73 22 0 0 0
11.00 25 23 30 6 117.77 142.23 23 0 0 0
11.00 24 23 30 6 140.50 119.50 23 0 0 0
10.00 24 22 30 6 167.00 -117.00 22 0 0 0
11.00 24 22 30 6 142.00 118.00 22 0 0 0
11.00 25 23 30 6 117.77 142.23 23 0 0 0
11.00 24 23 30 6 140.50 119.50 23 0 0 0
10.00 24 23 30 6 140.50 119.50 23 0 0 0
11.00 24 23 30 6 140.50 119.50 23 0 0 0
11.00 23 23 30 6 140.50 119.50 23 0 0 0
10.00 23 23 30 6 140.50 119.50 23 0 0 0
11.00 23 23 30 6 140.50 119.50 23 0 0 0
10.00 23 24 30 6 114.00 146.00 24 0 0 0
12.00 23 24 30 6 139.00 121.00 24 0 0 0
10.00 23 23 30 6 165.50 -115.50 23 0 0 0
11.00 23 24 30 6 116.27 143.73 24 0 0 0
10.00 23 24 30 6 139.00 121.00 24 0 0 0
11.00 23 24 30 6 139.00 121.00 24 0 0 0
11.00 23 24 30 6 139.00 121.00 24 0 0 0
10.00 23 24 30 6 139.00 121.00 24 0 0 0
11.00 23 24 30 6 139.00 121.00 24 0 0 0
11.00 24 25 30 6 114.77 145.23 25 0 0 0
11.00 24 24 30 6 161.73 -111.73 24 0 0 0
10.00 24 25 30 6 112.50 147.50 25 0 0 0
12.00 24 25 30 6 137.50 122.50 25 0 0 0
10.00 23 25 30 6 137.50 122.50 25 0 0 0
10.00 23 25 30 6 137.50 122.50 25 0 0 0
11.00 23 25 30 6 137.50 122.50 25 0 0 0
10.00 24 25 30 6 137.50 122.50 25 0 0 0
12.00 23 25 30 6 137.50 122.50 25 0 0 0
10.00 24 25 30 6 137.50 122.50 25 0 0 0
10.00 24 25 30 6 137.50 122.50 25 0 0 0
11.00 24 25 30 6 137.50 122.50 25 0 0 0
11.00 24 26 30 6 113.27 146.73 26 0 0 0
11.00 24 26 30 6 136.00 124.00 26 0 0 0
10.00 24 26 30 6 136.00 124.00 26 0 0 0
12.00 24 26 30 6 136.00 124.00 26 0 0 0
10.00 24 26 30 6 136.00 124.00 26 0 0 0
10.00 25 26 30 6 136.00 124.00 26 0 0 0
11.00 24 26 30 6 136.00 124.00 26 0 0 0
10.00 24 26 30 6 136.00 124.00 26 0 0 0
12.00 24 26 30 6 136.00 124.00 26 0 0 0
10.00 25 26 30 6 136.00 124.00 26 0 0 0
10.00 24 27 30 6 109.50 150.50 27 0 0 0
11.00 25 27 30 6 134.50 125.50 27 0 0 0
11.00 24 27 30 6 134.50 125.50 27 0 0 0
11.00 25 27 30 6 134.50 125.50 27 0 0 0
10.00 25 27 30 6 134.50 125.50 27 0 0 0
10.00 25 27 30 6 134.50 125.50 27 0 0 0
12.00 25 27 30 6 134.50 125.50 27 0 0 0
10.00 25 28 30 6 108.00 152.00 28 0 0 0
11.00 25 28 30 6 133.00 127.00 28 0 0 0
10.00 25 28 30 6 133.00 127.00 28 0 0 0
11.00 25 28 30 6 133.00 127.00 28 0 0 0
11.00 26 28 30 6 133.00 127.00 28 0 0 0
10.00 25 28 30 6 133.00 127.00 28 0 0 0
11.00 26 28 30 6 133.00 127.00 28 0 0 0
11.00 26 29 30 6 108.77 151.23 29 0 0 0
11.00 25 28 30 6 155.73 -105.73 28 0 0 0
10.00 26 28 30 6 133.00 127.00 28 0 0 0
12.00 26 29 30 6 110.67 149.33 29 0 0 0
10.00 25 29 30 6 131.50 128.50 29 0 0 0
10.00 26 29 30 6 131.50 128.50 29 0 0 0
11.00 26 29 30 6 131.50 128.50 29 0 0 0
10.00 25 29 30 6 131.50 128.50 29 0 0 0
12.00 25 29 30 6 131.50 128.50 29 0 0 0
10.00 26 29 30 6 131.50 128.50 29 0 0 0
10.00 26 29 30 6 131.50 128.50 29 0 0 0
11.00 26 29 30 6 131.50 128.50 29 0 0 0
11.00 26 29 30 6 131.50 128.50 29 0 0 0
11.00 26 29 30 6 131.50 128.50 29 0 0 0
10.00 27 29 30 6 131.50 128.50 29 0 0 0
12.00 26 29 30 6 131.50 128.50 29 0 0 0
10.00 27 29 30 6 131.50 128.50 29 0 0 0
10.00 27 30 30 6 0.00 155.00 30 0 0 0
10.00 27 30 30 6 130.00 130.00 30 0 0 0
11.00 27 29 30 6 154.23 105.77 29 0 0 0
11.00 27 30 30 6 107.27 152.73 30 0 0 0
10.00 27 30 30 6 130.00 130.00 30 0 0 0
11.00 28 30 30 6 130.00 130.00 30 0 0 0
10.00 27 30 30 6 130.00 130.00 30 0 0 0
12.00 28 30 30 6 130.00 130.00 30 0 0 0
10.00 28 30 30 6 130.00 130.00 30 0 0 0
11.00 28 30 30 6 130.00 130.00 30 0 0 0
10.00 28 30 30 6 130.00 130.00 30 0 0 0
11.00 28 30 30 6 130.00 130.00 30 0 0 0
11.00 28 30 30 6 130.00 130.00 30 0 0 0
10.00 28 30 30 6 130.00 130.00 30 0 0 0
11.00 28 30 30 6 130.00 130.00 30 0 0 0
11.00 28 31 30 6 105.77 154.23 31 0 0 0
10.00 28 31 30 6 128.50 131.50 31 0 0 0
11.00 29 31 30 6 128.50 131.50 31 0 0 0
10.00 28 31 30 6 128.50 131.50 31 0 0 0
12.00 29 31 30 6 128.50 131.50 31 0 0 0
10.00 29 32 30 6 -108.00 158.00 32 0 0 0
11.00 29 31 30 6 151.23 108.77 31 0 0 0
10.00 28 31 30 6 128.50 131.50 31 0 0 0
12.00 29 31 30 6 128.50 131.50 31 0 0 0
10.00 29 31 30 6 128.50 131.50 31 0 0 0
10.00 29 31 30 6 128.50 131.50 31 0 0 0
11.00 29 31 30 6 128.50 131.50 31 0 0 0
11.00 29 32 30 6 -105.73 155.73 32 0 0 0
11.00 29 32 30 6 127.00 133.00 32 0 0 0
10.00 29 32 30 6 127.00 133.00 32 0 0 0
11.00 29 32 30 6 127.00 133.00 32 0 0 0
11.00 29 32 30 6 127.00 133.00 32 0 0 0
10.00 29 32 30 6 127.00 133.00 32 0 0 0
11.00 29 32 30 6 127.00 133.00 32 0 0 0
10.00 29 32 30 6 127.00 133.00 32 0 0 0
12.00 29 32 30 6 127.00 133.00 32 0 0 0
10.00 29 32 30 6 127.00 133.00 32 0 0 0
11.00 29 32 30 6 127.00 133.00 32 0 0 0
10.00 29 32 30 6 127.00 133.00 32 0 0 0
11.00 30 32 30 6 127.00 133.00 32 0 0 0
11.00 29 32 30 6 127.00 133.00 32 0 0 0
10.00 29 33 30 6 -109.50 159.50 33 0 0 0
11.00 30 32 30 6 149.73 110.27 32 0 0 0
11.00 30 32 30 6 127.00 133.00 32 0 0 0
11.00 30 32 30 6 127.00 133.00 32 0 0 0
10.00 30 33 30 6 -109.50 159.50 33 0 0 0
12.00 30 32 30 6 147.83 112.17 32 0 0 0
10.00 30 32 30 6 127.00 133.00 32 0 0 0
11.00 31 32 30 6 127.00 133.00 32 0 0 0
10.00 30 32 30 6 127.00 133.00 32 0 0 0
10.00 30 32 30 6 127.00 133.00 32 0 0 0
12.00 30 33 30 6 -105.33 155.33 33 0 0 0
10.00 30 33 30 6 125.50 134.50 33 0 0 0
11.00 30 33 30 6 125.50 134.50 33 0 0 0
10.00 30 32 30 6 152.00 108.00 32 0 0 0
12.00 30 32 30 6 127.00 133.00 32 0 0 0
10.00 31 33 30 6 -109.50 159.50 33 0 0 0
11.00 30 32 30 6 149.73 110.27 32 0 0 0
11.00 31 32 30 6 127.00 133.00 32 0 0 0
11.00 30 32 30 6 127.00 133.00 32 0 0 0
10.00 30 33 30 6 -109.50 159.50 33 0 0 0
11.00 31 32 30 6 149.73 110.27 32 0 0 0
11.00 30 32 30 6 127.00 133.00 32 0 0 0
10.00 31 32 30 6 127.00 133.00 32 0 0 0
11.00 31 32 30 6 127.00 133.00 32 0 0 0
10.00 31 32 30 6 127.00 133.00 32 0 0 0
12.00 31 32 30 6 127.00 133.00 32 0 0 0
10.00 31 32 30 6 127.00 133.00 32 0 0 0
11.00 31 32 30 6 127.00 133.00 32 0 0 0
10.00 31 32 30 6 127.00 133.00 32 0 0 0
11.00 31 32 30 6 127.00 133.00 32 0 0 0
11.00 31 32 30 6 127.00 133.00 32 0 0 0
10.00 31 32 30 6 127.00 133.00 32 0 0 0
11.00 31 31 30 6 151.23 108.77 31 0 0 0
11.00 31 31 30 6 128.50 131.50 31 0 0 0
10.00 31 32 30 6 -108.00 158.00 32 0 0 0
11.00 31 31 30 6 151.23 108.77 31 0 0 0
10.00 31 32 30 6 -108.00 158.00 32 0 0 0
12.00 31 31 30 6 149.33 110.67 31 0 0 0
11.00 31 32 30 6 -105.73 155.73 32 0 0 0
10.00 31 32 30 6 127.00 133.00 32 0 0 0
11.00 30 32 30 6 127.00 133.00 32 0 0 0
11.00 31 32 30 6 127.00 133.00 32 0 0 0
10.00 30 32 30 6 127.00 133.00 32 0 0 0
11.00 30 32 30 6 127.00 133.00 32 0 0 0
10.00 30 32 30 6 127.00 133.00 32 0 0 0
12.00 31 32 30 6 127.00 133.00 32 0 0 0
10.00 31 31 30 6 153.50 106.50 31 0 0 0
10.00 30 31 30 6 128.50 131.50 31 0 0 0
11.00 30 31 30 6 128.50 131.50 31 0 0 0
11.00 30 31 30 6 128.50 131.50 31 0 0 0
11.00 31 31 30 6 128.50 131.50 31 0 0 0
10.00 31 31 30 6 128.50 131.50 31 0 0 0
11.00 31 31 30 6 128.50 131.50 31 0 0 0
11.00 30 31 30 6 128.50 131.50 31 0 0 0
10.00 31 31 30 6 128.50 131.50 31 0 0 0
11.00 31 31 30 6 128.50 131.50 31 0 0 0
10.00 31 31 30 6 128.50 131.50 31 0 0 0
12.00 31 31 30 6 128.50 131.50 31 0 0 0
10.00 31 31 30 6 128.50 131.50 31 0 0 0
10.00 31 30 30 6 155.00 0.00 30 0 0 0
10.00 31 30 30 6 130.00 130.00 30 0 0 0
12.00 31 31 30 6 107.67 152.33 31 0 0 0
10.00 31 31 30 6 128.50 131.50 31 0 0 0
11.00 30 31 30 6 128.50 131.50 31 0 0 0
10.00 31 31 30 6 128.50 131.50 31 0 0 0
11.00 31 31 30 6 128.50 131.50 31 0 0 0
11.00 32 31 30 6 128.50 131.50 31 0 0 0
10.00 31 31 30 6 128.50 131.50 31 0 0 0
11.00 31 31 30 6 128.50 131.50 31 0 0 0
11.00 31 31 30 6 128.50 131.50 31 0 0 0
10.00 30 31 30 6 128.50 131.50 31 0 0 0
11.00 31 30 30 6 152.73 107.27 30 0 0 0
10.00 30 30 30 6 130.00 130.00 30 0 0 0
12.00 30 30 30 6 130.00 130.00 30 0 0 0
10.00 30 31 30 6 -106.50 156.50 31 0 0 0
11.00 30 30 30 6 152.73 107.27 30 0 0 0
10.00 31 30 30 6 130.00 130.00 30 0 0 0
12.00 31 30 30 6 130.00 130.00 30 0 0 0
10.00 31 30 30 6 130.00 130.00 30 0 0 0
10.00 31 30 30 6 130.00 130.00 30 0 0 0
11.00 32 30 30 6 130.00 130.00 30 0 0 0
11.00 31 30 30 6 130.00 130.00 30 0 0 0
11.00 31 30 30 6 130.00 130.00 30 0 0 0
10.00 30 30 30 6 130.00 130.00 30 0 0 0
10.00 30 30 30 6 130.00 130.00 30 0 0 0
12.00 30 30 30 6 130.00 130.00 30 0 0 0
10.00 30 30 30 6 130.00 130.00 30 0 0 0
11.00 30 29 30 6 154.23 105.77 29 0 0 0
10.00 30 30 30 6 0.00 155.00 30 0 0 0
11.00 30 29 30 6 154.23 105.77 29 0 0 0
10.00 30 30 30 6 0.00 155.00 30 0 0 0
10.00 30 30 30 6 130.00 130.00 30 0 0 0
11.00 30 30 30 6 130.00 130.00 30 0 0 0
10.00 30 29 30 6 156.50 -106.50 29 0 0 0
12.00 30 29 50 6 255.00 -255.00 29 0 0 0
10.00 30 29 50 6 161.50 -111.50 29 0 0 0
11.00 30 30 50 6 137.27 122.73 30 0 0 0
10.00 30 29 50 6 186.50 -136.50 29 0 0 0
12.00 30 30 50 6 139.17 120.83 30 0 0 0
11.00 30 29 50 6 184.23 -134.23 29 0 0 0
10.00 29 29 50 6 161.50 -111.50 29 0 0 0
12.00 30 29 50 6 161.50 -111.50 29 0 0 0
11.00 30 29 50 6 161.50 -111.50 29 0 0 0
10.00 30 29 50 6 161.50 -111.50 29 0 0 0
11.00 30 30 50 6 137.27 122.73 30 0 0 0
11.00 30 30 50 6 160.00 -110.00 30 0 0 0
11.00 30 30 50 6 160.00 -110.00 30 0 0 0
11.00 30 30 50 6 160.00 -110.00 30 0 0 0
10.00 30 30 50 6 160.00 -110.00 30 0 0 0
12.00 30 30 50 6 160.00 -110.00 30 0 0 0
11.00 29 31 50 6 135.77 124.23 31 0 0 0
10.00 29 31 50 6 158.50 -108.50 31 0 0 0
11.00 30 31 50 6 158.50 -108.50 31 0 0 0
11.00 29 31 50 6 158.50 -108.50 31 0 0 0
11.00 29 32 50 6 134.27 125.73 32 0 0 0
10.00 29 32 50 6 157.00 -107.00 32 0 0 0
11.00 30 33 50 6 132.77 127.23 33 0 0 0
11.00 30 33 50 6 155.50 -105.50 33 0 0 0
11.00 30 33 50 6 155.50 -105.50 33 0 0 0
11.00 30 34 50 6 131.27 128.73 34 0 0 0
10.00 30 34 50 6 154.00 106.00 34 0 0 0
12.00 31 35 50 6 131.67 128.33 35 0 0 0
10.00 31 35 50 6 152.50 107.50 35 0 0 0
10.00 31 36 50 6 126.00 134.00 36 0 0 0
11.00 31 36 50 6 151.00 109.00 36 0 0 0
11.00 31 36 50 6 151.00 109.00 36 0 0 0
11.00 33 37 50 6 126.77 133.23 37 0 0 0
10.00 32 37 50 6 149.50 110.50 37 0 0 0
11.00 32 38 50 6 125.27 134.73 38 0 0 0
11.00 33 38 50 6 148.00 112.00 38 0 0 0
10.00 34 39 50 6 121.50 138.50 39 0 0 0
11.00 129 39 50 6 146.50 113.50 39 0 0 0
13.00 34 40 50 6 125.77 134.23 40 0 0 0
9.00 114 40 50 6 145.00 115.00 40 0 0 0
12.00 128 41 50 6 122.67 137.33 41 0 0 0
13.00 141 41 50 6 143.50 116.50 41 0 0 0
21.00 150 41 50 6 143.50 116.50 41 0 0 0
19.00 161 41 50 6 143.50 116.50 41 0 0 0
22.00 150 41 50 6 143.50 116.50 41 0 0 0
20.00 155 41 50 6 143.50 116.50 41 0 0 0
20.00 153 41 50 6 143.50 116.50 41 0 0 0
21.00 160 41 50 6 143.50 116.50 41 0 0 0
21.00 127 41 50 6 143.50 116.50 41 0 0 0
19.00 153 41 50 6 143.50 116.50 41 0 0 0
22.00 3216 41 50 6 143.50 116.50 41 0 0 0
200.00 6 41 50 6 143.50 116.50 41 0 0 0
14.00 152 41 50 6 143.50 116.50 41 0 0 0
18.00 153 41 50 6 143.50 116.50 41 0 0 0
23.00 157 41 50 6 143.50 116.50 41 0 0 0
21.00 167 41 50 6 143.50 116.50 41 0 0 0
24.00 156 41 50 6 143.50 116.50 41 0 0 0
21.00 157 41 50 6 143.50 116.50 41 0 0 0
23.00 158 41 50 6 143.50 116.50 41 0 0 0
27.00 158 41 50 6 143.50 116.50 41 0 0 0
22.00 158 41 50 6 143.50 116.50 41 0 0 0
22.00 156 41 50 6 143.50 116.50 41 0 0 0
21.00 171 41 50 6 143.50 116.50 41 0 0 0
22.00 265 41 50 6 143.50 116.50 41 0 0 0
33.00 264 41 50 6 143.50 116.50 41 0 0 0
33.00 233 41 50 6 143.50 116.50 41 0 0 0
32.00 232 41 50 6 143.50 116.50 41 0 0 0
30.00 232 41 50 6 143.50 116.50 41 0 0 0
32.00 231 41 50 6 143.50 116.50 41 0 0 0
32.00 260 41 50 6 143.50 116.50 41 0 0 0
33.00 259 41 50 6 143.50 116.50 41 0 0 0
33.00 229 41 50 6 143.50 116.50 41 0 0 0
32.00 230 41 50 6 143.50 116.50 41 0 0 0
31.00 228 41 50 6 143.50 116.50 41 0 0 0
29.00 256 41 50 6 143.50 116.50 41 0 0 0
31.00 232 41 50 6 143.50 116.50 41 0 0 0
32.00 221 41 50 6 143.50 116.50 41 0 0 0
30.00 242 41 50 6 143.50 116.50 41 0 0 0
30.00 255 41 50 6 143.50 116.50 41 0 0 0
32.00 216 41 50 6 143.50 116.50 41 0 0 0
177.00 137 41 50 6 143.50 116.50 41 0 0 0
27.00 174 41 50 6 143.50 116.50 41 0 0 0
17.00 148 41 50 6 143.50 116.50 41 0 0 0
19.00 254 41 50 6 143.50 116.50 41 0 0 0
33.00 254 41 50 6 143.50 116.50 41 0 0 0
32.00 143 41 50 6 143.50 116.50 41 0 0 0
18.00 115 41 50 6 143.50 116.50 41 0 0 0
16.00 151 41 50 6 143.50 116.50 41 0 0 0
18.00 145 41 50 6 143.50 116.50 41 0 0 0
18.00 144 41 50 6 143.50 116.50 41 0 0 0
17.00 204 41 50 6 143.50 116.50 41 0 0 0
22.00 143 41 50 6 143.50 116.50 41 0 0 0
17.00 151 41 50 6 143.50 116.50 41 0 0 0
19.00 256 41 50 6 143.50 116.50 41 0 0 0
32.00 121 41 50 6 143.50 116.50 41 0 0 0
18.00 157 41 50 6 143.50 116.50 41 0 0 0
18.00 155 41 50 6 143.50 116.50 41 0 0 0
18.00 256 41 50 6 143.50 116.50 41 0 0 0
32.00 257 41 50 6 143.50 116.50 41 0 0 0
34.00 120 41 50 6 143.50 116.50 41 0 0 0
18.00 257 41 50 6 143.50 116.50 41 0 0 0
33.00 257 41 50 6 143.50 116.50 41 0 0 0
33.00 153 41 50 6 143.50 116.50 41 0 0 0
19.00 124 41 50 6 143.50 116.50 41 0 0 0
17.00 159 41 50 6 143.50 116.50 41 0 0 0
17.00 241 41 50 6 143.50 116.50 41 0 0 0
33.00 235 41 50 6 143.50 116.50 41 0 0 0
32.00 236 41 50 6 143.50 116.50 41 0 0 0
32.00 146 41 50 6 143.50 116.50 41 0 0 0
18.00 145 41 50 6 143.50 116.50 41 0 0 0
18.00 99 41 50 6 143.50 116.50 41 0 0 0
15.00 144 41 50 6 143.50 116.50 41 0 0 0
17.00 126 41 50 6 143.50 116.50 41 0 0 0
18.00 257 41 50 6 143.50 116.50 41 0 0 0
23.00 257 41 50 6 143.50 116.50 41 0 0 0
34.00 151 41 50 6 143.50 116.50 41 0 0 0
17.00 157 41 50 6 143.50 116.50 41 0 0 0
18.00 256 41 50 6 143.50 116.50 41 0 0 0
24.00 155 41 50 6 143.50 116.50 41 0 0 0
19.00 259 41 50 6 143.50 116.50 41 0 0 0
33.00 146 41 50 6 143.50 116.50 41 0 0 0
18.00 121 41 50 6 143.50 116.50 41 0 0 0
17.00 121 41 50 6 143.50 116.50 41 0 0 0
18.00 141 41 50 6 143.50 116.50 41 0 0 0
18.00 3229 41 50 6 143.50 116.50 41 0 0 0
199.00 6 98 50 0 0.00 0.00 52 0 0 0
9.00 111 94 50 0 0.00 0.00 102 0 0 0
15.00 146 96 50 0 0.00 0.00 121 0 0 0
17.00 147 98 50 0 0.00 0.00 122 0 0 0
17.00 151 93 50 0 0.00 0.00 122 0 0 0
19.00 153 88 50 0 0.00 0.00 120 0 0 0
16.00 147 95 50 0 0.00 0.00 121 0 0 0
18.00 147 96 50 0 0.00 0.00 121 0 0 0
17.00 143 98 50 0 0.00 0.00 120 0 0 0
17.00 146 95 50 0 0.00 0.00 120 0 0 0
18.00 146 96 50 0 0.00 0.00 121 0 0 0
17.00 139 103 50 0 0.00 0.00 121 0 0 0
18.00 3218 249 50 0 0.00 0.00 1733 0 0 0
206.00 5 249 50 0 0.00 0.00 127 0 0 0
19.00 103 205 50 0 0.00 0.00 154 0 0 0
21.00 135 107 50 0 0.00 0.00 121 0 0 0
18.00 3228 250 50 0 0.00 0.00 1739 0 0 0
208.00 5 88 50 0 0.00 0.00 46 0 0 0
8.00 258 105 50 0 0.00 0.00 181 0 0 0
24.00 258 97 50 0 0.00 0.00 177 0 0 0
24.00 258 250 50 0 0.00 0.00 254 0 0 0
34.00 215 92 50 0 0.00 0.00 153 0 0 0
20.00 140 102 50 0 0.00 0.00 121 0 0 0
18.00 146 97 50 0 0.00 0.00 121 0 0 0
17.00 257 251 50 0 0.00 0.00 254 0 0 0
34.00 259 249 50 0 0.00 0.00 254 0 0 0
33.00 258 249 50 0 0.00 0.00 253 0 0 0
32.00 152 93 50 0 0.00 0.00 122 0 0 0
18.00 144 98 50 0 0.00 0.00 121 0 0 0
17.00 3233 250 50 0 0.00 0.00 1741 0 0 0
208.00 6 80 50 0 0.00 0.00 43 0 0 0
8.00 3234 80 50 0 0.00 0.00 1657 0 0 0
198.00 6 74 50 0 0.00 0.00 40 0 0 0
8.00 93 74 50 0 0.00 0.00 83 0 0 0
13.00 70 73 50 0 0.00 0.00 71 0 0 0
12.00 113 74 50 0 0.00 0.00 93 0 0 0
13.00 70 73 50 0 0.00 0.00 71 0 0 0
12.00 70 72 50 0 0.00 0.00 71 0 0 0
12.00 68 72 50 0 0.00 0.00 70 0 0 0
11.00 69 72 50 0 0.00 0.00 70 0 0 0
11.00 69 71 50 0 0.00 0.00 70 0 0 0
11.00 69 70 50 0 0.00 0.00 69 0 0 0
12.00 69 72 50 0 0.00 0.00 70 0 0 0
11.00 68 70 50 0 0.00 0.00 69 0 0 0
11.00 68 70 50 0 0.00 0.00 69 0 0 0
10.00 68 70 50 0 0.00 0.00 69 0 0 0
12.00 68 70 50 0 0.00 0.00 69 0 0 0
11.00 68 69 50 0 0.00 0.00 68 0 0 0
11.00 68 69 50 0 0.00 0.00 68 0 0 0
11.00 68 69 50 0 0.00 0.00 68 0 0 0
12.00 68 69 50 0 0.00 0.00 68 0 0 0
11.00 69 69 50 0 0.00 0.00 69 0 0 0
10.00 69 68 50 0 0.00 0.00 68 0 0 0
11.00 69 68 50 0 0.00 0.00 68 0 0 0
12.00 69 68 50 0 0.00 0.00 68 0 0 0
11.00 69 68 50 0 0.00 0.00 68 0 0 0
11.00 69 68 50 0 0.00 0.00 68 0 0 0
12.00 70 68 50 0 0.00 0.00 69 0 0 0
10.00 70 67 50 0 0.00 0.00 68 0 0 0
11.00 70 68 50 0 0.00 0.00 69 0 0 0
11.00 71 67 50 0 0.00 0.00 69 0 0 0
12.00 71 68 50 0 0.00 0.00 69 0 0 0
11.00 72 68 50 0 0.00 0.00 70 0 0 0
11.00 72 68 50 0 0.00 0.00 70 0 0 0
11.00 72 68 50 0 0.00 0.00 70 0 0 0
12.00 73 68 50 0 0.00 0.00 70 0 0 0
11.00 73 68 50 0 0.00 0.00 70 0 0 0
11.00 74 68 50 0 0.00 0.00 71 0 0 0
11.00 74 69 50 0 0.00 0.00 71 0 0 0
12.00 75 68 50 0 0.00 0.00 71 0 0 0
11.00 74 67 50 0 0.00 0.00 70 0 0 0
11.00 75 68 50 0 0.00 0.00 71 0 0 0
12.00 75 68 50 0 0.00 0.00 71 0 0 0
12.00 76 68 50 0 0.00 0.00 72 0 0 0
11.00 76 69 50 0 0.00 0.00 72 0 0 0
11.00 77 68 50 0 0.00 0.00 72 0 0 0
12.00 77 68 50 0 0.00 0.00 72 0 0 0
12.00 77 69 50 0 0.00 0.00 73 0 0 0
11.00 76 70 50 0 0.00 0.00 73 0 0 0
11.00 77 69 50 0 0.00 0.00 73 0 0 0
13.00 77 68 50 0 0.00 0.00 72 0 0 0
11.00 77 69 50 0 0.00 0.00 73 0 0 0
11.00 77 70 50 0 0.00 0.00 73 0 0 0
12.00 79 70 50 0 0.00 0.00 74 0 0 0
12.00 81 183 50 0 0.00 0.00 132 0 0 0
19.00 3221 3327 50 0 0.00 0.00 3274 0 0 0
3