10.00 46 46 30 0 0.00 0.00 46 0 0 0
10.00 46 46 30 0 0.00 0.00 46 0 0 0
9.00 46 46 30 0 0.00 0.00 46 0 0 0
9.00 47 47 30 0 0.00 0.00 47 0 0 0
10.00 46 46 30 0 0.00 0.00 46 0 0 0
10.00 47 47 30 0 0.00 0.00 47 0 0 0
9.00 46 46 30 0 0.00 0.00 46 0 0 0
9.00 46 46 30 0 0.00 0.00 46 0 0 0
9.00 47 46 30 0 0.00 0.00 46 0 0 0
10.00 47 47 30 0 0.00 0.00 47 0 0 0
10.00 47 47 30 0 0.00 0.00 47 0 0 0
9.00 46 46 30 0 0.00 0.00 46 0 0 0
9.00 46 46 30 0 0.00 0.00 46 0 0 0
11.00 47 47 30 0 0.00 0.00 47 0 0 0
9.00 47 47 30 0 0.00 0.00 47 0 0 0
9.00 47 46 30 0 0.00 0.00 46 0 0 0
9.00 47 46 30 0 0.00 0.00 46 0 0 0
9.00 47 46 30 0 0.00 0.00 46 0 0 0
10.00 46 46 30 0 0.00 0.00 46 0 0 0
10.00 46 46 30 0 0.00 0.00 46 0 0 0
9.00 47 46 30 0 0.00 0.00 46 0 0 0
9.00 47 47 30 0 0.00 0.00 47 0 0 0
11.00 46 46 30 0 0.00 0.00 46 0 0 0
9.00 46 46 30 0 0.00 0.00 46 0 0 0
9.00 47 47 30 0 0.00 0.00 47 0 0 0
9.00 47 46 30 0 0.00 0.00 46 0 0 0
9.00 47 46 30 0 0.00 0.00 46 0 0 0
11.00 47 46 30 0 0.00 0.00 46 0 0 0
9.00 46 46 30 0 0.00 0.00 46 0 0 0
9.00 47 47 30 0 0.00 0.00 47 0 0 0
9.00 46 46 30 0 0.00 0.00 46 0 0 0
9.00 46 46 30 0 0.00 0.00 46 0 0 0
10.00 46 46 30 0 0.00 0.00 46 0 0 0
10.00 46 46 30 0 0.00 0.00 46 0 0 0
9.00 46 46 30 0 0.00 0.00 46 0 0 0
9.00 47 47 30 0 0.00 0.00 47 0 0 0
11.00 47 46 30 0 0.00 0.00 46 0 0 0
9.00 46 46 30 0 0.00 0.00 46 0 0 0
9.00 46 46 30 0 0.00 0.00 46 0 0 0
9.00 46 46 30 0 0.00 0.00 46 0 0 0
9.00 47 46 30 0 0.00 0.00 46 0 0 0
11.00 47 46 30 0 0.00 0.00 46 0 0 0
9.00 47 46 30 0 0.00 0.00 46 0 0 0
9.00 47 46 30 0 0.00 0.00 46 0 0 0
9.00 47 46 30 0 0.00 0.00 46 0 0 0
10.00 46 46 30 0 0.00 0.00 46 0 0 0
10.00 47 46 30 0 0.00 0.00 46 0 0 0
9.00 47 47 30 0 0.00 0.00 47 0 0 0
9.00 46 46 30 0 0.00 0.00 46 0 0 0
9.00 47 46 30 0 0.00 0.00 46 0 0 0
11.00 47 46 30 0 0.00 0.00 46 0 0 0
9.00 47 46 30 0 0.00 0.00 46 0 0 0
9.00 46 46 30 0 0.00 0.00 46 0 0 0
9.00 46 46 30 0 0.00 0.00 46 0 0 0
10.00 47 46 30 0 0.00 0.00 46 0 0 0
10.00 47 46 30 0 0.00 0.00 46 0 0 0
9.00 47 47 30 0 0.00 0.00 47 0 0 0
9.00 47 46 30 0 0.00 0.00 46 0 0 0
9.00 47 47 30 0 0.00 0.00 47 0 0 0
11.00 47 47 30 0 0.00 0.00 47 0 0 0
9.00 46 46 30 0 0.00 0.00 46 0 0 0
9.00 46 46 30 0 0.00 0.00 46 0 0 0
9.00 47 47 30 0 0.00 0.00 47 0 0 0
10.00 47 47 30 0 0.00 0.00 47 0 0 0
10.00 46 46 30 0 0.00 0.00 46 0 0 0
9.00 46 46 30 0 0.00 0.00 46 0 0 0
9.00 46 46 30 0 0.00 0.00 46 0 0 0
9.00 46 46 30 0 0.00 0.00 46 0 0 0
11.00 46 46 30 0 0.00 0.00 46 0 0 0
9.00 46 46 30 0 0.00 0.00 46 0 0 0
9.00 46 46 30 0 0.00 0.00 46 0 0 0
9.00 46 46 30 0 0.00 0.00 46 0 0 0
10.00 46 46 30 0 0.00 0.00 46 0 0 0
10.00 47 46 30 0 0.00 0.00 46 0 0 0
9.00 47 46 30 0 0.00 0.00 46 0 0 0
9.00 47 46 30 0 0.00 0.00 46 0 0 0
9.00 47 46 30 0 0.00 0.00 46 0 0 0
11.00 46 46 30 0 0.00 0.00 46 0 0 0
9.00 47 46 30 0 0.00 0.00 46 0 0 0
9.00 47 46 30 0 0.00 0.00 46 0 0 0
9.00 47 46 30 0 0.00 0.00 46 0 0 0
10.00 47 46 30 0 0.00 0.00 46 0 0 0
10.00 46 46 30 0 0.00 0.00 46 0 0 0
9.00 46 46 30 0 0.00 0.00 46 0 0 0
9.00 46 46 30 0 0.00 0.00 46 0 0 0
9.00 47 46 30 0 0.00 0.00 46 0 0 0
11.00 46 46 30 0 0.00 0.00 46 0 0 0
9.00 46 46 30 0 0.00 0.00 46 0 0 0
9.00 46 46 30 0 0.00 0.00 46 0 0 0
9.00 47 46 30 0 0.00 0.00 46 0 0 0
10.00 46 46 30 0 0.00 0.00 46 0 0 0
10.00 46 46 30 0 0.00 0.00 46 0 0 0
9.00 47 46 30 0 0.00 0.00 46 0 0 0
9.00 47 46 30 0 0.00 0.00 46 0 0 0
10.00 47 46 30 0 0.00 0.00 46 0 0 0
10.00 46 46 30 0 0.00 0.00 46 0 0 0
9.00 46 46 30 0 0.00 0.00 46 0 0 0
9.00 47 46 30 0 0.00 0.00 46 0 0 0
10.00 46 46 30 0 0.00 0.00 46 0 0 0
10.00 47 46 30 0 0.00 0.00 46 0 0 0
9.00 47 46 30 0 0.00 0.00 46 0 0 0
10.00 46 46 30 0 0.00 0.00 46 0 0 0
9.00 46 46 30 0 0.00 0.00 46 0 0 0
9.00 46 46 30 0 0.00 0.00 46 0 0 0
10.00 46 46 30 0 0.00 0.00 46 0 0 0
10.00 47 46 30 0 0.00 0.00 46 0 0 0
9.00 46 46 30 0 0.00 0.00 46 0 0 0
9.00 47 47 30 0 0.00 0.00 47 0 0 0
10.00 46 46 30 0 0.00 0.00 46 0 0 0
10.00 47 46 30 0 0.00 0.00 46 0 0 0
9.00 46 46 30 0 0.00 0.00 46 0 0 0
9.00 46 46 30 0 0.00 0.00 46 0 0 0
9.00 47 47 30 0 0.00 0.00 47 0 0 0
10.00 46 46 30 0 0.00 0.00 46 0 0 0
10.00 47 47 30 0 0.00 0.00 47 0 0 0
9.00 46 46 30 0 0.00 0.00 46 0 0 0
9.00 46 46 30 0 0.00 0.00 46 0 0 0
11.00 46 46 30 0 0.00 0.00 46 0 0 0
9.00 46 46 30 0 0.00 0.00 46 0 0 0
9.00 45 46 30 0 0.00 0.00 45 0 0 0
9.00 46 46 30 0 0.00 0.00 46 0 0 0
9.00 46 46 30 0 0.00 0.00 46 0 0 0
11.00 47 46 30 0 0.00 0.00 46 0 0 0
9.00 47 47 30 0 0.00 0.00 47 0 0 0
9.00 46 46 30 0 0.00 0.00 46 0 0 0
9.00 47 46 30 0 0.00 0.00 46 0 0 0
10.00 47 46 30 0 0.00 0.00 46 0 0 0
10.00 47 47 30 0 0.00 0.00 47 0 0 0
9.00 46 46 30 0 0.00 0.00 46 0 0 0
9.00 46 46 30 0 0.00 0.00 46 0 0 0
9.00 47 46 30 0 0.00 0.00 46 0 0 0
11.00 47 46 30 0 0.00 0.00 46 0 0 0
9.00 46 46 30 0 0.00 0.00 46 0 0 0
9.00 46 46 30 0 0.00 0.00 46 0 0 0
9.00 47 46 30 0 0.00 0.00 46 0 0 0
10.00 47 46 30 0 0.00 0.00 46 0 0 0
10.00 46 46 30 0 0.00 0.00 46 0 0 0
9.00 47 47 30 0 0.00 0.00 47 0 0 0
9.00 47 46 30 0 0.00 0.00 46 0 0 0
9.00 47 46 30 0 0.00 0.00 46 0 0 0
11.00 47 46 30 0 0.00 0.00 46 0 0 0
9.00 46 46 30 0 0.00 0.00 46 0 0 0
9.00 46 46 30 0 0.00 0.00 46 0 0 0
9.00 46 46 30 0 0.00 0.00 46 0 0 0
10.00 46 46 30 0 0.00 0.00 46 0 0 0
10.00 47 46 30 0 0.00 0.00 46 0 0 0
9.00 47 47 30 0 0.00 0.00 47 0 0 0
9.00 47 46 30 0 0.00 0.00 46 0 0 0
9.00 47 46 30 0 0.00 0.00 46 0 0 0
11.00 46 46 30 0 0.00 0.00 46 0 0 0
9.00 46 46 30 0 0.00 0.00 46 0 0 0
9.00 46 46 30 0 0.00 0.00 46 0 0 0
9.00 47 46 30 0 0.00 0.00 46 0 0 0
10.00 47 46 30 0 0.00 0.00 46 0 0 0
10.00 46 46 30 0 0.00 0.00 46 0 0 0
9.00 47 46 30 0 0.00 0.00 46 0 0 0
9.00 47 46 30 0 0.00 0.00 46 0 0 0
9.00 47 47 30 0 0.00 0.00 47 0 0 0
11.00 47 47 30 0 0.00 0.00 47 0 0 0
9.00 47 47 30 0 0.00 0.00 47 0 0 0
9.00 47 46 30 0 0.00 0.00 46 0 0 0
9.00 47 46 30 0 0.00 0.00 46 0 0 0
10.00 46 46 30 0 0.00 0.00 46 0 0 0
10.00 47 47 30 0 0.00 0.00 47 0 0 0
9.00 47 47 30 0 0.00 0.00 47 0 0 0
9.00 47 46 30 0 0.00 0.00 46 0 0 0
10.00 47 46 30 0 0.00 0.00 46 0 0 0
10.00 47 46 30 0 0.00 0.00 46 0 0 0
9.00 47 46 30 0 0.00 0.00 46 0 0 0
9.00 47 46 30 0 0.00 0.00 46 0 0 0
10.00 47 47 30 0 0.00 0.00 47 0 0 0
10.00 46 46 30 0 0.00 0.00 46 0 0 0
9.00 47 47 30 0 0.00 0.00 47 0 0 0
10.00 47 46 30 0 0.00 0.00 46 0 0 0
9.00 47 46 30 0 0.00 0.00 46 0 0 0
9.00 46 46 30 0 0.00 0.00 46 0 0 0
10.00 47 46 30 0 0.00 0.00 46 0 0 0
10.00 46 46 30 0 0.00 0.00 46 0 0 0
9.00 47 46 30 0 0.00 0.00 46 0 0 0
9.00 48 46 30 0 0.00 0.00 47 0 0 0
10.00 46 46 30 0 0.00 0.00 46 0 0 0
10.00 47 46 30 0 0.00 0.00 46 0 0 0
9.00 48 46 30 0 0.00 0.00 47 0 0 0
9.00 47 46 30 0 0.00 0.00 46 0 0 0
9.00 47 46 30 0 0.00 0.00 46 0 0 0
10.00 46 46 30 0 0.00 0.00 46 0 0 0
10.00 46 46 30 0 0.00 0.00 46 0 0 0
9.00 46 46 30 0 0.00 0.00 46 0 0 0
9.00 47 46 30 0 0.00 0.00 46 0 0 0
11.00 47 46 30 0 0.00 0.00 46 0 0 0
9.00 47 46 30 0 0.00 0.00 46 0 0 0
9.00 47 47 30 0 0.00 0.00 47 0 0 0
9.00 46 46 30 0 0.00 0.00 46 0 0 0
9.00 46 46 30 0 0.00 0.00 46 0 0 0
10.00 46 46 30 0 0.00 0.00 46 0 0 0
10.00 47 46 30 0 0.00 0.00 46 0 0 0
9.00 47 46 30 0 0.00 0.00 46 0 0 0
9.00 47 46 30 0 0.00 0.00 46 0 0 0
11.00 46 46 30 0 0.00 0.00 46 0 0 0
9.00 46 46 30 0 0.00 0.00 46 0 0 0
9.00 47 47 30 0 0.00 0.00 47 0 0 0
9.00 46 46 30 0 0.00 0.00 46 0 0 0
9.00 47 47 30 0 0.00 0.00 47 0 0 0
11.00 47 46 30 0 0.00 0.00 46 0 0 0
9.00 47 46 30 0 0.00 0.00 46 0 0 0
9.00 47 47 30 0 0.00 0.00 47 0 0 0
9.00 47 46 30 0 0.00 0.00 46 0 0 0
9.00 47 46 30 0 0.00 0.00 46 0 0 0
10.00 46 46 30 0 0.00 0.00 46 0 0 0
10.00 46 46 30 0 0.00 0.00 46 0 0 0
9.00 46 46 30 0 0.00 0.00 46 0 0 0
9.00 46 46 30 0 0.00 0.00 46 0 0 0
11.00 46 46 30 0 0.00 0.00 46 0 0 0
9.00 46 46 30 0 0.00 0.00 46 0 0 0
9.00 46 46 30 0 0.00 0.00 46 0 0 0
9.00 46 46 30 0 0.00 0.00 46 0 0 0
9.00 46 46 30 0 0.00 0.00 46 0 0 0
11.00 46 46 30 0 0.00 0.00 46 0 0 0
9.00 46 46 30 0 0.00 0.00 46 0 0 0
9.00 46 46 30 0 0.00 0.00 46 0 0 0
9.00 46 46 30 0 0.00 0.00 46 0 0 0
10.00 47 46 30 0 0.00 0.00 46 0 0 0
10.00 46 46 30 0 0.00 0.00 46 0 0 0
9.00 47 47 30 0 0.00 0.00 47 0 0 0
9.00 47 46 30 0 0.00 0.00 46 0 0 0
9.00 47 46 30 0 0.00 0.00 46 0 0 0
11.00 47 46 30 0 0.00 0.00 46 0 0 0
9.00 46 46 30 0 0.00 0.00 46 0 0 0
9.00 46 46 30 0 0.00 0.00 46 0 0 0
9.00 46 47 30 0 0.00 0.00 46 0 0 0
10.00 47 47 30 0 0.00 0.00 47 0 0 0
10.00 46 46 30 0 0.00 0.00 46 0 0 0
9.00 46 46 30 0 0.00 0.00 46 0 0 0
9.00 47 47 30 0 0.00 0.00 47 0 0 0
9.00 46 46 30 0 0.00 0.00 46 0 0 0
11.00 47 47 30 0 0.00 0.00 47 0 0 0
9.00 46 46 30 0 0.00 0.00 46 0 0 0
9.00 47 47 30 0 0.00 0.00 47 0 0 0
9.00 46 46 30 0 0.00 0.00 46 0 0 0
10.00 46 46 30 0 0.00 0.00 46 0 0 0
10.00 47 46 30 0 0.00 0.00 46 0 0 0
9.00 47 47 30 0 0.00 0.00 47 0 0 0
9.00 47 47 30 0 0.00 0.00 47 0 0 0
9.00 46 46 30 0 0.00 0.00 46 0 0 0
11.00 47 46 30 0 0.00 0.00 46 0 0 0
9.00 47 46 30 0 0.00 0.00 46 0 0 0
9.00 46 46 30 0 0.00 0.00 46 0 0 0
9.00 47 46 30 0 0.00 0.00 46 0 0 0
10.00 47 47 30 0 0.00 0.00 47 0 0 0
10.00 46 46 30 0 0.00 0.00 46 0 0 0
9.00 47 46 30 0 0.00 0.00 46 0 0 0
9.00 46 46 30 0 0.00 0.00 46 0 0 0
9.00 47 47 30 0 0.00 0.00 47 0 0 0
11.00 47 47 30 0 0.00 0.00 47 0 0 0
9.00 47 47 30 0 0.00 0.00 47 0 0 0
9.00 46 46 30 0 0.00 0.00 46 0 0 0
9.00 46 46 30 0 0.00 0.00 46 0 0 0
10.00 46 46 30 0 0.00 0.00 46 0 0 0
10.00 46 46 30 0 0.00 0.00 46 0 0 0
9.00 47 46 30 0 0.00 0.00 46 0 0 0
9.00 46 46 30 0 0.00 0.00 46 0 0 0
9.00 46 46 30 0 0.00 0.00 46 0 0 0
11.00 46 46 30 0 0.00 0.00 46 0 0 0
9.00 47 46 30 0 0.00 0.00 46 0 0 0
9.00 47 46 30 0 0.00 0.00 46 0 0 0
9.00 47 47 30 0 0.00 0.00 47 0 0 0
10.00 46 46 30 0 0.00 0.00 46 0 0 0
10.00 47 46 30 0 0.00 0.00 46 0 0 0
9.00 46 46 30 0 0.00 0.00 46 0 0 0
9.00 47 47 30 0 0.00 0.00 47 0 0 0
10.00 47 47 30 0 0.00 0.00 47 0 0 0
10.00 47 47 30 0 0.00 0.00 47 0 0 0
9.00 46 46 30 0 0.00 0.00 46 0 0 0
9.00 47 47 30 0 0.00 0.00 47 0 0 0
10.00 47 46 30 0 0.00 0.00 46 0 0 0
10.00 46 46 30 0 0.00 0.00 46 0 0 0
9.00 47 47 30 0 0.00 0.00 47 0 0 0
10.00 47 47 30 0 0.00 0.00 47 0 0 0
9.00 47 46 30 0 0.00 0.00 46 0 0 0
9.00 46 46 30 0 0.00 0.00 46 0 0 0
10.00 47 46 30 0 0.00 0.00 46 0 0 0
10.00 46 46 30 0 0.00 0.00 46 0 0 0
9.00 46 46 30 0 0.00 0.00 46 0 0 0
9.00 46 46 30 0 0.00 0.00 46 0 0 0
10.00 47 46 30 0 0.00 0.00 46 0 0 0
10.00 46 46 30 0 0.00 0.00 46 0 0 0
9.00 47 47 30 0 0.00 0.00 47 0 0 0
9.00 46 46 30 0 0.00 0.00 46 0 0 0
9.00 47 47 30 0 0.00 0.00 47 0 0 0
10.00 47 47 30 0 0.00 0.00 47 0 0 0
10.00 46 46 30 0 0.00 0.00 46 0 0 0
9.00 47 47 30 0 0.00 0.00 47 0 0 0
9.00 47 47 30 0 0.00 0.00 47 0 0 0
11.00 47 46 30 0 0.00 0.00 46 0 0 0
9.00 46 46 30 0 0.00 0.00 46 0 0 0
9.00 46 46 30 0 0.00 0.00 46 0 0 0
9.00 46 46 30 0 0.00 0.00 46 0 0 0
9.00 46 46 30 0 0.00 0.00 46 0 0 0
11.00 47 46 30 0 0.00 0.00 46 0 0 0
9.00 46 46 30 0 0.00 0.00 46 0 0 0
9.00 46 46 30 0 0.00 0.00 46 0 0 0
9.00 46 47 30 0 0.00 0.00 46 0 0 0
10.00 47 47 30 0 0.00 0.00 47 0 0 0
10.00 46 46 30 0 0.00 0.00 46 0 0 0
9.00 47 46 30 0 0.00 0.00 46 0 0 0
9.00 47 47 30 0 0.00 0.00 47 0 0 0
9.00 47 47 30 0 0.00 0.00 47 0 0 0
11.00 46 46 30 0 0.00 0.00 46 0 0 0
9.00 46 46 30 0 0.00 0.00 46 0 0 0
9.00 47 47 30 0 0.00 0.00 47 0 0 0
9.00 46 47 30 0 0.00 0.00 46 0 0 0
10.00 47 47 30 0 0.00 0.00 47 0 0 0
10.00 47 47 30 0 0.00 0.00 47 0 0 0
9.00 47 47 30 0 0.00 0.00 47 0 0 0
9.00 47 47 30 0 0.00 0.00 47 0 0 0
9.00 46 46 30 0 0.00 0.00 46 0 0 0
11.00 47 47 30 0 0.00 0.00 47 0 0 0
9.00 47 47 30 0 0.00 0.00 47 0 0 0
9.00 47 47 30 0 0.00 0.00 47 0 0 0
9.00 46 46 30 0 0.00 0.00 46 0 0 0
10.00 47 47 30 0 0.00 0.00 47 0 0 0
10.00 47 47 30 0 0.00 0.00 47 0 0 0
9.00 47 47 30 0 0.00 0.00 47 0 0 0
9.00 47 47 30 0 0.00 0.00 47 0 0 0
9.00 47 47 30 0 0.00 0.00 47 0 0 0
11.00 47 47 30 0 0.00 0.00 47 0 0 0
9.00 47 47 30 0 0.00 0.00 47 0 0 0
9.00 46 46 30 0 0.00 0.00 46 0 0 0
9.00 46 46 30 0 0.00 0.00 46 0 0 0
10.00 46 46 30 0 0.00 0.00 46 0 0 0
10.00 46 46 30 0 0.00 0.00 46 0 0 0
9.00 46 46 30 0 0.00 0.00 46 0 0 0
9.00 46 46 30 0 0.00 0.00 46 0 0 0
9.00 46 46 30 0 0.00 0.00 46 0 0 0
11.00 47 46 30 0 0.00 0.00 46 0 0 0
9.00 47 46 30 0 0.00 0.00 46 0 0 0
9.00 47 46 30 0 0.00 0.00 46 0 0 0
9.00 47 47 30 0 0.00 0.00 47 0 0 0
10.00 47 46 30 0 0.00 0.00 46 0 0 0
10.00 47 46 30 0 0.00 0.00 46 0 0 0
9.00 47 47 30 0 0.00 0.00 47 0 0 0
9.00 47 47 30 0 0.00 0.00 47 0 0 0
10.00 47 47 30 0 0.00 0.00 47 0 0 0
10.00 47 46 30 0 0.00 0.00 46 0 0 0
9.00 47 47 30 0 0.00 0.00 47 0 0 0
9.00 46 46 30 0 0.00 0.00 46 0 0 0
10.00 47 47 30 0 0.00 0.00 47 0 0 0
10.00 47 47 30 0 0.00 0.00 47 0 0 0
9.00 47 47 30 0 0.00 0.00 47 0 0 0
10.00 47 47 30 0 0.00 0.00 47 0 0 0
9.00 47 47 30 0 0.00 0.00 47 0 0 0
9.00 47 46 30 0 0.00 0.00 46 0 0 0
10.00 46 46 30 0 0.00 0.00 46 0 0 0
10.00 47 47 30 0 0.00 0.00 47 0 0 0
9.00 46 46 30 0 0.00 0.00 46 0 0 0
9.00 47 46 30 0 0.00 0.00 46 0 0 0
10.00 46 46 30 0 0.00 0.00 46 0 0 0
10.00 46 46 30 0 0.00 0.00 46 0 0 0
9.00 46 46 30 0 0.00 0.00 46 0 0 0
9.00 46 46 30 0 0.00 0.00 46 0 0 0
9.00 46 46 30 0 0.00 0.00 46 0 0 0
10.00 47 46 30 0 0.00 0.00 46 0 0 0
10.00 47 46 30 0 0.00 0.00 46 0 0 0
9.00 46 46 30 0 0.00 0.00 46 0 0 0
9.00 46 46 30 0 0.00 0.00 46 0 0 0
11.00 46 46 30 0 0.00 0.00 46 0 0 0
9.00 47 47 30 0 0.00 0.00 47 0 0 0
9.00 47 47 30 0 0.00 0.00 47 0 0 0
9.00 46 46 30 0 0.00 0.00 46 0 0 0
9.00 46 46 30 0 0.00 0.00 46 0 0 0
10.00 46 46 30 0 0.00 0.00 46 0 0 0
10.00 46 46 30 0 0.00 0.00 46 0 0 0
9.00 47 46 30 0 0.00 0.00 46 0 0 0
9.00 47 47 30 0 0.00 0.00 47 0 0 0
11.00 46 46 30 0 0.00 0.00 46 0 0 0
9.00 46 46 30 0 0.00 0.00 46 0 0 0
9.00 46 46 30 0 0.00 0.00 46 0 0 0
9.00 46 46 30 0 0.00 0.00 46 0 0 0
9.00 46 46 30 0 0.00 0.00 46 0 0 0
11.00 46 46 30 0 0.00 0.00 46 0 0 0
9.00 46 46 30 0 0.00 0.00 46 0 0 0
9.00 47 47 30 0 0.00 0.00 47 0 0 0
9.00 46 46 30 0 0.00 0.00 46 0 0 0
9.00 47 47 30 0 0.00 0.00 47 0 0 0
10.00 47 46 30 0 0.00 0.00 46 0 0 0
10.00 48 47 30 0 0.00 0.00 47 0 0 0
9.00 47 46 30 0 0.00 0.00 46 0 0 0
9.00 46 46 30 0 0.00 0.00 46 0 0 0
11.00 47 46 30 0 0.00 0.00 46 0 0 0
9.00 46 46 30 0 0.00 0.00 46 0 0 0
9.00 47 46 30 0 0.00 0.00 46 0 0 0
9.00 46 46 30 0 0.00 0.00 46 0 0 0
9.00 47 46 30 0 0.00 0.00 46 0 0 0
11.00 47 46 30 0 0.00 0.00 46 0 0 0
9.00 47 46 30 0 0.00 0.00 46 0 0 0
9.00 46 46 30 0 0.00 0.00 46 0 0 0
9.00 46 46 30 0 0.00 0.00 46 0 0 0
10.00 47 46 30 0 0.00 0.00 46 0 0 0
10.00 47 46 30 0 0.00 0.00 46 0 0 0
9.00 46 46 30 0 0.00 0.00 46 0 0 0
9.00 46 46 30 0 0.00 0.00 46 0 0 0
9.00 47 46 30 0 0.00 0.00 46 0 0 0
11.00 48 46 30 0 0.00 0.00 47 0 0 0
9.00 47 47 30 0 0.00 0.00 47 0 0 0
9.00 47 46 30 0 0.00 0.00 46 0 0 0
9.00 47 46 30 0 0.00 0.00 46 0 0 0
10.00 46 46 30 0 0.00 0.00 46 0 0 0
10.00 47 46 30 0 0.00 0.00 46 0 0 0
9.00 47 47 30 0 0.00 0.00 47 0 0 0
9.00 47 47 30 0 0.00 0.00 47 0 0 0
9.00 46 46 30 0 0.00 0.00 46 0 0 0
11.00 47 47 30 0 0.00 0.00 47 0 0 0
9.00 46 46 30 0 0.00 0.00 46 0 0 0
9.00 46 46 30 0 0.00 0.00 46 0 0 0
9.00 47 46 30 0 0.00 0.00 46 0 0 0
10.00 46 46 30 0 0.00 0.00 46 0 0 0
10.00 46 46 30 0 0.00 0.00 46 0 0 0
9.00 46 46 30 0 0.00 0.00 46 0 0 0
9.00 46 46 30 0 0.00 0.00 46 0 0 0
9.00 47 47 30 0 0.00 0.00 47 0 0 0
11.00 46 46 30 0 0.00 0.00 46 0 0 0
9.00 46 46 30 0 0.00 0.00 46 0 0 0
9.00 46 46 30 0 0.00 0.00 46 0 0 0
9.00 46 46 30 0 0.00 0.00 46 0 0 0
10.00 47 47 30 0 0.00 0.00 47 0 0 0
10.00 46 46 30 0 0.00 0.00 46 0 0 0
9.00 47 46 30 0 0.00 0.00 46 0 0 0
9.00 47 47 30 0 0.00 0.00 47 0 0 0
9.00 47 47 30 0 0.00 0.00 47 0 0 0
11.00 47 47 30 0 0.00 0.00 47 0 0 0
9.00 47 47 30 0 0.00 0.00 47 0 0 0
9.00 47 46 30 0 0.00 0.00 46 0 0 0
9.00 46 46 30 0 0.00 0.00 46 0 0 0
10.00 46 46 30 0 0.00 0.00 46 0 0 0
10.00 46 46 30 0 0.00 0.00 46 0 0 0
9.00 46 46 30 0 0.00 0.00 46 0 0 0
9.00 46 46 30 0 0.00 0.00 46 0 0 0
9.00 47 46 30 0 0.00 0.00 46 0 0 0
11.00 46 46 30 0 0.00 0.00 46 0 0 0
9.00 47 47 30 0 0.00 0.00 47 0 0 0
9.00 46 46 30 0 0.00 0.00 46 0 0 0
9.00 46 46 30 0 0.00 0.00 46 0 0 0
10.00 47 46 30 0 0.00 0.00 46 0 0 0
10.00 46 46 30 0 0.00 0.00 46 0 0 0
9.00 46 46 30 0 0.00 0.00 46 0 0 0
9.00 47 46 30 0 0.00 0.00 46 0 0 0
10.00 46 46 30 0 0.00 0.00 46 0 0 0
10.00 47 46 30 0 0.00 0.00 46 0 0 0
9.00 46 46 30 0 0.00 0.00 46 0 0 0
9.00 46 46 30 0 0.00 0.00 46 0 0 0
10.00 47 46 30 0 0.00 0.00 46 0 0 0
10.00 46 46 30 0 0.00 0.00 46 0 0 0
9.00 47 46 30 0 0.00 0.00 46 0 0 0
10.00 46 46 30 0 0.00 0.00 46 0 0 0
9.00 47 46 30 0 0.00 0.00 46 0 0 0
9.00 46 46 30 0 0.00 0.00 46 0 0 0
10.00 47 47 30 0 0.00 0.00 47 0 0 0
10.00 46 46 30 0 0.00 0.00 46 0 0 0
9.00 47 46 30 0 0.00 0.00 46 0 0 0
9.00 47 46 30 0 0.00 0.00 46 0 0 0
10.00 46 46 30 0 0.00 0.00 46 0 0 0
10.00 46 46 30 0 0.00 0.00 46 0 0 0
9.00 47 46 30 0 0.00 0.00 46 0 0 0
9.00 47 46 30 0 0.00 0.00 46 0 0 0
9.00 46 46 30 0 0.00 0.00 46 0 0 0
10.00 47 46 30 0 0.00 0.00 46 0 0 0
10.00 47 46 30 0 0.00 0.00 46 0 0 0
9.00 48 46 30 0 0.00 0.00 47 0 0 0
9.00 47 46 30 0 0.00 0.00 46 0 0 0
11.00 46 46 30 0 0.00 0.00 46 0 0 0
9.00 46 46 30 0 0.00 0.00 46 0 0 0
9.00 46 46 30 0 0.00 0.00 46 0 0 0
9.00 46 46 30 0 0.00 0.00 46 0 0 0
9.00 46 46 30 0 0.00 0.00 46 0 0 0
11.00 46 46 30 0 0.00 0.00 46 0 0 0
9.00 47 46 30 0 0.00 0.00 46 0 0 0
9.00 47 46 30 0 0.00 0.00 46 0 0 0
9.00 46 46 30 0 0.00 0.00 46 0 0 0
10.00 47 46 30 0 0.00 0.00 46 0 0 0
10.00 47 46 30 0 0.00 0.00 46 0 0 0
9.00 46 46 30 0 0.00 0.00 46 0 0 0
9.00 46 46 30 0 0.00 0.00 46 0 0 0
9.00 45 46 30 0 0.00 0.00 45 0 0 0
11.00 47 46 30 0 0.00 0.00 46 0 0 0
9.00 46 46 30 0 0.00 0.00 46 0 0 0
9.00 47 46 30 0 0.00 0.00 46 0 0 0
9.00 47 46 30 0 0.00 0.00 46 0 0 0
10.00 47 46 30 0 0.00 0.00 46 0 0 0
10.00 46 46 30 0 0.00 0.00 46 0 0 0
9.00 47 46 30 0 0.00 0.00 46 0 0 0
9.00 47 46 30 0 0.00 0.00 46 0 0 0
9.00 47 46 30 0 0.00 0.00 46 0 0 0
11.00 47 46 30 0 0.00 0.00 46 0 0 0
9.00 47 46 30 0 0.00 0.00 46 0 0 0
9.00 47 46 30 0 0.00 0.00 46 0 0 0
9.00 46 46 30 0 0.00 0.00 46 0 0 0
10.00 47 47 30 0 0.00 0.00 47 0 0 0
10.00 46 46 30 0 0.00 0.00 46 0 0 0
9.00 46 46 30 0 0.00 0.00 46 0 0 0
9.00 46 46 30 0 0.00 0.00 46 0 0 0
9.00 46 46 30 0 0.00 0.00 46 0 0 0
11.00 47 46 30 0 0.00 0.00 46 0 0 0
9.00 46 46 30 0 0.00 0.00 46 0 0 0
9.00 46 46 30 0 0.00 0.00 46 0 0 0
9.00 48 46 30 0 0.00 0.00 47 0 0 0
10.00 46 46 30 0 0.00 0.00 46 0 0 0
10.00 47 46 30 0 0.00 0.00 46 0 0 0
9.00 46 46 30 0 0.00 0.00 46 0 0 0
9.00 46 46 30 0 0.00 0.00 46 0 0 0
9.00 47 46 30 0 0.00 0.00 46 0 0 0
11.00 46 46 30 0 0.00 0.00 46 0 0 0
9.00 46 46 30 0 0.00 0.00 46 0 0 0
9.00 46 46 30 0 0.00 0.00 46 0 0 0
9.00 46 46 30 0 0.00 0.00 46 0 0 0
10.00 48 46 30 0 0.00 0.00 47 0 0 0
10.00 47 46 30 0 0.00 0.00 46 0 0 0
9.00 47 46 30 0 0.00 0.00 46 0 0 0
9.00 46 46 30 0 0.00 0.00 46 0 0 0
10.00 46 46 30 0 0.00 0.00 46 0 0 0
10.00 47 47 30 0 0.00 0.00 47 0 0 0
9.00 47 46 30 0 0.00 0.00 46 0 0 0
9.00 46 46 30 0 0.00 0.00 46 0 0 0
10.00 46 46 30 0 0.00 0.00 46 0 0 0
10.00 47 47 30 0 0.00 0.00 47 0 0 0
9.00 47 47 30 0 0.00 0.00 47 0 0 0
10.00 47 46 30 0 0.00 0.00 46 0 0 0
9.00 47 47 30 0 0.00 0.00 47 0 0 0
9.00 47 47 30 0 0.00 0.00 47 0 0 0
10.00 46 46 30 0 0.00 0.00 46 0 0 0
10.00 47 46 30 0 0.00 0.00 46 0 0 0
9.00 47 47 30 0 0.00 0.00 47 0 0 0
9.00 46 46 30 0 0.00 0.00 46 0 0 0
10.00 46 46 30 0 0.00 0.00 46 0 0 0
10.00 46 46 30 0 0.00 0.00 46 0 0 0
9.00 46 46 30 0 0.00 0.00 46 0 0 0
9.00 46 47 30 0 0.00 0.00 46 0 0 0
9.00 46 46 30 0 0.00 0.00 46 0 0 0
10.00 47 46 30 0 0.00 0.00 46 0 0 0
10.00 47 47 30 0 0.00 0.00 47 0 0 0
9.00 47 47 30 0 0.00 0.00 47 0 0 0
9.00 47 47 30 0 0.00 0.00 47 0 0 0
11.00 46 46 30 0 0.00 0.00 46 0 0 0
9.00 47 46 30 0 0.00 0.00 46 0 0 0
9.00 47 46 30 0 0.00 0.00 46 0 0 0
9.00 46 46 30 0 0.00 0.00 46 0 0 0
9.00 46 46 30 0 0.00 0.00 46 0 0 0
10.00 46 46 30 0 0.00 0.00 46 0 0 0
10.00 46 46 30 0 0.00 0.00 46 0 0 0
9.00 46 46 30 0 0.00 0.00 46 0 0 0
9.00 47 47 30 0 0.00 0.00 47 0 0 0
11.00 48 46 30 0 0.00 0.00 47 0 0 0
9.00 47 47 30 0 0.00 0.00 47 0 0 0
9.00 47 46 30 0 0.00 0.00 46 0 0 0
9.00 46 46 30 0 0.00 0.00 46 0 0 0
9.00 46 46 30 0 0.00 0.00 46 0 0 0
11.00 47 47 30 0 0.00 0.00 47 0 0 0
9.00 46 46 30 0 0.00 0.00 46 0 0 0
9.00 47 47 30 0 0.00 0.00 47 0 0 0
9.00 46 46 30 0 0.00 0.00 46 0 0 0
9.00 47 47 30 0 0.00 0.00 47 0 0 0
10.00 46 46 30 0 0.00 0.00 46 0 0 0
10.00 47 47 30 0 0.00 0.00 47 0 0 0
9.00 46 46 30 0 0.00 0.00 46 0 0 0
9.00 46 46 30 0 0.00 0.00 46 0 0 0
11.00 46 46 30 0 0.00 0.00 46 0 0 0
9.00 46 46 30 0 0.00 0.00 46 0 0 0
9.00 46 46 30 0 0.00 0.00 46 0 0 0
9.00 46 46 30 0 0.00 0.00 46 0 0 0
9.00 46 46 30 0 0.00 0.00 46 0 0 0
11.00 47 46 30 0 0.00 0.00 46 0 0 0
9.00 46 46 30 0 0.00 0.00 46 0 0 0
9.00 46 46 30 0 0.00 0.00 46 0 0 0
9.00 46 46 30 0 0.00 0.00 46 0 0 0
10.00 46 46 30 0 0.00 0.00 46 0 0 0
10.00 47 46 30 0 0.00 0.00 46 0 0 0
9.00 46 46 30 0 0.00 0.00 46 0 0 0
9.00 46 46 30 0 0.00 0.00 46 0 0 0
9.00 46 46 30 0 0.00 0.00 46 0 0 0
11.00 47 46 30 0 0.00 0.00 46 0 0 0
9.00 47 46 30 0 0.00 0.00 46 0 0 0
9.00 47 47 30 0 0.00 0.00 47 0 0 0
9.00 47 47 30 0 0.00 0.00 47 0 0 0
10.00 47 46 30 0 0.00 0.00 46 0 0 0
10.00 47 46 30 0 0.00 0.00 46 0 0 0
9.00 47 47 30 0 0.00 0.00 47 0 0 0
9.00 47 46 30 0 0.00 0.00 46 0 0 0
9.00 47 46 30 0 0.00 0.00 46 0 0 0
11.00 46 46 30 0 0.00 0.00 46 0 0 0
9.00 46 46 30 0 0.00 0.00 46 0 0 0
9.00 46 46 30 0 0.00 0.00 46 0 0 0
9.00 46 46 30 0 0.00 0.00 46 0 0 0
10.00 46 46 30 0 0.00 0.00 46 0 0 0
10.00 47 46 30 0 0.00 0.00 46 0 0 0
9.00 47 46 30 0 0.00 0.00 46 0 0 0
9.00 46 46 30 0 0.00 0.00 46 0 0 0
9.00 47 46 30 0 0.00 0.00 46 0 0 0
11.00 47 46 30 0 0.00 0.00 46 0 0 0
9.00 46 46 30 0 0.00 0.00 46 0 0 0
9.00 47 46 30 0 0.00 0.00 46 0 0 0
9.00 47 46 30 0 0.00 0.00 46 0 0 0
10.00 48 46 30 0 0.00 0.00 47 0 0 0
10.00 46 46 30 0 0.00 0.00 46 0 0 0
9.00 47 47 30 0 0.00 0.00 47 0 0 0
9.00 47 47 30 0 0.00 0.00 47 0 0 0
9.00 47 46 30 0 0.00 0.00 46 0 0 0
11.00 46 46 30 0 0.00 0.00 46 0 0 0
9.00 46 46 30 0 0.00 0.00 46 0 0 0
9.00 47 46 30 0 0.00 0.00 46 0 0 0
9.00 47 46 30 0 0.00 0.00 46 0 0 0
10.00 47 46 30 0 0.00 0.00 46 0 0 0
10.00 47 46 30 0 0.00 0.00 46 0 0 0
9.00 47 47 30 0 0.00 0.00 47 0 0 0
9.00 46 46 30 0 0.00 0.00 46 0 0 0
9.00 46 46 30 0 0.00 0.00 46 0 0 0
11.00 48 46 30 0 0.00 0.00 47 0 0 0
9.00 47 47 30 0 0.00 0.00 47 0 0 0
9.00 47 46 30 0 0.00 0.00 46 0 0 0
9.00 47 46 30 0 0.00 0.00 46 0 0 0
10.00 47 46 30 0 0.00 0.00 46 0 0 0
10.00 47 46 30 0 0.00 0.00 46 0 0 0
9.00 47 46 30 0 0.00 0.00 46 0 0 0
9.00 47 46 30 0 0.00 0.00 46 0 0 0
10.00 47 46 30 0 0.00 0.00 46 0 0 0
10.00 47 46 30 0 0.00 0.00 46 0 0 0
9.00 46 46 30 0 0.00 0.00 46 0 0 0
9.00 47 46 30 0 0.00 0.00 46 0 0 0
10.00 47 46 30 0 0.00 0.00 46 0 0 0
10.00 46 46 30 0 0.00 0.00 46 0 0 0
9.00 47 46 30 0 0.00 0.00 46 0 0 0
10.00 47 46 30 0 0.00 0.00 46 0 0 0
9.00 47 46 30 0 0.00 0.00 46 0 0 0
9.00 47 46 30 0 0.00 0.00 46 0 0 0
10.00 46 46 30 0 0.00 0.00 46 0 0 0
10.00 46 46 30 0 0.00 0.00 46 0 0 0
9.00 46 46 30 0 0.00 0.00 46 0 0 0
9.00 47 46 30 0 0.00 0.00 46 0 0 0
10.00 47 46 30 0 0.00 0.00 46 0 0 0
10.00 47 46 30 0 0.00 0.00 46 0 0 0
9.00 47 46 30 0 0.00 0.00 46 0 0 0
9.00 47 46 30 0 0.00 0.00 46 0 0 0
9.00 46 46 30 0 0.00 0.00 46 0 0 0
10.00 47 46 30 0 0.00 0.00 46 0 0 0
10.00 47 46 30 0 0.00 0.00 46 0 0 0
9.00 48 46 30 0 0.00 0.00 47 0 0 0
9.00 47 46 30 0 0.00 0.00 46 0 0 0
11.00 46 46 30 0 0.00 0.00 46 0 0 0
9.00 47 46 30 0 0.00 0.00 46 0 0 0
9.00 47 46 30 0 0.00 0.00 46 0 0 0
9.00 46 46 30 0 0.00 0.00 46 0 0 0
9.00 47 46 30 0 0.00 0.00 46 0 0 0
11.00 46 46 30 0 0.00 0.00 46 0 0 0
9.00 46 46 30 0 0.00 0.00 46 0 0 0
9.00 47 46 30 0 0.00 0.00 46 0 0 0
9.00 48 46 30 0 0.00 0.00 47 0 0 0
10.00 46 46 30 0 0.00 0.00 46 0 0 0
10.00 46 46 30 0 0.00 0.00 46 0 0 0
9.00 46 46 30 0 0.00 0.00 46 0 0 0
9.00 47 46 30 0 0.00 0.00 46 0 0 0
9.00 47 46 30 0 0.00 0.00 46 0 0 0
11.00 47 46 30 0 0.00 0.00 46 0 0 0
9.00 47 47 30 0 0.00 0.00 47 0 0 0
9.00 47 46 30 0 0.00 0.00 46 0 0 0
9.00 46 46 30 0 0.00 0.00 46 0 0 0
10.00 47 46 30 0 0.00 0.00 46 0 0 0
10.00 47 46 30 0 0.00 0.00 46 0 0 0
9.00 47 47 30 0 0.00 0.00 47 0 0 0
9.00 47 46 30 0 0.00 0.00 46 0 0 0
9.00 47 46 30 0 0.00 0.00 46 0 0 0
11.00 47 46 30 0 0.00 0.00 46 0 0 0
9.00 46 46 46 6 130.00 130.00 46 0 0 0
10.00 47 46 46 6 130.00 130.00 46 0 0 0
11.00 46 46 46 6 130.00 130.00 46 0 0 0
11.00 47 46 46 6 130.00 130.00 46 0 0 0
10.00 46 46 46 6 130.00 130.00 46 0 0 0
11.00 47 46 46 6 130.00 130.00 46 0 0 0
10.00 47 46 46 6 130.00 130.00 46 0 0 0
12.00 47 46 46 6 130.00 130.00 46 0 0 0
10.00 47 46 46 6 130.00 130.00 46 0 0 0
10.00 47 46 46 6 130.00 130.00 46 0 0 0
11.00 46 46 46 6 130.00 130.00 46 0 0 0
11.00 46 46 46 6 130.00 130.00 46 0 0 0
11.00 47 46 46 6 130.00 130.00 46 0 0 0
10.00 46 46 46 6 130.00 130.00 46 0 0 0
10.00 47 46 46 6 130.00 130.00 46 0 0 0
12.00 47 46 46 6 130.00 130.00 46 0 0 0
10.00 47 46 46 6 130.00 130.00 46 0 0 0
11.00 47 46 46 6 130.00 130.00 46 0 0 0
10.00 47 46 46 6 130.00 130.00 46 0 0 0
11.00 47 46 46 6 130.00 130.00 46 0 0 0
11.00 47 46 46 6 130.00 130.00 46 0 0 0
10.00 46 46 46 6 130.00 130.00 46 0 0 0
11.00 47 46 46 6 130.00 130.00 46 0 0 0
11.00 47 46 46 6 130.00 130.00 46 0 0 0
11.00 46 46 46 6 130.00 130.00 46 0 0 0
10.00 47 46 46 6 130.00 130.00 46 0 0 0
10.00 46 46 46 6 130.00 130.00 46 0 0 0
12.00 47 46 46 6 130.00 130.00 46 0 0 0
10.00 47 45 46 6 156.50 -106.50 45 0 0 0
11.00 46 46 46 6 107.27 152.73 46 0 0 0
10.00 46 46 46 6 130.00 130.00 46 0 0 0
12.00 46 46 46 6 130.00 130.00 46 0 0 0
10.00 46 46 46 6 130.00 130.00 46 0 0 0
10.00 46 46 46 6 130.00 130.00 46 0 0 0
11.00 47 46 46 6 130.00 130.00 46 0 0 0
11.00 47 46 46 6 130.00 130.00 46 0 0 0
11.00 46 46 46 6 130.00 130.00 46 0 0 0
10.00 46 47 46 6 -106.50 156.50 47 0 0 0
11.00 47 46 46 6 152.73 107.27 46 0 0 0
11.00 46 46 46 6 130.00 130.00 46 0 0 0
11.00 47 46 46 6 130.00 130.00 46 0 0 0
10.00 46 46 46 6 130.00 130.00 46 0 0 0
10.00 46 46 46 6 130.00 130.00 46 0 0 0
12.00 46 46 46 6 130.00 130.00 46 0 0 0
10.00 46 46 46 6 130.00 130.00 46 0 0 0
11.00 46 46 46 6 130.00 130.00 46 0 0 0
10.00 46 46 46 6 130.00 130.00 46 0 0 0
11.00 46 46 46 6 130.00 130.00 46 0 0 0
11.00 46 46 46 6 130.00 130.00 46 0 0 0
10.00 46 46 46 6 130.00 130.00 46 0 0 0
11.00 47 46 46 6 130.00 130.00 46 0 0 0
11.00 46 46 46 6 130.00 130.00 46 0 0 0
11.00 46 46 46 6 130.00 130.00 46 0 0 0
10.00 46 46 46 6 130.00 130.00 46 0 0 0
10.00 47 46 46 6 130.00 130.00 46 0 0 0
12.00 47 46 46 6 130.00 130.00 46 0 0 0
10.00 46 46 46 6 130.00 130.00 46 0 0 0
11.00 46 46 46 6 130.00 130.00 46 0 0 0
10.00 46 46 46 6 130.00 130.00 46 0 0 0
11.00 46 46 46 6 130.00 130.00 46 0 0 0
11.00 47 46 46 6 130.00 130.00 46 0 0 0
10.00 47 46 46 6 130.00 130.00 46 0 0 0
11.00 47 46 46 6 130.00 130.00 46 0 0 0
11.00 46 46 46 6 130.00 130.00 46 0 0 0
10.00 47 46 46 6 130.00 130.00 46 0 0 0
11.00 46 46 46 6 130.00 130.00 46 0 0 0
10.00 46 46 46 6 130.00 130.00 46 0 0 0
12.00 47 46 46 6 130.00 130.00 46 0 0 0
10.00 47 46 46 6 130.00 130.00 46 0 0 0
11.00 47 46 46 6 130.00 130.00 46 0 0 0
10.00 47 46 46 6 130.00 130.00 46 0 0 0
11.00 47 46 46 6 130.00 130.00 46 0 0 0
11.00 46 46 46 6 130.00 130.00 46 0 0 0
10.00 47 46 46 6 130.00 130.00 46 0 0 0
11.00 47 46 46 6 130.00 130.00 46 0 0 0
11.00 46 46 46 6 130.00 130.00 46 0 0 0
10.00 46 46 46 6 130.00 130.00 46 0 0 0
11.00 46 46 46 6 130.00 130.00 46 0 0 0
10.00 46 46 46 6 130.00 130.00 46 0 0 0
12.00 46 46 46 6 130.00 130.00 46 0 0 0
10.00 46 46 46 6 130.00 130.00 46 0 0 0
10.00 47 46 46 6 130.00 130.00 46 0 0 0
11.00 47 46 46 6 130.00 130.00 46 0 0 0
11.00 47 46 46 6 130.00 130.00 46 0 0 0
11.00 46 46 46 6 130.00 130.00 46 0 0 0
10.00 46 46 46 6 130.00 130.00 46 0 0 0
10.00 46 46 46 6 130.00 130.00 46 0 0 0
12.00 46 46 46 6 130.00 130.00 46 0 0 0
10.00 46 46 46 6 130.00 130.00 46 0 0 0
11.00 46 46 46 6 130.00 130.00 46 0 0 0
10.00 47 46 46 6 130.00 130.00 46 0 0 0
12.00 46 46 46 6 130.00 130.00 46 0 0 0
10.00 46 46 46 6 130.00 130.00 46 0 0 0
10.00 46 46 46 6 130.00 130.00 46 0 0 0
11.00 46 46 46 6 130.00 130.00 46 0 0 0
11.00 46 46 46 6 130.00 130.00 46 0 0 0
11.00 46 45 46 6 154.23 105.77 45 0 0 0
10.00 46 46 46 6 0.00 155.00 46 0 0 0
10.00 46 46 46 6 130.00 130.00 46 0 0 0
11.00 46 46 46 6 130.00 130.00 46 0 0 0
11.00 46 46 46 6 130.00 130.00 46 0 0 0
10.00 46 46 46 6 130.00 130.00 46 0 0 0
11.00 46 46 46 6 130.00 130.00 46 0 0 0
11.00 46 46 46 6 130.00 130.00 46 0 0 0
10.00 46 45 46 6 156.50 -106.50 45 0 0 0
11.00 46 45 46 6 131.50 128.50 45 0 0 0
10.00 46 46 46 6 0.00 155.00 46 0 0 0
11.00 46 46 46 6 130.00 130.00 46 0 0 0
11.00 47 46 46 6 130.00 130.00 46 0 0 0
10.00 46 46 46 6 130.00 130.00 46 0 0 0
11.00 47 46 46 6 130.00 130.00 46 0 0 0
11.00 45 46 46 6 130.00 130.00 46 0 0 0
10.00 42 46 46 6 130.00 130.00 46 0 0 0
11.00 42 46 46 6 130.00 130.00 46 0 0 0
10.00 42 46 46 6 130.00 130.00 46 0 0 0
12.00 41 46 46 6 130.00 130.00 46 0 0 0
10.00 41 46 46 6 130.00 130.00 46 0 0 0
10.00 41 46 46 6 130.00 130.00 46 0 0 0
11.00 42 46 46 6 130.00 130.00 46 0 0 0
11.00 42 47 46 6 105.77 154.23 47 0 0 0
11.00 44 47 46 6 128.50 131.50 47 0 0 0
10.00 45 46 46 6 155.00 0.00 46 0 0 0
10.00 46 46 46 6 130.00 130.00 46 0 0 0
11.00 46 46 46 6 130.00 130.00 46 0 0 0
11.00 46 46 46 6 130.00 130.00 46 0 0 0
10.00 46 47 46 6 -106.50 156.50 47 0 0 0
11.00 47 47 46 6 128.50 131.50 47 0 0 0
11.00 47 47 46 6 128.50 131.50 47 0 0 0
11.00 47 47 46 6 128.50 131.50 47 0 0 0
10.00 47 47 46 6 128.50 131.50 47 0 0 0
11.00 46 47 46 6 128.50 131.50 47 0 0 0
11.00 47 47 46 6 128.50 131.50 47 0 0 0
10.00 46 47 46 6 128.50 131.50 47 0 0 0
11.00 46 47 46 6 128.50 131.50 47 0 0 0
10.00 46 47 46 6 128.50 131.50 47 0 0 0
12.00 46 47 46 6 128.50 131.50 47 0 0 0
10.00 46 48 46 6 -108.00 158.00 48 0 0 0
11.00 47 47 46 6 151.23 108.77 47 0 0 0
10.00 46 47 46 6 128.50 131.50 47 0 0 0
11.00 47 47 46 6 128.50 131.50 47 0 0 0
11.00 47 47 46 6 128.50 131.50 47 0 0 0
10.00 47 47 46 6 128.50 131.50 47 0 0 0
11.00 47 48 46 6 -105.73 155.73 48 0 0 0
11.00 47 48 46 6 127.00 133.00 48 0 0 0
11.00 44 47 46 6 151.23 108.77 47 0 0 0
10.00 43 47 46 6 128.50 131.50 47 0 0 0
11.00 43 47 46 6 128.50 131.50 47 0 0 0
11.00 43 48 46 6 -105.73 155.73 48 0 0 0
11.00 43 47 46 6 151.23 108.77 47 0 0 0
10.00 43 47 46 6 128.50 131.50 47 0 0 0
10.00 47 47 46 6 128.50 131.50 47 0 0 0
12.00 45 46 46 6 150.83 109.17 46 0 0 0
10.00 43 47 46 6 -106.50 156.50 47 0 0 0
11.00 47 47 46 6 128.50 131.50 47 0 0 0
10.00 47 46 46 6 155.00 0.00 46 0 0 0
11.00 47 47 46 6 105.77 154.23 47 0 0 0
11.00 47 47 46 6 128.50 131.50 47 0 0 0
10.00 47 47 46 6 128.50 131.50 47 0 0 0
11.00 47 47 46 6 128.50 131.50 47 0 0 0
11.00 47 46 46 6 152.73 107.27 46 0 0 0
10.00 47 46 46 6 130.00 130.00 46 0 0 0
11.00 47 46 46 6 130.00 130.00 46 0 0 0
10.00 47 47 46 6 -106.50 156.50 47 0 0 0
12.00 47 46 46 6 150.83 109.17 46 0 0 0
10.00 46 46 46 6 130.00 130.00 46 0 0 0
11.00 47 46 46 6 130.00 130.00 46 0 0 0
10.00 47 46 46 6 130.00 130.00 46 0 0 0
11.00 47 46 46 6 130.00 130.00 46 0 0 0
11.00 47 46 46 6 130.00 130.00 46 0 0 0
10.00 47 46 46 6 130.00 130.00 46 0 0 0
11.00 47 46 46 6 130.00 130.00 46 0 0 0
11.00 47 46 46 6 130.00 130.00 46 0 0 0
11.00 46 46 46 6 130.00 130.00 46 0 0 0
10.00 47 46 46 6 130.00 130.00 46 0 0 0
10.00 47 45 46 6 156.50 -106.50 45 0 0 0
12.00 46 46 46 6 109.17 150.83 46 0 0 0
10.00 46 46 46 6 130.00 130.00 46 0 0 0
11.00 46 46 46 6 130.00 130.00 46 0 0 0
10.00 47 46 46 6 130.00 130.00 46 0 0 0
12.00 46 46 46 6 130.00 130.00 46 0 0 0
10.00 46 46 46 6 130.00 130.00 46 0 0 0
10.00 46 46 46 6 130.00 130.00 46 0 0 0
11.00 47 46 46 6 130.00 130.00 46 0 0 0
11.00 47 45 46 6 154.23 105.77 45 0 0 0
11.00 46 45 46 6 131.50 128.50 45 0 0 0
10.00 46 45 46 6 131.50 128.50 45 0 0 0
11.00 46 45 46 6 131.50 128.50 45 0 0 0
11.00 46 45 46 6 131.50 128.50 45 0 0 0
10.00 46 45 46 6 131.50 128.50 45 0 0 0
11.00 46 45 46 6 131.50 128.50 45 0 0 0
10.00 46 45 46 6 131.50 128.50 45 0 0 0
12.00 46 45 46 6 131.50 128.50 45 0 0 0
10.00 46 46 46 6 0.00 155.00 46 0 0 0
10.00 46 46 46 6 130.00 130.00 46 0 0 0
10.00 46 45 46 6 156.50 -106.50 45 0 0 0
12.00 46 45 46 6 131.50 128.50 45 0 0 0
10.00 46 45 46 6 131.50 128.50 45 0 0 0
11.00 46 45 46 6 131.50 128.50 45 0 0 0
10.00 46 45 46 6 131.50 128.50 45 0 0 0
12.00 45 45 46 6 131.50 128.50 45 0 0 0
10.00 46 46 46 6 0.00 155.00 46 0 0 0
10.00 46 45 46 6 156.50 -106.50 45 0 0 0
11.00 46 45 46 6 131.50 128.50 45 0 0 0
11.00 46 45 46 6 131.50 128.50 45 0 0 0
10.00 46 45 46 6 131.50 128.50 45 0 0 0
11.00 46 45 46 6 131.50 128.50 45 0 0 0
10.00 46 45 46 6 131.50 128.50 45 0 0 0
12.00 46 44 46 6 153.83 106.17 44 0 0 0
10.00 46 45 46 6 106.50 153.50 45 0 0 0
10.00 46 45 46 6 131.50 128.50 45 0 0 0
11.00 45 44 46 6 155.73 -105.73 44 0 0 0
12.00 46 45 46 6 110.67 149.33 45 0 0 0
10.00 45 45 46 6 131.50 128.50 45 0 0 0
10.00 45 46 46 6 0.00 155.00 46 0 0 0
10.00 44 46 46 6 130.00 130.00 46 0 0 0
12.00 45 45 46 6 152.33 107.67 45 0 0 0
10.00 45 46 46 6 0.00 155.00 46 0 0 0
10.00 44 45 46 6 156.50 -106.50 45 0 0 0
11.00 44 46 46 6 107.27 152.73 46 0 0 0
11.00 44 46 46 6 130.00 130.00 46 0 0 0
10.00 44 46 46 6 130.00 130.00 46 0 0 0
11.00 45 45 46 6 154.23 105.77 45 0 0 0
10.00 45 45 46 6 131.50 128.50 45 0 0 0
12.00 45 45 46 6 131.50 128.50 45 0 0 0
10.00 43 46 46 6 0.00 155.00 46 0 0 0
10.00 43 46 46 6 130.00 130.00 46 0 0 0
10.00 41 46 46 6 130.00 130.00 46 0 0 0
12.00 40 47 46 6 107.67 152.33 47 0 0 0
10.00 41 47 46 6 128.50 131.50 47 0 0 0
11.00 41 47 46 6 128.50 131.50 47 0 0 0
10.00 39 47 46 6 128.50 131.50 47 0 0 0
11.00 44 46 46 6 152.73 107.27 46 0 0 0
11.00 45 46 46 6 130.00 130.00 46 0 0 0
10.00 44 46 46 6 130.00 130.00 46 0 0 0
11.00 45 46 46 6 130.00 130.00 46 0 0 0
11.00 44 47 46 6 105.77 154.23 47 0 0 0
10.00 44 46 46 6 155.00 0.00 46 0 0 0
10.00 44 47 46 6 -106.50 156.50 47 0 0 0
11.00 44 47 46 6 128.50 131.50 47 0 0 0
11.00 45 46 46 6 152.73 107.27 46 0 0 0
11.00 45 47 46 6 105.77 154.23 47 0 0 0
10.00 44 47 46 6 128.50 131.50 47 0 0 0
11.00 45 47 46 6 128.50 131.50 47 0 0 0
11.00 45 47 46 6 128.50 131.50 47 0 0 0
11.00 45 47 46 6 128.50 131.50 47 0 0 0
10.00 44 47 46 6 128.50 131.50 47 0 0 0
10.00 45 47 46 6 128.50 131.50 47 0 0 0
12.00 44 47 46 6 128.50 131.50 47 0 0 0
10.00 44 47 46 6 128.50 131.50 47 0 0 0
11.00 45 47 46 6 128.50 131.50 47 0 0 0
10.00 45 47 46 6 128.50 131.50 47 0 0 0
11.00 45 47 46 6 128.50 131.50 47 0 0 0
11.00 43 47 46 6 128.50 131.50 47 0 0 0
10.00 44 47 46 6 128.50 131.50 47 0 0 0
11.00 44 47 46 6 128.50 131.50 47 0 0 0
11.00 43 47 46 6 128.50 131.50 47 0 0 0
10.00 41 47 46 6 128.50 131.50 47 0 0 0
11.00 42 47 46 6 128.50 131.50 47 0 0 0
10.00 44 47 46 6 128.50 131.50 47 0 0 0
12.00 41 47 46 6 128.50 131.50 47 0 0 0
10.00 41 47 46 6 128.50 131.50 47 0 0 0
10.00 44 47 46 6 128.50 131.50 47 0 0 0
11.00 43 47 46 6 128.50 131.50 47 0 0 0
11.00 42 47 46 6 128.50 131.50 47 0 0 0
11.00 43 47 46 6 128.50 131.50 47 0 0 0
10.00 41 48 46 6 -108.00 158.00 48 0 0 0
11.00 41 47 46 6 151.23 108.77 47 0 0 0
11.00 42 48 46 6 -105.73 155.73 48 0 0 0
11.00 42 47 46 6 151.23 108.77 47 0 0 0
10.00 41 47 46 6 128.50 131.50 47 0 0 0
11.00 41 47 46 6 128.50 131.50 47 0 0 0
11.00 42 48 46 6 -105.73 155.73 48 0 0 0
11.00 42 47 46 6 151.23 108.77 47 0 0 0
10.00 43 47 46 6 128.50 131.50 47 0 0 0
11.00 46 48 46 6 -105.73 155.73 48 0 0 0
11.00 47 47 46 6 151.23 108.77 47 0 0 0
11.00 47 48 46 6 -105.73 155.73 48 0 0 0
10.00 46 47 46 6 153.50 106.50 47 0 0 0
11.00 46 47 46 6 128.50 131.50 47 0 0 0
11.00 47 47 46 6 128.50 131.50 47 0 0 0
11.00 47 47 46 6 128.50 131.50 47 0 0 0
10.00 47 47 46 6 128.50 131.50 47 0 0 0
10.00 47 47 46 6 128.50 131.50 47 0 0 0
12.00 47 47 46 6 128.50 131.50 47 0 0 0
10.00 47 47 46 6 128.50 131.50 47 0 0 0
11.00 45 46 46 6 152.73 107.27 46 0 0 0
10.00 45 46 46 6 130.00 130.00 46 0 0 0
11.00 46 46 46 6 130.00 130.00 46 0 0 0
11.00 46 46 46 6 130.00 130.00 46 0 0 0
10.00 46 46 46 6 130.00 130.00 46 0 0 0
11.00 46 46 46 6 130.00 130.00 46 0 0 0
11.00 46 46 46 6 130.00 130.00 46 0 0 0
10.00 46 46 46 6 130.00 130.00 46 0 0 0
11.00 46 46 46 6 130.00 130.00 46 0 0 0
10.00 45 46 46 6 130.00 130.00 46 0 0 0
12.00 45 46 46 6 130.00 130.00 46 0 0 0
10.00 46 46 46 6 130.00 130.00 46 0 0 0
11.00 46 46 46 6 130.00 130.00 46 0 0 0
10.00 45 46 46 6 130.00 130.00 46 0 0 0
11.00 46 46 46 6 130.00 130.00 46 0 0 0
11.00 45 45 46 6 154.23 105.77 45 0 0 0
10.00 45 45 46 6 131.50 128.50 45 0 0 0
11.00 45 45 46 6 131.50 128.50 45 0 0 0
11.00 45 45 46 6 131.50 128.50 45 0 0 0
10.00 46 45 46 6 131.50 128.50 45 0 0 0
11.00 45 45 46 6 131.50 128.50 45 0 0 0
10.00 46 45 46 6 131.50 128.50 45 0 0 0
12.00 46 45 46 6 131.50 128.50 45 0 0 0
10.00 46 45 46 6 131.50 128.50 45 0 0 0
10.00 46 45 46 6 131.50 128.50 45 0 0 0
11.00 46 45 46 6 131.50 128.50 45 0 0 0
11.00 46 45 46 6 131.50 128.50 45 0 0 0
11.00 46 45 46 6 131.50 128.50 45 0 0 0
10.00 46 45 46 6 131.50 128.50 45 0 0 0
10.00 45 44 46 6 158.00 -108.00 44 0 0 0
12.00 46 45 46 6 110.67 149.33 45 0 0 0
11.00 45 44 46 6 155.73 -105.73 44 0 0 0
10.00 46 45 46 6 106.50 153.50 45 0 0 0
11.00 46 45 46 6 131.50 128.50 45 0 0 0
11.00 45 45 46 6 131.50 128.50 45 0 0 0
10.00 45 45 46 6 131.50 128.50 45 0 0 0
11.00 46 44 46 6 155.73 -105.73 44 0 0 0
11.00 46 45 46 6 108.77 151.23 45 0 0 0
11.00 46 45 46 6 131.50 128.50 45 0 0 0
10.00 46 45 46 6 131.50 128.50 45 0 0 0
11.00 46 45 46 6 131.50 128.50 45 0 0 0
10.00 46 45 46 6 131.50 128.50 45 0 0 0
12.00 46 45 46 6 131.50 128.50 45 0 0 0
10.00 46 45 46 6 131.50 128.50 45 0 0 0
10.00 46 45 46 6 131.50 128.50 45 0 0 0
11.00 47 45 46 6 131.50 128.50 45 0 0 0
11.00 47 45 46 6 131.50 128.50 45 0 0 0
11.00 46 45 46 6 131.50 128.50 45 0 0 0
10.00 46 45 46 6 131.50 128.50 45 0 0 0
10.00 46 44 46 6 158.00 -108.00 44 0 0 0
12.00 45 45 46 6 110.67 149.33 45 0 0 0
11.00 46 45 46 6 131.50 128.50 45 0 0 0
10.00 46 45 46 6 131.50 128.50 45 0 0 0
10.00 46 45 46 6 131.50 128.50 45 0 0 0
12.00 45 45 46 6 131.50 128.50 45 0 0 0
10.00 46 45 46 6 131.50 128.50 45 0 0 0
11.00 45 45 46 6 131.50 128.50 45 0 0 0
10.00 46 45 46 6 131.50 128.50 45 0 0 0
11.00 45 45 46 6 131.50 128.50 45 0 0 0
11.00 45 46 46 6 107.27 152.73 46 0 0 0
10.00 46 45 46 6 156.50 -106.50 45 0 0 0
11.00 46 45 46 6 131.50 128.50 45 0 0 0
11.00 46 45 46 6 131.50 128.50 45 0 0 0
11.00 46 45 46 6 131.50 128.50 45 0 0 0
10.00 47 45 46 6 131.50 128.50 45 0 0 0
11.00 47 45 30 6 -255.00 255.00 45 0 0 0
11.00 42 46 30 6 -126.73 176.73 46 0 0 0
11.00 43 45 30 6 130.23 129.77 45 0 0 0
10.00 43 46 30 6 -129.00 179.00 46 0 0 0
11.00 47 46 30 6 106.00 154.00 46 0 0 0
11.00 47 46 30 6 106.00 154.00 46 0 0 0
11.00 45 45 30 6 130.23 129.77 45 0 0 0
10.00 45 45 30 6 107.50 152.50 45 0 0 0
11.00 46 46 30 6 -126.73 176.73 46 0 0 0
11.00 46 45 30 6 130.23 129.77 45 0 0 0
11.00 46 45 30 6 107.50 152.50 45 0 0 0
10.00 46 45 30 6 107.50 152.50 45 0 0 0
10.00 45 45 30 6 107.50 152.50 45 0 0 0
12.00 46 45 30 6 107.50 152.50 45 0 0 0
10.00 45 44 30 6 134.00 126.00 44 0 0 0
11.00 45 45 30 6 -125.23 175.23 45 0 0 0
10.00 46 44 30 6 134.00 126.00 44 0 0 0
12.00 46 45 30 6 -123.33 173.33 45 0 0 0
10.00 45 44 30 6 134.00 126.00 44 0 0 0
11.00 46 44 30 6 109.00 151.00 44 0 0 0
10.00 46 43 30 6 135.50 124.50 43 0 0 0
12.00 46 44 30 6 -121.83 171.83 44 0 0 0
10.00 46 44 30 6 109.00 151.00 44 0 0 0
11.00 46 43 30 6 133.23 126.77 43 0 0 0
10.00 46 43 30 6 110.50 149.50 43 0 0 0
12.00 45 42 30 6 132.83 127.17 42 0 0 0
10.00 45 42 30 6 112.00 148.00 42 0 0 0
10.00 46 42 30 6 112.00 148.00 42 0 0 0
11.00 46 42 30 6 112.00 148.00 42 0 0 0
11.00 46 42 30 6 112.00 148.00 42 0 0 0
11.00 46 41 30 6 136.23 123.77 41 0 0 0
10.00 46 42 30 6 -123.00 173.00 42 0 0 0
11.00 45 42 30 6 112.00 148.00 42 0 0 0
11.00 45 41 30 6 136.23 123.77 41 0 0 0
11.00 45 41 30 6 113.50 146.50 41 0 0 0
10.00 45 40 30 6 140.00 120.00 40 0 0 0
10.00 45 41 30 6 -121.50 171.50 41 0 0 0
12.00 45 40 30 6 135.83 124.17 40 0 0 0
10.00 45 40 30 6 115.00 145.00 40 0 0 0
11.00 45 40 30 6 115.00 145.00 40 0 0 0
10.00 45 40 30 6 115.00 145.00 40 0 0 0
12.00 45 40 30 6 115.00 145.00 40 0 0 0
10.00 45 39 30 6 141.50 118.50 39 0 0 0
10.00 45 39 30 6 116.50 143.50 39 0 0 0
11.00 45 39 30 6 116.50 143.50 39 0 0 0
11.00 45 39 30 6 116.50 143.50 39 0 0 0
11.00 45 38 30 6 140.73 119.27 38 0 0 0
10.00 44 38 30 6 118.00 142.00 38 0 0 0
11.00 44 38 30 6 118.00 142.00 38 0 0 0
11.00 44 38 30 6 118.00 142.00 38 0 0 0
10.00 44 38 30 6 118.00 142.00 38 0 0 0
11.00 44 38 30 6 118.00 142.00 38 0 0 0
10.00 44 38 30 6 118.00 142.00 38 0 0 0
12.00 44 37 30 6 140.33 119.67 37 0 0 0
10.00 43 37 30 6 119.50 140.50 37 0 0 0
10.00 43 37 30 6 119.50 140.50 37 0 0 0
11.00 43 37 30 6 119.50 140.50 37 0 0 0
11.00 44 37 30 6 119.50 140.50 37 0 0 0
11.00 44 37 30 6 119.50 140.50 37 0 0 0
10.00 43 37 30 6 119.50 140.50 37 0 0 0
10.00 43 37 30 6 119.50 140.50 37 0 0 0
12.00 43 37 30 6 119.50 140.50 37 0 0 0
10.00 42 37 30 6 119.50 140.50 37 0 0 0
11.00 42 36 30 6 143.73 116.27 36 0 0 0
10.00 42 36 30 6 121.00 139.00 36 0 0 0
11.00 42 36 30 6 121.00 139.00 36 0 0 0
11.00 41 36 30 6 121.00 139.00 36 0 0 0
10.00 41 35 30 6 147.50 112.50 35 0 0 0
11.00 41 36 30 6 -111.73 161.73 36 0 0 0
11.00 41 36 30 6 121.00 139.00 36 0 0 0
11.00 41 36 30 6 121.00 139.00 36 0 0 0
10.00 41 35 30 6 147.50 112.50 35 0 0 0
11.00 40 35 30 6 122.50 137.50 35 0 0 0
11.00 40 35 30 6 122.50 137.50 35 0 0 0
10.00 40 34 30 6 149.00 111.00 34 0 0 0
11.00 40 34 30 6 124.00 136.00 34 0 0 0
10.00 40 34 30 6 124.00 136.00 34 0 0 0
12.00 39 34 30 6 124.00 136.00 34 0 0 0
10.00 40 34 30 6 124.00 136.00 34 0 0 0
10.00 39 33 30 6 150.50 109.50 33 0 0 0
11.00 39 33 30 6 125.50 134.50 33 0 0 0
11.00 39 32 30 6 149.73 110.27 32 0 0 0
11.00 38 32 30 6 127.00 133.00 32 0 0 0
10.00 38 32 30 6 127.00 133.00 32 0 0 0
11.00 37 32 30 6 127.00 133.00 32 0 0 0
11.00 37 30 30 6 175.45 -125.45 30 0 0 0
11.00 37 31 30 6 105.77 154.23 31 0 0 0
10.00 37 30 30 6 155.00 0.00 30 0 0 0
10.00 37 30 30 6 130.00 130.00 30 0 0 0
11.00 37 30 30 6 130.00 130.00 30 0 0 0
11.00 36 31 30 6 105.77 154.23 31 0 0 0
10.00 36 30 30 6 155.00 0.00 30 0 0 0
10.00 36 30 30 6 130.00 130.00 30 0 0 0
11.00 36 31 30 6 105.77 154.23 31 0 0 0
11.00 35 31 30 6 128.50 131.50 31 0 0 0
12.00 35 30 30 6 150.83 109.17 30 0 0 0
9.00 35 29 30 6 159.28 -109.28 29 0 0 0
11.00 35 29 30 6 131.50 128.50 29 0 0 0
11.00 35 28 30 6 155.73 -105.73 28 0 0 0
10.00 35 28 30 6 133.00 127.00 28 0 0 0
11.00 35 28 30 6 133.00 127.00 28 0 0 0
11.00 34 28 30 6 133.00 127.00 28 0 0 0
10.00 34 27 30 6 159.50 -109.50 27 0 0 0
11.00 34 28 30 6 110.27 149.73 28 0 0 0
10.00 34 26 30 6 186.00 -136.00 26 0 0 0
12.00 34 27 30 6 113.67 146.33 27 0 0 0
11.00 33 26 30 6 158.73 -108.73 26 0 0 0
10.00 33 26 30 6 136.00 124.00 26 0 0 0
11.00 32 26 30 6 136.00 124.00 26 0 0 0
11.00 32 26 30 6 136.00 124.00 26 0 0 0
10.00 31 26 30 6 136.00 124.00 26 0 0 0
11.00 31 25 30 6 160.23 -110.23 25 0 0 0
11.00 31 26 30 6 113.27 146.73 26 0 0 0
11.00 30 25 30 6 160.23 -110.23 25 0 0 0
11.00 30 25 30 6 137.50 122.50 25 0 0 0
10.00 30 25 30 6 137.50 122.50 25 0 0 0
10.00 29 25 30 6 137.50 122.50 25 0 0 0
12.00 29 25 30 6 137.50 122.50 25 0 0 0
10.00 29 25 30 6 137.50 122.50 25 0 0 0
11.00 29 25 30 6 137.50 122.50 25 0 0 0
10.00 29 25 30 6 137.50 122.50 25 0 0 0
11.00 28 25 30 6 137.50 122.50 25 0 0 0
11.00 28 24 30 6 161.73 -111.73 24 0 0 0
11.00 28 25 30 6 114.77 145.23 25 0 0 0
10.00 27 24 30 6 164.00 -114.00 24 0 0 0
12.00 27 24 30 6 139.00 121.00 24 0 0 0
10.00 27 24 30 6 139.00 121.00 24 0 0 0
10.00 27 24 30 6 139.00 121.00 24 0 0 0
11.00 27 24 30 6 139.00 121.00 24 0 0 0
11.00 27 25 30 6 114.77 145.23 25 0 0 0
11.00 27 24 30 6 161.73 -111.73 24 0 0 0
10.00 27 25 30 6 112.50 147.50 25 0 0 0
11.00 27 25 30 6 137.50 122.50 25 0 0 0
11.00 27 25 30 6 137.50 122.50 25 0 0 0
11.00 26 25 30 6 137.50 122.50 25 0 0 0
10.00 26 25 30 6 137.50 122.50 25 0 0 0
10.00 26 25 30 6 137.50 122.50 25 0 0 0
12.00 26 24 30 6 159.83 -109.83 24 0 0 0
10.00 26 25 30 6 112.50 147.50 25 0 0 0
11.00 25 24 30 6 161.73 -111.73 24 0 0 0
11.00 25 25 30 6 114.77 145.23 25 0 0 0
11.00 25 25 30 6 137.50 122.50 25 0 0 0
10.00 26 25 30 6 137.50 122.50 25 0 0 0
11.00 26 24 30 6 161.73 -111.73 24 0 0 0
10.00 26 25 30 6 112.50 147.50 25 0 0 0
12.00 25 25 30 6 137.50 122.50 25 0 0 0
10.00 26 25 30 6 137.50 122.50 25 0 0 0
11.00 25 25 30 6 137.50 122.50 25 0 0 0
10.00 25 25 30 6 137.50 122.50 25 0 0 0
11.00 25 25 30 6 137.50 122.50 25 0 0 0
11.00 25 26 30 6 113.27 146.73 26 0 0 0
10.00 25 26 30 6 136.00 124.00 26 0 0 0
11.00 25 26 30 6 136.00 124.00 26 0 0 0
11.00 25 26 30 6 136.00 124.00 26 0 0 0
11.00 25 26 30 6 136.00 124.00 26 0 0 0
10.00 25 26 30 6 136.00 124.00 26 0 0 0
10.00 25 26 30 6 136.00 124.00 26 0 0 0
12.00 25 26 30 6 136.00 124.00 26 0 0 0
10.00 25 27 30 6 109.50 150.50 27 0 0 0
11.00 25 27 30 6 134.50 125.50 27 0 0 0
10.00 26 27 30 6 134.50 125.50 27 0 0 0
11.00 26 27 30 6 134.50 125.50 27 0 0 0
11.00 26 27 30 6 134.50 125.50 27 0 0 0
10.00 27 27 30 6 134.50 125.50 27 0 0 0
11.00 26 27 30 6 134.50 125.50 27 0 0 0
11.00 26 27 30 6 134.50 125.50 27 0 0 0
10.00 26 28 30 6 108.00 152.00 28 0 0 0
11.00 26 28 30 6 133.00 127.00 28 0 0 0
10.00 26 28 30 6 133.00 127.00 28 0 0 0
12.00 26 28 30 6 133.00 127.00 28 0 0 0
10.00 26 28 30 6 133.00 127.00 28 0 0 0
10.00 26 28 30 6 133.00 127.00 28 0 0 0
11.00 27 28 30 6 133.00 127.00 28 0 0 0
11.00 26 28 30 6 133.00 127.00 28 0 0 0
11.00 27 28 30 6 133.00 127.00 28 0 0 0
10.00 27 28 30 6 133.00 127.00 28 0 0 0
11.00 27 29 30 6 108.77 151.23 29 0 0 0
11.00 27 29 30 6 131.50 128.50 29 0 0 0
10.00 27 29 30 6 131.50 128.50 29 0 0 0
11.00 27 29 30 6 131.50 128.50 29 0 0 0
10.00 27 29 30 6 131.50 128.50 29 0 0 0
12.00 27 29 30 6 131.50 128.50 29 0 0 0
10.00 27 29 30 6 131.50 128.50 29 0 0 0
10.00 27 29 30 6 131.50 128.50 29 0 0 0
11.00 27 29 30 6 131.50 128.50 29 0 0 0
11.00 27 29 30 6 131.50 128.50 29 0 0 0
11.00 28 29 30 6 131.50 128.50 29 0 0 0
10.00 27 30 30 6 0.00 155.00 30 0 0 0
10.00 27 29 30 6 156.50 -106.50 29 0 0 0
12.00 27 29 30 6 131.50 128.50 29 0 0 0
10.00 28 29 30 6 131.50 128.50 29 0 0 0
10.00 28 29 30 6 131.50 128.50 29 0 0 0
11.00 28 29 30 6 131.50 128.50 29 0 0 0
11.00 28 30 30 6 107.27 152.73 30 0 0 0
11.00 28 30 30 6 130.00 130.00 30 0 0 0
10.00 28 30 30 6 130.00 130.00 30 0 0 0
10.00 28 30 30 6 130.00 130.00 30 0 0 0
12.00 29 30 30 6 130.00 130.00 30 0 0 0
10.00 28 30 30 6 130.00 130.00 30 0 0 0
11.00 29 31 30 6 105.77 154.23 31 0 0 0
10.00 28 30 30 6 155.00 0.00 30 0 0 0
11.00 28 30 30 6 130.00 130.00 30 0 0 0
10.00 29 30 30 6 130.00 130.00 30 0 0 0
11.00 29 31 30 6 105.77 154.23 31 0 0 0
10.00 29 31 30 6 128.50 131.50 31 0 0 0
12.00 28 31 30 6 128.50 131.50 31 0 0 0
10.00 29 31 30 6 128.50 131.50 31 0 0 0
10.00 28 31 30 6 128.50 131.50 31 0 0 0
11.00 29 31 30 6 128.50 131.50 31 0 0 0
11.00 29 31 30 6 128.50 131.50 31 0 0 0
11.00 29 31 30 6 128.50 131.50 31 0 0 0
10.00 29 31 30 6 128.50 131.50 31 0 0 0
11.00 29 31 30 6 128.50 131.50 31 0 0 0
11.00 29 32 30 6 -105.73 155.73 32 0 0 0
11.00 29 32 30 6 127.00 133.00 32 0 0 0
10.00 29 32 30 6 127.00 133.00 32 0 0 0
10.00 29 32 30 6 127.00 133.00 32 0 0 0
12.00 29 32 30 6 127.00 133.00 32 0 0 0
10.00 29 32 30 6 127.00 133.00 32 0 0 0
11.00 30 33 30 6 -107.23 157.23 33 0 0 0
10.00 30 33 30 6 125.50 134.50 33 0 0 0
12.00 30 33 30 6 125.50 134.50 33 0 0 0
10.00 30 33 30 6 125.50 134.50 33 0 0 0
11.00 30 33 30 6 125.50 134.50 33 0 0 0
10.00 30 33 30 6 125.50 134.50 33 0 0 0
11.00 30 33 30 6 125.50 134.50 33 0 0 0
11.00 31 33 30 6 125.50 134.50 33 0 0 0
10.00 30 33 30 6 125.50 134.50 33 0 0 0
11.00 31 33 30 6 125.50 134.50 33 0 0 0
11.00 30 33 30 6 125.50 134.50 33 0 0 0
10.00 31 34 30 6 -111.00 161.00 34 0 0 0
11.00 31 34 30 6 124.00 136.00 34 0 0 0
11.00 31 34 30 6 124.00 136.00 34 0 0 0
11.00 31 34 30 6 124.00 136.00 34 0 0 0
10.00 31 34 30 6 124.00 136.00 34 0 0 0
11.00 31 34 30 6 124.00 136.00 34 0 0 0
10.00 31 33 30 6 150.50 109.50 33 0 0 0
12.00 31 34 30 6 -106.83 156.83 34 0 0 0
10.00 31 33 30 6 150.50 109.50 33 0 0 0
11.00 31 33 30 6 125.50 134.50 33 0 0 0
10.00 32 33 30 6 125.50 134.50 33 0 0 0
11.00 32 33 30 6 125.50 134.50 33 0 0 0
11.00 32 33 30 6 125.50 134.50 33 0 0 0
10.00 32 33 30 6 125.50 134.50 33 0 0 0
11.00 32 33 30 6 125.50 134.50 33 0 0 0
11.00 32 33 30 6 125.50 134.50 33 0 0 0
11.00 32 33 30 6 125.50 134.50 33 0 0 0
10.00 32 34 30 6 -111.00 161.00 34 0 0 0
11.00 32 34 30 6 124.00 136.00 34 0 0 0
11.00 32 33 30 6 148.23 111.77 33 0 0 0
10.00 32 34 30 6 -111.00 161.00 34 0 0 0
11.00 32 34 30 6 124.00 136.00 34 0 0 0
10.00 33 33 30 6 150.50 109.50 33 0 0 0
12.00 32 33 30 6 125.50 134.50 33 0 0 0
10.00 32 34 30 6 -111.00 161.00 34 0 0 0
11.00 32 33 30 6 148.23 111.77 33 0 0 0
10.00 32 33 30 6 125.50 134.50 33 0 0 0
12.00 32 33 30 6 125.50 134.50 33 0 0 0
10.00 32 33 30 6 125.50 134.50 33 0 0 0
11.00 32 33 30 6 125.50 134.50 33 0 0 0
10.00 32 33 30 6 125.50 134.50 33 0 0 0
11.00 33 33 30 6 125.50 134.50 33 0 0 0
11.00 32 33 30 6 125.50 134.50 33 0 0 0
10.00 33 33 30 6 125.50 134.50 33 0 0 0
11.00 33 33 30 6 125.50 134.50 33 0 0 0
11.00 34 33 30 6 125.50 134.50 33 0 0 0
10.00 34 33 30 6 125.50 134.50 33 0 0 0
11.00 34 33 30 6 125.50 134.50 33 0 0 0
10.00 33 33 30 6 125.50 134.50 33 0 0 0
12.00 33 33 30 6 125.50 134.50 33 0 0 0
10.00 33 33 30 6 125.50 134.50 33 0 0 0
11.00 33 33 30 6 125.50 134.50 33 0 0 0
10.00 32 33 30 6 125.50 134.50 33 0 0 0
11.00 32 33 30 6 125.50 134.50 33 0 0 0
11.00 32 33 30 6 125.50 134.50 33 0 0 0
10.00 32 33 30 6 125.50 134.50 33 0 0 0
11.00 32 33 30 6 125.50 134.50 33 0 0 0
11.00 32 32 30 6 149.73 110.27 32 0 0 0
10.00 32 33 30 6 -109.50 159.50 33 0 0 0
11.00 33 32 30 6 149.73 110.27 32 0 0 0
10.00 32 33 30 6 -109.50 159.50 33 0 0 0
12.00 32 32 30 6 147.83 112.17 32 0 0 0
11.00 32 33 30 6 -107.23 157.23 33 0 0 0
10.00 33 33 30 6 125.50 134.50 33 0 0 0
11.00 33 33 30 6 125.50 134.50 33 0 0 0
11.00 33 33 30 6 125.50 134.50 33 0 0 0
10.00 33 32 30 6 152.00 108.00 32 0 0 0
11.00 33 32 30 6 127.00 133.00 32 0 0 0
10.00 32 32 30 6 127.00 133.00 32 0 0 0
12.00 32 32 30 6 127.00 133.00 32 0 0 0
10.00 32 32 30 6 127.00 133.00 32 0 0 0
10.00 32 32 30 6 127.00 133.00 32 0 0 0
11.00 33 32 30 6 127.00 133.00 32 0 0 0
11.00 32 32 30 6 127.00 133.00 32 0 0 0
11.00 32 32 30 6 127.00 133.00 32 0 0 0
10.00 33 32 30 6 127.00 133.00 32 0 0 0
11.00 32 31 30 6 151.23 108.77 31 0 0 0
11.00 32 31 50 6 255.00 -255.00 31 0 0 0
11.00 32 32 50 6 134.27 125.73 32 0 0 0
10.00 32 32 50 6 157.00 -107.00 32 0 0 0
11.00 32 31 50 6 181.23 -131.23 31 0 0 0
11.00 32 31 50 6 158.50 -108.50 31 0 0 0
11.00 32 32 50 6 134.27 125.73 32 0 0 0
10.00 33 32 50 6 157.00 -107.00 32 0 0 0
11.00 32 32 50 6 157.00 -107.00 32 0 0 0
12.00 32 32 50 6 157.00 -107.00 32 0 0 0
10.00 32 32 50 6 157.00 -107.00 32 0 0 0
11.00 32 32 50 6 157.00 -107.00 32 0 0 0
12.00 31 32 50 6 157.00 -107.00 32 0 0 0
10.00 32 32 50 6 157.00 -107.00 32 0 0 0
11.00 32 32 50 6 157.00 -107.00 32 0 0 0
11.00 32 33 50 6 132.77 127.23 33 0 0 0
11.00 32 33 50 6 155.50 -105.50 33 0 0 0
11.00 32 33 50 6 155.50 -105.50 33 0 0 0
10.00 32 34 50 6 129.00 131.00 34 0 0 0
11.00 32 34 50 6 154.00 106.00 34 0 0 0
11.00 32 34 50 6 154.00 106.00 34 0 0 0
11.00 32 34 50 6 154.00 106.00 34 0 0 0
10.00 32 35 50 6 127.50 132.50 35 0 0 0
11.00 32 35 50 6 152.50 107.50 35 0 0 0
11.00 32 36 50 6 128.27 131.73 36 0 0 0
10.00 32 36 50 6 151.00 109.00 36 0 0 0
11.00 32 36 50 6 151.00 109.00 36 0 0 0
10.00 33 36 50 6 151.00 109.00 36 0 0 0
12.00 33 37 50 6 128.67 131.33 37 0 0 0
10.00 33 37 50 6 149.50 110.50 37 0 0 0
10.00 33 37 50 6 149.50 110.50 37 0 0 0
11.00 33 37 50 6 149.50 110.50 37 0 0 0
11.00 34 38 50 6 125.27 134.73 38 0 0 0
11.00 34 38 50 6 148.00 112.00 38 0 0 0
10.00 34 38 50 6 148.00 112.00 38 0 0 0
10.00 34 38 50 6 148.00 112.00 38 0 0 0
12.00 35 39 50 6 125.67 134.33 39 0 0 0
10.00 35 39 50 6 146.50 113.50 39 0 0 0
11.00 35 40 50 6 122.27 137.73 40 0 0 0
10.00 35 39 50 6 171.50 -121.50 39 0 0 0
12.00 35 40 50 6 124.17 135.83 40 0 0 0
10.00 35 40 50 6 145.00 115.00 40 0 0 0
11.00 36 40 50 6 145.00 115.00 40 0 0 0
10.00 36 40 50 6 145.00 115.00 40 0 0 0
11.00 37 41 50 6 120.77 139.23 41 0 0 0
11.00 37 42 50 6 119.27 140.73 42 0 0 0
10.00 37 42 50 6 142.00 118.00 42 0 0 0
11.00 37 42 50 6 142.00 118.00 42 0 0 0
11.00 37 42 50 6 142.00 118.00 42 0 0 0
10.00 37 43 50 6 115.50 144.50 43 0 0 0
11.00 38 43 50 6 140.50 119.50 43 0 0 0
10.00 38 44 50 6 114.00 146.00 44 0 0 0
12.00 39 43 50 6 161.33 -111.33 43 0 0 0
10.00 130 44 50 6 114.00 146.00 44 0 0 0
14.00 133 44 50 6 139.00 121.00 44 0 0 0
14.00 107 45 50 6 119.64 140.36 45 0 0 0
13.00 157 46 50 6 116.77 143.23 46 0 0 0
15.00 178 46 50 6 136.00 124.00 46 0 0 0
23.00 168 46 50 6 136.00 124.00 46 0 0 0
23.00 163 47 50 6 123.63 136.37 47 0 0 0
17.00 167 47 50 6 134.50 125.50 47 0 0 0
22.00 237 47 50 6 134.50 125.50 47 0 0 0
28.00 163 47 50 6 134.50 125.50 47 0 0 0
22.00 159 50 50 6 -114.09 164.09 50 0 0 0
17.00 3217 50 50 6 130.00 130.00 50 0 0 0
202.00 43 49 50 6 132.74 127.26 49 0 0 0
10.00 45 48 50 6 158.00 -108.00 48 0 0 0
8.00 43 48 50 6 133.00 127.00 48 0 0 0
9.00 44 48 50 6 133.00 127.00 48 0 0 0
8.00 43 47 50 6 165.75 -115.75 47 0 0 0
11.00 43 47 50 6 134.50 125.50 47 0 0 0
11.00 43 48 50 6 110.27 149.73 48 0 0 0
11.00 43 47 50 6 157.23 -107.23 47 0 0 0
10.00 43 47 50 6 134.50 125.50 47 0 0 0
12.00 43 47 50 6 134.50 125.50 47 0 0 0
10.00 44 46 50 6 161.00 -111.00 46 0 0 0
11.00 44 46 50 6 136.00 124.00 46 0 0 0
10.00 43 46 50 6 136.00 124.00 46 0 0 0
12.00 43 46 50 6 136.00 124.00 46 0 0 0
10.00 43 46 50 6 136.00 124.00 46 0 0 0
10.00 43 46 50 6 136.00 124.00 46 0 0 0
11.00 44 46 50 6 136.00 124.00 46 0 0 0
10.00 44 46 50 6 136.00 124.00 46 0 0 0
12.00 44 47 50 6 113.67 146.33 47 0 0 0
10.00 44 46 50 6 161.00 -111.00 46 0 0 0
11.00 44 47 50 6 111.77 148.23 47 0 0 0
11.00 44 47 50 6 134.50 125.50 47 0 0 0
11.00 44 46 50 6 158.73 -108.73 46 0 0 0
10.00 43 47 50 6 109.50 150.50 47 0 0 0
11.00 44 47 50 6 134.50 125.50 47 0 0 0
11.00 45 47 50 6 134.50 125.50 47 0 0 0
10.00 44 47 50 6 134.50 125.50 47 0 0 0
11.00 44 47 50 6 134.50 125.50 47 0 0 0
10.00 45 47 50 6 134.50 125.50 47 0 0 0
12.00 44 47 50 6 134.50 125.50 47 0 0 0
10.00 44 47 50 6 134.50 125.50 47 0 0 0
10.00 44 48 50 6 108.00 152.00 48 0 0 0
11.00 45 47 50 6 157.23 -107.23 47 0 0 0
12.00 45 47 50 6 134.50 125.50 47 0 0 0
10.00 45 47 50 6 134.50 125.50 47 0 0 0
10.00 46 48 50 6 108.00 152.00 48 0 0 0
11.00 45 48 50 6 133.00 127.00 48 0 0 0
11.00 45 48 50 6 133.00 127.00 48 0 0 0
11.00 45 49 50 6 108.77 151.23 49 0 0 0
10.00 45 49 50 6 131.50 128.50 49 0 0 0
10.00 45 49 50 6 131.50 128.50 49 0 0 0
12.00 45 48 50 6 153.83 106.17 48 0 0 0
10.00 45 48 50 6 133.00 127.00 48 0 0 0
11.00 46 49 50 6 108.77 151.23 49 0 0 0
10.00 45 48 50 6 158.00 -108.00 48 0 0 0
12.00 46 48 50 6 133.00 127.00 48 0 0 0
10.00 46 49 50 6 106.50 153.50 49 0 0 0
11.00 46 49 50 6 131.50 128.50 49 0 0 0
10.00 46 49 50 6 131.50 128.50 49 0 0 0
11.00 46 49 50 6 131.50 128.50 49 0 0 0
11.00 46 49 50 6 131.50 128.50 49 0 0 0
10.00 46 49 50 6 131.50 128.50 49 0 0 0
11.00 46 50 50 6 107.27 152.73 50 0 0 0
11.00 46 50 50 6 130.00 130.00 50 0 0 0
10.00 46 51 50 6 -106.50 156.50 51 0 0 0
11.00 47 51 50 6 128.50 131.50 51 0 0 0
10.00 47 51 50 6 128.50 131.50 51 0 0 0
12.00 47 51 50 6 128.50 131.50 51 0 0 0
10.00 47 51 50 6 128.50 131.50 51 0 0 0
11.00 47 51 50 6 128.50 131.50 51 0 0 0
10.00 47 51 50 6 128.50 131.50 51 0 0 0
12.00 48 51 50 6 128.50 131.50 51 0 0 0
10.00 47 51 50 6 128.50 131.50 51 0 0 0
10.00 48 51 50 6 128.50 131.50 51 0 0 0
11.00 47 52 50 6 -105.73 155.73 52 0 0 0
11.00 48 51 50 6 151.23 108.77 51 0 0 0
11.00 47 52 50 6 -105.73 155.73 52 0 0 0
11.00 48 51 50 6 151.23 108.77 51 0 0 0
10.00 48 52 50 6 -108.00 158.00 52 0 0 0
12.00 48 51 50 6 149.33 110.67 51 0 0 0
10.00 48 52 50 6 -108.00 158.00 52 0 0 0
11.00 48 52 50 6 127.00 133.00 52 0 0 0
10.00 49 52 50 6 127.00 133.00 52 0 0 0
11.00 49 52 50 6 127.00 133.00 52 0 0 0
11.00 49 51 50 6 151.23 108.77 51 0 0 0
10.00 48 52 50 6 -108.00 158.00 52 0 0 0
11.00 49 52 50 6 127.00 133.00 52 0 0 0
11.00 48 52 50 6 127.00 133.00 52 0 0 0
11.00 49 52 50 6 127.00 133.00 52 0 0 0
10.00 48 51 50 6 153.50 106.50 51 0 0 0
11.00 48 52 50 6 -105.73 155.73 52 0 0 0
11.00 49 52 50 6 127.00 133.00 52 0 0 0
11.00 49 51 50 6 151.23 108.77 51 0 0 0
10.00 48 52 50 6 -108.00 158.00 52 0 0 0
11.00 48 51 50 6 151.23 108.77 51 0 0 0
11.00 49 51 50 6 128.50 131.50 51 0 0 0
11.00 49 51 50 6 128.50 131.50 51 0 0 0
10.00 50 52 50 6 -108.00 158.00 52 0 0 0
11.00 49 52 50 6 127.00 133.00 52 0 0 0
11.00 50 52 50 6 127.00 133.00 52 0 0 0
10.00 49 52 50 6 127.00 133.00 52 0 0 0
11.00 49 52 50 6 127.00 133.00 52 0 0 0
10.00 49 52 50 6 127.00 133.00 52 0 0 0
12.00 49 51 50 6 149.33 110.67 51 0 0 0
10.00 49 52 50 6 -108.00 158.00 52 0 0 0
11.00 49 52 50 6 127.00 133.00 52 0 0 0
10.00 50 51 50 6 153.50 106.50 51 0 0 0
12.00 49 51 50 6 128.50 131.50 51 0 0 0
10.00 49 51 50 6 128.50 131.50 51 0 0 0
10.00 50 51 50 6 128.50 131.50 51 0 0 0
11.00 49 51 50 6 128.50 131.50 51 0 0 0
11.00 49 51 50 6 128.50 131.50 51 0 0 0
11.00 49 51 50 6 128.50 131.50 51 0 0 0
10.00 50 51 50 6 128.50 131.50 51 0 0 0
10.00 49 51 50 6 128.50 131.50 51 0 0 0
12.00 48 51 50 6 128.50 131.50 51 0 0 0
10.00 48 51 50 6 128.50 131.50 51 0 0 0
11.00 49 50 50 6 152.73 107.27 50 0 0 0
10.00 48 51 50 6 -106.50 156.50 51 0 0 0
12.00 49 50 50 6 150.83 109.17 50 0 0 0
10.00 49 51 50 6 -106.50 156.50 51 0 0 0
11.00 48 50 50 6 152.73 107.27 50 0 0 0
10.00 49 51 50 6 -106.50 156.50 51 0 0 0
12.00 50 50 50 6 150.83 109.17 50 0 0 0
10.00 49 50 50 6 130.00 130.00 50 0 0 0
11.00 49 50 50 6 130.00 130.00 50 0 0 0
10.00 50 50 50 6 130.00 130.00 50 0 0 0
12.00 50 50 50 6 130.00 130.00 50 0 0 0
10.00 50 50 50 6 130.00 130.00 50 0 0 0
10.00 49 50 50 6 130.00 130.00 50 0 0 0
11.00 50 50 50 6 130.00 130.00 50 0 0 0
11.00 49 50 50 6 130.00 130.00 50 0 0 0
11.00 50 50 50 6 130.00 130.00 50 0 0 0
10.00 49 50 50 6 130.00 130.00 50 0 0 0
10.00 49 50 50 6 130.00 130.00 50 0 0 0
12.00 49 49 50 6 152.33 107.67 49 0 0 0
10.00 50 49 50 6 131.50 128.50 49 0 0 0
11.00 49 50 50 6 107.27 152.73 50 0 0 0
10.00 49 50 50 6 130.00 130.00 50 0 0 0
11.00 49 49 50 6 154.23 105.77 49 0 0 0
11.00 49 49 50 6 131.50 128.50 49 0 0 0
10.00 50 49 50 6 131.50 128.50 49 0 0 0
11.00 50 49 50 6 131.50 128.50 49 0 0 0
11.00 50 49 50 6 131.50 128.50 49 0 0 0
11.00 49 49 50 6 131.50 128.50 49 0 0 0
10.00 50 49 50 6 131.50 128.50 49 0 0 0
10.00 50 49 50 6 131.50 128.50 49 0 0 0
12.00 50 48 50 6 153.83 106.17 48 0 0 0
10.00 49 49 50 6 106.50 153.50 49 0 0 0
11.00 50 48 50 6 155.73 -105.73 48 0 0 0
10.00 50 49 50 6 106.50 153.50 49 0 0 0
12.00 50 49 50 6 131.50 128.50 49 0 0 0
10.00 50 49 50 6 131.50 128.50 49 0 0 0
10.00 49 49 50 6 131.50 128.50 49 0 0 0
11.00 49 48 50 6 155.73 -105.73 48 0 0 0
12.00 50 48 50 6 133.00 127.00 48 0 0 0
10.00 49 48 50 6 133.00 127.00 48 0 0 0
10.00 49 48 50 6 133.00 127.00 48 0 0 0
11.00 49 48 50 6 133.00 127.00 48 0 0 0
11.00 49 48 50 6 133.00 127.00 48 0 0 0
11.00 49 48 50 6 133.00 127.00 48 0 0 0
10.00 49 49 50 6 106.50 153.50 49 0 0 0
10.00 49 48 50 6 158.00 -108.00 48 0 0 0
12.00 49 49 50 6 110.67 149.33 49 0 0 0
10.00 50 48 50 6 158.00 -108.00 48 0 0 0
11.00 49 49 50 6 108.77 151.23 49 0 0 0
11.00 49 48 50 6 155.73 -105.73 48 0 0 0
11.00 49 49 50 6 108.77 151.23 49 0 0 0
11.00 50 49 50 6 131.50 128.50 49 0 0 0
10.00 49 48 50 6 158.00 -108.00 48 0 0 0
11.00 50 49 50 6 108.77 151.23 49 0 0 0
11.00 50 48 50 6 155.73 -105.73 48 0 0 0
11.00 49 49 50 6 108.77 151.23 49 0 0 0
10.00 49 49 50 6 131.50 128.50 49 0 0 0
11.00 50 49 50 6 131.50 128.50 49 0 0 0
11.00 49 49 50 6 131.50 128.50 49 0 0 0
10.00 49 49 50 6 131.50 128.50 49 0 0 0
11.00 49 49 50 6 131.50 128.50 49 0 0 0
10.00 49 50 50 6 0.00 155.00 50 0 0 0
11.00 49 50 50 6 130.00 130.00 50 0 0 0
11.00 49 50 50 6 130.00 130.00 50 0 0 0
10.00 49 50 50 6 130.00 130.00 50 0 0 0
10.00 49 50 50 6 130.00 130.00 50 0 0 0
12.00 50 50 50 6 130.00 130.00 50 0 0 0
10.00 50 50 50 6 130.00 130.00 50 0 0 0
11.00 50 50 50 6 130.00 130.00 50 0 0 0
10.00 49 50 50 6 130.00 130.00 50 0 0 0
11.00 50 50 50 6 130.00 130.00 50 0 0 0
11.00 49 50 50 6 130.00 130.00 50 0 0 0
10.00 49 50 50 6 130.00 130.00 50 0 0 0
11.00 49 50 50 6 130.00 130.00 50 0 0 0
11.00 49 50 50 6 130.00 130.00 50 0 0 0
10.00 50 51 50 6 -106.50 156.50 51 0 0 0
11.00 49 51 50 6 128.50 131.50 51 0 0 0
11.00 49 50 50 6 152.73 107.27 50 0 0 0
11.00 49 50 50 6 130.00 130.00 50 0 0 0
10.00 50 51 50 6 -106.50 156.50 51 0 0 0
11.00 49 51 50 6 128.50 131.50 51 0 0 0
10.00 50 51 50 6 128.50 131.50 51 0 0 0
12.00 49 51 50 6 128.50 131.50 51 0 0 0
10.00 50 51 50 6 128.50 131.50 51 0 0 0
11.00 50 51 50 6 128.50 131.50 51 0 0 0
10.00 50 51 50 6 128.50 131.50 51 0 0 0
12.00 50 51 50 6 128.50 131.50 51 0 0 0
10.00 50 50 50 6 155.00 0.00 50 0 0 0
10.00 50 51 50 6 -106.50 156.50 51 0 0 0
10.00 50 50 50 6 155.00 0.00 50 0 0 0
11.00 50 50 50 6 130.00 130.00 50 0 0 0
11.00 50 50 50 6 130.00 130.00 50 0 0 0
10.00 50 51 50 6 -106.50 156.50 51 0 0 0
11.00 50 50 50 6 152.73 107.27 50 0 0 0
11.00 50 51 50 6 105.77 154.23 51 0 0 0
11.00 50 50 50 6 152.73 107.27 50 0 0 0
10.00 50 50 50 6 130.00 130.00 50 0 0 0
11.00 50 51 50 6 105.77 154.23 51 0 0 0
11.00 50 50 50 6 152.73 107.27 50 0 0 0
10.00 50 50 50 6 130.00 130.00 50 0 0 0
11.00 50 50 50 6 130.00 130.00 50 0 0 0
10.00 50 51 50 6 -106.50 156.50 51 0 0 0
12.00 50 50 50 6 150.83 109.17 50 0 0 0
10.00 50 50 50 6 130.00 130.00 50 0 0 0
11.00 50 50 50 6 130.00 130.00 50 0 0 0
10.00 50 50 50 6 130.00 130.00 50 0 0 0
11.00 49 50 50 6 130.00 130.00 50 0 0 0
11.00 49 50 50 6 130.00 130.00 50 0 0 0
10.00 49 50 50 6 130.00 130.00 50 0 0 0
11.00 49 50 50 6 130.00 130.00 50 0 0 0
11.00 50 50 50 6 130.00 130.00 50 0 0 0
11.00 50 50 50 6 130.00 130.00 50 0 0 0
10.00 49 50 50 6 130.00 130.00 50 0 0 0
10.00 50 50 50 6 130.00 130.00 50 0 0 0
12.00 49 50 50 6 130.00 130.00 50 0 0 0
10.00 50 50 50 6 130.00 130.00 50 0 0 0
11.00 50 50 50 6 130.00 130.00 50 0 0 0
10.00 50 50 50 6 130.00 130.00 50 0 0 0
11.00 50 51 50 6 105.77 154.23 51 0 0 0
11.00 50 50 50 6 152.73 107.27 50 0 0 0
10.00 50 50 50 6 130.00 130.00 50 0 0 0
11.00 51 51 50 6 105.77 154.23 51 0 0 0
11.00 50 50 50 6 152.73 107.27 50 0 0 0
10.00 50 51 50 6 -106.50 156.50 51 0 0 0
11.00 50 51 50 6 128.50 131.50 51 0 0 0
11.00 50 51 50 6 128.50 131.50 51 0 0 0
11.00 51 51 50 6 128.50 131.50 51 0 0 0
10.00 50 51 50 6 128.50 131.50 51 0 0 0
11.00 50 51 50 6 128.50 131.50 51 0 0 0
10.00 50 51 50 6 128.50 131.50 51 0 0 0
12.00 50 51 50 6 128.50 131.50 51 0 0 0
10.00 50 51 50 6 128.50 131.50 51 0 0 0
10.00 50 51 50 6 128.50 131.50 51 0 0 0
11.00 50 51 50 6 128.50 131.50 51 0 0 0
11.00 50 50 50 6 152.73 107.27 50 0 0 0
11.00 50 51 50 6 105.77 154.23 51 0 0 0
10.00 50 50 50 6 155.00 0.00 50 0 0 0
10.00 50 50 50 6 130.00 130.00 50 0 0 0
11.00 50 50 50 6 130.00 130.00 50 0 0 0
11.00 50 50 50 6 130.00 130.00 50 0 0 0
10.00 50 50 50 6 130.00 130.00 50 0 0 0
11.00 50 50 50 6 130.00 130.00 50 0 0 0
11.00 50 50 50 6 130.00 130.00 50 0 0 0
10.00 50 50 50 6 130.00 130.00 50 0 0 0
11.00 50 50 50 6 130.00 130.00 50 0 0 0
10.00 50 50 50 6 130.00 130.00 50 0 0 0
12.00 50 50 50 6 130.00 130.00 50 0 0 0
10.00 50 50 50 6 130.00 130.00 50 0 0 0
10.00 51 50 50 6 130.00 130.00 50 0 0 0
11.00 50 50 50 6 130.00 130.00 50 0 0 0
11.00 48 50 50 6 130.00 130.00 50 0 0 0
11.00 48 49 50 6 154.23 105.77 49 0 0 0
10.00 48 50 50 6 0.00 155.00 50 0 0 0
10.00 49 50 50 6 130.00 130.00 50 0 0 0
11.00 50 50 50 6 130.00 130.00 50 0 0 0
11.00 48 50 50 6 130.00 130.00 50 0 0 0
10.00 51 50 50 6 130.00 130.00 50 0 0 0
11.00 50 50 50 6 130.00 130.00 50 0 0 0
11.00 50 49 50 6 154.23 105.77 49 0 0 0
10.00 49 49 50 6 131.50 128.50 49 0 0 0
11.00 51 50 50 6 107.27 152.73 50 0 0 0
10.00 51 50 50 6 130.00 130.00 50 0 0 0
12.00 49 49 50 6 152.33 107.67 49 0 0 0
10.00 50 50 50 6 0.00 155.00 50 0 0 0
10.00 50 50 50 6 130.00 130.00 50 0 0 0
10.00 51 50 50 6 130.00 130.00 50 0 0 0
12.00 50 50 50 6 130.00 130.00 50 0 0 0
10.00 50 50 50 6 130.00 130.00 50 0 0 0
11.00 50 50 50 6 130.00 130.00 50 0 0 0
10.00 49 49 50 6 156.50 -106.50 49 0 0 0
12.00 50 49 50 6 131.50 128.50 49 0 0 0
10.00 50 50 50 6 0.00 155.00 50 0 0 0
10.00 49 50 50 6 130.00 130.00 50 0 0 0
10.00 49 49 50 6 156.50 -106.50 49 0 0 0
12.00 50 50 50 6 109.17 150.83 50 0 0 0
10.00 50 50 50 6 130.00 130.00 50 0 0 0
11.00 49 49 50 6 154.23 105.77 49 0 0 0
10.00 49 49 50 6 131.50 128.50 49 0 0 0
12.00 48 49 50 6 131.50 128.50 49 0 0 0
10.00 49 49 50 6 131.50 128.50 49 0 0 0
11.00 49 50 50 6 107.27 152.73 50 0 0 0
10.00 50 50 50 6 130.00 130.00 50 0 0 0
11.00 49 50 50 6 130.00 130.00 50 0 0 0
11.00 50 50 50 6 130.00 130.00 50 0 0 0
10.00 48 50 50 6 130.00 130.00 50 0 0 0
11.00 49 50 50 6 130.00 130.00 50 0 0 0
11.00 49 50 50 6 130.00 130.00 50 0 0 0
10.00 49 50 50 6 130.00 130.00 50 0 0 0
11.00 49 50 50 6 130.00 130.00 50 0 0 0
10.00 49 50 50 6 130.00 130.00 50 0 0 0
12.00 48 50 50 6 130.00 130.00 50 0 0 0
10.00 48 50 50 6 130.00 130.00 50 0 0 0
10.00 49 50 50 6 130.00 130.00 50 0 0 0
11.00 49 50 50 6 130.00 130.00 50 0 0 0
11.00 50 50 50 6 130.00 130.00 50 0 0 0
11.00 48 50 50 6 130.00 130.00 50 0 0 0
10.00 47 50 50 6 130.00 130.00 50 0 0 0
11.00 48 50 50 6 130.00 130.00 50 0 0 0
11.00 47 50 50 6 130.00 130.00 50 0 0 0
10.00 46 50 50 6 130.00 130.00 50 0 0 0
11.00 47 50 50 6 130.00 130.00 50 0 0 0
10.00 46 50 50 6 130.00 130.00 50 0 0 0
12.00 46 50 50 6 130.00 130.00 50 0 0 0
10.00 47 50 50 6 130.00 130.00 50 0 0 0
10.00 47 50 50 6 130.00 130.00 50 0 0 0
11.00 47 50 50 6 130.00 130.00 50 0 0 0
11.00 46 50 50 6 130.00 130.00 50 0 0 0
11.00 48 50 50 6 130.00 130.00 50 0 0 0
10.00 46 51 50 6 -106.50 156.50 51 0 0 0
11.00 47 50 50 6 152.73 107.27 50 0 0 0
11.00 48 50 50 6 130.00 130.00 50 0 0 0
11.00 47 50 50 6 130.00 130.00 50 0 0 0
10.00 48 50 50 6 130.00 130.00 50 0 0 0
10.00 49 50 50 6 130.00 130.00 50 0 0 0
12.00 47 50 50 6 130.00 130.00 50 0 0 0
10.00 50 50 50 6 130.00 130.00 50 0 0 0
11.00 50 50 50 6 130.00 130.00 50 0 0 0
10.00 50 50 50 6 130.00 130.00 50 0 0 0
11.00 50 50 50 6 130.00 130.00 50 0 0 0
11.00 50 49 50 6 154.23 105.77 49 0 0 0
10.00 50 49 50 6 131.50 128.50 49 0 0 0
11.00 50 50 50 6 107.27 152.73 50 0 0 0
11.00 49 50 50 6 130.00 130.00 50 0 0 0
10.00 50 50 50 6 130.00 130.00 50 0 0 0
11.00 49 50 50 0 0.00 0.00 49 0 0 0
9.00 50 50 50 0 0.00 0.00 50 0 0 0
10.00 50 50 50 0 0.00 0.00 50 0 0 0
10.00 50 50 50 0 0.00 0.00 50 0 0 0
9.00 50 50 50 0 0.00 0.00 50 0 0 0
9.00 49 50 50 0 0.00 0.00 49 0 0 0
9.00 49 50 50 0 0.00 0.00 49 0 0 0
11.00 49 50 50 0 0.00 0.00 49 0 0 0
9.00 49 50 50 0 0.00 0.00 49 0 0 0
9.00 50 50 50 0 0.00 0.00 50 0 0 0
9.00 49 50 50 0 0.00 0.00 49 0 0 0
9.00 49 50 50 0 0.00 0.00 49 0 0 0
11.00 49 50 50 0 0.00 0.00 49 0 0 0
9.00 50 49 50 0 0.00 0.00 49 0 0 0
9.00 49 50 50 0 0.00 0.00 49 0 0 0
9.00 50 50 50 0 0.00 0.00 50 0 0 0
10.00 49 50 50 0 0.00 0.00 49 0 0 0
10.00 49 50 50 0 0.00 0.00 49 0 0 0
9.00 49 50 50 0 0.00 0.00 49 0 0 0
9.00 49 50 50 0 0.00 0.00 49 0 0 0
9.00 49 50 50 0 0.00 0.00 49 0 0 0
11.00 50 50 50 0 0.00 0.00 50 0 0 0
9.00 50 50 50 0 0.00 0.00 50 0 0 0
9.00 50 49 50 0 0.00 0.00 49 0 0 0
9.00 50 50 50 0 0.00 0.00 50 0 0 0
10.00 50 49 50 0 0.00 0.00 49 0 0 0
10.00 50 49 50 0 0.00 0.00 49 0 0 0
9.00 50 49 50 0 0.00 0.00 49 0 0 0
9.00 50 49 50 0 0.00 0.00 49 0 0 0
9.00 49 50 50 0 0.00 0.00 49 0 0 0
11.00 50 49 50 0 0.00 0.00 49 0 0 0
9.00 50 49 50 0 0.00 0.00 49 0 0 0
9.00 50 50 50 0 0.00 0.00 50 0 0 0
9.00 50 50 50 0 0.00 0.00 50 0 0 0
10.00 50 49 50 0 0.00 0.00 49 0 0 0
10.00 50 49 50 0 0.00 0.00 49 0 0 0
9.00 50 49 50 0 0.00 0.00 49 0 0 0
9.00 50 49 50 0 0.00 0.00 49 0 0 0
9.00 50 49 50 0 0.00 0.00 49 0 0 0
11.00 50 50 50 0 0.00 0.00 50 0 0 0
9.00 50 50 50 0 0.00 0.00 50 0 0 0
9.00 50 49 50 0 0.00 0.00 49 0 0 0
9.00 50 50 50 0 0.00 0.00 50 0 0 0
10.00 50 50 50 0 0.00 0.00 50 0 0 0
10.00 50 49 50 0 0.00 0.00 49 0 0 0
9.00 50 49 50 0 0.00 0.00 49 0 0 0
9.00 50 50 50 0 0.00 0.00 50 0 0 0
10.00 49 50 50 0 0.00 0.00 49 0 0 0
10.00 50 50 50 0 0.00 0.00 50 0 0 0
9.00 50 49 50 0 0.00 0.00 49 0 0 0
9.00 50 49 50 0 0.00 0.00 49 0 0 0
10.00 50 49 50 0 0.00 0.00 49 0 0 0
10.00 50 49 50 0 0.00 0.00 49 0 0 0
9.00 50 49 50 0 0.00 0.00 49 0 0 0
10.00 50 49 50 0 0.00 0.00 49 0 0 0
9.00 50 50 50 0 0.00 0.00 50 0 0 0
9.00 50 49 50 0 0.00 0.00 49 0 0 0
10.00 50 50 50 0 0.00 0.00 50 0 0 0
10.00 50 49 50 0 0.00 0.00 49 0 0 0
9.00 50 49 50 0 0.00 0.00 49 0 0 0
9.00 50 49 50 0 0.00 0.00 49 0 0 0
10.00 50 49 50 0 0.00 0.00 49 0 0 0
10.00 50 49 50 0 0.00 0.00 49 0 0 0
9.00 50 50 50 0 0.00 0.00 50 0 0 0
9.00 50 49 50 0 0.00 0.00 49 0 0 0
9.00 50 49 50 0 0.00 0.00 49 0 0 0
10.00 50 49 50 0 0.00 0.00 49 0 0 0
10.00 50 50 50 0 0.00 0.00 50 0 0 0
9.00 50 49 50 0 0.00 0.00 49 0 0 0
9.00 50 50 50 0 0.00 0.00 50 0 0 0
11.00 50 49 50 0 0.00 0.00 49 0 0 0
9.00 50 50 50 0 0.00 0.00 50 0 0 0
9.00 50 50 50 0 0.00 0.00 50 0 0 0
9.00 50 49 50 0 0.00 0.00 49 0 0 0
9.00 50 50 50 0 0.00 0.00 50 0 0 0
10.00 50 49 50 0 0.00 0.00 49 0 0 0
10.00 50 49 50 0 0.00 0.00 49 0 0 0
9.00 50 49 50 0 0.00 0.00 49 0 0 0
9.00 50 50 50 0 0.00 0.00 50 0 0 0
11.00 50 50 50 0 0.00 0.00 50 0 0 0
9.00 50 49 50 0 0.00 0.00 49 0 0 0
9.00 50 49 50 0 0.00 0.00 49 0 0 0
9.00 50 49 50 0 0.00 0.00 49 0 0 0
9.00 50 50 50 0 0.00 0.00 50 0 0 0
11.00 50 50 50 0 0.00 0.00 50 0 0 0
9.00 50 49 50 0 0.00 0.00 49 0 0 0
9.00 50 49 50 0 0.00 0.00 49 0 0 0
9.00 50 49 50 0 0.00 0.00 49 0 0 0
10.00 50 49 50 0 0.00 0.00 49 0 0 0
10.00 50 49 50 0 0.00 0.00 49 0 0 0
9.00 50 50 50 0 0.00 0.00 50 0 0 0
9.00 50 50 50 0 0.00 0.00 50 0 0 0
9.00 50 49 50 0 0.00 0.00 49 0 0 0
11.00 50 50 50 0 0.00 0.00 50 0 0 0
9.00 50 50 50 0 0.00 0.00 50 0 0 0
9.00 50 49 50 0 0.00 0.00 49 0 0 0
9.00 50 50 50 0 0.00 0.00 50 0 0 0
10.00 50 49 50 0 0.00 0.00 49 0 0 0
10.00 50 49 50 0 0.00 0.00 49 0 0 0
9.00 50 49 50 0 0.00 0.00 49 0 0 0
9.00 50 50 50 0 0.00 0.00 50 0 0 0
9.00 50 49 50 0 0.00 0.00 49 0 0 0
11.00 50 50 50 0 0.00 0.00 50 0 0 0
9.00 50 49 50 0 0.00 0.00 49 0 0 0
9.00 50 50 50 0 0.00 0.00 50 0 0 0
9.00 50 50 50 0 0.00 0.00 50 0 0 0
10.00 50 50 50 0 0.00 0.00 50 0 0 0
10.00 50 50 50 0 0.00 0.00 50 0 0 0
9.00 50 49 50 0 0.00 0.00 49 0 0 0
9.00 50 50 50 0 0.00 0.00 50 0 0 0
9.00 50 50 50 0 0.00 0.00 50 0 0 0
11.00 50 49 50 0 0.00 0.00 49 0 0 0
9.00 50 49 50 0 0.00 0.00 49 0 0 0
9.00 50 50 50 0 0.00 0.00 50 0 0 0
9.00 50 50 50 0 0.00 0.00 50 0 0 0
10.00 50 49 50 0 0.00 0.00 49 0 0 0
10.00 50 49 50 0 0.00 0.00 49 0 0 0
9.00 50 49 50 0 0.00 0.00 49 0 0 0
9.00 50 50 50 0 0.00 0.00 50 0 0 0
9.00 50 49 50 0 0.00 0.00 49 0 0 0
11.00 50 49 50 0 0.00 0.00 49 0 0 0
9.00 49 49 50 0 0.00 0.00 49 0 0 0
9.00 50 49 50 0 0.00 0.00 49 0 0 0
9.00 50 49 50 0 0.00 0.00 49 0 0 0
10.00 50 50 50 0 0.00 0.00 50 0 0 0
10.00 50 49 50 0 0.00 0.00 49 0 0 0
9.00 50 50 50 0 0.00 0.00 50 0 0 0
9.00 50 50 50 0 0.00 0.00 50 0 0 0
10.00 50 49 50 0 0.00 0.00 49 0 0 0
10.00 50 49 50 0 0.00 0.00 49 0 0 0
9.00 50 49 50 0 0.00 0.00 49 0 0 0
9.00 50 49 50 0 0.00 0.00 49 0 0 0
10.00 50 49 50 0 0.00 0.00 49 0 0 0
10.00 50 50 50 0 0.00 0.00 50 0 0 0
9.00 50 49 50 0 0.00 0.00 49 0 0 0
10.00 50 49 50 0 0.00 0.00 49 0 0 0
9.00 50 49 50 0 0.00 0.00 49 0 0 0
9.00 50 49 50 0 0.00 0.00 49 0 0 0
10.00 50 50 50 0 0.00 0.00 50 0 0 0
10.00 50 50 50 0 0.00 0.00 50 0 0 0
9.00 50 49 50 0 0.00 0.00 49 0 0 0
9.00 50 49 50 0 0.00 0.00 49 0 0 0
10.00 50 49 50 0 0.00 0.00 49 0 0 0
10.00 50 50 50 0 0.00 0.00 50 0 0 0
9.00 50 50 50 0 0.00 0.00 50 0 0 0
9.00 50 50 50 0 0.00 0.00 50 0 0 0
9.00 50 50 50 0 0.00 0.00 50 0 0 0
10.00 50 50 50 0 0.00 0.00 50 0 0 0
10.00 50 50 50 0 0.00 0.00 50 0 0 0
9.00 50 49 50 0 0.00 0.00 49 0 0 0
9.00 50 50 50 0 0.00 0.00 50 0 0 0
11.00 50 49 50 0 0.00 0.00 49 0 0 0