=~=~=~=~=~=~=~=~=~=~=~= PuTTY log 2019.12.02 13:25:54 =~=~=~=~=~=~=~=~=~=~=~=
0 0 0
10.00 42 42 50 0 0.00 0.00 42 0 0 0
9.00 43 42 50 0 0.00 0.00 42 0 0 0
9.00 42 42 50 0 0.00 0.00 42 0 0 0
9.00 43 42 50 0 0.00 0.00 42 0 0 0
10.00 42 42 50 0 0.00 0.00 42 0 0 0
10.00 42 42 50 0 0.00 0.00 42 0 0 0
9.00 42 42 50 0 0.00 0.00 42 0 0 0
9.00 43 42 50 0 0.00 0.00 42 0 0 0
11.00 43 42 50 0 0.00 0.00 42 0 0 0
9.00 43 42 50 0 0.00 0.00 42 0 0 0
9.00 43 42 50 0 0.00 0.00 42 0 0 0
9.00 43 42 50 0 0.00 0.00 42 0 0 0
9.00 43 42 50 0 0.00 0.00 42 0 0 0
10.00 43 42 50 0 0.00 0.00 42 0 0 0
10.00 43 42 50 0 0.00 0.00 42 0 0 0
9.00 43 42 50 0 0.00 0.00 42 0 0 0
9.00 43 42 50 0 0.00 0.00 42 0 0 0
11.00 43 42 50 0 0.00 0.00 42 0 0 0
9.00 43 42 50 0 0.00 0.00 42 0 0 0
9.00 43 42 50 0 0.00 0.00 42 0 0 0
9.00 43 42 50 0 0.00 0.00 42 0 0 0
9.00 43 42 50 0 0.00 0.00 42 0 0 0
11.00 43 42 50 0 0.00 0.00 42 0 0 0
9.00 43 42 50 0 0.00 0.00 42 0 0 0
9.00 43 42 50 0 0.00 0.00 42 0 0 0
9.00 43 42 50 0 0.00 0.00 42 0 0 0
10.00 43 42 50 0 0.00 0.00 42 0 0 0
10.00 43 42 50 0 0.00 0.00 42 0 0 0
9.00 43 42 50 0 0.00 0.00 42 0 0 0
9.00 43 42 50 0 0.00 0.00 42 0 0 0
9.00 43 42 50 0 0.00 0.00 42 0 0 0
11.00 43 42 50 0 0.00 0.00 42 0 0 0
9.00 42 42 50 0 0.00 0.00 42 0 0 0
9.00 43 42 50 0 0.00 0.00 42 0 0 0
9.00 43 42 50 0 0.00 0.00 42 0 0 0
10.00 43 42 50 0 0.00 0.00 42 0 0 0
10.00 43 42 50 0 0.00 0.00 42 0 0 0
9.00 43 42 50 0 0.00 0.00 42 0 0 0
9.00 43 42 50 0 0.00 0.00 42 0 0 0
9.00 43 42 50 0 0.00 0.00 42 0 0 0
11.00 43 42 50 0 0.00 0.00 42 0 0 0
9.00 43 42 50 0 0.00 0.00 42 0 0 0
9.00 43 42 50 0 0.00 0.00 42 0 0 0
9.00 43 42 50 0 0.00 0.00 42 0 0 0
10.00 43 42 50 0 0.00 0.00 42 0 0 0
10.00 43 42 50 0 0.00 0.00 42 0 0 0
9.00 43 42 50 0 0.00 0.00 42 0 0 0
9.00 43 42 50 0 0.00 0.00 42 0 0 0
9.00 42 42 50 0 0.00 0.00 42 0 0 0
11.00 43 42 50 0 0.00 0.00 42 0 0 0
9.00 43 42 50 0 0.00 0.00 42 0 0 0
9.00 43 42 50 0 0.00 0.00 42 0 0 0
9.00 43 42 50 0 0.00 0.00 42 0 0 0
10.00 43 43 50 0 0.00 0.00 43 0 0 0
10.00 43 42 50 0 0.00 0.00 42 0 0 0
9.00 43 42 50 0 0.00 0.00 42 0 0 0
9.00 43 42 50 0 0.00 0.00 42 0 0 0
9.00 43 42 50 0 0.00 0.00 42 0 0 0
11.00 43 42 50 0 0.00 0.00 42 0 0 0
9.00 43 42 50 0 0.00 0.00 42 0 0 0
9.00 43 42 50 0 0.00 0.00 42 0 0 0
9.00 43 42 50 0 0.00 0.00 42 0 0 0
10.00 43 42 50 0 0.00 0.00 42 0 0 0
10.00 43 42 50 0 0.00 0.00 42 0 0 0
9.00 43 42 50 0 0.00 0.00 42 0 0 0
9.00 43 42 50 0 0.00 0.00 42 0 0 0
10.00 43 42 50 0 0.00 0.00 42 0 0 0
10.00 43 42 50 0 0.00 0.00 42 0 0 0
9.00 43 42 50 0 0.00 0.00 42 0 0 0
9.00 43 42 50 0 0.00 0.00 42 0 0 0
10.00 43 42 50 0 0.00 0.00 42 0 0 0
10.00 43 42 50 0 0.00 0.00 42 0 0 0
9.00 43 42 50 0 0.00 0.00 42 0 0 0
10.00 43 42 50 0 0.00 0.00 42 0 0 0
9.00 43 42 50 0 0.00 0.00 42 0 0 0
9.00 43 42 50 0 0.00 0.00 42 0 0 0
10.00 43 42 50 0 0.00 0.00 42 0 0 0
10.00 43 42 50 0 0.00 0.00 42 0 0 0
9.00 43 42 50 0 0.00 0.00 42 0 0 0
9.00 43 42 50 0 0.00 0.00 42 0 0 0
10.00 43 42 50 0 0.00 0.00 42 0 0 0
10.00 43 42 50 0 0.00 0.00 42 0 0 0
9.00 43 42 50 0 0.00 0.00 42 0 0 0
9.00 43 42 50 0 0.00 0.00 42 0 0 0
9.00 43 42 50 0 0.00 0.00 42 0 0 0
10.00 43 42 50 0 0.00 0.00 42 0 0 0
10.00 43 42 50 0 0.00 0.00 42 0 0 0
9.00 43 42 50 0 0.00 0.00 42 0 0 0
9.00 43 42 50 0 0.00 0.00 42 0 0 0
11.00 43 42 50 0 0.00 0.00 42 0 0 0
9.00 43 42 50 0 0.00 0.00 42 0 0 0
9.00 42 42 50 0 0.00 0.00 42 0 0 0
9.00 43 42 50 0 0.00 0.00 42 0 0 0
9.00 43 42 50 0 0.00 0.00 42 0 0 0
11.00 43 42 50 0 0.00 0.00 42 0 0 0
9.00 43 42 50 0 0.00 0.00 42 0 0 0
9.00 42 42 50 0 0.00 0.00 42 0 0 0
9.00 43 42 50 0 0.00 0.00 42 0 0 0
9.00 42 42 50 0 0.00 0.00 42 0 0 0
10.00 43 42 50 0 0.00 0.00 42 0 0 0
10.00 43 42 50 0 0.00 0.00 42 0 0 0
9.00 43 42 50 0 0.00 0.00 42 0 0 0
9.00 43 42 50 0 0.00 0.00 42 0 0 0
11.00 43 42 50 0 0.00 0.00 42 0 0 0
9.00 43 42 50 0 0.00 0.00 42 0 0 0
9.00 42 42 50 0 0.00 0.00 42 0 0 0
9.00 43 42 50 0 0.00 0.00 42 0 0 0
9.00 43 42 50 0 0.00 0.00 42 0 0 0
10.00 42 42 50 0 0.00 0.00 42 0 0 0
10.00 43 42 50 0 0.00 0.00 42 0 0 0
9.00 43 42 50 0 0.00 0.00 42 0 0 0
9.00 43 42 50 0 0.00 0.00 42 0 0 0
11.00 42 42 50 0 0.00 0.00 42 0 0 0
9.00 43 42 50 0 0.00 0.00 42 0 0 0
9.00 43 42 50 0 0.00 0.00 42 0 0 0
9.00 43 43 50 0 0.00 0.00 43 0 0 0
9.00 43 42 50 0 0.00 0.00 42 0 0 0
11.00 43 42 50 0 0.00 0.00 42 0 0 0
9.00 43 42 50 0 0.00 0.00 42 0 0 0
9.00 43 42 50 0 0.00 0.00 42 0 0 0
9.00 43 42 50 0 0.00 0.00 42 0 0 0
10.00 42 42 50 0 0.00 0.00 42 0 0 0
10.00 43 42 50 0 0.00 0.00 42 0 0 0
9.00 42 42 50 0 0.00 0.00 42 0 0 0
9.00 43 42 50 0 0.00 0.00 42 0 0 0
9.00 43 42 50 0 0.00 0.00 42 0 0 0
11.00 42 42 50 0 0.00 0.00 42 0 0 0
9.00 43 42 50 0 0.00 0.00 42 0 0 0
9.00 43 42 50 0 0.00 0.00 42 0 0 0
9.00 43 42 50 0 0.00 0.00 42 0 0 0
10.00 43 42 50 0 0.00 0.00 42 0 0 0
10.00 43 42 50 0 0.00 0.00 42 0 0 0
9.00 43 42 50 0 0.00 0.00 42 0 0 0
9.00 43 42 50 0 0.00 0.00 42 0 0 0
9.00 43 42 50 0 0.00 0.00 42 0 0 0
11.00 43 42 50 0 0.00 0.00 42 0 0 0
9.00 43 42 50 0 0.00 0.00 42 0 0 0
9.00 43 42 50 0 0.00 0.00 42 0 0 0
9.00 43 42 50 0 0.00 0.00 42 0 0 0
10.00 43 42 50 0 0.00 0.00 42 0 0 0
10.00 43 42 50 0 0.00 0.00 42 0 0 0
9.00 42 42 50 0 0.00 0.00 42 0 0 0
9.00 42 42 50 0 0.00 0.00 42 0 0 0
9.00 42 42 50 0 0.00 0.00 42 0 0 0
11.00 42 42 50 0 0.00 0.00 42 0 0 0
9.00 43 42 50 0 0.00 0.00 42 0 0 0
9.00 43 42 50 0 0.00 0.00 42 0 0 0
9.00 43 42 50 0 0.00 0.00 42 0 0 0
10.00 43 42 50 0 0.00 0.00 42 0 0 0
10.00 43 42 50 0 0.00 0.00 42 0 0 0
9.00 43 42 50 0 0.00 0.00 42 0 0 0
9.00 43 42 50 0 0.00 0.00 42 0 0 0
9.00 43 42 50 0 0.00 0.00 42 0 0 0
11.00 43 42 50 0 0.00 0.00 42 0 0 0
9.00 43 42 50 0 0.00 0.00 42 0 0 0
9.00 43 42 50 0 0.00 0.00 42 0 0 0
9.00 43 42 50 0 0.00 0.00 42 0 0 0
10.00 43 42 50 0 0.00 0.00 42 0 0 0
10.00 42 42 50 0 0.00 0.00 42 0 0 0
9.00 42 42 50 0 0.00 0.00 42 0 0 0
9.00 43 42 50 0 0.00 0.00 42 0 0 0
10.00 43 42 50 0 0.00 0.00 42 0 0 0
10.00 43 42 50 0 0.00 0.00 42 0 0 0
9.00 43 42 50 0 0.00 0.00 42 0 0 0
9.00 43 42 50 0 0.00 0.00 42 0 0 0
10.00 43 42 50 0 0.00 0.00 42 0 0 0
10.00 43 42 50 0 0.00 0.00 42 0 0 0
9.00 43 42 50 0 0.00 0.00 42 0 0 0
10.00 42 42 50 0 0.00 0.00 42 0 0 0
9.00 43 42 50 0 0.00 0.00 42 0 0 0
9.00 43 42 50 0 0.00 0.00 42 0 0 0
10.00 43 42 50 0 0.00 0.00 42 0 0 0
10.00 43 42 50 0 0.00 0.00 42 0 0 0
9.00 43 42 50 0 0.00 0.00 42 0 0 0
9.00 42 42 50 0 0.00 0.00 42 0 0 0
10.00 43 42 50 0 0.00 0.00 42 0 0 0
10.00 43 42 50 0 0.00 0.00 42 0 0 0
9.00 43 42 50 0 0.00 0.00 42 0 0 0
9.00 43 42 50 0 0.00 0.00 42 0 0 0
9.00 43 42 50 0 0.00 0.00 42 0 0 0
10.00 42 42 50 0 0.00 0.00 42 0 0 0
10.00 42 42 50 0 0.00 0.00 42 0 0 0
9.00 43 42 50 0 0.00 0.00 42 0 0 0
9.00 43 42 50 0 0.00 0.00 42 0 0 0
11.00 42 42 50 0 0.00 0.00 42 0 0 0
9.00 43 42 50 0 0.00 0.00 42 0 0 0
9.00 43 42 50 0 0.00 0.00 42 0 0 0
9.00 42 42 50 0 0.00 0.00 42 0 0 0
9.00 42 42 50 0 0.00 0.00 42 0 0 0
10.00 43 42 50 0 0.00 0.00 42 0 0 0
10.00 42 42 50 0 0.00 0.00 42 0 0 0
9.00 43 42 50 0 0.00 0.00 42 0 0 0
9.00 43 42 50 0 0.00 0.00 42 0 0 0
11.00 42 42 50 0 0.00 0.00 42 0 0 0
9.00 42 42 50 0 0.00 0.00 42 0 0 0
9.00 42 42 50 0 0.00 0.00 42 0 0 0
9.00 43 42 50 0 0.00 0.00 42 0 0 0
9.00 42 42 50 0 0.00 0.00 42 0 0 0
11.00 42 42 50 0 0.00 0.00 42 0 0 0
9.00 42 42 50 0 0.00 0.00 42 0 0 0
9.00 42 42 50 0 0.00 0.00 42 0 0 0
9.00 43 42 50 0 0.00 0.00 42 0 0 0
10.00 42 42 50 0 0.00 0.00 42 0 0 0
10.00 42 42 50 0 0.00 0.00 42 0 0 0
9.00 42 42 50 0 0.00 0.00 42 0 0 0
9.00 43 42 50 0 0.00 0.00 42 0 0 0
9.00 42 42 50 0 0.00 0.00 42 0 0 0
11.00 43 42 50 0 0.00 0.00 42 0 0 0
9.00 42 42 50 0 0.00 0.00 42 0 0 0
9.00 43 42 50 0 0.00 0.00 42 0 0 0
9.00 43 42 50 0 0.00 0.00 42 0 0 0
10.00 43 42 50 0 0.00 0.00 42 0 0 0
10.00 43 42 50 0 0.00 0.00 42 0 0 0
9.00 43 42 50 0 0.00 0.00 42 0 0 0
9.00 43 42 50 0 0.00 0.00 42 0 0 0
9.00 42 42 50 0 0.00 0.00 42 0 0 0
11.00 42 42 50 0 0.00 0.00 42 0 0 0
9.00 42 42 50 0 0.00 0.00 42 0 0 0
9.00 42 42 50 0 0.00 0.00 42 0 0 0
9.00 43 42 50 0 0.00 0.00 42 0 0 0
10.00 43 42 50 0 0.00 0.00 42 0 0 0
10.00 42 42 50 0 0.00 0.00 42 0 0 0
9.00 43 42 50 0 0.00 0.00 42 0 0 0
9.00 42 42 50 0 0.00 0.00 42 0 0 0
9.00 42 42 50 0 0.00 0.00 42 0 0 0
11.00 43 42 50 0 0.00 0.00 42 0 0 0
9.00 43 42 50 0 0.00 0.00 42 0 0 0
9.00 43 42 50 0 0.00 0.00 42 0 0 0
9.00 43 42 50 0 0.00 0.00 42 0 0 0
10.00 42 42 50 0 0.00 0.00 42 0 0 0
10.00 43 42 50 0 0.00 0.00 42 0 0 0
9.00 43 42 50 0 0.00 0.00 42 0 0 0
9.00 43 42 50 0 0.00 0.00 42 0 0 0
9.00 43 42 50 0 0.00 0.00 42 0 0 0
11.00 43 42 50 0 0.00 0.00 42 0 0 0
9.00 42 42 50 0 0.00 0.00 42 0 0 0
9.00 43 42 50 0 0.00 0.00 42 0 0 0
9.00 43 42 50 0 0.00 0.00 42 0 0 0
10.00 43 42 50 0 0.00 0.00 42 0 0 0
10.00 42 42 50 0 0.00 0.00 42 0 0 0
9.00 42 42 50 0 0.00 0.00 42 0 0 0
9.00 43 42 50 0 0.00 0.00 42 0 0 0
10.00 43 42 50 0 0.00 0.00 42 0 0 0
10.00 42 42 50 0 0.00 0.00 42 0 0 0
9.00 42 42 50 0 0.00 0.00 42 0 0 0
9.00 43 42 50 0 0.00 0.00 42 0 0 0
10.00 42 42 50 0 0.00 0.00 42 0 0 0
10.00 43 42 50 0 0.00 0.00 42 0 0 0
9.00 42 42 50 0 0.00 0.00 42 0 0 0
10.00 42 42 50 0 0.00 0.00 42 0 0 0
9.00 43 42 50 0 0.00 0.00 42 0 0 0
9.00 43 42 50 0 0.00 0.00 42 0 0 0
10.00 43 42 50 0 0.00 0.00 42 0 0 0
10.00 43 42 50 0 0.00 0.00 42 0 0 0
9.00 43 42 50 0 0.00 0.00 42 0 0 0
9.00 43 42 50 0 0.00 0.00 42 0 0 0
10.00 42 42 50 0 0.00 0.00 42 0 0 0
10.00 43 42 50 0 0.00 0.00 42 0 0 0
9.00 43 42 50 0 0.00 0.00 42 0 0 0
9.00 43 42 50 0 0.00 0.00 42 0 0 0
9.00 43 42 50 0 0.00 0.00 42 0 0 0
10.00 43 42 50 0 0.00 0.00 42 0 0 0
10.00 42 42 50 0 0.00 0.00 42 0 0 0
9.00 43 42 50 0 0.00 0.00 42 0 0 0
9.00 42 42 50 0 0.00 0.00 42 0 0 0
11.00 43 42 50 0 0.00 0.00 42 0 0 0
9.00 42 42 50 0 0.00 0.00 42 0 0 0
9.00 42 42 50 0 0.00 0.00 42 0 0 0
9.00 42 42 50 0 0.00 0.00 42 0 0 0
9.00 43 42 50 0 0.00 0.00 42 0 0 0
11.00 43 42 50 0 0.00 0.00 42 0 0 0
9.00 42 42 50 0 0.00 0.00 42 0 0 0
9.00 43 42 50 0 0.00 0.00 42 0 0 0
9.00 42 42 50 0 0.00 0.00 42 0 0 0
9.00 43 42 50 0 0.00 0.00 42 0 0 0
10.00 43 42 50 0 0.00 0.00 42 0 0 0
10.00 43 42 50 0 0.00 0.00 42 0 0 0
9.00 43 42 50 0 0.00 0.00 42 0 0 0
9.00 43 42 50 0 0.00 0.00 42 0 0 0
11.00 43 42 50 0 0.00 0.00 42 0 0 0
9.00 43 42 50 0 0.00 0.00 42 0 0 0
9.00 43 42 50 0 0.00 0.00 42 0 0 0
9.00 43 42 50 0 0.00 0.00 42 0 0 0
9.00 43 42 50 0 0.00 0.00 42 0 0 0
10.00 43 42 50 0 0.00 0.00 42 0 0 0
10.00 43 42 50 0 0.00 0.00 42 0 0 0
9.00 43 42 50 0 0.00 0.00 42 0 0 0
9.00 43 42 50 0 0.00 0.00 42 0 0 0
11.00 43 42 50 0 0.00 0.00 42 0 0 0
9.00 43 42 50 0 0.00 0.00 42 0 0 0
9.00 43 42 50 0 0.00 0.00 42 0 0 0
9.00 43 42 50 0 0.00 0.00 42 0 0 0
9.00 43 42 50 0 0.00 0.00 42 0 0 0
11.00 43 42 50 0 0.00 0.00 42 0 0 0
9.00 43 42 50 0 0.00 0.00 42 0 0 0
9.00 43 42 50 0 0.00 0.00 42 0 0 0
9.00 43 42 50 0 0.00 0.00 42 0 0 0
10.00 43 42 50 0 0.00 0.00 42 0 0 0
10.00 43 42 50 0 0.00 0.00 42 0 0 0
9.00 43 42 50 0 0.00 0.00 42 0 0 0
9.00 43 42 50 0 0.00 0.00 42 0 0 0
9.00 43 42 50 0 0.00 0.00 42 0 0 0
11.00 43 42 50 0 0.00 0.00 42 0 0 0
9.00 43 42 50 0 0.00 0.00 42 0 0 0
9.00 43 42 50 0 0.00 0.00 42 0 0 0
9.00 43 42 50 0 0.00 0.00 42 0 0 0
10.00 43 42 50 0 0.00 0.00 42 0 0 0
10.00 43 42 50 0 0.00 0.00 42 0 0 0
9.00 43 42 50 0 0.00 0.00 42 0 0 0
9.00 43 42 50 0 0.00 0.00 42 0 0 0
9.00 43 42 50 0 0.00 0.00 42 0 0 0
11.00 43 42 50 0 0.00 0.00 42 0 0 0
9.00 43 42 50 0 0.00 0.00 42 0 0 0
9.00 43 42 50 0 0.00 0.00 42 0 0 0
9.00 43 42 50 0 0.00 0.00 42 0 0 0
10.00 43 42 50 0 0.00 0.00 42 0 0 0
10.00 43 42 50 0 0.00 0.00 42 0 0 0
9.00 43 42 50 0 0.00 0.00 42 0 0 0
9.00 43 42 50 0 0.00 0.00 42 0 0 0
9.00 42 42 50 0 0.00 0.00 42 0 0 0
11.00 43 42 50 0 0.00 0.00 42 0 0 0
9.00 43 42 50 0 0.00 0.00 42 0 0 0
9.00 43 42 50 0 0.00 0.00 42 0 0 0
9.00 43 42 50 0 0.00 0.00 42 0 0 0
10.00 43 42 50 0 0.00 0.00 42 0 0 0
10.00 43 42 50 0 0.00 0.00 42 0 0 0
9.00 43 42 50 0 0.00 0.00 42 0 0 0
9.00 43 42 50 0 0.00 0.00 42 0 0 0
9.00 43 42 50 0 0.00 0.00 42 0 0 0
11.00 42 42 50 0 0.00 0.00 42 0 0 0
9.00 43 42 50 0 0.00 0.00 42 0 0 0
9.00 43 42 50 0 0.00 0.00 42 0 0 0
9.00 43 42 50 0 0.00 0.00 42 0 0 0
10.00 42 42 50 0 0.00 0.00 42 0 0 0
10.00 43 42 50 0 0.00 0.00 42 0 0 0
9.00 42 42 50 0 0.00 0.00 42 0 0 0
9.00 42 42 50 0 0.00 0.00 42 0 0 0
10.00 43 42 50 0 0.00 0.00 42 0 0 0
10.00 43 42 50 0 0.00 0.00 42 0 0 0
9.00 43 43 50 0 0.00 0.00 43 0 0 0
9.00 43 42 50 0 0.00 0.00 42 0 0 0
10.00 43 42 50 0 0.00 0.00 42 0 0 0
10.00 43 42 50 0 0.00 0.00 42 0 0 0
9.00 43 42 50 0 0.00 0.00 42 0 0 0
10.00 43 42 50 0 0.00 0.00 42 0 0 0
9.00 43 42 50 0 0.00 0.00 42 0 0 0
9.00 43 42 50 0 0.00 0.00 42 0 0 0
10.00 43 42 50 0 0.00 0.00 42 0 0 0
10.00 43 42 50 0 0.00 0.00 42 0 0 0
9.00 43 42 50 0 0.00 0.00 42 0 0 0
9.00 43 42 50 0 0.00 0.00 42 0 0 0
10.00 43 42 50 0 0.00 0.00 42 0 0 0
10.00 43 42 50 0 0.00 0.00 42 0 0 0
9.00 43 42 50 0 0.00 0.00 42 0 0 0
9.00 43 42 50 0 0.00 0.00 42 0 0 0
9.00 43 42 50 0 0.00 0.00 42 0 0 0
10.00 43 42 50 0 0.00 0.00 42 0 0 0
10.00 43 42 50 0 0.00 0.00 42 0 0 0
9.00 43 42 50 0 0.00 0.00 42 0 0 0
9.00 43 42 50 0 0.00 0.00 42 0 0 0
463.00 43 42 50 0 0.00 0.00 42 0 0 0
9.00 43 42 50 0 0.00 0.00 42 0 0 0
9.00 43 42 50 0 0.00 0.00 42 0 0 0
9.00 43 42 50 0 0.00 0.00 42 0 0 0
10.00 42 43 50 0 0.00 0.00 42 0 0 0
10.00 43 42 50 0 0.00 0.00 42 0 0 0
9.00 43 42 50 0 0.00 0.00 42 0 0 0
10.00 42 42 50 0 0.00 0.00 42 0 0 0
9.00 43 42 50 0 0.00 0.00 42 0 0 0
10.00 43 42 50 0 0.00 0.00 42 0 0 0
9.00 43 42 50 0 0.00 0.00 42 0 0 0
10.00 43 42 50 0 0.00 0.00 42 0 0 0
9.00 43 42 50 0 0.00 0.00 42 0 0 0
9.00 43 42 50 0 0.00 0.00 42 0 0 0
10.00 43 42 50 0 0.00 0.00 42 0 0 0
10.00 43 42 50 0 0.00 0.00 42 0 0 0
9.00 43 42 50 0 0.00 0.00 42 0 0 0
9.00 43 42 50 0 0.00 0.00 42 0 0 0
10.00 43 42 50 0 0.00 0.00 42 0 0 0
10.00 43 42 50 0 0.00 0.00 42 0 0 0
9.00 43 42 50 0 0.00 0.00 42 0 0 0
9.00 43 42 50 0 0.00 0.00 42 0 0 0
9.00 42 42 50 0 0.00 0.00 42 0 0 0
11.00 43 42 50 0 0.00 0.00 42 0 0 0
9.00 43 42 50 0 0.00 0.00 42 0 0 0
9.00 43 42 50 0 0.00 0.00 42 0 0 0
9.00 42 42 50 0 0.00 0.00 42 0 0 0
10.00 43 42 50 0 0.00 0.00 42 0 0 0
16394.00 43 42 50 0 0.00 0.00 42 0 0 0
10.00 43 42 50 0 0.00 0.00 42 0 0 0
9.00 43 42 50 0 0.00 0.00 42 0 0 0
9.00 43 42 50 0 0.00 0.00 42 0 0 0
11.00 43 42 50 0 0.00 0.00 42 0 0 0
9.00 43 42 50 0 0.00 0.00 42 0 0 0
9.00 42 42 50 0 0.00 0.00 42 0 0 0
9.00 43 42 50 0 0.00 0.00 42 0 0 0
10.00 43 42 50 0 0.00 0.00 42 0 0 0
10.00 43 42 50 0 0.00 0.00 42 0 0 0
9.00 43 42 50 0 0.00 0.00 42 0 0 0
9.00 43 42 50 0 0.00 0.00 42 0 0 0
9.00 43 42 50 0 0.00 0.00 42 0 0 0
11.00 43 42 50 0 0.00 0.00 42 0 0 0
9.00 43 42 50 0 0.00 0.00 42 0 0 0
9.00 42 42 50 0 0.00 0.00 42 0 0 0
9.00 43 42 50 0 0.00 0.00 42 0 0 0
10.00 43 42 50 0 0.00 0.00 42 0 0 0
10.00 43 42 50 0 0.00 0.00 42 0 0 0
9.00 43 42 50 0 0.00 0.00 42 0 0 0
9.00 43 42 50 0 0.00 0.00 42 0 0 0
10.00 43 42 50 0 0.00 0.00 42 0 0 0
10.00 43 42 50 0 0.00 0.00 42 0 0 0
9.00 43 42 50 0 0.00 0.00 42 0 0 0
9.00 42 42 50 0 0.00 0.00 42 0 0 0
10.00 43 42 50 0 0.00 0.00 42 0 0 0
10.00 43 42 50 0 0.00 0.00 42 0 0 0
9.00 43 42 50 0 0.00 0.00 42 0 0 0
10.00 43 42 50 0 0.00 0.00 42 0 0 0
9.00 43 42 50 0 0.00 0.00 42 0 0 0
9.00 43 42 50 0 0.00 0.00 42 0 0 0
10.00 42 42 50 0 0.00 0.00 42 0 0 0
10.00 42 42 50 0 0.00 0.00 42 0 0 0
9.00 43 42 50 0 0.00 0.00 42 0 0 0
9.00 43 42 50 0 0.00 0.00 42 0 0 0
10.00 43 42 50 0 0.00 0.00 42 0 0 0
10.00 43 42 50 0 0.00 0.00 42 0 0 0
9.00 43 42 50 0 0.00 0.00 42 0 0 0
9.00 43 42 50 0 0.00 0.00 42 0 0 0
9.00 43 42 50 0 0.00 0.00 42 0 0 0
10.00 43 42 50 0 0.00 0.00 42 0 0 0
10.00 43 42 50 0 0.00 0.00 42 0 0 0
9.00 43 42 50 0 0.00 0.00 42 0 0 0
9.00 42 42 50 0 0.00 0.00 42 0 0 0
11.00 43 42 50 0 0.00 0.00 42 0 0 0
9.00 42 42 50 0 0.00 0.00 42 0 0 0
9.00 43 42 50 0 0.00 0.00 42 0 0 0
9.00 43 42 50 0 0.00 0.00 42 0 0 0
203346.00 43 42 50 0 0.00 0.00 42 0 0 0
12.00 43 42 50 0 0.00 0.00 42 0 0 0
9.00 43 42 50 0 0.00 0.00 42 0 0 0
9.00 43 42 50 0 0.00 0.00 42 0 0 0
9.00 43 42 50 0 0.00 0.00 42 0 0 0
11.00 43 42 50 0 0.00 0.00 42 0 0 0
9.00 43 42 50 0 0.00 0.00 42 0 0 0
9.00 42 42 50 0 0.00 0.00 42 0 0 0
9.00 43 42 50 0 0.00 0.00 42 0 0 0
9.00 43 42 50 0 0.00 0.00 42 0 0 0
11.00 43 42 50 0 0.00 0.00 42 0 0 0
9.00 43 42 50 0 0.00 0.00 42 0 0 0
9.00 43 42 50 0 0.00 0.00 42 0 0 0
9.00 43 42 50 0 0.00 0.00 42 0 0 0
10.00 43 42 50 0 0.00 0.00 42 0 0 0
10.00 43 42 50 0 0.00 0.00 42 0 0 0
9.00 42 42 50 0 0.00 0.00 42 0 0 0
9.00 43 42 50 0 0.00 0.00 42 0 0 0
9.00 43 42 50 0 0.00 0.00 42 0 0 0
11.00 43 42 50 0 0.00 0.00 42 0 0 0
9.00 43 42 50 0 0.00 0.00 42 0 0 0
9.00 43 42 50 0 0.00 0.00 42 0 0 0
9.00 42 42 50 0 0.00 0.00 42 0 0 0
10.00 42 42 50 0 0.00 0.00 42 0 0 0
10.00 43 42 50 0 0.00 0.00 42 0 0 0
9.00 43 42 50 0 0.00 0.00 42 0 0 0
9.00 43 42 50 0 0.00 0.00 42 0 0 0
9.00 42 42 50 0 0.00 0.00 42 0 0 0
11.00 42 42 50 0 0.00 0.00 42 0 0 0
9.00 43 42 50 0 0.00 0.00 42 0 0 0
9.00 43 42 50 0 0.00 0.00 42 0 0 0
9.00 43 42 50 0 0.00 0.00 42 0 0 0
10.00 43 42 50 0 0.00 0.00 42 0 0 0
10.00 43 42 50 0 0.00 0.00 42 0 0 0
9.00 43 42 50 0 0.00 0.00 42 0 0 0
9.00 43 42 50 0 0.00 0.00 42 0 0 0
9.00 43 42 50 0 0.00 0.00 42 0 0 0
11.00 43 42 50 0 0.00 0.00 42 0 0 0
9.00 43 42 50 0 0.00 0.00 42 0 0 0
9.00 43 42 50 0 0.00 0.00 42 0 0 0
9.00 43 42 50 0 0.00 0.00 42 0 0 0
10.00 43 42 50 0 0.00 0.00 42 0 0 0
10.00 43 42 50 0 0.00 0.00 42 0 0 0
9.00 43 42 50 0 0.00 0.00 42 0 0 0
9.00 43 42 50 0 0.00 0.00 42 0 0 0
10.00 43 42 50 0 0.00 0.00 42 0 0 0
10.00 43 42 50 0 0.00 0.00 42 0 0 0
9.00 43 42 50 0 0.00 0.00 42 0 0 0
9.00 43 42 50 0 0.00 0.00 42 0 0 0
10.00 43 42 50 0 0.00 0.00 42 0 0 0
10.00 43 42 50 0 0.00 0.00 42 0 0 0
9.00 43 42 50 0 0.00 0.00 42 0 0 0
10.00 43 42 50 0 0.00 0.00 42 0 0 0
9.00 43 42 50 0 0.00 0.00 42 0 0 0
9.00 43 42 50 0 0.00 0.00 42 0 0 0
10.00 43 42 50 0 0.00 0.00 42 0 0 0
10.00 43 42 50 0 0.00 0.00 42 0 0 0
9.00 43 42 50 0 0.00 0.00 42 0 0 0
9.00 43 42 50 0 0.00 0.00 42 0 0 0
10.00 43 42 50 0 0.00 0.00 42 0 0 0
10.00 43 42 50 0 0.00 0.00 42 0 0 0
9.00 43 42 50 0 0.00 0.00 42 0 0 0
9.00 43 42 50 0 0.00 0.00 42 0 0 0
9.00 43 42 50 0 0.00 0.00 42 0 0 0
10.00 43 42 50 0 0.00 0.00 42 0 0 0
10.00 43 42 50 0 0.00 0.00 42 0 0 0
9.00 43 42 50 0 0.00 0.00 42 0 0 0
9.00 43 42 50 0 0.00 0.00 42 0 0 0
11.00 43 42 50 0 0.00 0.00 42 0 0 0
9.00 43 42 50 0 0.00 0.00 42 0 0 0
9.00 43 42 50 0 0.00 0.00 42 0 0 0
9.00 42 42 50 0 0.00 0.00 42 0 0 0
9.00 43 42 50 0 0.00 0.00 42 0 0 0
11.00 43 42 50 0 0.00 0.00 42 0 0 0
9.00 43 42 50 0 0.00 0.00 42 0 0 0
9.00 43 42 50 0 0.00 0.00 42 0 0 0
9.00 43 42 50 0 0.00 0.00 42 0 0 0
10.00 43 42 50 0 0.00 0.00 42 0 0 0
10.00 43 42 50 0 0.00 0.00 42 0 0 0
9.00 43 42 50 0 0.00 0.00 42 0 0 0
9.00 43 42 50 0 0.00 0.00 42 0 0 0
9.00 43 42 50 0 0.00 0.00 42 0 0 0
11.00 43 42 50 0 0.00 0.00 42 0 0 0
9.00 43 42 50 0 0.00 0.00 42 0 0 0
9.00 43 42 50 0 0.00 0.00 42 0 0 0
9.00 43 42 50 0 0.00 0.00 42 0 0 0
10.00 42 42 50 0 0.00 0.00 42 0 0 0
10.00 43 42 50 0 0.00 0.00 42 0 0 0
9.00 43 42 50 0 0.00 0.00 42 0 0 0
9.00 42 42 50 0 0.00 0.00 42 0 0 0
9.00 43 42 50 0 0.00 0.00 42 0 0 0
11.00 43 42 50 0 0.00 0.00 42 0 0 0
9.00 43 42 50 0 0.00 0.00 42 0 0 0
9.00 42 42 50 0 0.00 0.00 42 0 0 0
9.00 43 42 50 0 0.00 0.00 42 0 0 0
10.00 43 42 50 0 0.00 0.00 42 0 0 0
10.00 43 42 50 0 0.00 0.00 42 0 0 0
9.00 43 42 50 0 0.00 0.00 42 0 0 0
9.00 43 42 50 0 0.00 0.00 42 0 0 0
9.00 42 42 50 0 0.00 0.00 42 0 0 0
11.00 43 42 50 0 0.00 0.00 42 0 0 0
9.00 43 42 50 0 0.00 0.00 42 0 0 0
9.00 43 42 50 0 0.00 0.00 42 0 0 0
9.00 43 42 50 0 0.00 0.00 42 0 0 0
10.00 43 42 50 0 0.00 0.00 42 0 0 0
10.00 43 42 50 0 0.00 0.00 42 0 0 0
9.00 43 42 50 0 0.00 0.00 42 0 0 0
9.00 43 42 50 0 0.00 0.00 42 0 0 0
9.00 43 42 50 0 0.00 0.00 42 0 0 0
11.00 43 42 50 0 0.00 0.00 42 0 0 0
9.00 43 42 50 0 0.00 0.00 42 0 0 0
9.00 43 42 50 0 0.00 0.00 42 0 0 0
9.00 43 42 50 0 0.00 0.00 42 0 0 0
10.00 43 42 50 0 0.00 0.00 42 0 0 0
10.00 43 42 50 0 0.00 0.00 42 0 0 0
9.00 43 42 50 0 0.00 0.00 42 0 0 0
9.00 43 42 50 0 0.00 0.00 42 0 0 0
10.00 43 42 50 0 0.00 0.00 42 0 0 0
10.00 43 42 50 0 0.00 0.00 42 0 0 0
9.00 43 42 50 0 0.00 0.00 42 0 0 0
9.00 43 42 50 0 0.00 0.00 42 0 0 0
10.00 43 42 50 0 0.00 0.00 42 0 0 0
10.00 43 42 50 0 0.00 0.00 42 0 0 0
9.00 43 42 50 0 0.00 0.00 42 0 0 0
10.00 43 42 50 0 0.00 0.00 42 0 0 0
9.00 43 42 50 0 0.00 0.00 42 0 0 0
9.00 43 42 50 0 0.00 0.00 42 0 0 0
10.00 43 42 50 0 0.00 0.00 42 0 0 0
10.00 43 42 50 0 0.00 0.00 42 0 0 0
9.00 43 42 50 0 0.00 0.00 42 0 0 0
9.00 43 42 50 0 0.00 0.00 42 0 0 0
10.00 43 42 50 0 0.00 0.00 42 0 0 0
10.00 43 42 50 0 0.00 0.00 42 0 0 0
9.00 43 42 50 0 0.00 0.00 42 0 0 0
9.00 43 42 50 0 0.00 0.00 42 0 0 0
9.00 43 42 50 0 0.00 0.00 42 0 0 0
10.00 43 42 50 0 0.00 0.00 42 0 0 0
10.00 43 42 50 0 0.00 0.00 42 0 0 0
9.00 43 42 50 0 0.00 0.00 42 0 0 0
9.00 43 42 50 0 0.00 0.00 42 0 0 0
11.00 43 42 50 0 0.00 0.00 42 0 0 0
9.00 43 42 50 0 0.00 0.00 42 0 0 0
9.00 43 42 50 0 0.00 0.00 42 0 0 0
9.00 43 42 50 0 0.00 0.00 42 0 0 0
9.00 42 42 50 0 0.00 0.00 42 0 0 0
10.00 43 42 50 0 0.00 0.00 42 0 0 0
10.00 43 42 50 0 0.00 0.00 42 0 0 0
9.00 43 42 50 0 0.00 0.00 42 0 0 0
9.00 43 42 50 0 0.00 0.00 42 0 0 0
11.00 43 42 50 0 0.00 0.00 42 0 0 0
9.00 43 42 50 0 0.00 0.00 42 0 0 0
9.00 42 42 50 0 0.00 0.00 42 0 0 0
9.00 42 42 50 0 0.00 0.00 42 0 0 0
9.00 42 42 50 0 0.00 0.00 42 0 0 0
11.00 43 42 50 0 0.00 0.00 42 0 0 0
9.00 43 42 50 0 0.00 0.00 42 0 0 0
9.00 43 42 50 0 0.00 0.00 42 0 0 0
9.00 43 42 50 0 0.00 0.00 42 0 0 0
9.00 43 42 50 0 0.00 0.00 42 0 0 0
10.00 43 42 50 0 0.00 0.00 42 0 0 0
10.00 42 42 50 0 0.00 0.00 42 0 0 0
9.00 43 42 50 0 0.00 0.00 42 0 0 0
9.00 42 42 50 0 0.00 0.00 42 0 0 0
11.00 43 42 50 0 0.00 0.00 42 0 0 0
9.00 43 42 50 0 0.00 0.00 42 0 0 0
9.00 43 42 50 0 0.00 0.00 42 0 0 0
9.00 43 42 50 0 0.00 0.00 42 0 0 0
9.00 43 42 50 0 0.00 0.00 42 0 0 0
10.00 43 42 50 0 0.00 0.00 42 0 0 0
10.00 43 42 50 0 0.00 0.00 42 0 0 0
9.00 43 42 50 0 0.00 0.00 42 0 0 0
9.00 43 42 50 0 0.00 0.00 42 0 0 0
11.00 42 42 50 0 0.00 0.00 42 0 0 0
9.00 42 42 50 0 0.00 0.00 42 0 0 0
9.00 43 42 50 0 0.00 0.00 42 0 0 0
9.00 43 42 50 0 0.00 0.00 42 0 0 0
9.00 43 42 50 0 0.00 0.00 42 0 0 0
11.00 43 42 50 0 0.00 0.00 42 0 0 0
9.00 42 42 50 0 0.00 0.00 42 0 0 0
9.00 43 42 50 0 0.00 0.00 42 0 0 0
9.00 43 42 50 0 0.00 0.00 42 0 0 0
10.00 43 42 50 0 0.00 0.00 42 0 0 0
10.00 42 42 50 0 0.00 0.00 42 0 0 0
9.00 43 42 50 0 0.00 0.00 42 0 0 0
9.00 43 42 50 0 0.00 0.00 42 0 0 0
9.00 43 42 50 0 0.00 0.00 42 0 0 0
11.00 43 42 50 0 0.00 0.00 42 0 0 0
9.00 43 42 50 0 0.00 0.00 42 0 0 0
9.00 42 42 50 0 0.00 0.00 42 0 0 0
9.00 43 42 50 0 0.00 0.00 42 0 0 0
10.00 43 42 50 0 0.00 0.00 42 0 0 0
10.00 42 42 50 0 0.00 0.00 42 0 0 0
9.00 42 42 50 0 0.00 0.00 42 0 0 0
9.00 43 42 50 0 0.00 0.00 42 0 0 0
9.00 42 42 50 0 0.00 0.00 42 0 0 0
11.00 43 42 50 0 0.00 0.00 42 0 0 0
9.00 43 42 50 0 0.00 0.00 42 0 0 0
9.00 43 42 50 0 0.00 0.00 42 0 0 0
9.00 43 42 50 0 0.00 0.00 42 0 0 0
10.00 43 42 50 0 0.00 0.00 42 0 0 0
10.00 42 42 50 0 0.00 0.00 42 0 0 0
9.00 43 42 50 0 0.00 0.00 42 0 0 0
9.00 43 42 50 0 0.00 0.00 42 0 0 0
9.00 43 42 50 0 0.00 0.00 42 0 0 0
11.00 43 42 50 0 0.00 0.00 42 0 0 0
9.00 43 42 50 0 0.00 0.00 42 0 0 0
9.00 43 42 50 0 0.00 0.00 42 0 0 0
9.00 43 42 50 0 0.00 0.00 42 0 0 0
10.00 43 42 50 0 0.00 0.00 42 0 0 0
10.00 42 42 50 0 0.00 0.00 42 0 0 0
9.00 43 42 50 0 0.00 0.00 42 0 0 0
9.00 43 42 50 0 0.00 0.00 42 0 0 0
9.00 43 42 50 0 0.00 0.00 42 0 0 0
11.00 42 42 50 0 0.00 0.00 42 0 0 0
9.00 43 42 50 0 0.00 0.00 42 0 0 0
9.00 43 42 50 0 0.00 0.00 42 0 0 0
9.00 43 42 50 0 0.00 0.00 42 0 0 0
10.00 43 42 50 0 0.00 0.00 42 0 0 0
10.00 42 42 50 0 0.00 0.00 42 0 0 0
9.00 43 42 50 0 0.00 0.00 42 0 0 0
9.00 43 42 50 0 0.00 0.00 42 0 0 0
10.00 42 42 50 0 0.00 0.00 42 0 0 0
10.00 42 42 50 0 0.00 0.00 42 0 0 0
9.00 43 42 50 0 0.00 0.00 42 0 0 0
9.00 42 42 50 0 0.00 0.00 42 0 0 0
10.00 42 42 50 0 0.00 0.00 42 0 0 0
10.00 43 42 50 0 0.00 0.00 42 0 0 0
9.00 43 42 50 0 0.00 0.00 42 0 0 0
10.00 42 42 50 0 0.00 0.00 42 0 0 0
9.00 42 42 50 0 0.00 0.00 42 0 0 0
9.00 43 42 50 0 0.00 0.00 42 0 0 0
10.00 43 42 50 0 0.00 0.00 42 0 0 0
10.00 43 42 50 0 0.00 0.00 42 0 0 0
9.00 42 42 50 0 0.00 0.00 42 0 0 0
9.00 42 42 50 0 0.00 0.00 42 0 0 0
10.00 43 42 50 0 0.00 0.00 42 0 0 0
10.00 43 42 50 0 0.00 0.00 42 0 0 0
9.00 43 42 50 0 0.00 0.00 42 0 0 0
9.00 43 42 50 0 0.00 0.00 42 0 0 0
9.00 43 42 50 0 0.00 0.00 42 0 0 0
10.00 42 42 50 0 0.00 0.00 42 0 0 0
10.00 42 42 50 0 0.00 0.00 42 0 0 0
9.00 43 42 50 0 0.00 0.00 42 0 0 0
9.00 43 42 50 0 0.00 0.00 42 0 0 0
11.00 42 42 50 0 0.00 0.00 42 0 0 0
9.00 43 42 50 0 0.00 0.00 42 0 0 0
9.00 43 42 50 0 0.00 0.00 42 0 0 0
9.00 43 42 50 0 0.00 0.00 42 0 0 0
9.00 43 42 50 0 0.00 0.00 42 0 0 0
11.00 43 42 50 0 0.00 0.00 42 0 0 0
9.00 43 42 50 0 0.00 0.00 42 0 0 0
9.00 43 42 50 0 0.00 0.00 42 0 0 0
9.00 42 42 50 0 0.00 0.00 42 0 0 0
10.00 42 42 50 0 0.00 0.00 42 0 0 0
10.00 43 42 50 0 0.00 0.00 42 0 0 0
9.00 43 42 50 0 0.00 0.00 42 0 0 0
9.00 42 42 50 0 0.00 0.00 42 0 0 0
9.00 43 42 50 0 0.00 0.00 42 0 0 0
11.00 42 42 50 0 0.00 0.00 42 0 0 0
9.00 42 42 50 0 0.00 0.00 42 0 0 0
9.00 43 42 50 0 0.00 0.00 42 0 0 0
9.00 42 42 50 0 0.00 0.00 42 0 0 0
10.00 43 42 50 0 0.00 0.00 42 0 0 0
10.00 43 42 50 0 0.00 0.00 42 0 0 0
9.00 42 42 50 0 0.00 0.00 42 0 0 0
9.00 43 42 50 0 0.00 0.00 42 0 0 0
9.00 43 42 50 0 0.00 0.00 42 0 0 0
11.00 43 42 50 0 0.00 0.00 42 0 0 0
9.00 43 42 50 0 0.00 0.00 42 0 0 0
9.00 43 42 50 0 0.00 0.00 42 0 0 0
9.00 43 42 50 0 0.00 0.00 42 0 0 0
10.00 43 42 50 0 0.00 0.00 42 0 0 0
10.00 43 42 50 0 0.00 0.00 42 0 0 0
9.00 43 42 50 0 0.00 0.00 42 0 0 0
9.00 42 42 50 0 0.00 0.00 42 0 0 0
9.00 43 42 50 0 0.00 0.00 42 0 0 0
11.00 42 42 50 0 0.00 0.00 42 0 0 0
9.00 43 42 50 0 0.00 0.00 42 0 0 0
9.00 43 42 50 0 0.00 0.00 42 0 0 0
9.00 43 42 50 0 0.00 0.00 42 0 0 0
10.00 43 42 50 0 0.00 0.00 42 0 0 0
10.00 43 42 50 0 0.00 0.00 42 0 0 0
9.00 43 42 50 0 0.00 0.00 42 0 0 0
9.00 43 42 50 0 0.00 0.00 42 0 0 0
9.00 43 42 50 0 0.00 0.00 42 0 0 0
11.00 42 42 50 0 0.00 0.00 42 0 0 0
9.00 43 42 50 0 0.00 0.00 42 0 0 0
9.00 43 42 50 0 0.00 0.00 42 0 0 0
9.00 43 42 50 0 0.00 0.00 42 0 0 0
10.00 43 42 50 0 0.00 0.00 42 0 0 0
10.00 42 42 42 6 -255.00 255.00 42 0 0 0
10.00 43 42 42 6 130.00 130.00 42 0 0 0
11.00 43 42 42 6 130.00 130.00 42 0 0 0
10.00 42 42 42 6 130.00 130.00 42 0 0 0
12.00 43 42 42 6 130.00 130.00 42 0 0 0
10.00 43 42 42 6 130.00 130.00 42 0 0 0
11.00 43 42 42 6 130.00 130.00 42 0 0 0
10.00 43 42 42 6 130.00 130.00 42 0 0 0
11.00 43 42 42 6 130.00 130.00 42 0 0 0
11.00 42 41 42 6 154.23 105.77 41 0 0 0
10.00 43 42 42 6 0.00 155.00 42 0 0 0
10.00 43 42 42 6 130.00 130.00 42 0 0 0
11.00 42 41 42 6 154.23 105.77 41 0 0 0
11.00 43 42 42 6 107.27 152.73 42 0 0 0
10.00 43 41 42 6 156.50 -106.50 41 0 0 0
11.00 43 41 42 6 131.50 128.50 41 0 0 0
11.00 43 41 42 6 131.50 128.50 41 0 0 0
11.00 43 41 42 6 131.50 128.50 41 0 0 0
10.00 43 41 42 6 131.50 128.50 41 0 0 0
11.00 42 41 42 6 131.50 128.50 41 0 0 0
11.00 42 41 42 6 131.50 128.50 41 0 0 0
10.00 43 41 42 6 131.50 128.50 41 0 0 0
11.00 42 41 42 6 131.50 128.50 41 0 0 0
10.00 43 41 42 6 131.50 128.50 41 0 0 0
12.00 42 41 42 6 131.50 128.50 41 0 0 0
10.00 43 41 42 6 131.50 128.50 41 0 0 0
10.00 42 41 42 6 131.50 128.50 41 0 0 0
11.00 42 41 42 6 131.50 128.50 41 0 0 0
11.00 42 41 42 6 131.50 128.50 41 0 0 0
11.00 42 41 42 6 131.50 128.50 41 0 0 0
10.00 42 41 42 6 131.50 128.50 41 0 0 0
11.00 42 41 42 6 131.50 128.50 41 0 0 0
11.00 42 42 42 6 107.27 152.73 42 0 0 0
10.00 42 42 42 6 130.00 130.00 42 0 0 0
11.00 42 41 42 6 154.23 105.77 41 0 0 0
10.00 42 41 42 6 131.50 128.50 41 0 0 0
12.00 42 41 42 6 131.50 128.50 41 0 0 0
10.00 42 41 42 6 131.50 128.50 41 0 0 0
10.00 42 41 42 6 131.50 128.50 41 0 0 0
11.00 42 42 42 6 107.27 152.73 42 0 0 0
11.00 42 41 42 6 154.23 105.77 41 0 0 0
11.00 42 41 42 6 131.50 128.50 41 0 0 0
10.00 42 41 42 6 131.50 128.50 41 0 0 0
10.00 42 42 42 6 0.00 155.00 42 0 0 0
11.00 42 42 42 6 130.00 130.00 42 0 0 0
11.00 42 41 42 6 154.23 105.77 41 0 0 0
10.00 42 41 42 6 131.50 128.50 41 0 0 0
11.00 42 41 42 6 131.50 128.50 41 0 0 0
11.00 42 41 42 6 131.50 128.50 41 0 0 0
10.00 42 41 42 6 131.50 128.50 41 0 0 0
11.00 42 41 42 6 131.50 128.50 41 0 0 0
10.00 42 41 42 6 131.50 128.50 41 0 0 0
12.00 42 42 42 6 109.17 150.83 42 0 0 0
10.00 42 41 42 6 156.50 -106.50 41 0 0 0
11.00 42 41 42 6 131.50 128.50 41 0 0 0
10.00 42 41 42 6 131.50 128.50 41 0 0 0
12.00 42 41 42 6 131.50 128.50 41 0 0 0
10.00 41 41 42 6 131.50 128.50 41 0 0 0
10.00 41 41 42 6 131.50 128.50 41 0 0 0
11.00 42 41 42 6 131.50 128.50 41 0 0 0
11.00 42 42 42 6 107.27 152.73 42 0 0 0
11.00 41 41 42 6 154.23 105.77 41 0 0 0
10.00 42 42 42 6 0.00 155.00 42 0 0 0
10.00 41 41 42 6 156.50 -106.50 41 0 0 0
12.00 41 41 42 6 131.50 128.50 41 0 0 0
10.00 41 41 42 6 131.50 128.50 41 0 0 0
10.00 41 41 42 6 131.50 128.50 41 0 0 0
11.00 41 41 42 6 131.50 128.50 41 0 0 0
11.00 41 42 42 6 107.27 152.73 42 0 0 0
11.00 41 42 42 6 130.00 130.00 42 0 0 0
10.00 42 42 42 6 130.00 130.00 42 0 0 0
10.00 42 42 42 6 130.00 130.00 42 0 0 0
12.00 42 42 42 6 130.00 130.00 42 0 0 0
10.00 42 42 42 6 130.00 130.00 42 0 0 0
11.00 42 42 42 6 130.00 130.00 42 0 0 0
10.00 42 42 42 6 130.00 130.00 42 0 0 0
11.00 42 42 42 6 130.00 130.00 42 0 0 0
11.00 42 42 42 6 130.00 130.00 42 0 0 0
10.00 42 42 42 6 130.00 130.00 42 0 0 0
11.00 42 42 42 6 130.00 130.00 42 0 0 0
11.00 42 42 42 6 130.00 130.00 42 0 0 0
11.00 42 42 42 6 130.00 130.00 42 0 0 0
10.00 42 42 42 6 130.00 130.00 42 0 0 0
10.00 42 42 42 6 130.00 130.00 42 0 0 0
12.00 42 42 42 6 130.00 130.00 42 0 0 0
10.00 42 42 42 6 130.00 130.00 42 0 0 0
11.00 42 42 42 6 130.00 130.00 42 0 0 0
10.00 42 42 42 6 130.00 130.00 42 0 0 0
11.00 42 42 42 6 130.00 130.00 42 0 0 0
11.00 42 42 42 6 130.00 130.00 42 0 0 0
10.00 42 42 42 6 130.00 130.00 42 0 0 0
11.00 42 42 42 6 130.00 130.00 42 0 0 0
11.00 42 43 42 6 105.77 154.23 43 0 0 0
10.00 42 42 42 6 155.00 0.00 42 0 0 0
10.00 43 42 42 6 130.00 130.00 42 0 0 0
11.00 42 42 42 6 130.00 130.00 42 0 0 0
11.00 43 42 42 6 130.00 130.00 42 0 0 0
11.00 43 42 42 6 130.00 130.00 42 0 0 0
10.00 43 42 42 6 130.00 130.00 42 0 0 0
10.00 41 42 42 6 130.00 130.00 42 0 0 0
12.00 42 42 42 6 130.00 130.00 42 0 0 0
10.00 42 42 42 6 130.00 130.00 42 0 0 0
11.00 42 43 42 6 105.77 154.23 43 0 0 0
10.00 42 43 42 6 128.50 131.50 43 0 0 0
11.00 42 42 42 6 152.73 107.27 42 0 0 0
11.00 41 43 42 6 105.77 154.23 43 0 0 0
10.00 42 43 42 6 128.50 131.50 43 0 0 0
11.00 42 43 42 6 128.50 131.50 43 0 0 0
11.00 42 43 42 6 128.50 131.50 43 0 0 0
11.00 42 43 42 6 128.50 131.50 43 0 0 0
10.00 42 43 42 6 128.50 131.50 43 0 0 0
10.00 42 43 42 6 128.50 131.50 43 0 0 0
12.00 42 43 42 6 128.50 131.50 43 0 0 0
10.00 42 43 42 6 128.50 131.50 43 0 0 0
11.00 43 43 42 6 128.50 131.50 43 0 0 0
10.00 42 43 42 6 128.50 131.50 43 0 0 0
11.00 42 43 42 6 128.50 131.50 43 0 0 0
11.00 42 43 42 6 128.50 131.50 43 0 0 0
10.00 42 43 42 6 128.50 131.50 43 0 0 0
11.00 42 43 42 6 128.50 131.50 43 0 0 0
11.00 42 42 42 6 152.73 107.27 42 0 0 0
10.00 42 43 42 6 -106.50 156.50 43 0 0 0
11.00 42 43 42 6 128.50 131.50 43 0 0 0
11.00 42 43 42 6 128.50 131.50 43 0 0 0
11.00 42 43 42 6 128.50 131.50 43 0 0 0
10.00 42 43 42 6 128.50 131.50 43 0 0 0
11.00 43 43 42 6 128.50 131.50 43 0 0 0
10.00 43 43 42 6 128.50 131.50 43 0 0 0
12.00 43 43 42 6 128.50 131.50 43 0 0 0
10.00 42 43 42 6 128.50 131.50 43 0 0 0
10.00 43 43 42 6 128.50 131.50 43 0 0 0
11.00 43 43 42 6 128.50 131.50 43 0 0 0
11.00 43 43 42 6 128.50 131.50 43 0 0 0
11.00 43 43 42 6 128.50 131.50 43 0 0 0
10.00 43 43 42 6 128.50 131.50 43 0 0 0
10.00 43 43 42 6 128.50 131.50 43 0 0 0
12.00 43 43 42 6 128.50 131.50 43 0 0 0
10.00 43 43 42 6 128.50 131.50 43 0 0 0
11.00 42 43 42 6 128.50 131.50 43 0 0 0
10.00 43 43 42 6 128.50 131.50 43 0 0 0
11.00 43 43 42 6 128.50 131.50 43 0 0 0
11.00 43 43 42 6 128.50 131.50 43 0 0 0
10.00 42 43 42 6 128.50 131.50 43 0 0 0
11.00 43 43 42 6 128.50 131.50 43 0 0 0
11.00 43 43 42 6 128.50 131.50 43 0 0 0
11.00 43 43 42 6 128.50 131.50 43 0 0 0
10.00 43 43 42 6 128.50 131.50 43 0 0 0
10.00 43 43 42 6 128.50 131.50 43 0 0 0
12.00 43 43 42 6 128.50 131.50 43 0 0 0
10.00 43 43 42 6 128.50 131.50 43 0 0 0
11.00 43 43 42 6 128.50 131.50 43 0 0 0
10.00 43 43 42 6 128.50 131.50 43 0 0 0
11.00 43 43 42 6 128.50 131.50 43 0 0 0
11.00 43 43 42 6 128.50 131.50 43 0 0 0
10.00 43 43 42 6 128.50 131.50 43 0 0 0
11.00 42 44 42 6 -105.73 155.73 44 0 0 0
11.00 43 43 42 6 151.23 108.77 43 0 0 0
11.00 42 44 42 6 -105.73 155.73 44 0 0 0
10.00 42 43 42 6 153.50 106.50 43 0 0 0
11.00 42 43 42 6 128.50 131.50 43 0 0 0
11.00 42 44 42 6 -105.73 155.73 44 0 0 0
11.00 43 43 42 6 151.23 108.77 43 0 0 0
10.00 42 43 42 6 128.50 131.50 43 0 0 0
11.00 42 42 42 6 152.73 107.27 42 0 0 0
11.00 43 43 42 6 105.77 154.23 43 0 0 0
11.00 42 42 42 6 152.73 107.27 42 0 0 0
10.00 43 43 42 6 -106.50 156.50 43 0 0 0
11.00 42 43 42 6 128.50 131.50 43 0 0 0
11.00 42 42 42 6 152.73 107.27 42 0 0 0
10.00 42 42 42 6 130.00 130.00 42 0 0 0
11.00 42 42 42 6 130.00 130.00 42 0 0 0
10.00 43 42 42 6 130.00 130.00 42 0 0 0
12.00 43 42 42 6 130.00 130.00 42 0 0 0
10.00 43 42 42 6 130.00 130.00 42 0 0 0
10.00 42 42 42 6 130.00 130.00 42 0 0 0
11.00 42 42 42 6 130.00 130.00 42 0 0 0
11.00 43 42 42 6 130.00 130.00 42 0 0 0
11.00 42 42 42 6 130.00 130.00 42 0 0 0
10.00 43 42 42 6 130.00 130.00 42 0 0 0
10.00 42 42 42 6 130.00 130.00 42 0 0 0
12.00 42 42 42 6 130.00 130.00 42 0 0 0
10.00 43 42 42 6 130.00 130.00 42 0 0 0
11.00 43 42 42 6 130.00 130.00 42 0 0 0
10.00 42 42 42 6 130.00 130.00 42 0 0 0
12.00 42 42 42 6 130.00 130.00 42 0 0 0
10.00 43 42 42 6 130.00 130.00 42 0 0 0
10.00 43 42 42 6 130.00 130.00 42 0 0 0
11.00 43 42 42 6 130.00 130.00 42 0 0 0
11.00 43 42 42 6 130.00 130.00 42 0 0 0
11.00 42 42 42 6 130.00 130.00 42 0 0 0
10.00 43 42 42 6 130.00 130.00 42 0 0 0
10.00 43 42 42 6 130.00 130.00 42 0 0 0
12.00 42 41 42 6 152.33 107.67 41 0 0 0
10.00 42 42 42 6 0.00 155.00 42 0 0 0
10.00 42 41 42 6 156.50 -106.50 41 0 0 0
11.00 42 42 42 6 107.27 152.73 42 0 0 0
11.00 42 42 42 6 130.00 130.00 42 0 0 0
11.00 41 41 42 6 154.23 105.77 41 0 0 0
10.00 41 41 42 6 131.50 128.50 41 0 0 0
10.00 42 41 42 6 131.50 128.50 41 0 0 0
12.00 42 41 42 6 131.50 128.50 41 0 0 0
10.00 42 41 42 6 131.50 128.50 41 0 0 0
11.00 42 41 42 6 131.50 128.50 41 0 0 0
10.00 42 41 42 6 131.50 128.50 41 0 0 0
11.00 42 41 42 6 131.50 128.50 41 0 0 0
11.00 42 41 42 6 131.50 128.50 41 0 0 0
10.00 42 41 42 6 131.50 128.50 41 0 0 0
11.00 41 41 42 6 131.50 128.50 41 0 0 0
11.00 42 41 42 6 131.50 128.50 41 0 0 0
11.00 41 40 42 6 155.73 -105.73 40 0 0 0
10.00 41 41 42 6 106.50 153.50 41 0 0 0
11.00 41 41 42 6 131.50 128.50 41 0 0 0
11.00 42 41 42 6 131.50 128.50 41 0 0 0
10.00 41 40 42 6 158.00 -108.00 40 0 0 0
11.00 41 41 42 6 108.77 151.23 41 0 0 0
11.00 41 41 42 6 131.50 128.50 41 0 0 0
11.00 42 41 42 6 131.50 128.50 41 0 0 0
10.00 42 41 42 6 131.50 128.50 41 0 0 0
11.00 42 41 42 6 131.50 128.50 41 0 0 0
10.00 42 40 42 6 158.00 -108.00 40 0 0 0
12.00 41 41 42 6 110.67 149.33 41 0 0 0
10.00 42 41 42 6 131.50 128.50 41 0 0 0
11.00 41 41 42 6 131.50 128.50 41 0 0 0
10.00 41 41 42 6 131.50 128.50 41 0 0 0
11.00 41 41 42 6 131.50 128.50 41 0 0 0
11.00 41 41 42 6 131.50 128.50 41 0 0 0
10.00 41 41 42 6 131.50 128.50 41 0 0 0
11.00 41 41 42 6 131.50 128.50 41 0 0 0
11.00 41 41 42 6 131.50 128.50 41 0 0 0
11.00 41 41 42 6 131.50 128.50 41 0 0 0
10.00 41 41 42 6 131.50 128.50 41 0 0 0
10.00 40 41 42 6 131.50 128.50 41 0 0 0
12.00 41 42 42 6 109.17 150.83 42 0 0 0
10.00 41 41 42 6 156.50 -106.50 41 0 0 0
11.00 40 41 42 6 131.50 128.50 41 0 0 0
10.00 41 42 42 6 0.00 155.00 42 0 0 0
11.00 41 41 42 6 154.23 105.77 41 0 0 0
11.00 41 41 42 6 131.50 128.50 41 0 0 0
10.00 41 41 42 6 131.50 128.50 41 0 0 0
10.00 42 41 42 6 131.50 128.50 41 0 0 0
12.00 42 41 42 6 131.50 128.50 41 0 0 0
10.00 42 41 42 6 131.50 128.50 41 0 0 0
11.00 42 41 42 6 131.50 128.50 41 0 0 0
10.00 42 42 42 6 0.00 155.00 42 0 0 0
11.00 41 42 42 6 130.00 130.00 42 0 0 0
10.00 43 42 42 6 130.00 130.00 42 0 0 0
11.00 42 42 42 6 130.00 130.00 42 0 0 0
10.00 42 42 42 6 130.00 130.00 42 0 0 0
12.00 41 42 42 6 130.00 130.00 42 0 0 0
10.00 42 42 42 6 130.00 130.00 42 0 0 0
10.00 41 42 42 6 130.00 130.00 42 0 0 0
11.00 41 42 42 6 130.00 130.00 42 0 0 0
11.00 41 41 42 6 154.23 105.77 41 0 0 0
11.00 42 42 42 6 107.27 152.73 42 0 0 0
10.00 42 41 42 6 156.50 -106.50 41 0 0 0
11.00 41 42 42 6 107.27 152.73 42 0 0 0
11.00 41 42 42 6 130.00 130.00 42 0 0 0
10.00 41 42 42 6 130.00 130.00 42 0 0 0
11.00 42 42 42 6 130.00 130.00 42 0 0 0
10.00 42 42 42 6 130.00 130.00 42 0 0 0
12.00 41 42 42 6 130.00 130.00 42 0 0 0
10.00 42 42 42 6 130.00 130.00 42 0 0 0
11.00 41 42 42 6 130.00 130.00 42 0 0 0
10.00 41 42 42 6 130.00 130.00 42 0 0 0
11.00 42 42 42 6 130.00 130.00 42 0 0 0
11.00 41 42 42 6 130.00 130.00 42 0 0 0
10.00 42 42 42 6 130.00 130.00 42 0 0 0
11.00 42 42 42 6 130.00 130.00 42 0 0 0
11.00 42 43 42 6 105.77 154.23 43 0 0 0
10.00 42 42 42 6 155.00 0.00 42 0 0 0
10.00 41 42 42 6 130.00 130.00 42 0 0 0
11.00 41 42 42 6 130.00 130.00 42 0 0 0
11.00 42 42 42 6 130.00 130.00 42 0 0 0
11.00 42 42 42 6 130.00 130.00 42 0 0 0
10.00 42 42 42 6 130.00 130.00 42 0 0 0
10.00 42 42 42 6 130.00 130.00 42 0 0 0
12.00 42 42 42 6 130.00 130.00 42 0 0 0
10.00 42 43 42 6 -106.50 156.50 43 0 0 0
11.00 42 42 42 6 152.73 107.27 42 0 0 0
10.00 42 43 42 6 -106.50 156.50 43 0 0 0
12.00 42 42 42 6 150.83 109.17 42 0 0 0
10.00 43 43 42 6 -106.50 156.50 43 0 0 0
11.00 42 42 42 6 152.73 107.27 42 0 0 0
10.00 42 43 42 6 -106.50 156.50 43 0 0 0
12.00 42 42 42 6 150.83 109.17 42 0 0 0
10.00 42 42 42 6 130.00 130.00 42 0 0 0
11.00 42 42 42 6 130.00 130.00 42 0 0 0
10.00 42 42 42 6 130.00 130.00 42 0 0 0
12.00 42 42 42 6 130.00 130.00 42 0 0 0
10.00 42 42 42 6 130.00 130.00 42 0 0 0
11.00 42 42 42 6 130.00 130.00 42 0 0 0
10.00 42 42 42 6 130.00 130.00 42 0 0 0
11.00 42 42 42 6 130.00 130.00 42 0 0 0
11.00 42 42 42 6 130.00 130.00 42 0 0 0
10.00 42 42 42 6 130.00 130.00 42 0 0 0
11.00 42 42 42 6 130.00 130.00 42 0 0 0
11.00 42 42 42 6 130.00 130.00 42 0 0 0
10.00 42 42 42 6 130.00 130.00 42 0 0 0
11.00 42 42 42 6 130.00 130.00 42 0 0 0
10.00 42 42 42 6 130.00 130.00 42 0 0 0
12.00 42 42 42 6 130.00 130.00 42 0 0 0
10.00 42 42 42 6 130.00 130.00 42 0 0 0
10.00 42 42 42 6 130.00 130.00 42 0 0 0
11.00 42 42 42 6 130.00 130.00 42 0 0 0
11.00 42 42 42 6 130.00 130.00 42 0 0 0
11.00 42 42 42 6 130.00 130.00 42 0 0 0
10.00 42 42 42 6 130.00 130.00 42 0 0 0
11.00 42 42 42 6 130.00 130.00 42 0 0 0
11.00 42 42 42 6 130.00 130.00 42 0 0 0
10.00 42 42 42 6 130.00 130.00 42 0 0 0
11.00 42 42 42 6 130.00 130.00 42 0 0 0
10.00 42 42 42 6 130.00 130.00 42 0 0 0
12.00 42 42 42 6 130.00 130.00 42 0 0 0
10.00 42 42 42 6 130.00 130.00 42 0 0 0
10.00 42 42 42 6 130.00 130.00 42 0 0 0
11.00 41 42 42 6 130.00 130.00 42 0 0 0
11.00 42 42 42 6 130.00 130.00 42 0 0 0
11.00 42 42 42 6 130.00 130.00 42 0 0 0
10.00 42 42 42 6 130.00 130.00 42 0 0 0
10.00 42 42 42 6 130.00 130.00 42 0 0 0
12.00 42 42 42 6 130.00 130.00 42 0 0 0
10.00 42 42 42 6 130.00 130.00 42 0 0 0
11.00 41 42 42 6 130.00 130.00 42 0 0 0
10.00 42 42 42 6 130.00 130.00 42 0 0 0
11.00 42 42 42 6 130.00 130.00 42 0 0 0
11.00 42 42 42 6 130.00 130.00 42 0 0 0
10.00 42 42 42 6 130.00 130.00 42 0 0 0
11.00 42 42 42 6 130.00 130.00 42 0 0 0
11.00 42 42 42 6 130.00 130.00 42 0 0 0
11.00 42 42 42 6 130.00 130.00 42 0 0 0
10.00 42 42 42 6 130.00 130.00 42 0 0 0
10.00 42 42 42 6 130.00 130.00 42 0 0 0
12.00 42 42 42 6 130.00 130.00 42 0 0 0
10.00 42 42 42 6 130.00 130.00 42 0 0 0
11.00 41 42 42 6 130.00 130.00 42 0 0 0
10.00 41 42 42 6 130.00 130.00 42 0 0 0
11.00 42 42 42 6 130.00 130.00 42 0 0 0
11.00 42 42 42 6 130.00 130.00 42 0 0 0
10.00 42 42 42 6 130.00 130.00 42 0 0 0
11.00 42 42 42 6 130.00 130.00 42 0 0 0
11.00 42 42 42 6 130.00 130.00 42 0 0 0
10.00 42 42 42 6 130.00 130.00 42 0 0 0
11.00 42 42 42 6 130.00 130.00 42 0 0 0
10.00 42 42 42 6 130.00 130.00 42 0 0 0
12.00 41 42 42 6 130.00 130.00 42 0 0 0
10.00 42 42 42 6 130.00 130.00 42 0 0 0
11.00 42 42 42 6 130.00 130.00 42 0 0 0
10.00 41 42 42 6 130.00 130.00 42 0 0 0
11.00 42 42 42 6 130.00 130.00 42 0 0 0
11.00 42 42 42 6 130.00 130.00 42 0 0 0
10.00 42 42 42 6 130.00 130.00 42 0 0 0
11.00 42 42 42 6 130.00 130.00 42 0 0 0
11.00 42 42 42 6 130.00 130.00 42 0 0 0
10.00 42 42 42 6 130.00 130.00 42 0 0 0
11.00 42 42 42 6 130.00 130.00 42 0 0 0
10.00 42 42 42 6 130.00 130.00 42 0 0 0
12.00 42 42 42 6 130.00 130.00 42 0 0 0
10.00 42 42 42 6 130.00 130.00 42 0 0 0
10.00 42 42 42 6 130.00 130.00 42 0 0 0
11.00 42 42 42 6 130.00 130.00 42 0 0 0
11.00 42 42 42 6 130.00 130.00 42 0 0 0
11.00 42 42 42 6 130.00 130.00 42 0 0 0
10.00 42 42 42 6 130.00 130.00 42 0 0 0
10.00 41 42 42 6 130.00 130.00 42 0 0 0
12.00 41 42 42 6 130.00 130.00 42 0 0 0
10.00 41 42 42 6 130.00 130.00 42 0 0 0
11.00 41 42 42 6 130.00 130.00 42 0 0 0
10.00 42 42 42 6 130.00 130.00 42 0 0 0
12.00 42 42 42 6 130.00 130.00 42 0 0 0
10.00 41 42 42 6 130.00 130.00 42 0 0 0
10.00 42 42 42 6 130.00 130.00 42 0 0 0
11.00 41 42 42 6 130.00 130.00 42 0 0 0
11.00 41 42 42 6 130.00 130.00 42 0 0 0
11.00 41 42 42 6 130.00 130.00 42 0 0 0
10.00 41 42 42 6 130.00 130.00 42 0 0 0
10.00 42 42 42 6 130.00 130.00 42 0 0 0
12.00 41 42 42 6 130.00 130.00 42 0 0 0
10.00 41 42 42 6 130.00 130.00 42 0 0 0
11.00 41 42 42 6 130.00 130.00 42 0 0 0
10.00 42 42 42 6 130.00 130.00 42 0 0 0
11.00 42 42 42 6 130.00 130.00 42 0 0 0
11.00 42 42 42 6 130.00 130.00 42 0 0 0
10.00 42 42 42 6 130.00 130.00 42 0 0 0
11.00 42 42 42 6 130.00 130.00 42 0 0 0
11.00 42 42 42 6 130.00 130.00 42 0 0 0
10.00 42 42 42 6 130.00 130.00 42 0 0 0
11.00 41 42 42 6 130.00 130.00 42 0 0 0
10.00 42 42 42 6 130.00 130.00 42 0 0 0
12.00 42 42 42 6 130.00 130.00 42 0 0 0
10.00 42 42 42 6 130.00 130.00 42 0 0 0
11.00 41 42 42 6 130.00 130.00 42 0 0 0
10.00 42 42 42 6 130.00 130.00 42 0 0 0
11.00 42 42 42 6 130.00 130.00 42 0 0 0
11.00 42 42 42 6 130.00 130.00 42 0 0 0
10.00 42 42 42 6 130.00 130.00 42 0 0 0
11.00 42 42 42 6 130.00 130.00 42 0 0 0
11.00 42 42 42 6 130.00 130.00 42 0 0 0
10.00 42 42 42 6 130.00 130.00 42 0 0 0
11.00 42 42 42 6 130.00 130.00 42 0 0 0
10.00 42 42 42 6 130.00 130.00 42 0 0 0
12.00 42 42 42 6 130.00 130.00 42 0 0 0
10.00 42 42 42 6 130.00 130.00 42 0 0 0
10.00 42 42 42 6 130.00 130.00 42 0 0 0
11.00 42 42 42 6 130.00 130.00 42 0 0 0
11.00 42 42 42 6 130.00 130.00 42 0 0 0
11.00 42 42 42 6 130.00 130.00 42 0 0 0
10.00 42 42 30 6 -255.00 255.00 42 0 0 0
11.00 42 42 30 6 112.00 148.00 42 0 0 0
11.00 42 42 30 6 112.00 148.00 42 0 0 0
11.00 42 42 30 6 112.00 148.00 42 0 0 0
10.00 42 42 30 6 112.00 148.00 42 0 0 0
10.00 42 42 30 6 112.00 148.00 42 0 0 0
12.00 42 42 30 6 112.00 148.00 42 0 0 0
10.00 42 42 30 6 112.00 148.00 42 0 0 0
11.00 42 42 30 6 112.00 148.00 42 0 0 0
10.00 42 42 30 6 112.00 148.00 42 0 0 0
11.00 42 42 30 6 112.00 148.00 42 0 0 0
11.00 42 42 30 6 112.00 148.00 42 0 0 0
10.00 42 42 30 6 112.00 148.00 42 0 0 0
11.00 41 41 30 6 136.23 123.77 41 0 0 0
11.00 42 41 30 6 113.50 146.50 41 0 0 0
11.00 42 41 30 6 113.50 146.50 41 0 0 0
10.00 42 41 30 6 113.50 146.50 41 0 0 0
10.00 42 41 30 6 113.50 146.50 41 0 0 0
12.00 42 41 30 6 113.50 146.50 41 0 0 0
10.00 42 41 30 6 113.50 146.50 41 0 0 0
11.00 42 40 30 6 137.73 122.27 40 0 0 0
10.00 42 40 30 6 115.00 145.00 40 0 0 0
11.00 42 40 30 6 115.00 145.00 40 0 0 0
11.00 41 40 30 6 115.00 145.00 40 0 0 0
10.00 41 40 30 6 115.00 145.00 40 0 0 0
11.00 42 40 30 6 115.00 145.00 40 0 0 0
11.00 42 40 30 6 115.00 145.00 40 0 0 0
10.00 41 40 30 6 115.00 145.00 40 0 0 0
11.00 41 40 30 6 115.00 145.00 40 0 0 0
10.00 42 40 30 6 115.00 145.00 40 0 0 0
12.00 41 40 30 6 115.00 145.00 40 0 0 0
10.00 41 40 30 6 115.00 145.00 40 0 0 0
10.00 41 39 30 6 141.50 118.50 39 0 0 0
11.00 41 39 30 6 116.50 143.50 39 0 0 0
11.00 42 39 30 6 116.50 143.50 39 0 0 0
11.00 41 39 30 6 116.50 143.50 39 0 0 0
10.00 41 39 30 6 116.50 143.50 39 0 0 0
11.00 42 39 30 6 116.50 143.50 39 0 0 0
11.00 42 39 30 6 116.50 143.50 39 0 0 0
10.00 41 39 30 6 116.50 143.50 39 0 0 0
11.00 41 39 30 6 116.50 143.50 39 0 0 0
10.00 41 39 30 6 116.50 143.50 39 0 0 0
12.00 41 39 30 6 116.50 143.50 39 0 0 0
10.00 41 39 30 6 116.50 143.50 39 0 0 0
10.00 41 39 30 6 116.50 143.50 39 0 0 0
11.00 40 39 30 6 116.50 143.50 39 0 0 0
11.00 40 39 30 6 116.50 143.50 39 0 0 0
11.00 40 38 30 6 140.73 119.27 38 0 0 0
10.00 39 39 30 6 -118.50 168.50 39 0 0 0
11.00 40 38 30 6 140.73 119.27 38 0 0 0
11.00 40 39 30 6 -116.23 166.23 39 0 0 0
11.00 40 38 30 6 140.73 119.27 38 0 0 0
10.00 39 38 30 6 118.00 142.00 38 0 0 0
11.00 40 38 30 6 118.00 142.00 38 0 0 0
11.00 39 38 30 6 118.00 142.00 38 0 0 0
10.00 39 38 30 6 118.00 142.00 38 0 0 0
11.00 40 38 30 6 118.00 142.00 38 0 0 0
10.00 40 38 30 6 118.00 142.00 38 0 0 0
12.00 39 38 30 6 118.00 142.00 38 0 0 0
10.00 39 37 30 6 144.50 115.50 37 0 0 0
10.00 39 37 30 6 119.50 140.50 37 0 0 0
11.00 39 37 30 6 119.50 140.50 37 0 0 0
11.00 39 37 30 6 119.50 140.50 37 0 0 0
11.00 39 37 30 6 119.50 140.50 37 0 0 0
10.00 39 37 30 6 119.50 140.50 37 0 0 0
11.00 39 37 30 6 119.50 140.50 37 0 0 0
11.00 39 36 30 6 143.73 116.27 36 0 0 0
10.00 39 37 30 6 -115.50 165.50 37 0 0 0
11.00 38 37 30 6 119.50 140.50 37 0 0 0
10.00 39 36 30 6 146.00 114.00 36 0 0 0
12.00 38 36 30 6 121.00 139.00 36 0 0 0
10.00 38 36 30 6 121.00 139.00 36 0 0 0
11.00 38 36 30 6 121.00 139.00 36 0 0 0
10.00 38 36 30 6 121.00 139.00 36 0 0 0
11.00 38 35 30 6 145.23 114.77 35 0 0 0
11.00 38 35 30 6 122.50 137.50 35 0 0 0
10.00 38 35 30 6 122.50 137.50 35 0 0 0
11.00 38 35 30 6 122.50 137.50 35 0 0 0
11.00 38 35 30 6 122.50 137.50 35 0 0 0
11.00 38 35 30 6 122.50 137.50 35 0 0 0
10.00 38 34 30 6 149.00 111.00 34 0 0 0
10.00 38 34 30 6 124.00 136.00 34 0 0 0
12.00 38 34 30 6 124.00 136.00 34 0 0 0
10.00 38 34 30 6 124.00 136.00 34 0 0 0
11.00 38 34 30 6 124.00 136.00 34 0 0 0
10.00 37 34 30 6 124.00 136.00 34 0 0 0
11.00 37 33 30 6 148.23 111.77 33 0 0 0
11.00 37 33 30 6 125.50 134.50 33 0 0 0
10.00 37 33 30 6 125.50 134.50 33 0 0 0
11.00 37 33 30 6 125.50 134.50 33 0 0 0
11.00 37 33 30 6 125.50 134.50 33 0 0 0
10.00 36 33 30 6 125.50 134.50 33 0 0 0
11.00 37 32 30 6 149.73 110.27 32 0 0 0
10.00 37 33 30 6 -109.50 159.50 33 0 0 0
12.00 37 32 30 6 147.83 112.17 32 0 0 0
10.00 37 32 30 6 127.00 133.00 32 0 0 0
11.00 36 32 30 6 127.00 133.00 32 0 0 0
10.00 36 32 30 6 127.00 133.00 32 0 0 0
12.00 36 32 30 6 127.00 133.00 32 0 0 0
10.00 37 32 30 6 127.00 133.00 32 0 0 0
10.00 36 32 30 6 127.00 133.00 32 0 0 0
11.00 36 31 30 6 151.23 108.77 31 0 0 0
11.00 36 31 30 6 128.50 131.50 31 0 0 0
11.00 36 31 30 6 128.50 131.50 31 0 0 0
10.00 35 31 30 6 128.50 131.50 31 0 0 0
10.00 35 32 30 6 -108.00 158.00 32 0 0 0
12.00 35 31 30 6 149.33 110.67 31 0 0 0
11.00 35 31 30 6 128.50 131.50 31 0 0 0
10.00 35 31 30 6 128.50 131.50 31 0 0 0
10.00 35 31 30 6 128.50 131.50 31 0 0 0
12.00 35 30 30 6 150.83 109.17 30 0 0 0
10.00 35 30 30 6 130.00 130.00 30 0 0 0
11.00 34 31 30 6 105.77 154.23 31 0 0 0
10.00 34 30 30 6 155.00 0.00 30 0 0 0
11.00 34 30 30 6 130.00 130.00 30 0 0 0
10.00 34 30 30 6 130.00 130.00 30 0 0 0
11.00 34 30 30 6 130.00 130.00 30 0 0 0
10.00 34 30 30 6 130.00 130.00 30 0 0 0
12.00 33 29 30 6 152.33 107.67 29 0 0 0
10.00 33 29 30 6 131.50 128.50 29 0 0 0
10.00 33 29 30 6 131.50 128.50 29 0 0 0
11.00 33 29 30 6 131.50 128.50 29 0 0 0
11.00 33 29 30 6 131.50 128.50 29 0 0 0
11.00 33 29 30 6 131.50 128.50 29 0 0 0
10.00 33 29 30 6 131.50 128.50 29 0 0 0
10.00 33 28 30 6 158.00 -108.00 28 0 0 0
12.00 32 29 30 6 110.67 149.33 29 0 0 0
10.00 32 29 30 6 131.50 128.50 29 0 0 0
11.00 32 28 30 6 155.73 -105.73 28 0 0 0
11.00 31 28 30 6 133.00 127.00 28 0 0 0
11.00 31 28 30 6 133.00 127.00 28 0 0 0
10.00 31 29 30 6 106.50 153.50 29 0 0 0
11.00 32 28 30 6 155.73 -105.73 28 0 0 0
10.00 31 28 30 6 133.00 127.00 28 0 0 0
12.00 31 28 30 6 133.00 127.00 28 0 0 0
10.00 31 28 30 6 133.00 127.00 28 0 0 0
11.00 31 28 30 6 133.00 127.00 28 0 0 0
10.00 31 28 30 6 133.00 127.00 28 0 0 0
11.00 31 28 30 6 133.00 127.00 28 0 0 0
11.00 30 27 30 6 157.23 -107.23 27 0 0 0
11.00 31 27 30 6 134.50 125.50 27 0 0 0
10.00 30 27 30 6 134.50 125.50 27 0 0 0
11.00 30 27 30 6 134.50 125.50 27 0 0 0
11.00 30 27 30 6 134.50 125.50 27 0 0 0
10.00 30 27 30 6 134.50 125.50 27 0 0 0
11.00 30 27 30 6 134.50 125.50 27 0 0 0
11.00 30 27 30 6 134.50 125.50 27 0 0 0
10.00 29 27 30 6 134.50 125.50 27 0 0 0
11.00 29 27 30 6 134.50 125.50 27 0 0 0
10.00 29 27 30 6 134.50 125.50 27 0 0 0
12.00 29 27 30 6 134.50 125.50 27 0 0 0
10.00 29 27 30 6 134.50 125.50 27 0 0 0
10.00 29 26 30 6 161.00 -111.00 26 0 0 0
11.00 29 26 30 6 136.00 124.00 26 0 0 0
12.00 29 26 30 6 136.00 124.00 26 0 0 0
10.00 29 26 30 6 136.00 124.00 26 0 0 0
10.00 29 26 30 6 136.00 124.00 26 0 0 0
11.00 29 26 30 6 136.00 124.00 26 0 0 0
11.00 29 26 30 6 136.00 124.00 26 0 0 0
11.00 29 26 30 6 136.00 124.00 26 0 0 0
10.00 28 26 30 6 136.00 124.00 26 0 0 0
10.00 29 26 30 6 136.00 124.00 26 0 0 0
12.00 28 26 30 6 136.00 124.00 26 0 0 0
10.00 28 26 30 6 136.00 124.00 26 0 0 0
11.00 28 26 30 6 136.00 124.00 26 0 0 0
10.00 27 26 30 6 136.00 124.00 26 0 0 0
11.00 28 25 30 6 160.23 -110.23 25 0 0 0
11.00 28 26 30 6 113.27 146.73 26 0 0 0
11.00 28 26 30 6 136.00 124.00 26 0 0 0
10.00 27 25 30 6 162.50 -112.50 25 0 0 0
12.00 28 25 30 6 137.50 122.50 25 0 0 0
10.00 28 25 30 6 137.50 122.50 25 0 0 0
10.00 28 25 30 6 137.50 122.50 25 0 0 0
11.00 27 26 30 6 113.27 146.73 26 0 0 0
11.00 27 26 30 6 136.00 124.00 26 0 0 0
11.00 27 25 30 6 160.23 -110.23 25 0 0 0
10.00 27 26 30 6 111.00 149.00 26 0 0 0
11.00 27 25 30 6 160.23 -110.23 25 0 0 0
11.00 26 26 30 6 113.27 146.73 26 0 0 0
11.00 26 25 30 6 160.23 -110.23 25 0 0 0
10.00 27 25 30 6 137.50 122.50 25 0 0 0
12.00 27 26 30 6 115.17 144.83 26 0 0 0
10.00 27 26 30 6 136.00 124.00 26 0 0 0
11.00 27 26 30 6 136.00 124.00 26 0 0 0
10.00 26 26 30 6 136.00 124.00 26 0 0 0
12.00 26 26 30 6 136.00 124.00 26 0 0 0
10.00 27 27 30 6 109.50 150.50 27 0 0 0
10.00 26 27 30 6 134.50 125.50 27 0 0 0
11.00 26 27 30 6 134.50 125.50 27 0 0 0
10.00 26 27 30 6 134.50 125.50 27 0 0 0
12.00 26 26 30 6 156.83 -106.83 26 0 0 0
10.00 27 26 30 6 136.00 124.00 26 0 0 0
11.00 26 26 30 6 136.00 124.00 26 0 0 0
11.00 27 26 30 6 136.00 124.00 26 0 0 0
10.00 27 26 30 6 136.00 124.00 26 0 0 0
11.00 27 26 30 6 136.00 124.00 26 0 0 0
10.00 26 26 30 6 136.00 124.00 26 0 0 0
12.00 26 27 30 6 113.67 146.33 27 0 0 0
10.00 26 27 30 6 134.50 125.50 27 0 0 0
11.00 26 27 30 6 134.50 125.50 27 0 0 0
10.00 26 26 30 6 161.00 -111.00 26 0 0 0
12.00 26 27 30 6 113.67 146.33 27 0 0 0
10.00 27 27 30 6 134.50 125.50 27 0 0 0
10.00 27 27 30 6 134.50 125.50 27 0 0 0
11.00 27 27 30 6 134.50 125.50 27 0 0 0
11.00 27 27 30 6 134.50 125.50 27 0 0 0
11.00 26 27 30 6 134.50 125.50 27 0 0 0
10.00 27 28 30 6 108.00 152.00 28 0 0 0
10.00 27 28 30 6 133.00 127.00 28 0 0 0
12.00 27 28 30 6 133.00 127.00 28 0 0 0
10.00 26 28 30 6 133.00 127.00 28 0 0 0
11.00 27 28 30 6 133.00 127.00 28 0 0 0
10.00 27 28 30 6 133.00 127.00 28 0 0 0
12.00 26 28 30 6 133.00 127.00 28 0 0 0
10.00 27 28 30 6 133.00 127.00 28 0 0 0
10.00 27 29 30 6 106.50 153.50 29 0 0 0
11.00 26 29 30 6 131.50 128.50 29 0 0 0
11.00 28 29 30 6 131.50 128.50 29 0 0 0
11.00 27 29 30 6 131.50 128.50 29 0 0 0
10.00 28 29 30 6 131.50 128.50 29 0 0 0
10.00 28 29 30 6 131.50 128.50 29 0 0 0
12.00 28 29 30 6 131.50 128.50 29 0 0 0
10.00 27 29 30 6 131.50 128.50 29 0 0 0
11.00 27 29 30 6 131.50 128.50 29 0 0 0
10.00 27 29 30 6 131.50 128.50 29 0 0 0
10.00 27 29 30 6 131.50 128.50 29 0 0 0
12.00 27 29 30 6 131.50 128.50 29 0 0 0
10.00 28 29 30 6 131.50 128.50 29 0 0 0
11.00 27 30 30 6 107.27 152.73 30 0 0 0
11.00 28 30 30 6 130.00 130.00 30 0 0 0
11.00 28 30 30 6 130.00 130.00 30 0 0 0
10.00 28 30 30 6 130.00 130.00 30 0 0 0
10.00 28 30 30 6 130.00 130.00 30 0 0 0
12.00 28 30 30 6 130.00 130.00 30 0 0 0
10.00 28 30 30 6 130.00 130.00 30 0 0 0
11.00 28 30 30 6 130.00 130.00 30 0 0 0
10.00 29 30 30 6 130.00 130.00 30 0 0 0
10.00 28 30 30 6 130.00 130.00 30 0 0 0
12.00 29 31 30 6 107.67 152.33 31 0 0 0
10.00 29 30 30 6 155.00 0.00 30 0 0 0
10.00 29 30 30 6 130.00 130.00 30 0 0 0
12.00 28 30 30 6 130.00 130.00 30 0 0 0
10.00 29 31 30 6 -106.50 156.50 31 0 0 0
11.00 29 31 30 6 128.50 131.50 31 0 0 0
10.00 29 31 30 6 128.50 131.50 31 0 0 0
10.00 29 31 30 6 128.50 131.50 31 0 0 0
12.00 29 31 30 6 128.50 131.50 31 0 0 0
10.00 29 31 30 6 128.50 131.50 31 0 0 0
11.00 29 31 30 6 128.50 131.50 31 0 0 0
10.00 29 31 30 6 128.50 131.50 31 0 0 0
11.00 29 31 30 6 128.50 131.50 31 0 0 0
11.00 29 31 30 6 128.50 131.50 31 0 0 0
10.00 29 31 30 6 128.50 131.50 31 0 0 0
12.00 29 32 30 6 106.17 153.83 32 0 0 0
10.00 29 32 30 6 127.00 133.00 32 0 0 0
11.00 29 32 30 6 127.00 133.00 32 0 0 0
10.00 29 32 30 6 127.00 133.00 32 0 0 0
10.00 30 32 30 6 127.00 133.00 32 0 0 0
12.00 30 32 30 6 127.00 133.00 32 0 0 0
10.00 30 32 30 6 127.00 133.00 32 0 0 0
11.00 30 33 30 6 -107.23 157.23 33 0 0 0
10.00 29 32 30 6 152.00 108.00 32 0 0 0
12.00 30 33 30 6 -105.33 155.33 33 0 0 0
10.00 30 32 30 6 152.00 108.00 32 0 0 0
11.00 30 32 30 6 127.00 133.00 32 0 0 0
11.00 30 33 30 6 -107.23 157.23 33 0 0 0
11.00 30 32 30 6 149.73 110.27 32 0 0 0
10.00 30 33 30 6 -109.50 159.50 33 0 0 0
11.00 30 32 30 6 149.73 110.27 32 0 0 0
11.00 30 33 30 6 -107.23 157.23 33 0 0 0
11.00 30 32 30 6 149.73 110.27 32 0 0 0
10.00 30 32 30 6 127.00 133.00 32 0 0 0
11.00 30 32 30 6 127.00 133.00 32 0 0 0
11.00 30 32 30 6 127.00 133.00 32 0 0 0
11.00 31 32 30 6 127.00 133.00 32 0 0 0
10.00 31 32 30 6 127.00 133.00 32 0 0 0
10.00 30 32 30 6 127.00 133.00 32 0 0 0
12.00 31 32 30 6 127.00 133.00 32 0 0 0
10.00 31 32 30 6 127.00 133.00 32 0 0 0
11.00 31 32 30 6 127.00 133.00 32 0 0 0
10.00 31 33 30 6 -109.50 159.50 33 0 0 0
12.00 31 32 30 6 147.83 112.17 32 0 0 0
10.00 30 32 30 6 127.00 133.00 32 0 0 0
11.00 31 32 30 6 127.00 133.00 32 0 0 0
10.00 31 32 30 6 127.00 133.00 32 0 0 0
11.00 31 32 30 6 127.00 133.00 32 0 0 0
11.00 31 32 30 6 127.00 133.00 32 0 0 0
10.00 31 32 30 6 127.00 133.00 32 0 0 0
11.00 31 32 30 6 127.00 133.00 32 0 0 0
11.00 31 31 30 6 151.23 108.77 31 0 0 0
10.00 31 31 30 6 128.50 131.50 31 0 0 0
11.00 31 31 30 6 128.50 131.50 31 0 0 0
10.00 31 31 30 6 128.50 131.50 31 0 0 0
12.00 31 32 30 6 106.17 153.83 32 0 0 0
10.00 31 31 30 6 153.50 106.50 31 0 0 0
10.00 30 32 30 6 -108.00 158.00 32 0 0 0
11.00 32 31 30 6 151.23 108.77 31 0 0 0
12.00 31 31 30 6 128.50 131.50 31 0 0 0
10.00 31 31 30 6 128.50 131.50 31 0 0 0
10.00 30 32 30 6 -108.00 158.00 32 0 0 0
11.00 30 31 30 6 151.23 108.77 31 0 0 0
11.00 31 31 30 6 128.50 131.50 31 0 0 0
11.00 30 31 30 6 128.50 131.50 31 0 0 0
10.00 31 31 30 6 128.50 131.50 31 0 0 0
11.00 31 31 30 6 128.50 131.50 31 0 0 0
11.00 31 31 30 6 128.50 131.50 31 0 0 0
10.00 31 31 30 6 128.50 131.50 31 0 0 0
11.00 31 31 30 6 128.50 131.50 31 0 0 0
10.00 31 31 30 6 128.50 131.50 31 0 0 0
12.00 31 31 30 6 128.50 131.50 31 0 0 0
10.00 31 31 30 6 128.50 131.50 31 0 0 0
11.00 31 31 30 6 128.50 131.50 31 0 0 0
10.00 31 30 30 6 155.00 0.00 30 0 0 0
11.00 31 31 30 6 105.77 154.23 31 0 0 0
10.00 31 30 30 6 155.00 0.00 30 0 0 0
10.00 31 30 30 6 130.00 130.00 30 0 0 0
11.00 31 30 30 6 130.00 130.00 30 0 0 0
11.00 31 30 30 6 130.00 130.00 30 0 0 0
10.00 31 30 30 6 130.00 130.00 30 0 0 0
11.00 31 30 30 6 130.00 130.00 30 0 0 0
10.00 31 30 30 6 130.00 130.00 30 0 0 0
12.00 30 30 30 6 130.00 130.00 30 0 0 0
10.00 31 30 30 6 130.00 130.00 30 0 0 0
10.00 31 30 30 6 130.00 130.00 30 0 0 0
11.00 31 30 30 6 130.00 130.00 30 0 0 0
11.00 30 30 30 6 130.00 130.00 30 0 0 0
11.00 30 30 30 6 130.00 130.00 30 0 0 0
10.00 31 30 30 6 130.00 130.00 30 0 0 0
10.00 30 30 30 6 130.00 130.00 30 0 0 0
12.00 30 30 30 6 130.00 130.00 30 0 0 0
10.00 30 30 30 6 130.00 130.00 30 0 0 0
11.00 31 30 30 6 130.00 130.00 30 0 0 0
10.00 31 30 30 6 130.00 130.00 30 0 0 0
12.00 30 30 30 6 130.00 130.00 30 0 0 0
10.00 30 30 30 6 130.00 130.00 30 0 0 0
10.00 30 30 30 6 130.00 130.00 30 0 0 0
11.00 30 30 30 6 130.00 130.00 30 0 0 0
11.00 30 30 30 6 130.00 130.00 30 0 0 0
11.00 31 30 30 6 130.00 130.00 30 0 0 0
10.00 31 30 30 6 130.00 130.00 30 0 0 0
10.00 30 30 30 6 130.00 130.00 30 0 0 0
12.00 31 30 30 6 130.00 130.00 30 0 0 0
10.00 30 30 30 6 130.00 130.00 30 0 0 0
11.00 30 30 30 6 130.00 130.00 30 0 0 0
10.00 30 30 30 6 130.00 130.00 30 0 0 0
10.00 30 29 30 6 156.50 -106.50 29 0 0 0
12.00 30 29 30 6 131.50 128.50 29 0 0 0
11.00 30 29 30 6 131.50 128.50 29 0 0 0
10.00 30 30 30 6 0.00 155.00 30 0 0 0
11.00 30 30 30 6 130.00 130.00 30 0 0 0
10.00 30 30 30 6 130.00 130.00 30 0 0 0
11.00 30 30 30 6 130.00 130.00 30 0 0 0
10.00 30 30 30 6 130.00 130.00 30 0 0 0
10.00 30 30 30 6 130.00 130.00 30 0 0 0
12.00 30 30 30 6 130.00 130.00 30 0 0 0
10.00 30 29 30 6 156.50 -106.50 29 0 0 0
11.00 30 29 30 6 131.50 128.50 29 0 0 0
10.00 29 29 30 6 131.50 128.50 29 0 0 0
12.00 29 29 30 6 131.50 128.50 29 0 0 0
10.00 30 30 30 6 0.00 155.00 30 0 0 0
10.00 30 30 30 6 130.00 130.00 30 0 0 0
10.00 30 29 30 6 156.50 -106.50 29 0 0 0
12.00 31 30 30 6 109.17 150.83 30 0 0 0
11.00 29 29 30 6 154.23 105.77 29 0 0 0
10.00 30 29 30 6 131.50 128.50 29 0 0 0
10.00 30 29 30 6 131.50 128.50 29 0 0 0
12.00 30 30 30 6 109.17 150.83 30 0 0 0
10.00 30 29 30 6 156.50 -106.50 29 0 0 0
11.00 30 29 30 6 131.50 128.50 29 0 0 0
10.00 29 29 30 6 131.50 128.50 29 0 0 0
12.00 30 30 30 6 109.17 150.83 30 0 0 0
10.00 30 30 30 6 130.00 130.00 30 0 0 0
11.00 29 30 30 6 130.00 130.00 30 0 0 0
11.00 30 30 30 6 130.00 130.00 30 0 0 0
10.00 29 30 30 6 130.00 130.00 30 0 0 0
11.00 30 30 30 6 130.00 130.00 30 0 0 0
10.00 29 30 30 6 130.00 130.00 30 0 0 0
12.00 29 30 30 6 130.00 130.00 30 0 0 0
10.00 29 30 30 6 130.00 130.00 30 0 0 0
10.00 29 30 30 6 130.00 130.00 30 0 0 0
11.00 30 30 30 6 130.00 130.00 30 0 0 0
10.00 29 30 30 6 130.00 130.00 30 0 0 0
12.00 29 30 30 6 130.00 130.00 30 0 0 0
10.00 30 30 30 6 130.00 130.00 30 0 0 0
10.00 30 30 30 6 130.00 130.00 30 0 0 0
12.00 30 30 30 6 130.00 130.00 30 0 0 0
10.00 30 30 30 6 130.00 130.00 30 0 0 0
11.00 29 30 30 6 130.00 130.00 30 0 0 0
10.00 30 30 30 6 130.00 130.00 30 0 0 0
10.00 30 30 30 6 130.00 130.00 30 0 0 0
12.00 30 30 30 6 130.00 130.00 30 0 0 0
10.00 29 30 30 6 130.00 130.00 30 0 0 0
11.00 30 30 30 6 130.00 130.00 30 0 0 0
10.00 29 30 30 6 130.00 130.00 30 0 0 0
12.00 29 30 30 6 130.00 130.00 30 0 0 0
10.00 30 30 30 6 130.00 130.00 30 0 0 0
10.00 30 30 30 6 130.00 130.00 30 0 0 0
12.00 29 30 30 6 130.00 130.00 30 0 0 0
10.00 30 30 30 6 130.00 130.00 30 0 0 0
11.00 30 30 30 6 130.00 130.00 30 0 0 0
10.00 29 30 30 6 130.00 130.00 30 0 0 0
10.00 30 30 30 6 130.00 130.00 30 0 0 0
12.00 30 30 30 6 130.00 130.00 30 0 0 0
10.00 29 30 30 6 130.00 130.00 30 0 0 0
11.00 30 30 30 6 130.00 130.00 30 0 0 0
10.00 30 30 30 6 130.00 130.00 30 0 0 0
11.00 30 30 50 6 255.00 -255.00 30 0 0 0
11.00 30 30 50 6 160.00 -110.00 30 0 0 0
11.00 30 30 50 6 160.00 -110.00 30 0 0 0
11.00 30 30 50 6 160.00 -110.00 30 0 0 0
11.00 30 30 50 6 160.00 -110.00 30 0 0 0
11.00 30 30 50 6 160.00 -110.00 30 0 0 0
10.00 30 31 50 6 133.50 126.50 31 0 0 0
12.00 30 31 50 6 158.50 -108.50 31 0 0 0
11.00 30 31 50 6 158.50 -108.50 31 0 0 0
10.00 29 31 50 6 158.50 -108.50 31 0 0 0
11.00 30 31 50 6 158.50 -108.50 31 0 0 0
12.00 30 31 50 6 158.50 -108.50 31 0 0 0
10.00 30 32 50 6 132.00 128.00 32 0 0 0
11.00 30 32 50 6 157.00 -107.00 32 0 0 0
10.00 29 32 50 6 157.00 -107.00 32 0 0 0
12.00 30 32 50 6 157.00 -107.00 32 0 0 0
11.00 30 32 50 6 157.00 -107.00 32 0 0 0
10.00 30 33 50 6 130.50 129.50 33 0 0 0
11.00 30 33 50 6 155.50 -105.50 33 0 0 0
11.00 30 33 50 6 155.50 -105.50 33 0 0 0
11.00 30 34 50 6 131.27 128.73 34 0 0 0
10.00 30 34 50 6 154.00 106.00 34 0 0 0
11.00 30 35 50 6 129.77 130.23 35 0 0 0
11.00 31 35 50 6 152.50 107.50 35 0 0 0
11.00 31 36 50 6 128.27 131.73 36 0 0 0
10.00 32 36 50 6 151.00 109.00 36 0 0 0
10.00 32 37 50 6 124.50 135.50 37 0 0 0
12.00 32 37 50 6 149.50 110.50 37 0 0 0
10.00 32 37 50 6 149.50 110.50 37 0 0 0
11.00 32 38 50 6 125.27 134.73 38 0 0 0
10.00 33 39 50 6 121.50 138.50 39 0 0 0
11.00 155 38 50 6 170.73 -120.73 38 0 0 0
15.00 34 39 50 6 129.83 130.17 39 0 0 0
8.00 34 39 50 6 146.50 113.50 39 0 0 0
9.00 153 40 50 6 117.22 142.78 40 0 0 0
16.00 152 40 50 6 145.00 115.00 40 0 0 0
14.00 157 41 50 6 125.64 134.36 41 0 0 0
15.00 153 43 50 6 107.17 152.83 43 0 0 0
16.00 124 43 50 6 140.50 119.50 43 0 0 0
22.00 136 43 50 6 140.50 119.50 43 0 0 0
25.00 206 43 50 6 140.50 119.50 43 0 0 0
28.00 148 43 50 6 140.50 119.50 43 0 0 0
17.00 208 43 50 6 140.50 119.50 43 0 0 0
28.00 206 43 50 6 140.50 119.50 43 0 0 0
27.00 145 43 50 6 140.50 119.50 43 0 0 0
25.00 144 43 50 6 140.50 119.50 43 0 0 0
24.00 216 43 50 6 140.50 119.50 43 0 0 0
28.00 210 43 50 6 140.50 119.50 43 0 0 0
28.00 203 43 50 6 140.50 119.50 43 0 0 0
22.00 204 43 50 6 140.50 119.50 43 0 0 0
27.00 203 43 50 6 140.50 119.50 43 0 0 0
28.00 122 43 50 6 140.50 119.50 43 0 0 0
22.00 159 43 50 6 140.50 119.50 43 0 0 0
25.00 204 43 50 6 140.50 119.50 43 0 0 0
26.00 258 43 50 6 140.50 119.50 43 0 0 0
30.00 198 43 50 6 140.50 119.50 43 0 0 0
22.00 206 43 50 6 140.50 119.50 43 0 0 0
27.00 92 43 50 6 140.50 119.50 43 0 0 0
20.00 202 43 50 6 140.50 119.50 43 0 0 0
26.00 389 43 50 6 140.50 119.50 43 0 0 0
34.00 200 43 50 6 140.50 119.50 43 0 0 0
27.00 195 43 50 6 140.50 119.50 43 0 0 0
21.00 196 43 50 6 140.50 119.50 43 0 0 0
27.00 198 43 50 6 140.50 119.50 43 0 0 0
25.00 187 43 50 6 140.50 119.50 43 0 0 0
26.00 172 43 50 6 140.50 119.50 43 0 0 0
24.00 197 43 50 6 140.50 119.50 43 0 0 0
27.00 191 43 50 6 140.50 119.50 43 0 0 0
26.00 194 43 50 6 140.50 119.50 43 0 0 0
25.00 99 43 50 6 140.50 119.50 43 0 0 0
18.00 129 43 50 6 140.50 119.50 43 0 0 0
21.00 186 43 50 6 140.50 119.50 43 0 0 0
25.00 187 43 50 6 140.50 119.50 43 0 0 0
25.00 188 43 50 6 140.50 119.50 43 0 0 0
26.00 77 43 50 6 140.50 119.50 43 0 0 0
13.00 77 43 50 6 140.50 119.50 43 0 0 0
15.00 76 43 50 6 140.50 119.50 43 0 0 0
14.00 110 43 50 6 140.50 119.50 43 0 0 0
13.00 183 43 50 6 140.50 119.50 43 0 0 0
26.00 184 43 50 6 140.50 119.50 43 0 0 0
24.00 136 43 50 6 140.50 119.50 43 0 0 0
23.00 184 43 50 6 140.50 119.50 43 0 0 0
25.00 191 43 50 6 140.50 119.50 43 0 0 0
25.00 181 43 50 6 140.50 119.50 43 0 0 0
25.00 132 43 50 6 140.50 119.50 43 0 0 0
22.00 190 43 50 6 140.50 119.50 43 0 0 0
22.00 189 43 50 6 140.50 119.50 43 0 0 0
25.00 180 43 50 6 140.50 119.50 43 0 0 0
25.00 188 43 50 6 140.50 119.50 43 0 0 0
26.00 187 43 50 6 140.50 119.50 43 0 0 0
24.00 187 43 50 6 140.50 119.50 43 0 0 0
26.00 186 43 50 6 140.50 119.50 43 0 0 0
24.00 186 43 50 6 140.50 119.50 43 0 0 0
26.00 91 43 50 6 140.50 119.50 43 0 0 0
13.00 70 43 50 6 140.50 119.50 43 0 0 0
13.00 104 43 50 6 140.50 119.50 43 0 0 0
15.00 185 43 50 6 140.50 119.50 43 0 0 0
24.00 186 43 50 6 140.50 119.50 43 0 0 0
25.00 74 43 50 6 140.50 119.50 43 0 0 0
14.00 109 43 50 6 140.50 119.50 43 0 0 0
14.00 86 43 50 6 140.50 119.50 43 0 0 0
13.00 173 43 50 6 140.50 119.50 43 0 0 0
25.00 171 43 50 6 140.50 119.50 43 0 0 0
23.00 183 43 50 6 140.50 119.50 43 0 0 0
25.00 169 43 50 6 140.50 119.50 43 0 0 0
24.00 74 43 50 6 140.50 119.50 43 0 0 0
14.00 108 43 50 6 140.50 119.50 43 0 0 0
13.00 183 43 50 6 140.50 119.50 43 0 0 0
24.00 81 43 50 6 140.50 119.50 43 0 0 0
14.00 116 43 50 6 140.50 119.50 43 0 0 0
14.00 168 43 50 6 140.50 119.50 43 0 0 0
24.00 75 43 50 6 140.50 119.50 43 0 0 0
13.00 109 43 50 6 140.50 119.50 43 0 0 0
13.00 168 43 50 6 140.50 119.50 43 0 0 0
22.00 74 43 50 6 140.50 119.50 43 0 0 0
13.00 109 43 50 6 140.50 119.50 43 0 0 0
13.00 57 43 50 6 140.50 119.50 43 0 0 0
14.00 94 43 50 6 140.50 119.50 43 0 0 0
13.00 75 43 50 6 140.50 119.50 43 0 0 0
13.00 110 43 50 6 140.50 119.50 43 0 0 0
15.00 71 43 50 6 140.50 119.50 43 0 0 0
13.00 106 43 50 6 140.50 119.50 43 0 0 0
13.00 182 43 50 6 140.50 119.50 43 0 0 0
25.00 73 43 50 6 140.50 119.50 43 0 0 0
13.00 92 43 50 6 140.50 119.50 43 0 0 0
12.00 126 44 50 6 118.17 141.83 44 0 0 0
15.00 66 44 50 6 139.00 121.00 44 0 0 0
13.00 95 44 50 6 139.00 121.00 44 0 0 0
12.00 68 44 50 6 139.00 121.00 44 0 0 0
15.00 103 44 50 6 139.00 121.00 44 0 0 0
13.00 69 44 50 6 139.00 121.00 44 0 0 0
13.00 103 44 50 6 139.00 121.00 44 0 0 0
14.00 68 44 50 6 139.00 121.00 44 0 0 0
13.00 103 44 50 6 139.00 121.00 44 0 0 0
13.00 68 44 50 6 139.00 121.00 44 0 0 0
14.00 103 44 50 6 139.00 121.00 44 0 0 0
14.00 182 44 50 6 139.00 121.00 44 0 0 0
25.00 67 44 50 6 139.00 121.00 44 0 0 0
13.00 101 44 50 6 139.00 121.00 44 0 0 0
13.00 182 44 50 6 139.00 121.00 44 0 0 0
25.00 100 44 50 6 139.00 121.00 44 0 0 0
20.00 98 44 50 6 139.00 121.00 44 0 0 0
12.00 98 44 50 6 139.00 121.00 44 0 0 0
13.00 182 44 50 6 139.00 121.00 44 0 0 0
25.00 63 44 50 6 139.00 121.00 44 0 0 0
14.00 99 44 50 6 139.00 121.00 44 0 0 0
13.00 61 44 50 6 139.00 121.00 44 0 0 0
13.00 97 44 50 6 139.00 121.00 44 0 0 0
15.00 111 44 50 6 139.00 121.00 44 0 0 0
13.00 182 44 50 6 139.00 121.00 44 0 0 0
25.00 109 44 50 6 139.00 121.00 44 0 0 0
20.00 59 44 50 6 139.00 121.00 44 0 0 0
13.00 94 44 50 6 139.00 121.00 44 0 0 0
14.00 107 44 50 6 139.00 121.00 44 0 0 0
14.00 56 44 50 6 139.00 121.00 44 0 0 0
13.00 91 44 50 6 139.00 121.00 44 0 0 0
14.00 107 44 50 6 139.00 121.00 44 0 0 0
13.00 58 44 50 6 139.00 121.00 44 0 0 0
14.00 92 44 50 6 139.00 121.00 44 0 0 0
14.00 110 44 50 6 139.00 121.00 44 0 0 0
13.00 183 44 50 6 139.00 121.00 44 0 0 0
25.00 183 44 50 6 139.00 121.00 44 0 0 0
25.00 184 44 50 6 139.00 121.00 44 0 0 0
26.00 185 44 50 6 139.00 121.00 44 0 0 0
24.00 184 44 50 6 139.00 121.00 44 0 0 0
26.00 185 44 50 6 139.00 121.00 44 0 0 0
24.00 120 44 50 6 139.00 121.00 44 0 0 0
22.00 121 44 50 6 139.00 121.00 44 0 0 0
21.00 185 44 50 6 139.00 121.00 44 0 0 0
26.00 185 44 50 6 139.00 121.00 44 0 0 0
26.00 186 186 50 0 0.00 0.00 186 0 0 0
24.00 187 184 50 0 0.00 0.00 185 0 0 0
26.00 187 184 50 0 0.00 0.00 185 0 0 0
24.00 187 184 50 0 0.00 0.00 185 0 0 0
26.00 188 183 50 0 0.00 0.00 185 0 0 0
25.00 188 183 50 0 0.00 0.00 185 0 0 0
25.00 187 183 50 0 0.00 0.00 185 0 0 0
25.00 188 182 50 0 0.00 0.00 185 0 0 0
24.00 188 183 50 0 0.00 0.00 185 0 0 0
26.00 190 133 50 0 0.00 0.00 161 0 0 0
21.00 189 132 50 0 0.00 0.00 160 0 0 0
23.00 189 131 50 0 0.00 0.00 160 0 0 0
21.00 189 181 50 0 0.00 0.00 185 0 0 0
26.00 189 133 50 0 0.00 0.00 161 0 0 0
22.00 189 132 50 0 0.00 0.00 160 0 0 0
22.00 199 154 50 0 0.00 0.00 176 0 0 0
24.00 189 180 50 0 0.00 0.00 184 0 0 0
25.00 190 156 50 0 0.00 0.00 173 0 0 0
24.00 191 152 50 0 0.00 0.00 171 0 0 0
22.00 189 153 50 0 0.00 0.00 171 0 0 0
24.00 191 180 50 0 0.00 0.00 185 0 0 0
25.00 189 180 50 0 0.00 0.00 184 0 0 0
25.00 190 180 50 0 0.00 0.00 185 0 0 0
25.00 189 180 50 0 0.00 0.00 184 0 0 0
25.00 189 180 50 0 0.00 0.00 184 0 0 0
25.00 189 180 50 0 0.00 0.00 184 0 0 0
24.00 189 181 50 0 0.00 0.00 185 0 0 0
26.00 190 180 50 0 0.00 0.00 185 0 0 0
25.00 189 180 50 0 0.00 0.00 184 0 0 0
24.00 189 180 50 0 0.00 0.00 184 0 0 0
26.00 189 179 50 0 0.00 0.00 184 0 0 0
24.00 190 180 50 0 0.00 0.00 185 0 0 0
25.00 188 180 50 0 0.00 0.00 184 0 0 0
24.00 189 180 50 0 0.00 0.00 184 0 0 0
26.00 189 180 50 0 0.00 0.00 184 0 0 0
25.00 189 157 50 0 0.00 0.00 173 0 0 0
23.00 189 180 50 0 0.00 0.00 184 0 0 0
25.00 188 180 50 0 0.00 0.00 184 0 0 0
25.00 161 158 50 0 0.00 0.00 159 0 0 0
22.00 160 180 50 0 0.00 0.00 170 0 0 0
23.00 189 181 50 0 0.00 0.00 185 0 0 0
25.00 191 180 50 0 0.00 0.00 185 0 0 0
26.00 189 180 50 0 0.00 0.00 184 0 0 0
24.00 189 154 50 0 0.00 0.00 171 0 0 0
24.00 189 180 50 0 0.00 0.00 184 0 0 0
24.00 189 180 50 0 0.00 0.00 184 0 0 0
25.00 190 180 50 0 0.00 0.00 185 0 0 0
25.00 188 179 50 0 0.00 0.00 183 0 0 0
25.00 189 181 50 0 0.00 0.00 185 0 0 0
25.00 190 180 50 0 0.00 0.00 185 0 0 0
25.00 188 181 50 0 0.00 0.00 184 0 0 0
25.00 189 181 50 0 0.00 0.00 185 0 0 0
24.00 189 180 50 0 0.00 0.00 184 0 0 0
26.00 190 180 50 0 0.00 0.00 185 0 0 0
25.00 189 180 50 0 0.00 0.00 184 0 0 0
24.00 189 180 50 0 0.00 0.00 184 0 0 0
26.00 188 181 50 0 0.00 0.00 184 0 0 0
24.00 189 180 50 0 0.00 0.00 184 0 0 0
25.00 159 180 50 0 0.00 0.00 169 0 0 0
23.00 189 180 50 0 0.00 0.00 184 0 0 0
25.00 189 182 50 0 0.00 0.00 185 0 0 0
26.00 164 156 50 0 0.00 0.00 160 0 0 0
21.00 189 180 50 0 0.00 0.00 184 0 0 0
25.00 189 154 50 0 0.00 0.00 171 0 0 0
23.00 190 154 50 0 0.00 0.00 172