13.00 44 46 30 0 0.00 0.00 45 0 0 5.00 0.00 0.50
14.00 44 46 30 0 0.00 0.00 45 0 0 5.00 0.00 0.50
12.00 43 45 30 0 0.00 0.00 44 0 0 5.00 0.00 0.50
13.00 44 45 30 0 0.00 0.00 44 0 0 5.00 0.00 0.50
14.00 44 45 30 0 0.00 0.00 44 0 0 5.00 0.00 0.50
12.00 43 45 30 0 0.00 0.00 44 0 0 5.00 0.00 0.50
13.00 44 45 30 0 0.00 0.00 44 0 0 5.00 0.00 0.50
14.00 44 45 30 0 0.00 0.00 44 0 0 5.00 0.00 0.50
12.00 44 45 30 0 0.00 0.00 44 0 0 5.00 0.00 0.50
13.00 44 45 30 0 0.00 0.00 44 0 0 5.00 0.00 0.50
13.00 44 45 30 0 0.00 0.00 44 0 0 5.00 0.00 0.50
13.00 44 45 30 0 0.00 0.00 44 0 0 5.00 0.00 0.50
13.00 44 45 30 0 0.00 0.00 44 0 0 5.00 0.00 0.50
13.00 44 45 30 0 0.00 0.00 44 0 0 5.00 0.00 0.50
14.00 44 45 30 0 0.00 0.00 44 0 0 5.00 0.00 0.50
12.00 45 46 30 0 0.00 0.00 45 0 0 5.00 0.00 0.50
13.00 44 45 30 0 0.00 0.00 44 0 0 5.00 0.00 0.50
14.00 44 45 30 0 0.00 0.00 44 0 0 5.00 0.00 0.50
12.00 45 45 30 0 0.00 0.00 45 0 0 5.00 0.00 0.50
13.00 44 45 30 0 0.00 0.00 44 0 0 5.00 0.00 0.50
14.00 44 45 30 0 0.00 0.00 44 0 0 5.00 0.00 0.50
12.00 44 45 30 0 0.00 0.00 44 0 0 5.00 0.00 0.50
13.00 45 45 30 0 0.00 0.00 45 0 0 5.00 0.00 0.50
13.00 44 45 30 0 0.00 0.00 44 0 0 5.00 0.00 0.50
14.00 44 45 30 0 0.00 0.00 44 0 0 5.00 0.00 0.50
12.00 44 45 30 0 0.00 0.00 44 0 0 5.00 0.00 0.50
13.00 44 45 30 0 0.00 0.00 44 0 0 5.00 0.00 0.50
14.00 45 45 30 0 0.00 0.00 45 0 0 5.00 0.00 0.50
12.00 45 45 30 0 0.00 0.00 45 0 0 5.00 0.00 0.50
13.00 44 45 30 0 0.00 0.00 44 0 0 5.00 0.00 0.50
14.00 44 45 30 0 0.00 0.00 44 0 0 5.00 0.00 0.50
12.00 45 45 30 0 0.00 0.00 45 0 0 5.00 0.00 0.50
13.00 45 45 30 0 0.00 0.00 45 0 0 5.00 0.00 0.50
13.00 45 45 30 0 0.00 0.00 45 0 0 5.00 0.00 0.50
13.00 44 45 30 0 0.00 0.00 44 0 0 5.00 0.00 0.50
13.00 45 45 30 0 0.00 0.00 45 0 0 5.00 0.00 0.50
13.00 44 45 30 0 0.00 0.00 44 0 0 5.00 0.00 0.50
14.00 45 45 30 0 0.00 0.00 45 0 0 5.00 0.00 0.50
12.00 46 45 30 0 0.00 0.00 45 0 0 5.00 0.00 0.50
13.00 45 45 30 0 0.00 0.00 45 0 0 5.00 0.00 0.50
14.00 45 45 30 0 0.00 0.00 45 0 0 5.00 0.00 0.50
12.00 44 45 30 0 0.00 0.00 44 0 0 5.00 0.00 0.50
13.00 45 45 30 0 0.00 0.00 45 0 0 5.00 0.00 0.50
14.00 45 45 30 0 0.00 0.00 45 0 0 5.00 0.00 0.50
12.00 45 45 30 0 0.00 0.00 45 0 0 5.00 0.00 0.50
13.00 44 45 30 0 0.00 0.00 44 0 0 5.00 0.00 0.50
13.00 44 45 30 0 0.00 0.00 44 0 0 5.00 0.00 0.50
14.00 44 45 30 0 0.00 0.00 44 0 0 5.00 0.00 0.50
12.00 44 45 30 0 0.00 0.00 44 0 0 5.00 0.00 0.50
13.00 44 45 30 0 0.00 0.00 44 0 0 5.00 0.00 0.50
14.00 44 46 30 0 0.00 0.00 45 0 0 5.00 0.00 0.50
12.00 44 45 30 0 0.00 0.00 44 0 0 5.00 0.00 0.50
13.00 44 45 30 0 0.00 0.00 44 0 0 5.00 0.00 0.50
14.00 44 45 30 0 0.00 0.00 44 0 0 5.00 0.00 0.50
12.00 44 45 30 0 0.00 0.00 44 0 0 5.00 0.00 0.50
13.00 44 45 30 0 0.00 0.00 44 0 0 5.00 0.00 0.50
13.00 44 45 30 0 0.00 0.00 44 0 0 5.00 0.00 0.50
13.00 44 45 30 0 0.00 0.00 44 0 0 5.00 0.00 0.50
13.00 44 45 30 0 0.00 0.00 44 0 0 5.00 0.00 0.50
13.00 44 45 30 0 0.00 0.00 44 0 0 5.00 0.00 0.50
14.00 44 45 30 0 0.00 0.00 44 0 0 5.00 0.00 0.50
12.00 45 45 30 0 0.00 0.00 45 0 0 5.00 0.00 0.50
13.00 43 45 30 0 0.00 0.00 44 0 0 5.00 0.00 0.50
14.00 43 45 30 0 0.00 0.00 44 0 0 5.00 0.00 0.50
12.00 44 45 30 0 0.00 0.00 44 0 0 5.00 0.00 0.50
13.00 44 45 30 0 0.00 0.00 44 0 0 5.00 0.00 0.50
14.00 44 45 30 0 0.00 0.00 44 0 0 5.00 0.00 0.50
12.00 44 45 30 0 0.00 0.00 44 0 0 5.00 0.00 0.50
13.00 45 45 30 0 0.00 0.00 45 0 0 5.00 0.00 0.50
13.00 43 45 30 0 0.00 0.00 44 0 0 5.00 0.00 0.50
14.00 43 45 30 0 0.00 0.00 44 0 0 5.00 0.00 0.50
12.00 44 45 30 0 0.00 0.00 44 0 0 5.00 0.00 0.50
13.00 43 45 30 0 0.00 0.00 44 0 0 5.00 0.00 0.50
14.00 44 46 30 0 0.00 0.00 45 0 0 5.00 0.00 0.50
12.00 44 46 30 0 0.00 0.00 45 0 0 5.00 0.00 0.50
13.00 43 46 30 0 0.00 0.00 44 0 0 5.00 0.00 0.50
14.00 43 45 30 0 0.00 0.00 44 0 0 5.00 0.00 0.50
12.00 43 45 30 0 0.00 0.00 44 0 0 5.00 0.00 0.50
13.00 43 45 30 0 0.00 0.00 44 0 0 5.00 0.00 0.50
13.00 44 46 30 0 0.00 0.00 45 0 0 5.00 0.00 0.50
13.00 42 45 30 0 0.00 0.00 43 0 0 5.00 0.00 0.50
13.00 43 45 30 0 0.00 0.00 44 0 0 5.00 0.00 0.50
13.00 43 45 30 0 0.00 0.00 44 0 0 5.00 0.00 0.50
14.00 43 45 30 0 0.00 0.00 44 0 0 5.00 0.00 0.50
12.00 45 45 30 0 0.00 0.00 45 0 0 5.00 0.00 0.50
13.00 43 45 30 0 0.00 0.00 44 0 0 5.00 0.00 0.50
14.00 43 45 30 0 0.00 0.00 44 0 0 5.00 0.00 0.50
12.00 43 45 30 0 0.00 0.00 44 0 0 5.00 0.00 0.50
13.00 43 45 30 0 0.00 0.00 44 0 0 5.00 0.00 0.50
14.00 44 45 30 0 0.00 0.00 44 0 0 5.00 0.00 0.50
12.00 44 45 30 0 0.00 0.00 44 0 0 5.00 0.00 0.50
13.00 44 45 30 0 0.00 0.00 44 0 0 5.00 0.00 0.50
13.00 44 45 30 0 0.00 0.00 44 0 0 5.00 0.00 0.50
14.00 43 45 30 0 0.00 0.00 44 0 0 5.00 0.00 0.50
12.00 44 45 30 0 0.00 0.00 44 0 0 5.00 0.00 0.50
13.00 44 45 30 0 0.00 0.00 44 0 0 5.00 0.00 0.50
14.00 44 45 30 0 0.00 0.00 44 0 0 5.00 0.00 0.50
12.00 43 45 30 0 0.00 0.00 44 0 0 5.00 0.00 0.50
13.00 44 45 30 0 0.00 0.00 44 0 0 5.00 0.00 0.50
14.00 44 45 30 0 0.00 0.00 44 0 0 5.00 0.00 0.50
12.00 44 45 30 0 0.00 0.00 44 0 0 5.00 0.00 0.50
13.00 44 45 30 0 0.00 0.00 44 0 0 5.00 0.00 0.50
13.00 44 45 30 0 0.00 0.00 44 0 0 5.00 0.00 0.50
13.00 44 45 30 0 0.00 0.00 44 0 0 5.00 0.00 0.50
13.00 44 45 30 0 0.00 0.00 44 0 0 5.00 0.00 0.50
13.00 43 45 30 0 0.00 0.00 44 0 0 5.00 0.00 0.50
14.00 43 45 30 0 0.00 0.00 44 0 0 5.00 0.00 0.50
12.00 43 45 30 0 0.00 0.00 44 0 0 5.00 0.00 0.50
13.00 44 45 30 0 0.00 0.00 44 0 0 5.00 0.00 0.50
14.00 44 45 30 0 0.00 0.00 44 0 0 5.00 0.00 0.50
12.00 43 45 30 0 0.00 0.00 44 0 0 5.00 0.00 0.50
13.00 44 45 30 0 0.00 0.00 44 0 0 5.00 0.00 0.50
14.00 44 45 30 0 0.00 0.00 44 0 0 5.00 0.00 0.50
12.00 43 45 30 0 0.00 0.00 44 0 0 5.00 0.00 0.50
13.00 44 45 30 0 0.00 0.00 44 0 0 5.00 0.00 0.50
13.00 44 45 30 0 0.00 0.00 44 0 0 5.00 0.00 0.50
13.00 43 45 30 0 0.00 0.00 44 0 0 5.00 0.00 0.50
13.00 44 45 30 0 0.00 0.00 44 0 0 5.00 0.00 0.50
13.00 44 45 30 0 0.00 0.00 44 0 0 5.00 0.00 0.50
14.00 44 45 30 0 0.00 0.00 44 0 0 5.00 0.00 0.50
12.00 44 45 30 0 0.00 0.00 44 0 0 5.00 0.00 0.50
13.00 44 45 30 0 0.00 0.00 44 0 0 5.00 0.00 0.50
14.00 44 45 30 0 0.00 0.00 44 0 0 5.00 0.00 0.50
12.00 43 45 30 0 0.00 0.00 44 0 0 5.00 0.00 0.50
13.00 45 45 30 0 0.00 0.00 45 0 0 5.00 0.00 0.50
14.00 44 45 30 0 0.00 0.00 44 0 0 5.00 0.00 0.50
12.00 44 45 30 0 0.00 0.00 44 0 0 5.00 0.00 0.50
13.00 44 45 30 0 0.00 0.00 44 0 0 5.00 0.00 0.50
13.00 45 45 30 0 0.00 0.00 45 0 0 5.00 0.00 0.50
14.00 44 45 30 0 0.00 0.00 44 0 0 5.00 0.00 0.50
12.00 44 45 30 0 0.00 0.00 44 0 0 5.00 0.00 0.50
13.00 44 45 30 0 0.00 0.00 44 0 0 5.00 0.00 0.50
14.00 43 45 30 0 0.00 0.00 44 0 0 5.00 0.00 0.50
12.00 43 45 30 0 0.00 0.00 44 0 0 5.00 0.00 0.50
13.00 45 45 30 0 0.00 0.00 45 0 0 5.00 0.00 0.50
14.00 44 45 30 0 0.00 0.00 44 0 0 5.00 0.00 0.50
12.00 44 45 30 0 0.00 0.00 44 0 0 5.00 0.00 0.50
13.00 43 45 30 0 0.00 0.00 44 0 0 5.00 0.00 0.50
13.00 44 45 30 0 0.00 0.00 44 0 0 5.00 0.00 0.50
13.00 43 45 30 0 0.00 0.00 44 0 0 5.00 0.00 0.50
13.00 43 45 30 0 0.00 0.00 44 0 0 5.00 0.00 0.50
13.00 44 45 30 0 0.00 0.00 44 0 0 5.00 0.00 0.50
14.00 44 45 30 0 0.00 0.00 44 0 0 5.00 0.00 0.50
12.00 44 45 30 0 0.00 0.00 44 0 0 5.00 0.00 0.50
13.00 44 45 30 0 0.00 0.00 44 0 0 5.00 0.00 0.50
14.00 44 45 30 0 0.00 0.00 44 0 0 5.00 0.00 0.50
12.00 43 45 30 0 0.00 0.00 44 0 0 5.00 0.00 0.50
13.00 43 45 30 0 0.00 0.00 44 0 0 5.00 0.00 0.50
14.00 43 45 30 0 0.00 0.00 44 0 0 5.00 0.00 0.50
12.00 43 45 30 0 0.00 0.00 44 0 0 5.00 0.00 0.50
13.00 42 45 30 0 0.00 0.00 43 0 0 5.00 0.00 0.50
13.00 42 45 30 0 0.00 0.00 43 0 0 5.00 0.00 0.50
14.00 43 45 30 0 0.00 0.00 44 0 0 5.00 0.00 0.50
12.00 43 45 30 0 0.00 0.00 44 0 0 5.00 0.00 0.50
13.00 43 45 30 0 0.00 0.00 44 0 0 5.00 0.00 0.50
14.00 43 45 30 0 0.00 0.00 44 0 0 5.00 0.00 0.50
12.00 43 45 30 0 0.00 0.00 44 0 0 5.00 0.00 0.50
13.00 42 45 30 0 0.00 0.00 43 0 0 5.00 0.00 0.50
14.00 43 45 30 0 0.00 0.00 44 0 0 5.00 0.00 0.50
12.00 42 45 30 0 0.00 0.00 43 0 0 5.00 0.00 0.50
13.00 42 45 30 0 0.00 0.00 43 0 0 5.00 0.00 0.50
13.00 42 45 30 0 0.00 0.00 43 0 0 5.00 0.00 0.50
13.00 43 45 30 0 0.00 0.00 44 0 0 5.00 0.00 0.50
13.00 41 45 30 0 0.00 0.00 43 0 0 5.00 0.00 0.50
13.00 42 45 30 0 0.00 0.00 43 0 0 5.00 0.00 0.50
14.00 43 45 30 0 0.00 0.00 44 0 0 5.00 0.00 0.50
12.00 42 45 30 0 0.00 0.00 43 0 0 5.00 0.00 0.50
13.00 42 45 30 0 0.00 0.00 43 0 0 5.00 0.00 0.50
14.00 42 45 30 0 0.00 0.00 43 0 0 5.00 0.00 0.50
12.00 43 45 30 0 0.00 0.00 44 0 0 5.00 0.00 0.50
13.00 42 45 30 0 0.00 0.00 43 0 0 5.00 0.00 0.50
14.00 43 45 30 0 0.00 0.00 44 0 0 5.00 0.00 0.50
12.00 42 45 30 0 0.00 0.00 43 0 0 5.00 0.00 0.50
13.00 42 45 30 0 0.00 0.00 43 0 0 5.00 0.00 0.50
13.00 43 45 30 0 0.00 0.00 44 0 0 5.00 0.00 0.50
14.00 43 45 30 0 0.00 0.00 44 0 0 5.00 0.00 0.50
12.00 44 45 30 0 0.00 0.00 44 0 0 5.00 0.00 0.50
13.00 43 45 30 0 0.00 0.00 44 0 0 5.00 0.00 0.50
14.00 43 45 30 0 0.00 0.00 44 0 0 5.00 0.00 0.50
12.00 43 45 30 0 0.00 0.00 44 0 0 5.00 0.00 0.50
13.00 43 45 30 0 0.00 0.00 44 0 0 5.00 0.00 0.50
14.00 43 45 30 0 0.00 0.00 44 0 0 5.00 0.00 0.50
12.00 43 45 30 0 0.00 0.00 44 0 0 5.00 0.00 0.50
13.00 43 45 30 0 0.00 0.00 44 0 0 5.00 0.00 0.50
13.00 43 45 30 0 0.00 0.00 44 0 0 5.00 0.00 0.50
13.00 43 45 30 0 0.00 0.00 44 0 0 5.00 0.00 0.50
13.00 43 45 30 0 0.00 0.00 44 0 0 5.00 0.00 0.50
13.00 43 45 30 0 0.00 0.00 44 0 0 5.00 0.00 0.50
14.00 44 45 30 0 0.00 0.00 44 0 0 5.00 0.00 0.50
12.00 44 45 30 0 0.00 0.00 44 0 0 5.00 0.00 0.50
13.00 43 45 30 0 0.00 0.00 44 0 0 5.00 0.00 0.50
14.00 43 45 30 0 0.00 0.00 44 0 0 5.00 0.00 0.50
12.00 43 45 30 0 0.00 0.00 44 0 0 5.00 0.00 0.50
13.00 45 45 30 0 0.00 0.00 45 0 0 5.00 0.00 0.50
14.00 44 45 30 0 0.00 0.00 44 0 0 5.00 0.00 0.50
12.00 44 46 30 0 0.00 0.00 45 0 0 5.00 0.00 0.50
13.00 44 45 30 0 0.00 0.00 44 0 0 5.00 0.00 0.50
13.00 44 45 30 0 0.00 0.00 44 0 0 5.00 0.00 0.50
14.00 46 46 30 0 0.00 0.00 46 0 0 5.00 0.00 0.50
12.00 45 46 30 0 0.00 0.00 45 0 0 5.00 0.00 0.50
13.00 45 46 30 0 0.00 0.00 45 0 0 5.00 0.00 0.50
14.00 44 45 30 0 0.00 0.00 44 0 0 5.00 0.00 0.50
12.00 44 46 30 0 0.00 0.00 45 0 0 5.00 0.00 0.50
13.00 45 46 30 0 0.00 0.00 45 0 0 5.00 0.00 0.50
14.00 44 45 30 0 0.00 0.00 44 0 0 5.00 0.00 0.50
12.00 44 45 30 0 0.00 0.00 44 0 0 5.00 0.00 0.50
13.00 45 46 30 0 0.00 0.00 45 0 0 5.00 0.00 0.50
13.00 44 45 30 0 0.00 0.00 44 0 0 5.00 0.00 0.50
13.00 46 46 30 0 0.00 0.00 46 0 0 5.00 0.00 0.50
13.00 45 45 30 0 0.00 0.00 45 0 0 5.00 0.00 0.50
13.00 45 45 30 0 0.00 0.00 45 0 0 5.00 0.00 0.50
14.00 44 45 30 0 0.00 0.00 44 0 0 5.00 0.00 0.50
12.00 45 45 30 0 0.00 0.00 45 0 0 5.00 0.00 0.50
13.00 45 46 30 0 0.00 0.00 45 0 0 5.00 0.00 0.50
14.00 45 46 30 0 0.00 0.00 45 0 0 5.00 0.00 0.50
12.00 45 45 30 0 0.00 0.00 45 0 0 5.00 0.00 0.50
13.00 45 46 30 0 0.00 0.00 45 0 0 5.00 0.00 0.50
14.00 45 46 30 0 0.00 0.00 45 0 0 5.00 0.00 0.50
12.00 46 45 30 0 0.00 0.00 45 0 0 5.00 0.00 0.50
13.00 45 46 30 0 0.00 0.00 45 0 0 5.00 0.00 0.50
13.00 45 46 30 0 0.00 0.00 45 0 0 5.00 0.00 0.50
14.00 46 46 30 0 0.00 0.00 46 0 0 5.00 0.00 0.50
12.00 45 46 30 0 0.00 0.00 45 0 0 5.00 0.00 0.50
13.00 45 46 30 0 0.00 0.00 45 0 0 5.00 0.00 0.50
14.00 44 45 30 0 0.00 0.00 44 0 0 5.00 0.00 0.50
12.00 45 46 30 0 0.00 0.00 45 0 0 5.00 0.00 0.50
13.00 45 46 30 0 0.00 0.00 45 0 0 5.00 0.00 0.50
14.00 45 45 30 0 0.00 0.00 45 0 0 5.00 0.00 0.50
12.00 44 46 30 0 0.00 0.00 45 0 0 5.00 0.00 0.50
13.00 44 45 30 0 0.00 0.00 44 0 0 5.00 0.00 0.50
13.00 45 46 30 0 0.00 0.00 45 0 0 5.00 0.00 0.50
13.00 46 46 30 0 0.00 0.00 46 0 0 5.00 0.00 0.50
13.00 45 46 30 0 0.00 0.00 45 0 0 5.00 0.00 0.50
13.00 45 45 30 0 0.00 0.00 45 0 0 5.00 0.00 0.50
14.00 44 46 30 0 0.00 0.00 45 0 0 5.00 0.00 0.50
12.00 44 45 30 0 0.00 0.00 44 0 0 5.00 0.00 0.50
13.00 45 45 30 0 0.00 0.00 45 0 0 5.00 0.00 0.50
14.00 45 45 30 0 0.00 0.00 45 0 0 5.00 0.00 0.50
12.00 44 45 30 0 0.00 0.00 44 0 0 5.00 0.00 0.50
13.00 45 45 30 0 0.00 0.00 45 0 0 5.00 0.00 0.50
14.00 45 45 30 0 0.00 0.00 45 0 0 5.00 0.00 0.50
12.00 45 45 30 0 0.00 0.00 45 0 0 5.00 0.00 0.50
13.00 45 45 30 0 0.00 0.00 45 0 0 5.00 0.00 0.50
13.00 44 45 30 0 0.00 0.00 44 0 0 5.00 0.00 0.50
13.00 44 45 30 0 0.00 0.00 44 0 0 5.00 0.00 0.50
13.00 44 45 30 0 0.00 0.00 44 0 0 5.00 0.00 0.50
13.00 45 45 30 0 0.00 0.00 45 0 0 5.00 0.00 0.50
14.00 45 45 30 0 0.00 0.00 45 0 0 5.00 0.00 0.50
12.00 46 45 30 0 0.00 0.00 45 0 0 5.00 0.00 0.50
13.00 43 45 30 0 0.00 0.00 44 0 0 5.00 0.00 0.50
14.00 43 45 30 0 0.00 0.00 44 0 0 5.00 0.00 0.50
12.00 44 45 30 0 0.00 0.00 44 0 0 5.00 0.00 0.50
13.00 43 45 30 0 0.00 0.00 44 0 0 5.00 0.00 0.50
14.00 45 45 30 0 0.00 0.00 45 0 0 5.00 0.00 0.50
12.00 43 45 30 0 0.00 0.00 44 0 0 5.00 0.00 0.50
13.00 45 45 30 0 0.00 0.00 45 0 0 5.00 0.00 0.50
13.00 45 45 30 0 0.00 0.00 45 0 0 5.00 0.00 0.50
14.00 45 45 30 0 0.00 0.00 45 0 0 5.00 0.00 0.50
12.00 45 45 30 0 0.00 0.00 45 0 0 5.00 0.00 0.50
13.00 44 45 30 0 0.00 0.00 44 0 0 5.00 0.00 0.50
14.00 44 45 30 0 0.00 0.00 44 0 0 5.00 0.00 0.50
12.00 44 45 30 0 0.00 0.00 44 0 0 5.00 0.00 0.50
13.00 44 45 30 0 0.00 0.00 44 0 0 5.00 0.00 0.50
14.00 44 45 30 0 0.00 0.00 44 0 0 5.00 0.00 0.50
12.00 45 45 30 0 0.00 0.00 45 0 0 5.00 0.00 0.50
13.00 45 45 30 0 0.00 0.00 45 0 0 5.00 0.00 0.50
13.00 45 45 30 0 0.00 0.00 45 0 0 5.00 0.00 0.50
13.00 45 45 30 0 0.00 0.00 45 0 0 5.00 0.00 0.50
13.00 45 45 30 0 0.00 0.00 45 0 0 5.00 0.00 0.50
13.00 45 45 30 0 0.00 0.00 45 0 0 5.00 0.00 0.50
14.00 45 45 30 0 0.00 0.00 45 0 0 5.00 0.00 0.50
12.00 46 45 30 0 0.00 0.00 45 0 0 5.00 0.00 0.50
13.00 45 45 30 0 0.00 0.00 45 0 0 5.00 0.00 0.50
14.00 44 45 30 0 0.00 0.00 44 0 0 5.00 0.00 0.50
12.00 44 45 30 0 0.00 0.00 44 0 0 5.00 0.00 0.50
13.00 44 46 30 0 0.00 0.00 45 0 0 5.00 0.00 0.50
14.00 45 46 30 0 0.00 0.00 45 0 0 5.00 0.00 0.50
12.00 45 45 30 0 0.00 0.00 45 0 0 5.00 0.00 0.50
13.00 45 45 30 0 0.00 0.00 45 0 0 5.00 0.00 0.50
13.00 45 46 30 0 0.00 0.00 45 0 0 5.00 0.00 0.50
14.00 44 45 30 0 0.00 0.00 44 0 0 5.00 0.00 0.50
12.00 44 45 30 0 0.00 0.00 44 0 0 5.00 0.00 0.50
13.00 44 45 30 0 0.00 0.00 44 0 0 5.00 0.00 0.50
14.00 44 45 30 0 0.00 0.00 44 0 0 5.00 0.00 0.50
12.00 45 45 30 0 0.00 0.00 45 0 0 5.00 0.00 0.50
13.00 44 45 30 0 0.00 0.00 44 0 0 5.00 0.00 0.50
14.00 44 45 30 0 0.00 0.00 44 0 0 5.00 0.00 0.50
12.00 44 45 30 0 0.00 0.00 44 0 0 5.00 0.00 0.50
13.00 45 45 30 0 0.00 0.00 45 0 0 5.00 0.00 0.50
13.00 45 45 30 0 0.00 0.00 45 0 0 5.00 0.00 0.50
13.00 45 45 30 0 0.00 0.00 45 0 0 5.00 0.00 0.50
13.00 45 45 30 0 0.00 0.00 45 0 0 5.00 0.00 0.50
13.00 45 45 30 0 0.00 0.00 45 0 0 5.00 0.00 0.50
14.00 44 45 30 0 0.00 0.00 44 0 0 5.00 0.00 0.50
12.00 46 45 30 0 0.00 0.00 45 0 0 5.00 0.00 0.50
13.00 44 45 30 0 0.00 0.00 44 0 0 5.00 0.00 0.50
14.00 44 45 30 0 0.00 0.00 44 0 0 5.00 0.00 0.50
12.00 44 45 30 0 0.00 0.00 44 0 0 5.00 0.00 0.50
13.00 45 45 30 0 0.00 0.00 45 0 0 5.00 0.00 0.50
14.00 44 45 30 0 0.00 0.00 44 0 0 5.00 0.00 0.50
12.00 44 45 30 0 0.00 0.00 44 0 0 5.00 0.00 0.50
13.00 45 45 30 0 0.00 0.00 45 0 0 5.00 0.00 0.50
13.00 45 45 30 0 0.00 0.00 45 0 0 5.00 0.00 0.50
14.00 44 45 30 0 0.00 0.00 44 0 0 5.00 0.00 0.50
12.00 44 45 30 0 0.00 0.00 44 0 0 5.00 0.00 0.50
13.00 44 45 30 0 0.00 0.00 44 0 0 5.00 0.00 0.50
14.00 45 45 30 0 0.00 0.00 45 0 0 5.00 0.00 0.50
12.00 44 45 30 0 0.00 0.00 44 0 0 5.00 0.00 0.50
13.00 44 45 30 0 0.00 0.00 44 0 0 5.00 0.00 0.50
14.00 44 45 30 0 0.00 0.00 44 0 0 5.00 0.00 0.50
12.00 44 45 30 0 0.00 0.00 44 0 0 5.00 0.00 0.50
13.00 45 45 30 0 0.00 0.00 45 0 0 5.00 0.00 0.50
13.00 44 45 30 0 0.00 0.00 44 0 0 5.00 0.00 0.50
13.00 44 45 30 0 0.00 0.00 44 0 0 5.00 0.00 0.50
13.00 45 45 30 0 0.00 0.00 45 0 0 5.00 0.00 0.50
13.00 45 45 30 0 0.00 0.00 45 0 0 5.00 0.00 0.50
14.00 44 45 30 0 0.00 0.00 44 0 0 5.00 0.00 0.50
12.00 46 45 30 0 0.00 0.00 45 0 0 5.00 0.00 0.50
13.00 45 45 30 0 0.00 0.00 45 0 0 5.00 0.00 0.50
14.00 45 45 30 0 0.00 0.00 45 0 0 5.00 0.00 0.50
12.00 44 45 30 0 0.00 0.00 44 0 0 5.00 0.00 0.50
13.00 45 45 30 0 0.00 0.00 45 0 0 5.00 0.00 0.50
14.00 45 45 30 0 0.00 0.00 45 0 0 5.00 0.00 0.50
12.00 45 45 30 0 0.00 0.00 45 0 0 5.00 0.00 0.50
13.00 45 45 30 0 0.00 0.00 45 0 0 5.00 0.00 0.50
13.00 45 45 30 0 0.00 0.00 45 0 0 5.00 0.00 0.50
14.00 45 45 30 0 0.00 0.00 45 0 0 5.00 0.00 0.50
12.00 44 45 30 0 0.00 0.00 44 0 0 5.00 0.00 0.50
13.00 45 45 30 0 0.00 0.00 45 0 0 5.00 0.00 0.50
14.00 45 45 30 0 0.00 0.00 45 0 0 5.00 0.00 0.50
12.00 46 45 30 0 0.00 0.00 45 0 0 5.00 0.00 0.50
13.00 44 45 30 0 0.00 0.00 44 0 0 5.00 0.00 0.50
14.00 44 45 30 0 0.00 0.00 44 0 0 5.00 0.00 0.50
12.00 45 45 30 0 0.00 0.00 45 0 0 5.00 0.00 0.50
13.00 45 45 30 0 0.00 0.00 45 0 0 5.00 0.00 0.50
13.00 44 45 30 0 0.00 0.00 44 0 0 5.00 0.00 0.50
13.00 46 46 30 0 0.00 0.00 46 0 0 5.00 0.00 0.50
13.00 45 45 30 0 0.00 0.00 45 0 0 5.00 0.00 0.50
13.00 45 46 30 0 0.00 0.00 45 0 0 5.00 0.00 0.50
14.00 45 45 30 0 0.00 0.00 45 0 0 5.00 0.00 0.50
12.00 45 45 30 0 0.00 0.00 45 0 0 5.00 0.00 0.50
13.00 45 45 30 0 0.00 0.00 45 0 0 5.00 0.00 0.50
14.00 45 45 30 0 0.00 0.00 45 0 0 5.00 0.00 0.50
12.00 45 45 30 0 0.00 0.00 45 0 0 5.00 0.00 0.50
13.00 44 45 30 0 0.00 0.00 44 0 0 5.00 0.00 0.50
14.00 45 45 30 0 0.00 0.00 45 0 0 5.00 0.00 0.50
12.00 45 45 30 0 0.00 0.00 45 0 0 5.00 0.00 0.50
13.00 45 45 30 0 0.00 0.00 45 0 0 5.00 0.00 0.50
13.00 45 45 30 0 0.00 0.00 45 0 0 5.00 0.00 0.50
14.00 44 45 30 0 0.00 0.00 44 0 0 5.00 0.00 0.50
12.00 45 45 30 0 0.00 0.00 45 0 0 5.00 0.00 0.50
13.00 45 45 30 0 0.00 0.00 45 0 0 5.00 0.00 0.50
14.00 45 45 30 0 0.00 0.00 45 0 0 5.00 0.00 0.50
12.00 45 45 30 0 0.00 0.00 45 0 0 5.00 0.00 0.50
13.00 44 45 30 0 0.00 0.00 44 0 0 5.00 0.00 0.50
14.00 44 45 30 0 0.00 0.00 44 0 0 5.00 0.00 0.50
12.00 44 45 30 0 0.00 0.00 44 0 0 5.00 0.00 0.50
13.00 44 45 30 0 0.00 0.00 44 0 0 5.00 0.00 0.50
13.00 44 45 30 0 0.00 0.00 44 0 0 5.00 0.00 0.50
13.00 44 45 30 0 0.00 0.00 44 0 0 5.00 0.00 0.50
13.00 45 45 30 0 0.00 0.00 45 0 0 5.00 0.00 0.50
13.00 45 45 30 0 0.00 0.00 45 0 0 5.00 0.00 0.50
14.00 44 45 30 0 0.00 0.00 44 0 0 5.00 0.00 0.50
12.00 44 45 30 0 0.00 0.00 44 0 0 5.00 0.00 0.50
13.00 45 45 30 0 0.00 0.00 45 0 0 5.00 0.00 0.50
14.00 45 45 30 0 0.00 0.00 45 0 0 5.00 0.00 0.50
12.00 44 45 30 0 0.00 0.00 44 0 0 5.00 0.00 0.50
13.00 44 45 30 0 0.00 0.00 44 0 0 5.00 0.00 0.50
14.00 44 45 30 0 0.00 0.00 44 0 0 5.00 0.00 0.50
12.00 45 45 30 0 0.00 0.00 45 0 0 5.00 0.00 0.50
13.00 44 45 30 0 0.00 0.00 44 0 0 5.00 0.00 0.50
13.00 44 45 30 0 0.00 0.00 44 0 0 5.00 0.00 0.50
13.00 44 45 30 0 0.00 0.00 44 0 0 5.00 0.00 0.50
13.00 45 45 30 0 0.00 0.00 45 0 0 5.00 0.00 0.50
13.00 45 45 30 0 0.00 0.00 45 0 0 5.00 0.00 0.50
14.00 44 45 30 0 0.00 0.00 44 0 0 5.00 0.00 0.50
12.00 45 45 30 0 0.00 0.00 45 0 0 5.00 0.00 0.50
13.00 45 45 30 0 0.00 0.00 45 0 0 5.00 0.00 0.50
14.00 44 45 30 0 0.00 0.00 44 0 0 5.00 0.00 0.50
12.00 44 45 30 0 0.00 0.00 44 0 0 5.00 0.00 0.50
13.00 44 45 30 0 0.00 0.00 44 0 0 5.00 0.00 0.50
14.00 44 45 30 0 0.00 0.00 44 0 0 5.00 0.00 0.50
12.00 45 45 30 0 0.00 0.00 45 0 0 5.00 0.00 0.50
13.00 44 45 30 0 0.00 0.00 44 0 0 5.00 0.00 0.50
13.00 45 45 30 0 0.00 0.00 45 0 0 5.00 0.00 0.50
14.00 44 45 30 0 0.00 0.00 44 0 0 5.00 0.00 0.50
12.00 43 45 30 0 0.00 0.00 44 0 0 5.00 0.00 0.50
13.00 44 45 30 0 0.00 0.00 44 0 0 5.00 0.00 0.50
14.00 44 45 30 0 0.00 0.00 44 0 0 5.00 0.00 0.50
12.00 44 45 30 0 0.00 0.00 44 0 0 5.00 0.00 0.50
13.00 45 45 30 0 0.00 0.00 45 0 0 5.00 0.00 0.50
14.00 44 45 30 0 0.00 0.00 44 0 0 5.00 0.00 0.50
12.00 43 45 30 0 0.00 0.00 44 0 0 5.00 0.00 0.50
13.00 44 46 30 0 0.00 0.00 45 0 0 5.00 0.00 0.50
13.00 45 46 30 0 0.00 0.00 45 0 0 5.00 0.00 0.50
13.00 45 45 30 0 0.00 0.00 45 0 0 5.00 0.00 0.50
13.00 44 45 30 0 0.00 0.00 44 0 0 5.00 0.00 0.50
13.00 44 45 30 0 0.00 0.00 44 0 0 5.00 0.00 0.50
14.00 43 45 30 0 0.00 0.00 44 0 0 5.00 0.00 0.50
12.00 45 45 30 0 0.00 0.00 45 0 0 5.00 0.00 0.50
13.00 44 45 30 0 0.00 0.00 44 0 0 5.00 0.00 0.50
14.00 44 45 30 0 0.00 0.00 44 0 0 5.00 0.00 0.50
12.00 44 46 30 0 0.00 0.00 45 0 0 5.00 0.00 0.50
13.00 44 45 30 0 0.00 0.00 44 0 0 5.00 0.00 0.50
14.00 43 45 30 0 0.00 0.00 44 0 0 5.00 0.00 0.50
12.00 44 45 30 0 0.00 0.00 44 0 0 5.00 0.00 0.50
13.00 43 45 30 0 0.00 0.00 44 0 0 5.00 0.00 0.50
13.00 43 45 30 0 0.00 0.00 44 0 0 5.00 0.00 0.50
14.00 43 45 30 0 0.00 0.00 44 0 0 5.00 0.00 0.50
12.00 43 45 30 0 0.00 0.00 44 0 0 5.00 0.00 0.50
13.00 43 45 30 0 0.00 0.00 44 0 0 5.00 0.00 0.50
14.00 42 45 30 0 0.00 0.00 43 0 0 5.00 0.00 0.50
12.00 42 45 30 0 0.00 0.00 43 0 0 5.00 0.00 0.50
13.00 42 45 30 0 0.00 0.00 43 0 0 5.00 0.00 0.50
14.00 42 45 30 0 0.00 0.00 43 0 0 5.00 0.00 0.50
12.00 42 45 30 0 0.00 0.00 43 0 0 5.00 0.00 0.50
13.00 43 45 30 0 0.00 0.00 44 0 0 5.00 0.00 0.50
13.00 42 45 30 0 0.00 0.00 43 0 0 5.00 0.00 0.50
13.00 42 45 30 0 0.00 0.00 43 0 0 5.00 0.00 0.50
13.00 42 45 30 0 0.00 0.00 43 0 0 5.00 0.00 0.50
13.00 42 45 30 0 0.00 0.00 43 0 0 5.00 0.00 0.50
14.00 42 45 30 0 0.00 0.00 43 0 0 5.00 0.00 0.50
12.00 43 45 30 0 0.00 0.00 44 0 0 5.00 0.00 0.50
13.00 42 45 30 0 0.00 0.00 43 0 0 5.00 0.00 0.50
14.00 42 45 30 0 0.00 0.00 43 0 0 5.00 0.00 0.50
12.00 42 45 30 0 0.00 0.00 43 0 0 5.00 0.00 0.50
13.00 43 45 30 0 0.00 0.00 44 0 0 5.00 0.00 0.50
14.00 43 45 30 0 0.00 0.00 44 0 0 5.00 0.00 0.50
12.00 43 45 30 0 0.00 0.00 44 0 0 5.00 0.00 0.50
13.00 43 46 30 0 0.00 0.00 44 0 0 5.00 0.00 0.50
13.00 44 45 30 0 0.00 0.00 44 0 0 5.00 0.00 0.50
14.00 46 46 45 4 134.64 175.36 46 0 0 5.00 0.00 0.50
13.00 44 45 45 4 174.23 135.77 45 1 0 5.00 0.00 0.50
14.00 41 45 45 4 155.00 155.00 45 4 0 5.00 0.00 0.50
15.00 40 46 45 4 135.83 174.17 46 6 0 5.00 0.00 0.50
13.00 41 46 45 4 152.50 157.50 46 5 0 5.00 0.00 0.50
14.00 44 45 45 4 172.86 137.14 45 1 0 5.00 0.00 0.50
15.00 44 45 45 4 155.00 155.00 45 1 0 5.00 0.00 0.50
13.00 43 45 45 4 155.00 155.00 45 2 0 5.00 0.00 0.50
14.00 43 45 45 4 155.00 155.00 45 2 0 5.00 0.00 0.50
15.00 43 45 45 4 155.00 155.00 45 2 0 5.00 0.00 0.50
14.00 46 46 45 4 134.64 175.36 46 0 0 5.00 0.00 0.50
13.00 46 46 45 4 152.50 157.50 46 0 0 5.00 0.00 0.50
15.00 45 46 45 4 152.50 157.50 46 1 0 5.00 0.00 0.50
14.00 45 46 45 4 152.50 157.50 46 1 0 5.00 0.00 0.50
13.00 44 45 45 4 174.23 135.77 45 1 0 5.00 0.00 0.50
15.00 45 46 45 4 135.83 174.17 46 1 0 5.00 0.00 0.50
14.00 44 46 45 4 152.50 157.50 46 2 0 5.00 0.00 0.50
14.00 44 46 45 4 152.50 157.50 46 2 0 5.00 0.00 0.50
14.00 45 46 45 4 152.50 157.50 46 1 0 5.00 0.00 0.50
14.00 45 46 45 4 152.50 157.50 46 1 0 5.00 0.00 0.50
14.00 46 46 45 4 152.50 157.50 46 0 0 5.00 0.00 0.50
14.00 46 46 45 4 152.50 157.50 46 0 0 5.00 0.00 0.50
14.00 46 46 45 4 152.50 157.50 46 0 0 5.00 0.00 0.50
14.00 46 46 45 4 152.50 157.50 46 0 0 5.00 0.00 0.50
15.00 45 46 45 4 152.50 157.50 46 1 0 5.00 0.00 0.50
13.00 45 46 45 4 152.50 157.50 46 1 0 5.00 0.00 0.50
14.00 45 46 45 4 152.50 157.50 46 1 0 5.00 0.00 0.50
15.00 45 46 45 4 152.50 157.50 46 1 0 5.00 0.00 0.50
13.00 45 46 45 4 152.50 157.50 46 1 0 5.00 0.00 0.50
14.00 46 46 45 4 152.50 157.50 46 0 0 5.00 0.00 0.50
15.00 46 46 45 4 152.50 157.50 46 0 0 5.00 0.00 0.50
14.00 45 46 45 4 152.50 157.50 46 1 0 5.00 0.00 0.50
13.00 45 46 45 4 152.50 157.50 46 1 0 5.00 0.00 0.50
15.00 46 45 45 4 171.67 138.33 45 -1 0 5.00 0.00 0.50
14.00 46 46 45 4 134.64 175.36 46 0 0 5.00 0.00 0.50
14.00 45 46 45 4 152.50 157.50 46 1 0 5.00 0.00 0.50
14.00 46 46 45 4 152.50 157.50 46 0 0 5.00 0.00 0.50
14.00 46 46 45 4 152.50 157.50 46 0 0 5.00 0.00 0.50
14.00 46 45 45 4 172.86 137.14 45 -1 0 5.00 0.00 0.50
15.00 46 46 45 4 135.83 174.17 46 0 0 5.00 0.00 0.50
13.00 45 46 45 4 152.50 157.50 46 1 0 5.00 0.00 0.50
14.00 45 46 45 4 152.50 157.50 46 1 0 5.00 0.00 0.50
15.00 46 46 45 4 152.50 157.50 46 0 0 5.00 0.00 0.50
14.00 46 45 45 4 172.86 137.14 45 -1 0 5.00 0.00 0.50
14.00 46 46 45 4 134.64 175.36 46 0 0 5.00 0.00 0.50
14.00 46 46 45 4 152.50 157.50 46 0 0 5.00 0.00 0.50
14.00 46 46 45 4 152.50 157.50 46 0 0 5.00 0.00 0.50
14.00 46 46 45 4 152.50 157.50 46 0 0 5.00 0.00 0.50
14.00 46 46 45 4 152.50 157.50 46 0 0 5.00 0.00 0.50
14.00 46 46 45 4 152.50 157.50 46 0 0 5.00 0.00 0.50
14.00 46 46 45 4 152.50 157.50 46 0 0 5.00 0.00 0.50
15.00 46 46 45 4 152.50 157.50 46 0 0 5.00 0.00 0.50
13.00 46 46 45 4 152.50 157.50 46 0 0 5.00 0.00 0.50
14.00 46 46 45 4 152.50 157.50 46 0 0 5.00 0.00 0.50
15.00 45 46 45 4 152.50 157.50 46 1 0 5.00 0.00 0.50
13.00 47 46 45 4 152.50 157.50 46 -1 0 5.00 0.00 0.50
14.00 46 46 45 4 152.50 157.50 46 0 0 5.00 0.00 0.50
15.00 46 46 45 4 152.50 157.50 46 0 0 5.00 0.00 0.50
14.00 46 46 45 4 152.50 157.50 46 0 0 5.00 0.00 0.50
13.00 46 46 45 4 152.50 157.50 46 0 0 5.00 0.00 0.50
14.00 46 47 45 4 132.14 177.86 47 1 0 5.00 0.00 0.50
15.00 46 46 45 4 169.17 140.83 46 0 0 5.00 0.00 0.50
14.00 46 46 45 4 152.50 157.50 46 0 0 5.00 0.00 0.50
13.00 45 46 45 4 152.50 157.50 46 1 0 5.00 0.00 0.50
15.00 46 46 45 4 152.50 157.50 46 0 0 5.00 0.00 0.50
14.00 46 46 45 4 152.50 157.50 46 0 0 5.00 0.00 0.50
13.00 45 46 45 4 152.50 157.50 46 1 0 5.00 0.00 0.50
15.00 45 46 45 4 152.50 157.50 46 1 0 5.00 0.00 0.50
14.00 46 46 45 4 152.50 157.50 46 0 0 5.00 0.00 0.50
14.00 45 46 45 4 152.50 157.50 46 1 0 5.00 0.00 0.50
14.00 45 46 45 4 152.50 157.50 46 1 0 5.00 0.00 0.50
14.00 46 46 45 4 152.50 157.50 46 0 0 5.00 0.00 0.50
14.00 45 46 45 4 152.50 157.50 46 1 0 5.00 0.00 0.50
14.00 46 46 45 4 152.50 157.50 46 0 0 5.00 0.00 0.50
14.00 46 46 45 4 152.50 157.50 46 0 0 5.00 0.00 0.50
14.00 46 46 45 4 152.50 157.50 46 0 0 5.00 0.00 0.50
15.00 46 47 45 4 133.33 176.67 47 1 0 5.00 0.00 0.50
13.00 46 46 45 4 171.73 138.27 46 0 0 5.00 0.00 0.50
14.00 46 47 45 4 132.14 177.86 47 1 0 5.00 0.00 0.50
15.00 46 46 45 4 169.17 140.83 46 0 0 5.00 0.00 0.50
13.00 46 46 45 4 152.50 157.50 46 0 0 5.00 0.00 0.50
14.00 46 46 45 4 152.50 157.50 46 0 0 5.00 0.00 0.50
15.00 46 46 45 4 152.50 157.50 46 0 0 5.00 0.00 0.50
14.00 46 46 45 4 152.50 157.50 46 0 0 5.00 0.00 0.50
13.00 46 46 45 4 152.50 157.50 46 0 0 5.00 0.00 0.50
15.00 46 46 45 4 152.50 157.50 46 0 0 5.00 0.00 0.50
14.00 46 46 45 4 152.50 157.50 46 0 0 5.00 0.00 0.50
13.00 46 47 45 4 130.77 179.23 47 1 0 5.00 0.00 0.50
15.00 47 47 45 4 150.00 160.00 47 0 0 5.00 0.00 0.50
14.00 46 47 45 4 150.00 160.00 47 1 0 5.00 0.00 0.50
14.00 46 47 45 4 150.00 160.00 47 1 0 5.00 0.00 0.50
14.00 46 47 45 4 150.00 160.00 47 1 0 5.00 0.00 0.50
14.00 46 47 45 4 150.00 160.00 47 1 0 5.00 0.00 0.50
14.00 46 47 45 4 150.00 160.00 47 1 0 5.00 0.00 0.50
14.00 46 47 45 4 150.00 160.00 47 1 0 5.00 0.00 0.50
14.00 46 47 45 4 150.00 160.00 47 1 0 5.00 0.00 0.50
14.00 46 47 45 4 150.00 160.00 47 1 0 5.00 0.00 0.50
14.00 46 46 45 4 170.36 139.64 46 0 0 5.00 0.00 0.50
14.00 46 46 45 4 152.50 157.50 46 0 0 5.00 0.00 0.50
14.00 46 47 45 4 132.14 177.86 47 1 0 5.00 0.00 0.50
15.00 46 46 45 4 169.17 140.83 46 0 0 5.00 0.00 0.50
13.00 46 46 45 4 152.50 157.50 46 0 0 5.00 0.00 0.50
14.00 46 46 45 4 152.50 157.50 46 0 0 5.00 0.00 0.50
15.00 47 47 45 4 133.33 176.67 47 0 0 5.00 0.00 0.50
13.00 46 47 45 4 150.00 160.00 47 1 0 5.00 0.00 0.50
14.00 46 46 45 4 170.36 139.64 46 0 0 5.00 0.00 0.50
15.00 46 46 45 4 152.50 157.50 46 0 0 5.00 0.00 0.50
14.00 46 47 45 4 132.14 177.86 47 1 0 5.00 0.00 0.50
13.00 46 46 45 4 171.73 138.27 46 0 0 5.00 0.00 0.50
15.00 46 47 45 4 133.33 176.67 47 1 0 5.00 0.00 0.50
14.00 46 46 45 4 170.36 139.64 46 0 0 5.00 0.00 0.50
13.00 47 46 45 4 152.50 157.50 46 -1 0 5.00 0.00 0.50
15.00 46 46 45 4 152.50 157.50 46 0 0 5.00 0.00 0.50
14.00 45 46 45 4 152.50 157.50 46 1 0 5.00 0.00 0.50
14.00 46 46 45 4 152.50 157.50 46 0 0 5.00 0.00 0.50
15.00 45 46 45 4 152.50 157.50 46 1 0 5.00 0.00 0.50
13.00 46 47 45 4 130.77 179.23 47 1 0 5.00 0.00 0.50
14.00 46 47 45 4 150.00 160.00 47 1 0 5.00 0.00 0.50
15.00 46 46 45 4 169.17 140.83 46 0 0 5.00 0.00 0.50
13.00 46 46 45 4 152.50 157.50 46 0 0 5.00 0.00 0.50
14.00 46 46 45 4 152.50 157.50 46 0 0 5.00 0.00 0.50
15.00 46 46 45 4 152.50 157.50 46 0 0 5.00 0.00 0.50
14.00 46 46 45 4 152.50 157.50 46 0 0 5.00 0.00 0.50
13.00 46 46 45 4 152.50 157.50 46 0 0 5.00 0.00 0.50
15.00 46 46 45 4 152.50 157.50 46 0 0 5.00 0.00 0.50
14.00 46 46 45 4 152.50 157.50 46 0 0 5.00 0.00 0.50
13.00 46 46 45 4 152.50 157.50 46 0 0 5.00 0.00 0.50
15.00 46 46 45 4 152.50 157.50 46 0 0 5.00 0.00 0.50
14.00 46 46 45 4 152.50 157.50 46 0 0 5.00 0.00 0.50
14.00 46 46 45 4 152.50 157.50 46 0 0 5.00 0.00 0.50
14.00 46 46 45 4 152.50 157.50 46 0 0 5.00 0.00 0.50
14.00 46 46 45 4 152.50 157.50 46 0 0 5.00 0.00 0.50
14.00 46 46 45 4 152.50 157.50 46 0 0 5.00 0.00 0.50
14.00 46 46 45 4 152.50 157.50 46 0 0 5.00 0.00 0.50
14.00 46 46 45 4 152.50 157.50 46 0 0 5.00 0.00 0.50
14.00 46 46 45 4 152.50 157.50 46 0 0 5.00 0.00 0.50
14.00 46 46 45 4 152.50 157.50 46 0 0 5.00 0.00 0.50
14.00 46 46 45 4 152.50 157.50 46 0 0 5.00 0.00 0.50
14.00 46 46 45 4 152.50 157.50 46 0 0 5.00 0.00 0.50
15.00 46 46 45 4 152.50 157.50 46 0 0 5.00 0.00 0.50
13.00 46 46 45 4 152.50 157.50 46 0 0 5.00 0.00 0.50
14.00 46 46 45 4 152.50 157.50 46 0 0 5.00 0.00 0.50
14.00 46 46 45 4 152.50 157.50 46 0 0 5.00 0.00 0.50
14.00 46 46 45 4 152.50 157.50 46 0 0 5.00 0.00 0.50
14.00 46 46 45 4 152.50 157.50 46 0 0 5.00 0.00 0.50
14.00 45 46 45 4 152.50 157.50 46 1 0 5.00 0.00 0.50
15.00 46 46 45 4 152.50 157.50 46 0 0 5.00 0.00 0.50
13.00 46 46 45 4 152.50 157.50 46 0 0 5.00 0.00 0.50
14.00 46 46 45 4 152.50 157.50 46 0 0 5.00 0.00 0.50
15.00 46 45 45 4 171.67 138.33 45 -1 0 5.00 0.00 0.50
14.00 46 45 45 4 155.00 155.00 45 -1 0 5.00 0.00 0.50
14.00 45 45 45 4 155.00 155.00 45 0 0 5.00 0.00 0.50
14.00 46 45 45 4 155.00 155.00 45 -1 0 5.00 0.00 0.50
14.00 46 46 45 4 134.64 175.36 46 0 0 5.00 0.00 0.50
14.00 46 46 45 4 152.50 157.50 46 0 0 5.00 0.00 0.50
15.00 45 45 45 4 171.67 138.33 45 0 0 5.00 0.00 0.50
13.00 45 45 45 4 155.00 155.00 45 0 0 5.00 0.00 0.50
14.00 46 46 45 4 134.64 175.36 46 0 0 5.00 0.00 0.50
15.00 46 46 45 4 152.50 157.50 46 0 0 5.00 0.00 0.50
14.00 46 45 45 4 172.86 137.14 45 -1 0 5.00 0.00 0.50
14.00 46 45 45 4 155.00 155.00 45 -1 0 5.00 0.00 0.50
15.00 45 45 45 4 155.00 155.00 45 0 0 5.00 0.00 0.50
13.00 46 46 45 4 133.27 176.73 46 0 0 5.00 0.00 0.50
14.00 46 46 45 4 152.50 157.50 46 0 0 5.00 0.00 0.50
15.00 45 45 45 4 171.67 138.33 45 0 0 5.00 0.00 0.50
13.00 45 45 45 4 155.00 155.00 45 0 0 5.00 0.00 0.50
14.00 46 45 45 4 155.00 155.00 45 -1 0 5.00 0.00 0.50
15.00 46 45 45 4 155.00 155.00 45 -1 0 5.00 0.00 0.50
14.00 45 45 45 4 155.00 155.00 45 0 0 5.00 0.00 0.50
14.00 45 46 45 4 134.64 175.36 46 1 0 5.00 0.00 0.50
14.00 45 45 45 4 172.86 137.14 45 0 0 5.00 0.00 0.50
14.00 45 45 45 4 155.00 155.00 45 0 0 5.00 0.00 0.50
14.00 45 46 45 4 134.64 175.36 46 1 0 5.00 0.00 0.50
15.00 46 46 45 4 152.50 157.50 46 0 0 5.00 0.00 0.50
13.00 45 46 45 4 152.50 157.50 46 1 0 5.00 0.00 0.50
14.00 46 45 45 4 172.86 137.14 45 -1 0 5.00 0.00 0.50
15.00 45 46 45 4 135.83 174.17 46 1 0 5.00 0.00 0.50
14.00 45 45 45 4 172.86 137.14 45 0 0 5.00 0.00 0.50
13.00 45 46 45 4 133.27 176.73 46 1 0 5.00 0.00 0.50
15.00 45 45 45 4 171.67 138.33 45 0 0 5.00 0.00 0.50
14.00 46 46 45 4 134.64 175.36 46 0 0 5.00 0.00 0.50
14.00 45 46 45 4 152.50 157.50 46 1 0 5.00 0.00 0.50
14.00 46 46 45 4 152.50 157.50 46 0 0 5.00 0.00 0.50
14.00 45 46 45 4 152.50 157.50 46 1 0 5.00 0.00 0.50
14.00 45 46 45 4 152.50 157.50 46 1 0 5.00 0.00 0.50
14.00 45 46 45 4 152.50 157.50 46 1 0 5.00 0.00 0.50
14.00 45 45 45 4 172.86 137.14 45 0 0 5.00 0.00 0.50
14.00 45 45 45 4 155.00 155.00 45 0 0 5.00 0.00 0.50
14.00 46 45 45 4 155.00 155.00 45 -1 0 5.00 0.00 0.50
14.00 45 45 45 4 155.00 155.00 45 0 0 5.00 0.00 0.50
14.00 46 46 45 4 134.64 175.36 46 0 0 5.00 0.00 0.50
15.00 45 45 45 4 171.67 138.33 45 0 0 5.00 0.00 0.50
14.00 45 45 45 4 155.00 155.00 45 0 0 5.00 0.00 0.50
13.00 46 45 45 4 155.00 155.00 45 -1 0 5.00 0.00 0.50
15.00 46 45 45 4 155.00 155.00 45 -1 0 5.00 0.00 0.50
14.00 46 45 45 4 155.00 155.00 45 -1 0 5.00 0.00 0.50
14.00 46 45 45 4 155.00 155.00 45 -1 0 5.00 0.00 0.50
15.00 46 46 45 4 135.83 174.17 46 0 0 5.00 0.00 0.50
14.00 45 46 45 4 152.50 157.50 46 1 0 5.00 0.00 0.50
14.00 45 45 45 4 172.86 137.14 45 0 0 5.00 0.00 0.50
14.00 46 45 45 4 155.00 155.00 45 -1 0 5.00 0.00 0.50
14.00 46 45 45 4 155.00 155.00 45 -1 0 5.00 0.00 0.50
14.00 46 46 45 4 134.64 175.36 46 0 0 5.00 0.00 0.50
15.00 45 45 45 4 171.67 138.33 45 0 0 5.00 0.00 0.50
14.00 46 45 45 4 155.00 155.00 45 -1 0 5.00 0.00 0.50
14.00 45 45 45 4 155.00 155.00 45 0 0 5.00 0.00 0.50
14.00 46 45 45 4 155.00 155.00 45 -1 0 5.00 0.00 0.50
14.00 45 45 45 4 155.00 155.00 45 0 0 5.00 0.00 0.50
14.00 46 45 45 4 155.00 155.00 45 -1 0 5.00 0.00 0.50
15.00 45 46 45 4 135.83 174.17 46 1 0 5.00 0.00 0.50
14.00 45 45 45 4 172.86 137.14 45 0 0 5.00 0.00 0.50
13.00 44 45 45 4 155.00 155.00 45 1 0 5.00 0.00 0.50
15.00 45 45 45 4 155.00 155.00 45 0 0 5.00 0.00 0.50
14.00 44 45 45 4 155.00 155.00 45 1 0 5.00 0.00 0.50
14.00 44 45 45 4 155.00 155.00 45 1 0 5.00 0.00 0.50
14.00 44 45 45 4 155.00 155.00 45 1 0 5.00 0.00 0.50
14.00 43 45 45 4 155.00 155.00 45 2 0 5.00 0.00 0.50
14.00 43 45 45 4 155.00 155.00 45 2 0 5.00 0.00 0.50
14.00 44 45 45 4 155.00 155.00 45 1 0 5.00 0.00 0.50
14.00 44 46 45 4 134.64 175.36 46 2 0 5.00 0.00 0.50
14.00 44 45 45 4 172.86 137.14 45 1 0 5.00 0.00 0.50
14.00 44 45 45 4 155.00 155.00 45 1 0 5.00 0.00 0.50
14.00 44 46 45 4 134.64 175.36 46 2 0 5.00 0.00 0.50
14.00 44 45 45 4 172.86 137.14 45 1 0 5.00 0.00 0.50
15.00 44 46 45 4 135.83 174.17 46 2 0 5.00 0.00 0.50
13.00 44 46 45 4 152.50 157.50 46 2 0 5.00 0.00 0.50
14.00 44 46 45 4 152.50 157.50 46 2 0 5.00 0.00 0.50
15.00 44 45 45 4 171.67 138.33 45 1 0 5.00 0.00 0.50
13.00 43 45 45 4 155.00 155.00 45 2 0 5.00 0.00 0.50
14.00 44 45 45 4 155.00 155.00 45 1 0 5.00 0.00 0.50
15.00 44 45 45 4 155.00 155.00 45 1 0 5.00 0.00 0.50
14.00 44 45 45 4 155.00 155.00 45 1 0 5.00 0.00 0.50
13.00 43 45 45 4 155.00 155.00 45 2 0 5.00 0.00 0.50
15.00 42 45 45 4 155.00 155.00 45 3 0 5.00 0.00 0.50
14.00 43 46 45 4 134.64 175.36 46 3 0 5.00 0.00 0.50
13.00 43 45 45 4 174.23 135.77 45 2 0 5.00 0.00 0.50
15.00 43 45 45 4 155.00 155.00 45 2 0 5.00 0.00 0.50
14.00 44 45 45 4 155.00 155.00 45 1 0 5.00 0.00 0.50
14.00 43 45 45 4 155.00 155.00 45 2 0 5.00 0.00 0.50
14.00 43 45 45 4 155.00 155.00 45 2 0 5.00 0.00 0.50
14.00 43 46 45 4 134.64 175.36 46 3 0 5.00 0.00 0.50
14.00 43 45 45 4 172.86 137.14 45 2 0 5.00 0.00 0.50
13.00 44 45 45 4 155.00 155.00 45 1 0 5.00 0.00 0.50
15.00 44 45 45 4 155.00 155.00 45 1 0 5.00 0.00 0.50
14.00 44 45 45 4 155.00 155.00 45 1 0 5.00 0.00 0.50
15.00 43 45 45 4 155.00 155.00 45 2 0 5.00 0.00 0.50
13.00 43 45 45 4 155.00 155.00 45 2 0 5.00 0.00 0.50
14.00 44 45 45 4 155.00 155.00 45 1 0 5.00 0.00 0.50
14.00 43 45 45 4 155.00 155.00 45 2 0 5.00 0.00 0.50
14.00 44 45 45 4 155.00 155.00 45 1 0 5.00 0.00 0.50
14.00 44 45 45 4 155.00 155.00 45 1 0 5.00 0.00 0.50
14.00 43 45 45 4 155.00 155.00 45 2 0 5.00 0.00 0.50
15.00 43 45 45 4 155.00 155.00 45 2 0 5.00 0.00 0.50
13.00 43 45 45 4 155.00 155.00 45 2 0 5.00 0.00 0.50
14.00 44 45 45 4 155.00 155.00 45 1 0 5.00 0.00 0.50
15.00 43 45 45 4 155.00 155.00 45 2 0 5.00 0.00 0.50
13.00 44 45 45 4 155.00 155.00 45 1 0 5.00 0.00 0.50
14.00 44 45 45 4 155.00 155.00 45 1 0 5.00 0.00 0.50
15.00 44 45 45 4 155.00 155.00 45 1 0 5.00 0.00 0.50
13.00 43 45 30 4 -255.00 255.00 45 2 0 5.00 0.00 0.50
14.00 44 45 30 4 117.50 192.50 45 1 0 5.00 0.00 0.50
15.00 43 44 30 4 136.67 173.33 44 1 0 5.00 0.00 0.50
14.00 43 44 30 4 120.00 190.00 44 1 0 5.00 0.00 0.50
14.00 44 44 30 4 120.00 190.00 44 0 0 5.00 0.00 0.50
14.00 44 44 30 4 120.00 190.00 44 0 0 5.00 0.00 0.50
14.00 45 44 30 4 120.00 190.00 44 -1 0 5.00 0.00 0.50
14.00 45 44 30 4 120.00 190.00 44 -1 0 5.00 0.00 0.50
15.00 45 43 30 4 139.17 170.83 43 -2 0 5.00 0.00 0.50
14.00 45 43 30 4 122.50 187.50 43 -2 0 5.00 0.00 0.50
14.00 45 44 30 4 -107.86 207.86 44 -1 0 5.00 0.00 0.50
15.00 45 43 30 4 139.17 170.83 43 -2 0 5.00 0.00 0.50
14.00 45 44 30 4 -107.86 207.86 44 -1 0 5.00 0.00 0.50
14.00 44 43 30 4 140.36 169.64 43 -1 0 5.00 0.00 0.50
15.00 44 43 30 4 122.50 187.50 43 -1 0 5.00 0.00 0.50
14.00 45 43 30 4 122.50 187.50 43 -2 0 5.00 0.00 0.50
14.00 45 42 30 4 142.86 167.14 42 -3 0 5.00 0.00 0.50
15.00 45 42 30 4 125.00 185.00 42 -3 0 5.00 0.00 0.50
14.00 45 42 30 4 125.00 185.00 42 -3 0 5.00 0.00 0.50
14.00 44 42 30 4 125.00 185.00 42 -2 0 5.00 0.00 0.50
15.00 44 41 30 4 144.17 165.83 41 -3 0 5.00 0.00 0.50
14.00 45 41 30 4 127.50 182.50 41 -4 0 5.00 0.00 0.50
14.00 44 41 30 4 127.50 182.50 41 -3 0 5.00 0.00 0.50
15.00 45 41 30 4 127.50 182.50 41 -4 0 5.00 0.00 0.50
14.00 45 41 30 4 127.50 182.50 41 -4 0 5.00 0.00 0.50
14.00 45 40 30 4 147.86 162.14 40 -5 0 5.00 0.00 0.50
15.00 44 40 30 4 130.00 180.00 40 -4 0 5.00 0.00 0.50
14.00 45 40 30 4 130.00 180.00 40 -5 0 5.00 0.00 0.50
14.00 45 40 30 4 130.00 180.00 40 -5 0 5.00 0.00 0.50
15.00 44 40 30 4 130.00 180.00 40 -4 0 5.00 0.00 0.50
14.00 44 40 30 4 130.00 180.00 40 -4 0 5.00 0.00 0.50
14.00 44 39 30 4 150.36 159.64 39 -5 0 5.00 0.00 0.50
15.00 43 39 30 4 132.50 177.50 39 -4 0 5.00 0.00 0.50
14.00 44 40 30 4 112.14 197.86 40 -4 0 5.00 0.00 0.50
14.00 44 39 30 4 150.36 159.64 39 -5 0 5.00 0.00 0.50
15.00 43 39 30 4 132.50 177.50 39 -4 0 5.00 0.00 0.50
13.00 43 39 30 4 132.50 177.50 39 -4 0 5.00 0.00 0.50
14.00 44 38 30 4 152.86 157.14 38 -6 0 5.00 0.00 0.50
15.00 43 38 30 4 135.00 175.00 38 -5 0 5.00 0.00 0.50
14.00 42 38 30 4 135.00 175.00 38 -4 0 5.00 0.00 0.50
14.00 43 38 30 4 135.00 175.00 38 -5 0 5.00 0.00 0.50
15.00 42 38 30 4 135.00 175.00 38 -4 0 5.00 0.00 0.50
14.00 42 38 30 4 135.00 175.00 38 -4 0 5.00 0.00 0.50
14.00 42 38 30 4 135.00 175.00 38 -4 0 5.00 0.00 0.50
15.00 42 37 30 4 154.17 155.83 37 -5 0 5.00 0.00 0.50
14.00 41 38 30 4 117.14 192.86 38 -3 0 5.00 0.00 0.50
14.00 41 37 30 4 155.36 154.64 37 -4 0 5.00 0.00 0.50
15.00 41 37 30 4 137.50 172.50 37 -4 0 5.00 0.00 0.50
14.00 42 37 30 4 137.50 172.50 37 -5 0 5.00 0.00 0.50
15.00 41 37 30 4 137.50 172.50 37 -4 0 5.00 0.00 0.50
14.00 40 36 30 4 157.86 152.14 36 -4 0 5.00 0.00 0.50
14.00 40 37 30 4 119.64 190.36 37 -3 0 5.00 0.00 0.50
15.00 40 36 30 4 156.67 153.33 36 -4 0 5.00 0.00 0.50
14.00 40 36 30 4 140.00 170.00 36 -4 0 5.00 0.00 0.50
14.00 40 37 30 4 119.64 190.36 37 -3 0 5.00 0.00 0.50
15.00 39 36 30 4 156.67 153.33 36 -3 0 5.00 0.00 0.50
14.00 40 36 30 4 140.00 170.00 36 -4 0 5.00 0.00 0.50
14.00 39 36 30 4 140.00 170.00 36 -3 0 5.00 0.00 0.50
15.00 40 35 30 4 159.17 150.83 35 -5 0 5.00 0.00 0.50
14.00 39 35 30 4 142.50 167.50 35 -4 0 5.00 0.00 0.50
14.00 39 35 30 4 142.50 167.50 35 -4 0 5.00 0.00 0.50
15.00 39 35 30 4 142.50 167.50 35 -4 0 5.00 0.00 0.50
14.00 38 34 30 4 162.86 147.14 34 -4 0 5.00 0.00 0.50
14.00 38 34 30 4 145.00 165.00 34 -4 0 5.00 0.00 0.50
14.00 38 34 30 4 145.00 165.00 34 -4 0 5.00 0.00 0.50
14.00 38 33 30 4 165.36 144.64 33 -5 0 5.00 0.00 0.50
14.00 37 33 30 4 147.50 162.50 33 -4 0 5.00 0.00 0.50
15.00 37 34 30 4 128.33 181.67 34 -3 0 5.00 0.00 0.50
14.00 37 32 30 4 185.71 124.29 32 -5 0 5.00 0.00 0.50
14.00 37 32 30 4 150.00 160.00 32 -5 0 5.00 0.00 0.50
15.00 37 32 30 4 150.00 160.00 32 -5 0 5.00 0.00 0.50
14.00 37 32 30 4 150.00 160.00 32 -5 0 5.00 0.00 0.50
14.00 36 31 30 4 170.36 139.64 31 -5 0 5.00 0.00 0.50
15.00 36 31 30 4 152.50 157.50 31 -5 0 5.00 0.00 0.50
14.00 36 31 30 4 152.50 157.50 31 -5 0 5.00 0.00 0.50
14.00 36 31 30 4 152.50 157.50 31 -5 0 5.00 0.00 0.50
15.00 35 31 30 4 152.50 157.50 31 -4 0 5.00 0.00 0.50
14.00 36 30 30 4 172.86 137.14 30 -6 0 5.00 0.00 0.50
14.00 36 30 30 4 155.00 155.00 30 -6 0 5.00 0.00 0.50
15.00 35 30 30 4 155.00 155.00 30 -5 0 5.00 0.00 0.50
14.00 35 30 30 4 155.00 155.00 30 -5 0 5.00 0.00 0.50
14.00 35 30 30 4 155.00 155.00 30 -5 0 5.00 0.00 0.50
15.00 36 29 30 4 174.17 135.83 29 -7 0 5.00 0.00 0.50
14.00 36 29 30 4 157.50 152.50 29 -7 0 5.00 0.00 0.50
14.00 35 29 30 4 157.50 152.50 29 -6 0 5.00 0.00 0.50
15.00 34 29 30 4 157.50 152.50 29 -5 0 5.00 0.00 0.50
14.00 34 29 30 4 157.50 152.50 29 -5 0 5.00 0.00 0.50
14.00 34 28 30 4 177.86 132.14 28 -6 0 5.00 0.00 0.50
15.00 34 28 30 4 160.00 150.00 28 -6 0 5.00 0.00 0.50
14.00 34 28 30 4 160.00 150.00 28 -6 0 5.00 0.00 0.50
14.00 34 28 30 4 160.00 150.00 28 -6 0 5.00 0.00 0.50
15.00 34 28 30 4 160.00 150.00 28 -6 0 5.00 0.00 0.50
13.00 33 27 30 4 181.73 128.27 27 -6 0 5.00 0.00 0.50
14.00 34 27 30 4 162.50 147.50 27 -7 0 5.00 0.00 0.50
15.00 33 27 30 4 162.50 147.50 27 -6 0 5.00 0.00 0.50
14.00 32 27 30 4 162.50 147.50 27 -5 0 5.00 0.00 0.50
14.00 32 27 30 4 162.50 147.50 27 -5 0 5.00 0.00 0.50
15.00 32 26 30 4 181.67 128.33 26 -6 0 5.00 0.00 0.50
14.00 31 26 30 4 165.00 145.00 26 -5 0 5.00 0.00 0.50
14.00 31 26 30 4 165.00 145.00 26 -5 0 5.00 0.00 0.50
15.00 31 26 30 4 165.00 145.00 26 -5 0 5.00 0.00 0.50
14.00 30 25 30 4 185.36 124.64 25 -5 0 5.00 0.00 0.50
14.00 30 25 30 4 167.50 142.50 25 -5 0 5.00 0.00 0.50
15.00 30 25 30 4 167.50 142.50 25 -5 0 5.00 0.00 0.50
14.00 30 25 30 4 167.50 142.50 25 -5 0 5.00 0.00 0.50
14.00 30 24 30 4 187.86 122.14 24 -6 0 5.00 0.00 0.50
15.00 29 24 30 4 170.00 140.00 24 -5 0 5.00 0.00 0.50
14.00 29 24 30 4 170.00 140.00 24 -5 0 5.00 0.00 0.50
14.00 28 23 30 4 190.36 119.64 23 -5 0 5.00 0.00 0.50
15.00 29 23 30 4 172.50 137.50 23 -6 0 5.00 0.00 0.50
14.00 28 23 30 4 172.50 137.50 23 -5 0 5.00 0.00 0.50
14.00 28 23 30 4 172.50 137.50 23 -5 0 5.00 0.00 0.50
15.00 27 23 30 4 172.50 137.50 23 -4 0 5.00 0.00 0.50
14.00 27 23 30 4 172.50 137.50 23 -4 0 5.00 0.00 0.50
14.00 27 23 30 4 172.50 137.50 23 -4 0 5.00 0.00 0.50
15.00 27 22 30 4 191.67 118.33 22 -5 0 5.00 0.00 0.50
14.00 27 22 30 4 175.00 135.00 22 -5 0 5.00 0.00 0.50
14.00 26 22 30 4 175.00 135.00 22 -4 0 5.00 0.00 0.50
15.00 26 22 30 4 175.00 135.00 22 -4 0 5.00 0.00 0.50
14.00 27 22 30 4 175.00 135.00 22 -5 0 5.00 0.00 0.50
14.00 27 21 30 4 195.36 114.64 21 -6 0 5.00 0.00 0.50
14.00 26 22 30 4 157.14 152.86 22 -4 0 5.00 0.00 0.50
14.00 26 21 30 4 195.36 114.64 21 -5 0 5.00 0.00 0.50
14.00 26 21 30 4 177.50 132.50 21 -5 0 5.00 0.00 0.50
15.00 25 20 30 4 196.67 113.33 20 -5 0 5.00 0.00 0.50
14.00 25 21 30 4 159.64 150.36 21 -4 0 5.00 0.00 0.50
14.00 25 20 30 4 197.86 112.14 20 -5 0 5.00 0.00 0.50
15.00 25 20 30 4 180.00 130.00 20 -5 0 5.00 0.00 0.50
14.00 24 20 30 4 180.00 130.00 20 -4 0 5.00 0.00 0.50
14.00 24 20 30 4 180.00 130.00 20 -4 0 5.00 0.00 0.50
15.00 23 19 30 4 199.17 110.83 19 -4 0 5.00 0.00 0.50
14.00 23 19 30 4 182.50 127.50 19 -4 0 5.00 0.00 0.50
14.00 23 19 30 4 182.50 127.50 19 -4 0 5.00 0.00 0.50
15.00 23 19 30 4 182.50 127.50 19 -4 0 5.00 0.00 0.50
14.00 23 19 30 4 182.50 127.50 19 -4 0 5.00 0.00 0.50
14.00 23 19 30 4 182.50 127.50 19 -4 0 5.00 0.00 0.50
15.00 22 18 30 4 201.67 108.33 18 -4 0 5.00 0.00 0.50
14.00 22 19 30 4 164.64 145.36 19 -3 0 5.00 0.00 0.50
14.00 22 18 30 4 202.86 107.14 18 -4 0 5.00 0.00 0.50
15.00 21 18 30 4 185.00 125.00 18 -3 0 5.00 0.00 0.50
14.00 22 18 30 4 185.00 125.00 18 -4 0 5.00 0.00 0.50
14.00 21 18 30 4 185.00 125.00 18 -3 0 5.00 0.00 0.50
15.00 21 18 30 4 185.00 125.00 18 -3 0 5.00 0.00 0.50
14.00 21 18 30 4 185.00 125.00 18 -3 0 5.00 0.00 0.50
14.00 21 18 30 4 185.00 125.00 18 -3 0 5.00 0.00 0.50
15.00 21 17 30 4 204.17 105.83 17 -4 0 5.00 0.00 0.50
14.00 21 17 30 4 187.50 122.50 17 -4 0 5.00 0.00 0.50
14.00 21 18 30 4 167.14 142.86 18 -3 0 5.00 0.00 0.50
15.00 20 18 30 4 185.00 125.00 18 -2 0 5.00 0.00 0.50
13.00 20 17 30 4 206.73 -106.73 17 -3 0 5.00 0.00 0.50
15.00 20 17 30 4 187.50 122.50 17 -3 0 5.00 0.00 0.50
15.00 19 17 30 4 187.50 122.50 17 -2 0 5.00 0.00 0.50
14.00 19 17 30 4 187.50 122.50 17 -2 0 5.00 0.00 0.50
14.00 19 17 30 4 187.50 122.50 17 -2 0 5.00 0.00 0.50
15.00 20 17 30 4 187.50 122.50 17 -3 0 5.00 0.00 0.50
14.00 19 17 30 4 187.50 122.50 17 -2 0 5.00 0.00 0.50
14.00 19 17 30 4 187.50 122.50 17 -2 0 5.00 0.00 0.50
14.00 18 17 30 4 187.50 122.50 17 -1 0 5.00 0.00 0.50
14.00 18 17 30 4 187.50 122.50 17 -1 0 5.00 0.00 0.50
14.00 18 17 30 4 187.50 122.50 17 -1 0 5.00 0.00 0.50
15.00 18 17 30 4 187.50 122.50 17 -1 0 5.00 0.00 0.50
14.00 18 17 30 4 187.50 122.50 17 -1 0 5.00 0.00 0.50
14.00 18 17 30 4 187.50 122.50 17 -1 0 5.00 0.00 0.50
15.00 18 17 30 4 187.50 122.50 17 -1 0 5.00 0.00 0.50
14.00 18 17 30 4 187.50 122.50 17 -1 0 5.00 0.00 0.50
14.00 18 17 30 4 187.50 122.50 17 -1 0 5.00 0.00 0.50
15.00 18 17 30 4 187.50 122.50 17 -1 0 5.00 0.00 0.50
14.00 18 17 30 4 187.50 122.50 17 -1 0 5.00 0.00 0.50
14.00 18 17 30 4 187.50 122.50 17 -1 0 5.00 0.00 0.50
15.00 17 18 30 4 168.33 141.67 18 1 0 5.00 0.00 0.50
14.00 18 17 30 4 205.36 -105.36 17 -1 0 5.00 0.00 0.50
14.00 18 17 30 4 187.50 122.50 17 -1 0 5.00 0.00 0.50
15.00 18 18 30 4 168.33 141.67 18 0 0 5.00 0.00 0.50
14.00 18 17 30 4 205.36 -105.36 17 -1 0 5.00 0.00 0.50
14.00 18 18 30 4 167.14 142.86 18 0 0 5.00 0.00 0.50
15.00 18 18 30 4 185.00 125.00 18 0 0 5.00 0.00 0.50
13.00 17 18 30 4 185.00 125.00 18 1 0 5.00 0.00 0.50
14.00 17 18 30 4 185.00 125.00 18 1 0 5.00 0.00 0.50
15.00 17 18 30 4 185.00 125.00 18 1 0 5.00 0.00 0.50
13.00 18 18 30 4 185.00 125.00 18 0 0 5.00 0.00 0.50
14.00 18 18 30 4 185.00 125.00 18 0 0 5.00 0.00 0.50
15.00 17 19 30 4 165.83 144.17 19 2 0 5.00 0.00 0.50
14.00 17 19 30 4 182.50 127.50 19 2 0 5.00 0.00 0.50
13.00 18 19 30 4 182.50 127.50 19 1 0 5.00 0.00 0.50
15.00 17 19 30 4 182.50 127.50 19 2 0 5.00 0.00 0.50
14.00 18 19 30 4 182.50 127.50 19 1 0 5.00 0.00 0.50
13.00 18 20 30 4 160.77 149.23 20 2 0 5.00 0.00 0.50
15.00 18 20 30 4 180.00 130.00 20 2 0 5.00 0.00 0.50
14.00 18 20 30 4 180.00 130.00 20 2 0 5.00 0.00 0.50
14.00 18 20 30 4 180.00 130.00 20 2 0 5.00 0.00 0.50
14.00 18 20 30 4 180.00 130.00 20 2 0 5.00 0.00 0.50
14.00 18 20 30 4 180.00 130.00 20 2 0 5.00 0.00 0.50
14.00 18 21 30 4 159.64 150.36 21 3 0 5.00 0.00 0.50
14.00 18 20 30 4 197.86 112.14 20 2 0 5.00 0.00 0.50
14.00 18 21 30 4 159.64 150.36 21 3 0 5.00 0.00 0.50
14.00 19 21 30 4 177.50 132.50 21 2 0 5.00 0.00 0.50
15.00 18 21 30 4 177.50 132.50 21 3 0 5.00 0.00 0.50
13.00 18 22 30 4 155.77 154.23 22 4 0 5.00 0.00 0.50
14.00 18 21 30 4 195.36 114.64 21 3 0 5.00 0.00 0.50
15.00 18 22 30 4 158.33 151.67 22 4 0 5.00 0.00 0.50
13.00 19 22 30 4 175.00 135.00 22 3 0 5.00 0.00 0.50
14.00 19 22 30 4 175.00 135.00 22 3 0 5.00 0.00 0.50
15.00 19 22 30 4 175.00 135.00 22 3 0 5.00 0.00 0.50
13.00 19 22 30 4 175.00 135.00 22 3 0 5.00 0.00 0.50
14.00 19 23 30 4 154.64 155.36 23 4 0 5.00 0.00 0.50
15.00 19 23 30 4 172.50 137.50 23 4 0 5.00 0.00 0.50
14.00 19 23 30 4 172.50 137.50 23 4 0 5.00 0.00 0.50
13.00 19 24 30 4 150.77 159.23 24 5 0 5.00 0.00 0.50
15.00 20 24 30 4 170.00 140.00 24 4 0 5.00 0.00 0.50
14.00 19 24 30 4 170.00 140.00 24 5 0 5.00 0.00 0.50
13.00 20 24 30 4 170.00 140.00 24 4 0 5.00 0.00 0.50
15.00 20 24 30 4 170.00 140.00 24 4 0 5.00 0.00 0.50
14.00 20 24 30 4 170.00 140.00 24 4 0 5.00 0.00 0.50
14.00 20 24 30 4 170.00 140.00 24 4 0 5.00 0.00 0.50
14.00 20 24 30 4 170.00 140.00 24 4 0 5.00 0.00 0.50
14.00 20 25 30 4 149.64 160.36 25 5 0 5.00 0.00 0.50
14.00 21 25 30 4 167.50 142.50 25 4 0 5.00 0.00 0.50
14.00 22 25 30 4 167.50 142.50 25 3 0 5.00 0.00 0.50
14.00 21 25 30 4 167.50 142.50 25 4 0 5.00 0.00 0.50
14.00 21 25 30 4 167.50 142.50 25 4 0 5.00 0.00 0.50
15.00 22 25 30 4 167.50 142.50 25 3 0 5.00 0.00 0.50
13.00 21 26 30 4 145.77 164.23 26 5 0 5.00 0.00 0.50
14.00 22 26 30 4 165.00 145.00 26 4 0 5.00 0.00 0.50
15.00 22 26 30 4 165.00 145.00 26 4 0 5.00 0.00 0.50
13.00 22 26 30 4 165.00 145.00 26 4 0 5.00 0.00 0.50
14.00 23 27 30 4 144.64 165.36 27 4 0 5.00 0.00 0.50
15.00 22 27 30 4 162.50 147.50 27 5 0 5.00 0.00 0.50
14.00 22 27 30 4 162.50 147.50 27 5 0 5.00 0.00 0.50
13.00 23 28 30 4 140.77 169.23 28 5 0 5.00 0.00 0.50
15.00 22 29 30 4 140.83 169.17 29 7 0 5.00 0.00 0.50
14.00 22 27 30 4 198.21 111.79 27 5 0 5.00 0.00 0.50
13.00 23 28 30 4 140.77 169.23 28 5 0 5.00 0.00 0.50
14.00 23 28 30 4 160.00 150.00 28 5 0 5.00 0.00 0.50
15.00 23 29 30 4 140.83 169.17 29 6 0 5.00 0.00 0.50
14.00 23 28 30 4 177.86 132.14 28 5 0 5.00 0.00 0.50
13.00 23 28 30 4 160.00 150.00 28 5 0 5.00 0.00 0.50
15.00 24 28 30 4 160.00 150.00 28 4 0 5.00 0.00 0.50
14.00 24 28 30 4 160.00 150.00 28 4 0 5.00 0.00 0.50
13.00 24 28 30 4 160.00 150.00 28 4 0 5.00 0.00 0.50
15.00 24 29 30 4 140.83 169.17 29 5 0 5.00 0.00 0.50
14.00 24 29 30 4 157.50 152.50 29 5 0 5.00 0.00 0.50
14.00 24 30 30 4 137.14 172.86 30 6 0 5.00 0.00 0.50
14.00 25 30 30 4 155.00 155.00 30 5 0 5.00 0.00 0.50
14.00 25 31 30 4 134.64 175.36 31 6 0 5.00 0.00 0.50
14.00 25 31 30 4 152.50 157.50 31 6 0 5.00 0.00 0.50
14.00 25 31 30 4 152.50 157.50 31 6 0 5.00 0.00 0.50
14.00 25 30 30 4 172.86 137.14 30 5 0 5.00 0.00 0.50
14.00 26 30 30 4 155.00 155.00 30 4 0 5.00 0.00 0.50
14.00 25 30 30 4 155.00 155.00 30 5 0 5.00 0.00 0.50
14.00 26 31 30 4 134.64 175.36 31 5 0 5.00 0.00 0.50
14.00 26 31 30 4 152.50 157.50 31 5 0 5.00 0.00 0.50
15.00 26 31 30 4 152.50 157.50 31 5 0 5.00 0.00 0.50
13.00 26 31 30 4 152.50 157.50 31 5 0 5.00 0.00 0.50
14.00 26 31 30 4 152.50 157.50 31 5 0 5.00 0.00 0.50
15.00 27 31 30 4 152.50 157.50 31 4 0 5.00 0.00 0.50
13.00 27 32 30 4 130.77 179.23 32 5 0 5.00 0.00 0.50
14.00 26 32 30 4 150.00 160.00 32 6 0 5.00 0.00 0.50
15.00 27 32 30 4 150.00 160.00 32 5 0 5.00 0.00 0.50
14.00 27 33 30 4 129.64 180.36 33 6 0 5.00 0.00 0.50
13.00 27 33 30 4 147.50 162.50 33 6 0 5.00 0.00 0.50
15.00 27 32 30 4 166.67 143.33 32 5 0 5.00 0.00 0.50
14.00 27 32 30 4 150.00 160.00 32 5 0 5.00 0.00 0.50
13.00 28 33 30 4 128.27 181.73 33 5 0 5.00 0.00 0.50
15.00 28 32 30 4 166.67 143.33 32 4 0 5.00 0.00 0.50
14.00 28 32 30 4 150.00 160.00 32 4 0 5.00 0.00 0.50
14.00 29 33 30 4 129.64 180.36 33 4 0 5.00 0.00 0.50
14.00 29 33 30 4 147.50 162.50 33 4 0 5.00 0.00 0.50
14.00 29 32 30 4 167.86 142.14 32 3 0 5.00 0.00 0.50
14.00 31 33 30 4 129.64 180.36 33 2 0 5.00 0.00 0.50
14.00 30 33 30 4 147.50 162.50 33 3 0 5.00 0.00 0.50
14.00 29 34 30 4 127.14 182.86 34 5 0 5.00 0.00 0.50
14.00 29 33 30 4 165.36 144.64 33 4 0 5.00 0.00 0.50
15.00 29 33 30 4 147.50 162.50 33 4 0 5.00 0.00 0.50
13.00 29 34 30 4 125.77 184.23 34 5 0 5.00 0.00 0.50
14.00 29 33 30 4 165.36 144.64 33 4 0 5.00 0.00 0.50
15.00 30 33 30 4 147.50 162.50 33 3 0 5.00 0.00 0.50
13.00 30 34 30 4 125.77 184.23 34 4 0 5.00 0.00 0.50
14.00 30 34 30 4 145.00 165.00 34 4 0 5.00 0.00 0.50
15.00 30 34 30 4 145.00 165.00 34 4 0 5.00 0.00 0.50
14.00 30 34 30 4 145.00 165.00 34 4 0 5.00 0.00 0.50
13.00 30 34 30 4 145.00 165.00 34 4 0 5.00 0.00 0.50
15.00 30 34 30 4 145.00 165.00 34 4 0 5.00 0.00 0.50
14.00 30 34 30 4 145.00 165.00 34 4 0 5.00 0.00 0.50
13.00 31 34 30 4 145.00 165.00 34 3 0 5.00 0.00 0.50
15.00 30 34 30 4 145.00 165.00 34 4 0 5.00 0.00 0.50
14.00 30 34 30 4 145.00 165.00 34 4 0 5.00 0.00 0.50
13.00 31 35 30 4 123.27 186.73 35 4 0 5.00 0.00 0.50
15.00 31 35 30 4 142.50 167.50 35 4 0 5.00 0.00 0.50
14.00 31 35 30 4 142.50 167.50 35 4 0 5.00 0.00 0.50
14.00 31 35 30 4 142.50 167.50 35 4 0 5.00 0.00 0.50
14.00 31 35 30 4 142.50 167.50 35 4 0 5.00 0.00 0.50
14.00 31 35 30 4 142.50 167.50 35 4 0 5.00 0.00 0.50
14.00 31 36 30 4 122.14 187.86 36 5 0 5.00 0.00 0.50
14.00 32 35 30 4 160.36 149.64 35 3 0 5.00 0.00 0.50
14.00 32 36 30 4 122.14 187.86 36 4 0 5.00 0.00 0.50
14.00 32 36 30 4 140.00 170.00 36 4 0 5.00 0.00 0.50
15.00 32 36 30 4 140.00 170.00 36 4 0 5.00 0.00 0.50
13.00 32 36 30 4 140.00 170.00 36 4 0 5.00 0.00 0.50
14.00 32 36 30 4 140.00 170.00 36 4 0 5.00 0.00 0.50
15.00 32 36 30 4 140.00 170.00 36 4 0 5.00 0.00 0.50
13.00 33 36 30 4 140.00 170.00 36 3 0 5.00 0.00 0.50
14.00 33 36 30 4 140.00 170.00 36 3 0 5.00 0.00 0.50
15.00 33 37 30 4 120.83 189.17 37 4 0 5.00 0.00 0.50
14.00 33 37 30 4 137.50 172.50 37 4 0 5.00 0.00 0.50
13.00 33 37 30 4 137.50 172.50 37 4 0 5.00 0.00 0.50
15.00 33 37 30 4 137.50 172.50 37 4 0 5.00 0.00 0.50
14.00 33 37 30 4 137.50 172.50 37 4 0 5.00 0.00 0.50
13.00 33 36 30 4 159.23 150.77 36 3 0 5.00 0.00 0.50
14.00 33 36 30 4 140.00 170.00 36 3 0 5.00 0.00 0.50
15.00 34 36 30 4 140.00 170.00 36 2 0 5.00 0.00 0.50
14.00 34 37 30 4 119.64 190.36 37 3 0 5.00 0.00 0.50
13.00 34 37 30 4 137.50 172.50 37 3 0 5.00 0.00 0.50
15.00 34 36 30 4 156.67 153.33 36 2 0 5.00 0.00 0.50
14.00 34 36 30 4 140.00 170.00 36 2 0 5.00 0.00 0.50
13.00 34 36 30 4 140.00 170.00 36 2 0 5.00 0.00 0.50
15.00 35 37 30 4 120.83 189.17 37 2 0 5.00 0.00 0.50
14.00 35 37 30 4 137.50 172.50 37 2 0 5.00 0.00 0.50
14.00 34 37 30 4 137.50 172.50 37 3 0 5.00 0.00 0.50
14.00 34 37 30 4 137.50 172.50 37 3 0 5.00 0.00 0.50
14.00 34 36 30 4 157.86 152.14 36 2 0 5.00 0.00 0.50
14.00 34 37 30 4 119.64 190.36 37 3 0 5.00 0.00 0.50
14.00 34 37 30 4 137.50 172.50 37 3 0 5.00 0.00 0.50
14.00 34 37 30 4 137.50 172.50 37 3 0 5.00 0.00 0.50
14.00 34 37 30 4 137.50 172.50 37 3 0 5.00 0.00 0.50
15.00 34 36 30 4 156.67 153.33 36 2 0 5.00 0.00 0.50
13.00 34 36 30 4 140.00 170.00 36 2 0 5.00 0.00 0.50
14.00 34 36 30 4 140.00 170.00 36 2 0 5.00 0.00 0.50
15.00 35 36 30 4 140.00 170.00 36 1 0 5.00 0.00 0.50
13.00 35 36 30 4 140.00 170.00 36 1 0 5.00 0.00 0.50
14.00 35 36 30 4 140.00 170.00 36 1 0 5.00 0.00 0.50
15.00 36 36 30 4 140.00 170.00 36 0 0 5.00 0.00 0.50
13.00 35 37 30 4 118.27 191.73 37 2 0 5.00 0.00 0.50
14.00 35 36 30 4 157.86 152.14 36 1 0 5.00 0.00 0.50
15.00 35 36 30 4 140.00 170.00 36 1 0 5.00 0.00 0.50
14.00 35 37 30 4 119.64 190.36 37 2 0 5.00 0.00 0.50
13.00 34 37 30 4 137.50 172.50 37 3 0 5.00 0.00 0.50
15.00 35 36 30 4 156.67 153.33 36 1 0 5.00 0.00 0.50
14.00 33 36 30 4 140.00 170.00 36 3 0 5.00 0.00 0.50
13.00 33 36 30 4 140.00 170.00 36 3 0 5.00 0.00 0.50
15.00 34 36 30 4 140.00 170.00 36 2 0 5.00 0.00 0.50
14.00 34 37 30 4 119.64 190.36 37 3 0 5.00 0.00 0.50
14.00 35 36 30 4 157.86 152.14 36 1 0 5.00 0.00 0.50
14.00 34 36 30 4 140.00 170.00 36 2 0 5.00 0.00 0.50
14.00 35 36 30 4 140.00 170.00 36 1 0 5.00 0.00 0.50
14.00 35 36 30 4 140.00 170.00 36 1 0 5.00 0.00 0.50
14.00 36 36 30 4 140.00 170.00 36 0 0 5.00 0.00 0.50
14.00 36 36 30 4 140.00 170.00 36 0 0 5.00 0.00 0.50
14.00 35 36 30 4 140.00 170.00 36 1 0 5.00 0.00 0.50
15.00 34 36 30 4 140.00 170.00 36 2 0 5.00 0.00 0.50
13.00 34 36 30 4 140.00 170.00 36 2 0 5.00 0.00 0.50
14.00 34 36 30 4 140.00 170.00 36 2 0 5.00 0.00 0.50
15.00 34 36 30 4 140.00 170.00 36 2 0 5.00 0.00 0.50
13.00 34 36 30 4 140.00 170.00 36 2 0 5.00 0.00 0.50
14.00 34 36 30 4 140.00 170.00 36 2 0 5.00 0.00 0.50
15.00 34 36 30 4 140.00 170.00 36 2 0 5.00 0.00 0.50
14.00 35 36 30 4 140.00 170.00 36 1 0 5.00 0.00 0.50
13.00 35 36 30 4 140.00 170.00 36 1 0 5.00 0.00 0.50
15.00 35 35 30 4 159.17 150.83 35 0 0 5.00 0.00 0.50
14.00 35 35 30 4 142.50 167.50 35 0 0 5.00 0.00 0.50
13.00 35 35 30 4 142.50 167.50 35 0 0 5.00 0.00 0.50
15.00 35 35 30 4 142.50 167.50 35 0 0 5.00 0.00 0.50
14.00 35 35 30 4 142.50 167.50 35 0 0 5.00 0.00 0.50
14.00 35 36 30 4 122.14 187.86 36 1 0 5.00 0.00 0.50
14.00 35 35 30 4 160.36 149.64 35 0 0 5.00 0.00 0.50
14.00 35 35 30 4 142.50 167.50 35 0 0 5.00 0.00 0.50
14.00 35 35 30 4 142.50 167.50 35 0 0 5.00 0.00 0.50
14.00 35 35 30 4 142.50 167.50 35 0 0 5.00 0.00 0.50
14.00 35 35 30 4 142.50 167.50 35 0 0 5.00 0.00 0.50
14.00 35 35 30 4 142.50 167.50 35 0 0 5.00 0.00 0.50
15.00 35 35 30 4 142.50 167.50 35 0 0 5.00 0.00 0.50
13.00 35 35 30 4 142.50 167.50 35 0 0 5.00 0.00 0.50
14.00 35 35 30 4 142.50 167.50 35 0 0 5.00 0.00 0.50
15.00 35 35 30 4 142.50 167.50 35 0 0 5.00 0.00 0.50
13.00 35 35 30 4 142.50 167.50 35 0 0 5.00 0.00 0.50
14.00 35 35 30 4 142.50 167.50 35 0 0 5.00 0.00 0.50
15.00 35 36 30 4 123.33 186.67 36 1 0 5.00 0.00 0.50
13.00 35 35 30 4 161.73 148.27 35 0 0 5.00 0.00 0.50
14.00 34 35 30 4 142.50 167.50 35 1 0 5.00 0.00 0.50
15.00 35 34 30 4 161.67 148.33 34 -1 0 5.00 0.00 0.50
14.00 35 34 30 4 145.00 165.00 34 -1 0 5.00 0.00 0.50
14.00 35 35 30 4 124.64 185.36 35 0 0 5.00 0.00 0.50
15.00 34 35 30 4 142.50 167.50 35 1 0 5.00 0.00 0.50
13.00 35 35 30 4 142.50 167.50 35 0 0 5.00 0.00 0.50
14.00 35 34 30 4 162.86 147.14 34 -1 0 5.00 0.00 0.50
15.00 35 34 30 4 145.00 165.00 34 -1 0 5.00 0.00 0.50
14.00 35 34 30 4 145.00 165.00 34 -1 0 5.00 0.00 0.50
14.00 35 34 30 4 145.00 165.00 34 -1 0 5.00 0.00 0.50
15.00 35 34 30 4 145.00 165.00 34 -1 0 5.00 0.00 0.50
14.00 34 34 30 4 145.00 165.00 34 0 0 5.00 0.00 0.50
13.00 34 34 30 4 145.00 165.00 34 0 0 5.00 0.00 0.50
15.00 34 34 30 4 145.00 165.00 34 0 0 5.00 0.00 0.50
14.00 34 34 30 4 145.00 165.00 34 0 0 5.00 0.00 0.50
14.00 34 34 30 4 145.00 165.00 34 0 0 5.00 0.00 0.50
14.00 33 33 30 4 165.36 144.64 33 0 0 5.00 0.00 0.50
14.00 33 33 30 4 147.50 162.50 33 0 0 5.00 0.00 0.50
14.00 33 33 30 4 147.50 162.50 33 0 0 5.00 0.00 0.50
13.00 34 33 30 4 147.50 162.50 33 -1 0 5.00 0.00 0.50
15.00 34 34 30 4 128.33 181.67 34 0 0 5.00 0.00 0.50
14.00 34 33 30 4 165.36 144.64 33 -1 0 5.00 0.00 0.50
14.00 34 33 30 4 147.50 162.50 33 -1 0 5.00 0.00 0.50
15.00 34 33 30 4 147.50 162.50 33 -1 0 5.00 0.00 0.50
14.00 33 33 30 4 147.50 162.50 33 0 0 5.00 0.00 0.50
15.00 33 33 30 4 147.50 162.50 33 0 0 5.00 0.00 0.50
13.00 33 33 30 4 147.50 162.50 33 0 0 5.00 0.00 0.50
14.00 34 33 30 4 147.50 162.50 33 -1 0 5.00 0.00 0.50
14.00 34 33 30 4 147.50 162.50 33 -1 0 5.00 0.00 0.50
15.00 34 33 30 4 147.50 162.50 33 -1 0 5.00 0.00 0.50
14.00 34 33 30 4 147.50 162.50 33 -1 0 5.00 0.00 0.50
14.00 33 33 30 4 147.50 162.50 33 0 0 5.00 0.00 0.50
15.00 34 32 30 4 166.67 143.33 32 -2 0 5.00 0.00 0.50
14.00 34 32 30 4 150.00 160.00 32 -2 0 5.00 0.00 0.50
15.00 33 32 30 4 150.00 160.00 32 -1 0 5.00 0.00 0.50
14.00 33 32 30 4 150.00 160.00 32 -1 0 5.00 0.00 0.50
14.00 33 32 30 4 150.00 160.00 32 -1 0 5.00 0.00 0.50
15.00 33 32 30 4 150.00 160.00 32 -1 0 5.00 0.00 0.50
14.00 33 32 30 4 150.00 160.00 32 -1 0 5.00 0.00 0.50
14.00 33 32 30 4 150.00 160.00 32 -1 0 5.00 0.00 0.50
13.00 33 32 30 4 150.00 160.00 32 -1 0 5.00 0.00 0.50
15.00 33 32 30 4 150.00 160.00 32 -1 0 5.00 0.00 0.50
14.00 33 31 30 4 170.36 139.64 31 -2 0 5.00 0.00 0.50
15.00 33 31 30 4 152.50 157.50 31 -2 0 5.00 0.00 0.50
14.00 33 31 30 4 152.50 157.50 31 -2 0 5.00 0.00 0.50
14.00 32 31 30 4 152.50 157.50 31 -1 0 5.00 0.00 0.50
15.00 32 31 30 4 152.50 157.50 31 -1 0 5.00 0.00 0.50
14.00 32 31 30 4 152.50 157.50 31 -1 0 5.00 0.00 0.50
14.00 32 31 30 4 152.50 157.50 31 -1 0 5.00 0.00 0.50
15.00 32 31 30 4 152.50 157.50 31 -1 0 5.00 0.00 0.50
14.00 32 31 30 4 152.50 157.50 31 -1 0 5.00 0.00 0.50
14.00 32 31 30 4 152.50 157.50 31 -1 0 5.00 0.00 0.50
15.00 32 31 30 4 152.50 157.50 31 -1 0 5.00 0.00 0.50
14.00 32 31 30 4 152.50 157.50 31 -1 0 5.00 0.00 0.50
14.00 31 31 30 4 152.50 157.50 31 0 0 5.00 0.00 0.50
15.00 31 30 30 4 171.67 138.33 30 -1 0 5.00 0.00 0.50
14.00 31 31 30 4 134.64 175.36 31 0 0 5.00 0.00 0.50
13.00 31 30 30 4 174.23 135.77 30 -1 0 5.00 0.00 0.50
15.00 31 30 30 4 155.00 155.00 30 -1 0 5.00 0.00 0.50
14.00 31 30 30 4 155.00 155.00 30 -1 0 5.00 0.00 0.50
14.00 30 30 30 4 155.00 155.00 30 0 0 5.00 0.00 0.50
15.00 31 30 30 4 155.00 155.00 30 -1 0 5.00 0.00 0.50
14.00 30 30 30 4 155.00 155.00 30 0 0 5.00 0.00 0.50
14.00 31 30 30 4 155.00 155.00 30 -1 0 5.00 0.00 0.50
15.00 31 30 30 4 155.00 155.00 30 -1 0 5.00 0.00 0.50
14.00 31 30 30 4 155.00 155.00 30 -1 0 5.00 0.00 0.50
14.00 31 29 30 4 175.36 134.64 29 -2 0 5.00 0.00 0.50
15.00 30 30 30 4 138.33 171.67 30 0 0 5.00 0.00 0.50
13.00 30 29 30 4 176.73 133.27 29 -1 0 5.00 0.00 0.50
14.00 30 29 30 4 157.50 152.50 29 -1 0 5.00 0.00 0.50
15.00 30 30 30 4 138.33 171.67 30 0 0 5.00 0.00 0.50
14.00 30 29 30 4 175.36 134.64 29 -1 0 5.00 0.00 0.50
14.00 30 29 30 4 157.50 152.50 29 -1 0 5.00 0.00 0.50
15.00 30 29 30 4 157.50 152.50 29 -1 0 5.00 0.00 0.50
14.00 29 29 30 4 157.50 152.50 29 0 0 5.00 0.00 0.50
13.00 30 29 30 4 157.50 152.50 29 -1 0 5.00 0.00 0.50
15.00 29 29 30 4 157.50 152.50 29 0 0 5.00 0.00 0.50
14.00 29 29 30 4 157.50 152.50 29 0 0 5.00 0.00 0.50
14.00 30 29 30 4 157.50 152.50 29 -1 0 5.00 0.00 0.50
15.00 30 29 30 4 157.50 152.50 29 -1 0 5.00 0.00 0.50
14.00 29 29 30 4 157.50 152.50 29 0 0 5.00 0.00 0.50
13.00 29 29 30 4 157.50 152.50 29 0 0 5.00 0.00 0.50
15.00 30 28 30 4 176.67 133.33 28 -2 0 5.00 0.00 0.50
14.00 30 29 30 4 139.64 170.36 29 -1 0 5.00 0.00 0.50
14.00 29 28 30 4 177.86 132.14 28 -1 0 5.00 0.00 0.50
15.00 29 29 30 4 140.83 169.17 29 0 0 5.00 0.00 0.50
14.00 29 28 30 4 177.86 132.14 28 -1 0 5.00 0.00 0.50
14.00 29 28 30 4 160.00 150.00 28 -1 0 5.00 0.00 0.50
15.00 30 28 30 4 160.00 150.00 28 -2 0 5.00 0.00 0.50
14.00 29 28 30 4 160.00 150.00 28 -1 0 5.00 0.00 0.50
14.00 29 28 30 4 160.00 150.00 28 -1 0 5.00 0.00 0.50
15.00 29 28 30 4 160.00 150.00 28 -1 0 5.00 0.00 0.50
14.00 29 27 30 4 180.36 129.64 27 -2 0 5.00 0.00 0.50
14.00 29 28 30 4 142.14 167.86 28 -1 0 5.00 0.00 0.50
15.00 29 27 30 4 179.17 130.83 27 -2 0 5.00 0.00 0.50
13.00 29 28 30 4 140.77 169.23 28 -1 0 5.00 0.00 0.50
14.00 28 27 30 4 180.36 129.64 27 -1 0 5.00 0.00 0.50
15.00 28 27 30 4 162.50 147.50 27 -1 0 5.00 0.00 0.50
14.00 28 27 30 4 162.50 147.50 27 -1 0 5.00 0.00 0.50
14.00 29 27 30 4 162.50 147.50 27 -2 0 5.00 0.00 0.50
15.00 29 27 30 4 162.50 147.50 27 -2 0 5.00 0.00 0.50
14.00 28 27 30 4 162.50 147.50 27 -1 0 5.00 0.00 0.50
14.00 28 27 30 4 162.50 147.50 27 -1 0 5.00 0.00 0.50
15.00 28 27 30 4 162.50 147.50 27 -1 0 5.00 0.00 0.50
14.00 28 27 30 4 162.50 147.50 27 -1 0 5.00 0.00 0.50
14.00 28 27 30 4 162.50 147.50 27 -1 0 5.00 0.00 0.50
15.00 29 27 30 4 162.50 147.50 27 -2 0 5.00 0.00 0.50
14.00 29 27 30 4 162.50 147.50 27 -2 0 5.00 0.00 0.50
14.00 29 27 30 4 162.50 147.50 27 -2 0 5.00 0.00 0.50
15.00 28 26 30 4 181.67 128.33 26 -2 0 5.00 0.00 0.50
14.00 28 27 30 4 144.64 165.36 27 -1 0 5.00 0.00 0.50
14.00 28 26 30 4 182.86 127.14 26 -2 0 5.00 0.00 0.50
15.00 28 26 30 4 165.00 145.00 26 -2 0 5.00 0.00 0.50
14.00 28 26 30 4 165.00 145.00 26 -2 0 5.00 0.00 0.50
14.00 28 26 30 4 165.00 145.00 26 -2 0 5.00 0.00 0.50
15.00 28 26 30 4 165.00 145.00 26 -2 0 5.00 0.00 0.50
14.00 27 26 30 4 165.00 145.00 26 -1 0 5.00 0.00 0.50
14.00 28 26 30 4 165.00 145.00 26 -2 0 5.00 0.00 0.50
15.00 27 26 30 4 165.00 145.00 26 -1 0 5.00 0.00 0.50
14.00 27 26 30 4 165.00 145.00 26 -1 0 5.00 0.00 0.50
14.00 27 26 30 4 165.00 145.00 26 -1 0 5.00 0.00 0.50
15.00 27 26 30 4 165.00 145.00 26 -1 0 5.00 0.00 0.50
14.00 27 26 30 4 165.00 145.00 26 -1 0 5.00 0.00 0.50
14.00 27 26 30 4 165.00 145.00 26 -1 0 5.00 0.00 0.50
14.00 26 26 30 4 165.00 145.00 26 0 0 5.00 0.00 0.50
14.00 26 26 30 4 165.00 145.00 26 0 0 5.00 0.00 0.50
14.00 25 25 30 4 185.36 124.64 25 0 0 5.00 0.00 0.50
15.00 26 26 30 4 148.33 161.67 26 0 0 5.00 0.00 0.50
13.00 26 26 30 4 165.00 145.00 26 0 0 5.00 0.00 0.50
14.00 26 26 30 4 165.00 145.00 26 0 0 5.00 0.00 0.50
15.00 26 25 30 4 184.17 125.83 25 -1 0 5.00 0.00 0.50
14.00 26 25 30 4 167.50 142.50 25 -1 0 5.00 0.00 0.50
14.00 26 25 30 4 167.50 142.50 25 -1 0 5.00 0.00 0.50
15.00 26 25 30 4 167.50 142.50 25 -1 0 5.00 0.00 0.50
14.00 26 25 30 4 167.50 142.50 25 -1 0 5.00 0.00 0.50
14.00 25 25 30 4 167.50 142.50 25 0 0 5.00 0.00 0.50
14.00 25 26 30 4 147.14 162.86 26 1 0 5.00 0.00 0.50
14.00 25 25 30 4 185.36 124.64 25 0 0 5.00 0.00 0.50
14.00 25 25 30 4 167.50 142.50 25 0 0 5.00 0.00 0.50
14.00 25 25 30 4 167.50 142.50 25 0 0 5.00 0.00 0.50
14.00 25 25 30 4 167.50 142.50 25 0 0 5.00 0.00 0.50
14.00 25 25 30 4 167.50 142.50 25 0 0 5.00 0.00 0.50
15.00 25 25 30 4 167.50 142.50 25 0 0 5.00 0.00 0.50
13.00 26 25 30 4 167.50 142.50 25 -1 0 5.00 0.00 0.50
14.00 25 25 30 4 167.50 142.50 25 0 0 5.00 0.00 0.50
15.00 26 25 30 4 167.50 142.50 25 -1 0 5.00 0.00 0.50
14.00 25 25 30 4 167.50 142.50 25 0 0 5.00 0.00 0.50
14.00 25 25 30 4 167.50 142.50 25 0 0 5.00 0.00 0.50
14.00 25 25 30 4 167.50 142.50 25 0 0 5.00 0.00 0.50
14.00 24 25 30 4 167.50 142.50 25 1 0 5.00 0.00 0.50
14.00 24 25 30 4 167.50 142.50 25 1 0 5.00 0.00 0.50
14.00 24 25 30 4 167.50 142.50 25 1 0 5.00 0.00 0.50
14.00 24 25 30 4 167.50 142.50 25 1 0 5.00 0.00 0.50
14.00 24 25 30 4 167.50 142.50 25 1 0 5.00 0.00 0.50
15.00 25 25 30 4 167.50 142.50 25 0 0 5.00 0.00 0.50
13.00 24 25 30 4 167.50 142.50 25 1 0 5.00 0.00 0.50
14.00 24 25 30 4 167.50 142.50 25 1 0 5.00 0.00 0.50
14.00 24 25 30 4 167.50 142.50 25 1 0 5.00 0.00 0.50
14.00 24 25 30 4 167.50 142.50 25 1 0 5.00 0.00 0.50
14.00 24 25 30 4 167.50 142.50 25 1 0 5.00 0.00 0.50
14.00 24 25 30 4 167.50 142.50 25 1 0 5.00 0.00 0.50
15.00 24 25 30 4 167.50 142.50 25 1 0 5.00 0.00 0.50
13.00 24 25 30 4 167.50 142.50 25 1 0 5.00 0.00 0.50
14.00 25 25 30 4 167.50 142.50 25 0 0 5.00 0.00 0.50
15.00 24 25 30 4 167.50 142.50 25 1 0 5.00 0.00 0.50
13.00 24 25 30 4 167.50 142.50 25 1 0 5.00 0.00 0.50
14.00 25 25 30 4 167.50 142.50 25 0 0 5.00 0.00 0.50
15.00 24 25 30 4 167.50 142.50 25 1 0 5.00 0.00 0.50
14.00 25 25 30 4 167.50 142.50 25 0 0 5.00 0.00 0.50
13.00 24 25 30 4 167.50 142.50 25 1 0 5.00 0.00 0.50
15.00 24 24 30 4 186.67 123.33 24 0 0 5.00 0.00 0.50
14.00 24 25 30 4 149.64 160.36 25 1 0 5.00 0.00 0.50
13.00 24 25 30 4 167.50 142.50 25 1 0 5.00 0.00 0.50
15.00 24 25 30 4 167.50 142.50 25 1 0 5.00 0.00 0.50
14.00 24 24 30 4 187.86 122.14 24 0 0 5.00 0.00 0.50
14.00 24 25 30 4 149.64 160.36 25 1 0 5.00 0.00 0.50
14.00 24 25 30 4 167.50 142.50 25 1 0 5.00 0.00 0.50
14.00 24 25 30 4 167.50 142.50 25 1 0 5.00 0.00 0.50
14.00 24 25 30 4 167.50 142.50 25 1 0 5.00 0.00 0.50
14.00 25 25 30 4 167.50 142.50 25 0 0 5.00 0.00 0.50
14.00 24 25 30 4 167.50 142.50 25 1 0 5.00 0.00 0.50
14.00 24 25 30 4 167.50 142.50 25 1 0 5.00 0.00 0.50
14.00 24 25 30 4 167.50 142.50 25 1 0 5.00 0.00 0.50
14.00 25 25 30 4 167.50 142.50 25 0 0 5.00 0.00 0.50
14.00 24 25 30 4 167.50 142.50 25 1 0 5.00 0.00 0.50
15.00 24 25 30 4 167.50 142.50 25 1 0 5.00 0.00 0.50
13.00 25 25 30 4 167.50 142.50 25 0 0 5.00 0.00 0.50
14.00 25 25 30 4 167.50 142.50 25 0 0 5.00 0.00 0.50
15.00 24 25 30 4 167.50 142.50 25 1 0 5.00 0.00 0.50
13.00 25 25 30 4 167.50 142.50 25 0 0 5.00 0.00 0.50
14.00 25 25 30 4 167.50 142.50 25 0 0 5.00 0.00 0.50
15.00 25 24 30 4 186.67 123.33 24 -1 0 5.00 0.00 0.50
14.00 24 25 30 4 149.64 160.36 25 1 0 5.00 0.00 0.50
14.00 24 25 30 4 167.50 142.50 25 1 0 5.00 0.00 0.50
14.00 24 25 30 4 167.50 142.50 25 1 0 5.00 0.00 0.50
14.00 24 25 30 4 167.50 142.50 25 1 0 5.00 0.00 0.50
14.00 24 25 30 4 167.50 142.50 25 1 0 5.00 0.00 0.50
14.00 24 25 30 4 167.50 142.50 25 1 0 5.00 0.00 0.50
14.00 25 25 30 4 167.50 142.50 25 0 0 5.00 0.00 0.50
14.00 24 25 30 4 167.50 142.50 25 1 0 5.00 0.00 0.50
15.00 24 25 30 4 167.50 142.50 25 1 0 5.00 0.00 0.50
13.00 25 25 30 4 167.50 142.50 25 0 0 5.00 0.00 0.50
14.00 24 25 30 4 167.50 142.50 25 1 0 5.00 0.00 0.50
15.00 24 25 30 4 167.50 142.50 25 1 0 5.00 0.00 0.50
13.00 24 25 30 4 167.50 142.50 25 1 0 5.00 0.00 0.50
14.00 25 25 30 4 167.50 142.50 25 0 0 5.00 0.00 0.50
15.00 24 25 30 4 167.50 142.50 25 1 0 5.00 0.00 0.50
14.00 24 25 30 4 167.50 142.50 25 1 0 5.00 0.00 0.50
13.00 25 25 30 4 167.50 142.50 25 0 0 5.00 0.00 0.50
15.00 24 25 30 4 167.50 142.50 25 1 0 5.00 0.00 0.50
14.00 24 25 30 4 167.50 142.50 25 1 0 5.00 0.00 0.50
13.00 24 25 30 4 167.50 142.50 25 1 0 5.00 0.00 0.50
15.00 25 25 30 4 167.50 142.50 25 0 0 5.00 0.00 0.50
14.00 24 25 30 4 167.50 142.50 25 1 0 5.00 0.00 0.50
13.00 24 25 30 4 167.50 142.50 25 1 0 5.00 0.00 0.50
15.00 24 25 30 4 167.50 142.50 25 1 0 5.00 0.00 0.50
14.00 24 25 30 4 167.50 142.50 25 1 0 5.00 0.00 0.50
14.00 24 25 30 4 167.50 142.50 25 1 0 5.00 0.00 0.50
14.00 24 25 30 4 167.50 142.50 25 1 0 5.00 0.00 0.50
14.00 24 25 30 4 167.50 142.50 25 1 0 5.00 0.00 0.50
14.00 24 25 30 4 167.50 142.50 25 1 0 5.00 0.00 0.50
14.00 24 25 30 4 167.50 142.50 25 1 0 5.00 0.00 0.50
14.00 24 26 30 4 147.14 162.86 26 2 0 5.00 0.00 0.50
14.00 23 25 30 4 185.36 124.64 25 2 0 5.00 0.00 0.50
15.00 23 25 30 4 167.50 142.50 25 2 0 5.00 0.00 0.50
13.00 24 25 30 4 167.50 142.50 25 1 0 5.00 0.00 0.50
14.00 24 26 30 4 147.14 162.86 26 2 0 5.00 0.00 0.50
15.00 24 25 30 4 184.17 125.83 25 1 0 5.00 0.00 0.50
13.00 24 26 30 4 145.77 164.23 26 2 0 5.00 0.00 0.50
14.00 25 26 30 4 165.00 145.00 26 1 0 5.00 0.00 0.50
15.00 25 26 30 4 165.00 145.00 26 1 0 5.00 0.00 0.50
14.00 25 26 30 4 165.00 145.00 26 1 0 5.00 0.00 0.50
13.00 25 26 30 4 165.00 145.00 26 1 0 5.00 0.00 0.50
15.00 25 26 30 4 165.00 145.00 26 1 0 5.00 0.00 0.50
14.00 25 26 30 4 165.00 145.00 26 1 0 5.00 0.00 0.50
13.00 25 27 30 4 143.27 166.73 27 2 0 5.00 0.00 0.50
14.00 25 27 30 4 162.50 147.50 27 2 0 5.00 0.00 0.50
15.00 25 26 30 4 181.67 128.33 26 1 0 5.00 0.00 0.50
14.00 25 26 30 4 165.00 145.00 26 1 0 5.00 0.00 0.50
13.00 25 27 30 4 143.27 166.73 27 2 0 5.00 0.00 0.50
15.00 25 27 30 4 162.50 147.50 27 2 0 5.00 0.00 0.50
14.00 25 27 30 4 162.50 147.50 27 2 0 5.00 0.00 0.50
13.00 25 27 30 4 162.50 147.50 27 2 0 5.00 0.00 0.50
15.00 25 27 30 4 162.50 147.50 27 2 0 5.00 0.00 0.50
14.00 25 27 30 4 162.50 147.50 27 2 0 5.00 0.00 0.50
14.00 25 27 30 4 162.50 147.50 27 2 0 5.00 0.00 0.50
14.00 25 27 30 4 162.50 147.50 27 2 0 5.00 0.00 0.50
14.00 25 27 30 4 162.50 147.50 27 2 0 5.00 0.00 0.50
14.00 25 27 30 4 162.50 147.50 27 2 0 5.00 0.00 0.50
14.00 25 27 30 4 162.50 147.50 27 2 0 5.00 0.00 0.50
14.00 24 27 30 4 162.50 147.50 27 3 0 5.00 0.00 0.50
14.00 24 27 30 4 162.50 147.50 27 3 0 5.00 0.00 0.50
14.00 25 27 30 4 162.50 147.50 27 2 0 5.00 0.00 0.50
14.00 25 27 30 4 162.50 147.50 27 2 0 5.00 0.00 0.50
14.00 25 27 30 4 162.50 147.50 27 2 0 5.00 0.00 0.50
15.00 24 28 30 4 143.33 166.67 28 4 0 5.00 0.00 0.50
13.00 25 28 30 4 160.00 150.00 28 3 0 5.00 0.00 0.50
14.00 25 28 30 4 160.00 150.00 28 3 0 5.00 0.00 0.50
15.00 25 28 30 4 160.00 150.00 28 3 0 5.00 0.00 0.50
13.00 22 27 30 4 181.73 128.27 27 5 0 5.00 0.00 0.50
14.00 25 28 30 4 142.14 167.86 28 3 0 5.00 0.00 0.50
15.00 25 28 30 4 160.00 150.00 28 3 0 5.00 0.00 0.50
14.00 26 28 30 4 160.00 150.00 28 2 0 5.00 0.00 0.50
13.00 22 28 30 4 160.00 150.00 28 6 0 5.00 0.00 0.50
15.00 22 28 30 4 160.00 150.00 28 6 0 5.00 0.00 0.50
14.00 21 28 30 4 160.00 150.00 28 7 0 5.00 0.00 0.50
13.00 22 28 30 4 160.00 150.00 28 6 0 5.00 0.00 0.50
15.00 22 28 30 4 160.00 150.00 28 6 0 5.00 0.00 0.50
14.00 27 28 30 4 160.00 150.00 28 1 0 5.00 0.00 0.50
14.00 27 28 30 4 160.00 150.00 28 1 0 5.00 0.00 0.50
14.00 27 29 30 4 139.64 170.36 29 2 0 5.00 0.00 0.50
14.00 27 28 30 4 177.86 132.14 28 1 0 5.00 0.00 0.50
14.00 26 28 30 4 160.00 150.00 28 2 0 5.00 0.00 0.50
14.00 27 29 30 4 139.64 170.36 29 2 0 5.00 0.00 0.50
14.00 26 29 30 4 157.50 152.50 29 3 0 5.00 0.00 0.50
14.00 27 29 30 4 157.50 152.50 29 2 0 5.00 0.00 0.50
15.00 26 29 30 4 157.50 152.50 29 3 0 5.00 0.00 0.50
13.00 27 29 30 4 157.50 152.50 29 2 0 5.00 0.00 0.50
14.00 27 29 30 4 157.50 152.50 29 2 0 5.00 0.00 0.50
15.00 27 29 30 4 157.50 152.50 29 2 0 5.00 0.00 0.50
13.00 27 29 30 4 157.50 152.50 29 2 0 5.00 0.00 0.50
14.00 27 29 30 4 157.50 152.50 29 2 0 5.00 0.00 0.50
15.00 27 29 30 4 157.50 152.50 29 2 0 5.00 0.00 0.50
14.00 27 30 30 4 137.14 172.86 30 3 0 5.00 0.00 0.50
13.00 28 31 30 4 133.27 176.73 31 3 0 5.00 0.00 0.50
15.00 27 32 30 4 133.33 176.67 32 5 0 5.00 0.00 0.50
14.00 27 30 30 4 190.71 119.29 30 3 0 5.00 0.00 0.50
13.00 27 30 30 4 155.00 155.00 30 3 0 5.00 0.00 0.50
15.00 27 30 30 4 155.00 155.00 30 3 0 5.00 0.00 0.50
14.00 27 30 30 4 155.00 155.00 30 3 0 5.00 0.00 0.50
14.00 27 29 30 4 175.36 134.64 29 2 0 5.00 0.00 0.50
14.00 27 30 30 4 137.14 172.86 30 3 0 5.00 0.00 0.50
14.00 27 30 30 4 155.00 155.00 30 3 0 5.00 0.00 0.50
14.00 28 30 30 4 155.00 155.00 30 2 0 5.00 0.00 0.50
14.00 28 30 30 4 155.00 155.00 30 2 0 5.00 0.00 0.50
14.00 29 30 30 4 155.00 155.00 30 1 0 5.00 0.00 0.50
14.00 28 30 30 4 155.00 155.00 30 2 0 5.00 0.00 0.50
14.00 28 31 30 4 134.64 175.36 31 3 0 5.00 0.00 0.50
14.00 28 30 30 4 172.86 137.14 30 2 0 5.00 0.00 0.50
14.00 29 31 30 4 134.64 175.36 31 2 0 5.00 0.00 0.50
15.00 29 31 30 4 152.50 157.50 31 2 0 5.00 0.00 0.50
13.00 28 30 30 4 174.23 135.77 30 2 0 5.00 0.00 0.50
14.00 28 31 30 4 134.64 175.36 31 3 0 5.00 0.00 0.50
15.00 28 31 30 4 152.50 157.50 31 3 0 5.00 0.00 0.50
13.00 28 31 30 4 152.50 157.50 31 3 0 5.00 0.00 0.50
14.00 29 31 30 4 152.50 157.50 31 2 0 5.00 0.00 0.50
15.00 29 31 30 4 152.50 157.50 31 2 0 5.00 0.00 0.50
14.00 31 31 30 4 152.50 157.50 31 0 0 5.00 0.00 0.50
13.00 32 31 30 4 152.50 157.50 31 -1 0 5.00 0.00 0.50
15.00 30 31 30 4 152.50 157.50 31 1 0 5.00 0.00 0.50
14.00 29 31 30 4 152.50 157.50 31 2 0 5.00 0.00 0.50
14.00 29 31 30 4 152.50 157.50 31 2 0 5.00 0.00 0.50
13.00 29 31 30 4 152.50 157.50 31 2 0 5.00 0.00 0.50
15.00 29 32 30 4 133.33 176.67 32 3 0 5.00 0.00 0.50
14.00 29 31 30 4 170.36 139.64 31 2 0 5.00 0.00 0.50
15.00 29 31 30 4 152.50 157.50 31 2 0 5.00 0.00 0.50
13.00 30 32 30 4 130.77 179.23 32 2 0 5.00 0.00 0.50
14.00 29 32 30 4 150.00 160.00 32 3 0 5.00 0.00 0.50
14.00 30 32 30 4 150.00 160.00 32 2 0 5.00 0.00 0.50
14.00 30 32 30 4 150.00 160.00 32 2 0 5.00 0.00 0.50
14.00 30 32 30 4 150.00 160.00 32 2 0 5.00 0.00 0.50
14.00 30 32 30 4 150.00 160.00 32 2 0 5.00 0.00 0.50
15.00 30 32 30 4 150.00 160.00 32 2 0 5.00 0.00 0.50
13.00 30 32 30 4 150.00 160.00 32 2 0 5.00 0.00 0.50
14.00 30 33 30 4 129.64 180.36 33 3 0 5.00 0.00 0.50
15.00 30 33 30 4 147.50 162.50 33 3 0 5.00 0.00 0.50
13.00 30 33 30 4 147.50 162.50 33 3 0 5.00 0.00 0.50
14.00 30 32 30 4 167.86 142.14 32 2 0 5.00 0.00 0.50
15.00 31 33 30 4 130.83 179.17 33 2 0 5.00 0.00 0.50
13.00 30 33 30 4 147.50 162.50 33 3 0 5.00 0.00 0.50
14.00 31 33 30 4 147.50 162.50 33 2 0 5.00 0.00 0.50
15.00 31 33 30 4 147.50 162.50 33 2 0 5.00 0.00 0.50
14.00 31 33 30 4 147.50 162.50 33 2 0 5.00 0.00 0.50
13.00 31 33 30 4 147.50 162.50 33 2 0 5.00 0.00 0.50
15.00 31 33 30 4 147.50 162.50 33 2 0 5.00 0.00 0.50
14.00 31 33 30 4 147.50 162.50 33 2 0 5.00 0.00 0.50
13.00 31 33 30 4 147.50 162.50 33 2 0 5.00 0.00 0.50
15.00 31 33 30 4 147.50 162.50 33 2 0 5.00 0.00 0.50
14.00 31 33 30 4 147.50 162.50 33 2 0 5.00 0.00 0.50
14.00 31 33 30 4 147.50 162.50 33 2 0 5.00 0.00 0.50
14.00 31 33 30 4 147.50 162.50 33 2 0 5.00 0.00 0.50
14.00 31 33 30 4 147.50 162.50 33 2 0 5.00 0.00 0.50
14.00 31 34 30 4 127.14 182.86 34 3 0 5.00 0.00 0.50
14.00 32 34 30 4 145.00 165.00 34 2 0 5.00 0.00 0.50
14.00 32 34 30 4 145.00 165.00 34 2 0 5.00 0.00 0.50
14.00 32 34 30 4 145.00 165.00 34 2 0 5.00 0.00 0.50
15.00 32 34 30 4 145.00 165.00 34 2 0 5.00 0.00 0.50
13.00 32 34 30 4 145.00 165.00 34 2 0 5.00 0.00 0.50
14.00 32 34 30 4 145.00 165.00 34 2 0 5.00 0.00 0.50
15.00 31 33 30 4 164.17 145.83 33 2 0 5.00 0.00 0.50
13.00 32 34 30 4 125.77 184.23 34 2 0 5.00 0.00 0.50
14.00 32 34 30 4 145.00 165.00 34 2 0 5.00 0.00 0.50
15.00 32 34 30 4 145.00 165.00 34 2 0 5.00 0.00 0.50
14.00 32 34 30 4 145.00 165.00 34 2 0 5.00 0.00 0.50
13.00 32 34 30 4 145.00 165.00 34 2 0 5.00 0.00 0.50
15.00 33 34 30 4 145.00 165.00 34 1 0 5.00 0.00 0.50
14.00 32 34 30 4 145.00 165.00 34 2 0 5.00 0.00 0.50
13.00 32 34 30 4 145.00 165.00 34 2 0 5.00 0.00 0.50
15.00 32 34 30 4 145.00 165.00 34 2 0 5.00 0.00 0.50
14.00 32 34 30 4 145.00 165.00 34 2 0 5.00 0.00 0.50
14.00 32 34 30 4 145.00 165.00 34 2 0 5.00 0.00 0.50
14.00 32 34 30 4 145.00 165.00 34 2 0 5.00 0.00 0.50
14.00 32 34 30 4 145.00 165.00 34 2 0 5.00 0.00 0.50
14.00 32 34 30 4 145.00 165.00 34 2 0 5.00 0.00 0.50
14.00 32 34 30 4 145.00 165.00 34 2 0 5.00 0.00 0.50
14.00 32 34 30 4 145.00 165.00 34 2 0 5.00 0.00 0.50
14.00 32 34 30 4 145.00 165.00 34 2 0 5.00 0.00 0.50
15.00 32 34 30 4 145.00 165.00 34 2 0 5.00 0.00 0.50
13.00 32 35 30 4 123.27 186.73 35 3 0 5.00 0.00 0.50
14.00 33 34 30 4 162.86 147.14 34 1 0 5.00 0.00 0.50
15.00 33 34 30 4 145.00 165.00 34 1 0 5.00 0.00 0.50
13.00 33 35 30 4 123.27 186.73 35 2 0 5.00 0.00 0.50
14.00 33 34 30 4 162.86 147.14 34 1 0 5.00 0.00 0.50
15.00 28 34 30 4 145.00 165.00 34 6 0 5.00 0.00 0.50
13.00 28 34 30 4 145.00 165.00 34 6 0 5.00 0.00 0.50
14.00 27 34 30 4 145.00 165.00 34 7 0 5.00 0.00 0.50
15.00 26 34 30 4 145.00 165.00 34 8 0 5.00 0.00 0.50
14.00 26 34 30 4 145.00 165.00 34 8 0 5.00 0.00 0.50
13.00 27 34 30 4 145.00 165.00 34 7 0 5.00 0.00 0.50
15.00 28 34 30 4 145.00 165.00 34 6 0 5.00 0.00 0.50
14.00 29 34 30 4 145.00 165.00 34 5 0 5.00 0.00 0.50
13.00 30 34 30 4 145.00 165.00 34 4 0 5.00 0.00 0.50
15.00 29 34 30 4 145.00 165.00 34 5 0 5.00 0.00 0.50
14.00 33 34 30 4 145.00 165.00 34 1 0 5.00 0.00 0.50
14.00 29 34 30 4 145.00 165.00 34 5 0 5.00 0.00 0.50
14.00 33 34 30 0 0.00 0.00 33 5 0 5.00 0.00 0.50
13.00 30 34 30 0 0.00 0.00 32 5 0 5.00 0.00 0.50
13.00 29 34 30 0 0.00 0.00 31 5 0 5.00 0.00 0.50
12.00 32 34 30 0 0.00 0.00 33 5 0 5.00 0.00 0.50
14.00 30 34 30 0 0.00 0.00 32 5 0 5.00 0.00 0.50
13.00 33 34 30 0 0.00 0.00 33 5 0 5.00 0.00 0.50
12.00 0 33 30 0 0.00 0.00 16 5 0 5.00 0.00 0.50
14.00 32 33 30 0 0.00 0.00 32 5 0 5.00 0.00 0.50
13.00 31 33 30 0 0.00 0.00 32 5 0 5.00 0.00 0.50
12.00 30 33 30 0 0.00 0.00 31 5 0 5.00 0.00 0.50
14.00 1 33 30 0 0.00 0.00 17 5 0 5.00 0.00 0.50
12.00 32 33 30 0 0.00 0.00 32 5 0 5.00 0.00 0.50
13.00 33 33 30 0 0.00 0.00 33 5 0 5.00 0.00 0.50
13.00 33 33 30 0 0.00 0.00 33 5 0 5.00 0.00 0.50
14.00 29 33 30 0 0.00 0.00 31 5 0 5.00 0.00 0.50
12.00 29 34 30 0 0.00 0.00 31 5 0 5.00 0.00 0.50
13.00 29 33 30 0 0.00 0.00 31 5 0 5.00 0.00 0.50
14.00 30 34 30 0 0.00 0.00 32 5 0 5.00 0.00 0.50
12.00 32 33 30 0 0.00 0.00 32 5 0 5.00 0.00 0.50
13.00 33 33 30 0 0.00 0.00 33 5 0 5.00 0.00 0.50
14.00 32 33 30 0 0.00 0.00 32 5 0 5.00 0.00 0.50
12.00 32 33 30 0 0.00 0.00 32 5 0 5.00 0.00 0.50
13.00 32 33 30 0 0.00 0.00 32 5 0 5.00 0.00 0.50
14.00 32 33 30 0 0.00 0.00 32 5 0 5.00 0.00 0.50
12.00 33 33 30 0 0.00 0.00 33 5 0 5.00 0.00 0.50
13.00 33 33 30 0 0.00 0.00 33 5 0 5.00 0.00 0.50
13.00 32 33 30 0 0.00 0.00 32 5 0 5.00 0.00 0.50
14.00 33 33 30 0 0.00 0.00 33 5 0 5.00 0.00 0.50
12.00 33 33 30 0 0.00 0.00 33 5 0 5.00 0.00 0.50
13.00 32 33 30 0 0.00 0.00 32 5 0 5.00 0.00 0.50
14.00 32 33 30 0 0.00 0.00 32 5 0 5.00 0.00 0.50
12.00 32 33 30 0 0.00 0.00 32 5 0 5.00 0.00 0.50
13.00 33 33 30 0 0.00 0.00 33 5 0 5.00 0.00 0.50
14.00 33 33 30 0 0.00 0.00 33 5 0 5.00 0.00 0.50
12.00 33 33 30 0 0.00 0.00 33 5 0 5.00 0.00 0.50
13.00 32 33 30 0 0.00 0.00 32 5 0 5.00 0.00 0.50
13.00 33 33 30 0 0.00 0.00 33 5 0 5.00 0.00 0.50
14.00 32 33 30 0 0.00 0.00 32 5 0 5.00 0.00 0.50
12.00 32 33 30 0 0.00 0.00 32 5 0 5.00 0.00 0.50
13.00 32 33 30 0 0.00 0.00 32 5 0 5.00 0.00 0.50
14.00 32 33 30 0 0.00 0.00 32 5 0 5.00 0.00 0.50
12.00 33 33 30 0 0.00 0.00 33 5 0 5.00 0.00 0.50
13.00 32 33 30 0 0.00 0.00 32 5 0 5.00 0.00 0.50
14.00 32 33 30 0 0.00 0.00 32 5 0 5.00 0.00 0.50
12.00 32 33 30 0 0.00 0.00 32 5 0 5.00 0.00 0.50
13.00 33 33 30 0 0.00 0.00 33 5 0 5.00 0.00 0.50
14.00 32 33 30 0 0.00 0.00 32 5 0 5.00 0.00 0.50
12.00 32 33 30 0 0.00 0.00 32 5 0 5.00 0.00 0.50
13.00 32 33 30 0 0.00 0.00 32 5 0 5.00 0.00 0.50
13.00 32 33 30 0 0.00 0.00 32 5 0 5.00 0.00 0.50
14.00 33 33 30 0 0.00 0.00 33 5 0 5.00 0.00 0.50
12.00 32 33 30 0 0.00 0.00 32 5 0 5.00 0.00 0.50
13.00 33 33 30 0 0.00 0.00 33 5 0 5.00 0.00 0.50
14.00 33 33 30 0 0.00 0.00 33 5 0 5.00 0.00 0.50
12.00 32 33 30 0 0.00 0.00 32 5 0 5.00 0.00 0.50
13.00 33 33 30 0 0.00 0.00 33 5 0 5.00 0.00 0.50
14.00 33 33 30 0 0.00 0.00 33 5 0 5.00 0.00 0.50
12.00 32 33 30 0 0.00 0.00 32 5 0 5.00 0.00 0.50
13.00 33 33 30 0 0.00 0.00 33 5 0 5.00 0.00 0.50
13.00 33 33 30 0 0.00 0.00 33 5 0 5.00 0.00 0.50
14.00 32 33 30 0 0.00 0.00 32 5 0 5.00 0.00 0.50
12.00 33 33 30 0 0.00 0.00 33 5 0 5.00 0.00 0.50
13.00 32 33 30 0 0.00 0.00 32 5 0 5.00 0.00 0.50
14.00 33 33 30 0 0.00 0.00 33 5 0 5.00 0.00 0.50
12.00 32 33 30 0 0.00 0.00 32 5 0 5.00 0.00 0.50
13.00 32 33 30 0 0.00 0.00 32 5 0 5.00 0.00 0.50
14.00 33 33 30 0 0.00 0.00 33 5 0 5.00 0.00 0.50
12.00 32 33 30 0 0.00 0.00 32 5 0 5.00 0.00 0.50
13.00 32 33 30 0 0.00 0.00 32 5 0 5.00 0.00 0.50
14.00 33 33 30 0 0.00 0.00 33 5 0 5.00 0.00 0.50
12.00 32 33 30 0 0.00 0.00 32 5 0 5.00 0.00 0.50
13.00 33 33 30 0 0.00 0.00 33 5 0 5.00 0.00 0.50
13.00 32 33 30 0 0.00 0.00 32 5 0 5.00 0.00 0.50
14.00 33 33 30 0 0.00 0.00 33 5 0 5.00 0.00 0.50
12.00 32 33 30 0 0.00 0.00 32 5 0 5.00 0.00 0.50
13.00 32 33 30 0 0.00 0.00 32 5 0 5.00 0.00 0.50
14.00 33 33 30 0 0.00 0.00 33 5 0 5.00 0.00 0.50
12.00 33 33 30 0 0.00 0.00 33 5 0 5.00 0.00 0.50
13.00 32 33 30 0 0.00 0.00 32 5 0 5.00 0.00 0.50
14.00 33 33 30 0 0.00 0.00 33 5 0 5.00 0.00 0.50
12.00 32 33 30 0 0.00 0.00 32 5 0 5.00 0.00 0.50
13.00 33 33 30 0 0.00 0.00 33 5 0 5.00 0.00 0.50
14.00 32 33 30 0 0.00 0.00 32 5 0 5.00 0.00 0.50
13.00 33 33 30 0 0.00 0.00 33 5 0 5.00 0.00 0.50
12.00 33 33 30 0 0.00 0.00 33 5 0 5.00 0.00 0.50
13.00 32 33 30 0 0.00 0.00 32 5 0 5.00 0.00 0.50
14.00 33 33 30 0 0.00 0.00 33 5 0 5.00 0.00 0.50
12.00 32 33 30 0 0.00 0.00 32 5 0 5.00 0.00 0.50
13.00 32 33 30 0 0.00 0.00 32 5 0 5.00 0.00 0.50
14.00 33 33 30 0 0.00 0.00 33 5 0 5.00 0.00 0.50
12.00 32 33 30 0 0.00 0.00 32 5 0 5.00 0.00 0.50
13.00 32 33 30 0 0.00 0.00 32 5 0 5.00 0.00 0.50
14.00 33 33 30 0 0.00 0.00 33 5 0 5.00 0.00 0.50
12.00 33 33 30 0 0.00 0.00 33 5 0 5.00 0.00 0.50
13.00 32 33 30 0 0.00 0.00 32 5 0 5.00 0.00 0.50
13.00 33 33 30 0 0.00 0.00 33 5 0 5.00 0.00 0.50
14.00 32 33 30 0 0.00 0.00 32 5 0 5.00 0.00 0.50
12.00 32 33 30 0 0.00 0.00 32 5 0 5.00 0.00 0.50
13.00 33 33 30 0 0.00 0.00 33 5 0 5.00 0.00 0.50
14.00 32 33 30 0 0.00 0.00 32 5 0 5.00 0.00 0.50
12.00 33 33 30 0 0.00 0.00 33 5 0 5.00 0.00 0.50
13.00 32 33 30 0 0.00 0.00 32 5 0 5.00 0.00 0.50
14.00 32 33 30 0 0.00 0.00 32 5 0 5.00 0.00 0.50
12.00 33 33 30 0 0.00 0.00 33 5 0 5.00 0.00 0.50
13.00 32 33 30 0 0.00 0.00 32 5 0 5.00 0.00 0.50
14.00 33 33 30 0 0.00 0.00 33 5 0 5.00 0.00 0.50
13.00 32 33 30 0 0.00 0.00 32 5 0 5.00 0.00 0.50
12.00 32 33 30 0 0.00 0.00 32 5 0 5.00 0.00 0.50
13.00 33 33 30 0 0.00 0.00 33 5 0 5.00 0.00 0.50
14.00 32 33 30 0 0.00 0.00 32 5 0 5.00 0.00 0.50
12.00 32 33 30 0 0.00 0.00 32 5 0 5.00 0.00 0.50
13.00 32 33 30 0 0.00 0.00 32 5 0 5.00 0.00 0.50
14.00 33 33 30 0 0.00 0.00 33 5 0 5.00 0.00 0.50
12.00 32 33 30 0 0.00 0.00 32 5 0 5.00 0.00 0.50
13.00 33 33 30 0 0.00 0.00 33 5 0 5.00 0.00 0.50
14.00 32 33 30 0 0.00 0.00 32 5 0 5.00 0.00 0.50
12.00 32 33 30 0 0.00 0.00 32 5 0 5.00 0.00 0.50
13.00 33 33 30 0 0.00 0.00 33 5 0 5.00 0.00 0.50
13.00 32 33 30 0 0.00 0.00 32 5 0 5.00 0.00 0.50
14.00 32 33 30 0 0.00 0.00 32 5 0 5.00 0.00 0.50
12.00 33 33 30 0 0.00 0.00 33 5 0 5.00 0.00 0.50
13.00 33 33 30 0 0.00 0.00 33 5 0 5.00 0.00 0.50
14.00 33 33 30 0 0.00 0.00 33 5 0 5.00 0.00 0.50
12.00 32 33 30 0 0.00 0.00 32 5 0 5.00 0.00 0.50
13.00 32 33 30 0 0.00 0.00 32 5 0 5.00 0.00 0.50
14.00 32 33 30 0 0.00 0.00 32 5 0 5.00 0.00 0.50
12.00 32 33 30 0 0.00 0.00 32 5 0 5.00 0.00 0.50
13.00 32 33 30 0 0.00 0.00 32 5 0 5.00 0.00 0.50
14.00 32 33 30 0 0.00 0.00 32 5 0 5.00 0.00 0.50
12.00 32 33 30 0 0.00 0.00 32 5 0 5.00 0.00 0.50
13.00 33 33 30 0 0.00 0.00 33 5 0 5.00 0.00 0.50
13.00 33 33 30 0 0.00 0.00 33 5 0 5.00 0.00 0.50
14.00 32 33 30 0 0.00 0.00 32 5 0 5.00 0.00 0.50
12.00 32 33 30 0 0.00 0.00 32 5 0 5.00 0.00 0.50
13.00 32 33 30 0 0.00 0.00 32 5 0 5.00 0.00 0.50
14.00 33 33 30 0 0.00 0.00 33 5 0 5.00 0.00 0.50
12.00 32 33 30 0 0.00 0.00 32 5 0 5.00 0.00 0.50
13.00 33 33 30 0 0.00 0.00 33 5 0 5.00 0.00 0.50
14.00 32 33 30 0 0.00 0.00 32 5 0 5.00 0.00 0.50
12.00 32 33 30 0 0.00 0.00 32 5 0 5.00 0.00 0.50
13.00 33 33 30 0 0.00 0.00 33 5 0 5.00 0.00 0.50
13.00 32 33 30 0 0.00 0.00 32 5 0 5.00 0.00 0.50
14.00 33 33 30 0 0.00 0.00 33 5 0 5.00 0.00 0.50
12.00 32 33 30 0 0.00 0.00 32 5 0 5.00 0.00 0.50
13.00 33 33 30 0 0.00 0.00 33 5 0 5.00 0.00 0.50
14.00 32 33 30 0 0.00 0.00 32 5 0 5.00 0.00 0.50
12.00 32 33 30 0 0.00 0.00 32 5 0 5.00 0.00 0.50
13.00 32 33 30 0 0.00 0.00 32 5 0 5.00 0.00 0.50
14.00 33 33 30 0 0.00 0.00 33 5 0 5.00 0.00 0.50
12.00 32 33 30 0 0.00 0.00 32 5 0 5.00 0.00 0.50
13.00 33 33 30 0 0.00 0.00 33 5 0 5.00 0.00 0.50
14.00 33 33 30 0 0.00 0.00 33 5 0 5.00 0.00 0.50
12.00 32 33 30 0 0.00 0.00 32 5 0 5.00 0.00 0.50
13.00 33 33 30 0 0.00 0.00 33 5 0 5.00 0.00 0.50
13.00 32 33 30 0 0.00 0.00 32 5 0 5.00 0.00 0.50
14.00 32 33 30 0 0.00 0.00 32 5 0 5.00 0.00 0.50
12.00 33 33 30 0 0.00 0.00 33 5 0 5.00 0.00 0.50
13.00 32 33 30 0 0.00 0.00 32 5 0 5.00 0.00 0.50
14.00 32 33 30 0 0.00 0.00 32 5 0 5.00 0.00 0.50
12.00 32 33 30 0 0.00 0.00 32 5 0 5.00 0.00 0.50
13.00 32 33 30 0 0.00 0.00 32 5 0 5.00 0.00 0.50
14.00 33 33 30 0 0.00 0.00 33 5 0 5.00 0.00 0.50
12.00 32 33 30 0 0.00 0.00 32 5 0 5.00 0.00 0.50
13.00 33 33 30 0 0.00 0.00 33 5 0 5.00 0.00 0.50
13.00 32 33 30 0 0.00 0.00 32 5 0 5.00 0.00 0.50
14.00 32 33 30 0 0.00 0.00 32 5 0 5.00 0.00 0.50
12.00 33 33 30 0 0.00 0.00 33 5 0 5.00 0.00 0.50
13.00 33 33 30 0 0.00 0.00 33 5 0 5.00 0.00 0.50
14.00 32 33 30 0 0.00 0.00 32 5 0 5.00 0.00 0.50
12.00 32 33 30 0 0.00 0.00 32 5 0 5.00 0.00 0.50
13.00 32 33 30 0 0.00 0.00 32 5 0 5.00 0.00 0.50
14.00 32 33 30 0 0.00 0.00 32 5 0 5.00 0.00 0.50
12.00 33 33 30 0 0.00 0.00 33 5 0 5.00 0.00 0.50
13.00 32 33 30 0 0.00 0.00 32 5 0 5.00 0.00 0.50
14.00 32 33 30 0 0.00 0.00 32 5 0 5.00 0.00 0.50
12.00 32 33 30 0 0.00 0.00 32 5 0 5.00 0.00 0.50
13.00 33 33 30 0 0.00 0.00 33 5 0 5.00 0.00 0.50
13.00 32 33 30 0 0.00 0.00 32 5 0 5.00 0.00 0.50
14.00 33 33 30 0 0.00 0.00 33 5 0 5.00 0.00 0.50
12.00 32 33 30 0 0.00 0.00 32 5 0 5.00 0.00 0.50
13.00 33 33 30 0 0.00 0.00 33 5 0 5.00 0.00 0.50
14.00 33 33 30 0 0.00 0.00 33 5 0 5.00 0.00 0.50
12.00 32 33 30 0 0.00 0.00 32 5 0 5.00 0.00 0.50
13.00 32 33 30 0 0.00 0.00 32 5 0 5.00 0.00 0.50
14.00 32 33 30 0 0.00 0.00 32 5 0 5.00 0.00 0.50
12.00 32 33 30 0 0.00 0.00 32 5 0 5.00 0.00 0.50
13.00 33 33 30 0 0.00 0.00 33 5 0 5.00 0.00 0.50
13.00 32 33 30 0 0.00 0.00 32 5 0 5.00 0.00 0.50
14.00 32 33 30 0 0.00 0.00 32 5 0 5.00 0.00 0.50
12.00 33 33 30 0 0.00 0.00 33 5 0 5.00 0.00 0.50
13.00 32 33 30 0 0.00 0.00 32 5 0 5.00 0.00 0.50
14.00 32 33 30 0 0.00 0.00 32 5 0 5.00 0.00 0.50
12.00 32 33 30 0 0.00 0.00 32 5 0 5.00 0.00 0.50
13.00 32 33 30 0 0.00 0.00 32 5 0 5.00 0.00 0.50
14.00 33 33 30 0 0.00 0.00 33 5 0 5.00 0.00 0.50
12.00 32 33 30 0 0.00 0.00 32 5 0 5.00 0.00 0.50
13.00 32 33 30 0 0.00 0.00 32 5 0 5.00 0.00 0.50
14.00 33 33 30 0 0.00 0.00 33 5 0 5.00 0.00 0.50
12.00 32 33 30 0 0.00 0.00 32 5 0 5.00 0.00 0.50
13.00 33 33 30 0 0.00 0.00 33 5 0 5.00 0.00 0.50
13.00 33 33 30 0 0.00 0.00 33 5 0 5.00 0.00 0.50
14.00 32 33 30 0 0.00 0.00 32 5 0 5.00 0.00 0.50
12.00 32 33 30 0 0.00 0.00 32 5 0 5.00 0.00 0.50
13.00 33 33 30 0 0.00 0.00 33 5 0 5.00 0.00 0.50
14.00 32 33 30 0 0.00 0.00 32 5 0 5.00 0.00 0.50
12.00 32 33 30 0 0.00 0.00 32 5 0 5.00 0.00 0.50
13.00 32 33 30 0 0.00 0.00 32 5 0 5.00 0.00 0.50
14.00 33 33 30 0 0.00 0.00 33 5 0 5.00 0.00 0.50
12.00 32 33 30 0 0.00 0.00 32 5 0 5.00 0.00 0.50
13.00 32 33 30 0 0.00 0.00 32 5 0 5.00 0.00 0.50
14.00 32 33 30 0 0.00 0.00 32 5 0 5.00 0.00 0.50
13.00 32 33 30 0 0.00 0.00 32 5 0 5.00 0.00 0.50
12.00 32 33 30 0 0.00 0.00 32 5 0 5.00 0.00 0.50
13.00 33 33 30 0 0.00 0.00 33 5 0 5.00 0.00 0.50
14.00 32 33 30 0 0.00 0.00 32 5 0 5.00 0.00 0.50
12.00 32 33 30 0 0.00 0.00 32 5 0 5.00 0.00 0.50
13.00 32 33 30 0 0.00 0.00 32 5 0 5.00 0.00 0.50
14.00 32 33 30 0 0.00 0.00 32 5 0 5.00 0.00 0.50
12.00 32 33 30 0 0.00 0.00 32 5 0 5.00 0.00 0.50
13.00 33 33 30 0 0.00 0.00 33 5 0 5.00 0.00 0.50
14.00 32 33 30 0 0.00 0.00 32 5 0 5.00 0.00 0.50
12.00 32 33 30 0 0.00 0.00 32 5 0 5.00 0.00 0.50
13.00 33 33 30 0 0.00 0.00 33 5 0 5.00 0.00 0.50
13.00 32 33 30 0 0.00 0.00 32 5 0 5.00 0.00 0.50
14.00 33 33 30 0 0.00 0.00 33 5 0 5.00 0.00 0.50
12.00 32 33 30 0 0.00 0.00 32 5 0 5.00 0.00 0.50
13.00 32 33 30 0 0.00 0.00 32 5 0 5.00 0.00 0.50
14.00 33 33 30 0 0.00 0.00 33 5 0 5.00 0.00 0.50
12.00 33 33 30 0 0.00 0.00 33 5 0 5.00 0.00 0.50
13.00 33 33 30 0 0.00 0.00 33 5 0 5.00 0.00 0.50
14.00 32 33 30 0 0.00 0.00 32 5 0 5.00 0.00 0.50
12.00 32 33 30 0 0.00 0.00 32 5 0 5.00 0.00 0.50
13.00 33 33 30 0 0.00 0.00 33 5 0 5.00 0.00 0.50
14.00 33 33 30 0 0.00 0.00 33 5 0 5.00 0.00 0.50
13.00 32 33 30 0 0.00 0.00 32 5 0 5.00 0.00 0.50
12.00 32 33 30 0 0.00 0.00 32 5 0 5.00 0.00 0.50
13.00 33 33 30 0 0.00 0.00 33 5 0 5.00 0.00 0.50
14.00 32 33 30 0 0.00 0.00 32 5 0 5.00 0.00 0.50
12.00 32 33 30 0 0.00 0.00 32 5 0 5.00 0.00 0.50
13.00 32 33 30 0 0.00 0.00 32 5 0 5.00 0.00 0.50
14.00 32 33 30 0 0.00 0.00 32 5 0 5.00 0.00 0.50
12.00 33 33 30 0 0.00 0.00 33 5 0 5.00 0.00 0.50
13.00 32 33 30 0 0.00 0.00 32 5 0 5.00 0.00 0.50
14.00 32 33 30 0 0.00 0.00 32 5 0 5.00 0.00 0.50
12.00 33 33 30 0 0.00 0.00 33 5 0 5.00 0.00 0.50
13.00 32 33 30 0 0.00 0.00 32 5 0 5.00 0.00 0.50
13.00 32 33 30 0 0.00 0.00 32 5 0 5.00 0.00 0.50
14.00 32 33 30 0 0.00 0.00 32 5 0 5.00 0.00 0.50
12.00 32 33 30 0 0.00 0.00 32 5 0 5.00 0.00 0.50
13.00 32 33 30 0 0.00 0.00 32 5 0 5.00 0.00 0.50
14.00 32 33 30 0 0.00 0.00 32 5 0 5.00 0.00 0.50
12.00 33 33 30 0 0.00 0.00 33 5 0 5.00 0.00 0.50
13.00 32 33 30 0 0.00 0.00 32 5 0 5.00 0.00 0.50
14.00 32 33 30 0 0.00 0.00 32 5 0 5.00 0.00 0.50
12.00 32 33 30 0 0.00 0.00 32 5 0 5.00 0.00 0.50
13.00 32 33 30 0 0.00 0.00 32 5 0 5.00 0.00 0.50
14.00 32 33 30 0 0.00 0.00 32 5 0 5.00 0.00 0.50
12.00 33 33 30 0 0.00 0.00 33 5 0 5.00 0.00 0.50
13.00 33 33 30 0 0.00 0.00 33 5 0 5.00 0.00 0.50
13.00 31 33 30 0 0.00 0.00 32 5 0 5.00 0.00 0.50
14.00 32 33 30 0 0.00 0.00 32 5 0 5.00 0.00 0.50
12.00 32 33 30 0 0.00 0.00 32 5 0 5.00 0.00 0.50
13.00 33 33 30 0 0.00 0.00 33 5 0 5.00 0.00 0.50
14.00 33 33 30 0 0.00 0.00 33 5 0 5.00 0.00 0.50
12.00 33 33 30 0 0.00 0.00 33 5 0 5.00 0.00 0.50
13.00 33 33 30 0 0.00 0.00 33 5 0 5.00 0.00 0.50
14.00 33 33 30 0 0.00 0.00 33 5 0 5.00 0.00 0.50
12.00 32 33 30 0 0.00 0.00 32 5 0 5.00 0.00 0.50
13.00 32 33 30 0 0.00 0.00 32 5 0 5.00 0.00 0.50
13.00 32 33 30 0 0.00 0.00 32 5 0 5.00 0.00 0.50
14.00 32 33 30 0 0.00 0.00 32 5 0 5.00 0.00 0.50
12.00 32 33 30 0 0.00 0.00 32 5 0 5.00 0.00 0.50
13.00 33 33 30 0 0.00 0.00 33 5 0 5.00 0.00 0.50
14.00 33 33 30 0 0.00 0.00 33 5 0 5.00 0.00 0.50
12.00 33 33 30 0 0.00 0.00 33 5 0 5.00 0.00 0.50
13.00 32 33 30 0 0.00 0.00 32 5 0 5.00 0.00 0.50
14.00 32 33 30 0 0.00 0.00 32 5 0 5.00 0.00 0.50
12.00 32 33 30 0 0.00 0.00 32 5 0 5.00 0.00 0.50
13.00 33 33 30 0 0.00 0.00 33 5 0 5.00 0.00 0.50
14.00 32 33 30 0 0.00 0.00 32 5 0 5.00 0.00 0.50
12.00 32 33 30 0 0.00 0.00 32 5 0 5.00 0.00 0.50
13.00 32 33 30 0 0.00 0.00 32 5 0 5.00 0.00 0.50
13.00 32 33 30 0 0.00 0.00 32 5 0 5.00 0.00 0.50
14.00 33 33 30 0 0.00 0.00 33 5 0 5.00 0.00 0.50
12.00 32 33 30 0 0.00 0.00 32 5 0 5.00 0.00 0.50
13.00 32 33 30 0 0.00 0.00 32 5 0 5.00 0.00 0.50
14.00 32 33 30 0 0.00 0.00 32 5 0 5.00 0.00 0.50
12.00 32 33 30 0 0.00 0.00 32 5 0 5.00 0.00 0.50
13.00 32 33 30 0 0.00 0.00 32 5 0 5.00 0.00 0.50
14.00 32 33 30 0 0.00 0.00 32 5 0 5.00 0.00 0.50
12.00 32 33 30 0 0.00 0.00 32 5 0 5.00 0.00 0.50
13.00 32 33 30 0 0.00 0.00 32 5 0 5.00 0.00 0.50
13.00 33 33 30 0 0.00 0.00 33 5 0 5.00 0.00 0.50
14.00 32 33 30 0 0.00 0.00 32 5 0 5.00 0.00 0.50
12.00 32 33 30 0 0.00 0.00 32 5 0 5.00 0.00 0.50
13.00 33 33 30 0 0.00 0.00 33 5 0 5.00 0.00 0.50
14.00 33 33 30 0 0.00 0.00 33 5 0 5.00 0.00 0.50
12.00 32 33 30 0 0.00 0.00 32 5 0 5.00 0.00 0.50
13.00 32 33 30 0 0.00 0.00 32 5 0 5.00 0.00 0.50
14.00 32 33 30 0 0.00 0.00 32 5 0 5.00 0.00 0.50
12.00 32 33 30 0 0.00 0.00 32 5 0 5.00 0.00 0.50
13.00 33 33 30 0 0.00 0.00 33 5 0 5.00 0.00 0.50
14.00 32 33 30 0 0.00 0.00 32 5 0 5.00 0.00 0.50
12.00 32 33 30 0 0.00 0.00 32 5 0 5.00 0.00 0.50
13.00 33 33 30 0 0.00 0.00 33 5 0 5.00 0.00 0.50
13.00 32 33 30 0 0.00 0.00 32 5 0 5.00 0.00 0.50
14.00 33 33 30 0 0.00 0.00 33 5 0 5.00 0.00 0.50
12.00 33 33 30 0 0.00 0.00 33 5 0 5.00 0.00 0.50
13.00 32 33 30 0 0.00 0.00 32 5 0 5.00 0.00 0.50
14.00 32 33 30 0 0.00 0.00 32 5 0 5.00 0.00 0.50
12.00 32 33 30 0 0.00 0.00 32 5 0 5.00 0.00 0.50
13.00 32 33 30 0 0.00 0.00 32 5 0 5.00 0.00 0.50
14.00 32 33 30 0 0.00 0.00 32 5 0 5.00 0.00 0.50
12.00 32 33 30 0 0.00 0.00 32 5 0 5.00 0.00 0.50
13.00 32 33 30 0 0.00 0.00 32 5 0 5.00 0.00 0.50
13.00 32 33 30 0 0.00 0.00 32 5 0 5.00 0.00 0.50
14.00 32 33 30 0 0.00 0.00 32 5 0 5.00 0.00 0.50
12.00 33 33 30 0 0.00 0.00 33 5 0 5.00 0.00 0.50
13.00 32 33 30 0 0.00 0.00 32 5 0 5.00 0.00 0.50
14.00 32 33 30 0 0.00 0.00 32 5 0 5.00 0.00 0.50
12.00 32 33 30 0 0.00 0.00 32 5 0 5.00 0.00 0.50
13.00 32 33 30 0 0.00 0.00 32 5 0 5.00 0.00 0.50
14.00 32 33 30 0 0.00 0.00 32 5 0 5.00 0.00 0.50
12.00 33 33 30 0 0.00 0.00 33 5 0 5.00 0.00 0.50
13.00 32 33 30 0 0.00 0.00 32 5 0 5.00 0.00 0.50
14.00 32 33 30 0 0.00 0.00 32 5 0 5.00 0.00 0.50
12.00 32 33 30 0 0.00 0.00 32 5 0 5.00 0.00 0.50
13.00 32 33 30 0 0.00 0.00 32 5 0 5.00 0.00 0.50
13.00 33 33 30 0 0.00 0.00 33 5 0 5.00 0.00 0.50
14.00 33 33 30 0 0.00 0.00 33 5 0 5.00 0.00 0.50
12.00 33 33 30 0 0.00 0.00 33 5 0 5.00 0.00 0.50
13.00 32 33 30 0 0.00 0.00 32 5 0 5.00 0.00 0.50
14.00 32 33 30 0 0.00 0.00 32 5 0 5.00 0.00 0.50
12.00 33 33 30 0 0.00 0.00 33 5 0 5.00 0.00 0.50
13.00 32 33 30 0 0.00 0.00 32 5 0 5.00 0.00 0.50
14.00 32 33 30 0 0.00 0.00 32 5 0 5.00 0.00 0.50
12.00 32 33 30 0 0.00 0.00 32 5 0 5.00 0.00 0.50
13.00 33 33 30 0 0.00 0.00 33 5 0 5.00 0.00 0.50
14.00 32 33 30 0 0.00 0.00 32 5 0 5.00 0.00 0.50
13.00 32 33 30 0 0.00 0.00 32 5 0 5.00 0.00 0.50
12.00 32 33 30 0 0.00 0.00 32 5 0 5.00 0.00 0.50
13.00 32 33 30 0 0.00 0.00 32 5 0 5.00 0.00 0.50
14.00 32 33 30 0 0.00 0.00 32 5 0 5.00 0.00 0.50
12.00 32 33 30 0 0.00 0.00 32 5 0 5.00 0.00 0.50
13.00 32 33 30 0 0.00 0.00 32 5 0 5.00 0.00 0.50
14.00 32 33 30 0 0.00 0.00 32 5 0 5.00 0.00 0.50
12.00 32 33 30 0 0.00 0.00 32 5 0 5.00 0.00 0.50
13.00 32 33 30 0 0.00 0.00 32 5 0 5.00 0.00 0.50
14.00 32 33 30 0 0.00 0.00 32 5 0 5.00 0.00 0.50
12.00 32 33 30 0 0.00 0.00 32 5 0 5.00 0.00 0.50
13.00 32 33 30 0 0.00 0.00 32 5 0 5.00 0.00 0.50
13.00 33 33 30 0 0.00 0.00 33 5 0 5.00 0.00 0.50
14.00 32 33 30 0 0.00 0.00 32 5 0 5.00 0.00 0.50
12.00 32 33 30 0 0.00 0.00 32 5 0 5.00 0.00 0.50
13.00 32 33 30 0 0.00 0.00 32 5 0 5.00 0.00 0.50
14.00 33 33 30 0 0.00 0.00 33 5 0 5.00 0.00 0.50
12.00 32 33 30 0 0.00 0.00 32 5 0 5.00 0.00 0.50
13.00 32 33 30 0 0.00 0.00 32 5 0 5.00 0.00 0.50
14.00 32 33 30 0 0.00 0.00 32 5 0 5.00 0.00 0.50
12.00 32 33 30 0 0.00 0.00 32 5 0 5.00 0.00 0.50
13.00 32 33 30 0 0.00 0.00 32 5 0 5.00 0.00 0.50
14.00 32 33 30 0 0.00 0.00 32 5 0 5.00 0.00 0.50
13.00 32 33 30 0 0.00 0.00 32 5 0 5.00 0.00 0.50
12.00 32 33 30 0 0.00 0.00 32 5 0 5.00 0.00 0.50
13.00 32 33 30 0 0.00 0.00 32 5 0 5.00 0.00 0.50
14.00 32 33 30 0 0.00 0.00 32 5 0 5.00 0.00 0.50
12.00 32 33 30 0 0.00 0.00 32 5 0 5.00 0.00 0.50
13.00 33 33 30 0 0.00 0.00 33 5 0 5.00 0.00 0.50
14.00 33 33 30 0 0.00 0.00 33 5 0 5.00 0.00 0.50
12.00 32 33 30 0 0.00 0.00 32 5 0 5.00 0.00 0.50
13.00 32 33 30 0 0.00 0.00 32 5 0 5.00 0.00 0.50
14.00 32 33 30 0 0.00 0.00 32 5 0 5.00 0.00 0.50
12.00 32 33 30 0 0.00 0.00 32 5 0 5.00 0.00 0.50
13.00 32 33 30 0 0.00 0.00 32 5 0 5.00 0.00 0.50
13.00 32 33 30 0 0.00 0.00 32 5 0 5.00 0.00 0.50
14.00 33 33 30 0 0.00 0.00 33 5 0 5.00 0.00 0.50
12.00 32 33 30 0 0.00 0.00 32 5 0 5.00 0.00 0.50
13.00 32 33 30 0 0.00 0.00 32 5 0 5.00 0.00 0.50
14.00 32 33 30 0 0.00 0.00 32 5 0 5.00 0.00 0.50
12.00 32 33 30 0 0.00 0.00 32 5 0 5.00 0.00 0.50
13.00 33 33 30 0 0.00 0.00 33 5 0 5.00 0.00 0.50
14.00 32 33 30 0 0.00 0.00 32 5 0 5.00 0.00 0.50
12.00 32 33 30 0 0.00 0.00 32 5 0 5.00 0.00 0.50
13.00 33 33 30 0 0.00 0.00 33 5 0 5.00 0.00 0.50
14.00 32 33 30 0 0.00 0.00 32 5 0 5.00 0.00 0.50
12.00 32 33 30 0 0.00 0.00 32 5 0 5.00 0.00 0.50
13.00 32 33 30 0 0.00 0.00 32 5 0 5.00 0.00 0.50
13.00 32 33 30 0 0.00 0.00 32 5 0 5.00 0.00 0.50
14.00 32 33 30 0 0.00 0.00 32 5 0 5.00 0.00 0.50
12.00 32 33 30 0 0.00 0.00 32 5 0 5.00 0.00 0.50
13.00 33 33 30 0 0.00 0.00 33 5 0 5.00 0.00 0.50
14.00 33 33 30 0 0.00 0.00 33 5 0 5.00 0.00 0.50
12.00 33 33 30 0 0.00 0.00 33 5 0 5.00 0.00 0.50
13.00 32 33 30 0 0.00 0.00 32 5 0 5.00 0.00 0.50
14.00 32 33 30 0 0.00 0.00 32 5 0 5.00 0.00 0.50
12.00 32 33 30 0 0.00 0.00 32 5 0 5.00 0.00 0.50
13.00 32 33 30 0 0.00 0.00 32 5 0 5.00 0.00 0.50
13.00 32 33 30 0 0.00 0.00 32 5 0 5.00 0.00 0.50
14.00 32 33 30 0 0.00 0.00 32 5 0 5.00 0.00 0.50
12.00 32 33 30 0 0.00 0.00 32 5 0 5.00 0.00 0.50
13.00 32 33 30 0 0.00 0.00 32 5 0 5.00 0.00 0.50
14.00 32 33 30 0 0.00 0.00 32 5 0 5.00 0.00 0.50
12.00 32 33 30 0 0.00 0.00 32 5 0 5.00 0.00 0.50
13.00 32 33 30 0 0.00 0.00 32 5 0 5.00 0.00 0.50
14.00 32 33 30 0 0.00 0.00 32 5 0 5.00 0.00 0.50
12.00 32 33 30 0 0.00 0.00 32 5 0 5.00 0.00 0.50
13.00 32 33 30 0 0.00 0.00 32 5 0 5.00 0.00 0.50
14.00 32 33 30 0 0.00 0.00 32 5 0 5.00 0.00 0.50
12.00 32 33 30 0 0.00 0.00 32 5 0 5.00 0.00 0.50
13.00 32 33 30 0 0.00 0.00 32 5 0 5.00 0.00 0.50
13.00 32 33 30 0 0.00 0.00 32 5 0 5.00 0.00 0.50
14.00 33 33 30 0 0.00 0.00 33 5 0 5.00 0.00 0.50
12.00 32 33 30 0 0.00 0.00 32 5 0 5.00 0.00 0.50
13.00 33 33 30 0 0.00 0.00 33 5 0 5.00 0.00 0.50
14.00 33 33 30 0 0.00 0.00 33 5 0 5.00 0.00 0.50
12.00 33 33 30 0 0.00 0.00 33 5 0 5.00 0.00 0.50
13.00 33 33 30 0 0.00 0.00 33 5 0 5.00 0.00 0.50
14.00 32 33 30 0 0.00 0.00 32 5 0 5.00 0.00 0.50
12.00 32 33 30 0 0.00 0.00 32 5 0 5.00 0.00 0.50
13.00 33 33 30 0 0.00 0.00 33 5 0 5.00 0.00 0.50
13.00 32 33 30 0 0.00 0.00 32 5 0 5.00 0.00 0.50
14.00 32 33 30 0 0.00 0.00 32 5 0 5.00 0.00 0.50
12.00 32 33 30 0 0.00 0.00 32 5 0 5.00 0.00 0.50
13.00 32 33 30 0 0.00 0.00 32 5 0 5.00 0.00 0.50
14.00 32 33 30 0 0.00 0.00 32 5 0 5.00 0.00 0.50
12.00 32 33 30 0 0.00 0.00 32 5 0 5.00 0.00 0.50
13.00 32 33 30 0 0.00 0.00 32 5 0 5.00 0.00 0.50
14.00 33 33 30 0 0.00 0.00 33 5 0 5.00 0.00 0.50
12.00 32 33 30 0 0.00 0.00 32 5 0 5.00 0.00 0.50
13.00 32 33 30 0 0.00 0.00 32 5 0 5.00 0.00 0.50
14.00 32 33 30 0 0.00 0.00 32 5 0 5.00 0.00 0.50
12.00 32 33 30 0 0.00 0.00 32 5 0 5.00 0.00 0.50
13.00 32 33 30 0 0.00 0.00 32 5 0 5.00 0.00 0.50
13.00 32 33 30 0 0.00 0.00 32 5 0 5.00 0.00 0.50
14.00 32 33 30 0 0.00 0.00 32 5 0 5.00 0.00 0.50
12.00 33 33 30 0 0.00 0.00 33 5 0 5.00 0.00 0.50
13.00 33 33 30 0 0.00 0.00 33 5 0 5.00 0.00 0.50
14.00 33 33 30 0 0.00 0.00 33 5 0 5.00 0.00 0.50
12.00 32 33 30 0 0.00 0.00 32 5 0 5.00 0.00 0.50
13.00 32 33 30 0 0.00 0.00 32 5 0 5.00 0.00 0.50
14.00 32 33 30 0 0.00 0.00 32 5 0 5.00 0.00 0.50
12.00 32 33 30 0 0.00 0.00 32 5 0 5.00 0.00 0.50
13.00 32 33 30 0 0.00 0.00 32 5 0 5.00 0.00 0.50
13.00 33 33 30 0 0.00 0.00 33 5 0 5.00 0.00 0.50
14.00 32 33 30 0 0.00 0.00 32 5 0 5.00 0.00 0.50
12.00 32 33 30 0 0.00 0.00 32 5 0 5.00 0.00 0.50
13.00 32 33 30 0 0.00 0.00 32 5 0 5.00 0.00 0.50
14.00 32 33 30 0 0.00 0.00 32 5 0 5.00 0.00 0.50
12.00 33 33 30 0 0.00 0.00 33 5 0 5.00 0.00 0.50
13.00 32 33 30 0 0.00 0.00 32 5 0 5.00 0.00 0.50
14.00 33 33 30 0 0.00 0.00 33 5 0 5.00 0.00 0.50
12.00 32 33 30 0 0.00 0.00 32 5 0 5.00 0.00 0.50
13.00 33 33 30 0 0.00 0.00 33 5 0 5.00 0.00 0.50
14.00 33 33 30 0 0.00 0.00 33 5 0 5.00 0.00 0.50
12.00 33 33 30 0 0.00 0.00 33 5 0 5.00 0.00 0.50
13.00 32 33 30 0 0.00 0.00 32 5 0 5.00 0.00 0.50
13.00 33 33 30 0 0.00 0.00 33 5 0 5.00 0.00 0.50
14.00 32 33 30 0 0.00 0.00 32 5 0 5.00 0.00 0.50
12.00 32 33 30 0 0.00 0.00 32 5 0 5.00 0.00 0.50